<?xml version="1.0" encoding="UTF-8"?>
<testsuite xmlns:xsi="http://www.w3.org/2001/XMLSchema-instance" xsi:noNamespaceSchemaLocation="https://maven.apache.org/surefire/maven-surefire-plugin/xsd/surefire-test-report-3.0.xsd" version="3.0" name="com.banking.StressTest" time="17.395" tests="3" errors="0" skipped="0" failures="0">
  <properties>
    <property name="java.specification.version" value="21"/>
    <property name="sun.cpu.isalist" value="amd64"/>
    <property name="sun.jnu.encoding" value="GBK"/>
    <property name="java.class.path" value="C:\Users\JBY\My Python\My Java\TransManagement\backend\target\test-classes;C:\Users\JBY\My Python\My Java\TransManagement\backend\target\classes;C:\Users\JBY\.m2\repository\org\springframework\boot\spring-boot-starter-web\3.2.0\spring-boot-starter-web-3.2.0.jar;C:\Users\JBY\.m2\repository\org\springframework\boot\spring-boot-starter\3.2.0\spring-boot-starter-3.2.0.jar;C:\Users\JBY\.m2\repository\org\springframework\boot\spring-boot\3.2.0\spring-boot-3.2.0.jar;C:\Users\JBY\.m2\repository\org\springframework\boot\spring-boot-autoconfigure\3.2.0\spring-boot-autoconfigure-3.2.0.jar;C:\Users\JBY\.m2\repository\org\springframework\boot\spring-boot-starter-logging\3.2.0\spring-boot-starter-logging-3.2.0.jar;C:\Users\JBY\.m2\repository\ch\qos\logback\logback-classic\1.4.11\logback-classic-1.4.11.jar;C:\Users\JBY\.m2\repository\ch\qos\logback\logback-core\1.4.11\logback-core-1.4.11.jar;C:\Users\JBY\.m2\repository\org\apache\logging\log4j\log4j-to-slf4j\2.21.1\log4j-to-slf4j-2.21.1.jar;C:\Users\JBY\.m2\repository\org\apache\logging\log4j\log4j-api\2.21.1\log4j-api-2.21.1.jar;C:\Users\JBY\.m2\repository\org\slf4j\jul-to-slf4j\2.0.9\jul-to-slf4j-2.0.9.jar;C:\Users\JBY\.m2\repository\jakarta\annotation\jakarta.annotation-api\2.1.1\jakarta.annotation-api-2.1.1.jar;C:\Users\JBY\.m2\repository\org\yaml\snakeyaml\2.2\snakeyaml-2.2.jar;C:\Users\JBY\.m2\repository\org\springframework\boot\spring-boot-starter-json\3.2.0\spring-boot-starter-json-3.2.0.jar;C:\Users\JBY\.m2\repository\com\fasterxml\jackson\datatype\jackson-datatype-jdk8\2.15.3\jackson-datatype-jdk8-2.15.3.jar;C:\Users\JBY\.m2\repository\com\fasterxml\jackson\datatype\jackson-datatype-jsr310\2.15.3\jackson-datatype-jsr310-2.15.3.jar;C:\Users\JBY\.m2\repository\com\fasterxml\jackson\module\jackson-module-parameter-names\2.15.3\jackson-module-parameter-names-2.15.3.jar;C:\Users\JBY\.m2\repository\org\springframework\boot\spring-boot-starter-tomcat\3.2.0\spring-boot-starter-tomcat-3.2.0.jar;C:\Users\JBY\.m2\repository\org\apache\tomcat\embed\tomcat-embed-core\10.1.16\tomcat-embed-core-10.1.16.jar;C:\Users\JBY\.m2\repository\org\apache\tomcat\embed\tomcat-embed-websocket\10.1.16\tomcat-embed-websocket-10.1.16.jar;C:\Users\JBY\.m2\repository\org\springframework\spring-web\6.1.1\spring-web-6.1.1.jar;C:\Users\JBY\.m2\repository\org\springframework\spring-beans\6.1.1\spring-beans-6.1.1.jar;C:\Users\JBY\.m2\repository\org\springframework\spring-webmvc\6.1.1\spring-webmvc-6.1.1.jar;C:\Users\JBY\.m2\repository\org\springframework\spring-aop\6.1.1\spring-aop-6.1.1.jar;C:\Users\JBY\.m2\repository\org\springframework\spring-context\6.1.1\spring-context-6.1.1.jar;C:\Users\JBY\.m2\repository\org\springframework\spring-expression\6.1.1\spring-expression-6.1.1.jar;C:\Users\JBY\.m2\repository\org\springframework\boot\spring-boot-starter-validation\3.2.0\spring-boot-starter-validation-3.2.0.jar;C:\Users\JBY\.m2\repository\org\apache\tomcat\embed\tomcat-embed-el\10.1.16\tomcat-embed-el-10.1.16.jar;C:\Users\JBY\.m2\repository\org\hibernate\validator\hibernate-validator\8.0.1.Final\hibernate-validator-8.0.1.Final.jar;C:\Users\JBY\.m2\repository\jakarta\validation\jakarta.validation-api\3.0.2\jakarta.validation-api-3.0.2.jar;C:\Users\JBY\.m2\repository\org\jboss\logging\jboss-logging\3.5.3.Final\jboss-logging-3.5.3.Final.jar;C:\Users\JBY\.m2\repository\com\fasterxml\classmate\1.6.0\classmate-1.6.0.jar;C:\Users\JBY\.m2\repository\org\springframework\boot\spring-boot-starter-cache\3.2.0\spring-boot-starter-cache-3.2.0.jar;C:\Users\JBY\.m2\repository\org\springframework\spring-context-support\6.1.1\spring-context-support-6.1.1.jar;C:\Users\JBY\.m2\repository\org\springframework\boot\spring-boot-starter-data-jpa\3.2.0\spring-boot-starter-data-jpa-3.2.0.jar;C:\Users\JBY\.m2\repository\org\springframework\boot\spring-boot-starter-aop\3.2.0\spring-boot-starter-aop-3.2.0.jar;C:\Users\JBY\.m2\repository\org\aspectj\aspectjweaver\1.9.20.1\aspectjweaver-1.9.20.1.jar;C:\Users\JBY\.m2\repository\org\springframework\boot\spring-boot-starter-jdbc\3.2.0\spring-boot-starter-jdbc-3.2.0.jar;C:\Users\JBY\.m2\repository\com\zaxxer\HikariCP\5.0.1\HikariCP-5.0.1.jar;C:\Users\JBY\.m2\repository\org\springframework\spring-jdbc\6.1.1\spring-jdbc-6.1.1.jar;C:\Users\JBY\.m2\repository\org\hibernate\orm\hibernate-core\6.3.1.Final\hibernate-core-6.3.1.Final.jar;C:\Users\JBY\.m2\repository\jakarta\persistence\jakarta.persistence-api\3.1.0\jakarta.persistence-api-3.1.0.jar;C:\Users\JBY\.m2\repository\jakarta\transaction\jakarta.transaction-api\2.0.1\jakarta.transaction-api-2.0.1.jar;C:\Users\JBY\.m2\repository\org\hibernate\common\hibernate-commons-annotations\6.0.6.Final\hibernate-commons-annotations-6.0.6.Final.jar;C:\Users\JBY\.m2\repository\io\smallrye\jandex\3.1.2\jandex-3.1.2.jar;C:\Users\JBY\.m2\repository\org\glassfish\jaxb\jaxb-runtime\4.0.4\jaxb-runtime-4.0.4.jar;C:\Users\JBY\.m2\repository\org\glassfish\jaxb\jaxb-core\4.0.4\jaxb-core-4.0.4.jar;C:\Users\JBY\.m2\repository\org\eclipse\angus\angus-activation\2.0.1\angus-activation-2.0.1.jar;C:\Users\JBY\.m2\repository\org\glassfish\jaxb\txw2\4.0.4\txw2-4.0.4.jar;C:\Users\JBY\.m2\repository\com\sun\istack\istack-commons-runtime\4.1.2\istack-commons-runtime-4.1.2.jar;C:\Users\JBY\.m2\repository\jakarta\inject\jakarta.inject-api\2.0.1\jakarta.inject-api-2.0.1.jar;C:\Users\JBY\.m2\repository\org\antlr\antlr4-runtime\4.10.1\antlr4-runtime-4.10.1.jar;C:\Users\JBY\.m2\repository\org\springframework\data\spring-data-jpa\3.2.0\spring-data-jpa-3.2.0.jar;C:\Users\JBY\.m2\repository\org\springframework\data\spring-data-commons\3.2.0\spring-data-commons-3.2.0.jar;C:\Users\JBY\.m2\repository\org\springframework\spring-orm\6.1.1\spring-orm-6.1.1.jar;C:\Users\JBY\.m2\repository\org\springframework\spring-tx\6.1.1\spring-tx-6.1.1.jar;C:\Users\JBY\.m2\repository\org\slf4j\slf4j-api\2.0.9\slf4j-api-2.0.9.jar;C:\Users\JBY\.m2\repository\org\springframework\spring-aspects\6.1.1\spring-aspects-6.1.1.jar;C:\Users\JBY\.m2\repository\com\h2database\h2\2.2.224\h2-2.2.224.jar;C:\Users\JBY\.m2\repository\org\springframework\boot\spring-boot-starter-actuator\3.2.0\spring-boot-starter-actuator-3.2.0.jar;C:\Users\JBY\.m2\repository\org\springframework\boot\spring-boot-actuator-autoconfigure\3.2.0\spring-boot-actuator-autoconfigure-3.2.0.jar;C:\Users\JBY\.m2\repository\org\springframework\boot\spring-boot-actuator\3.2.0\spring-boot-actuator-3.2.0.jar;C:\Users\JBY\.m2\repository\io\micrometer\micrometer-observation\1.12.0\micrometer-observation-1.12.0.jar;C:\Users\JBY\.m2\repository\io\micrometer\micrometer-jakarta9\1.12.0\micrometer-jakarta9-1.12.0.jar;C:\Users\JBY\.m2\repository\com\github\ben-manes\caffeine\caffeine\3.1.8\caffeine-3.1.8.jar;C:\Users\JBY\.m2\repository\org\checkerframework\checker-qual\3.37.0\checker-qual-3.37.0.jar;C:\Users\JBY\.m2\repository\com\google\errorprone\error_prone_annotations\2.21.1\error_prone_annotations-2.21.1.jar;C:\Users\JBY\.m2\repository\org\springframework\boot\spring-boot-starter-test\3.2.0\spring-boot-starter-test-3.2.0.jar;C:\Users\JBY\.m2\repository\org\springframework\boot\spring-boot-test\3.2.0\spring-boot-test-3.2.0.jar;C:\Users\JBY\.m2\repository\org\springframework\boot\spring-boot-test-autoconfigure\3.2.0\spring-boot-test-autoconfigure-3.2.0.jar;C:\Users\JBY\.m2\repository\com\jayway\jsonpath\json-path\2.8.0\json-path-2.8.0.jar;C:\Users\JBY\.m2\repository\jakarta\xml\bind\jakarta.xml.bind-api\4.0.1\jakarta.xml.bind-api-4.0.1.jar;C:\Users\JBY\.m2\repository\jakarta\activation\jakarta.activation-api\2.1.2\jakarta.activation-api-2.1.2.jar;C:\Users\JBY\.m2\repository\net\minidev\json-smart\2.5.0\json-smart-2.5.0.jar;C:\Users\JBY\.m2\repository\net\minidev\accessors-smart\2.5.0\accessors-smart-2.5.0.jar;C:\Users\JBY\.m2\repository\org\ow2\asm\asm\9.3\asm-9.3.jar;C:\Users\JBY\.m2\repository\org\awaitility\awaitility\4.2.0\awaitility-4.2.0.jar;C:\Users\JBY\.m2\repository\org\hamcrest\hamcrest\2.2\hamcrest-2.2.jar;C:\Users\JBY\.m2\repository\org\junit\jupiter\junit-jupiter\5.10.1\junit-jupiter-5.10.1.jar;C:\Users\JBY\.m2\repository\org\junit\jupiter\junit-jupiter-api\5.10.1\junit-jupiter-api-5.10.1.jar;C:\Users\JBY\.m2\repository\org\opentest4j\opentest4j\1.3.0\opentest4j-1.3.0.jar;C:\Users\JBY\.m2\repository\org\junit\platform\junit-platform-commons\1.10.1\junit-platform-commons-1.10.1.jar;C:\Users\JBY\.m2\repository\org\apiguardian\apiguardian-api\1.1.2\apiguardian-api-1.1.2.jar;C:\Users\JBY\.m2\repository\org\junit\jupiter\junit-jupiter-params\5.10.1\junit-jupiter-params-5.10.1.jar;C:\Users\JBY\.m2\repository\org\junit\jupiter\junit-jupiter-engine\5.10.1\junit-jupiter-engine-5.10.1.jar;C:\Users\JBY\.m2\repository\org\junit\platform\junit-platform-engine\1.10.1\junit-platform-engine-1.10.1.jar;C:\Users\JBY\.m2\repository\org\mockito\mockito-core\5.7.0\mockito-core-5.7.0.jar;C:\Users\JBY\.m2\repository\net\bytebuddy\byte-buddy-agent\1.14.10\byte-buddy-agent-1.14.10.jar;C:\Users\JBY\.m2\repository\org\objenesis\objenesis\3.3\objenesis-3.3.jar;C:\Users\JBY\.m2\repository\org\mockito\mockito-junit-jupiter\5.7.0\mockito-junit-jupiter-5.7.0.jar;C:\Users\JBY\.m2\repository\org\skyscreamer\jsonassert\1.5.1\jsonassert-1.5.1.jar;C:\Users\JBY\.m2\repository\com\vaadin\external\google\android-json\0.0.20131108.vaadin1\android-json-0.0.20131108.vaadin1.jar;C:\Users\JBY\.m2\repository\org\springframework\spring-core\6.1.1\spring-core-6.1.1.jar;C:\Users\JBY\.m2\repository\org\springframework\spring-jcl\6.1.1\spring-jcl-6.1.1.jar;C:\Users\JBY\.m2\repository\org\springframework\spring-test\6.1.1\spring-test-6.1.1.jar;C:\Users\JBY\.m2\repository\org\xmlunit\xmlunit-core\2.9.1\xmlunit-core-2.9.1.jar;C:\Users\JBY\.m2\repository\org\springdoc\springdoc-openapi-starter-webmvc-ui\2.2.0\springdoc-openapi-starter-webmvc-ui-2.2.0.jar;C:\Users\JBY\.m2\repository\org\springdoc\springdoc-openapi-starter-webmvc-api\2.2.0\springdoc-openapi-starter-webmvc-api-2.2.0.jar;C:\Users\JBY\.m2\repository\org\springdoc\springdoc-openapi-starter-common\2.2.0\springdoc-openapi-starter-common-2.2.0.jar;C:\Users\JBY\.m2\repository\io\swagger\core\v3\swagger-core-jakarta\2.2.15\swagger-core-jakarta-2.2.15.jar;C:\Users\JBY\.m2\repository\io\swagger\core\v3\swagger-annotations-jakarta\2.2.15\swagger-annotations-jakarta-2.2.15.jar;C:\Users\JBY\.m2\repository\io\swagger\core\v3\swagger-models-jakarta\2.2.15\swagger-models-jakarta-2.2.15.jar;C:\Users\JBY\.m2\repository\com\fasterxml\jackson\dataformat\jackson-dataformat-yaml\2.15.3\jackson-dataformat-yaml-2.15.3.jar;C:\Users\JBY\.m2\repository\org\webjars\swagger-ui\5.2.0\swagger-ui-5.2.0.jar;C:\Users\JBY\.m2\repository\com\fasterxml\jackson\core\jackson-databind\2.15.3\jackson-databind-2.15.3.jar;C:\Users\JBY\.m2\repository\com\fasterxml\jackson\core\jackson-annotations\2.15.3\jackson-annotations-2.15.3.jar;C:\Users\JBY\.m2\repository\com\fasterxml\jackson\core\jackson-core\2.15.3\jackson-core-2.15.3.jar;C:\Users\JBY\.m2\repository\org\apache\commons\commons-lang3\3.13.0\commons-lang3-3.13.0.jar;C:\Users\JBY\.m2\repository\io\micrometer\micrometer-core\1.12.0\micrometer-core-1.12.0.jar;C:\Users\JBY\.m2\repository\io\micrometer\micrometer-commons\1.12.0\micrometer-commons-1.12.0.jar;C:\Users\JBY\.m2\repository\org\hdrhistogram\HdrHistogram\2.1.12\HdrHistogram-2.1.12.jar;C:\Users\JBY\.m2\repository\org\latencyutils\LatencyUtils\2.0.3\LatencyUtils-2.0.3.jar;C:\Users\JBY\.m2\repository\org\testcontainers\junit-jupiter\1.19.3\junit-jupiter-1.19.3.jar;C:\Users\JBY\.m2\repository\org\testcontainers\testcontainers\1.19.3\testcontainers-1.19.3.jar;C:\Users\JBY\.m2\repository\junit\junit\4.13.2\junit-4.13.2.jar;C:\Users\JBY\.m2\repository\org\hamcrest\hamcrest-core\2.2\hamcrest-core-2.2.jar;C:\Users\JBY\.m2\repository\org\apache\commons\commons-compress\1.24.0\commons-compress-1.24.0.jar;C:\Users\JBY\.m2\repository\org\rnorth\duct-tape\duct-tape\1.0.8\duct-tape-1.0.8.jar;C:\Users\JBY\.m2\repository\org\jetbrains\annotations\17.0.0\annotations-17.0.0.jar;C:\Users\JBY\.m2\repository\com\github\docker-java\docker-java-api\3.3.4\docker-java-api-3.3.4.jar;C:\Users\JBY\.m2\repository\com\github\docker-java\docker-java-transport-zerodep\3.3.4\docker-java-transport-zerodep-3.3.4.jar;C:\Users\JBY\.m2\repository\com\github\docker-java\docker-java-transport\3.3.4\docker-java-transport-3.3.4.jar;C:\Users\JBY\.m2\repository\net\java\dev\jna\jna\5.13.0\jna-5.13.0.jar;C:\Users\JBY\.m2\repository\org\assertj\assertj-core\3.24.2\assertj-core-3.24.2.jar;C:\Users\JBY\.m2\repository\net\bytebuddy\byte-buddy\1.14.10\byte-buddy-1.14.10.jar;"/>
    <property name="java.vm.vendor" value="Oracle Corporation"/>
    <property name="sun.arch.data.model" value="64"/>
    <property name="user.variant" value=""/>
    <property name="java.vendor.url" value="https://java.oracle.com/"/>
    <property name="user.timezone" value="Asia/Shanghai"/>
    <property name="org.jboss.logging.provider" value="slf4j"/>
    <property name="os.name" value="Windows 11"/>
    <property name="java.vm.specification.version" value="21"/>
    <property name="sun.java.launcher" value="SUN_STANDARD"/>
    <property name="user.country" value="CN"/>
    <property name="sun.boot.library.path" value="D:\Program Files\Java\jdk-21\bin"/>
    <property name="sun.java.command" value="D:\Temp\surefire1156964557450869789\surefirebooter-20250701121846934_3.jar D:\Temp\surefire1156964557450869789 2025-07-01T12-18-46_762-jvmRun1 surefire-20250701121846934_1tmp surefire_0-20250701121846934_2tmp"/>
    <property name="jdk.debug" value="release"/>
    <property name="surefire.test.class.path" value="C:\Users\JBY\My Python\My Java\TransManagement\backend\target\test-classes;C:\Users\JBY\My Python\My Java\TransManagement\backend\target\classes;C:\Users\JBY\.m2\repository\org\springframework\boot\spring-boot-starter-web\3.2.0\spring-boot-starter-web-3.2.0.jar;C:\Users\JBY\.m2\repository\org\springframework\boot\spring-boot-starter\3.2.0\spring-boot-starter-3.2.0.jar;C:\Users\JBY\.m2\repository\org\springframework\boot\spring-boot\3.2.0\spring-boot-3.2.0.jar;C:\Users\JBY\.m2\repository\org\springframework\boot\spring-boot-autoconfigure\3.2.0\spring-boot-autoconfigure-3.2.0.jar;C:\Users\JBY\.m2\repository\org\springframework\boot\spring-boot-starter-logging\3.2.0\spring-boot-starter-logging-3.2.0.jar;C:\Users\JBY\.m2\repository\ch\qos\logback\logback-classic\1.4.11\logback-classic-1.4.11.jar;C:\Users\JBY\.m2\repository\ch\qos\logback\logback-core\1.4.11\logback-core-1.4.11.jar;C:\Users\JBY\.m2\repository\org\apache\logging\log4j\log4j-to-slf4j\2.21.1\log4j-to-slf4j-2.21.1.jar;C:\Users\JBY\.m2\repository\org\apache\logging\log4j\log4j-api\2.21.1\log4j-api-2.21.1.jar;C:\Users\JBY\.m2\repository\org\slf4j\jul-to-slf4j\2.0.9\jul-to-slf4j-2.0.9.jar;C:\Users\JBY\.m2\repository\jakarta\annotation\jakarta.annotation-api\2.1.1\jakarta.annotation-api-2.1.1.jar;C:\Users\JBY\.m2\repository\org\yaml\snakeyaml\2.2\snakeyaml-2.2.jar;C:\Users\JBY\.m2\repository\org\springframework\boot\spring-boot-starter-json\3.2.0\spring-boot-starter-json-3.2.0.jar;C:\Users\JBY\.m2\repository\com\fasterxml\jackson\datatype\jackson-datatype-jdk8\2.15.3\jackson-datatype-jdk8-2.15.3.jar;C:\Users\JBY\.m2\repository\com\fasterxml\jackson\datatype\jackson-datatype-jsr310\2.15.3\jackson-datatype-jsr310-2.15.3.jar;C:\Users\JBY\.m2\repository\com\fasterxml\jackson\module\jackson-module-parameter-names\2.15.3\jackson-module-parameter-names-2.15.3.jar;C:\Users\JBY\.m2\repository\org\springframework\boot\spring-boot-starter-tomcat\3.2.0\spring-boot-starter-tomcat-3.2.0.jar;C:\Users\JBY\.m2\repository\org\apache\tomcat\embed\tomcat-embed-core\10.1.16\tomcat-embed-core-10.1.16.jar;C:\Users\JBY\.m2\repository\org\apache\tomcat\embed\tomcat-embed-websocket\10.1.16\tomcat-embed-websocket-10.1.16.jar;C:\Users\JBY\.m2\repository\org\springframework\spring-web\6.1.1\spring-web-6.1.1.jar;C:\Users\JBY\.m2\repository\org\springframework\spring-beans\6.1.1\spring-beans-6.1.1.jar;C:\Users\JBY\.m2\repository\org\springframework\spring-webmvc\6.1.1\spring-webmvc-6.1.1.jar;C:\Users\JBY\.m2\repository\org\springframework\spring-aop\6.1.1\spring-aop-6.1.1.jar;C:\Users\JBY\.m2\repository\org\springframework\spring-context\6.1.1\spring-context-6.1.1.jar;C:\Users\JBY\.m2\repository\org\springframework\spring-expression\6.1.1\spring-expression-6.1.1.jar;C:\Users\JBY\.m2\repository\org\springframework\boot\spring-boot-starter-validation\3.2.0\spring-boot-starter-validation-3.2.0.jar;C:\Users\JBY\.m2\repository\org\apache\tomcat\embed\tomcat-embed-el\10.1.16\tomcat-embed-el-10.1.16.jar;C:\Users\JBY\.m2\repository\org\hibernate\validator\hibernate-validator\8.0.1.Final\hibernate-validator-8.0.1.Final.jar;C:\Users\JBY\.m2\repository\jakarta\validation\jakarta.validation-api\3.0.2\jakarta.validation-api-3.0.2.jar;C:\Users\JBY\.m2\repository\org\jboss\logging\jboss-logging\3.5.3.Final\jboss-logging-3.5.3.Final.jar;C:\Users\JBY\.m2\repository\com\fasterxml\classmate\1.6.0\classmate-1.6.0.jar;C:\Users\JBY\.m2\repository\org\springframework\boot\spring-boot-starter-cache\3.2.0\spring-boot-starter-cache-3.2.0.jar;C:\Users\JBY\.m2\repository\org\springframework\spring-context-support\6.1.1\spring-context-support-6.1.1.jar;C:\Users\JBY\.m2\repository\org\springframework\boot\spring-boot-starter-data-jpa\3.2.0\spring-boot-starter-data-jpa-3.2.0.jar;C:\Users\JBY\.m2\repository\org\springframework\boot\spring-boot-starter-aop\3.2.0\spring-boot-starter-aop-3.2.0.jar;C:\Users\JBY\.m2\repository\org\aspectj\aspectjweaver\1.9.20.1\aspectjweaver-1.9.20.1.jar;C:\Users\JBY\.m2\repository\org\springframework\boot\spring-boot-starter-jdbc\3.2.0\spring-boot-starter-jdbc-3.2.0.jar;C:\Users\JBY\.m2\repository\com\zaxxer\HikariCP\5.0.1\HikariCP-5.0.1.jar;C:\Users\JBY\.m2\repository\org\springframework\spring-jdbc\6.1.1\spring-jdbc-6.1.1.jar;C:\Users\JBY\.m2\repository\org\hibernate\orm\hibernate-core\6.3.1.Final\hibernate-core-6.3.1.Final.jar;C:\Users\JBY\.m2\repository\jakarta\persistence\jakarta.persistence-api\3.1.0\jakarta.persistence-api-3.1.0.jar;C:\Users\JBY\.m2\repository\jakarta\transaction\jakarta.transaction-api\2.0.1\jakarta.transaction-api-2.0.1.jar;C:\Users\JBY\.m2\repository\org\hibernate\common\hibernate-commons-annotations\6.0.6.Final\hibernate-commons-annotations-6.0.6.Final.jar;C:\Users\JBY\.m2\repository\io\smallrye\jandex\3.1.2\jandex-3.1.2.jar;C:\Users\JBY\.m2\repository\org\glassfish\jaxb\jaxb-runtime\4.0.4\jaxb-runtime-4.0.4.jar;C:\Users\JBY\.m2\repository\org\glassfish\jaxb\jaxb-core\4.0.4\jaxb-core-4.0.4.jar;C:\Users\JBY\.m2\repository\org\eclipse\angus\angus-activation\2.0.1\angus-activation-2.0.1.jar;C:\Users\JBY\.m2\repository\org\glassfish\jaxb\txw2\4.0.4\txw2-4.0.4.jar;C:\Users\JBY\.m2\repository\com\sun\istack\istack-commons-runtime\4.1.2\istack-commons-runtime-4.1.2.jar;C:\Users\JBY\.m2\repository\jakarta\inject\jakarta.inject-api\2.0.1\jakarta.inject-api-2.0.1.jar;C:\Users\JBY\.m2\repository\org\antlr\antlr4-runtime\4.10.1\antlr4-runtime-4.10.1.jar;C:\Users\JBY\.m2\repository\org\springframework\data\spring-data-jpa\3.2.0\spring-data-jpa-3.2.0.jar;C:\Users\JBY\.m2\repository\org\springframework\data\spring-data-commons\3.2.0\spring-data-commons-3.2.0.jar;C:\Users\JBY\.m2\repository\org\springframework\spring-orm\6.1.1\spring-orm-6.1.1.jar;C:\Users\JBY\.m2\repository\org\springframework\spring-tx\6.1.1\spring-tx-6.1.1.jar;C:\Users\JBY\.m2\repository\org\slf4j\slf4j-api\2.0.9\slf4j-api-2.0.9.jar;C:\Users\JBY\.m2\repository\org\springframework\spring-aspects\6.1.1\spring-aspects-6.1.1.jar;C:\Users\JBY\.m2\repository\com\h2database\h2\2.2.224\h2-2.2.224.jar;C:\Users\JBY\.m2\repository\org\springframework\boot\spring-boot-starter-actuator\3.2.0\spring-boot-starter-actuator-3.2.0.jar;C:\Users\JBY\.m2\repository\org\springframework\boot\spring-boot-actuator-autoconfigure\3.2.0\spring-boot-actuator-autoconfigure-3.2.0.jar;C:\Users\JBY\.m2\repository\org\springframework\boot\spring-boot-actuator\3.2.0\spring-boot-actuator-3.2.0.jar;C:\Users\JBY\.m2\repository\io\micrometer\micrometer-observation\1.12.0\micrometer-observation-1.12.0.jar;C:\Users\JBY\.m2\repository\io\micrometer\micrometer-jakarta9\1.12.0\micrometer-jakarta9-1.12.0.jar;C:\Users\JBY\.m2\repository\com\github\ben-manes\caffeine\caffeine\3.1.8\caffeine-3.1.8.jar;C:\Users\JBY\.m2\repository\org\checkerframework\checker-qual\3.37.0\checker-qual-3.37.0.jar;C:\Users\JBY\.m2\repository\com\google\errorprone\error_prone_annotations\2.21.1\error_prone_annotations-2.21.1.jar;C:\Users\JBY\.m2\repository\org\springframework\boot\spring-boot-starter-test\3.2.0\spring-boot-starter-test-3.2.0.jar;C:\Users\JBY\.m2\repository\org\springframework\boot\spring-boot-test\3.2.0\spring-boot-test-3.2.0.jar;C:\Users\JBY\.m2\repository\org\springframework\boot\spring-boot-test-autoconfigure\3.2.0\spring-boot-test-autoconfigure-3.2.0.jar;C:\Users\JBY\.m2\repository\com\jayway\jsonpath\json-path\2.8.0\json-path-2.8.0.jar;C:\Users\JBY\.m2\repository\jakarta\xml\bind\jakarta.xml.bind-api\4.0.1\jakarta.xml.bind-api-4.0.1.jar;C:\Users\JBY\.m2\repository\jakarta\activation\jakarta.activation-api\2.1.2\jakarta.activation-api-2.1.2.jar;C:\Users\JBY\.m2\repository\net\minidev\json-smart\2.5.0\json-smart-2.5.0.jar;C:\Users\JBY\.m2\repository\net\minidev\accessors-smart\2.5.0\accessors-smart-2.5.0.jar;C:\Users\JBY\.m2\repository\org\ow2\asm\asm\9.3\asm-9.3.jar;C:\Users\JBY\.m2\repository\org\awaitility\awaitility\4.2.0\awaitility-4.2.0.jar;C:\Users\JBY\.m2\repository\org\hamcrest\hamcrest\2.2\hamcrest-2.2.jar;C:\Users\JBY\.m2\repository\org\junit\jupiter\junit-jupiter\5.10.1\junit-jupiter-5.10.1.jar;C:\Users\JBY\.m2\repository\org\junit\jupiter\junit-jupiter-api\5.10.1\junit-jupiter-api-5.10.1.jar;C:\Users\JBY\.m2\repository\org\opentest4j\opentest4j\1.3.0\opentest4j-1.3.0.jar;C:\Users\JBY\.m2\repository\org\junit\platform\junit-platform-commons\1.10.1\junit-platform-commons-1.10.1.jar;C:\Users\JBY\.m2\repository\org\apiguardian\apiguardian-api\1.1.2\apiguardian-api-1.1.2.jar;C:\Users\JBY\.m2\repository\org\junit\jupiter\junit-jupiter-params\5.10.1\junit-jupiter-params-5.10.1.jar;C:\Users\JBY\.m2\repository\org\junit\jupiter\junit-jupiter-engine\5.10.1\junit-jupiter-engine-5.10.1.jar;C:\Users\JBY\.m2\repository\org\junit\platform\junit-platform-engine\1.10.1\junit-platform-engine-1.10.1.jar;C:\Users\JBY\.m2\repository\org\mockito\mockito-core\5.7.0\mockito-core-5.7.0.jar;C:\Users\JBY\.m2\repository\net\bytebuddy\byte-buddy-agent\1.14.10\byte-buddy-agent-1.14.10.jar;C:\Users\JBY\.m2\repository\org\objenesis\objenesis\3.3\objenesis-3.3.jar;C:\Users\JBY\.m2\repository\org\mockito\mockito-junit-jupiter\5.7.0\mockito-junit-jupiter-5.7.0.jar;C:\Users\JBY\.m2\repository\org\skyscreamer\jsonassert\1.5.1\jsonassert-1.5.1.jar;C:\Users\JBY\.m2\repository\com\vaadin\external\google\android-json\0.0.20131108.vaadin1\android-json-0.0.20131108.vaadin1.jar;C:\Users\JBY\.m2\repository\org\springframework\spring-core\6.1.1\spring-core-6.1.1.jar;C:\Users\JBY\.m2\repository\org\springframework\spring-jcl\6.1.1\spring-jcl-6.1.1.jar;C:\Users\JBY\.m2\repository\org\springframework\spring-test\6.1.1\spring-test-6.1.1.jar;C:\Users\JBY\.m2\repository\org\xmlunit\xmlunit-core\2.9.1\xmlunit-core-2.9.1.jar;C:\Users\JBY\.m2\repository\org\springdoc\springdoc-openapi-starter-webmvc-ui\2.2.0\springdoc-openapi-starter-webmvc-ui-2.2.0.jar;C:\Users\JBY\.m2\repository\org\springdoc\springdoc-openapi-starter-webmvc-api\2.2.0\springdoc-openapi-starter-webmvc-api-2.2.0.jar;C:\Users\JBY\.m2\repository\org\springdoc\springdoc-openapi-starter-common\2.2.0\springdoc-openapi-starter-common-2.2.0.jar;C:\Users\JBY\.m2\repository\io\swagger\core\v3\swagger-core-jakarta\2.2.15\swagger-core-jakarta-2.2.15.jar;C:\Users\JBY\.m2\repository\io\swagger\core\v3\swagger-annotations-jakarta\2.2.15\swagger-annotations-jakarta-2.2.15.jar;C:\Users\JBY\.m2\repository\io\swagger\core\v3\swagger-models-jakarta\2.2.15\swagger-models-jakarta-2.2.15.jar;C:\Users\JBY\.m2\repository\com\fasterxml\jackson\dataformat\jackson-dataformat-yaml\2.15.3\jackson-dataformat-yaml-2.15.3.jar;C:\Users\JBY\.m2\repository\org\webjars\swagger-ui\5.2.0\swagger-ui-5.2.0.jar;C:\Users\JBY\.m2\repository\com\fasterxml\jackson\core\jackson-databind\2.15.3\jackson-databind-2.15.3.jar;C:\Users\JBY\.m2\repository\com\fasterxml\jackson\core\jackson-annotations\2.15.3\jackson-annotations-2.15.3.jar;C:\Users\JBY\.m2\repository\com\fasterxml\jackson\core\jackson-core\2.15.3\jackson-core-2.15.3.jar;C:\Users\JBY\.m2\repository\org\apache\commons\commons-lang3\3.13.0\commons-lang3-3.13.0.jar;C:\Users\JBY\.m2\repository\io\micrometer\micrometer-core\1.12.0\micrometer-core-1.12.0.jar;C:\Users\JBY\.m2\repository\io\micrometer\micrometer-commons\1.12.0\micrometer-commons-1.12.0.jar;C:\Users\JBY\.m2\repository\org\hdrhistogram\HdrHistogram\2.1.12\HdrHistogram-2.1.12.jar;C:\Users\JBY\.m2\repository\org\latencyutils\LatencyUtils\2.0.3\LatencyUtils-2.0.3.jar;C:\Users\JBY\.m2\repository\org\testcontainers\junit-jupiter\1.19.3\junit-jupiter-1.19.3.jar;C:\Users\JBY\.m2\repository\org\testcontainers\testcontainers\1.19.3\testcontainers-1.19.3.jar;C:\Users\JBY\.m2\repository\junit\junit\4.13.2\junit-4.13.2.jar;C:\Users\JBY\.m2\repository\org\hamcrest\hamcrest-core\2.2\hamcrest-core-2.2.jar;C:\Users\JBY\.m2\repository\org\apache\commons\commons-compress\1.24.0\commons-compress-1.24.0.jar;C:\Users\JBY\.m2\repository\org\rnorth\duct-tape\duct-tape\1.0.8\duct-tape-1.0.8.jar;C:\Users\JBY\.m2\repository\org\jetbrains\annotations\17.0.0\annotations-17.0.0.jar;C:\Users\JBY\.m2\repository\com\github\docker-java\docker-java-api\3.3.4\docker-java-api-3.3.4.jar;C:\Users\JBY\.m2\repository\com\github\docker-java\docker-java-transport-zerodep\3.3.4\docker-java-transport-zerodep-3.3.4.jar;C:\Users\JBY\.m2\repository\com\github\docker-java\docker-java-transport\3.3.4\docker-java-transport-3.3.4.jar;C:\Users\JBY\.m2\repository\net\java\dev\jna\jna\5.13.0\jna-5.13.0.jar;C:\Users\JBY\.m2\repository\org\assertj\assertj-core\3.24.2\assertj-core-3.24.2.jar;C:\Users\JBY\.m2\repository\net\bytebuddy\byte-buddy\1.14.10\byte-buddy-1.14.10.jar;"/>
    <property name="sun.cpu.endian" value="little"/>
    <property name="user.home" value="C:\Users\JBY"/>
    <property name="user.language" value="zh"/>
    <property name="java.specification.vendor" value="Oracle Corporation"/>
    <property name="java.version.date" value="2025-04-15"/>
    <property name="java.home" value="D:\Program Files\Java\jdk-21"/>
    <property name="file.separator" value="\"/>
    <property name="basedir" value="C:\Users\JBY\My Python\My Java\TransManagement\backend"/>
    <property name="java.vm.compressedOopsMode" value="Zero based"/>
    <property name="line.separator" value="&#10;"/>
    <property name="java.vm.specification.vendor" value="Oracle Corporation"/>
    <property name="java.specification.name" value="Java Platform API Specification"/>
    <property name="FILE_LOG_CHARSET" value="UTF-8"/>
    <property name="java.awt.headless" value="true"/>
    <property name="surefire.real.class.path" value="D:\Temp\surefire1156964557450869789\surefirebooter-20250701121846934_3.jar"/>
    <property name="user.script" value=""/>
    <property name="sun.management.compiler" value="HotSpot 64-Bit Tiered Compilers"/>
    <property name="java.runtime.version" value="21.0.7+8-LTS-245"/>
    <property name="user.name" value="JBY"/>
    <property name="stdout.encoding" value="GBK"/>
    <property name="path.separator" value=";"/>
    <property name="os.version" value="10.0"/>
    <property name="java.runtime.name" value="Java(TM) SE Runtime Environment"/>
    <property name="file.encoding" value="UTF-8"/>
    <property name="java.vm.name" value="Java HotSpot(TM) 64-Bit Server VM"/>
    <property name="localRepository" value="C:\Users\JBY\.m2\repository"/>
    <property name="java.vendor.url.bug" value="https://bugreport.java.com/bugreport/"/>
    <property name="java.io.tmpdir" value="D:\Temp\"/>
    <property name="com.zaxxer.hikari.pool_number" value="1"/>
    <property name="java.version" value="21.0.7"/>
    <property name="user.dir" value="C:\Users\JBY\My Python\My Java\TransManagement\backend"/>
    <property name="os.arch" value="amd64"/>
    <property name="java.vm.specification.name" value="Java Virtual Machine Specification"/>
    <property name="PID" value="2200"/>
    <property name="sun.os.patch.level" value=""/>
    <property name="CONSOLE_LOG_CHARSET" value="UTF-8"/>
    <property name="native.encoding" value="GBK"/>
    <property name="java.library.path" value="D:\Program Files\Java\jdk-21\bin;C:\WINDOWS\Sun\Java\bin;C:\WINDOWS\system32;C:\WINDOWS;D:\Program Files\Java\jdk-21\bin;%JAVA_HOME%\bin;D:\Download Tools\maven\apache-maven-3.9.10\bin;C:\WINDOWS\system32;C:\WINDOWS;C:\WINDOWS\System32\Wbem;C:\WINDOWS\System32\WindowsPowerShell\v1.0\;C:\WINDOWS\System32\OpenSSH\;C:\Users\JBY\AppData\Roaming\vipcode\student\plugins\codeblocks\MinGW\bin;C:\Users\JBY\AppData\Roaming\vipcode\student\plugins\codeblocks\MinGW\mingw32\bin;C:\Program Files\dotnet\;C:\Program Files\MySQL\MySQL Server 8.0\bin;C:\Program Files\Git\cmd;D:\Program Files\Gittortoise\bin;%ANDROD_HOME%;%ANDROID_HOME%\emulator;%ANDROID_HOME%\tools;%ANDROID_HOME%\tools\bin;%ANDROID_HOME%\platform-tools;D:\Program Files\nodejs\;C:\ProgramData\chocolatey\bin;D:\Tool\Android\Sdk\build-tools\35.0.1;D:\Download Tools\maven\apache-maven-3.9.10\bin;D:\Users\JBY\anaconda3;D:\Users\JBY\anaconda3\Library\mingw-w64\bin;D:\Users\JBY\anaconda3\Library\usr\bin;D:\Users\JBY\anaconda3\Library\bin;D:\Users\JBY\anaconda3\Scripts;C:\Program Files\MySQL\MySQL Shell 8.3\bin\;C:\Users\JBY\AppData\Local\Microsoft\WindowsApps;C:\Program Files (x86)\Tencent\QQGameTempest\Hall.57986\;C:\Program Files\MySQL\MySQL Server 8.0\bin;C:\Users\JBY\AppData\Local\Muse Hub\lib;D:\Tool\Android\Sdk\platform-tools;D:\Tool\Android\Sdk\tools\bin;D:\Tool\Android\Sdk\tools;C:\Users\JBY\AppData\Roaming\npm;C:\Users\JBY\AppData\Roaming\Python\Python313\Scripts;D:\Download Tools\maven\apache-maven-3.9.10\bin;;."/>
    <property name="java.vm.info" value="mixed mode, sharing"/>
    <property name="stderr.encoding" value="GBK"/>
    <property name="java.vendor" value="Oracle Corporation"/>
    <property name="java.vm.version" value="21.0.7+8-LTS-245"/>
    <property name="sun.io.unicode.encoding" value="UnicodeLittle"/>
    <property name="java.class.version" value="65.0"/>
    <property name="CONSOLE_LOG_PATTERN" value="%d{yyyy-MM-dd HH:mm:ss} - %msg%n"/>
    <property name="LOGGED_APPLICATION_NAME" value="[Banking Transaction Management System] "/>
  </properties>
  <testcase name="testConcurrentReadOperations" classname="com.banking.StressTest" time="1.862">
    <system-out><![CDATA[2025-07-01 12:18:58 - Could not detect default configuration classes for test class [com.banking.StressTest]: StressTest does not declare any static, non-private, non-final, nested classes annotated with @Configuration.
2025-07-01 12:18:58 - Found @SpringBootConfiguration com.banking.TransactionManagementApplication for test class com.banking.StressTest

  .   ____          _            __ _ _
 /\\ / ___'_ __ _ _(_)_ __  __ _ \ \ \ \
( ( )\___ | '_ | '_| | '_ \/ _` | \ \ \ \
 \\/  ___)| |_)| | | | | || (_| |  ) ) ) )
  '  |____| .__|_| |_|_| |_\__, | / / / /
 =========|_|==============|___/=/_/_/_/
 :: Spring Boot ::                (v3.2.0)

2025-07-01 12:18:58 - Starting StressTest using Java 21.0.7 with PID 2200 (started by JBY in C:\Users\JBY\My Python\My Java\TransManagement\backend)
2025-07-01 12:18:58 - Running with Spring Boot v3.2.0, Spring v6.1.1
2025-07-01 12:18:58 - The following 1 profile is active: "test"
2025-07-01 12:18:58 - Refreshing org.springframework.web.context.support.GenericWebApplicationContext@5415ed48
2025-07-01 12:19:00 - Bootstrapping Spring Data JPA repositories in DEFAULT mode.
2025-07-01 12:19:00 - Finished Spring Data repository scanning in 130 ms. Found 1 JPA repository interface.
2025-07-01 12:19:01 - HHH000204: Processing PersistenceUnitInfo [name: default]
2025-07-01 12:19:02 - HHH000412: Hibernate ORM core version 6.3.1.Final
2025-07-01 12:19:02 - HHH000026: Second-level cache disabled
2025-07-01 12:19:02 - No LoadTimeWeaver setup: ignoring JPA class transformer
2025-07-01 12:19:02 - HikariPool-1 - Starting...
2025-07-01 12:19:02 - HikariPool-1 - Added connection conn0: url=jdbc:h2:mem:testdb user=SA
2025-07-01 12:19:02 - HikariPool-1 - Start completed.
2025-07-01 12:19:03 - HHH90000025: H2Dialect does not need to be specified explicitly using 'hibernate.dialect' (remove the property setting and it will be selected by default)
2025-07-01 12:19:04 - HHH000489: No JTA platform available (set 'hibernate.transaction.jta.platform' to enable JTA platform integration)
2025-07-01 12:19:04 - Initialized JPA EntityManagerFactory for persistence unit 'default'
2025-07-01 12:19:05 - Hibernate is in classpath; If applicable, HQL parser will be used.
2025-07-01 12:19:07 - spring.jpa.open-in-view is enabled by default. Therefore, database queries may be performed during view rendering. Explicitly configure spring.jpa.open-in-view to disable this warning
2025-07-01 12:19:07 - 15 mappings in 'requestMappingHandlerMapping'
2025-07-01 12:19:07 - Patterns [/webjars/**, /**, /swagger-ui*/*swagger-initializer.js, /swagger-ui*/**] in 'resourceHandlerMapping'
2025-07-01 12:19:07 - ControllerAdvice beans: 0 @ModelAttribute, 0 @InitBinder, 1 RequestBodyAdvice, 1 ResponseBodyAdvice
2025-07-01 12:19:07 - ControllerAdvice beans: 2 @ExceptionHandler, 1 ResponseBodyAdvice
2025-07-01 12:19:09 - Filter 'webMvcObservationFilter' configured for use
2025-07-01 12:19:09 - Initializing Spring TestDispatcherServlet ''
2025-07-01 12:19:09 - Initializing Servlet ''
2025-07-01 12:19:09 - Exposing 3 endpoint(s) beneath base path '/actuator'
2025-07-01 12:19:09 - Completed initialization in 63 ms
2025-07-01 12:19:09 - Started StressTest in 10.77 seconds (process running for 21.885)
开始新的压力测试...
2025-07-01 12:19:09 - Mapped to com.banking.controller.TransactionController#createTransaction(TransactionRequest)
2025-07-01 12:19:09 - Read "application/json;charset=UTF-8" to [com.banking.dto.TransactionRequest@c580111]
2025-07-01 12:19:10 - Using 'application/json', given [*/*] and supported [application/json, application/*+json]
2025-07-01 12:19:10 - Writing [{data=com.banking.dto.TransactionResponse@10e07fa9, success=true, message=交易创建成功}]
2025-07-01 12:19:10 - Mapped to com.banking.controller.TransactionController#createTransaction(TransactionRequest)
2025-07-01 12:19:10 - Read "application/json;charset=UTF-8" to [com.banking.dto.TransactionRequest@544cb96]
2025-07-01 12:19:10 - Using 'application/json', given [*/*] and supported [application/json, application/*+json]
2025-07-01 12:19:10 - Writing [{data=com.banking.dto.TransactionResponse@5b51668e, success=true, message=交易创建成功}]
2025-07-01 12:19:10 - Mapped to com.banking.controller.TransactionController#createTransaction(TransactionRequest)
2025-07-01 12:19:10 - Read "application/json;charset=UTF-8" to [com.banking.dto.TransactionRequest@351b3194]
2025-07-01 12:19:10 - Using 'application/json', given [*/*] and supported [application/json, application/*+json]
2025-07-01 12:19:10 - Writing [{data=com.banking.dto.TransactionResponse@3f22fec4, success=true, message=交易创建成功}]
2025-07-01 12:19:10 - Mapped to com.banking.controller.TransactionController#createTransaction(TransactionRequest)
2025-07-01 12:19:10 - Read "application/json;charset=UTF-8" to [com.banking.dto.TransactionRequest@f5341c6]
2025-07-01 12:19:10 - Using 'application/json', given [*/*] and supported [application/json, application/*+json]
2025-07-01 12:19:10 - Writing [{data=com.banking.dto.TransactionResponse@3574f8f4, success=true, message=交易创建成功}]
2025-07-01 12:19:10 - Mapped to com.banking.controller.TransactionController#createTransaction(TransactionRequest)
2025-07-01 12:19:10 - Read "application/json;charset=UTF-8" to [com.banking.dto.TransactionRequest@10939ffc]
2025-07-01 12:19:10 - Using 'application/json', given [*/*] and supported [application/json, application/*+json]
2025-07-01 12:19:10 - Writing [{data=com.banking.dto.TransactionResponse@428f1f6e, success=true, message=交易创建成功}]
2025-07-01 12:19:10 - Mapped to com.banking.controller.TransactionController#createTransaction(TransactionRequest)
2025-07-01 12:19:10 - Read "application/json;charset=UTF-8" to [com.banking.dto.TransactionRequest@7353a0fb]
2025-07-01 12:19:10 - Using 'application/json', given [*/*] and supported [application/json, application/*+json]
2025-07-01 12:19:10 - Writing [{data=com.banking.dto.TransactionResponse@2471d63c, success=true, message=交易创建成功}]
2025-07-01 12:19:10 - Mapped to com.banking.controller.TransactionController#createTransaction(TransactionRequest)
2025-07-01 12:19:10 - Read "application/json;charset=UTF-8" to [com.banking.dto.TransactionRequest@4663d67]
2025-07-01 12:19:10 - Using 'application/json', given [*/*] and supported [application/json, application/*+json]
2025-07-01 12:19:10 - Writing [{data=com.banking.dto.TransactionResponse@4cfad63d, success=true, message=交易创建成功}]
2025-07-01 12:19:10 - Mapped to com.banking.controller.TransactionController#createTransaction(TransactionRequest)
2025-07-01 12:19:10 - Read "application/json;charset=UTF-8" to [com.banking.dto.TransactionRequest@4b60c1b3]
2025-07-01 12:19:10 - Using 'application/json', given [*/*] and supported [application/json, application/*+json]
2025-07-01 12:19:10 - Writing [{data=com.banking.dto.TransactionResponse@3f9d894b, success=true, message=交易创建成功}]
2025-07-01 12:19:10 - Mapped to com.banking.controller.TransactionController#createTransaction(TransactionRequest)
2025-07-01 12:19:10 - Read "application/json;charset=UTF-8" to [com.banking.dto.TransactionRequest@421af1b4]
2025-07-01 12:19:10 - Using 'application/json', given [*/*] and supported [application/json, application/*+json]
2025-07-01 12:19:10 - Writing [{data=com.banking.dto.TransactionResponse@267d4494, success=true, message=交易创建成功}]
2025-07-01 12:19:10 - Mapped to com.banking.controller.TransactionController#createTransaction(TransactionRequest)
2025-07-01 12:19:10 - Read "application/json;charset=UTF-8" to [com.banking.dto.TransactionRequest@24e6b5c9]
2025-07-01 12:19:10 - Using 'application/json', given [*/*] and supported [application/json, application/*+json]
2025-07-01 12:19:10 - Writing [{data=com.banking.dto.TransactionResponse@56d63ab0, success=true, message=交易创建成功}]
2025-07-01 12:19:10 - Mapped to com.banking.controller.TransactionController#createTransaction(TransactionRequest)
2025-07-01 12:19:10 - Read "application/json;charset=UTF-8" to [com.banking.dto.TransactionRequest@49878e36]
2025-07-01 12:19:10 - Using 'application/json', given [*/*] and supported [application/json, application/*+json]
2025-07-01 12:19:10 - Writing [{data=com.banking.dto.TransactionResponse@78b9785d, success=true, message=交易创建成功}]
2025-07-01 12:19:10 - Mapped to com.banking.controller.TransactionController#createTransaction(TransactionRequest)
2025-07-01 12:19:10 - Read "application/json;charset=UTF-8" to [com.banking.dto.TransactionRequest@176246e8]
2025-07-01 12:19:10 - Using 'application/json', given [*/*] and supported [application/json, application/*+json]
2025-07-01 12:19:10 - Writing [{data=com.banking.dto.TransactionResponse@7f82e3d8, success=true, message=交易创建成功}]
2025-07-01 12:19:10 - Mapped to com.banking.controller.TransactionController#createTransaction(TransactionRequest)
2025-07-01 12:19:10 - Read "application/json;charset=UTF-8" to [com.banking.dto.TransactionRequest@32da4a36]
2025-07-01 12:19:10 - Using 'application/json', given [*/*] and supported [application/json, application/*+json]
2025-07-01 12:19:10 - Writing [{data=com.banking.dto.TransactionResponse@1e87f5c0, success=true, message=交易创建成功}]
2025-07-01 12:19:10 - Mapped to com.banking.controller.TransactionController#createTransaction(TransactionRequest)
2025-07-01 12:19:10 - Read "application/json;charset=UTF-8" to [com.banking.dto.TransactionRequest@6ee5460f]
2025-07-01 12:19:10 - Using 'application/json', given [*/*] and supported [application/json, application/*+json]
2025-07-01 12:19:10 - Writing [{data=com.banking.dto.TransactionResponse@dc61daa, success=true, message=交易创建成功}]
2025-07-01 12:19:10 - Mapped to com.banking.controller.TransactionController#createTransaction(TransactionRequest)
2025-07-01 12:19:10 - Read "application/json;charset=UTF-8" to [com.banking.dto.TransactionRequest@23946b4e]
2025-07-01 12:19:10 - Using 'application/json', given [*/*] and supported [application/json, application/*+json]
2025-07-01 12:19:10 - Writing [{data=com.banking.dto.TransactionResponse@740ff2bd, success=true, message=交易创建成功}]
2025-07-01 12:19:10 - Mapped to com.banking.controller.TransactionController#createTransaction(TransactionRequest)
2025-07-01 12:19:10 - Read "application/json;charset=UTF-8" to [com.banking.dto.TransactionRequest@1de9051d]
2025-07-01 12:19:10 - Using 'application/json', given [*/*] and supported [application/json, application/*+json]
2025-07-01 12:19:10 - Writing [{data=com.banking.dto.TransactionResponse@66d9ac21, success=true, message=交易创建成功}]
2025-07-01 12:19:10 - Mapped to com.banking.controller.TransactionController#createTransaction(TransactionRequest)
2025-07-01 12:19:10 - Read "application/json;charset=UTF-8" to [com.banking.dto.TransactionRequest@3ef4d1e9]
2025-07-01 12:19:10 - Using 'application/json', given [*/*] and supported [application/json, application/*+json]
2025-07-01 12:19:10 - Writing [{data=com.banking.dto.TransactionResponse@3467b97b, success=true, message=交易创建成功}]
2025-07-01 12:19:10 - Mapped to com.banking.controller.TransactionController#createTransaction(TransactionRequest)
2025-07-01 12:19:10 - Read "application/json;charset=UTF-8" to [com.banking.dto.TransactionRequest@3b74b104]
2025-07-01 12:19:10 - Using 'application/json', given [*/*] and supported [application/json, application/*+json]
2025-07-01 12:19:10 - Writing [{data=com.banking.dto.TransactionResponse@2d29ab00, success=true, message=交易创建成功}]
2025-07-01 12:19:10 - Mapped to com.banking.controller.TransactionController#createTransaction(TransactionRequest)
2025-07-01 12:19:10 - Read "application/json;charset=UTF-8" to [com.banking.dto.TransactionRequest@1bcc9771]
2025-07-01 12:19:10 - Using 'application/json', given [*/*] and supported [application/json, application/*+json]
2025-07-01 12:19:10 - Writing [{data=com.banking.dto.TransactionResponse@685a4baf, success=true, message=交易创建成功}]
2025-07-01 12:19:10 - Mapped to com.banking.controller.TransactionController#createTransaction(TransactionRequest)
2025-07-01 12:19:10 - Read "application/json;charset=UTF-8" to [com.banking.dto.TransactionRequest@23a6da10]
2025-07-01 12:19:10 - Using 'application/json', given [*/*] and supported [application/json, application/*+json]
2025-07-01 12:19:10 - Writing [{data=com.banking.dto.TransactionResponse@1bcc606d, success=true, message=交易创建成功}]
2025-07-01 12:19:10 - Mapped to com.banking.controller.TransactionController#createTransaction(TransactionRequest)
2025-07-01 12:19:10 - Read "application/json;charset=UTF-8" to [com.banking.dto.TransactionRequest@2287a118]
2025-07-01 12:19:10 - Using 'application/json', given [*/*] and supported [application/json, application/*+json]
2025-07-01 12:19:10 - Writing [{data=com.banking.dto.TransactionResponse@31d5b726, success=true, message=交易创建成功}]
2025-07-01 12:19:10 - Mapped to com.banking.controller.TransactionController#createTransaction(TransactionRequest)
2025-07-01 12:19:10 - Read "application/json;charset=UTF-8" to [com.banking.dto.TransactionRequest@4a155fe1]
2025-07-01 12:19:10 - Using 'application/json', given [*/*] and supported [application/json, application/*+json]
2025-07-01 12:19:10 - Writing [{data=com.banking.dto.TransactionResponse@74a54e7f, success=true, message=交易创建成功}]
2025-07-01 12:19:10 - Mapped to com.banking.controller.TransactionController#createTransaction(TransactionRequest)
2025-07-01 12:19:10 - Read "application/json;charset=UTF-8" to [com.banking.dto.TransactionRequest@474d6f81]
2025-07-01 12:19:10 - Using 'application/json', given [*/*] and supported [application/json, application/*+json]
2025-07-01 12:19:10 - Writing [{data=com.banking.dto.TransactionResponse@426a83e9, success=true, message=交易创建成功}]
2025-07-01 12:19:10 - Mapped to com.banking.controller.TransactionController#createTransaction(TransactionRequest)
2025-07-01 12:19:10 - Read "application/json;charset=UTF-8" to [com.banking.dto.TransactionRequest@494de3b4]
2025-07-01 12:19:10 - Using 'application/json', given [*/*] and supported [application/json, application/*+json]
2025-07-01 12:19:10 - Writing [{data=com.banking.dto.TransactionResponse@3b7cf6f, success=true, message=交易创建成功}]
2025-07-01 12:19:10 - Mapped to com.banking.controller.TransactionController#createTransaction(TransactionRequest)
2025-07-01 12:19:10 - Read "application/json;charset=UTF-8" to [com.banking.dto.TransactionRequest@65ebd4b8]
2025-07-01 12:19:10 - Using 'application/json', given [*/*] and supported [application/json, application/*+json]
2025-07-01 12:19:10 - Writing [{data=com.banking.dto.TransactionResponse@1862dd1f, success=true, message=交易创建成功}]
2025-07-01 12:19:10 - Mapped to com.banking.controller.TransactionController#createTransaction(TransactionRequest)
2025-07-01 12:19:10 - Read "application/json;charset=UTF-8" to [com.banking.dto.TransactionRequest@c1efb6e]
2025-07-01 12:19:10 - Using 'application/json', given [*/*] and supported [application/json, application/*+json]
2025-07-01 12:19:10 - Writing [{data=com.banking.dto.TransactionResponse@6d19a109, success=true, message=交易创建成功}]
2025-07-01 12:19:10 - Mapped to com.banking.controller.TransactionController#createTransaction(TransactionRequest)
2025-07-01 12:19:10 - Read "application/json;charset=UTF-8" to [com.banking.dto.TransactionRequest@4b199453]
2025-07-01 12:19:10 - Using 'application/json', given [*/*] and supported [application/json, application/*+json]
2025-07-01 12:19:10 - Writing [{data=com.banking.dto.TransactionResponse@3a0b37ee, success=true, message=交易创建成功}]
2025-07-01 12:19:10 - Mapped to com.banking.controller.TransactionController#createTransaction(TransactionRequest)
2025-07-01 12:19:10 - Read "application/json;charset=UTF-8" to [com.banking.dto.TransactionRequest@34eabd4c]
2025-07-01 12:19:10 - Using 'application/json', given [*/*] and supported [application/json, application/*+json]
2025-07-01 12:19:10 - Writing [{data=com.banking.dto.TransactionResponse@419f94d, success=true, message=交易创建成功}]
2025-07-01 12:19:10 - Mapped to com.banking.controller.TransactionController#createTransaction(TransactionRequest)
2025-07-01 12:19:10 - Read "application/json;charset=UTF-8" to [com.banking.dto.TransactionRequest@16265fea]
2025-07-01 12:19:10 - Using 'application/json', given [*/*] and supported [application/json, application/*+json]
2025-07-01 12:19:10 - Writing [{data=com.banking.dto.TransactionResponse@5b50fab0, success=true, message=交易创建成功}]
2025-07-01 12:19:10 - Mapped to com.banking.controller.TransactionController#createTransaction(TransactionRequest)
2025-07-01 12:19:10 - Read "application/json;charset=UTF-8" to [com.banking.dto.TransactionRequest@5da22720]
2025-07-01 12:19:10 - Using 'application/json', given [*/*] and supported [application/json, application/*+json]
2025-07-01 12:19:10 - Writing [{data=com.banking.dto.TransactionResponse@377953f0, success=true, message=交易创建成功}]
2025-07-01 12:19:10 - Mapped to com.banking.controller.TransactionController#createTransaction(TransactionRequest)
2025-07-01 12:19:10 - Read "application/json;charset=UTF-8" to [com.banking.dto.TransactionRequest@6628d62d]
2025-07-01 12:19:10 - Using 'application/json', given [*/*] and supported [application/json, application/*+json]
2025-07-01 12:19:10 - Writing [{data=com.banking.dto.TransactionResponse@4e11237b, success=true, message=交易创建成功}]
2025-07-01 12:19:10 - Mapped to com.banking.controller.TransactionController#createTransaction(TransactionRequest)
2025-07-01 12:19:10 - Read "application/json;charset=UTF-8" to [com.banking.dto.TransactionRequest@76b457a9]
2025-07-01 12:19:10 - Using 'application/json', given [*/*] and supported [application/json, application/*+json]
2025-07-01 12:19:10 - Writing [{data=com.banking.dto.TransactionResponse@568eaab0, success=true, message=交易创建成功}]
2025-07-01 12:19:10 - Mapped to com.banking.controller.TransactionController#createTransaction(TransactionRequest)
2025-07-01 12:19:10 - Read "application/json;charset=UTF-8" to [com.banking.dto.TransactionRequest@2b4aeef7]
2025-07-01 12:19:10 - Using 'application/json', given [*/*] and supported [application/json, application/*+json]
2025-07-01 12:19:10 - Writing [{data=com.banking.dto.TransactionResponse@366d7033, success=true, message=交易创建成功}]
2025-07-01 12:19:10 - Mapped to com.banking.controller.TransactionController#createTransaction(TransactionRequest)
2025-07-01 12:19:10 - Read "application/json;charset=UTF-8" to [com.banking.dto.TransactionRequest@4185c385]
2025-07-01 12:19:10 - Using 'application/json', given [*/*] and supported [application/json, application/*+json]
2025-07-01 12:19:10 - Writing [{data=com.banking.dto.TransactionResponse@2b601535, success=true, message=交易创建成功}]
2025-07-01 12:19:10 - Mapped to com.banking.controller.TransactionController#createTransaction(TransactionRequest)
2025-07-01 12:19:10 - Read "application/json;charset=UTF-8" to [com.banking.dto.TransactionRequest@a2a2056]
2025-07-01 12:19:10 - Using 'application/json', given [*/*] and supported [application/json, application/*+json]
2025-07-01 12:19:10 - Writing [{data=com.banking.dto.TransactionResponse@3f54b41e, success=true, message=交易创建成功}]
2025-07-01 12:19:10 - Mapped to com.banking.controller.TransactionController#createTransaction(TransactionRequest)
2025-07-01 12:19:10 - Read "application/json;charset=UTF-8" to [com.banking.dto.TransactionRequest@1dec0a0c]
2025-07-01 12:19:10 - Using 'application/json', given [*/*] and supported [application/json, application/*+json]
2025-07-01 12:19:10 - Writing [{data=com.banking.dto.TransactionResponse@29bb0e19, success=true, message=交易创建成功}]
2025-07-01 12:19:10 - Mapped to com.banking.controller.TransactionController#createTransaction(TransactionRequest)
2025-07-01 12:19:10 - Read "application/json;charset=UTF-8" to [com.banking.dto.TransactionRequest@4927d70d]
2025-07-01 12:19:10 - Using 'application/json', given [*/*] and supported [application/json, application/*+json]
2025-07-01 12:19:10 - Writing [{data=com.banking.dto.TransactionResponse@6a6c972b, success=true, message=交易创建成功}]
2025-07-01 12:19:10 - Mapped to com.banking.controller.TransactionController#createTransaction(TransactionRequest)
2025-07-01 12:19:10 - Read "application/json;charset=UTF-8" to [com.banking.dto.TransactionRequest@572b6c0e]
2025-07-01 12:19:10 - Using 'application/json', given [*/*] and supported [application/json, application/*+json]
2025-07-01 12:19:10 - Writing [{data=com.banking.dto.TransactionResponse@3e9b038, success=true, message=交易创建成功}]
2025-07-01 12:19:10 - Mapped to com.banking.controller.TransactionController#createTransaction(TransactionRequest)
2025-07-01 12:19:10 - Read "application/json;charset=UTF-8" to [com.banking.dto.TransactionRequest@67ebf79c]
2025-07-01 12:19:10 - Using 'application/json', given [*/*] and supported [application/json, application/*+json]
2025-07-01 12:19:10 - Writing [{data=com.banking.dto.TransactionResponse@1f28c50d, success=true, message=交易创建成功}]
2025-07-01 12:19:10 - Mapped to com.banking.controller.TransactionController#createTransaction(TransactionRequest)
2025-07-01 12:19:10 - Read "application/json;charset=UTF-8" to [com.banking.dto.TransactionRequest@1b3a9111]
2025-07-01 12:19:10 - Using 'application/json', given [*/*] and supported [application/json, application/*+json]
2025-07-01 12:19:10 - Writing [{data=com.banking.dto.TransactionResponse@1834c28a, success=true, message=交易创建成功}]
2025-07-01 12:19:10 - Mapped to com.banking.controller.TransactionController#createTransaction(TransactionRequest)
2025-07-01 12:19:10 - Read "application/json;charset=UTF-8" to [com.banking.dto.TransactionRequest@ad57cf1]
2025-07-01 12:19:10 - Using 'application/json', given [*/*] and supported [application/json, application/*+json]
2025-07-01 12:19:10 - Writing [{data=com.banking.dto.TransactionResponse@182a5218, success=true, message=交易创建成功}]
2025-07-01 12:19:10 - Mapped to com.banking.controller.TransactionController#createTransaction(TransactionRequest)
2025-07-01 12:19:10 - Read "application/json;charset=UTF-8" to [com.banking.dto.TransactionRequest@7b90704d]
2025-07-01 12:19:10 - Using 'application/json', given [*/*] and supported [application/json, application/*+json]
2025-07-01 12:19:10 - Writing [{data=com.banking.dto.TransactionResponse@200bdca, success=true, message=交易创建成功}]
2025-07-01 12:19:10 - Mapped to com.banking.controller.TransactionController#createTransaction(TransactionRequest)
2025-07-01 12:19:10 - Read "application/json;charset=UTF-8" to [com.banking.dto.TransactionRequest@16396027]
2025-07-01 12:19:10 - Using 'application/json', given [*/*] and supported [application/json, application/*+json]
2025-07-01 12:19:10 - Writing [{data=com.banking.dto.TransactionResponse@3af4a695, success=true, message=交易创建成功}]
2025-07-01 12:19:10 - Mapped to com.banking.controller.TransactionController#createTransaction(TransactionRequest)
2025-07-01 12:19:10 - Read "application/json;charset=UTF-8" to [com.banking.dto.TransactionRequest@186deb87]
2025-07-01 12:19:10 - Using 'application/json', given [*/*] and supported [application/json, application/*+json]
2025-07-01 12:19:10 - Writing [{data=com.banking.dto.TransactionResponse@625ffa87, success=true, message=交易创建成功}]
2025-07-01 12:19:10 - Mapped to com.banking.controller.TransactionController#createTransaction(TransactionRequest)
2025-07-01 12:19:10 - Read "application/json;charset=UTF-8" to [com.banking.dto.TransactionRequest@6ea66eba]
2025-07-01 12:19:10 - Using 'application/json', given [*/*] and supported [application/json, application/*+json]
2025-07-01 12:19:10 - Writing [{data=com.banking.dto.TransactionResponse@5602c3b6, success=true, message=交易创建成功}]
2025-07-01 12:19:10 - Mapped to com.banking.controller.TransactionController#createTransaction(TransactionRequest)
2025-07-01 12:19:10 - Read "application/json;charset=UTF-8" to [com.banking.dto.TransactionRequest@2a69ebfd]
2025-07-01 12:19:10 - Using 'application/json', given [*/*] and supported [application/json, application/*+json]
2025-07-01 12:19:10 - Writing [{data=com.banking.dto.TransactionResponse@3b640da7, success=true, message=交易创建成功}]
2025-07-01 12:19:10 - Mapped to com.banking.controller.TransactionController#createTransaction(TransactionRequest)
2025-07-01 12:19:10 - Read "application/json;charset=UTF-8" to [com.banking.dto.TransactionRequest@5cc1d82f]
2025-07-01 12:19:10 - Using 'application/json', given [*/*] and supported [application/json, application/*+json]
2025-07-01 12:19:10 - Writing [{data=com.banking.dto.TransactionResponse@15544b0a, success=true, message=交易创建成功}]
2025-07-01 12:19:10 - Mapped to com.banking.controller.TransactionController#createTransaction(TransactionRequest)
2025-07-01 12:19:10 - Read "application/json;charset=UTF-8" to [com.banking.dto.TransactionRequest@33d2afd9]
2025-07-01 12:19:10 - Using 'application/json', given [*/*] and supported [application/json, application/*+json]
2025-07-01 12:19:10 - Writing [{data=com.banking.dto.TransactionResponse@77cd3c17, success=true, message=交易创建成功}]
2025-07-01 12:19:10 - Mapped to com.banking.controller.TransactionController#createTransaction(TransactionRequest)
2025-07-01 12:19:10 - Read "application/json;charset=UTF-8" to [com.banking.dto.TransactionRequest@756f13d1]
2025-07-01 12:19:10 - Using 'application/json', given [*/*] and supported [application/json, application/*+json]
2025-07-01 12:19:10 - Writing [{data=com.banking.dto.TransactionResponse@45d83ec5, success=true, message=交易创建成功}]
2025-07-01 12:19:10 - Mapped to com.banking.controller.TransactionController#createTransaction(TransactionRequest)
2025-07-01 12:19:10 - Read "application/json;charset=UTF-8" to [com.banking.dto.TransactionRequest@2e16f2e3]
2025-07-01 12:19:10 - Using 'application/json', given [*/*] and supported [application/json, application/*+json]
2025-07-01 12:19:10 - Writing [{data=com.banking.dto.TransactionResponse@23e1b026, success=true, message=交易创建成功}]
2025-07-01 12:19:10 - Mapped to com.banking.controller.TransactionController#getTransactions(int, int)
2025-07-01 12:19:10 - Mapped to com.banking.controller.TransactionController#getTransactions(int, int)
2025-07-01 12:19:10 - Mapped to com.banking.controller.TransactionController#getTransactions(int, int)
2025-07-01 12:19:10 - Mapped to com.banking.controller.TransactionController#getTransactions(int, int)
2025-07-01 12:19:10 - Mapped to com.banking.controller.TransactionController#getTransactions(int, int)
2025-07-01 12:19:10 - Mapped to com.banking.controller.TransactionController#getTransactions(int, int)
2025-07-01 12:19:10 - Mapped to com.banking.controller.TransactionController#getTransactions(int, int)
2025-07-01 12:19:10 - Mapped to com.banking.controller.TransactionController#getTransactions(int, int)
2025-07-01 12:19:10 - Mapped to com.banking.controller.TransactionController#getTransactions(int, int)
2025-07-01 12:19:10 - Mapped to com.banking.controller.TransactionController#getTransactions(int, int)
2025-07-01 12:19:10 - Mapped to com.banking.controller.TransactionController#getTransactions(int, int)
2025-07-01 12:19:10 - Mapped to com.banking.controller.TransactionController#getTransactions(int, int)
2025-07-01 12:19:10 - Mapped to com.banking.controller.TransactionController#getTransactions(int, int)
2025-07-01 12:19:10 - Mapped to com.banking.controller.TransactionController#getTransactions(int, int)
2025-07-01 12:19:10 - Mapped to com.banking.controller.TransactionController#getTransactions(int, int)
2025-07-01 12:19:10 - Mapped to com.banking.controller.TransactionController#getTransactions(int, int)
2025-07-01 12:19:10 - Mapped to com.banking.controller.TransactionController#getTransactions(int, int)
2025-07-01 12:19:10 - Mapped to com.banking.controller.TransactionController#getTransactions(int, int)
2025-07-01 12:19:10 - Mapped to com.banking.controller.TransactionController#getTransactions(int, int)
2025-07-01 12:19:10 - Mapped to com.banking.controller.TransactionController#getTransactions(int, int)
2025-07-01 12:19:10 - Mapped to com.banking.controller.TransactionController#getTransactions(int, int)
2025-07-01 12:19:10 - Mapped to com.banking.controller.TransactionController#getTransactions(int, int)
2025-07-01 12:19:10 - Mapped to com.banking.controller.TransactionController#getTransactions(int, int)
2025-07-01 12:19:10 - Mapped to com.banking.controller.TransactionController#getTransactions(int, int)
2025-07-01 12:19:10 - Mapped to com.banking.controller.TransactionController#getTransactions(int, int)
2025-07-01 12:19:10 - Mapped to com.banking.controller.TransactionController#getTransactions(int, int)
2025-07-01 12:19:10 - Mapped to com.banking.controller.TransactionController#getTransactions(int, int)
2025-07-01 12:19:10 - Mapped to com.banking.controller.TransactionController#getTransactions(int, int)
2025-07-01 12:19:10 - Mapped to com.banking.controller.TransactionController#getTransactions(int, int)
2025-07-01 12:19:10 - Mapped to com.banking.controller.TransactionController#getTransactions(int, int)
2025-07-01 12:19:10 - Mapped to com.banking.controller.TransactionController#getTransactions(int, int)
2025-07-01 12:19:10 - Mapped to com.banking.controller.TransactionController#getTransactions(int, int)
2025-07-01 12:19:10 - Mapped to com.banking.controller.TransactionController#getTransactions(int, int)
2025-07-01 12:19:10 - Mapped to com.banking.controller.TransactionController#getTransactions(int, int)
2025-07-01 12:19:10 - Mapped to com.banking.controller.TransactionController#getTransactions(int, int)
2025-07-01 12:19:10 - Mapped to com.banking.controller.TransactionController#getTransactions(int, int)
2025-07-01 12:19:10 - Mapped to com.banking.controller.TransactionController#getTransactions(int, int)
2025-07-01 12:19:10 - Mapped to com.banking.controller.TransactionController#getTransactions(int, int)
2025-07-01 12:19:10 - Mapped to com.banking.controller.TransactionController#getTransactions(int, int)
2025-07-01 12:19:10 - Mapped to com.banking.controller.TransactionController#getTransactions(int, int)
2025-07-01 12:19:10 - Mapped to com.banking.controller.TransactionController#getTransactions(int, int)
2025-07-01 12:19:10 - Mapped to com.banking.controller.TransactionController#getTransactions(int, int)
2025-07-01 12:19:10 - Mapped to com.banking.controller.TransactionController#getTransactions(int, int)
2025-07-01 12:19:10 - Mapped to com.banking.controller.TransactionController#getTransactions(int, int)
2025-07-01 12:19:10 - Mapped to com.banking.controller.TransactionController#getTransactions(int, int)
2025-07-01 12:19:10 - Mapped to com.banking.controller.TransactionController#getTransactions(int, int)
2025-07-01 12:19:10 - Mapped to com.banking.controller.TransactionController#getTransactions(int, int)
2025-07-01 12:19:10 - Mapped to com.banking.controller.TransactionController#getTransactions(int, int)
2025-07-01 12:19:10 - Mapped to com.banking.controller.TransactionController#getTransactions(int, int)
2025-07-01 12:19:10 - Mapped to com.banking.controller.TransactionController#getTransactions(int, int)
2025-07-01 12:19:10 - Mapped to com.banking.controller.TransactionController#getTransactions(int, int)
2025-07-01 12:19:10 - Mapped to com.banking.controller.TransactionController#getTransactions(int, int)
2025-07-01 12:19:10 - Mapped to com.banking.controller.TransactionController#getTransactions(int, int)
2025-07-01 12:19:10 - Mapped to com.banking.controller.TransactionController#getTransactions(int, int)
2025-07-01 12:19:10 - Mapped to com.banking.controller.TransactionController#getTransactions(int, int)
2025-07-01 12:19:10 - Mapped to com.banking.controller.TransactionController#getTransactions(int, int)
2025-07-01 12:19:10 - Mapped to com.banking.controller.TransactionController#getTransactions(int, int)
2025-07-01 12:19:10 - Mapped to com.banking.controller.TransactionController#getTransactions(int, int)
2025-07-01 12:19:10 - Mapped to com.banking.controller.TransactionController#getTransactions(int, int)
2025-07-01 12:19:10 - Mapped to com.banking.controller.TransactionController#getTransactions(int, int)
2025-07-01 12:19:10 - Mapped to com.banking.controller.TransactionController#getTransactions(int, int)
2025-07-01 12:19:10 - Mapped to com.banking.controller.TransactionController#getTransactions(int, int)
2025-07-01 12:19:10 - Mapped to com.banking.controller.TransactionController#getTransactions(int, int)
2025-07-01 12:19:10 - Mapped to com.banking.controller.TransactionController#getTransactions(int, int)
2025-07-01 12:19:10 - Mapped to com.banking.controller.TransactionController#getTransactions(int, int)
2025-07-01 12:19:10 - Mapped to com.banking.controller.TransactionController#getTransactions(int, int)
2025-07-01 12:19:10 - Mapped to com.banking.controller.TransactionController#getTransactions(int, int)
2025-07-01 12:19:10 - Mapped to com.banking.controller.TransactionController#getTransactions(int, int)
2025-07-01 12:19:10 - Mapped to com.banking.controller.TransactionController#getTransactions(int, int)
2025-07-01 12:19:10 - Mapped to com.banking.controller.TransactionController#getTransactions(int, int)
2025-07-01 12:19:10 - Mapped to com.banking.controller.TransactionController#getTransactions(int, int)
2025-07-01 12:19:10 - Mapped to com.banking.controller.TransactionController#getTransactions(int, int)
2025-07-01 12:19:10 - Mapped to com.banking.controller.TransactionController#getTransactions(int, int)
2025-07-01 12:19:10 - Mapped to com.banking.controller.TransactionController#getTransactions(int, int)
2025-07-01 12:19:10 - Mapped to com.banking.controller.TransactionController#getTransactions(int, int)
2025-07-01 12:19:10 - Mapped to com.banking.controller.TransactionController#getTransactions(int, int)
2025-07-01 12:19:10 - Mapped to com.banking.controller.TransactionController#getTransactions(int, int)
2025-07-01 12:19:10 - Mapped to com.banking.controller.TransactionController#getTransactions(int, int)
2025-07-01 12:19:10 - Mapped to com.banking.controller.TransactionController#getTransactions(int, int)
2025-07-01 12:19:10 - Mapped to com.banking.controller.TransactionController#getTransactions(int, int)
2025-07-01 12:19:10 - Mapped to com.banking.controller.TransactionController#getTransactions(int, int)
2025-07-01 12:19:10 - Mapped to com.banking.controller.TransactionController#getTransactions(int, int)
2025-07-01 12:19:10 - Mapped to com.banking.controller.TransactionController#getTransactions(int, int)
2025-07-01 12:19:10 - Mapped to com.banking.controller.TransactionController#getTransactions(int, int)
2025-07-01 12:19:10 - Mapped to com.banking.controller.TransactionController#getTransactions(int, int)
2025-07-01 12:19:10 - Mapped to com.banking.controller.TransactionController#getTransactions(int, int)
2025-07-01 12:19:10 - Mapped to com.banking.controller.TransactionController#getTransactions(int, int)
2025-07-01 12:19:10 - Mapped to com.banking.controller.TransactionController#getTransactions(int, int)
2025-07-01 12:19:10 - Mapped to com.banking.controller.TransactionController#getTransactions(int, int)
2025-07-01 12:19:10 - Mapped to com.banking.controller.TransactionController#getTransactions(int, int)
2025-07-01 12:19:10 - Mapped to com.banking.controller.TransactionController#getTransactions(int, int)
2025-07-01 12:19:10 - Mapped to com.banking.controller.TransactionController#getTransactions(int, int)
2025-07-01 12:19:10 - Mapped to com.banking.controller.TransactionController#getTransactions(int, int)
2025-07-01 12:19:10 - Mapped to com.banking.controller.TransactionController#getTransactions(int, int)
2025-07-01 12:19:10 - Mapped to com.banking.controller.TransactionController#getTransactions(int, int)
2025-07-01 12:19:10 - Mapped to com.banking.controller.TransactionController#getTransactions(int, int)
2025-07-01 12:19:10 - Mapped to com.banking.controller.TransactionController#getTransactions(int, int)
2025-07-01 12:19:10 - Mapped to com.banking.controller.TransactionController#getTransactions(int, int)
2025-07-01 12:19:10 - Mapped to com.banking.controller.TransactionController#getTransactions(int, int)
2025-07-01 12:19:10 - Mapped to com.banking.controller.TransactionController#getTransactions(int, int)
2025-07-01 12:19:10 - Using 'application/json', given [*/*] and supported [application/json, application/*+json]
2025-07-01 12:19:10 - Using 'application/json', given [*/*] and supported [application/json, application/*+json]
2025-07-01 12:19:10 - Using 'application/json', given [*/*] and supported [application/json, application/*+json]
2025-07-01 12:19:10 - Using 'application/json', given [*/*] and supported [application/json, application/*+json]
2025-07-01 12:19:10 - Using 'application/json', given [*/*] and supported [application/json, application/*+json]
2025-07-01 12:19:10 - Using 'application/json', given [*/*] and supported [application/json, application/*+json]
2025-07-01 12:19:10 - Using 'application/json', given [*/*] and supported [application/json, application/*+json]
2025-07-01 12:19:10 - Using 'application/json', given [*/*] and supported [application/json, application/*+json]
2025-07-01 12:19:10 - Using 'application/json', given [*/*] and supported [application/json, application/*+json]
2025-07-01 12:19:10 - Using 'application/json', given [*/*] and supported [application/json, application/*+json]
2025-07-01 12:19:10 - Writing [{pagination={totalPages=5, size=10, total=50, page=0}, data=[com.banking.dto.TransactionResponse@556 (truncated)...]
2025-07-01 12:19:10 - Writing [{pagination={totalPages=5, size=10, total=50, page=0}, data=[com.banking.dto.TransactionResponse@2be (truncated)...]
2025-07-01 12:19:10 - Writing [{pagination={totalPages=5, size=10, total=50, page=0}, data=[com.banking.dto.TransactionResponse@529 (truncated)...]
2025-07-01 12:19:10 - Writing [{pagination={totalPages=5, size=10, total=50, page=0}, data=[com.banking.dto.TransactionResponse@2ac (truncated)...]
2025-07-01 12:19:10 - Writing [{pagination={totalPages=5, size=10, total=50, page=0}, data=[com.banking.dto.TransactionResponse@641 (truncated)...]
2025-07-01 12:19:10 - Writing [{pagination={totalPages=5, size=10, total=50, page=0}, data=[com.banking.dto.TransactionResponse@22e (truncated)...]
2025-07-01 12:19:10 - Writing [{pagination={totalPages=5, size=10, total=50, page=0}, data=[com.banking.dto.TransactionResponse@76c (truncated)...]
2025-07-01 12:19:10 - Writing [{pagination={totalPages=5, size=10, total=50, page=0}, data=[com.banking.dto.TransactionResponse@1c0 (truncated)...]
2025-07-01 12:19:10 - Writing [{pagination={totalPages=5, size=10, total=50, page=0}, data=[com.banking.dto.TransactionResponse@294 (truncated)...]
2025-07-01 12:19:10 - Writing [{pagination={totalPages=5, size=10, total=50, page=0}, data=[com.banking.dto.TransactionResponse@230 (truncated)...]
2025-07-01 12:19:10 - Mapped to com.banking.controller.TransactionController#getStatistics()
2025-07-01 12:19:10 - Mapped to com.banking.controller.TransactionController#getStatistics()
2025-07-01 12:19:10 - Mapped to com.banking.controller.TransactionController#getStatistics()
2025-07-01 12:19:10 - Mapped to com.banking.controller.TransactionController#getStatistics()
2025-07-01 12:19:10 - Mapped to com.banking.controller.TransactionController#getStatistics()
2025-07-01 12:19:10 - Mapped to com.banking.controller.TransactionController#getStatistics()
2025-07-01 12:19:10 - Mapped to com.banking.controller.TransactionController#getStatistics()
2025-07-01 12:19:10 - Mapped to com.banking.controller.TransactionController#getStatistics()
2025-07-01 12:19:10 - Mapped to com.banking.controller.TransactionController#getStatistics()
2025-07-01 12:19:10 - Mapped to com.banking.controller.TransactionController#getStatistics()
2025-07-01 12:19:10 - Using 'application/json', given [*/*] and supported [application/json, application/*+json]
2025-07-01 12:19:10 - Using 'application/json', given [*/*] and supported [application/json, application/*+json]
2025-07-01 12:19:10 - Using 'application/json', given [*/*] and supported [application/json, application/*+json]
2025-07-01 12:19:10 - Using 'application/json', given [*/*] and supported [application/json, application/*+json]
2025-07-01 12:19:10 - Using 'application/json', given [*/*] and supported [application/json, application/*+json]
2025-07-01 12:19:10 - Using 'application/json', given [*/*] and supported [application/json, application/*+json]
2025-07-01 12:19:10 - Using 'application/json', given [*/*] and supported [application/json, application/*+json]
2025-07-01 12:19:10 - Using 'application/json', given [*/*] and supported [application/json, application/*+json]
2025-07-01 12:19:10 - Writing [{pagination={totalPages=5, size=10, total=50, page=0}, data=[com.banking.dto.TransactionResponse@379 (truncated)...]
2025-07-01 12:19:10 - Writing [{pagination={totalPages=5, size=10, total=50, page=0}, data=[com.banking.dto.TransactionResponse@240 (truncated)...]
2025-07-01 12:19:10 - Writing [{pagination={totalPages=5, size=10, total=50, page=0}, data=[com.banking.dto.TransactionResponse@419 (truncated)...]
2025-07-01 12:19:10 - Writing [{pagination={totalPages=5, size=10, total=50, page=0}, data=[com.banking.dto.TransactionResponse@189 (truncated)...]
2025-07-01 12:19:10 - Writing [{pagination={totalPages=5, size=10, total=50, page=0}, data=[com.banking.dto.TransactionResponse@13b (truncated)...]
2025-07-01 12:19:10 - Writing [{pagination={totalPages=5, size=10, total=50, page=0}, data=[com.banking.dto.TransactionResponse@1ed (truncated)...]
2025-07-01 12:19:10 - Writing [{pagination={totalPages=5, size=10, total=50, page=0}, data=[com.banking.dto.TransactionResponse@59d (truncated)...]
2025-07-01 12:19:10 - Using 'application/json', given [*/*] and supported [application/json, application/*+json]
2025-07-01 12:19:10 - Writing [{pagination={totalPages=5, size=10, total=50, page=0}, data=[com.banking.dto.TransactionResponse@2de (truncated)...]
2025-07-01 12:19:10 - Writing [{pagination={totalPages=5, size=10, total=50, page=0}, data=[com.banking.dto.TransactionResponse@7fa (truncated)...]
2025-07-01 12:19:10 - Using 'application/json', given [*/*] and supported [application/json, application/*+json]
2025-07-01 12:19:10 - Writing [{pagination={totalPages=5, size=10, total=50, page=0}, data=[com.banking.dto.TransactionResponse@2c0 (truncated)...]
2025-07-01 12:19:10 - Mapped to com.banking.controller.TransactionController#getStatistics()
2025-07-01 12:19:10 - Mapped to com.banking.controller.TransactionController#getStatistics()
2025-07-01 12:19:10 - Mapped to com.banking.controller.TransactionController#getStatistics()
2025-07-01 12:19:10 - Mapped to com.banking.controller.TransactionController#getStatistics()
2025-07-01 12:19:10 - Mapped to com.banking.controller.TransactionController#getStatistics()
2025-07-01 12:19:10 - Mapped to com.banking.controller.TransactionController#getStatistics()
2025-07-01 12:19:10 - Mapped to com.banking.controller.TransactionController#getStatistics()
2025-07-01 12:19:10 - Mapped to com.banking.controller.TransactionController#getStatistics()
2025-07-01 12:19:10 - Mapped to com.banking.controller.TransactionController#getStatistics()
2025-07-01 12:19:10 - Using 'application/json', given [*/*] and supported [application/json, application/*+json]
2025-07-01 12:19:10 - Mapped to com.banking.controller.TransactionController#getStatistics()
2025-07-01 12:19:10 - Writing [{data={totalTransactions=50, transactionTypes=[Lcom.banking.model.TransactionType;@74c7620f}, succes (truncated)...]
2025-07-01 12:19:10 - Using 'application/json', given [*/*] and supported [application/json, application/*+json]
2025-07-01 12:19:10 - Using 'application/json', given [*/*] and supported [application/json, application/*+json]
2025-07-01 12:19:10 - Using 'application/json', given [*/*] and supported [application/json, application/*+json]
2025-07-01 12:19:10 - Using 'application/json', given [*/*] and supported [application/json, application/*+json]
2025-07-01 12:19:10 - Using 'application/json', given [*/*] and supported [application/json, application/*+json]
2025-07-01 12:19:10 - Mapped to com.banking.controller.TransactionController#getTransactionsByType(TransactionType)
2025-07-01 12:19:10 - Writing [{pagination={totalPages=5, size=10, total=50, page=0}, data=[com.banking.dto.TransactionResponse@195 (truncated)...]
2025-07-01 12:19:10 - Using 'application/json', given [*/*] and supported [application/json, application/*+json]
2025-07-01 12:19:10 - Writing [{pagination={totalPages=5, size=10, total=50, page=0}, data=[com.banking.dto.TransactionResponse@410 (truncated)...]
2025-07-01 12:19:10 - Writing [{pagination={totalPages=5, size=10, total=50, page=0}, data=[com.banking.dto.TransactionResponse@6e5 (truncated)...]
2025-07-01 12:19:10 - Using 'application/json', given [*/*] and supported [application/json, application/*+json]
2025-07-01 12:19:10 - Writing [{pagination={totalPages=5, size=10, total=50, page=0}, data=[com.banking.dto.TransactionResponse@691 (truncated)...]
2025-07-01 12:19:10 - Writing [{pagination={totalPages=5, size=10, total=50, page=0}, data=[com.banking.dto.TransactionResponse@276 (truncated)...]
2025-07-01 12:19:10 - Writing [{pagination={totalPages=5, size=10, total=50, page=0}, data=[com.banking.dto.TransactionResponse@71c (truncated)...]
2025-07-01 12:19:10 - Writing [{pagination={totalPages=5, size=10, total=50, page=0}, data=[com.banking.dto.TransactionResponse@6cc (truncated)...]
2025-07-01 12:19:10 - Using 'application/json', given [*/*] and supported [application/json, application/*+json]
2025-07-01 12:19:10 - Writing [{pagination={totalPages=5, size=10, total=50, page=0}, data=[com.banking.dto.TransactionResponse@11b (truncated)...]
2025-07-01 12:19:10 - Using 'application/json', given [*/*] and supported [application/json, application/*+json]
2025-07-01 12:19:10 - Writing [{pagination={totalPages=5, size=10, total=50, page=0}, data=[com.banking.dto.TransactionResponse@1e6 (truncated)...]
2025-07-01 12:19:10 - Mapped to com.banking.controller.TransactionController#getStatistics()
2025-07-01 12:19:10 - Mapped to com.banking.controller.TransactionController#getStatistics()
2025-07-01 12:19:10 - Mapped to com.banking.controller.TransactionController#getStatistics()
2025-07-01 12:19:10 - Mapped to com.banking.controller.TransactionController#getStatistics()
2025-07-01 12:19:10 - Mapped to com.banking.controller.TransactionController#getStatistics()
2025-07-01 12:19:10 - Mapped to com.banking.controller.TransactionController#getStatistics()
2025-07-01 12:19:10 - Mapped to com.banking.controller.TransactionController#getStatistics()
2025-07-01 12:19:10 - Mapped to com.banking.controller.TransactionController#getStatistics()
2025-07-01 12:19:10 - Mapped to com.banking.controller.TransactionController#getStatistics()
2025-07-01 12:19:10 - Using 'application/json', given [*/*] and supported [application/json, application/*+json]
2025-07-01 12:19:10 - Writing [{pagination={totalPages=5, size=10, total=50, page=0}, data=[com.banking.dto.TransactionResponse@179 (truncated)...]
2025-07-01 12:19:10 - Using 'application/json', given [*/*] and supported [application/json, application/*+json]
2025-07-01 12:19:10 - Using 'application/json', given [*/*] and supported [application/json, application/*+json]
2025-07-01 12:19:10 - Writing [{data={totalTransactions=50, transactionTypes=[Lcom.banking.model.TransactionType;@2cab6704}, succes (truncated)...]
2025-07-01 12:19:10 - Writing [{data={totalTransactions=50, transactionTypes=[Lcom.banking.model.TransactionType;@77392d29}, succes (truncated)...]
2025-07-01 12:19:10 - Using 'application/json', given [*/*] and supported [application/json, application/*+json]
2025-07-01 12:19:10 - Writing [{data={totalTransactions=50, transactionTypes=[Lcom.banking.model.TransactionType;@14fbdd7c}, succes (truncated)...]
2025-07-01 12:19:10 - Mapped to com.banking.controller.TransactionController#getTransactionsByType(TransactionType)
2025-07-01 12:19:10 - Mapped to com.banking.controller.TransactionController#getTransactionsByType(TransactionType)
2025-07-01 12:19:10 - Mapped to com.banking.controller.TransactionController#getTransactionsByType(TransactionType)
2025-07-01 12:19:10 - Mapped to com.banking.controller.TransactionController#getStatistics()
2025-07-01 12:19:10 - Using 'application/json', given [*/*] and supported [application/json, application/*+json]
2025-07-01 12:19:10 - Writing [{pagination={totalPages=5, size=10, total=50, page=0}, data=[com.banking.dto.TransactionResponse@25a (truncated)...]
2025-07-01 12:19:10 - Using 'application/json', given [*/*] and supported [application/json, application/*+json]
2025-07-01 12:19:10 - Writing [{pagination={totalPages=5, size=10, total=50, page=0}, data=[com.banking.dto.TransactionResponse@473 (truncated)...]
2025-07-01 12:19:10 - Using 'application/json', given [*/*] and supported [application/json, application/*+json]
2025-07-01 12:19:10 - Writing [{pagination={totalPages=5, size=10, total=50, page=0}, data=[com.banking.dto.TransactionResponse@480 (truncated)...]
2025-07-01 12:19:10 - Using 'application/json', given [*/*] and supported [application/json, application/*+json]
2025-07-01 12:19:10 - Writing [{pagination={totalPages=5, size=10, total=50, page=0}, data=[com.banking.dto.TransactionResponse@8a9 (truncated)...]
2025-07-01 12:19:10 - Using 'application/json', given [*/*] and supported [application/json, application/*+json]
2025-07-01 12:19:10 - Using 'application/json', given [*/*] and supported [application/json, application/*+json]
2025-07-01 12:19:10 - Writing [{pagination={totalPages=5, size=10, total=50, page=0}, data=[com.banking.dto.TransactionResponse@444 (truncated)...]
2025-07-01 12:19:10 - Writing [{pagination={totalPages=5, size=10, total=50, page=0}, data=[com.banking.dto.TransactionResponse@6b2 (truncated)...]
2025-07-01 12:19:10 - Mapped to com.banking.controller.TransactionController#getStatistics()
2025-07-01 12:19:10 - Mapped to com.banking.controller.TransactionController#getStatistics()
2025-07-01 12:19:10 - Mapped to com.banking.controller.TransactionController#getStatistics()
2025-07-01 12:19:10 - Using 'application/json', given [*/*] and supported [application/json, application/*+json]
2025-07-01 12:19:10 - Using 'application/json', given [*/*] and supported [application/json, application/*+json]
2025-07-01 12:19:10 - Mapped to com.banking.controller.TransactionController#getStatistics()
2025-07-01 12:19:10 - Writing [{pagination={totalPages=5, size=10, total=50, page=0}, data=[com.banking.dto.TransactionResponse@4f3 (truncated)...]
2025-07-01 12:19:10 - Using 'application/json', given [*/*] and supported [application/json, application/*+json]
2025-07-01 12:19:10 - Writing [{pagination={totalPages=5, size=10, total=50, page=0}, data=[com.banking.dto.TransactionResponse@2e1 (truncated)...]
2025-07-01 12:19:10 - Using 'application/json', given [*/*] and supported [application/json, application/*+json]
2025-07-01 12:19:10 - Writing [{pagination={totalPages=5, size=10, total=50, page=0}, data=[com.banking.dto.TransactionResponse@60c (truncated)...]
2025-07-01 12:19:10 - Writing [{pagination={totalPages=5, size=10, total=50, page=0}, data=[com.banking.dto.TransactionResponse@1b8 (truncated)...]
2025-07-01 12:19:10 - Mapped to com.banking.controller.TransactionController#getStatistics()
2025-07-01 12:19:10 - Mapped to com.banking.controller.TransactionController#getStatistics()
2025-07-01 12:19:10 - Using 'application/json', given [*/*] and supported [application/json, application/*+json]
2025-07-01 12:19:10 - Writing [{data={totalTransactions=50, transactionTypes=[Lcom.banking.model.TransactionType;@686c1fa5}, succes (truncated)...]
2025-07-01 12:19:10 - Mapped to com.banking.controller.TransactionController#getStatistics()
2025-07-01 12:19:10 - Mapped to com.banking.controller.TransactionController#getStatistics()
2025-07-01 12:19:10 - Mapped to com.banking.controller.TransactionController#getStatistics()
2025-07-01 12:19:10 - Mapped to com.banking.controller.TransactionController#getStatistics()
2025-07-01 12:19:10 - Mapped to com.banking.controller.TransactionController#getTransactionsByType(TransactionType)
2025-07-01 12:19:10 - Using 'application/json', given [*/*] and supported [application/json, application/*+json]
2025-07-01 12:19:10 - Using 'application/json', given [*/*] and supported [application/json, application/*+json]
2025-07-01 12:19:10 - Writing [{pagination={totalPages=5, size=10, total=50, page=0}, data=[com.banking.dto.TransactionResponse@2e9 (truncated)...]
2025-07-01 12:19:10 - Writing [{pagination={totalPages=5, size=10, total=50, page=0}, data=[com.banking.dto.TransactionResponse@412 (truncated)...]
2025-07-01 12:19:10 - Using 'application/json', given [*/*] and supported [application/json, application/*+json]
2025-07-01 12:19:10 - Writing [{pagination={totalPages=5, size=10, total=50, page=0}, data=[com.banking.dto.TransactionResponse@2f8 (truncated)...]
2025-07-01 12:19:10 - Using 'application/json', given [*/*] and supported [application/json, application/*+json]
2025-07-01 12:19:10 - Writing [{pagination={totalPages=5, size=10, total=50, page=0}, data=[com.banking.dto.TransactionResponse@7f7 (truncated)...]
2025-07-01 12:19:10 - Using 'application/json', given [*/*] and supported [application/json, application/*+json]
2025-07-01 12:19:10 - Writing [{pagination={totalPages=5, size=10, total=50, page=0}, data=[com.banking.dto.TransactionResponse@6de (truncated)...]
2025-07-01 12:19:10 - Mapped to com.banking.controller.TransactionController#getStatistics()
2025-07-01 12:19:10 - Mapped to com.banking.controller.TransactionController#getStatistics()
2025-07-01 12:19:10 - Mapped to com.banking.controller.TransactionController#getStatistics()
2025-07-01 12:19:10 - Mapped to com.banking.controller.TransactionController#getStatistics()
2025-07-01 12:19:10 - Using 'application/json', given [*/*] and supported [application/json, application/*+json]
2025-07-01 12:19:10 - Using 'application/json', given [*/*] and supported [application/json, application/*+json]
2025-07-01 12:19:10 - Writing [{pagination={totalPages=5, size=10, total=50, page=0}, data=[com.banking.dto.TransactionResponse@19f (truncated)...]
2025-07-01 12:19:10 - Writing [{pagination={totalPages=5, size=10, total=50, page=0}, data=[com.banking.dto.TransactionResponse@56b (truncated)...]
2025-07-01 12:19:10 - Using 'application/json', given [*/*] and supported [application/json, application/*+json]
2025-07-01 12:19:10 - Writing [{pagination={totalPages=5, size=10, total=50, page=0}, data=[com.banking.dto.TransactionResponse@18d (truncated)...]
2025-07-01 12:19:10 - Using 'application/json', given [*/*] and supported [application/json, application/*+json]
2025-07-01 12:19:10 - Writing [{pagination={totalPages=5, size=10, total=50, page=0}, data=[com.banking.dto.TransactionResponse@419 (truncated)...]
2025-07-01 12:19:10 - Mapped to com.banking.controller.TransactionController#getStatistics()
2025-07-01 12:19:10 - Using 'application/json', given [*/*] and supported [application/json, application/*+json]
2025-07-01 12:19:10 - Writing [{pagination={totalPages=5, size=10, total=50, page=0}, data=[com.banking.dto.TransactionResponse@465 (truncated)...]
2025-07-01 12:19:10 - Mapped to com.banking.controller.TransactionController#getStatistics()
2025-07-01 12:19:10 - Using 'application/json', given [*/*] and supported [application/json, application/*+json]
2025-07-01 12:19:10 - Using 'application/json', given [*/*] and supported [application/json, application/*+json]
2025-07-01 12:19:10 - Mapped to com.banking.controller.TransactionController#getStatistics()
2025-07-01 12:19:10 - Mapped to com.banking.controller.TransactionController#getStatistics()
2025-07-01 12:19:10 - Writing [{pagination={totalPages=5, size=10, total=50, page=0}, data=[com.banking.dto.TransactionResponse@4f3 (truncated)...]
2025-07-01 12:19:10 - Writing [{pagination={totalPages=5, size=10, total=50, page=0}, data=[com.banking.dto.TransactionResponse@56d (truncated)...]
2025-07-01 12:19:10 - Mapped to com.banking.controller.TransactionController#getStatistics()
2025-07-01 12:19:10 - Using 'application/json', given [*/*] and supported [application/json, application/*+json]
2025-07-01 12:19:10 - Mapped to com.banking.controller.TransactionController#getStatistics()
2025-07-01 12:19:10 - Writing [{pagination={totalPages=5, size=10, total=50, page=0}, data=[com.banking.dto.TransactionResponse@5cc (truncated)...]
2025-07-01 12:19:10 - Using 'application/json', given [*/*] and supported [application/json, application/*+json]
2025-07-01 12:19:10 - Writing [{pagination={totalPages=5, size=10, total=50, page=0}, data=[com.banking.dto.TransactionResponse@c3b (truncated)...]
2025-07-01 12:19:10 - Mapped to com.banking.controller.TransactionController#getStatistics()
2025-07-01 12:19:10 - Mapped to com.banking.controller.TransactionController#getStatistics()
2025-07-01 12:19:10 - Using 'application/json', given [*/*] and supported [application/json, application/*+json]
2025-07-01 12:19:10 - Mapped to com.banking.controller.TransactionController#getStatistics()
2025-07-01 12:19:10 - Writing [{pagination={totalPages=5, size=10, total=50, page=0}, data=[com.banking.dto.TransactionResponse@5e3 (truncated)...]
2025-07-01 12:19:10 - Mapped to com.banking.controller.TransactionController#getStatistics()
2025-07-01 12:19:10 - Using 'application/json', given [*/*] and supported [application/json, application/*+json]
2025-07-01 12:19:10 - Writing [{pagination={totalPages=5, size=10, total=50, page=0}, data=[com.banking.dto.TransactionResponse@42e (truncated)...]
2025-07-01 12:19:10 - Using 'application/json', given [*/*] and supported [application/json, application/*+json]
2025-07-01 12:19:10 - Writing [{pagination={totalPages=5, size=10, total=50, page=0}, data=[com.banking.dto.TransactionResponse@2e1 (truncated)...]
2025-07-01 12:19:10 - Using 'application/json', given [*/*] and supported [application/json, application/*+json]
2025-07-01 12:19:10 - Writing [{pagination={totalPages=5, size=10, total=50, page=0}, data=[com.banking.dto.TransactionResponse@761 (truncated)...]
2025-07-01 12:19:10 - Using 'application/json', given [*/*] and supported [application/json, application/*+json]
2025-07-01 12:19:10 - Writing [{pagination={totalPages=5, size=10, total=50, page=0}, data=[com.banking.dto.TransactionResponse@27e (truncated)...]
2025-07-01 12:19:10 - Mapped to com.banking.controller.TransactionController#getStatistics()
2025-07-01 12:19:10 - Mapped to com.banking.controller.TransactionController#getStatistics()
2025-07-01 12:19:10 - Mapped to com.banking.controller.TransactionController#getStatistics()
2025-07-01 12:19:10 - Mapped to com.banking.controller.TransactionController#getStatistics()
2025-07-01 12:19:10 - Using 'application/json', given [*/*] and supported [application/json, application/*+json]
2025-07-01 12:19:10 - Using 'application/json', given [*/*] and supported [application/json, application/*+json]
2025-07-01 12:19:10 - Writing [{pagination={totalPages=5, size=10, total=50, page=0}, data=[com.banking.dto.TransactionResponse@31b (truncated)...]
2025-07-01 12:19:10 - Using 'application/json', given [*/*] and supported [application/json, application/*+json]
2025-07-01 12:19:10 - Writing [{pagination={totalPages=5, size=10, total=50, page=0}, data=[com.banking.dto.TransactionResponse@7d5 (truncated)...]
2025-07-01 12:19:10 - Writing [{pagination={totalPages=5, size=10, total=50, page=0}, data=[com.banking.dto.TransactionResponse@1c6 (truncated)...]
2025-07-01 12:19:10 - Using 'application/json', given [*/*] and supported [application/json, application/*+json]
2025-07-01 12:19:10 - Writing [{pagination={totalPages=5, size=10, total=50, page=0}, data=[com.banking.dto.TransactionResponse@169 (truncated)...]
2025-07-01 12:19:10 - Mapped to com.banking.controller.TransactionController#getStatistics()
2025-07-01 12:19:11 - Using 'application/json', given [*/*] and supported [application/json, application/*+json]
2025-07-01 12:19:11 - Using 'application/json', given [*/*] and supported [application/json, application/*+json]
2025-07-01 12:19:11 - Writing [{pagination={totalPages=5, size=10, total=50, page=0}, data=[com.banking.dto.TransactionResponse@710 (truncated)...]
2025-07-01 12:19:11 - Writing [{pagination={totalPages=5, size=10, total=50, page=0}, data=[com.banking.dto.TransactionResponse@19e (truncated)...]
2025-07-01 12:19:11 - Using 'application/json', given [*/*] and supported [application/json, application/*+json]
2025-07-01 12:19:11 - Mapped to com.banking.controller.TransactionController#getStatistics()
2025-07-01 12:19:11 - Writing [{pagination={totalPages=5, size=10, total=50, page=0}, data=[com.banking.dto.TransactionResponse@484 (truncated)...]
2025-07-01 12:19:11 - Mapped to com.banking.controller.TransactionController#getStatistics()
2025-07-01 12:19:11 - Mapped to com.banking.controller.TransactionController#getStatistics()
2025-07-01 12:19:11 - Mapped to com.banking.controller.TransactionController#getStatistics()
2025-07-01 12:19:11 - Using 'application/json', given [*/*] and supported [application/json, application/*+json]
2025-07-01 12:19:11 - Using 'application/json', given [*/*] and supported [application/json, application/*+json]
2025-07-01 12:19:11 - Writing [{pagination={totalPages=5, size=10, total=50, page=0}, data=[com.banking.dto.TransactionResponse@5ce (truncated)...]
2025-07-01 12:19:11 - Writing [{pagination={totalPages=5, size=10, total=50, page=0}, data=[com.banking.dto.TransactionResponse@4e7 (truncated)...]
2025-07-01 12:19:11 - Mapped to com.banking.controller.TransactionController#getStatistics()
2025-07-01 12:19:11 - Mapped to com.banking.controller.TransactionController#getStatistics()
2025-07-01 12:19:11 - Mapped to com.banking.controller.TransactionController#getStatistics()
2025-07-01 12:19:11 - Using 'application/json', given [*/*] and supported [application/json, application/*+json]
2025-07-01 12:19:11 - Writing [{pagination={totalPages=5, size=10, total=50, page=0}, data=[com.banking.dto.TransactionResponse@1d1 (truncated)...]
2025-07-01 12:19:11 - Mapped to com.banking.controller.TransactionController#getStatistics()
2025-07-01 12:19:11 - Mapped to com.banking.controller.TransactionController#getStatistics()
2025-07-01 12:19:11 - Using 'application/json', given [*/*] and supported [application/json, application/*+json]
2025-07-01 12:19:11 - Using 'application/json', given [*/*] and supported [application/json, application/*+json]
2025-07-01 12:19:11 - Using 'application/json', given [*/*] and supported [application/json, application/*+json]
2025-07-01 12:19:11 - Using 'application/json', given [*/*] and supported [application/json, application/*+json]
2025-07-01 12:19:11 - Writing [{pagination={totalPages=5, size=10, total=50, page=0}, data=[com.banking.dto.TransactionResponse@170 (truncated)...]
2025-07-01 12:19:11 - Writing [{pagination={totalPages=5, size=10, total=50, page=0}, data=[com.banking.dto.TransactionResponse@4ea (truncated)...]
2025-07-01 12:19:11 - Writing [{pagination={totalPages=5, size=10, total=50, page=0}, data=[com.banking.dto.TransactionResponse@4fa (truncated)...]
2025-07-01 12:19:11 - Writing [{pagination={totalPages=5, size=10, total=50, page=0}, data=[com.banking.dto.TransactionResponse@68c (truncated)...]
2025-07-01 12:19:11 - Mapped to com.banking.controller.TransactionController#getStatistics()
2025-07-01 12:19:11 - Using 'application/json', given [*/*] and supported [application/json, application/*+json]
2025-07-01 12:19:11 - Writing [{pagination={totalPages=5, size=10, total=50, page=0}, data=[com.banking.dto.TransactionResponse@4ae (truncated)...]
2025-07-01 12:19:11 - Using 'application/json', given [*/*] and supported [application/json, application/*+json]
2025-07-01 12:19:11 - Using 'application/json', given [*/*] and supported [application/json, application/*+json]
2025-07-01 12:19:11 - Using 'application/json', given [*/*] and supported [application/json, application/*+json]
2025-07-01 12:19:11 - Writing [{pagination={totalPages=5, size=10, total=50, page=0}, data=[com.banking.dto.TransactionResponse@346 (truncated)...]
2025-07-01 12:19:11 - Writing [{pagination={totalPages=5, size=10, total=50, page=0}, data=[com.banking.dto.TransactionResponse@4aa (truncated)...]
2025-07-01 12:19:11 - Writing [{pagination={totalPages=5, size=10, total=50, page=0}, data=[com.banking.dto.TransactionResponse@5fd (truncated)...]
2025-07-01 12:19:11 - Using 'application/json', given [*/*] and supported [application/json, application/*+json]
2025-07-01 12:19:11 - Writing [{pagination={totalPages=5, size=10, total=50, page=0}, data=[com.banking.dto.TransactionResponse@6ed (truncated)...]
2025-07-01 12:19:11 - Mapped to com.banking.controller.TransactionController#getStatistics()
2025-07-01 12:19:11 - Mapped to com.banking.controller.TransactionController#getStatistics()
2025-07-01 12:19:11 - Mapped to com.banking.controller.TransactionController#getStatistics()
2025-07-01 12:19:11 - Mapped to com.banking.controller.TransactionController#getStatistics()
2025-07-01 12:19:11 - Mapped to com.banking.controller.TransactionController#getStatistics()
2025-07-01 12:19:11 - Mapped to com.banking.controller.TransactionController#getStatistics()
2025-07-01 12:19:11 - Using 'application/json', given [*/*] and supported [application/json, application/*+json]
2025-07-01 12:19:11 - Writing [{pagination={totalPages=5, size=10, total=50, page=0}, data=[com.banking.dto.TransactionResponse@6ea (truncated)...]
2025-07-01 12:19:11 - Mapped to com.banking.controller.TransactionController#getStatistics()
2025-07-01 12:19:11 - Mapped to com.banking.controller.TransactionController#getStatistics()
2025-07-01 12:19:11 - Mapped to com.banking.controller.TransactionController#getStatistics()
2025-07-01 12:19:11 - Using 'application/json', given [*/*] and supported [application/json, application/*+json]
2025-07-01 12:19:11 - Using 'application/json', given [*/*] and supported [application/json, application/*+json]
2025-07-01 12:19:11 - Writing [{pagination={totalPages=5, size=10, total=50, page=0}, data=[com.banking.dto.TransactionResponse@5f1 (truncated)...]
2025-07-01 12:19:11 - Writing [{pagination={totalPages=5, size=10, total=50, page=0}, data=[com.banking.dto.TransactionResponse@369 (truncated)...]
2025-07-01 12:19:11 - Using 'application/json', given [*/*] and supported [application/json, application/*+json]
2025-07-01 12:19:11 - Writing [{pagination={totalPages=5, size=10, total=50, page=0}, data=[com.banking.dto.TransactionResponse@382 (truncated)...]
2025-07-01 12:19:11 - Using 'application/json', given [*/*] and supported [application/json, application/*+json]
2025-07-01 12:19:11 - Writing [{pagination={totalPages=5, size=10, total=50, page=0}, data=[com.banking.dto.TransactionResponse@40e (truncated)...]
2025-07-01 12:19:11 - Mapped to com.banking.controller.TransactionController#getStatistics()
2025-07-01 12:19:11 - Using 'application/json', given [*/*] and supported [application/json, application/*+json]
2025-07-01 12:19:11 - Writing [{pagination={totalPages=5, size=10, total=50, page=0}, data=[com.banking.dto.TransactionResponse@545 (truncated)...]
2025-07-01 12:19:11 - Using 'application/json', given [*/*] and supported [application/json, application/*+json]
2025-07-01 12:19:11 - Writing [{pagination={totalPages=5, size=10, total=50, page=0}, data=[com.banking.dto.TransactionResponse@72f (truncated)...]
2025-07-01 12:19:11 - Mapped to com.banking.controller.TransactionController#getStatistics()
2025-07-01 12:19:11 - Using 'application/json', given [*/*] and supported [application/json, application/*+json]
2025-07-01 12:19:11 - Using 'application/json', given [*/*] and supported [application/json, application/*+json]
2025-07-01 12:19:11 - Mapped to com.banking.controller.TransactionController#getStatistics()
2025-07-01 12:19:11 - Writing [{pagination={totalPages=5, size=10, total=50, page=0}, data=[com.banking.dto.TransactionResponse@735 (truncated)...]
2025-07-01 12:19:11 - Writing [{pagination={totalPages=5, size=10, total=50, page=0}, data=[com.banking.dto.TransactionResponse@705 (truncated)...]
2025-07-01 12:19:11 - Using 'application/json', given [*/*] and supported [application/json, application/*+json]
2025-07-01 12:19:11 - Writing [{pagination={totalPages=5, size=10, total=50, page=0}, data=[com.banking.dto.TransactionResponse@6ae (truncated)...]
2025-07-01 12:19:11 - Mapped to com.banking.controller.TransactionController#getStatistics()
2025-07-01 12:19:11 - Mapped to com.banking.controller.TransactionController#getStatistics()
2025-07-01 12:19:11 - Mapped to com.banking.controller.TransactionController#getStatistics()
2025-07-01 12:19:11 - Mapped to com.banking.controller.TransactionController#getStatistics()
2025-07-01 12:19:11 - Mapped to com.banking.controller.TransactionController#getStatistics()
2025-07-01 12:19:11 - Mapped to com.banking.controller.TransactionController#getStatistics()
2025-07-01 12:19:11 - Mapped to com.banking.controller.TransactionController#getStatistics()
2025-07-01 12:19:11 - Using 'application/json', given [*/*] and supported [application/json, application/*+json]
2025-07-01 12:19:11 - Using 'application/json', given [*/*] and supported [application/json, application/*+json]
2025-07-01 12:19:11 - Using 'application/json', given [*/*] and supported [application/json, application/*+json]
2025-07-01 12:19:11 - Writing [{data={totalTransactions=50, transactionTypes=[Lcom.banking.model.TransactionType;@313062ac}, succes (truncated)...]
2025-07-01 12:19:11 - Writing [{data={totalTransactions=50, transactionTypes=[Lcom.banking.model.TransactionType;@2968e560}, succes (truncated)...]
2025-07-01 12:19:11 - Writing [{pagination={totalPages=5, size=10, total=50, page=0}, data=[com.banking.dto.TransactionResponse@7db (truncated)...]
2025-07-01 12:19:11 - Using 'application/json', given [*/*] and supported [application/json, application/*+json]
2025-07-01 12:19:11 - Writing [{data={totalTransactions=50, transactionTypes=[Lcom.banking.model.TransactionType;@1d66abde}, succes (truncated)...]
2025-07-01 12:19:11 - Using 'application/json', given [*/*] and supported [application/json, application/*+json]
2025-07-01 12:19:11 - Using 'application/json', given [*/*] and supported [application/json, application/*+json]
2025-07-01 12:19:11 - Mapped to com.banking.controller.TransactionController#getTransactionsByType(TransactionType)
2025-07-01 12:19:11 - Using 'application/json', given [*/*] and supported [application/json, application/*+json]
2025-07-01 12:19:11 - Writing [{data={totalTransactions=50, transactionTypes=[Lcom.banking.model.TransactionType;@70535f5c}, succes (truncated)...]
2025-07-01 12:19:11 - Using 'application/json', given [*/*] and supported [application/json, application/*+json]
2025-07-01 12:19:11 - Using 'application/json', given [*/*] and supported [application/json, application/*+json]
2025-07-01 12:19:11 - Writing [{pagination={totalPages=5, size=10, total=50, page=0}, data=[com.banking.dto.TransactionResponse@24f (truncated)...]
2025-07-01 12:19:11 - Mapped to com.banking.controller.TransactionController#getTransactionsByType(TransactionType)
2025-07-01 12:19:11 - Writing [{data={totalTransactions=50, transactionTypes=[Lcom.banking.model.TransactionType;@74917c0}, success (truncated)...]
2025-07-01 12:19:11 - Mapped to com.banking.controller.TransactionController#getTransactionsByType(TransactionType)
2025-07-01 12:19:11 - Writing [{data={totalTransactions=50, transactionTypes=[Lcom.banking.model.TransactionType;@4fa1f18c}, succes (truncated)...]
2025-07-01 12:19:11 - Writing [{pagination={totalPages=5, size=10, total=50, page=0}, data=[com.banking.dto.TransactionResponse@630 (truncated)...]
2025-07-01 12:19:11 - Using 'application/json', given [*/*] and supported [application/json, application/*+json]
2025-07-01 12:19:11 - Writing [{pagination={totalPages=5, size=10, total=50, page=0}, data=[com.banking.dto.TransactionResponse@d26 (truncated)...]
2025-07-01 12:19:11 - Using 'application/json', given [*/*] and supported [application/json, application/*+json]
2025-07-01 12:19:11 - Writing [{data={totalTransactions=50, transactionTypes=[Lcom.banking.model.TransactionType;@2f8ce038}, succes (truncated)...]
2025-07-01 12:19:11 - Using 'application/json', given [*/*] and supported [application/json, application/*+json]
2025-07-01 12:19:11 - Writing [{pagination={totalPages=5, size=10, total=50, page=0}, data=[com.banking.dto.TransactionResponse@383 (truncated)...]
2025-07-01 12:19:11 - Mapped to com.banking.controller.TransactionController#getTransactionsByType(TransactionType)
2025-07-01 12:19:11 - Mapped to com.banking.controller.TransactionController#getTransactionsByType(TransactionType)
2025-07-01 12:19:11 - Mapped to com.banking.controller.TransactionController#getTransactionsByType(TransactionType)
2025-07-01 12:19:11 - Using 'application/json', given [*/*] and supported [application/json, application/*+json]
2025-07-01 12:19:11 - Writing [{data={totalTransactions=50, transactionTypes=[Lcom.banking.model.TransactionType;@7bf87758}, succes (truncated)...]
2025-07-01 12:19:11 - Using 'application/json', given [*/*] and supported [application/json, application/*+json]
2025-07-01 12:19:11 - Using 'application/json', given [*/*] and supported [application/json, application/*+json]
2025-07-01 12:19:11 - Using 'application/json', given [*/*] and supported [application/json, application/*+json]
2025-07-01 12:19:11 - Writing [{data={totalTransactions=50, transactionTypes=[Lcom.banking.model.TransactionType;@38b8f788}, succes (truncated)...]
2025-07-01 12:19:11 - Writing [{pagination={totalPages=5, size=10, total=50, page=0}, data=[com.banking.dto.TransactionResponse@242 (truncated)...]
2025-07-01 12:19:11 - Writing [{pagination={totalPages=5, size=10, total=50, page=0}, data=[com.banking.dto.TransactionResponse@459 (truncated)...]
2025-07-01 12:19:11 - Mapped to com.banking.controller.TransactionController#getStatistics()
2025-07-01 12:19:11 - Mapped to com.banking.controller.TransactionController#getTransactionsByType(TransactionType)
2025-07-01 12:19:11 - Using 'application/json', given [*/*] and supported [application/json, application/*+json]
2025-07-01 12:19:11 - Mapped to com.banking.controller.TransactionController#getStatistics()
2025-07-01 12:19:11 - Mapped to com.banking.controller.TransactionController#getTransactionsByType(TransactionType)
2025-07-01 12:19:11 - Mapped to com.banking.controller.TransactionController#getStatistics()
2025-07-01 12:19:11 - Mapped to com.banking.controller.TransactionController#getStatistics()
2025-07-01 12:19:11 - Using 'application/json', given [*/*] and supported [application/json, application/*+json]
2025-07-01 12:19:11 - Mapped to com.banking.controller.TransactionController#getTransactionsByType(TransactionType)
2025-07-01 12:19:11 - Writing [{data={totalTransactions=50, transactionTypes=[Lcom.banking.model.TransactionType;@2b7f972f}, succes (truncated)...]
2025-07-01 12:19:11 - Writing [{data={totalTransactions=50, transactionTypes=[Lcom.banking.model.TransactionType;@17402d4}, success (truncated)...]
2025-07-01 12:19:11 - Mapped to com.banking.controller.TransactionController#getStatistics()
2025-07-01 12:19:11 - Using 'application/json', given [*/*] and supported [application/json, application/*+json]
2025-07-01 12:19:11 - Using 'application/json', given [*/*] and supported [application/json, application/*+json]
2025-07-01 12:19:11 - Writing [{data={totalTransactions=50, transactionTypes=[Lcom.banking.model.TransactionType;@4d922270}, succes (truncated)...]
2025-07-01 12:19:11 - Using 'application/json', given [*/*] and supported [application/json, application/*+json]
2025-07-01 12:19:11 - Writing [{data={totalTransactions=50, transactionTypes=[Lcom.banking.model.TransactionType;@6d3d92aa}, succes (truncated)...]
2025-07-01 12:19:11 - Writing [{data={totalTransactions=50, transactionTypes=[Lcom.banking.model.TransactionType;@62bffbe8}, succes (truncated)...]
2025-07-01 12:19:11 - Mapped to com.banking.controller.TransactionController#getStatistics()
2025-07-01 12:19:11 - Using 'application/json', given [*/*] and supported [application/json, application/*+json]
2025-07-01 12:19:11 - Using 'application/json', given [*/*] and supported [application/json, application/*+json]
2025-07-01 12:19:11 - Writing [{data={totalTransactions=50, transactionTypes=[Lcom.banking.model.TransactionType;@1749e4c9}, succes (truncated)...]
2025-07-01 12:19:11 - Writing [{data={totalTransactions=50, transactionTypes=[Lcom.banking.model.TransactionType;@759f6ee7}, succes (truncated)...]
2025-07-01 12:19:11 - Using 'application/json', given [*/*] and supported [application/json, application/*+json]
2025-07-01 12:19:11 - Writing [{data={totalTransactions=50, transactionTypes=[Lcom.banking.model.TransactionType;@6a32d9a2}, succes (truncated)...]
2025-07-01 12:19:11 - Mapped to com.banking.controller.TransactionController#getTransactionsByType(TransactionType)
2025-07-01 12:19:11 - Using 'application/json', given [*/*] and supported [application/json, application/*+json]
2025-07-01 12:19:11 - Mapped to com.banking.controller.TransactionController#getTransactionsByType(TransactionType)
2025-07-01 12:19:11 - Mapped to com.banking.controller.TransactionController#getStatistics()
2025-07-01 12:19:11 - Using 'application/json', given [*/*] and supported [application/json, application/*+json]
2025-07-01 12:19:11 - Writing [{data={totalTransactions=50, transactionTypes=[Lcom.banking.model.TransactionType;@5dcb2e32}, succes (truncated)...]
2025-07-01 12:19:11 - Using 'application/json', given [*/*] and supported [application/json, application/*+json]
2025-07-01 12:19:11 - Writing [{data={totalTransactions=50, transactionTypes=[Lcom.banking.model.TransactionType;@afaa824}, success (truncated)...]
2025-07-01 12:19:11 - Mapped to com.banking.controller.TransactionController#getTransactionsByType(TransactionType)
2025-07-01 12:19:11 - Mapped to com.banking.controller.TransactionController#getTransactionsByType(TransactionType)
2025-07-01 12:19:11 - Mapped to com.banking.controller.TransactionController#getTransactionsByType(TransactionType)
2025-07-01 12:19:11 - Writing [{data={totalTransactions=50, transactionTypes=[Lcom.banking.model.TransactionType;@6cd4d2b5}, succes (truncated)...]
2025-07-01 12:19:11 - Mapped to com.banking.controller.TransactionController#getTransactionsByType(TransactionType)
2025-07-01 12:19:11 - Mapped to com.banking.controller.TransactionController#getTransactionsByType(TransactionType)
2025-07-01 12:19:11 - Mapped to com.banking.controller.TransactionController#getTransactionsByType(TransactionType)
2025-07-01 12:19:11 - Using 'application/json', given [*/*] and supported [application/json, application/*+json]
2025-07-01 12:19:11 - Using 'application/json', given [*/*] and supported [application/json, application/*+json]
2025-07-01 12:19:11 - Using 'application/json', given [*/*] and supported [application/json, application/*+json]
2025-07-01 12:19:11 - Writing [{data={totalTransactions=50, transactionTypes=[Lcom.banking.model.TransactionType;@4575d30}, success (truncated)...]
2025-07-01 12:19:11 - Mapped to com.banking.controller.TransactionController#getTransactionsByType(TransactionType)
2025-07-01 12:19:11 - Writing [{data={totalTransactions=50, transactionTypes=[Lcom.banking.model.TransactionType;@3c19ef04}, succes (truncated)...]
2025-07-01 12:19:11 - Using 'application/json', given [*/*] and supported [application/json, application/*+json]
2025-07-01 12:19:11 - Writing [{data={totalTransactions=50, transactionTypes=[Lcom.banking.model.TransactionType;@4ab9eb5b}, succes (truncated)...]
2025-07-01 12:19:11 - Mapped to com.banking.controller.TransactionController#getTransactionsByType(TransactionType)
2025-07-01 12:19:11 - Mapped to com.banking.controller.TransactionController#getTransactionsByType(TransactionType)
2025-07-01 12:19:11 - Using 'application/json', given [*/*] and supported [application/json, application/*+json]
2025-07-01 12:19:11 - Writing [{data={totalTransactions=50, transactionTypes=[Lcom.banking.model.TransactionType;@742e5e91}, succes (truncated)...]
2025-07-01 12:19:11 - Using 'application/json', given [*/*] and supported [application/json, application/*+json]
2025-07-01 12:19:11 - Writing [{data={totalTransactions=50, transactionTypes=[Lcom.banking.model.TransactionType;@3ee8899}, success (truncated)...]
2025-07-01 12:19:11 - Using 'application/json', given [*/*] and supported [application/json, application/*+json]
2025-07-01 12:19:11 - Mapped to com.banking.controller.TransactionController#getTransactionsByType(TransactionType)
2025-07-01 12:19:11 - Writing [{data={totalTransactions=50, transactionTypes=[Lcom.banking.model.TransactionType;@46bdea3b}, succes (truncated)...]
2025-07-01 12:19:11 - Writing [{data={totalTransactions=50, transactionTypes=[Lcom.banking.model.TransactionType;@4867f47f}, succes (truncated)...]
2025-07-01 12:19:11 - Mapped to com.banking.controller.TransactionController#getTransactionsByType(TransactionType)
2025-07-01 12:19:11 - Using 'application/json', given [*/*] and supported [application/json, application/*+json]
2025-07-01 12:19:11 - Mapped to com.banking.controller.TransactionController#getTransactionsByType(TransactionType)
2025-07-01 12:19:11 - Writing [{data={totalTransactions=50, transactionTypes=[Lcom.banking.model.TransactionType;@4fd35bc6}, succes (truncated)...]
2025-07-01 12:19:11 - Using 'application/json', given [*/*] and supported [application/json, application/*+json]
2025-07-01 12:19:11 - Writing [{data={totalTransactions=50, transactionTypes=[Lcom.banking.model.TransactionType;@2a15e1de}, succes (truncated)...]
2025-07-01 12:19:11 - Using 'application/json', given [*/*] and supported [application/json, application/*+json]
2025-07-01 12:19:11 - Writing [{data={totalTransactions=50, transactionTypes=[Lcom.banking.model.TransactionType;@4dfc02f8}, succes (truncated)...]
2025-07-01 12:19:11 - Mapped to com.banking.controller.TransactionController#getTransactionsByType(TransactionType)
2025-07-01 12:19:11 - Mapped to com.banking.controller.TransactionController#getTransactionsByType(TransactionType)
2025-07-01 12:19:11 - Mapped to com.banking.controller.TransactionController#getTransactionsByType(TransactionType)
2025-07-01 12:19:11 - Using 'application/json', given [*/*] and supported [application/json, application/*+json]
2025-07-01 12:19:11 - Using 'application/json', given [*/*] and supported [application/json, application/*+json]
2025-07-01 12:19:11 - Mapped to com.banking.controller.TransactionController#getTransactionsByType(TransactionType)
2025-07-01 12:19:11 - Mapped to com.banking.controller.TransactionController#getTransactionsByType(TransactionType)
2025-07-01 12:19:11 - Writing [{pagination={totalPages=5, size=10, total=50, page=0}, data=[com.banking.dto.TransactionResponse@611 (truncated)...]
2025-07-01 12:19:11 - Mapped to com.banking.controller.TransactionController#getTransactionsByType(TransactionType)
2025-07-01 12:19:11 - Writing [{data={totalTransactions=50, transactionTypes=[Lcom.banking.model.TransactionType;@3d4646e1}, succes (truncated)...]
2025-07-01 12:19:11 - Mapped to com.banking.controller.TransactionController#getTransactionsByType(TransactionType)
2025-07-01 12:19:11 - Using 'application/json', given [*/*] and supported [application/json, application/*+json]
2025-07-01 12:19:11 - Using 'application/json', given [*/*] and supported [application/json, application/*+json]
2025-07-01 12:19:11 - Writing [{data={totalTransactions=50, transactionTypes=[Lcom.banking.model.TransactionType;@6acec2df}, succes (truncated)...]
2025-07-01 12:19:11 - Using 'application/json', given [*/*] and supported [application/json, application/*+json]
2025-07-01 12:19:11 - Writing [{data={totalTransactions=50, transactionTypes=[Lcom.banking.model.TransactionType;@7a5d546c}, succes (truncated)...]
2025-07-01 12:19:11 - Writing [{data={totalTransactions=50, transactionTypes=[Lcom.banking.model.TransactionType;@38c40af1}, succes (truncated)...]
2025-07-01 12:19:11 - Using 'application/json', given [*/*] and supported [application/json, application/*+json]
2025-07-01 12:19:11 - Mapped to com.banking.controller.TransactionController#getTransactionsByType(TransactionType)
2025-07-01 12:19:11 - Using 'application/json', given [*/*] and supported [application/json, application/*+json]
2025-07-01 12:19:11 - Writing [{pagination={totalPages=5, size=10, total=50, page=0}, data=[com.banking.dto.TransactionResponse@2b9 (truncated)...]
2025-07-01 12:19:11 - Writing [{data={totalTransactions=50, transactionTypes=[Lcom.banking.model.TransactionType;@fb5f75c}, success (truncated)...]
2025-07-01 12:19:11 - Mapped to com.banking.controller.TransactionController#getTransactionsByType(TransactionType)
2025-07-01 12:19:11 - Mapped to com.banking.controller.TransactionController#getTransactionsByType(TransactionType)
2025-07-01 12:19:11 - Using 'application/json', given [*/*] and supported [application/json, application/*+json]
2025-07-01 12:19:11 - Mapped to com.banking.controller.TransactionController#getTransactionsByType(TransactionType)
2025-07-01 12:19:11 - Writing [{data={totalTransactions=50, transactionTypes=[Lcom.banking.model.TransactionType;@3cf394cf}, succes (truncated)...]
2025-07-01 12:19:11 - Mapped to com.banking.controller.TransactionController#getStatistics()
2025-07-01 12:19:11 - Using 'application/json', given [*/*] and supported [application/json, application/*+json]
2025-07-01 12:19:11 - Using 'application/json', given [*/*] and supported [application/json, application/*+json]
2025-07-01 12:19:11 - Using 'application/json', given [*/*] and supported [application/json, application/*+json]
2025-07-01 12:19:11 - Writing [{data={totalTransactions=50, transactionTypes=[Lcom.banking.model.TransactionType;@58ede3d2}, succes (truncated)...]
2025-07-01 12:19:11 - Writing [{data={totalTransactions=50, transactionTypes=[Lcom.banking.model.TransactionType;@2f1968a1}, succes (truncated)...]
2025-07-01 12:19:11 - Writing [{data={totalTransactions=50, transactionTypes=[Lcom.banking.model.TransactionType;@446d9da7}, succes (truncated)...]
2025-07-01 12:19:11 - Mapped to com.banking.controller.TransactionController#getTransactionsByType(TransactionType)
2025-07-01 12:19:11 - Mapped to com.banking.controller.TransactionController#getTransactionsByType(TransactionType)
2025-07-01 12:19:11 - Using 'application/json', given [*/*] and supported [application/json, application/*+json]
2025-07-01 12:19:11 - Writing [{data={totalTransactions=50, transactionTypes=[Lcom.banking.model.TransactionType;@38b45f5f}, succes (truncated)...]
2025-07-01 12:19:11 - Mapped to com.banking.controller.TransactionController#getTransactionsByType(TransactionType)
2025-07-01 12:19:11 - Mapped to com.banking.controller.TransactionController#getStatistics()
2025-07-01 12:19:11 - Mapped to com.banking.controller.TransactionController#getTransactionsByType(TransactionType)
2025-07-01 12:19:11 - Using 'application/json', given [*/*] and supported [application/json, application/*+json]
2025-07-01 12:19:11 - Mapped to com.banking.controller.TransactionController#getTransactionsByType(TransactionType)
2025-07-01 12:19:11 - Using 'application/json', given [*/*] and supported [application/json, application/*+json]
2025-07-01 12:19:11 - Writing [{data={totalTransactions=50, transactionTypes=[Lcom.banking.model.TransactionType;@76f613bc}, succes (truncated)...]
2025-07-01 12:19:11 - Using 'application/json', given [*/*] and supported [application/json, application/*+json]
2025-07-01 12:19:11 - Writing [{data={totalTransactions=50, transactionTypes=[Lcom.banking.model.TransactionType;@5f5f009b}, succes (truncated)...]
2025-07-01 12:19:11 - Writing [{data={totalTransactions=50, transactionTypes=[Lcom.banking.model.TransactionType;@1f7fe901}, succes (truncated)...]
2025-07-01 12:19:11 - Using 'application/json', given [*/*] and supported [application/json, application/*+json]
2025-07-01 12:19:11 - Using 'application/json', given [*/*] and supported [application/json, application/*+json]
2025-07-01 12:19:11 - Writing [{data={totalTransactions=50, transactionTypes=[Lcom.banking.model.TransactionType;@2ab5b1c4}, succes (truncated)...]
2025-07-01 12:19:11 - Writing [{data={totalTransactions=50, transactionTypes=[Lcom.banking.model.TransactionType;@1a9e6936}, succes (truncated)...]
2025-07-01 12:19:11 - Mapped to com.banking.controller.TransactionController#getTransactionsByType(TransactionType)
2025-07-01 12:19:11 - Using 'application/json', given [*/*] and supported [application/json, application/*+json]
2025-07-01 12:19:11 - Writing [{data={totalTransactions=50, transactionTypes=[Lcom.banking.model.TransactionType;@34f4b789}, succes (truncated)...]
2025-07-01 12:19:11 - Using 'application/json', given [*/*] and supported [application/json, application/*+json]
2025-07-01 12:19:11 - Mapped to com.banking.controller.TransactionController#getTransactionsByType(TransactionType)
2025-07-01 12:19:11 - Mapped to com.banking.controller.TransactionController#getTransactionsByType(TransactionType)
2025-07-01 12:19:11 - Mapped to com.banking.controller.TransactionController#getTransactionsByType(TransactionType)
2025-07-01 12:19:11 - Using 'application/json', given [*/*] and supported [application/json, application/*+json]
2025-07-01 12:19:11 - Using 'application/json', given [*/*] and supported [application/json, application/*+json]
2025-07-01 12:19:11 - Writing [{pagination={totalPages=5, size=10, total=50, page=0}, data=[com.banking.dto.TransactionResponse@268 (truncated)...]
2025-07-01 12:19:11 - Writing [{data={totalTransactions=50, transactionTypes=[Lcom.banking.model.TransactionType;@60e594dd}, succes (truncated)...]
2025-07-01 12:19:11 - Using 'application/json', given [*/*] and supported [application/json, application/*+json]
2025-07-01 12:19:11 - Writing [{data={totalTransactions=50, transactionTypes=[Lcom.banking.model.TransactionType;@25267919}, succes (truncated)...]
2025-07-01 12:19:11 - Writing [{data={totalTransactions=50, transactionTypes=[Lcom.banking.model.TransactionType;@2a0d79c4}, succes (truncated)...]
2025-07-01 12:19:11 - Mapped to com.banking.controller.TransactionController#getTransactionsByType(TransactionType)
2025-07-01 12:19:11 - Mapped to com.banking.controller.TransactionController#getTransactionsByType(TransactionType)
2025-07-01 12:19:11 - Using 'application/json', given [*/*] and supported [application/json, application/*+json]
2025-07-01 12:19:11 - Writing [{data={totalTransactions=50, transactionTypes=[Lcom.banking.model.TransactionType;@58f3ef3f}, succes (truncated)...]
2025-07-01 12:19:11 - Using 'application/json', given [*/*] and supported [application/json, application/*+json]
2025-07-01 12:19:11 - Mapped to com.banking.controller.TransactionController#getTransactionsByType(TransactionType)
2025-07-01 12:19:11 - Writing [{data={totalTransactions=50, transactionTypes=[Lcom.banking.model.TransactionType;@7223632d}, succes (truncated)...]
2025-07-01 12:19:11 - Using 'application/json', given [*/*] and supported [application/json, application/*+json]
2025-07-01 12:19:11 - Writing [{data={totalTransactions=50, transactionTypes=[Lcom.banking.model.TransactionType;@2122627a}, succes (truncated)...]
2025-07-01 12:19:11 - Mapped to com.banking.controller.TransactionController#getTransactionsByType(TransactionType)
2025-07-01 12:19:11 - Mapped to com.banking.controller.TransactionController#getTransactionsByType(TransactionType)
2025-07-01 12:19:11 - Using 'application/json', given [*/*] and supported [application/json, application/*+json]
2025-07-01 12:19:11 - Using 'application/json', given [*/*] and supported [application/json, application/*+json]
2025-07-01 12:19:11 - Writing [{data={totalTransactions=50, transactionTypes=[Lcom.banking.model.TransactionType;@4bbd2be0}, succes (truncated)...]
2025-07-01 12:19:11 - Using 'application/json', given [*/*] and supported [application/json, application/*+json]
2025-07-01 12:19:11 - Writing [{data={totalTransactions=50, transactionTypes=[Lcom.banking.model.TransactionType;@34e97ea2}, succes (truncated)...]
2025-07-01 12:19:11 - Mapped to com.banking.controller.TransactionController#getTransactionsByType(TransactionType)
2025-07-01 12:19:11 - Writing [{data={totalTransactions=50, transactionTypes=[Lcom.banking.model.TransactionType;@318255ec}, succes (truncated)...]
2025-07-01 12:19:11 - Using 'application/json', given [*/*] and supported [application/json, application/*+json]
2025-07-01 12:19:11 - Writing [{data={totalTransactions=50, transactionTypes=[Lcom.banking.model.TransactionType;@44aed8d6}, succes (truncated)...]
2025-07-01 12:19:11 - Mapped to com.banking.controller.TransactionController#getTransactionsByType(TransactionType)
2025-07-01 12:19:11 - Mapped to com.banking.controller.TransactionController#getStatistics()
2025-07-01 12:19:11 - Using 'application/json', given [*/*] and supported [application/json, application/*+json]
2025-07-01 12:19:11 - Mapped to com.banking.controller.TransactionController#getTransactionsByType(TransactionType)
2025-07-01 12:19:11 - Using 'application/json', given [*/*] and supported [application/json, application/*+json]
2025-07-01 12:19:11 - Writing [{data={totalTransactions=50, transactionTypes=[Lcom.banking.model.TransactionType;@7863f036}, succes (truncated)...]
2025-07-01 12:19:11 - Using 'application/json', given [*/*] and supported [application/json, application/*+json]
2025-07-01 12:19:11 - Mapped to com.banking.controller.TransactionController#getTransactionsByType(TransactionType)
2025-07-01 12:19:11 - Writing [{data={totalTransactions=50, transactionTypes=[Lcom.banking.model.TransactionType;@70abbaec}, succes (truncated)...]
2025-07-01 12:19:11 - Mapped to com.banking.controller.TransactionController#getTransactionsByType(TransactionType)
2025-07-01 12:19:11 - Mapped to com.banking.controller.TransactionController#getTransactionsByType(TransactionType)
2025-07-01 12:19:11 - Using 'application/json', given [*/*] and supported [application/json, application/*+json]
2025-07-01 12:19:11 - Writing [{data={totalTransactions=50, transactionTypes=[Lcom.banking.model.TransactionType;@460384b1}, succes (truncated)...]
2025-07-01 12:19:11 - Writing [{data={totalTransactions=50, transactionTypes=[Lcom.banking.model.TransactionType;@6788d682}, succes (truncated)...]
2025-07-01 12:19:11 - Mapped to com.banking.controller.TransactionController#getTransactionsByType(TransactionType)
2025-07-01 12:19:11 - Mapped to com.banking.controller.TransactionController#getTransactionsByType(TransactionType)
2025-07-01 12:19:11 - Using 'application/json', given [*/*] and supported [application/json, application/*+json]
2025-07-01 12:19:11 - Using 'application/json', given [*/*] and supported [application/json, application/*+json]
2025-07-01 12:19:11 - Writing [{data={totalTransactions=50, transactionTypes=[Lcom.banking.model.TransactionType;@702e2391}, succes (truncated)...]
2025-07-01 12:19:11 - Writing [{data={totalTransactions=50, transactionTypes=[Lcom.banking.model.TransactionType;@49cb4d5c}, succes (truncated)...]
2025-07-01 12:19:11 - Mapped to com.banking.controller.TransactionController#getTransactionsByType(TransactionType)
2025-07-01 12:19:11 - Using 'application/json', given [*/*] and supported [application/json, application/*+json]
2025-07-01 12:19:11 - Using 'application/json', given [*/*] and supported [application/json, application/*+json]
2025-07-01 12:19:11 - Writing [{data={totalTransactions=50, transactionTypes=[Lcom.banking.model.TransactionType;@5a42c8d2}, succes (truncated)...]
2025-07-01 12:19:11 - Writing [{data={totalTransactions=50, transactionTypes=[Lcom.banking.model.TransactionType;@34ad4d32}, succes (truncated)...]
2025-07-01 12:19:11 - Mapped to com.banking.controller.TransactionController#getTransactionsByType(TransactionType)
2025-07-01 12:19:11 - Mapped to com.banking.controller.TransactionController#getTransactionsByType(TransactionType)
2025-07-01 12:19:11 - Mapped to com.banking.controller.TransactionController#getTransactionsByType(TransactionType)
2025-07-01 12:19:11 - Using 'application/json', given [*/*] and supported [application/json, application/*+json]
2025-07-01 12:19:11 - Using 'application/json', given [*/*] and supported [application/json, application/*+json]
2025-07-01 12:19:11 - Writing [{data={totalTransactions=50, transactionTypes=[Lcom.banking.model.TransactionType;@9e431ca}, success (truncated)...]
2025-07-01 12:19:11 - Writing [{data={totalTransactions=50, transactionTypes=[Lcom.banking.model.TransactionType;@7e10ac08}, succes (truncated)...]
2025-07-01 12:19:11 - Using 'application/json', given [*/*] and supported [application/json, application/*+json]
2025-07-01 12:19:11 - Using 'application/json', given [*/*] and supported [application/json, application/*+json]
2025-07-01 12:19:11 - Mapped to com.banking.controller.TransactionController#getTransactionsByType(TransactionType)
2025-07-01 12:19:11 - Writing [{data={totalTransactions=50, transactionTypes=[Lcom.banking.model.TransactionType;@522bae8a}, succes (truncated)...]
2025-07-01 12:19:11 - Mapped to com.banking.controller.TransactionController#getTransactionsByType(TransactionType)
2025-07-01 12:19:11 - Using 'application/json', given [*/*] and supported [application/json, application/*+json]
2025-07-01 12:19:11 - Writing [{data={totalTransactions=50, transactionTypes=[Lcom.banking.model.TransactionType;@7a02ad40}, succes (truncated)...]
2025-07-01 12:19:11 - Mapped to com.banking.controller.TransactionController#getTransactionsByType(TransactionType)
2025-07-01 12:19:11 - Mapped to com.banking.controller.TransactionController#getTransactionsByType(TransactionType)
2025-07-01 12:19:11 - Writing [{data={totalTransactions=50, transactionTypes=[Lcom.banking.model.TransactionType;@7b648831}, succes (truncated)...]
2025-07-01 12:19:11 - Using 'application/json', given [*/*] and supported [application/json, application/*+json]
2025-07-01 12:19:11 - Writing [{data={totalTransactions=50, transactionTypes=[Lcom.banking.model.TransactionType;@6ec7653c}, succes (truncated)...]
2025-07-01 12:19:11 - Mapped to com.banking.controller.TransactionController#getTransactionsByType(TransactionType)
2025-07-01 12:19:11 - Mapped to com.banking.controller.TransactionController#getTransactionsByType(TransactionType)
2025-07-01 12:19:11 - Using 'application/json', given [*/*] and supported [application/json, application/*+json]
2025-07-01 12:19:11 - Using 'application/json', given [*/*] and supported [application/json, application/*+json]
2025-07-01 12:19:11 - Writing [{data={totalTransactions=50, transactionTypes=[Lcom.banking.model.TransactionType;@13ad56a2}, succes (truncated)...]
2025-07-01 12:19:11 - Mapped to com.banking.controller.TransactionController#getTransactionsByType(TransactionType)
2025-07-01 12:19:11 - Writing [{data={totalTransactions=50, transactionTypes=[Lcom.banking.model.TransactionType;@a166bc6}, success (truncated)...]
2025-07-01 12:19:11 - Using 'application/json', given [*/*] and supported [application/json, application/*+json]
2025-07-01 12:19:11 - Using 'application/json', given [*/*] and supported [application/json, application/*+json]
2025-07-01 12:19:11 - Writing [{data={totalTransactions=50, transactionTypes=[Lcom.banking.model.TransactionType;@51d1abd6}, succes (truncated)...]
2025-07-01 12:19:11 - Writing [{data={totalTransactions=50, transactionTypes=[Lcom.banking.model.TransactionType;@43fdb8ed}, succes (truncated)...]
2025-07-01 12:19:11 - Using 'application/json', given [*/*] and supported [application/json, application/*+json]
2025-07-01 12:19:11 - Mapped to com.banking.controller.TransactionController#getTransactionsByType(TransactionType)
2025-07-01 12:19:11 - Writing [{data={totalTransactions=50, transactionTypes=[Lcom.banking.model.TransactionType;@2476d753}, succes (truncated)...]
2025-07-01 12:19:11 - Mapped to com.banking.controller.TransactionController#getTransactionsByType(TransactionType)
2025-07-01 12:19:11 - Using 'application/json', given [*/*] and supported [application/json, application/*+json]
2025-07-01 12:19:11 - Mapped to com.banking.controller.TransactionController#getTransactionsByType(TransactionType)
2025-07-01 12:19:11 - Writing [{data={totalTransactions=50, transactionTypes=[Lcom.banking.model.TransactionType;@7d0bf37a}, succes (truncated)...]
2025-07-01 12:19:11 - Using 'application/json', given [*/*] and supported [application/json, application/*+json]
2025-07-01 12:19:11 - Using 'application/json', given [*/*] and supported [application/json, application/*+json]
2025-07-01 12:19:11 - Writing [{data={totalTransactions=50, transactionTypes=[Lcom.banking.model.TransactionType;@701103be}, succes (truncated)...]
2025-07-01 12:19:11 - Writing [{data={totalTransactions=50, transactionTypes=[Lcom.banking.model.TransactionType;@6f5e464e}, succes (truncated)...]
2025-07-01 12:19:11 - Mapped to com.banking.controller.TransactionController#getTransactionsByType(TransactionType)
2025-07-01 12:19:11 - Mapped to com.banking.controller.TransactionController#getTransactionsByType(TransactionType)
2025-07-01 12:19:11 - Mapped to com.banking.controller.TransactionController#getTransactionsByType(TransactionType)
2025-07-01 12:19:11 - Mapped to com.banking.controller.TransactionController#getTransactionsByType(TransactionType)
2025-07-01 12:19:11 - Mapped to com.banking.controller.TransactionController#getTransactionsByType(TransactionType)
2025-07-01 12:19:11 - Using 'application/json', given [*/*] and supported [application/json, application/*+json]
2025-07-01 12:19:11 - Writing [{data={totalTransactions=50, transactionTypes=[Lcom.banking.model.TransactionType;@b288bdc}, success (truncated)...]
2025-07-01 12:19:11 - Using 'application/json', given [*/*] and supported [application/json, application/*+json]
2025-07-01 12:19:11 - Using 'application/json', given [*/*] and supported [application/json, application/*+json]
2025-07-01 12:19:11 - Using 'application/json', given [*/*] and supported [application/json, application/*+json]
2025-07-01 12:19:11 - Mapped to com.banking.controller.TransactionController#getTransactionsByType(TransactionType)
2025-07-01 12:19:11 - Writing [{data={totalTransactions=50, transactionTypes=[Lcom.banking.model.TransactionType;@8652682}, success (truncated)...]
2025-07-01 12:19:11 - Writing [{data={totalTransactions=50, transactionTypes=[Lcom.banking.model.TransactionType;@49ac78b5}, succes (truncated)...]
2025-07-01 12:19:11 - Using 'application/json', given [*/*] and supported [application/json, application/*+json]
2025-07-01 12:19:11 - Writing [{data={totalTransactions=50, transactionTypes=[Lcom.banking.model.TransactionType;@60484a56}, succes (truncated)...]
2025-07-01 12:19:11 - Mapped to com.banking.controller.TransactionController#getTransactionsByType(TransactionType)
2025-07-01 12:19:11 - Writing [{data={totalTransactions=50, transactionTypes=[Lcom.banking.model.TransactionType;@51c57885}, succes (truncated)...]
2025-07-01 12:19:11 - Mapped to com.banking.controller.TransactionController#getTransactionsByType(TransactionType)
2025-07-01 12:19:11 - Using 'application/json', given [*/*] and supported [application/json, application/*+json]
2025-07-01 12:19:11 - Writing [{data={totalTransactions=50, transactionTypes=[Lcom.banking.model.TransactionType;@64f13f60}, succes (truncated)...]
2025-07-01 12:19:11 - Using 'application/json', given [*/*] and supported [application/json, application/*+json]
2025-07-01 12:19:11 - Using 'application/json', given [*/*] and supported [application/json, application/*+json]
2025-07-01 12:19:11 - Writing [{data={totalTransactions=50, transactionTypes=[Lcom.banking.model.TransactionType;@782d1479}, succes (truncated)...]
2025-07-01 12:19:11 - Writing [{data={totalTransactions=50, transactionTypes=[Lcom.banking.model.TransactionType;@32303ef1}, succes (truncated)...]
2025-07-01 12:19:11 - Mapped to com.banking.controller.TransactionController#getTransactionsByType(TransactionType)
2025-07-01 12:19:11 - Mapped to com.banking.controller.TransactionController#getTransactionsByType(TransactionType)
2025-07-01 12:19:11 - Mapped to com.banking.controller.TransactionController#getTransactionsByType(TransactionType)
2025-07-01 12:19:11 - Mapped to com.banking.controller.TransactionController#getTransactionsByType(TransactionType)
2025-07-01 12:19:11 - Mapped to com.banking.controller.TransactionController#getTransactionsByType(TransactionType)
2025-07-01 12:19:11 - Mapped to com.banking.controller.TransactionController#getTransactionsByType(TransactionType)
2025-07-01 12:19:11 - Mapped to com.banking.controller.TransactionController#getTransactionsByType(TransactionType)
2025-07-01 12:19:11 - Using 'application/json', given [*/*] and supported [application/json, application/*+json]
2025-07-01 12:19:11 - Using 'application/json', given [*/*] and supported [application/json, application/*+json]
2025-07-01 12:19:11 - Using 'application/json', given [*/*] and supported [application/json, application/*+json]
2025-07-01 12:19:11 - Writing [{data={totalTransactions=50, transactionTypes=[Lcom.banking.model.TransactionType;@74e2e565}, succes (truncated)...]
2025-07-01 12:19:11 - Writing [{data={totalTransactions=50, transactionTypes=[Lcom.banking.model.TransactionType;@3971d5ff}, succes (truncated)...]
2025-07-01 12:19:11 - Writing [{data={totalTransactions=50, transactionTypes=[Lcom.banking.model.TransactionType;@390e38bd}, succes (truncated)...]
2025-07-01 12:19:11 - Using 'application/json', given [*/*] and supported [application/json, application/*+json]
2025-07-01 12:19:11 - Using 'application/json', given [*/*] and supported [application/json, application/*+json]
2025-07-01 12:19:11 - Using 'application/json', given [*/*] and supported [application/json, application/*+json]
2025-07-01 12:19:11 - Writing [{data={totalTransactions=50, transactionTypes=[Lcom.banking.model.TransactionType;@611edd87}, succes (truncated)...]
2025-07-01 12:19:11 - Writing [{data={totalTransactions=50, transactionTypes=[Lcom.banking.model.TransactionType;@77f85941}, succes (truncated)...]
2025-07-01 12:19:11 - Writing [{data={totalTransactions=50, transactionTypes=[Lcom.banking.model.TransactionType;@124a9e43}, succes (truncated)...]
2025-07-01 12:19:11 - Using 'application/json', given [*/*] and supported [application/json, application/*+json]
2025-07-01 12:19:11 - Mapped to com.banking.controller.TransactionController#getTransactionsByType(TransactionType)
2025-07-01 12:19:11 - Writing [{data={totalTransactions=50, transactionTypes=[Lcom.banking.model.TransactionType;@ba97ce4}, success (truncated)...]
2025-07-01 12:19:11 - Mapped to com.banking.controller.TransactionController#getTransactionsByType(TransactionType)
2025-07-01 12:19:11 - Mapped to com.banking.controller.TransactionController#getTransactionsByType(TransactionType)
2025-07-01 12:19:11 - Mapped to com.banking.controller.TransactionController#getTransactionsByType(TransactionType)
2025-07-01 12:19:11 - Mapped to com.banking.controller.TransactionController#getTransactionsByType(TransactionType)
2025-07-01 12:19:11 - Mapped to com.banking.controller.TransactionController#getTransactionsByType(TransactionType)
2025-07-01 12:19:11 - Mapped to com.banking.controller.TransactionController#getTransactionsByType(TransactionType)
2025-07-01 12:19:11 - Mapped to com.banking.controller.TransactionController#getTransactionsByType(TransactionType)
2025-07-01 12:19:11 - Using 'application/json', given [*/*] and supported [application/json, application/*+json]
2025-07-01 12:19:11 - Writing [{pagination={totalPages=5, size=10, total=50, page=0}, data=[com.banking.dto.TransactionResponse@67a (truncated)...]
2025-07-01 12:19:11 - Mapped to com.banking.controller.TransactionController#getStatistics()
2025-07-01 12:19:11 - Using 'application/json', given [*/*] and supported [application/json, application/*+json]
2025-07-01 12:19:11 - Using 'application/json', given [*/*] and supported [application/json, application/*+json]
2025-07-01 12:19:11 - Writing [{data={totalTransactions=50, transactionTypes=[Lcom.banking.model.TransactionType;@4faf6aa2}, succes (truncated)...]
2025-07-01 12:19:11 - Writing [{pagination={totalPages=5, size=10, total=50, page=0}, data=[com.banking.dto.TransactionResponse@13a (truncated)...]
2025-07-01 12:19:11 - Mapped to com.banking.controller.TransactionController#getTransactionsByType(TransactionType)
2025-07-01 12:19:11 - Mapped to com.banking.controller.TransactionController#getStatistics()
2025-07-01 12:19:11 - Using 'application/json', given [*/*] and supported [application/json, application/*+json]
2025-07-01 12:19:11 - Writing [{data={totalTransactions=50, transactionTypes=[Lcom.banking.model.TransactionType;@2564d533}, succes (truncated)...]
2025-07-01 12:19:11 - Mapped to com.banking.controller.TransactionController#getTransactionsByType(TransactionType)
2025-07-01 12:19:11 - Using 'application/json', given [*/*] and supported [application/json, application/*+json]
2025-07-01 12:19:11 - Using 'application/json', given [*/*] and supported [application/json, application/*+json]
2025-07-01 12:19:11 - Using 'application/json', given [*/*] and supported [application/json, application/*+json]
2025-07-01 12:19:11 - Using 'application/json', given [*/*] and supported [application/json, application/*+json]
2025-07-01 12:19:11 - Using 'application/json', given [*/*] and supported [application/json, application/*+json]
2025-07-01 12:19:11 - Writing [{data=[com.banking.dto.TransactionResponse@ce994bf, com.banking.dto.TransactionResponse@54aa94ea, co (truncated)...]
2025-07-01 12:19:11 - Using 'application/json', given [*/*] and supported [application/json, application/*+json]
2025-07-01 12:19:11 - Writing [{data=[com.banking.dto.TransactionResponse@7407d077, com.banking.dto.TransactionResponse@26ddc356, c (truncated)...]
2025-07-01 12:19:11 - Writing [{data=[com.banking.dto.TransactionResponse@560a565, com.banking.dto.TransactionResponse@2cf762a9, co (truncated)...]
2025-07-01 12:19:11 - Writing [{data=[com.banking.dto.TransactionResponse@23df7a07, com.banking.dto.TransactionResponse@70692db9, c (truncated)...]
2025-07-01 12:19:11 - Writing [{data=[com.banking.dto.TransactionResponse@3c29b356, com.banking.dto.TransactionResponse@7b9745fa, c (truncated)...]
2025-07-01 12:19:11 - Using 'application/json', given [*/*] and supported [application/json, application/*+json]
2025-07-01 12:19:11 - Using 'application/json', given [*/*] and supported [application/json, application/*+json]
2025-07-01 12:19:11 - Writing [{data=[com.banking.dto.TransactionResponse@5ee04ba4, com.banking.dto.TransactionResponse@69186bf, co (truncated)...]
2025-07-01 12:19:11 - Using 'application/json', given [*/*] and supported [application/json, application/*+json]
2025-07-01 12:19:11 - Writing [{data=[com.banking.dto.TransactionResponse@2f17200a, com.banking.dto.TransactionResponse@45db64fc, c (truncated)...]
2025-07-01 12:19:11 - Using 'application/json', given [*/*] and supported [application/json, application/*+json]
2025-07-01 12:19:11 - Writing [{data=[com.banking.dto.TransactionResponse@1cf30c8, com.banking.dto.TransactionResponse@59ff9a72, co (truncated)...]
2025-07-01 12:19:11 - Writing [{data=[com.banking.dto.TransactionResponse@2aba4bc5, com.banking.dto.TransactionResponse@aa4a275, co (truncated)...]
2025-07-01 12:19:11 - Writing [{data=[com.banking.dto.TransactionResponse@781eaf1b, com.banking.dto.TransactionResponse@50ccc832, c (truncated)...]
2025-07-01 12:19:11 - Mapped to com.banking.controller.TransactionController#getSecurityStatistics(String, String)
2025-07-01 12:19:11 - Mapped to com.banking.controller.TransactionController#getSecurityStatistics(String, String)
2025-07-01 12:19:11 - Mapped to com.banking.controller.TransactionController#getSecurityStatistics(String, String)
2025-07-01 12:19:11 - Mapped to com.banking.controller.TransactionController#getSecurityStatistics(String, String)
2025-07-01 12:19:11 - Mapped to com.banking.controller.TransactionController#getSecurityStatistics(String, String)
2025-07-01 12:19:11 - Mapped to com.banking.controller.TransactionController#getSecurityStatistics(String, String)
2025-07-01 12:19:11 - Mapped to com.banking.controller.TransactionController#getSecurityStatistics(String, String)
2025-07-01 12:19:11 - Mapped to com.banking.controller.TransactionController#getSecurityStatistics(String, String)
2025-07-01 12:19:11 - Mapped to com.banking.controller.TransactionController#getSecurityStatistics(String, String)
2025-07-01 12:19:11 - Mapped to com.banking.controller.TransactionController#getSecurityStatistics(String, String)
2025-07-01 12:19:11 - Using 'application/json', given [*/*] and supported [application/json, application/*+json]
2025-07-01 12:19:11 - Writing [{data=[com.banking.dto.TransactionResponse@38e40d76, com.banking.dto.TransactionResponse@35256e29, c (truncated)...]
2025-07-01 12:19:11 - Using 'application/json', given [*/*] and supported [application/json, application/*+json]
2025-07-01 12:19:11 - Writing [{data=[com.banking.dto.TransactionResponse@5ad87b29, com.banking.dto.TransactionResponse@36858570, c (truncated)...]
2025-07-01 12:19:11 - Using 'application/json', given [*/*] and supported [application/json, application/*+json]
2025-07-01 12:19:11 - Using 'application/json', given [*/*] and supported [application/json, application/*+json]
2025-07-01 12:19:11 - Writing [{data=[com.banking.dto.TransactionResponse@19bdb50a, com.banking.dto.TransactionResponse@2d0741b1, c (truncated)...]
2025-07-01 12:19:11 - Using 'application/json', given [*/*] and supported [application/json, application/*+json]
2025-07-01 12:19:11 - Writing [{data=[com.banking.dto.TransactionResponse@38d4e0ff, com.banking.dto.TransactionResponse@228b9f0a, c (truncated)...]
2025-07-01 12:19:11 - Writing [{data=[com.banking.dto.TransactionResponse@e7f6193, com.banking.dto.TransactionResponse@556dfb5f, co (truncated)...]
2025-07-01 12:19:11 - Using 'application/json', given [*/*] and supported [application/json, application/*+json]
2025-07-01 12:19:11 - Writing [{data=[com.banking.dto.TransactionResponse@73d34f27, com.banking.dto.TransactionResponse@29c3d487, c (truncated)...]
2025-07-01 12:19:11 - Using 'application/json', given [*/*] and supported [application/json, application/*+json]
2025-07-01 12:19:11 - Using 'application/json', given [*/*] and supported [application/json, application/*+json]
2025-07-01 12:19:11 - Writing [{data=[com.banking.dto.TransactionResponse@77c703a4, com.banking.dto.TransactionResponse@6acf19af, c (truncated)...]
2025-07-01 12:19:11 - Using 'application/json', given [*/*] and supported [application/json, application/*+json]
2025-07-01 12:19:11 - Writing [{data=[com.banking.dto.TransactionResponse@214a436d, com.banking.dto.TransactionResponse@631eb600, c (truncated)...]
2025-07-01 12:19:11 - Using 'application/json', given [*/*] and supported [application/json, application/*+json]
2025-07-01 12:19:11 - Writing [{data=[com.banking.dto.TransactionResponse@21832a22, com.banking.dto.TransactionResponse@6515dc65, c (truncated)...]
2025-07-01 12:19:11 - Writing [{data=[com.banking.dto.TransactionResponse@5b621dc0, com.banking.dto.TransactionResponse@4171e97b, c (truncated)...]
2025-07-01 12:19:11 - Mapped to com.banking.controller.TransactionController#getSecurityStatistics(String, String)
2025-07-01 12:19:11 - Mapped to com.banking.controller.TransactionController#getSecurityStatistics(String, String)
2025-07-01 12:19:11 - Using 'application/json', given [*/*] and supported [application/json, application/*+json]
2025-07-01 12:19:11 - Writing [{data=[com.banking.dto.TransactionResponse@d41ffa2, com.banking.dto.TransactionResponse@2040b221, co (truncated)...]
2025-07-01 12:19:11 - Mapped to com.banking.controller.TransactionController#getSecurityStatistics(String, String)
2025-07-01 12:19:11 - Using 'application/json', given [*/*] and supported [application/json, application/*+json]
2025-07-01 12:19:11 - Writing [{data=[com.banking.dto.TransactionResponse@44263382, com.banking.dto.TransactionResponse@575413a9, c (truncated)...]
2025-07-01 12:19:11 - Mapped to com.banking.controller.TransactionController#getSecurityStatistics(String, String)
2025-07-01 12:19:11 - Mapped to com.banking.controller.TransactionController#getSecurityStatistics(String, String)
2025-07-01 12:19:11 - Mapped to com.banking.controller.TransactionController#getSecurityStatistics(String, String)
2025-07-01 12:19:11 - Mapped to com.banking.controller.TransactionController#getSecurityStatistics(String, String)
2025-07-01 12:19:11 - Mapped to com.banking.controller.TransactionController#getSecurityStatistics(String, String)
2025-07-01 12:19:11 - Mapped to com.banking.controller.TransactionController#getSecurityStatistics(String, String)
2025-07-01 12:19:11 - Mapped to com.banking.controller.TransactionController#getSecurityStatistics(String, String)
2025-07-01 12:19:11 - Using 'application/json', given [*/*] and supported [application/json, application/*+json]
2025-07-01 12:19:11 - Writing [{data=[com.banking.dto.TransactionResponse@760bc19b, com.banking.dto.TransactionResponse@3a9ed22b, c (truncated)...]
2025-07-01 12:19:11 - Mapped to com.banking.controller.TransactionController#getSecurityStatistics(String, String)
2025-07-01 12:19:11 - Mapped to com.banking.controller.TransactionController#getSecurityStatistics(String, String)
2025-07-01 12:19:11 - Using 'application/json', given [*/*] and supported [application/json, application/*+json]
2025-07-01 12:19:11 - Using 'application/json', given [*/*] and supported [application/json, application/*+json]
2025-07-01 12:19:11 - Writing [{data=[com.banking.dto.TransactionResponse@159f8923, com.banking.dto.TransactionResponse@85ff37a, co (truncated)...]
2025-07-01 12:19:11 - Writing [{data=[com.banking.dto.TransactionResponse@610adb47, com.banking.dto.TransactionResponse@5f6389e4, c (truncated)...]
2025-07-01 12:19:11 - Mapped to com.banking.controller.TransactionController#getSecurityStatistics(String, String)
2025-07-01 12:19:11 - Using 'application/json', given [*/*] and supported [application/json, application/*+json]
2025-07-01 12:19:11 - Using 'application/json', given [*/*] and supported [application/json, application/*+json]
2025-07-01 12:19:11 - Writing [{data=[com.banking.dto.TransactionResponse@30fd4ef, com.banking.dto.TransactionResponse@4a1a07d1, co (truncated)...]
2025-07-01 12:19:11 - Writing [{data=[com.banking.dto.TransactionResponse@3542d16a, com.banking.dto.TransactionResponse@7c341fa7, c (truncated)...]
2025-07-01 12:19:11 - Using 'application/json', given [*/*] and supported [application/json, application/*+json]
2025-07-01 12:19:11 - Using 'application/json', given [*/*] and supported [application/json, application/*+json]
2025-07-01 12:19:11 - Writing [{data=[com.banking.dto.TransactionResponse@39f7a5c7, com.banking.dto.TransactionResponse@50315e4b, c (truncated)...]
2025-07-01 12:19:11 - Writing [{data=[com.banking.dto.TransactionResponse@1be38c8f, com.banking.dto.TransactionResponse@4f02db56, c (truncated)...]
2025-07-01 12:19:11 - Using 'application/json', given [*/*] and supported [application/json, application/*+json]
2025-07-01 12:19:11 - Writing [{data=[com.banking.dto.TransactionResponse@4271fdcc, com.banking.dto.TransactionResponse@1f507c26, c (truncated)...]
2025-07-01 12:19:11 - Using 'application/json', given [*/*] and supported [application/json, application/*+json]
2025-07-01 12:19:11 - Using 'application/json', given [*/*] and supported [application/json, application/*+json]
2025-07-01 12:19:11 - Writing [{data=[com.banking.dto.TransactionResponse@59ac149, com.banking.dto.TransactionResponse@f1f4a2e, com (truncated)...]
2025-07-01 12:19:11 - Writing [{data=[com.banking.dto.TransactionResponse@47b01703, com.banking.dto.TransactionResponse@4b717ede, c (truncated)...]
2025-07-01 12:19:11 - Using 'application/json', given [*/*] and supported [application/json, application/*+json]
2025-07-01 12:19:11 - Writing [{data=[com.banking.dto.TransactionResponse@36e7599d, com.banking.dto.TransactionResponse@183329f4, c (truncated)...]
2025-07-01 12:19:11 - Mapped to com.banking.controller.TransactionController#getSecurityStatistics(String, String)
2025-07-01 12:19:11 - Mapped to com.banking.controller.TransactionController#getSecurityStatistics(String, String)
2025-07-01 12:19:11 - Using 'application/json', given [*/*] and supported [application/json, application/*+json]
2025-07-01 12:19:11 - Writing [{data=[com.banking.dto.TransactionResponse@73ca3569, com.banking.dto.TransactionResponse@1013a106, c (truncated)...]
2025-07-01 12:19:11 - Mapped to com.banking.controller.TransactionController#getSecurityStatistics(String, String)
2025-07-01 12:19:11 - Using 'application/json', given [*/*] and supported [application/json, application/*+json]
2025-07-01 12:19:11 - Mapped to com.banking.controller.TransactionController#getSecurityStatistics(String, String)
2025-07-01 12:19:11 - Writing [{data=[com.banking.dto.TransactionResponse@7842a0c2, com.banking.dto.TransactionResponse@6fa85067, c (truncated)...]
2025-07-01 12:19:11 - Mapped to com.banking.controller.TransactionController#getSecurityStatistics(String, String)
2025-07-01 12:19:11 - Mapped to com.banking.controller.TransactionController#getSecurityStatistics(String, String)
2025-07-01 12:19:11 - Mapped to com.banking.controller.TransactionController#getSecurityStatistics(String, String)
2025-07-01 12:19:11 - Mapped to com.banking.controller.TransactionController#getSecurityStatistics(String, String)
2025-07-01 12:19:11 - Mapped to com.banking.controller.TransactionController#getSecurityStatistics(String, String)
2025-07-01 12:19:11 - Mapped to com.banking.controller.TransactionController#getSecurityStatistics(String, String)
2025-07-01 12:19:11 - Using 'application/json', given [*/*] and supported [application/json, application/*+json]
2025-07-01 12:19:11 - Mapped to com.banking.controller.TransactionController#getSecurityStatistics(String, String)
2025-07-01 12:19:11 - Writing [{data=[com.banking.dto.TransactionResponse@4452035b, com.banking.dto.TransactionResponse@7efe5c74, c (truncated)...]
2025-07-01 12:19:11 - Mapped to com.banking.controller.TransactionController#getSecurityStatistics(String, String)
2025-07-01 12:19:11 - Using 'application/json', given [*/*] and supported [application/json, application/*+json]
2025-07-01 12:19:11 - Writing [{data=[com.banking.dto.TransactionResponse@217dc586, com.banking.dto.TransactionResponse@79757b86, c (truncated)...]
2025-07-01 12:19:11 - Using 'application/json', given [*/*] and supported [application/json, application/*+json]
2025-07-01 12:19:11 - Writing [{data=[com.banking.dto.TransactionResponse@4587c729, com.banking.dto.TransactionResponse@7913d6bc, c (truncated)...]
2025-07-01 12:19:11 - Using 'application/json', given [*/*] and supported [application/json, application/*+json]
2025-07-01 12:19:11 - Writing [{data=[com.banking.dto.TransactionResponse@75b95e61, com.banking.dto.TransactionResponse@7a98e548, c (truncated)...]
2025-07-01 12:19:11 - Using 'application/json', given [*/*] and supported [application/json, application/*+json]
2025-07-01 12:19:11 - Writing [{data=[com.banking.dto.TransactionResponse@64b41e02, com.banking.dto.TransactionResponse@2a7b73ef, c (truncated)...]
2025-07-01 12:19:11 - Using 'application/json', given [*/*] and supported [application/json, application/*+json]
2025-07-01 12:19:11 - Writing [{data=[com.banking.dto.TransactionResponse@6f8c421b, com.banking.dto.TransactionResponse@146f921c, c (truncated)...]
2025-07-01 12:19:11 - Using 'application/json', given [*/*] and supported [application/json, application/*+json]
2025-07-01 12:19:11 - Writing [{data=[com.banking.dto.TransactionResponse@1d759159, com.banking.dto.TransactionResponse@1aec9c55, c (truncated)...]
2025-07-01 12:19:11 - Mapped to com.banking.controller.TransactionController#getSecurityStatistics(String, String)
2025-07-01 12:19:11 - Using 'application/json', given [*/*] and supported [application/json, application/*+json]
2025-07-01 12:19:11 - Writing [{data=[com.banking.dto.TransactionResponse@6ad24b91, com.banking.dto.TransactionResponse@2b00581b, c (truncated)...]
2025-07-01 12:19:11 - Using 'application/json', given [*/*] and supported [application/json, application/*+json]
2025-07-01 12:19:11 - Writing [{data=[com.banking.dto.TransactionResponse@3aba1702, com.banking.dto.TransactionResponse@2b44cfef, c (truncated)...]
2025-07-01 12:19:11 - Using 'application/json', given [*/*] and supported [application/json, application/*+json]
2025-07-01 12:19:11 - Writing [{data={transDate=2025-07-01, securityCode=000001, buyStatistics={transactionCount=0, totalUnits=0, t (truncated)...]
2025-07-01 12:19:11 - Mapped to com.banking.controller.TransactionController#getSecurityStatistics(String, String)
2025-07-01 12:19:11 - Mapped to com.banking.controller.TransactionController#getSecurityStatistics(String, String)
2025-07-01 12:19:11 - Mapped to com.banking.controller.TransactionController#getSecurityStatistics(String, String)
2025-07-01 12:19:11 - Mapped to com.banking.controller.TransactionController#getSecurityStatistics(String, String)
2025-07-01 12:19:11 - Using 'application/json', given [*/*] and supported [application/json, application/*+json]
2025-07-01 12:19:11 - Writing [{data={transDate=2025-07-01, securityCode=000001, buyStatistics={transactionCount=0, totalUnits=0, t (truncated)...]
2025-07-01 12:19:11 - Mapped to com.banking.controller.TransactionController#getSecurityStatistics(String, String)
2025-07-01 12:19:11 - Mapped to com.banking.controller.TransactionController#getSecurityStatistics(String, String)
2025-07-01 12:19:11 - Mapped to com.banking.controller.TransactionController#getSecurityStatistics(String, String)
2025-07-01 12:19:11 - Mapped to com.banking.controller.TransactionController#getSecurityStatistics(String, String)
2025-07-01 12:19:11 - Using 'application/json', given [*/*] and supported [application/json, application/*+json]
2025-07-01 12:19:11 - Writing [{data=[com.banking.dto.TransactionResponse@476bf271, com.banking.dto.TransactionResponse@14ab7796, c (truncated)...]
2025-07-01 12:19:11 - Using 'application/json', given [*/*] and supported [application/json, application/*+json]
2025-07-01 12:19:11 - Using 'application/json', given [*/*] and supported [application/json, application/*+json]
2025-07-01 12:19:11 - Using 'application/json', given [*/*] and supported [application/json, application/*+json]
2025-07-01 12:19:11 - Writing [{data={transDate=2025-07-01, securityCode=000001, buyStatistics={transactionCount=0, totalUnits=0, t (truncated)...]
2025-07-01 12:19:11 - Using 'application/json', given [*/*] and supported [application/json, application/*+json]
2025-07-01 12:19:11 - Using 'application/json', given [*/*] and supported [application/json, application/*+json]
2025-07-01 12:19:11 - Using 'application/json', given [*/*] and supported [application/json, application/*+json]
2025-07-01 12:19:11 - Writing [{data={transDate=2025-07-01, securityCode=000001, buyStatistics={transactionCount=0, totalUnits=0, t (truncated)...]
2025-07-01 12:19:11 - Writing [{data={transDate=2025-07-01, securityCode=000001, buyStatistics={transactionCount=0, totalUnits=0, t (truncated)...]
2025-07-01 12:19:11 - Writing [{data={transDate=2025-07-01, securityCode=000001, buyStatistics={transactionCount=0, totalUnits=0, t (truncated)...]
2025-07-01 12:19:11 - Using 'application/json', given [*/*] and supported [application/json, application/*+json]
2025-07-01 12:19:11 - Writing [{data={transDate=2025-07-01, securityCode=000001, buyStatistics={transactionCount=0, totalUnits=0, t (truncated)...]
2025-07-01 12:19:11 - Writing [{data={transDate=2025-07-01, securityCode=000001, buyStatistics={transactionCount=0, totalUnits=0, t (truncated)...]
2025-07-01 12:19:11 - Writing [{data=[com.banking.dto.TransactionResponse@2e2a2903, com.banking.dto.TransactionResponse@6dbb364f, c (truncated)...]
2025-07-01 12:19:11 - Using 'application/json', given [*/*] and supported [application/json, application/*+json]
2025-07-01 12:19:11 - Using 'application/json', given [*/*] and supported [application/json, application/*+json]
2025-07-01 12:19:11 - Writing [{data=[com.banking.dto.TransactionResponse@45992069, com.banking.dto.TransactionResponse@81b8097, co (truncated)...]
2025-07-01 12:19:11 - Writing [{data={transDate=2025-07-01, securityCode=000001, buyStatistics={transactionCount=0, totalUnits=0, t (truncated)...]
2025-07-01 12:19:11 - Using 'application/json', given [*/*] and supported [application/json, application/*+json]
2025-07-01 12:19:11 - Writing [{data=[com.banking.dto.TransactionResponse@71dff9e8, com.banking.dto.TransactionResponse@10471344, c (truncated)...]
2025-07-01 12:19:11 - Using 'application/json', given [*/*] and supported [application/json, application/*+json]
2025-07-01 12:19:11 - Using 'application/json', given [*/*] and supported [application/json, application/*+json]
2025-07-01 12:19:11 - Using 'application/json', given [*/*] and supported [application/json, application/*+json]
2025-07-01 12:19:11 - Writing [{data=[com.banking.dto.TransactionResponse@5d23d572, com.banking.dto.TransactionResponse@23432c8a, c (truncated)...]
2025-07-01 12:19:11 - Writing [{data=[com.banking.dto.TransactionResponse@7c27b3bd, com.banking.dto.TransactionResponse@785e6f91, c (truncated)...]
2025-07-01 12:19:11 - Writing [{data=[com.banking.dto.TransactionResponse@5507c8bd, com.banking.dto.TransactionResponse@31ad5842, c (truncated)...]
2025-07-01 12:19:11 - Mapped to com.banking.controller.TransactionController#getSecurityStatistics(String, String)
2025-07-01 12:19:11 - Using 'application/json', given [*/*] and supported [application/json, application/*+json]
2025-07-01 12:19:11 - Writing [{data={transDate=2025-07-01, securityCode=000001, buyStatistics={transactionCount=0, totalUnits=0, t (truncated)...]
2025-07-01 12:19:11 - Using 'application/json', given [*/*] and supported [application/json, application/*+json]
2025-07-01 12:19:11 - Using 'application/json', given [*/*] and supported [application/json, application/*+json]
2025-07-01 12:19:11 - Writing [{data=[com.banking.dto.TransactionResponse@36e4ce69, com.banking.dto.TransactionResponse@384ce14b, c (truncated)...]
2025-07-01 12:19:11 - Writing [{data=[com.banking.dto.TransactionResponse@7d5e3784, com.banking.dto.TransactionResponse@77630113, c (truncated)...]
2025-07-01 12:19:11 - Using 'application/json', given [*/*] and supported [application/json, application/*+json]
2025-07-01 12:19:11 - Writing [{data=[com.banking.dto.TransactionResponse@4b9945fb, com.banking.dto.TransactionResponse@7d24a271, c (truncated)...]
2025-07-01 12:19:11 - Mapped to com.banking.controller.TransactionController#getSecurityStatistics(String, String)
2025-07-01 12:19:11 - Using 'application/json', given [*/*] and supported [application/json, application/*+json]
2025-07-01 12:19:11 - Using 'application/json', given [*/*] and supported [application/json, application/*+json]
2025-07-01 12:19:11 - Writing [{data=[com.banking.dto.TransactionResponse@695f89d4, com.banking.dto.TransactionResponse@3b3a4b07, c (truncated)...]
2025-07-01 12:19:11 - Writing [{data={transDate=2025-07-01, securityCode=000001, buyStatistics={transactionCount=0, totalUnits=0, t (truncated)...]
2025-07-01 12:19:11 - Using 'application/json', given [*/*] and supported [application/json, application/*+json]
2025-07-01 12:19:11 - Writing [{data={transDate=2025-07-01, securityCode=000001, buyStatistics={transactionCount=0, totalUnits=0, t (truncated)...]
2025-07-01 12:19:11 - Mapped to com.banking.controller.TransactionController#getSecurityStatistics(String, String)
2025-07-01 12:19:11 - Using 'application/json', given [*/*] and supported [application/json, application/*+json]
2025-07-01 12:19:11 - Writing [{data={transDate=2025-07-01, securityCode=000001, buyStatistics={transactionCount=0, totalUnits=0, t (truncated)...]
2025-07-01 12:19:11 - Using 'application/json', given [*/*] and supported [application/json, application/*+json]
2025-07-01 12:19:11 - Writing [{data=[com.banking.dto.TransactionResponse@57030bb2, com.banking.dto.TransactionResponse@25c7a131, c (truncated)...]
2025-07-01 12:19:11 - Using 'application/json', given [*/*] and supported [application/json, application/*+json]
2025-07-01 12:19:11 - Writing [{data=[com.banking.dto.TransactionResponse@2a282fb2, com.banking.dto.TransactionResponse@4fbfa80d, c (truncated)...]
2025-07-01 12:19:11 - Mapped to com.banking.controller.TransactionController#getSecurityStatistics(String, String)
2025-07-01 12:19:11 - Using 'application/json', given [*/*] and supported [application/json, application/*+json]
2025-07-01 12:19:11 - Writing [{data={transDate=2025-07-01, securityCode=000001, buyStatistics={transactionCount=0, totalUnits=0, t (truncated)...]
2025-07-01 12:19:11 - Mapped to com.banking.controller.TransactionController#getSecurityStatistics(String, String)
2025-07-01 12:19:11 - Mapped to com.banking.controller.TransactionController#getSecurityStatistics(String, String)
2025-07-01 12:19:11 - Mapped to com.banking.controller.TransactionController#getSecurityStatistics(String, String)
2025-07-01 12:19:11 - Using 'application/json', given [*/*] and supported [application/json, application/*+json]
2025-07-01 12:19:11 - Writing [{data={transDate=2025-07-01, securityCode=000001, buyStatistics={transactionCount=0, totalUnits=0, t (truncated)...]
2025-07-01 12:19:11 - Using 'application/json', given [*/*] and supported [application/json, application/*+json]
2025-07-01 12:19:11 - Using 'application/json', given [*/*] and supported [application/json, application/*+json]
2025-07-01 12:19:11 - Writing [{data={transDate=2025-07-01, securityCode=000001, buyStatistics={transactionCount=0, totalUnits=0, t (truncated)...]
2025-07-01 12:19:11 - Using 'application/json', given [*/*] and supported [application/json, application/*+json]
2025-07-01 12:19:11 - Writing [{data={transDate=2025-07-01, securityCode=000001, buyStatistics={transactionCount=0, totalUnits=0, t (truncated)...]
2025-07-01 12:19:11 - Writing [{data=[com.banking.dto.TransactionResponse@67ecec0c, com.banking.dto.TransactionResponse@7860ca8c, c (truncated)...]
2025-07-01 12:19:11 - Mapped to com.banking.controller.TransactionController#getSecurityStatistics(String, String)
2025-07-01 12:19:11 - Mapped to com.banking.controller.TransactionController#getSecurityStatistics(String, String)
2025-07-01 12:19:11 - Mapped to com.banking.controller.TransactionController#getSecurityStatistics(String, String)
2025-07-01 12:19:11 - Using 'application/json', given [*/*] and supported [application/json, application/*+json]
2025-07-01 12:19:11 - Mapped to com.banking.controller.TransactionController#getSecurityStatistics(String, String)
2025-07-01 12:19:11 - Using 'application/json', given [*/*] and supported [application/json, application/*+json]
2025-07-01 12:19:11 - Writing [{data={transDate=2025-07-01, securityCode=000001, buyStatistics={transactionCount=0, totalUnits=0, t (truncated)...]
2025-07-01 12:19:11 - Writing [{data={transDate=2025-07-01, securityCode=000001, buyStatistics={transactionCount=0, totalUnits=0, t (truncated)...]
2025-07-01 12:19:11 - Using 'application/json', given [*/*] and supported [application/json, application/*+json]
2025-07-01 12:19:11 - Writing [{data={transDate=2025-07-01, securityCode=000001, buyStatistics={transactionCount=0, totalUnits=0, t (truncated)...]
2025-07-01 12:19:11 - Using 'application/json', given [*/*] and supported [application/json, application/*+json]
2025-07-01 12:19:11 - Mapped to com.banking.controller.TransactionController#getSecurityStatistics(String, String)
2025-07-01 12:19:11 - Writing [{data={transDate=2025-07-01, securityCode=000001, buyStatistics={transactionCount=0, totalUnits=0, t (truncated)...]
2025-07-01 12:19:11 - Using 'application/json', given [*/*] and supported [application/json, application/*+json]
2025-07-01 12:19:11 - Mapped to com.banking.controller.TransactionController#getSecurityStatistics(String, String)
2025-07-01 12:19:11 - Writing [{data={transDate=2025-07-01, securityCode=000001, buyStatistics={transactionCount=0, totalUnits=0, t (truncated)...]
2025-07-01 12:19:11 - Using 'application/json', given [*/*] and supported [application/json, application/*+json]
2025-07-01 12:19:11 - Using 'application/json', given [*/*] and supported [application/json, application/*+json]
2025-07-01 12:19:11 - Writing [{data=[com.banking.dto.TransactionResponse@3e8f60ae, com.banking.dto.TransactionResponse@26146264, c (truncated)...]
2025-07-01 12:19:11 - Writing [{data=[com.banking.dto.TransactionResponse@6aaa5a25, com.banking.dto.TransactionResponse@5c4ec5fd, c (truncated)...]
2025-07-01 12:19:11 - Using 'application/json', given [*/*] and supported [application/json, application/*+json]
2025-07-01 12:19:11 - Writing [{data={transDate=2025-07-01, securityCode=000001, buyStatistics={transactionCount=0, totalUnits=0, t (truncated)...]
2025-07-01 12:19:11 - Using 'application/json', given [*/*] and supported [application/json, application/*+json]
2025-07-01 12:19:11 - Writing [{data=[com.banking.dto.TransactionResponse@3ac798e4, com.banking.dto.TransactionResponse@2ca04e73, c (truncated)...]
2025-07-01 12:19:11 - Mapped to com.banking.controller.TransactionController#getSecurityStatistics(String, String)
2025-07-01 12:19:11 - Using 'application/json', given [*/*] and supported [application/json, application/*+json]
2025-07-01 12:19:11 - Writing [{data=[com.banking.dto.TransactionResponse@1d69088e, com.banking.dto.TransactionResponse@71523cd1, c (truncated)...]
2025-07-01 12:19:11 - Using 'application/json', given [*/*] and supported [application/json, application/*+json]
2025-07-01 12:19:11 - Using 'application/json', given [*/*] and supported [application/json, application/*+json]
2025-07-01 12:19:11 - Writing [{data=[com.banking.dto.TransactionResponse@770aad68, com.banking.dto.TransactionResponse@5984ffaf, c (truncated)...]
2025-07-01 12:19:11 - Writing [{data=[com.banking.dto.TransactionResponse@47a1603f, com.banking.dto.TransactionResponse@33bce91e, c (truncated)...]
2025-07-01 12:19:11 - Using 'application/json', given [*/*] and supported [application/json, application/*+json]
2025-07-01 12:19:11 - Writing [{data={transDate=2025-07-01, securityCode=000001, buyStatistics={transactionCount=0, totalUnits=0, t (truncated)...]
2025-07-01 12:19:11 - Using 'application/json', given [*/*] and supported [application/json, application/*+json]
2025-07-01 12:19:11 - Writing [{data=[com.banking.dto.TransactionResponse@4d9e802a, com.banking.dto.TransactionResponse@1c423b3c, c (truncated)...]
2025-07-01 12:19:11 - Using 'application/json', given [*/*] and supported [application/json, application/*+json]
2025-07-01 12:19:11 - Writing [{data=[com.banking.dto.TransactionResponse@166b2cf7, com.banking.dto.TransactionResponse@1ddbaa2f, c (truncated)...]
2025-07-01 12:19:11 - Using 'application/json', given [*/*] and supported [application/json, application/*+json]
2025-07-01 12:19:11 - Writing [{data=[com.banking.dto.TransactionResponse@68406ebb, com.banking.dto.TransactionResponse@634d548e, c (truncated)...]
2025-07-01 12:19:11 - Using 'application/json', given [*/*] and supported [application/json, application/*+json]
2025-07-01 12:19:11 - Writing [{data=[com.banking.dto.TransactionResponse@a08cbaa, com.banking.dto.TransactionResponse@4bc4bd17, co (truncated)...]
2025-07-01 12:19:11 - Mapped to com.banking.controller.TransactionController#getSecurityStatistics(String, String)
2025-07-01 12:19:11 - Using 'application/json', given [*/*] and supported [application/json, application/*+json]
2025-07-01 12:19:11 - Writing [{data={transDate=2025-07-01, securityCode=000001, buyStatistics={transactionCount=0, totalUnits=0, t (truncated)...]
2025-07-01 12:19:11 - Mapped to com.banking.controller.TransactionController#getSecurityStatistics(String, String)
2025-07-01 12:19:11 - Using 'application/json', given [*/*] and supported [application/json, application/*+json]
2025-07-01 12:19:11 - Writing [{data={transDate=2025-07-01, securityCode=000001, buyStatistics={transactionCount=0, totalUnits=0, t (truncated)...]
2025-07-01 12:19:11 - Using 'application/json', given [*/*] and supported [application/json, application/*+json]
2025-07-01 12:19:11 - Writing [{data=[com.banking.dto.TransactionResponse@dac8ff1, com.banking.dto.TransactionResponse@21057c22, co (truncated)...]
2025-07-01 12:19:11 - Using 'application/json', given [*/*] and supported [application/json, application/*+json]
2025-07-01 12:19:11 - Writing [{data=[com.banking.dto.TransactionResponse@56f76034, com.banking.dto.TransactionResponse@5a06a11b, c (truncated)...]
2025-07-01 12:19:11 - Mapped to com.banking.controller.TransactionController#getSecurityStatistics(String, String)
2025-07-01 12:19:11 - Using 'application/json', given [*/*] and supported [application/json, application/*+json]
2025-07-01 12:19:11 - Writing [{data={transDate=2025-07-01, securityCode=000001, buyStatistics={transactionCount=0, totalUnits=0, t (truncated)...]
2025-07-01 12:19:11 - Mapped to com.banking.controller.TransactionController#getSecurityStatistics(String, String)
2025-07-01 12:19:11 - Mapped to com.banking.controller.TransactionController#getSecurityStatistics(String, String)
2025-07-01 12:19:11 - Mapped to com.banking.controller.TransactionController#getSecurityStatistics(String, String)
2025-07-01 12:19:11 - Using 'application/json', given [*/*] and supported [application/json, application/*+json]
2025-07-01 12:19:11 - Mapped to com.banking.controller.TransactionController#getSecurityStatistics(String, String)
2025-07-01 12:19:11 - Writing [{data={transDate=2025-07-01, securityCode=000001, buyStatistics={transactionCount=0, totalUnits=0, t (truncated)...]
2025-07-01 12:19:11 - Mapped to com.banking.controller.TransactionController#getSecurityStatistics(String, String)
2025-07-01 12:19:11 - Mapped to com.banking.controller.TransactionController#getSecurityStatistics(String, String)
2025-07-01 12:19:11 - Using 'application/json', given [*/*] and supported [application/json, application/*+json]
2025-07-01 12:19:11 - Writing [{data={transDate=2025-07-01, securityCode=000001, buyStatistics={transactionCount=0, totalUnits=0, t (truncated)...]
2025-07-01 12:19:11 - Using 'application/json', given [*/*] and supported [application/json, application/*+json]
2025-07-01 12:19:11 - Writing [{data=[com.banking.dto.TransactionResponse@27e55459, com.banking.dto.TransactionResponse@dee03a9, co (truncated)...]
2025-07-01 12:19:11 - Using 'application/json', given [*/*] and supported [application/json, application/*+json]
2025-07-01 12:19:11 - Writing [{data={transDate=2025-07-01, securityCode=000001, buyStatistics={transactionCount=0, totalUnits=0, t (truncated)...]
2025-07-01 12:19:11 - Using 'application/json', given [*/*] and supported [application/json, application/*+json]
2025-07-01 12:19:11 - Mapped to com.banking.controller.TransactionController#getSecurityStatistics(String, String)
2025-07-01 12:19:11 - Using 'application/json', given [*/*] and supported [application/json, application/*+json]
2025-07-01 12:19:11 - Using 'application/json', given [*/*] and supported [application/json, application/*+json]
2025-07-01 12:19:11 - Writing [{data={transDate=2025-07-01, securityCode=000001, buyStatistics={transactionCount=0, totalUnits=0, t (truncated)...]
2025-07-01 12:19:11 - Writing [{data={transDate=2025-07-01, securityCode=000001, buyStatistics={transactionCount=0, totalUnits=0, t (truncated)...]
2025-07-01 12:19:11 - Writing [{data={transDate=2025-07-01, securityCode=000001, buyStatistics={transactionCount=0, totalUnits=0, t (truncated)...]
2025-07-01 12:19:11 - Mapped to com.banking.controller.TransactionController#getSecurityStatistics(String, String)
2025-07-01 12:19:11 - Using 'application/json', given [*/*] and supported [application/json, application/*+json]
2025-07-01 12:19:11 - Writing [{data={transDate=2025-07-01, securityCode=000001, buyStatistics={transactionCount=0, totalUnits=0, t (truncated)...]
2025-07-01 12:19:11 - Using 'application/json', given [*/*] and supported [application/json, application/*+json]
2025-07-01 12:19:11 - Writing [{data={transDate=2025-07-01, securityCode=000001, buyStatistics={transactionCount=0, totalUnits=0, t (truncated)...]
2025-07-01 12:19:11 - Using 'application/json', given [*/*] and supported [application/json, application/*+json]
2025-07-01 12:19:11 - Writing [{data=[com.banking.dto.TransactionResponse@7f03b9b0, com.banking.dto.TransactionResponse@7b6e9b4d, c (truncated)...]
2025-07-01 12:19:11 - Mapped to com.banking.controller.TransactionController#getSecurityStatistics(String, String)
2025-07-01 12:19:11 - Using 'application/json', given [*/*] and supported [application/json, application/*+json]
2025-07-01 12:19:11 - Writing [{data=[com.banking.dto.TransactionResponse@2949c085, com.banking.dto.TransactionResponse@7c186e6a, c (truncated)...]
2025-07-01 12:19:11 - Mapped to com.banking.controller.TransactionController#getSecurityStatistics(String, String)
2025-07-01 12:19:11 - Using 'application/json', given [*/*] and supported [application/json, application/*+json]
2025-07-01 12:19:11 - Using 'application/json', given [*/*] and supported [application/json, application/*+json]
2025-07-01 12:19:11 - Writing [{data={transDate=2025-07-01, securityCode=000001, buyStatistics={transactionCount=0, totalUnits=0, t (truncated)...]
2025-07-01 12:19:11 - Writing [{data=[com.banking.dto.TransactionResponse@7e6b8137, com.banking.dto.TransactionResponse@494087df, c (truncated)...]
2025-07-01 12:19:11 - Using 'application/json', given [*/*] and supported [application/json, application/*+json]
2025-07-01 12:19:11 - Using 'application/json', given [*/*] and supported [application/json, application/*+json]
2025-07-01 12:19:11 - Writing [{data={transDate=2025-07-01, securityCode=000001, buyStatistics={transactionCount=0, totalUnits=0, t (truncated)...]
2025-07-01 12:19:11 - Writing [{data=[com.banking.dto.TransactionResponse@4b1d9417, com.banking.dto.TransactionResponse@4332bb4f, c (truncated)...]
2025-07-01 12:19:11 - Using 'application/json', given [*/*] and supported [application/json, application/*+json]
2025-07-01 12:19:11 - Using 'application/json', given [*/*] and supported [application/json, application/*+json]
2025-07-01 12:19:11 - Writing [{data=[com.banking.dto.TransactionResponse@1da2cd94, com.banking.dto.TransactionResponse@4a6a7dac, c (truncated)...]
2025-07-01 12:19:11 - Writing [{data=[com.banking.dto.TransactionResponse@6d27ac60, com.banking.dto.TransactionResponse@1c3d36a1, c (truncated)...]
2025-07-01 12:19:11 - Using 'application/json', given [*/*] and supported [application/json, application/*+json]
2025-07-01 12:19:11 - Writing [{data=[com.banking.dto.TransactionResponse@595707dc, com.banking.dto.TransactionResponse@480e1d63, c (truncated)...]
2025-07-01 12:19:11 - Using 'application/json', given [*/*] and supported [application/json, application/*+json]
2025-07-01 12:19:11 - Writing [{data=[com.banking.dto.TransactionResponse@302cb643, com.banking.dto.TransactionResponse@356f41c4, c (truncated)...]
2025-07-01 12:19:11 - Using 'application/json', given [*/*] and supported [application/json, application/*+json]
2025-07-01 12:19:11 - Writing [{data=[com.banking.dto.TransactionResponse@6d6b534f, com.banking.dto.TransactionResponse@503fb862, c (truncated)...]
2025-07-01 12:19:11 - Using 'application/json', given [*/*] and supported [application/json, application/*+json]
2025-07-01 12:19:11 - Writing [{data=[com.banking.dto.TransactionResponse@798e1cab, com.banking.dto.TransactionResponse@2b46b2b5, c (truncated)...]
2025-07-01 12:19:11 - Mapped to com.banking.controller.TransactionController#getSecurityStatistics(String, String)
2025-07-01 12:19:11 - Using 'application/json', given [*/*] and supported [application/json, application/*+json]
2025-07-01 12:19:11 - Writing [{data={transDate=2025-07-01, securityCode=000001, buyStatistics={transactionCount=0, totalUnits=0, t (truncated)...]
2025-07-01 12:19:11 - Using 'application/json', given [*/*] and supported [application/json, application/*+json]
2025-07-01 12:19:11 - Writing [{data=[com.banking.dto.TransactionResponse@4d1c3fc, com.banking.dto.TransactionResponse@a81de35, com (truncated)...]
2025-07-01 12:19:11 - Mapped to com.banking.controller.TransactionController#getSecurityStatistics(String, String)
2025-07-01 12:19:11 - Mapped to com.banking.controller.TransactionController#getSecurityStatistics(String, String)
2025-07-01 12:19:11 - Mapped to com.banking.controller.TransactionController#getSecurityStatistics(String, String)
2025-07-01 12:19:11 - Using 'application/json', given [*/*] and supported [application/json, application/*+json]
2025-07-01 12:19:11 - Writing [{data={transDate=2025-07-01, securityCode=000001, buyStatistics={transactionCount=0, totalUnits=0, t (truncated)...]
2025-07-01 12:19:11 - Using 'application/json', given [*/*] and supported [application/json, application/*+json]
2025-07-01 12:19:11 - Writing [{data={transDate=2025-07-01, securityCode=000001, buyStatistics={transactionCount=0, totalUnits=0, t (truncated)...]
2025-07-01 12:19:11 - Using 'application/json', given [*/*] and supported [application/json, application/*+json]
2025-07-01 12:19:11 - Mapped to com.banking.controller.TransactionController#getSecurityStatistics(String, String)
2025-07-01 12:19:11 - Writing [{data={transDate=2025-07-01, securityCode=000001, buyStatistics={transactionCount=0, totalUnits=0, t (truncated)...]
2025-07-01 12:19:11 - Mapped to com.banking.controller.TransactionController#getSecurityStatistics(String, String)
2025-07-01 12:19:11 - Using 'application/json', given [*/*] and supported [application/json, application/*+json]
2025-07-01 12:19:11 - Writing [{data={transDate=2025-07-01, securityCode=000001, buyStatistics={transactionCount=0, totalUnits=0, t (truncated)...]
2025-07-01 12:19:11 - Using 'application/json', given [*/*] and supported [application/json, application/*+json]
2025-07-01 12:19:11 - Writing [{data={transDate=2025-07-01, securityCode=000001, buyStatistics={transactionCount=0, totalUnits=0, t (truncated)...]
2025-07-01 12:19:11 - Mapped to com.banking.controller.TransactionController#getSecurityStatistics(String, String)
2025-07-01 12:19:11 - Using 'application/json', given [*/*] and supported [application/json, application/*+json]
2025-07-01 12:19:11 - Writing [{data=[com.banking.dto.TransactionResponse@46596d7, com.banking.dto.TransactionResponse@62a1bd11, co (truncated)...]
2025-07-01 12:19:11 - Mapped to com.banking.controller.TransactionController#getSecurityStatistics(String, String)
2025-07-01 12:19:11 - Mapped to com.banking.controller.TransactionController#getSecurityStatistics(String, String)
2025-07-01 12:19:11 - Using 'application/json', given [*/*] and supported [application/json, application/*+json]
2025-07-01 12:19:11 - Mapped to com.banking.controller.TransactionController#getSecurityStatistics(String, String)
2025-07-01 12:19:11 - Using 'application/json', given [*/*] and supported [application/json, application/*+json]
2025-07-01 12:19:11 - Writing [{data={transDate=2025-07-01, securityCode=000001, buyStatistics={transactionCount=0, totalUnits=0, t (truncated)...]
2025-07-01 12:19:11 - Mapped to com.banking.controller.TransactionController#getSecurityStatistics(String, String)
2025-07-01 12:19:11 - Using 'application/json', given [*/*] and supported [application/json, application/*+json]
2025-07-01 12:19:11 - Using 'application/json', given [*/*] and supported [application/json, application/*+json]
2025-07-01 12:19:11 - Writing [{data=[com.banking.dto.TransactionResponse@97edc79, com.banking.dto.TransactionResponse@1c9b359e, co (truncated)...]
2025-07-01 12:19:11 - Writing [{data={transDate=2025-07-01, securityCode=000001, buyStatistics={transactionCount=0, totalUnits=0, t (truncated)...]
2025-07-01 12:19:11 - Writing [{data=[com.banking.dto.TransactionResponse@4bfce38, com.banking.dto.TransactionResponse@1c9e6ff3, co (truncated)...]
2025-07-01 12:19:11 - Using 'application/json', given [*/*] and supported [application/json, application/*+json]
2025-07-01 12:19:11 - Using 'application/json', given [*/*] and supported [application/json, application/*+json]
2025-07-01 12:19:11 - Using 'application/json', given [*/*] and supported [application/json, application/*+json]
2025-07-01 12:19:11 - Writing [{data={transDate=2025-07-01, securityCode=000001, buyStatistics={transactionCount=0, totalUnits=0, t (truncated)...]
2025-07-01 12:19:11 - Writing [{data={transDate=2025-07-01, securityCode=000001, buyStatistics={transactionCount=0, totalUnits=0, t (truncated)...]
2025-07-01 12:19:11 - Writing [{data=[com.banking.dto.TransactionResponse@49c432f8, com.banking.dto.TransactionResponse@1d54593b, c (truncated)...]
2025-07-01 12:19:11 - Using 'application/json', given [*/*] and supported [application/json, application/*+json]
2025-07-01 12:19:11 - Using 'application/json', given [*/*] and supported [application/json, application/*+json]
2025-07-01 12:19:11 - Writing [{data={transDate=2025-07-01, securityCode=000001, buyStatistics={transactionCount=0, totalUnits=0, t (truncated)...]
2025-07-01 12:19:11 - Writing [{data=[com.banking.dto.TransactionResponse@aa504b6, com.banking.dto.TransactionResponse@6a60ef78, co (truncated)...]
2025-07-01 12:19:11 - Using 'application/json', given [*/*] and supported [application/json, application/*+json]
2025-07-01 12:19:11 - Using 'application/json', given [*/*] and supported [application/json, application/*+json]
2025-07-01 12:19:11 - Writing [{data=[com.banking.dto.TransactionResponse@67b9bc1e, com.banking.dto.TransactionResponse@3cd954a, co (truncated)...]
2025-07-01 12:19:11 - Writing [{data=[com.banking.dto.TransactionResponse@5deab31, com.banking.dto.TransactionResponse@927667a, com (truncated)...]
2025-07-01 12:19:11 - Using 'application/json', given [*/*] and supported [application/json, application/*+json]
2025-07-01 12:19:11 - Writing [{data=[com.banking.dto.TransactionResponse@155ff42e, com.banking.dto.TransactionResponse@7d1944f1, c (truncated)...]
2025-07-01 12:19:11 - Using 'application/json', given [*/*] and supported [application/json, application/*+json]
2025-07-01 12:19:11 - Writing [{data=[com.banking.dto.TransactionResponse@5f959875, com.banking.dto.TransactionResponse@35e8e567, c (truncated)...]
2025-07-01 12:19:11 - Using 'application/json', given [*/*] and supported [application/json, application/*+json]
2025-07-01 12:19:11 - Writing [{data=[com.banking.dto.TransactionResponse@45803b28, com.banking.dto.TransactionResponse@5e82d098, c (truncated)...]
2025-07-01 12:19:11 - Mapped to com.banking.controller.TransactionController#getSecurityStatistics(String, String)
2025-07-01 12:19:11 - Using 'application/json', given [*/*] and supported [application/json, application/*+json]
2025-07-01 12:19:11 - Writing [{data={transDate=2025-07-01, securityCode=000001, buyStatistics={transactionCount=0, totalUnits=0, t (truncated)...]
2025-07-01 12:19:11 - Mapped to com.banking.controller.TransactionController#getSecurityStatistics(String, String)
2025-07-01 12:19:11 - Using 'application/json', given [*/*] and supported [application/json, application/*+json]
2025-07-01 12:19:11 - Writing [{data={transDate=2025-07-01, securityCode=000001, buyStatistics={transactionCount=0, totalUnits=0, t (truncated)...]
2025-07-01 12:19:11 - Mapped to com.banking.controller.TransactionController#getSecurityStatistics(String, String)
2025-07-01 12:19:11 - Using 'application/json', given [*/*] and supported [application/json, application/*+json]
2025-07-01 12:19:11 - Writing [{data=[com.banking.dto.TransactionResponse@7de9f781, com.banking.dto.TransactionResponse@f1842be, co (truncated)...]
2025-07-01 12:19:11 - Mapped to com.banking.controller.TransactionController#getSecurityStatistics(String, String)
2025-07-01 12:19:11 - Using 'application/json', given [*/*] and supported [application/json, application/*+json]
2025-07-01 12:19:11 - Using 'application/json', given [*/*] and supported [application/json, application/*+json]
2025-07-01 12:19:11 - Writing [{data={transDate=2025-07-01, securityCode=000001, buyStatistics={transactionCount=0, totalUnits=0, t (truncated)...]
2025-07-01 12:19:11 - Writing [{data=[com.banking.dto.TransactionResponse@386fe389, com.banking.dto.TransactionResponse@780fd129, c (truncated)...]
2025-07-01 12:19:11 - Mapped to com.banking.controller.TransactionController#getSecurityStatistics(String, String)
2025-07-01 12:19:11 - Using 'application/json', given [*/*] and supported [application/json, application/*+json]
2025-07-01 12:19:11 - Writing [{data={transDate=2025-07-01, securityCode=000001, buyStatistics={transactionCount=0, totalUnits=0, t (truncated)...]
2025-07-01 12:19:11 - Using 'application/json', given [*/*] and supported [application/json, application/*+json]
2025-07-01 12:19:11 - Writing [{data={transDate=2025-07-01, securityCode=000001, buyStatistics={transactionCount=0, totalUnits=0, t (truncated)...]
2025-07-01 12:19:11 - Using 'application/json', given [*/*] and supported [application/json, application/*+json]
2025-07-01 12:19:11 - Writing [{data=[com.banking.dto.TransactionResponse@1b32fdd6, com.banking.dto.TransactionResponse@37ddb741, c (truncated)...]
2025-07-01 12:19:11 - Using 'application/json', given [*/*] and supported [application/json, application/*+json]
2025-07-01 12:19:11 - Writing [{data=[com.banking.dto.TransactionResponse@7e57510c, com.banking.dto.TransactionResponse@1ea98b25, c (truncated)...]
2025-07-01 12:19:11 - Using 'application/json', given [*/*] and supported [application/json, application/*+json]
2025-07-01 12:19:11 - Mapped to com.banking.controller.TransactionController#getSecurityStatistics(String, String)
2025-07-01 12:19:11 - Writing [{data=[com.banking.dto.TransactionResponse@43aab19a, com.banking.dto.TransactionResponse@5f5a68e9, c (truncated)...]
2025-07-01 12:19:11 - Mapped to com.banking.controller.TransactionController#getSecurityStatistics(String, String)
2025-07-01 12:19:11 - Using 'application/json', given [*/*] and supported [application/json, application/*+json]
2025-07-01 12:19:11 - Mapped to com.banking.controller.TransactionController#getSecurityStatistics(String, String)
2025-07-01 12:19:11 - Using 'application/json', given [*/*] and supported [application/json, application/*+json]
2025-07-01 12:19:11 - Writing [{data={transDate=2025-07-01, securityCode=000001, buyStatistics={transactionCount=0, totalUnits=0, t (truncated)...]
2025-07-01 12:19:11 - Writing [{data={transDate=2025-07-01, securityCode=000001, buyStatistics={transactionCount=0, totalUnits=0, t (truncated)...]
2025-07-01 12:19:11 - Mapped to com.banking.controller.TransactionController#getSecurityStatistics(String, String)
2025-07-01 12:19:11 - Using 'application/json', given [*/*] and supported [application/json, application/*+json]
2025-07-01 12:19:11 - Writing [{data={transDate=2025-07-01, securityCode=000001, buyStatistics={transactionCount=0, totalUnits=0, t (truncated)...]
2025-07-01 12:19:11 - Mapped to com.banking.controller.TransactionController#getSecurityStatistics(String, String)
2025-07-01 12:19:11 - Using 'application/json', given [*/*] and supported [application/json, application/*+json]
2025-07-01 12:19:11 - Writing [{data={transDate=2025-07-01, securityCode=000001, buyStatistics={transactionCount=0, totalUnits=0, t (truncated)...]
2025-07-01 12:19:11 - Using 'application/json', given [*/*] and supported [application/json, application/*+json]
2025-07-01 12:19:11 - Writing [{data={transDate=2025-07-01, securityCode=000001, buyStatistics={transactionCount=0, totalUnits=0, t (truncated)...]
2025-07-01 12:19:11 - Using 'application/json', given [*/*] and supported [application/json, application/*+json]
2025-07-01 12:19:11 - Writing [{data=[com.banking.dto.TransactionResponse@66dc2c74, com.banking.dto.TransactionResponse@392952d5, c (truncated)...]
2025-07-01 12:19:11 - Using 'application/json', given [*/*] and supported [application/json, application/*+json]
2025-07-01 12:19:11 - Using 'application/json', given [*/*] and supported [application/json, application/*+json]
2025-07-01 12:19:11 - Writing [{data={transDate=2025-07-01, securityCode=000001, buyStatistics={transactionCount=0, totalUnits=0, t (truncated)...]
2025-07-01 12:19:11 - Mapped to com.banking.controller.TransactionController#getSecurityStatistics(String, String)
2025-07-01 12:19:11 - Writing [{data={transDate=2025-07-01, securityCode=000001, buyStatistics={transactionCount=0, totalUnits=0, t (truncated)...]
2025-07-01 12:19:11 - Using 'application/json', given [*/*] and supported [application/json, application/*+json]
2025-07-01 12:19:11 - Using 'application/json', given [*/*] and supported [application/json, application/*+json]
2025-07-01 12:19:11 - Using 'application/json', given [*/*] and supported [application/json, application/*+json]
2025-07-01 12:19:11 - Writing [{data={transDate=2025-07-01, securityCode=000001, buyStatistics={transactionCount=0, totalUnits=0, t (truncated)...]
2025-07-01 12:19:11 - Writing [{data={transDate=2025-07-01, securityCode=000001, buyStatistics={transactionCount=0, totalUnits=0, t (truncated)...]
2025-07-01 12:19:11 - Writing [{data={transDate=2025-07-01, securityCode=000001, buyStatistics={transactionCount=0, totalUnits=0, t (truncated)...]
2025-07-01 12:19:11 - Mapped to com.banking.controller.TransactionController#getSecurityStatistics(String, String)
2025-07-01 12:19:11 - Mapped to com.banking.controller.TransactionController#getSecurityStatistics(String, String)
2025-07-01 12:19:11 - Using 'application/json', given [*/*] and supported [application/json, application/*+json]
2025-07-01 12:19:11 - Using 'application/json', given [*/*] and supported [application/json, application/*+json]
2025-07-01 12:19:11 - Writing [{data={transDate=2025-07-01, securityCode=000001, buyStatistics={transactionCount=0, totalUnits=0, t (truncated)...]
2025-07-01 12:19:11 - Writing [{data={transDate=2025-07-01, securityCode=000001, buyStatistics={transactionCount=0, totalUnits=0, t (truncated)...]
2025-07-01 12:19:11 - Mapped to com.banking.controller.TransactionController#getSecurityStatistics(String, String)
2025-07-01 12:19:11 - Mapped to com.banking.controller.TransactionController#getSecurityStatistics(String, String)
2025-07-01 12:19:11 - Using 'application/json', given [*/*] and supported [application/json, application/*+json]
2025-07-01 12:19:11 - Writing [{data={transDate=2025-07-01, securityCode=000001, buyStatistics={transactionCount=0, totalUnits=0, t (truncated)...]
2025-07-01 12:19:11 - Using 'application/json', given [*/*] and supported [application/json, application/*+json]
2025-07-01 12:19:11 - Writing [{data={transDate=2025-07-01, securityCode=000001, buyStatistics={transactionCount=0, totalUnits=0, t (truncated)...]
2025-07-01 12:19:11 - Mapped to com.banking.controller.TransactionController#getSecurityStatistics(String, String)
2025-07-01 12:19:11 - Using 'application/json', given [*/*] and supported [application/json, application/*+json]
2025-07-01 12:19:11 - Writing [{data={transDate=2025-07-01, securityCode=000001, buyStatistics={transactionCount=0, totalUnits=0, t (truncated)...]
2025-07-01 12:19:11 - Using 'application/json', given [*/*] and supported [application/json, application/*+json]
2025-07-01 12:19:11 - Using 'application/json', given [*/*] and supported [application/json, application/*+json]
2025-07-01 12:19:11 - Using 'application/json', given [*/*] and supported [application/json, application/*+json]
2025-07-01 12:19:11 - Writing [{data={transDate=2025-07-01, securityCode=000001, buyStatistics={transactionCount=0, totalUnits=0, t (truncated)...]
2025-07-01 12:19:11 - Writing [{data={transDate=2025-07-01, securityCode=000001, buyStatistics={transactionCount=0, totalUnits=0, t (truncated)...]
2025-07-01 12:19:11 - Writing [{data={transDate=2025-07-01, securityCode=000001, buyStatistics={transactionCount=0, totalUnits=0, t (truncated)...]
2025-07-01 12:19:11 - Using 'application/json', given [*/*] and supported [application/json, application/*+json]
2025-07-01 12:19:11 - Using 'application/json', given [*/*] and supported [application/json, application/*+json]
2025-07-01 12:19:11 - Writing [{data={transDate=2025-07-01, securityCode=000001, buyStatistics={transactionCount=0, totalUnits=0, t (truncated)...]
2025-07-01 12:19:11 - Writing [{data={transDate=2025-07-01, securityCode=000001, buyStatistics={transactionCount=0, totalUnits=0, t (truncated)...]
2025-07-01 12:19:11 - Using 'application/json', given [*/*] and supported [application/json, application/*+json]
2025-07-01 12:19:11 - Using 'application/json', given [*/*] and supported [application/json, application/*+json]
2025-07-01 12:19:11 - Writing [{data={transDate=2025-07-01, securityCode=000001, buyStatistics={transactionCount=0, totalUnits=0, t (truncated)...]
2025-07-01 12:19:11 - Writing [{data={transDate=2025-07-01, securityCode=000001, buyStatistics={transactionCount=0, totalUnits=0, t (truncated)...]
2025-07-01 12:19:11 - Using 'application/json', given [*/*] and supported [application/json, application/*+json]
2025-07-01 12:19:11 - Writing [{data={transDate=2025-07-01, securityCode=000001, buyStatistics={transactionCount=0, totalUnits=0, t (truncated)...]
2025-07-01 12:19:11 - Using 'application/json', given [*/*] and supported [application/json, application/*+json]
2025-07-01 12:19:11 - Writing [{data={transDate=2025-07-01, securityCode=000001, buyStatistics={transactionCount=0, totalUnits=0, t (truncated)...]
2025-07-01 12:19:11 - Using 'application/json', given [*/*] and supported [application/json, application/*+json]
2025-07-01 12:19:11 - Writing [{data={transDate=2025-07-01, securityCode=000001, buyStatistics={transactionCount=0, totalUnits=0, t (truncated)...]
2025-07-01 12:19:11 - Using 'application/json', given [*/*] and supported [application/json, application/*+json]
2025-07-01 12:19:11 - Using 'application/json', given [*/*] and supported [application/json, application/*+json]
2025-07-01 12:19:11 - Writing [{data={transDate=2025-07-01, securityCode=000001, buyStatistics={transactionCount=0, totalUnits=0, t (truncated)...]
2025-07-01 12:19:11 - Writing [{data={transDate=2025-07-01, securityCode=000001, buyStatistics={transactionCount=0, totalUnits=0, t (truncated)...]
2025-07-01 12:19:11 - Using 'application/json', given [*/*] and supported [application/json, application/*+json]
2025-07-01 12:19:11 - Writing [{data={transDate=2025-07-01, securityCode=000001, buyStatistics={transactionCount=0, totalUnits=0, t (truncated)...]
2025-07-01 12:19:11 - Using 'application/json', given [*/*] and supported [application/json, application/*+json]
2025-07-01 12:19:11 - Writing [{data={transDate=2025-07-01, securityCode=000001, buyStatistics={transactionCount=0, totalUnits=0, t (truncated)...]
2025-07-01 12:19:11 - Using 'application/json', given [*/*] and supported [application/json, application/*+json]
2025-07-01 12:19:11 - Using 'application/json', given [*/*] and supported [application/json, application/*+json]
2025-07-01 12:19:11 - Using 'application/json', given [*/*] and supported [application/json, application/*+json]
2025-07-01 12:19:11 - Writing [{data={transDate=2025-07-01, securityCode=000001, buyStatistics={transactionCount=0, totalUnits=0, t (truncated)...]
2025-07-01 12:19:11 - Writing [{data={transDate=2025-07-01, securityCode=000001, buyStatistics={transactionCount=0, totalUnits=0, t (truncated)...]
2025-07-01 12:19:11 - Writing [{data={transDate=2025-07-01, securityCode=000001, buyStatistics={transactionCount=0, totalUnits=0, t (truncated)...]
2025-07-01 12:19:11 - Using 'application/json', given [*/*] and supported [application/json, application/*+json]
2025-07-01 12:19:11 - Using 'application/json', given [*/*] and supported [application/json, application/*+json]
2025-07-01 12:19:11 - Writing [{data={transDate=2025-07-01, securityCode=000001, buyStatistics={transactionCount=0, totalUnits=0, t (truncated)...]
2025-07-01 12:19:11 - Writing [{data={transDate=2025-07-01, securityCode=000001, buyStatistics={transactionCount=0, totalUnits=0, t (truncated)...]
2025-07-01 12:19:11 - Using 'application/json', given [*/*] and supported [application/json, application/*+json]
2025-07-01 12:19:11 - Writing [{data={transDate=2025-07-01, securityCode=000001, buyStatistics={transactionCount=0, totalUnits=0, t (truncated)...]
2025-07-01 12:19:11 - Using 'application/json', given [*/*] and supported [application/json, application/*+json]
2025-07-01 12:19:11 - Writing [{data=[com.banking.dto.TransactionResponse@1aeef7af, com.banking.dto.TransactionResponse@74d643a5, c (truncated)...]
2025-07-01 12:19:11 - Using 'application/json', given [*/*] and supported [application/json, application/*+json]
2025-07-01 12:19:11 - Using 'application/json', given [*/*] and supported [application/json, application/*+json]
2025-07-01 12:19:11 - Using 'application/json', given [*/*] and supported [application/json, application/*+json]
2025-07-01 12:19:11 - Writing [{data=[com.banking.dto.TransactionResponse@54059846, com.banking.dto.TransactionResponse@1f1c4412, c (truncated)...]
2025-07-01 12:19:11 - Writing [{data={transDate=2025-07-01, securityCode=000001, buyStatistics={transactionCount=0, totalUnits=0, t (truncated)...]
2025-07-01 12:19:11 - Writing [{data={transDate=2025-07-01, securityCode=000001, buyStatistics={transactionCount=0, totalUnits=0, t (truncated)...]
2025-07-01 12:19:11 - Using 'application/json', given [*/*] and supported [application/json, application/*+json]
2025-07-01 12:19:11 - Writing [{data={transDate=2025-07-01, securityCode=000001, buyStatistics={transactionCount=0, totalUnits=0, t (truncated)...]
2025-07-01 12:19:11 - Using 'application/json', given [*/*] and supported [application/json, application/*+json]
2025-07-01 12:19:11 - Writing [{data={transDate=2025-07-01, securityCode=000001, buyStatistics={transactionCount=0, totalUnits=0, t (truncated)...]
2025-07-01 12:19:11 - Using 'application/json', given [*/*] and supported [application/json, application/*+json]
2025-07-01 12:19:11 - Writing [{data={transDate=2025-07-01, securityCode=000001, buyStatistics={transactionCount=0, totalUnits=0, t (truncated)...]
2025-07-01 12:19:11 - Using 'application/json', given [*/*] and supported [application/json, application/*+json]
2025-07-01 12:19:11 - Using 'application/json', given [*/*] and supported [application/json, application/*+json]
2025-07-01 12:19:11 - Writing [{data={transDate=2025-07-01, securityCode=000001, buyStatistics={transactionCount=0, totalUnits=0, t (truncated)...]
2025-07-01 12:19:11 - Writing [{data={transDate=2025-07-01, securityCode=000001, buyStatistics={transactionCount=0, totalUnits=0, t (truncated)...]
2025-07-01 12:19:11 - Using 'application/json', given [*/*] and supported [application/json, application/*+json]
2025-07-01 12:19:11 - Writing [{data={transDate=2025-07-01, securityCode=000001, buyStatistics={transactionCount=0, totalUnits=0, t (truncated)...]
2025-07-01 12:19:11 - Mapped to com.banking.controller.TransactionController#getSecurityStatistics(String, String)
2025-07-01 12:19:11 - Using 'application/json', given [*/*] and supported [application/json, application/*+json]
2025-07-01 12:19:11 - Writing [{data={transDate=2025-07-01, securityCode=000001, buyStatistics={transactionCount=0, totalUnits=0, t (truncated)...]
2025-07-01 12:19:11 - Mapped to com.banking.controller.TransactionController#getSecurityStatistics(String, String)
2025-07-01 12:19:11 - Using 'application/json', given [*/*] and supported [application/json, application/*+json]
2025-07-01 12:19:11 - Using 'application/json', given [*/*] and supported [application/json, application/*+json]
2025-07-01 12:19:11 - Writing [{data={transDate=2025-07-01, securityCode=000001, buyStatistics={transactionCount=0, totalUnits=0, t (truncated)...]
2025-07-01 12:19:11 - Writing [{data={transDate=2025-07-01, securityCode=000001, buyStatistics={transactionCount=0, totalUnits=0, t (truncated)...]
2025-07-01 12:19:11 - Using 'application/json', given [*/*] and supported [application/json, application/*+json]
2025-07-01 12:19:11 - Writing [{data={transDate=2025-07-01, securityCode=000001, buyStatistics={transactionCount=0, totalUnits=0, t (truncated)...]
=== 并发读取测试结果 ===
并发用户数: 100
总耗时: 1140ms
平均每用户耗时: 11ms
]]></system-out>
  </testcase>
  <testcase name="testConcurrentStockTransactionCreation" classname="com.banking.StressTest" time="0.777">
    <system-out><![CDATA[开始新的压力测试...
2025-07-01 12:19:11 - Mapped to com.banking.controller.TransactionController#getStatistics()
2025-07-01 12:19:11 - Using 'application/json', given [*/*] and supported [application/json, application/*+json]
2025-07-01 12:19:11 - Writing [{data={totalTransactions=50, transactionTypes=[Lcom.banking.model.TransactionType;@705f2da4}, succes (truncated)...]
2025-07-01 12:19:11 - Mapped to com.banking.controller.TransactionController#createTransaction(TransactionRequest)
2025-07-01 12:19:11 - Mapped to com.banking.controller.TransactionController#createTransaction(TransactionRequest)
2025-07-01 12:19:11 - Mapped to com.banking.controller.TransactionController#createTransaction(TransactionRequest)
2025-07-01 12:19:11 - Mapped to com.banking.controller.TransactionController#createTransaction(TransactionRequest)
2025-07-01 12:19:11 - Mapped to com.banking.controller.TransactionController#createTransaction(TransactionRequest)
2025-07-01 12:19:11 - Read "application/json;charset=UTF-8" to [com.banking.dto.TransactionRequest@4da4d2c3]
2025-07-01 12:19:11 - Read "application/json;charset=UTF-8" to [com.banking.dto.TransactionRequest@278d62bd]
2025-07-01 12:19:11 - Read "application/json;charset=UTF-8" to [com.banking.dto.TransactionRequest@40b56817]
2025-07-01 12:19:11 - Read "application/json;charset=UTF-8" to [com.banking.dto.TransactionRequest@741db237]
2025-07-01 12:19:11 - Mapped to com.banking.controller.TransactionController#createTransaction(TransactionRequest)
2025-07-01 12:19:11 - Read "application/json;charset=UTF-8" to [com.banking.dto.TransactionRequest@e5263d]
2025-07-01 12:19:11 - Mapped to com.banking.controller.TransactionController#createTransaction(TransactionRequest)
2025-07-01 12:19:11 - Read "application/json;charset=UTF-8" to [com.banking.dto.TransactionRequest@3dc07eda]
2025-07-01 12:19:11 - Read "application/json;charset=UTF-8" to [com.banking.dto.TransactionRequest@31fb2681]
2025-07-01 12:19:11 - Mapped to com.banking.controller.TransactionController#createTransaction(TransactionRequest)
2025-07-01 12:19:11 - Mapped to com.banking.controller.TransactionController#createTransaction(TransactionRequest)
2025-07-01 12:19:11 - Mapped to com.banking.controller.TransactionController#createTransaction(TransactionRequest)
2025-07-01 12:19:11 - Read "application/json;charset=UTF-8" to [com.banking.dto.TransactionRequest@4db91244]
2025-07-01 12:19:11 - Read "application/json;charset=UTF-8" to [com.banking.dto.TransactionRequest@186d09ce]
2025-07-01 12:19:11 - Mapped to com.banking.controller.TransactionController#createTransaction(TransactionRequest)
2025-07-01 12:19:11 - Read "application/json;charset=UTF-8" to [com.banking.dto.TransactionRequest@5c702065]
2025-07-01 12:19:11 - Read "application/json;charset=UTF-8" to [com.banking.dto.TransactionRequest@6fcf1d09]
2025-07-01 12:19:11 - Mapped to com.banking.controller.TransactionController#createTransaction(TransactionRequest)
2025-07-01 12:19:11 - Mapped to com.banking.controller.TransactionController#createTransaction(TransactionRequest)
2025-07-01 12:19:11 - Read "application/json;charset=UTF-8" to [com.banking.dto.TransactionRequest@41724299]
2025-07-01 12:19:11 - Mapped to com.banking.controller.TransactionController#createTransaction(TransactionRequest)
2025-07-01 12:19:11 - Read "application/json;charset=UTF-8" to [com.banking.dto.TransactionRequest@7731549f]
2025-07-01 12:19:11 - Read "application/json;charset=UTF-8" to [com.banking.dto.TransactionRequest@5565921e]
2025-07-01 12:19:11 - Mapped to com.banking.controller.TransactionController#createTransaction(TransactionRequest)
2025-07-01 12:19:11 - Read "application/json;charset=UTF-8" to [com.banking.dto.TransactionRequest@5ce995a0]
2025-07-01 12:19:11 - Mapped to com.banking.controller.TransactionController#createTransaction(TransactionRequest)
2025-07-01 12:19:11 - Read "application/json;charset=UTF-8" to [com.banking.dto.TransactionRequest@2f07eb43]
2025-07-01 12:19:11 - Mapped to com.banking.controller.TransactionController#createTransaction(TransactionRequest)
2025-07-01 12:19:11 - Read "application/json;charset=UTF-8" to [com.banking.dto.TransactionRequest@12b0e855]
2025-07-01 12:19:11 - Mapped to com.banking.controller.TransactionController#createTransaction(TransactionRequest)
2025-07-01 12:19:11 - Mapped to com.banking.controller.TransactionController#createTransaction(TransactionRequest)
2025-07-01 12:19:11 - Read "application/json;charset=UTF-8" to [com.banking.dto.TransactionRequest@43f2426f]
2025-07-01 12:19:11 - Mapped to com.banking.controller.TransactionController#createTransaction(TransactionRequest)
2025-07-01 12:19:11 - Read "application/json;charset=UTF-8" to [com.banking.dto.TransactionRequest@25d49902]
2025-07-01 12:19:11 - Mapped to com.banking.controller.TransactionController#createTransaction(TransactionRequest)
2025-07-01 12:19:11 - Read "application/json;charset=UTF-8" to [com.banking.dto.TransactionRequest@e28f58]
2025-07-01 12:19:11 - Mapped to com.banking.controller.TransactionController#createTransaction(TransactionRequest)
2025-07-01 12:19:11 - Read "application/json;charset=UTF-8" to [com.banking.dto.TransactionRequest@71607202]
2025-07-01 12:19:11 - Mapped to com.banking.controller.TransactionController#createTransaction(TransactionRequest)
2025-07-01 12:19:11 - Read "application/json;charset=UTF-8" to [com.banking.dto.TransactionRequest@69a80470]
2025-07-01 12:19:11 - Read "application/json;charset=UTF-8" to [com.banking.dto.TransactionRequest@4e16e6ea]
2025-07-01 12:19:11 - Mapped to com.banking.controller.TransactionController#createTransaction(TransactionRequest)
2025-07-01 12:19:11 - Mapped to com.banking.controller.TransactionController#createTransaction(TransactionRequest)
2025-07-01 12:19:11 - Read "application/json;charset=UTF-8" to [com.banking.dto.TransactionRequest@29b82db8]
2025-07-01 12:19:11 - Read "application/json;charset=UTF-8" to [com.banking.dto.TransactionRequest@304eec1b]
2025-07-01 12:19:11 - Mapped to com.banking.controller.TransactionController#createTransaction(TransactionRequest)
2025-07-01 12:19:11 - Mapped to com.banking.controller.TransactionController#createTransaction(TransactionRequest)
2025-07-01 12:19:11 - Mapped to com.banking.controller.TransactionController#createTransaction(TransactionRequest)
2025-07-01 12:19:11 - Read "application/json;charset=UTF-8" to [com.banking.dto.TransactionRequest@77cdcc55]
2025-07-01 12:19:11 - Read "application/json;charset=UTF-8" to [com.banking.dto.TransactionRequest@49e0cf6e]
2025-07-01 12:19:11 - Mapped to com.banking.controller.TransactionController#createTransaction(TransactionRequest)
2025-07-01 12:19:11 - Read "application/json;charset=UTF-8" to [com.banking.dto.TransactionRequest@5b555f63]
2025-07-01 12:19:11 - Mapped to com.banking.controller.TransactionController#createTransaction(TransactionRequest)
2025-07-01 12:19:11 - Read "application/json;charset=UTF-8" to [com.banking.dto.TransactionRequest@766622a0]
2025-07-01 12:19:11 - Mapped to com.banking.controller.TransactionController#createTransaction(TransactionRequest)
2025-07-01 12:19:11 - Using 'application/json', given [*/*] and supported [application/json, application/*+json]
2025-07-01 12:19:11 - Using 'application/json', given [*/*] and supported [application/json, application/*+json]
2025-07-01 12:19:11 - Read "application/json;charset=UTF-8" to [com.banking.dto.TransactionRequest@577ab22]
2025-07-01 12:19:11 - Writing [{data=com.banking.dto.TransactionResponse@3d31a164, success=true, message=交易创建成功}]
2025-07-01 12:19:11 - Writing [{data=com.banking.dto.TransactionResponse@68e5ff3a, success=true, message=交易创建成功}]
2025-07-01 12:19:11 - Using 'application/json', given [*/*] and supported [application/json, application/*+json]
2025-07-01 12:19:11 - Using 'application/json', given [*/*] and supported [application/json, application/*+json]
2025-07-01 12:19:11 - Using 'application/json', given [*/*] and supported [application/json, application/*+json]
2025-07-01 12:19:11 - Using 'application/json', given [*/*] and supported [application/json, application/*+json]
2025-07-01 12:19:11 - Writing [{data=com.banking.dto.TransactionResponse@689ce071, success=true, message=交易创建成功}]
2025-07-01 12:19:11 - Using 'application/json', given [*/*] and supported [application/json, application/*+json]
2025-07-01 12:19:11 - Using 'application/json', given [*/*] and supported [application/json, application/*+json]
2025-07-01 12:19:11 - Writing [{data=com.banking.dto.TransactionResponse@25b90e0f, success=true, message=交易创建成功}]
2025-07-01 12:19:11 - Writing [{data=com.banking.dto.TransactionResponse@792c4cca, success=true, message=交易创建成功}]
2025-07-01 12:19:11 - Mapped to com.banking.controller.TransactionController#createTransaction(TransactionRequest)
2025-07-01 12:19:11 - Writing [{data=com.banking.dto.TransactionResponse@65e90065, success=true, message=交易创建成功}]
2025-07-01 12:19:11 - Using 'application/json', given [*/*] and supported [application/json, application/*+json]
2025-07-01 12:19:11 - Writing [{data=com.banking.dto.TransactionResponse@14a72fa5, success=true, message=交易创建成功}]
2025-07-01 12:19:11 - Using 'application/json', given [*/*] and supported [application/json, application/*+json]
2025-07-01 12:19:11 - Writing [{data=com.banking.dto.TransactionResponse@189c73d5, success=true, message=交易创建成功}]
2025-07-01 12:19:11 - Read "application/json;charset=UTF-8" to [com.banking.dto.TransactionRequest@16fc98f2]
2025-07-01 12:19:11 - Writing [{data=com.banking.dto.TransactionResponse@2d1edef, success=true, message=交易创建成功}]
2025-07-01 12:19:11 - Writing [{data=com.banking.dto.TransactionResponse@51417ef5, success=true, message=交易创建成功}]
2025-07-01 12:19:11 - Mapped to com.banking.controller.TransactionController#createTransaction(TransactionRequest)
2025-07-01 12:19:11 - Read "application/json;charset=UTF-8" to [com.banking.dto.TransactionRequest@64a5352a]
2025-07-01 12:19:11 - Read "application/json;charset=UTF-8" to [com.banking.dto.TransactionRequest@95cb9a8]
2025-07-01 12:19:11 - Mapped to com.banking.controller.TransactionController#createTransaction(TransactionRequest)
2025-07-01 12:19:11 - Mapped to com.banking.controller.TransactionController#createTransaction(TransactionRequest)
2025-07-01 12:19:11 - Mapped to com.banking.controller.TransactionController#createTransaction(TransactionRequest)
2025-07-01 12:19:11 - Read "application/json;charset=UTF-8" to [com.banking.dto.TransactionRequest@33bf53d0]
2025-07-01 12:19:11 - Read "application/json;charset=UTF-8" to [com.banking.dto.TransactionRequest@1eb971ec]
2025-07-01 12:19:11 - Mapped to com.banking.controller.TransactionController#createTransaction(TransactionRequest)
2025-07-01 12:19:11 - Mapped to com.banking.controller.TransactionController#createTransaction(TransactionRequest)
2025-07-01 12:19:11 - Mapped to com.banking.controller.TransactionController#createTransaction(TransactionRequest)
2025-07-01 12:19:11 - Mapped to com.banking.controller.TransactionController#createTransaction(TransactionRequest)
2025-07-01 12:19:11 - Mapped to com.banking.controller.TransactionController#createTransaction(TransactionRequest)
2025-07-01 12:19:11 - Mapped to com.banking.controller.TransactionController#createTransaction(TransactionRequest)
2025-07-01 12:19:11 - Mapped to com.banking.controller.TransactionController#createTransaction(TransactionRequest)
2025-07-01 12:19:11 - Mapped to com.banking.controller.TransactionController#createTransaction(TransactionRequest)
2025-07-01 12:19:11 - Mapped to com.banking.controller.TransactionController#createTransaction(TransactionRequest)
2025-07-01 12:19:11 - Mapped to com.banking.controller.TransactionController#createTransaction(TransactionRequest)
2025-07-01 12:19:11 - Mapped to com.banking.controller.TransactionController#createTransaction(TransactionRequest)
2025-07-01 12:19:11 - Read "application/json;charset=UTF-8" to [com.banking.dto.TransactionRequest@14b72715]
2025-07-01 12:19:11 - Read "application/json;charset=UTF-8" to [com.banking.dto.TransactionRequest@5e27b9f7]
2025-07-01 12:19:11 - Read "application/json;charset=UTF-8" to [com.banking.dto.TransactionRequest@2b783c03]
2025-07-01 12:19:11 - Read "application/json;charset=UTF-8" to [com.banking.dto.TransactionRequest@7c3c90e0]
2025-07-01 12:19:11 - Read "application/json;charset=UTF-8" to [com.banking.dto.TransactionRequest@1b4ec1b]
2025-07-01 12:19:11 - Read "application/json;charset=UTF-8" to [com.banking.dto.TransactionRequest@462c5e36]
2025-07-01 12:19:11 - Read "application/json;charset=UTF-8" to [com.banking.dto.TransactionRequest@76fbc9b]
2025-07-01 12:19:11 - Read "application/json;charset=UTF-8" to [com.banking.dto.TransactionRequest@1dad16d]
2025-07-01 12:19:11 - Read "application/json;charset=UTF-8" to [com.banking.dto.TransactionRequest@19d0a214]
2025-07-01 12:19:11 - Read "application/json;charset=UTF-8" to [com.banking.dto.TransactionRequest@12af2a10]
2025-07-01 12:19:11 - Read "application/json;charset=UTF-8" to [com.banking.dto.TransactionRequest@32ca22ac]
2025-07-01 12:19:11 - Read "application/json;charset=UTF-8" to [com.banking.dto.TransactionRequest@35aa687d]
2025-07-01 12:19:11 - Mapped to com.banking.controller.TransactionController#createTransaction(TransactionRequest)
2025-07-01 12:19:11 - Using 'application/json', given [*/*] and supported [application/json, application/*+json]
2025-07-01 12:19:11 - Using 'application/json', given [*/*] and supported [application/json, application/*+json]
2025-07-01 12:19:11 - Using 'application/json', given [*/*] and supported [application/json, application/*+json]
2025-07-01 12:19:11 - Mapped to com.banking.controller.TransactionController#createTransaction(TransactionRequest)
2025-07-01 12:19:11 - Writing [{data=com.banking.dto.TransactionResponse@4a93d211, success=true, message=交易创建成功}]
2025-07-01 12:19:11 - Writing [{data=com.banking.dto.TransactionResponse@14840e96, success=true, message=交易创建成功}]
2025-07-01 12:19:11 - Using 'application/json', given [*/*] and supported [application/json, application/*+json]
2025-07-01 12:19:11 - Using 'application/json', given [*/*] and supported [application/json, application/*+json]
2025-07-01 12:19:11 - Writing [{data=com.banking.dto.TransactionResponse@5fee4f67, success=true, message=交易创建成功}]
2025-07-01 12:19:11 - Writing [{data=com.banking.dto.TransactionResponse@642e2b2c, success=true, message=交易创建成功}]
2025-07-01 12:19:11 - Writing [{data=com.banking.dto.TransactionResponse@3ab77b60, success=true, message=交易创建成功}]
2025-07-01 12:19:11 - Read "application/json;charset=UTF-8" to [com.banking.dto.TransactionRequest@b6ba1ac]
2025-07-01 12:19:11 - Read "application/json;charset=UTF-8" to [com.banking.dto.TransactionRequest@4129dbb0]
2025-07-01 12:19:11 - Using 'application/json', given [*/*] and supported [application/json, application/*+json]
2025-07-01 12:19:11 - Writing [{data=com.banking.dto.TransactionResponse@7766f7e6, success=true, message=交易创建成功}]
2025-07-01 12:19:11 - Using 'application/json', given [*/*] and supported [application/json, application/*+json]
2025-07-01 12:19:11 - Mapped to com.banking.controller.TransactionController#createTransaction(TransactionRequest)
2025-07-01 12:19:11 - Writing [{data=com.banking.dto.TransactionResponse@66aea95a, success=true, message=交易创建成功}]
2025-07-01 12:19:11 - Using 'application/json', given [*/*] and supported [application/json, application/*+json]
2025-07-01 12:19:11 - Writing [{data=com.banking.dto.TransactionResponse@379afb48, success=true, message=交易创建成功}]
2025-07-01 12:19:11 - Mapped to com.banking.controller.TransactionController#createTransaction(TransactionRequest)
2025-07-01 12:19:11 - Mapped to com.banking.controller.TransactionController#createTransaction(TransactionRequest)
2025-07-01 12:19:11 - Read "application/json;charset=UTF-8" to [com.banking.dto.TransactionRequest@77898efd]
2025-07-01 12:19:11 - Using 'application/json', given [*/*] and supported [application/json, application/*+json]
2025-07-01 12:19:11 - Writing [{data=com.banking.dto.TransactionResponse@236dfaff, success=true, message=交易创建成功}]
2025-07-01 12:19:11 - Read "application/json;charset=UTF-8" to [com.banking.dto.TransactionRequest@2fdef21e]
2025-07-01 12:19:11 - Mapped to com.banking.controller.TransactionController#createTransaction(TransactionRequest)
2025-07-01 12:19:11 - Mapped to com.banking.controller.TransactionController#createTransaction(TransactionRequest)
2025-07-01 12:19:11 - Mapped to com.banking.controller.TransactionController#createTransaction(TransactionRequest)
2025-07-01 12:19:11 - Mapped to com.banking.controller.TransactionController#createTransaction(TransactionRequest)
2025-07-01 12:19:11 - Read "application/json;charset=UTF-8" to [com.banking.dto.TransactionRequest@31643861]
2025-07-01 12:19:11 - Read "application/json;charset=UTF-8" to [com.banking.dto.TransactionRequest@33bd6e5]
2025-07-01 12:19:11 - Read "application/json;charset=UTF-8" to [com.banking.dto.TransactionRequest@5d8ab9e5]
2025-07-01 12:19:11 - Read "application/json;charset=UTF-8" to [com.banking.dto.TransactionRequest@16c61293]
2025-07-01 12:19:11 - Mapped to com.banking.controller.TransactionController#createTransaction(TransactionRequest)
2025-07-01 12:19:11 - Mapped to com.banking.controller.TransactionController#createTransaction(TransactionRequest)
2025-07-01 12:19:11 - Using 'application/json', given [*/*] and supported [application/json, application/*+json]
2025-07-01 12:19:11 - Using 'application/json', given [*/*] and supported [application/json, application/*+json]
2025-07-01 12:19:11 - Using 'application/json', given [*/*] and supported [application/json, application/*+json]
2025-07-01 12:19:11 - Writing [{data=com.banking.dto.TransactionResponse@2c99a399, success=true, message=交易创建成功}]
2025-07-01 12:19:11 - Writing [{data=com.banking.dto.TransactionResponse@249d67dd, success=true, message=交易创建成功}]
2025-07-01 12:19:11 - Using 'application/json', given [*/*] and supported [application/json, application/*+json]
2025-07-01 12:19:11 - Using 'application/json', given [*/*] and supported [application/json, application/*+json]
2025-07-01 12:19:11 - Using 'application/json', given [*/*] and supported [application/json, application/*+json]
2025-07-01 12:19:11 - Writing [{data=com.banking.dto.TransactionResponse@535924b1, success=true, message=交易创建成功}]
2025-07-01 12:19:11 - Writing [{data=com.banking.dto.TransactionResponse@103147e2, success=true, message=交易创建成功}]
2025-07-01 12:19:11 - Writing [{data=com.banking.dto.TransactionResponse@5256eaf9, success=true, message=交易创建成功}]
2025-07-01 12:19:11 - Writing [{data=com.banking.dto.TransactionResponse@6904dbb2, success=true, message=交易创建成功}]
2025-07-01 12:19:11 - Read "application/json;charset=UTF-8" to [com.banking.dto.TransactionRequest@79607eac]
2025-07-01 12:19:11 - Read "application/json;charset=UTF-8" to [com.banking.dto.TransactionRequest@2cffbb1d]
2025-07-01 12:19:11 - Read "application/json;charset=UTF-8" to [com.banking.dto.TransactionRequest@14ab1a58]
2025-07-01 12:19:11 - Mapped to com.banking.controller.TransactionController#createTransaction(TransactionRequest)
2025-07-01 12:19:11 - Mapped to com.banking.controller.TransactionController#createTransaction(TransactionRequest)
2025-07-01 12:19:11 - Mapped to com.banking.controller.TransactionController#createTransaction(TransactionRequest)
2025-07-01 12:19:11 - Mapped to com.banking.controller.TransactionController#createTransaction(TransactionRequest)
2025-07-01 12:19:11 - Read "application/json;charset=UTF-8" to [com.banking.dto.TransactionRequest@6bdd904c]
2025-07-01 12:19:11 - Read "application/json;charset=UTF-8" to [com.banking.dto.TransactionRequest@25d69f30]
2025-07-01 12:19:11 - Read "application/json;charset=UTF-8" to [com.banking.dto.TransactionRequest@25e44bd0]
2025-07-01 12:19:11 - Mapped to com.banking.controller.TransactionController#createTransaction(TransactionRequest)
2025-07-01 12:19:11 - Read "application/json;charset=UTF-8" to [com.banking.dto.TransactionRequest@23afabd8]
2025-07-01 12:19:11 - Mapped to com.banking.controller.TransactionController#createTransaction(TransactionRequest)
2025-07-01 12:19:11 - Read "application/json;charset=UTF-8" to [com.banking.dto.TransactionRequest@9d0590e]
2025-07-01 12:19:11 - Mapped to com.banking.controller.TransactionController#createTransaction(TransactionRequest)
2025-07-01 12:19:11 - Using 'application/json', given [*/*] and supported [application/json, application/*+json]
2025-07-01 12:19:11 - Writing [{data=com.banking.dto.TransactionResponse@15e76c1d, success=true, message=交易创建成功}]
2025-07-01 12:19:11 - Using 'application/json', given [*/*] and supported [application/json, application/*+json]
2025-07-01 12:19:11 - Read "application/json;charset=UTF-8" to [com.banking.dto.TransactionRequest@f62703e]
2025-07-01 12:19:11 - Writing [{data=com.banking.dto.TransactionResponse@39d926d7, success=true, message=交易创建成功}]
2025-07-01 12:19:11 - Read "application/json;charset=UTF-8" to [com.banking.dto.TransactionRequest@6d01270]
2025-07-01 12:19:11 - Using 'application/json', given [*/*] and supported [application/json, application/*+json]
2025-07-01 12:19:11 - Mapped to com.banking.controller.TransactionController#createTransaction(TransactionRequest)
2025-07-01 12:19:11 - Writing [{data=com.banking.dto.TransactionResponse@2281d5f2, success=true, message=交易创建成功}]
2025-07-01 12:19:11 - Using 'application/json', given [*/*] and supported [application/json, application/*+json]
2025-07-01 12:19:11 - Mapped to com.banking.controller.TransactionController#createTransaction(TransactionRequest)
2025-07-01 12:19:11 - Using 'application/json', given [*/*] and supported [application/json, application/*+json]
2025-07-01 12:19:11 - Writing [{data=com.banking.dto.TransactionResponse@2e32eaec, success=true, message=交易创建成功}]
2025-07-01 12:19:11 - Read "application/json;charset=UTF-8" to [com.banking.dto.TransactionRequest@63a9f000]
2025-07-01 12:19:11 - Using 'application/json', given [*/*] and supported [application/json, application/*+json]
2025-07-01 12:19:11 - Using 'application/json', given [*/*] and supported [application/json, application/*+json]
2025-07-01 12:19:11 - Writing [{data=com.banking.dto.TransactionResponse@526d9b79, success=true, message=交易创建成功}]
2025-07-01 12:19:11 - Mapped to com.banking.controller.TransactionController#createTransaction(TransactionRequest)
2025-07-01 12:19:11 - Mapped to com.banking.controller.TransactionController#createTransaction(TransactionRequest)
2025-07-01 12:19:11 - Using 'application/json', given [*/*] and supported [application/json, application/*+json]
2025-07-01 12:19:11 - Writing [{data=com.banking.dto.TransactionResponse@507470e8, success=true, message=交易创建成功}]
2025-07-01 12:19:11 - Mapped to com.banking.controller.TransactionController#createTransaction(TransactionRequest)
2025-07-01 12:19:11 - Writing [{data=com.banking.dto.TransactionResponse@7039ffbc, success=true, message=交易创建成功}]
2025-07-01 12:19:11 - Writing [{data=com.banking.dto.TransactionResponse@70f02ae0, success=true, message=交易创建成功}]
2025-07-01 12:19:11 - Mapped to com.banking.controller.TransactionController#createTransaction(TransactionRequest)
2025-07-01 12:19:11 - Mapped to com.banking.controller.TransactionController#createTransaction(TransactionRequest)
2025-07-01 12:19:11 - Mapped to com.banking.controller.TransactionController#createTransaction(TransactionRequest)
2025-07-01 12:19:11 - Mapped to com.banking.controller.TransactionController#createTransaction(TransactionRequest)
2025-07-01 12:19:11 - Read "application/json;charset=UTF-8" to [com.banking.dto.TransactionRequest@3da1e613]
2025-07-01 12:19:11 - Read "application/json;charset=UTF-8" to [com.banking.dto.TransactionRequest@59d7dffd]
2025-07-01 12:19:11 - Read "application/json;charset=UTF-8" to [com.banking.dto.TransactionRequest@7c11684c]
2025-07-01 12:19:11 - Read "application/json;charset=UTF-8" to [com.banking.dto.TransactionRequest@35db7b48]
2025-07-01 12:19:11 - Read "application/json;charset=UTF-8" to [com.banking.dto.TransactionRequest@26065cd]
2025-07-01 12:19:11 - Read "application/json;charset=UTF-8" to [com.banking.dto.TransactionRequest@47398136]
2025-07-01 12:19:11 - Read "application/json;charset=UTF-8" to [com.banking.dto.TransactionRequest@19acb2c8]
2025-07-01 12:19:11 - Read "application/json;charset=UTF-8" to [com.banking.dto.TransactionRequest@3292d496]
2025-07-01 12:19:11 - Using 'application/json', given [*/*] and supported [application/json, application/*+json]
2025-07-01 12:19:11 - Writing [{data=com.banking.dto.TransactionResponse@113e4e9, success=true, message=交易创建成功}]
2025-07-01 12:19:11 - Using 'application/json', given [*/*] and supported [application/json, application/*+json]
2025-07-01 12:19:11 - Writing [{data=com.banking.dto.TransactionResponse@10888c50, success=true, message=交易创建成功}]
2025-07-01 12:19:11 - Using 'application/json', given [*/*] and supported [application/json, application/*+json]
2025-07-01 12:19:11 - Using 'application/json', given [*/*] and supported [application/json, application/*+json]
2025-07-01 12:19:11 - Writing [{data=com.banking.dto.TransactionResponse@1719ca6f, success=true, message=交易创建成功}]
2025-07-01 12:19:11 - Using 'application/json', given [*/*] and supported [application/json, application/*+json]
2025-07-01 12:19:11 - Writing [{data=com.banking.dto.TransactionResponse@7da8abf2, success=true, message=交易创建成功}]
2025-07-01 12:19:11 - Mapped to com.banking.controller.TransactionController#createTransaction(TransactionRequest)
2025-07-01 12:19:11 - Writing [{data=com.banking.dto.TransactionResponse@2a46f286, success=true, message=交易创建成功}]
2025-07-01 12:19:11 - Mapped to com.banking.controller.TransactionController#createTransaction(TransactionRequest)
2025-07-01 12:19:11 - Using 'application/json', given [*/*] and supported [application/json, application/*+json]
2025-07-01 12:19:11 - Writing [{data=com.banking.dto.TransactionResponse@4a3a8844, success=true, message=交易创建成功}]
2025-07-01 12:19:11 - Using 'application/json', given [*/*] and supported [application/json, application/*+json]
2025-07-01 12:19:11 - Mapped to com.banking.controller.TransactionController#createTransaction(TransactionRequest)
2025-07-01 12:19:11 - Using 'application/json', given [*/*] and supported [application/json, application/*+json]
2025-07-01 12:19:11 - Mapped to com.banking.controller.TransactionController#createTransaction(TransactionRequest)
2025-07-01 12:19:11 - Mapped to com.banking.controller.TransactionController#createTransaction(TransactionRequest)
2025-07-01 12:19:11 - Writing [{data=com.banking.dto.TransactionResponse@6dbd3e65, success=true, message=交易创建成功}]
2025-07-01 12:19:11 - Mapped to com.banking.controller.TransactionController#createTransaction(TransactionRequest)
2025-07-01 12:19:11 - Mapped to com.banking.controller.TransactionController#createTransaction(TransactionRequest)
2025-07-01 12:19:11 - Using 'application/json', given [*/*] and supported [application/json, application/*+json]
2025-07-01 12:19:11 - Using 'application/json', given [*/*] and supported [application/json, application/*+json]
2025-07-01 12:19:11 - Writing [{data=com.banking.dto.TransactionResponse@2d4e7834, success=true, message=交易创建成功}]
2025-07-01 12:19:11 - Writing [{data=com.banking.dto.TransactionResponse@1ee45de4, success=true, message=交易创建成功}]
2025-07-01 12:19:11 - Writing [{data=com.banking.dto.TransactionResponse@114db555, success=true, message=交易创建成功}]
2025-07-01 12:19:11 - Mapped to com.banking.controller.TransactionController#createTransaction(TransactionRequest)
2025-07-01 12:19:11 - Mapped to com.banking.controller.TransactionController#createTransaction(TransactionRequest)
2025-07-01 12:19:11 - Mapped to com.banking.controller.TransactionController#createTransaction(TransactionRequest)
2025-07-01 12:19:11 - Mapped to com.banking.controller.TransactionController#createTransaction(TransactionRequest)
2025-07-01 12:19:11 - Mapped to com.banking.controller.TransactionController#createTransaction(TransactionRequest)
2025-07-01 12:19:11 - Mapped to com.banking.controller.TransactionController#createTransaction(TransactionRequest)
2025-07-01 12:19:11 - Read "application/json;charset=UTF-8" to [com.banking.dto.TransactionRequest@5a9726ca]
2025-07-01 12:19:11 - Read "application/json;charset=UTF-8" to [com.banking.dto.TransactionRequest@5214bef7]
2025-07-01 12:19:11 - Read "application/json;charset=UTF-8" to [com.banking.dto.TransactionRequest@3be471c5]
2025-07-01 12:19:11 - Read "application/json;charset=UTF-8" to [com.banking.dto.TransactionRequest@4a129451]
2025-07-01 12:19:11 - Read "application/json;charset=UTF-8" to [com.banking.dto.TransactionRequest@3d743616]
2025-07-01 12:19:11 - Read "application/json;charset=UTF-8" to [com.banking.dto.TransactionRequest@29c47eed]
2025-07-01 12:19:11 - Read "application/json;charset=UTF-8" to [com.banking.dto.TransactionRequest@2fdf525a]
2025-07-01 12:19:11 - Mapped to com.banking.controller.TransactionController#createTransaction(TransactionRequest)
2025-07-01 12:19:11 - Mapped to com.banking.controller.TransactionController#createTransaction(TransactionRequest)
2025-07-01 12:19:11 - Mapped to com.banking.controller.TransactionController#createTransaction(TransactionRequest)
2025-07-01 12:19:11 - Mapped to com.banking.controller.TransactionController#createTransaction(TransactionRequest)
2025-07-01 12:19:11 - Mapped to com.banking.controller.TransactionController#createTransaction(TransactionRequest)
2025-07-01 12:19:11 - Mapped to com.banking.controller.TransactionController#createTransaction(TransactionRequest)
2025-07-01 12:19:11 - Mapped to com.banking.controller.TransactionController#createTransaction(TransactionRequest)
2025-07-01 12:19:11 - Mapped to com.banking.controller.TransactionController#createTransaction(TransactionRequest)
2025-07-01 12:19:11 - Read "application/json;charset=UTF-8" to [com.banking.dto.TransactionRequest@438db4ba]
2025-07-01 12:19:11 - Read "application/json;charset=UTF-8" to [com.banking.dto.TransactionRequest@6a11187a]
2025-07-01 12:19:11 - Read "application/json;charset=UTF-8" to [com.banking.dto.TransactionRequest@3957b231]
2025-07-01 12:19:11 - Read "application/json;charset=UTF-8" to [com.banking.dto.TransactionRequest@3035a67]
2025-07-01 12:19:11 - Using 'application/json', given [*/*] and supported [application/json, application/*+json]
2025-07-01 12:19:11 - Using 'application/json', given [*/*] and supported [application/json, application/*+json]
2025-07-01 12:19:11 - Read "application/json;charset=UTF-8" to [com.banking.dto.TransactionRequest@426c37d1]
2025-07-01 12:19:11 - Read "application/json;charset=UTF-8" to [com.banking.dto.TransactionRequest@279cc79c]
2025-07-01 12:19:11 - Read "application/json;charset=UTF-8" to [com.banking.dto.TransactionRequest@71fc66d5]
2025-07-01 12:19:11 - Read "application/json;charset=UTF-8" to [com.banking.dto.TransactionRequest@14d968cb]
2025-07-01 12:19:11 - Read "application/json;charset=UTF-8" to [com.banking.dto.TransactionRequest@575e6002]
2025-07-01 12:19:11 - Using 'application/json', given [*/*] and supported [application/json, application/*+json]
2025-07-01 12:19:11 - Writing [{data=com.banking.dto.TransactionResponse@2fe5a6b5, success=true, message=交易创建成功}]
2025-07-01 12:19:11 - Writing [{data=com.banking.dto.TransactionResponse@73c6b27f, success=true, message=交易创建成功}]
2025-07-01 12:19:11 - Read "application/json;charset=UTF-8" to [com.banking.dto.TransactionRequest@1a655953]
2025-07-01 12:19:11 - Writing [{data=com.banking.dto.TransactionResponse@40f6e8da, success=true, message=交易创建成功}]
2025-07-01 12:19:11 - Mapped to com.banking.controller.TransactionController#createTransaction(TransactionRequest)
2025-07-01 12:19:11 - Mapped to com.banking.controller.TransactionController#createTransaction(TransactionRequest)
2025-07-01 12:19:11 - Mapped to com.banking.controller.TransactionController#createTransaction(TransactionRequest)
2025-07-01 12:19:11 - Read "application/json;charset=UTF-8" to [com.banking.dto.TransactionRequest@42b03323]
2025-07-01 12:19:11 - Using 'application/json', given [*/*] and supported [application/json, application/*+json]
2025-07-01 12:19:11 - Using 'application/json', given [*/*] and supported [application/json, application/*+json]
2025-07-01 12:19:11 - Writing [{data=com.banking.dto.TransactionResponse@64f41e0a, success=true, message=交易创建成功}]
2025-07-01 12:19:11 - Using 'application/json', given [*/*] and supported [application/json, application/*+json]
2025-07-01 12:19:11 - Writing [{data=com.banking.dto.TransactionResponse@4e08489d, success=true, message=交易创建成功}]
2025-07-01 12:19:11 - Read "application/json;charset=UTF-8" to [com.banking.dto.TransactionRequest@1b126ccd]
2025-07-01 12:19:11 - Read "application/json;charset=UTF-8" to [com.banking.dto.TransactionRequest@6ad5cd09]
2025-07-01 12:19:11 - Read "application/json;charset=UTF-8" to [com.banking.dto.TransactionRequest@7c95b463]
2025-07-01 12:19:11 - Using 'application/json', given [*/*] and supported [application/json, application/*+json]
2025-07-01 12:19:11 - Read "application/json;charset=UTF-8" to [com.banking.dto.TransactionRequest@4221f8dd]
2025-07-01 12:19:11 - Writing [{data=com.banking.dto.TransactionResponse@5f1f3ee2, success=true, message=交易创建成功}]
2025-07-01 12:19:11 - Read "application/json;charset=UTF-8" to [com.banking.dto.TransactionRequest@309ee21e]
2025-07-01 12:19:11 - Mapped to com.banking.controller.TransactionController#createTransaction(TransactionRequest)
2025-07-01 12:19:11 - Using 'application/json', given [*/*] and supported [application/json, application/*+json]
2025-07-01 12:19:11 - Using 'application/json', given [*/*] and supported [application/json, application/*+json]
2025-07-01 12:19:11 - Writing [{data=com.banking.dto.TransactionResponse@5d01fa2c, success=true, message=交易创建成功}]
2025-07-01 12:19:11 - Writing [{data=com.banking.dto.TransactionResponse@383cb6bd, success=true, message=交易创建成功}]
2025-07-01 12:19:11 - Writing [{data=com.banking.dto.TransactionResponse@45f23c0b, success=true, message=交易创建成功}]
2025-07-01 12:19:11 - Read "application/json;charset=UTF-8" to [com.banking.dto.TransactionRequest@470a722d]
2025-07-01 12:19:11 - Using 'application/json', given [*/*] and supported [application/json, application/*+json]
2025-07-01 12:19:11 - Writing [{data=com.banking.dto.TransactionResponse@641bc1b9, success=true, message=交易创建成功}]
2025-07-01 12:19:11 - Mapped to com.banking.controller.TransactionController#createTransaction(TransactionRequest)
2025-07-01 12:19:11 - Mapped to com.banking.controller.TransactionController#createTransaction(TransactionRequest)
2025-07-01 12:19:11 - Read "application/json;charset=UTF-8" to [com.banking.dto.TransactionRequest@44c20b36]
2025-07-01 12:19:11 - Mapped to com.banking.controller.TransactionController#createTransaction(TransactionRequest)
2025-07-01 12:19:11 - Read "application/json;charset=UTF-8" to [com.banking.dto.TransactionRequest@555640fe]
2025-07-01 12:19:11 - Read "application/json;charset=UTF-8" to [com.banking.dto.TransactionRequest@15bf381d]
2025-07-01 12:19:11 - Mapped to com.banking.controller.TransactionController#createTransaction(TransactionRequest)
2025-07-01 12:19:11 - Read "application/json;charset=UTF-8" to [com.banking.dto.TransactionRequest@4d4ac6d1]
2025-07-01 12:19:11 - Using 'application/json', given [*/*] and supported [application/json, application/*+json]
2025-07-01 12:19:11 - Mapped to com.banking.controller.TransactionController#createTransaction(TransactionRequest)
2025-07-01 12:19:11 - Mapped to com.banking.controller.TransactionController#createTransaction(TransactionRequest)
2025-07-01 12:19:11 - Mapped to com.banking.controller.TransactionController#createTransaction(TransactionRequest)
2025-07-01 12:19:11 - Using 'application/json', given [*/*] and supported [application/json, application/*+json]
2025-07-01 12:19:11 - Using 'application/json', given [*/*] and supported [application/json, application/*+json]
2025-07-01 12:19:11 - Mapped to com.banking.controller.TransactionController#createTransaction(TransactionRequest)
2025-07-01 12:19:11 - Read "application/json;charset=UTF-8" to [com.banking.dto.TransactionRequest@3d99eb61]
2025-07-01 12:19:11 - Writing [{data=com.banking.dto.TransactionResponse@76f20a9d, success=true, message=交易创建成功}]
2025-07-01 12:19:11 - Writing [{data=com.banking.dto.TransactionResponse@58090f5f, success=true, message=交易创建成功}]
2025-07-01 12:19:11 - Writing [{data=com.banking.dto.TransactionResponse@58b70bb, success=true, message=交易创建成功}]
2025-07-01 12:19:11 - Mapped to com.banking.controller.TransactionController#createTransaction(TransactionRequest)
2025-07-01 12:19:11 - Read "application/json;charset=UTF-8" to [com.banking.dto.TransactionRequest@1c53f1b0]
2025-07-01 12:19:11 - Read "application/json;charset=UTF-8" to [com.banking.dto.TransactionRequest@663b9463]
2025-07-01 12:19:11 - Read "application/json;charset=UTF-8" to [com.banking.dto.TransactionRequest@694c72b3]
2025-07-01 12:19:11 - Using 'application/json', given [*/*] and supported [application/json, application/*+json]
2025-07-01 12:19:11 - Using 'application/json', given [*/*] and supported [application/json, application/*+json]
2025-07-01 12:19:11 - Writing [{data=com.banking.dto.TransactionResponse@3280cce2, success=true, message=交易创建成功}]
2025-07-01 12:19:11 - Using 'application/json', given [*/*] and supported [application/json, application/*+json]
2025-07-01 12:19:11 - Writing [{data=com.banking.dto.TransactionResponse@4bdf38d8, success=true, message=交易创建成功}]
2025-07-01 12:19:11 - Writing [{data=com.banking.dto.TransactionResponse@19a51cb4, success=true, message=交易创建成功}]
2025-07-01 12:19:11 - Read "application/json;charset=UTF-8" to [com.banking.dto.TransactionRequest@48c2650a]
2025-07-01 12:19:11 - Read "application/json;charset=UTF-8" to [com.banking.dto.TransactionRequest@645b8e5c]
2025-07-01 12:19:11 - Mapped to com.banking.controller.TransactionController#createTransaction(TransactionRequest)
2025-07-01 12:19:11 - Using 'application/json', given [*/*] and supported [application/json, application/*+json]
2025-07-01 12:19:11 - Mapped to com.banking.controller.TransactionController#createTransaction(TransactionRequest)
2025-07-01 12:19:11 - Writing [{data=com.banking.dto.TransactionResponse@505ad73f, success=true, message=交易创建成功}]
2025-07-01 12:19:11 - Mapped to com.banking.controller.TransactionController#createTransaction(TransactionRequest)
2025-07-01 12:19:11 - Using 'application/json', given [*/*] and supported [application/json, application/*+json]
2025-07-01 12:19:11 - Read "application/json;charset=UTF-8" to [com.banking.dto.TransactionRequest@1b096159]
2025-07-01 12:19:11 - Writing [{data=com.banking.dto.TransactionResponse@79d36efd, success=true, message=交易创建成功}]
2025-07-01 12:19:11 - Using 'application/json', given [*/*] and supported [application/json, application/*+json]
2025-07-01 12:19:11 - Mapped to com.banking.controller.TransactionController#createTransaction(TransactionRequest)
2025-07-01 12:19:11 - Writing [{data=com.banking.dto.TransactionResponse@6ed3dbe0, success=true, message=交易创建成功}]
2025-07-01 12:19:11 - Read "application/json;charset=UTF-8" to [com.banking.dto.TransactionRequest@346a5860]
2025-07-01 12:19:11 - Read "application/json;charset=UTF-8" to [com.banking.dto.TransactionRequest@4cf316e7]
2025-07-01 12:19:11 - Mapped to com.banking.controller.TransactionController#createTransaction(TransactionRequest)
2025-07-01 12:19:11 - Mapped to com.banking.controller.TransactionController#createTransaction(TransactionRequest)
2025-07-01 12:19:11 - Mapped to com.banking.controller.TransactionController#createTransaction(TransactionRequest)
2025-07-01 12:19:11 - Read "application/json;charset=UTF-8" to [com.banking.dto.TransactionRequest@cfea1bb]
2025-07-01 12:19:11 - Mapped to com.banking.controller.TransactionController#createTransaction(TransactionRequest)
2025-07-01 12:19:11 - Mapped to com.banking.controller.TransactionController#createTransaction(TransactionRequest)
2025-07-01 12:19:11 - Read "application/json;charset=UTF-8" to [com.banking.dto.TransactionRequest@898d2f]
2025-07-01 12:19:11 - Read "application/json;charset=UTF-8" to [com.banking.dto.TransactionRequest@22ecdf03]
2025-07-01 12:19:11 - Read "application/json;charset=UTF-8" to [com.banking.dto.TransactionRequest@494622e6]
2025-07-01 12:19:11 - Read "application/json;charset=UTF-8" to [com.banking.dto.TransactionRequest@2d5aea8]
2025-07-01 12:19:11 - Using 'application/json', given [*/*] and supported [application/json, application/*+json]
2025-07-01 12:19:11 - Using 'application/json', given [*/*] and supported [application/json, application/*+json]
2025-07-01 12:19:11 - Using 'application/json', given [*/*] and supported [application/json, application/*+json]
2025-07-01 12:19:11 - Writing [{data=com.banking.dto.TransactionResponse@2a26fa8e, success=true, message=交易创建成功}]
2025-07-01 12:19:11 - Writing [{data=com.banking.dto.TransactionResponse@3e1f1b84, success=true, message=交易创建成功}]
2025-07-01 12:19:11 - Writing [{data=com.banking.dto.TransactionResponse@1a740f6f, success=true, message=交易创建成功}]
2025-07-01 12:19:11 - Using 'application/json', given [*/*] and supported [application/json, application/*+json]
2025-07-01 12:19:11 - Read "application/json;charset=UTF-8" to [com.banking.dto.TransactionRequest@2c2ed97f]
2025-07-01 12:19:11 - Writing [{data=com.banking.dto.TransactionResponse@5c7f8528, success=true, message=交易创建成功}]
2025-07-01 12:19:11 - Using 'application/json', given [*/*] and supported [application/json, application/*+json]
2025-07-01 12:19:11 - Mapped to com.banking.controller.TransactionController#createTransaction(TransactionRequest)
2025-07-01 12:19:11 - Mapped to com.banking.controller.TransactionController#createTransaction(TransactionRequest)
2025-07-01 12:19:11 - Mapped to com.banking.controller.TransactionController#createTransaction(TransactionRequest)
2025-07-01 12:19:11 - Mapped to com.banking.controller.TransactionController#createTransaction(TransactionRequest)
2025-07-01 12:19:11 - Mapped to com.banking.controller.TransactionController#createTransaction(TransactionRequest)
2025-07-01 12:19:11 - Mapped to com.banking.controller.TransactionController#createTransaction(TransactionRequest)
2025-07-01 12:19:11 - Read "application/json;charset=UTF-8" to [com.banking.dto.TransactionRequest@7a6e096d]
2025-07-01 12:19:11 - Read "application/json;charset=UTF-8" to [com.banking.dto.TransactionRequest@664891b]
2025-07-01 12:19:11 - Read "application/json;charset=UTF-8" to [com.banking.dto.TransactionRequest@6dc7cd89]
2025-07-01 12:19:11 - Mapped to com.banking.controller.TransactionController#createTransaction(TransactionRequest)
2025-07-01 12:19:11 - Writing [{data=com.banking.dto.TransactionResponse@5a2a5177, success=true, message=交易创建成功}]
2025-07-01 12:19:11 - Mapped to com.banking.controller.TransactionController#createTransaction(TransactionRequest)
2025-07-01 12:19:11 - Read "application/json;charset=UTF-8" to [com.banking.dto.TransactionRequest@6498e1b4]
2025-07-01 12:19:11 - Read "application/json;charset=UTF-8" to [com.banking.dto.TransactionRequest@1747ad34]
2025-07-01 12:19:11 - Read "application/json;charset=UTF-8" to [com.banking.dto.TransactionRequest@7b1458bd]
2025-07-01 12:19:11 - Read "application/json;charset=UTF-8" to [com.banking.dto.TransactionRequest@77cf55b7]
2025-07-01 12:19:11 - Using 'application/json', given [*/*] and supported [application/json, application/*+json]
2025-07-01 12:19:11 - Writing [{data=com.banking.dto.TransactionResponse@366378e, success=true, message=交易创建成功}]
2025-07-01 12:19:11 - Read "application/json;charset=UTF-8" to [com.banking.dto.TransactionRequest@2090576a]
2025-07-01 12:19:11 - Mapped to com.banking.controller.TransactionController#createTransaction(TransactionRequest)
2025-07-01 12:19:11 - Using 'application/json', given [*/*] and supported [application/json, application/*+json]
2025-07-01 12:19:11 - Mapped to com.banking.controller.TransactionController#createTransaction(TransactionRequest)
2025-07-01 12:19:11 - Writing [{data=com.banking.dto.TransactionResponse@7d9f712e, success=true, message=交易创建成功}]
2025-07-01 12:19:11 - Mapped to com.banking.controller.TransactionController#createTransaction(TransactionRequest)
2025-07-01 12:19:11 - Mapped to com.banking.controller.TransactionController#createTransaction(TransactionRequest)
2025-07-01 12:19:11 - Using 'application/json', given [*/*] and supported [application/json, application/*+json]
2025-07-01 12:19:11 - Mapped to com.banking.controller.TransactionController#createTransaction(TransactionRequest)
2025-07-01 12:19:11 - Writing [{data=com.banking.dto.TransactionResponse@5cfab013, success=true, message=交易创建成功}]
2025-07-01 12:19:11 - Read "application/json;charset=UTF-8" to [com.banking.dto.TransactionRequest@292e86db]
2025-07-01 12:19:11 - Read "application/json;charset=UTF-8" to [com.banking.dto.TransactionRequest@8ef4c29]
2025-07-01 12:19:11 - Read "application/json;charset=UTF-8" to [com.banking.dto.TransactionRequest@514b68da]
2025-07-01 12:19:11 - Read "application/json;charset=UTF-8" to [com.banking.dto.TransactionRequest@7c20c9d6]
2025-07-01 12:19:11 - Read "application/json;charset=UTF-8" to [com.banking.dto.TransactionRequest@3206ff82]
2025-07-01 12:19:11 - Using 'application/json', given [*/*] and supported [application/json, application/*+json]
2025-07-01 12:19:11 - Mapped to com.banking.controller.TransactionController#createTransaction(TransactionRequest)
2025-07-01 12:19:11 - Using 'application/json', given [*/*] and supported [application/json, application/*+json]
2025-07-01 12:19:11 - Writing [{data=com.banking.dto.TransactionResponse@66e6acbe, success=true, message=交易创建成功}]
2025-07-01 12:19:11 - Writing [{data=com.banking.dto.TransactionResponse@48e7b902, success=true, message=交易创建成功}]
2025-07-01 12:19:11 - Mapped to com.banking.controller.TransactionController#createTransaction(TransactionRequest)
2025-07-01 12:19:11 - Using 'application/json', given [*/*] and supported [application/json, application/*+json]
2025-07-01 12:19:11 - Using 'application/json', given [*/*] and supported [application/json, application/*+json]
2025-07-01 12:19:11 - Writing [{data=com.banking.dto.TransactionResponse@58689969, success=true, message=交易创建成功}]
2025-07-01 12:19:11 - Read "application/json;charset=UTF-8" to [com.banking.dto.TransactionRequest@f0fc140]
2025-07-01 12:19:11 - Writing [{data=com.banking.dto.TransactionResponse@5d370ba, success=true, message=交易创建成功}]
2025-07-01 12:19:11 - Mapped to com.banking.controller.TransactionController#createTransaction(TransactionRequest)
2025-07-01 12:19:11 - Mapped to com.banking.controller.TransactionController#createTransaction(TransactionRequest)
2025-07-01 12:19:11 - Read "application/json;charset=UTF-8" to [com.banking.dto.TransactionRequest@681d7de8]
2025-07-01 12:19:11 - Using 'application/json', given [*/*] and supported [application/json, application/*+json]
2025-07-01 12:19:11 - Writing [{data=com.banking.dto.TransactionResponse@7bf4c7a8, success=true, message=交易创建成功}]
2025-07-01 12:19:11 - Read "application/json;charset=UTF-8" to [com.banking.dto.TransactionRequest@777dde69]
2025-07-01 12:19:11 - Using 'application/json', given [*/*] and supported [application/json, application/*+json]
2025-07-01 12:19:11 - Read "application/json;charset=UTF-8" to [com.banking.dto.TransactionRequest@6d15e4c7]
2025-07-01 12:19:11 - Writing [{data=com.banking.dto.TransactionResponse@6542f151, success=true, message=交易创建成功}]
2025-07-01 12:19:11 - Using 'application/json', given [*/*] and supported [application/json, application/*+json]
2025-07-01 12:19:11 - Writing [{data=com.banking.dto.TransactionResponse@33c4fbc6, success=true, message=交易创建成功}]
2025-07-01 12:19:11 - Mapped to com.banking.controller.TransactionController#createTransaction(TransactionRequest)
2025-07-01 12:19:11 - Mapped to com.banking.controller.TransactionController#createTransaction(TransactionRequest)
2025-07-01 12:19:11 - Mapped to com.banking.controller.TransactionController#createTransaction(TransactionRequest)
2025-07-01 12:19:11 - Mapped to com.banking.controller.TransactionController#createTransaction(TransactionRequest)
2025-07-01 12:19:11 - Mapped to com.banking.controller.TransactionController#createTransaction(TransactionRequest)
2025-07-01 12:19:11 - Mapped to com.banking.controller.TransactionController#createTransaction(TransactionRequest)
2025-07-01 12:19:11 - Using 'application/json', given [*/*] and supported [application/json, application/*+json]
2025-07-01 12:19:11 - Writing [{data=com.banking.dto.TransactionResponse@72dd40c4, success=true, message=交易创建成功}]
2025-07-01 12:19:11 - Mapped to com.banking.controller.TransactionController#createTransaction(TransactionRequest)
2025-07-01 12:19:11 - Read "application/json;charset=UTF-8" to [com.banking.dto.TransactionRequest@4ef4216b]
2025-07-01 12:19:11 - Read "application/json;charset=UTF-8" to [com.banking.dto.TransactionRequest@7e17e39e]
2025-07-01 12:19:11 - Read "application/json;charset=UTF-8" to [com.banking.dto.TransactionRequest@2b7384f3]
2025-07-01 12:19:11 - Read "application/json;charset=UTF-8" to [com.banking.dto.TransactionRequest@74743763]
2025-07-01 12:19:11 - Mapped to com.banking.controller.TransactionController#createTransaction(TransactionRequest)
2025-07-01 12:19:11 - Read "application/json;charset=UTF-8" to [com.banking.dto.TransactionRequest@3dc7f620]
2025-07-01 12:19:11 - Read "application/json;charset=UTF-8" to [com.banking.dto.TransactionRequest@4ecd0575]
2025-07-01 12:19:11 - Read "application/json;charset=UTF-8" to [com.banking.dto.TransactionRequest@3d550466]
2025-07-01 12:19:11 - Read "application/json;charset=UTF-8" to [com.banking.dto.TransactionRequest@2538cbf9]
2025-07-01 12:19:11 - Mapped to com.banking.controller.TransactionController#createTransaction(TransactionRequest)
2025-07-01 12:19:11 - Using 'application/json', given [*/*] and supported [application/json, application/*+json]
2025-07-01 12:19:11 - Writing [{data=com.banking.dto.TransactionResponse@678e6d8e, success=true, message=交易创建成功}]
2025-07-01 12:19:11 - Using 'application/json', given [*/*] and supported [application/json, application/*+json]
2025-07-01 12:19:11 - Writing [{data=com.banking.dto.TransactionResponse@30a63775, success=true, message=交易创建成功}]
2025-07-01 12:19:11 - Mapped to com.banking.controller.TransactionController#createTransaction(TransactionRequest)
2025-07-01 12:19:11 - Mapped to com.banking.controller.TransactionController#createTransaction(TransactionRequest)
2025-07-01 12:19:11 - Read "application/json;charset=UTF-8" to [com.banking.dto.TransactionRequest@2f606a4]
2025-07-01 12:19:11 - Using 'application/json', given [*/*] and supported [application/json, application/*+json]
2025-07-01 12:19:11 - Using 'application/json', given [*/*] and supported [application/json, application/*+json]
2025-07-01 12:19:11 - Mapped to com.banking.controller.TransactionController#createTransaction(TransactionRequest)
2025-07-01 12:19:11 - Using 'application/json', given [*/*] and supported [application/json, application/*+json]
2025-07-01 12:19:11 - Writing [{data=com.banking.dto.TransactionResponse@2addafe8, success=true, message=交易创建成功}]
2025-07-01 12:19:11 - Writing [{data=com.banking.dto.TransactionResponse@14941ea0, success=true, message=交易创建成功}]
2025-07-01 12:19:11 - Writing [{data=com.banking.dto.TransactionResponse@3570edf1, success=true, message=交易创建成功}]
2025-07-01 12:19:11 - Mapped to com.banking.controller.TransactionController#createTransaction(TransactionRequest)
2025-07-01 12:19:11 - Read "application/json;charset=UTF-8" to [com.banking.dto.TransactionRequest@117355bd]
2025-07-01 12:19:11 - Using 'application/json', given [*/*] and supported [application/json, application/*+json]
2025-07-01 12:19:11 - Read "application/json;charset=UTF-8" to [com.banking.dto.TransactionRequest@1436fa1c]
2025-07-01 12:19:11 - Writing [{data=com.banking.dto.TransactionResponse@1c2ceeff, success=true, message=交易创建成功}]
2025-07-01 12:19:11 - Read "application/json;charset=UTF-8" to [com.banking.dto.TransactionRequest@7bacf1e7]
2025-07-01 12:19:11 - Using 'application/json', given [*/*] and supported [application/json, application/*+json]
2025-07-01 12:19:11 - Writing [{data=com.banking.dto.TransactionResponse@a83dd42, success=true, message=交易创建成功}]
2025-07-01 12:19:11 - Using 'application/json', given [*/*] and supported [application/json, application/*+json]
2025-07-01 12:19:11 - Read "application/json;charset=UTF-8" to [com.banking.dto.TransactionRequest@21e20185]
2025-07-01 12:19:11 - Writing [{data=com.banking.dto.TransactionResponse@61725b25, success=true, message=交易创建成功}]
2025-07-01 12:19:11 - Mapped to com.banking.controller.TransactionController#createTransaction(TransactionRequest)
2025-07-01 12:19:11 - Mapped to com.banking.controller.TransactionController#createTransaction(TransactionRequest)
2025-07-01 12:19:11 - Using 'application/json', given [*/*] and supported [application/json, application/*+json]
2025-07-01 12:19:11 - Read "application/json;charset=UTF-8" to [com.banking.dto.TransactionRequest@8a79842]
2025-07-01 12:19:11 - Writing [{data=com.banking.dto.TransactionResponse@66d58b3b, success=true, message=交易创建成功}]
2025-07-01 12:19:11 - Using 'application/json', given [*/*] and supported [application/json, application/*+json]
2025-07-01 12:19:11 - Mapped to com.banking.controller.TransactionController#createTransaction(TransactionRequest)
2025-07-01 12:19:11 - Writing [{data=com.banking.dto.TransactionResponse@3929f66f, success=true, message=交易创建成功}]
2025-07-01 12:19:11 - Read "application/json;charset=UTF-8" to [com.banking.dto.TransactionRequest@35f72793]
2025-07-01 12:19:11 - Mapped to com.banking.controller.TransactionController#createTransaction(TransactionRequest)
2025-07-01 12:19:11 - Mapped to com.banking.controller.TransactionController#createTransaction(TransactionRequest)
2025-07-01 12:19:11 - Mapped to com.banking.controller.TransactionController#createTransaction(TransactionRequest)
2025-07-01 12:19:11 - Mapped to com.banking.controller.TransactionController#createTransaction(TransactionRequest)
2025-07-01 12:19:11 - Using 'application/json', given [*/*] and supported [application/json, application/*+json]
2025-07-01 12:19:11 - Mapped to com.banking.controller.TransactionController#createTransaction(TransactionRequest)
2025-07-01 12:19:11 - Writing [{data=com.banking.dto.TransactionResponse@7bdec3ed, success=true, message=交易创建成功}]
2025-07-01 12:19:11 - Mapped to com.banking.controller.TransactionController#createTransaction(TransactionRequest)
2025-07-01 12:19:11 - Read "application/json;charset=UTF-8" to [com.banking.dto.TransactionRequest@44f3851e]
2025-07-01 12:19:11 - Read "application/json;charset=UTF-8" to [com.banking.dto.TransactionRequest@3b62a947]
2025-07-01 12:19:11 - Read "application/json;charset=UTF-8" to [com.banking.dto.TransactionRequest@29d317d]
2025-07-01 12:19:11 - Mapped to com.banking.controller.TransactionController#createTransaction(TransactionRequest)
2025-07-01 12:19:11 - Mapped to com.banking.controller.TransactionController#createTransaction(TransactionRequest)
2025-07-01 12:19:11 - Read "application/json;charset=UTF-8" to [com.banking.dto.TransactionRequest@7667fd56]
2025-07-01 12:19:11 - Read "application/json;charset=UTF-8" to [com.banking.dto.TransactionRequest@422aa264]
2025-07-01 12:19:11 - Using 'application/json', given [*/*] and supported [application/json, application/*+json]
2025-07-01 12:19:11 - Mapped to com.banking.controller.TransactionController#createTransaction(TransactionRequest)
2025-07-01 12:19:11 - Writing [{data=com.banking.dto.TransactionResponse@518eb7fa, success=true, message=交易创建成功}]
2025-07-01 12:19:11 - Read "application/json;charset=UTF-8" to [com.banking.dto.TransactionRequest@ca24bd8]
2025-07-01 12:19:11 - Read "application/json;charset=UTF-8" to [com.banking.dto.TransactionRequest@65c159ad]
2025-07-01 12:19:11 - Read "application/json;charset=UTF-8" to [com.banking.dto.TransactionRequest@528031f6]
2025-07-01 12:19:11 - Read "application/json;charset=UTF-8" to [com.banking.dto.TransactionRequest@69d0fb2b]
2025-07-01 12:19:11 - Read "application/json;charset=UTF-8" to [com.banking.dto.TransactionRequest@62d768f2]
2025-07-01 12:19:11 - Using 'application/json', given [*/*] and supported [application/json, application/*+json]
2025-07-01 12:19:11 - Using 'application/json', given [*/*] and supported [application/json, application/*+json]
2025-07-01 12:19:11 - Using 'application/json', given [*/*] and supported [application/json, application/*+json]
2025-07-01 12:19:11 - Mapped to com.banking.controller.TransactionController#createTransaction(TransactionRequest)
2025-07-01 12:19:11 - Mapped to com.banking.controller.TransactionController#createTransaction(TransactionRequest)
2025-07-01 12:19:11 - Writing [{data=com.banking.dto.TransactionResponse@4bcdf0e6, success=true, message=交易创建成功}]
2025-07-01 12:19:11 - Writing [{data=com.banking.dto.TransactionResponse@698b2c29, success=true, message=交易创建成功}]
2025-07-01 12:19:11 - Writing [{data=com.banking.dto.TransactionResponse@4aedb039, success=true, message=交易创建成功}]
2025-07-01 12:19:11 - Mapped to com.banking.controller.TransactionController#createTransaction(TransactionRequest)
2025-07-01 12:19:11 - Using 'application/json', given [*/*] and supported [application/json, application/*+json]
2025-07-01 12:19:11 - Writing [{data=com.banking.dto.TransactionResponse@cb30d53, success=true, message=交易创建成功}]
2025-07-01 12:19:11 - Read "application/json;charset=UTF-8" to [com.banking.dto.TransactionRequest@1d63f99b]
2025-07-01 12:19:11 - Read "application/json;charset=UTF-8" to [com.banking.dto.TransactionRequest@d440146]
2025-07-01 12:19:11 - Using 'application/json', given [*/*] and supported [application/json, application/*+json]
2025-07-01 12:19:11 - Writing [{data=com.banking.dto.TransactionResponse@318adde8, success=true, message=交易创建成功}]
2025-07-01 12:19:11 - Using 'application/json', given [*/*] and supported [application/json, application/*+json]
2025-07-01 12:19:11 - Writing [{data=com.banking.dto.TransactionResponse@330b4205, success=true, message=交易创建成功}]
2025-07-01 12:19:11 - Using 'application/json', given [*/*] and supported [application/json, application/*+json]
2025-07-01 12:19:11 - Using 'application/json', given [*/*] and supported [application/json, application/*+json]
2025-07-01 12:19:11 - Mapped to com.banking.controller.TransactionController#createTransaction(TransactionRequest)
2025-07-01 12:19:11 - Read "application/json;charset=UTF-8" to [com.banking.dto.TransactionRequest@571f5023]
2025-07-01 12:19:11 - Writing [{data=com.banking.dto.TransactionResponse@c9e6a3b, success=true, message=交易创建成功}]
2025-07-01 12:19:11 - Using 'application/json', given [*/*] and supported [application/json, application/*+json]
2025-07-01 12:19:11 - Mapped to com.banking.controller.TransactionController#createTransaction(TransactionRequest)
2025-07-01 12:19:11 - Using 'application/json', given [*/*] and supported [application/json, application/*+json]
2025-07-01 12:19:11 - Writing [{data=com.banking.dto.TransactionResponse@4df6a660, success=true, message=交易创建成功}]
2025-07-01 12:19:11 - Mapped to com.banking.controller.TransactionController#createTransaction(TransactionRequest)
2025-07-01 12:19:11 - Writing [{data=com.banking.dto.TransactionResponse@4125ac3e, success=true, message=交易创建成功}]
2025-07-01 12:19:11 - Writing [{data=com.banking.dto.TransactionResponse@35e2be4, success=true, message=交易创建成功}]
2025-07-01 12:19:11 - Read "application/json;charset=UTF-8" to [com.banking.dto.TransactionRequest@27dbf4c4]
2025-07-01 12:19:11 - Mapped to com.banking.controller.TransactionController#createTransaction(TransactionRequest)
2025-07-01 12:19:11 - Mapped to com.banking.controller.TransactionController#createTransaction(TransactionRequest)
2025-07-01 12:19:11 - Mapped to com.banking.controller.TransactionController#createTransaction(TransactionRequest)
2025-07-01 12:19:11 - Read "application/json;charset=UTF-8" to [com.banking.dto.TransactionRequest@54ae91f3]
2025-07-01 12:19:11 - Mapped to com.banking.controller.TransactionController#createTransaction(TransactionRequest)
2025-07-01 12:19:11 - Read "application/json;charset=UTF-8" to [com.banking.dto.TransactionRequest@1ce5c374]
2025-07-01 12:19:11 - Read "application/json;charset=UTF-8" to [com.banking.dto.TransactionRequest@a3072a3]
2025-07-01 12:19:11 - Mapped to com.banking.controller.TransactionController#createTransaction(TransactionRequest)
2025-07-01 12:19:11 - Read "application/json;charset=UTF-8" to [com.banking.dto.TransactionRequest@58f2698]
2025-07-01 12:19:11 - Read "application/json;charset=UTF-8" to [com.banking.dto.TransactionRequest@28fbd08c]
2025-07-01 12:19:11 - Read "application/json;charset=UTF-8" to [com.banking.dto.TransactionRequest@466c896f]
2025-07-01 12:19:11 - Mapped to com.banking.controller.TransactionController#createTransaction(TransactionRequest)
2025-07-01 12:19:11 - Mapped to com.banking.controller.TransactionController#createTransaction(TransactionRequest)
2025-07-01 12:19:11 - Mapped to com.banking.controller.TransactionController#createTransaction(TransactionRequest)
2025-07-01 12:19:11 - Mapped to com.banking.controller.TransactionController#createTransaction(TransactionRequest)
2025-07-01 12:19:11 - Read "application/json;charset=UTF-8" to [com.banking.dto.TransactionRequest@73326b30]
2025-07-01 12:19:11 - Mapped to com.banking.controller.TransactionController#createTransaction(TransactionRequest)
2025-07-01 12:19:11 - Read "application/json;charset=UTF-8" to [com.banking.dto.TransactionRequest@6b07bea6]
2025-07-01 12:19:11 - Read "application/json;charset=UTF-8" to [com.banking.dto.TransactionRequest@750d886e]
2025-07-01 12:19:11 - Read "application/json;charset=UTF-8" to [com.banking.dto.TransactionRequest@211ad8b]
2025-07-01 12:19:11 - Read "application/json;charset=UTF-8" to [com.banking.dto.TransactionRequest@5126582e]
2025-07-01 12:19:11 - Mapped to com.banking.controller.TransactionController#createTransaction(TransactionRequest)
2025-07-01 12:19:11 - Using 'application/json', given [*/*] and supported [application/json, application/*+json]
2025-07-01 12:19:11 - Using 'application/json', given [*/*] and supported [application/json, application/*+json]
2025-07-01 12:19:11 - Using 'application/json', given [*/*] and supported [application/json, application/*+json]
2025-07-01 12:19:11 - Mapped to com.banking.controller.TransactionController#createTransaction(TransactionRequest)
2025-07-01 12:19:11 - Mapped to com.banking.controller.TransactionController#createTransaction(TransactionRequest)
2025-07-01 12:19:11 - Mapped to com.banking.controller.TransactionController#createTransaction(TransactionRequest)
2025-07-01 12:19:11 - Using 'application/json', given [*/*] and supported [application/json, application/*+json]
2025-07-01 12:19:11 - Writing [{data=com.banking.dto.TransactionResponse@457efd5d, success=true, message=交易创建成功}]
2025-07-01 12:19:11 - Using 'application/json', given [*/*] and supported [application/json, application/*+json]
2025-07-01 12:19:11 - Read "application/json;charset=UTF-8" to [com.banking.dto.TransactionRequest@76b51b64]
2025-07-01 12:19:11 - Writing [{data=com.banking.dto.TransactionResponse@13c613dc, success=true, message=交易创建成功}]
2025-07-01 12:19:11 - Using 'application/json', given [*/*] and supported [application/json, application/*+json]
2025-07-01 12:19:11 - Using 'application/json', given [*/*] and supported [application/json, application/*+json]
2025-07-01 12:19:11 - Using 'application/json', given [*/*] and supported [application/json, application/*+json]
2025-07-01 12:19:11 - Read "application/json;charset=UTF-8" to [com.banking.dto.TransactionRequest@3419e36f]
2025-07-01 12:19:11 - Writing [{data=com.banking.dto.TransactionResponse@3bc9354c, success=true, message=交易创建成功}]
2025-07-01 12:19:11 - Writing [{data=com.banking.dto.TransactionResponse@1f0836eb, success=true, message=交易创建成功}]
2025-07-01 12:19:11 - Mapped to com.banking.controller.TransactionController#createTransaction(TransactionRequest)
2025-07-01 12:19:11 - Using 'application/json', given [*/*] and supported [application/json, application/*+json]
2025-07-01 12:19:11 - Writing [{data=com.banking.dto.TransactionResponse@4c8da770, success=true, message=交易创建成功}]
2025-07-01 12:19:11 - Writing [{data=com.banking.dto.TransactionResponse@57e1bf46, success=true, message=交易创建成功}]
2025-07-01 12:19:11 - Read "application/json;charset=UTF-8" to [com.banking.dto.TransactionRequest@62642749]
2025-07-01 12:19:11 - Writing [{data=com.banking.dto.TransactionResponse@5ef94210, success=true, message=交易创建成功}]
2025-07-01 12:19:11 - Writing [{data=com.banking.dto.TransactionResponse@52cfe054, success=true, message=交易创建成功}]
2025-07-01 12:19:11 - Writing [{data=com.banking.dto.TransactionResponse@255aee5c, success=true, message=交易创建成功}]
2025-07-01 12:19:11 - Using 'application/json', given [*/*] and supported [application/json, application/*+json]
2025-07-01 12:19:11 - Mapped to com.banking.controller.TransactionController#createTransaction(TransactionRequest)
2025-07-01 12:19:11 - Writing [{data=com.banking.dto.TransactionResponse@a03e1d, success=true, message=交易创建成功}]
2025-07-01 12:19:11 - Read "application/json;charset=UTF-8" to [com.banking.dto.TransactionRequest@30894b1e]
2025-07-01 12:19:11 - Read "application/json;charset=UTF-8" to [com.banking.dto.TransactionRequest@7a44ce9]
2025-07-01 12:19:11 - Mapped to com.banking.controller.TransactionController#createTransaction(TransactionRequest)
2025-07-01 12:19:11 - Read "application/json;charset=UTF-8" to [com.banking.dto.TransactionRequest@d7eab32]
2025-07-01 12:19:11 - Read "application/json;charset=UTF-8" to [com.banking.dto.TransactionRequest@61398fd0]
2025-07-01 12:19:11 - Read "application/json;charset=UTF-8" to [com.banking.dto.TransactionRequest@7ca03920]
2025-07-01 12:19:11 - Mapped to com.banking.controller.TransactionController#createTransaction(TransactionRequest)
2025-07-01 12:19:11 - Mapped to com.banking.controller.TransactionController#createTransaction(TransactionRequest)
2025-07-01 12:19:11 - Mapped to com.banking.controller.TransactionController#createTransaction(TransactionRequest)
2025-07-01 12:19:11 - Mapped to com.banking.controller.TransactionController#createTransaction(TransactionRequest)
2025-07-01 12:19:11 - Mapped to com.banking.controller.TransactionController#createTransaction(TransactionRequest)
2025-07-01 12:19:11 - Mapped to com.banking.controller.TransactionController#createTransaction(TransactionRequest)
2025-07-01 12:19:11 - Mapped to com.banking.controller.TransactionController#createTransaction(TransactionRequest)
2025-07-01 12:19:11 - Mapped to com.banking.controller.TransactionController#createTransaction(TransactionRequest)
2025-07-01 12:19:11 - Mapped to com.banking.controller.TransactionController#createTransaction(TransactionRequest)
2025-07-01 12:19:11 - Read "application/json;charset=UTF-8" to [com.banking.dto.TransactionRequest@34c5900f]
2025-07-01 12:19:11 - Read "application/json;charset=UTF-8" to [com.banking.dto.TransactionRequest@36a792e7]
2025-07-01 12:19:11 - Read "application/json;charset=UTF-8" to [com.banking.dto.TransactionRequest@2924f405]
2025-07-01 12:19:11 - Read "application/json;charset=UTF-8" to [com.banking.dto.TransactionRequest@4685c50b]
2025-07-01 12:19:11 - Read "application/json;charset=UTF-8" to [com.banking.dto.TransactionRequest@6ed833e5]
2025-07-01 12:19:11 - Read "application/json;charset=UTF-8" to [com.banking.dto.TransactionRequest@2265e51a]
2025-07-01 12:19:11 - Read "application/json;charset=UTF-8" to [com.banking.dto.TransactionRequest@49ef905c]
2025-07-01 12:19:11 - Read "application/json;charset=UTF-8" to [com.banking.dto.TransactionRequest@376d348c]
2025-07-01 12:19:11 - Read "application/json;charset=UTF-8" to [com.banking.dto.TransactionRequest@d1d130c]
2025-07-01 12:19:11 - Mapped to com.banking.controller.TransactionController#createTransaction(TransactionRequest)
2025-07-01 12:19:11 - Mapped to com.banking.controller.TransactionController#createTransaction(TransactionRequest)
2025-07-01 12:19:11 - Mapped to com.banking.controller.TransactionController#createTransaction(TransactionRequest)
2025-07-01 12:19:11 - Using 'application/json', given [*/*] and supported [application/json, application/*+json]
2025-07-01 12:19:11 - Mapped to com.banking.controller.TransactionController#createTransaction(TransactionRequest)
2025-07-01 12:19:11 - Writing [{data=com.banking.dto.TransactionResponse@3b77a441, success=true, message=交易创建成功}]
2025-07-01 12:19:11 - Mapped to com.banking.controller.TransactionController#createTransaction(TransactionRequest)
2025-07-01 12:19:11 - Mapped to com.banking.controller.TransactionController#createTransaction(TransactionRequest)
2025-07-01 12:19:11 - Using 'application/json', given [*/*] and supported [application/json, application/*+json]
2025-07-01 12:19:11 - Using 'application/json', given [*/*] and supported [application/json, application/*+json]
2025-07-01 12:19:11 - Writing [{data=com.banking.dto.TransactionResponse@66a777b5, success=true, message=交易创建成功}]
2025-07-01 12:19:11 - Writing [{data=com.banking.dto.TransactionResponse@71c959d5, success=true, message=交易创建成功}]
2025-07-01 12:19:11 - Read "application/json;charset=UTF-8" to [com.banking.dto.TransactionRequest@4a659af4]
2025-07-01 12:19:11 - Read "application/json;charset=UTF-8" to [com.banking.dto.TransactionRequest@30133eb4]
2025-07-01 12:19:11 - Read "application/json;charset=UTF-8" to [com.banking.dto.TransactionRequest@3807686d]
2025-07-01 12:19:11 - Read "application/json;charset=UTF-8" to [com.banking.dto.TransactionRequest@696df169]
2025-07-01 12:19:11 - Read "application/json;charset=UTF-8" to [com.banking.dto.TransactionRequest@4bd5af58]
2025-07-01 12:19:11 - Read "application/json;charset=UTF-8" to [com.banking.dto.TransactionRequest@123bab66]
2025-07-01 12:19:11 - Using 'application/json', given [*/*] and supported [application/json, application/*+json]
2025-07-01 12:19:11 - Using 'application/json', given [*/*] and supported [application/json, application/*+json]
2025-07-01 12:19:11 - Writing [{data=com.banking.dto.TransactionResponse@48753b66, success=true, message=交易创建成功}]
2025-07-01 12:19:11 - Writing [{data=com.banking.dto.TransactionResponse@21faa867, success=true, message=交易创建成功}]
2025-07-01 12:19:11 - Using 'application/json', given [*/*] and supported [application/json, application/*+json]
2025-07-01 12:19:11 - Writing [{data=com.banking.dto.TransactionResponse@54f20185, success=true, message=交易创建成功}]
2025-07-01 12:19:11 - Using 'application/json', given [*/*] and supported [application/json, application/*+json]
2025-07-01 12:19:11 - Using 'application/json', given [*/*] and supported [application/json, application/*+json]
2025-07-01 12:19:11 - Writing [{data=com.banking.dto.TransactionResponse@322a36b8, success=true, message=交易创建成功}]
2025-07-01 12:19:11 - Writing [{data=com.banking.dto.TransactionResponse@560199b2, success=true, message=交易创建成功}]
2025-07-01 12:19:11 - Using 'application/json', given [*/*] and supported [application/json, application/*+json]
2025-07-01 12:19:11 - Writing [{data=com.banking.dto.TransactionResponse@208b83f9, success=true, message=交易创建成功}]
2025-07-01 12:19:11 - Using 'application/json', given [*/*] and supported [application/json, application/*+json]
2025-07-01 12:19:11 - Writing [{data=com.banking.dto.TransactionResponse@5f865a28, success=true, message=交易创建成功}]
2025-07-01 12:19:11 - Mapped to com.banking.controller.TransactionController#createTransaction(TransactionRequest)
2025-07-01 12:19:11 - Mapped to com.banking.controller.TransactionController#createTransaction(TransactionRequest)
2025-07-01 12:19:11 - Mapped to com.banking.controller.TransactionController#createTransaction(TransactionRequest)
2025-07-01 12:19:11 - Mapped to com.banking.controller.TransactionController#createTransaction(TransactionRequest)
2025-07-01 12:19:11 - Read "application/json;charset=UTF-8" to [com.banking.dto.TransactionRequest@1980a1c2]
2025-07-01 12:19:11 - Read "application/json;charset=UTF-8" to [com.banking.dto.TransactionRequest@6adc1a76]
2025-07-01 12:19:11 - Read "application/json;charset=UTF-8" to [com.banking.dto.TransactionRequest@7d38d5dc]
2025-07-01 12:19:11 - Read "application/json;charset=UTF-8" to [com.banking.dto.TransactionRequest@389090e2]
2025-07-01 12:19:11 - Mapped to com.banking.controller.TransactionController#createTransaction(TransactionRequest)
2025-07-01 12:19:11 - Mapped to com.banking.controller.TransactionController#createTransaction(TransactionRequest)
2025-07-01 12:19:11 - Using 'application/json', given [*/*] and supported [application/json, application/*+json]
2025-07-01 12:19:11 - Using 'application/json', given [*/*] and supported [application/json, application/*+json]
2025-07-01 12:19:11 - Mapped to com.banking.controller.TransactionController#createTransaction(TransactionRequest)
2025-07-01 12:19:11 - Writing [{data=com.banking.dto.TransactionResponse@63d16324, success=true, message=交易创建成功}]
2025-07-01 12:19:11 - Writing [{data=com.banking.dto.TransactionResponse@5aa79a6b, success=true, message=交易创建成功}]
2025-07-01 12:19:11 - Mapped to com.banking.controller.TransactionController#createTransaction(TransactionRequest)
2025-07-01 12:19:11 - Mapped to com.banking.controller.TransactionController#createTransaction(TransactionRequest)
2025-07-01 12:19:11 - Read "application/json;charset=UTF-8" to [com.banking.dto.TransactionRequest@2480207d]
2025-07-01 12:19:11 - Mapped to com.banking.controller.TransactionController#createTransaction(TransactionRequest)
2025-07-01 12:19:11 - Read "application/json;charset=UTF-8" to [com.banking.dto.TransactionRequest@5ff21a59]
2025-07-01 12:19:11 - Read "application/json;charset=UTF-8" to [com.banking.dto.TransactionRequest@2abbf719]
2025-07-01 12:19:11 - Mapped to com.banking.controller.TransactionController#createTransaction(TransactionRequest)
2025-07-01 12:19:11 - Mapped to com.banking.controller.TransactionController#createTransaction(TransactionRequest)
2025-07-01 12:19:11 - Using 'application/json', given [*/*] and supported [application/json, application/*+json]
2025-07-01 12:19:11 - Writing [{data=com.banking.dto.TransactionResponse@6aaeb080, success=true, message=交易创建成功}]
2025-07-01 12:19:11 - Using 'application/json', given [*/*] and supported [application/json, application/*+json]
2025-07-01 12:19:11 - Using 'application/json', given [*/*] and supported [application/json, application/*+json]
2025-07-01 12:19:11 - Read "application/json;charset=UTF-8" to [com.banking.dto.TransactionRequest@48ad8369]
2025-07-01 12:19:11 - Mapped to com.banking.controller.TransactionController#createTransaction(TransactionRequest)
2025-07-01 12:19:11 - Writing [{data=com.banking.dto.TransactionResponse@2dec4701, success=true, message=交易创建成功}]
2025-07-01 12:19:11 - Read "application/json;charset=UTF-8" to [com.banking.dto.TransactionRequest@3d94bbd5]
2025-07-01 12:19:11 - Read "application/json;charset=UTF-8" to [com.banking.dto.TransactionRequest@1c2ebd51]
2025-07-01 12:19:11 - Using 'application/json', given [*/*] and supported [application/json, application/*+json]
2025-07-01 12:19:11 - Using 'application/json', given [*/*] and supported [application/json, application/*+json]
2025-07-01 12:19:11 - Writing [{data=com.banking.dto.TransactionResponse@ccce91c, success=true, message=交易创建成功}]
2025-07-01 12:19:11 - Writing [{data=com.banking.dto.TransactionResponse@56841959, success=true, message=交易创建成功}]
2025-07-01 12:19:11 - Writing [{data=com.banking.dto.TransactionResponse@5aa2702e, success=true, message=交易创建成功}]
2025-07-01 12:19:11 - Read "application/json;charset=UTF-8" to [com.banking.dto.TransactionRequest@4e9f6193]
2025-07-01 12:19:11 - Using 'application/json', given [*/*] and supported [application/json, application/*+json]
2025-07-01 12:19:11 - Using 'application/json', given [*/*] and supported [application/json, application/*+json]
2025-07-01 12:19:11 - Writing [{data=com.banking.dto.TransactionResponse@bfc9505, success=true, message=交易创建成功}]
2025-07-01 12:19:11 - Writing [{data=com.banking.dto.TransactionResponse@68a45971, success=true, message=交易创建成功}]
2025-07-01 12:19:11 - Read "application/json;charset=UTF-8" to [com.banking.dto.TransactionRequest@13e345a6]
2025-07-01 12:19:11 - Read "application/json;charset=UTF-8" to [com.banking.dto.TransactionRequest@5916af62]
2025-07-01 12:19:11 - Using 'application/json', given [*/*] and supported [application/json, application/*+json]
2025-07-01 12:19:11 - Writing [{data=com.banking.dto.TransactionResponse@7f9cd27c, success=true, message=交易创建成功}]
2025-07-01 12:19:11 - Mapped to com.banking.controller.TransactionController#createTransaction(TransactionRequest)
2025-07-01 12:19:11 - Mapped to com.banking.controller.TransactionController#createTransaction(TransactionRequest)
2025-07-01 12:19:11 - Mapped to com.banking.controller.TransactionController#createTransaction(TransactionRequest)
2025-07-01 12:19:11 - Mapped to com.banking.controller.TransactionController#createTransaction(TransactionRequest)
2025-07-01 12:19:11 - Mapped to com.banking.controller.TransactionController#createTransaction(TransactionRequest)
2025-07-01 12:19:11 - Mapped to com.banking.controller.TransactionController#createTransaction(TransactionRequest)
2025-07-01 12:19:11 - Mapped to com.banking.controller.TransactionController#createTransaction(TransactionRequest)
2025-07-01 12:19:11 - Read "application/json;charset=UTF-8" to [com.banking.dto.TransactionRequest@2e912a7c]
2025-07-01 12:19:11 - Mapped to com.banking.controller.TransactionController#createTransaction(TransactionRequest)
2025-07-01 12:19:11 - Mapped to com.banking.controller.TransactionController#createTransaction(TransactionRequest)
2025-07-01 12:19:11 - Read "application/json;charset=UTF-8" to [com.banking.dto.TransactionRequest@54bb1ed9]
2025-07-01 12:19:11 - Read "application/json;charset=UTF-8" to [com.banking.dto.TransactionRequest@3ea4cdc7]
2025-07-01 12:19:11 - Read "application/json;charset=UTF-8" to [com.banking.dto.TransactionRequest@267a27a9]
2025-07-01 12:19:11 - Read "application/json;charset=UTF-8" to [com.banking.dto.TransactionRequest@52e18f91]
2025-07-01 12:19:11 - Mapped to com.banking.controller.TransactionController#createTransaction(TransactionRequest)
2025-07-01 12:19:11 - Mapped to com.banking.controller.TransactionController#createTransaction(TransactionRequest)
2025-07-01 12:19:11 - Mapped to com.banking.controller.TransactionController#createTransaction(TransactionRequest)
2025-07-01 12:19:11 - Read "application/json;charset=UTF-8" to [com.banking.dto.TransactionRequest@28823480]
2025-07-01 12:19:11 - Read "application/json;charset=UTF-8" to [com.banking.dto.TransactionRequest@464520a3]
2025-07-01 12:19:11 - Read "application/json;charset=UTF-8" to [com.banking.dto.TransactionRequest@18704b52]
2025-07-01 12:19:11 - Read "application/json;charset=UTF-8" to [com.banking.dto.TransactionRequest@2d981ccb]
2025-07-01 12:19:11 - Read "application/json;charset=UTF-8" to [com.banking.dto.TransactionRequest@f6de5a6]
2025-07-01 12:19:11 - Read "application/json;charset=UTF-8" to [com.banking.dto.TransactionRequest@43b979c1]
2025-07-01 12:19:11 - Read "application/json;charset=UTF-8" to [com.banking.dto.TransactionRequest@32226fcb]
2025-07-01 12:19:11 - Using 'application/json', given [*/*] and supported [application/json, application/*+json]
2025-07-01 12:19:11 - Using 'application/json', given [*/*] and supported [application/json, application/*+json]
2025-07-01 12:19:11 - Using 'application/json', given [*/*] and supported [application/json, application/*+json]
2025-07-01 12:19:11 - Writing [{data=com.banking.dto.TransactionResponse@6d284b9d, success=true, message=交易创建成功}]
2025-07-01 12:19:11 - Writing [{data=com.banking.dto.TransactionResponse@58a7f753, success=true, message=交易创建成功}]
2025-07-01 12:19:11 - Writing [{data=com.banking.dto.TransactionResponse@69c00f25, success=true, message=交易创建成功}]
2025-07-01 12:19:11 - Using 'application/json', given [*/*] and supported [application/json, application/*+json]
2025-07-01 12:19:11 - Using 'application/json', given [*/*] and supported [application/json, application/*+json]
2025-07-01 12:19:11 - Mapped to com.banking.controller.TransactionController#createTransaction(TransactionRequest)
2025-07-01 12:19:11 - Using 'application/json', given [*/*] and supported [application/json, application/*+json]
2025-07-01 12:19:11 - Writing [{data=com.banking.dto.TransactionResponse@70c9a687, success=true, message=交易创建成功}]
2025-07-01 12:19:11 - Writing [{data=com.banking.dto.TransactionResponse@9374c86, success=true, message=交易创建成功}]
2025-07-01 12:19:11 - Mapped to com.banking.controller.TransactionController#createTransaction(TransactionRequest)
2025-07-01 12:19:11 - Writing [{data=com.banking.dto.TransactionResponse@3c37bda1, success=true, message=交易创建成功}]
2025-07-01 12:19:11 - Using 'application/json', given [*/*] and supported [application/json, application/*+json]
2025-07-01 12:19:11 - Using 'application/json', given [*/*] and supported [application/json, application/*+json]
2025-07-01 12:19:11 - Using 'application/json', given [*/*] and supported [application/json, application/*+json]
2025-07-01 12:19:11 - Writing [{data=com.banking.dto.TransactionResponse@3756c0ad, success=true, message=交易创建成功}]
2025-07-01 12:19:11 - Writing [{data=com.banking.dto.TransactionResponse@4b9610d1, success=true, message=交易创建成功}]
2025-07-01 12:19:11 - Read "application/json;charset=UTF-8" to [com.banking.dto.TransactionRequest@4e56309b]
2025-07-01 12:19:11 - Read "application/json;charset=UTF-8" to [com.banking.dto.TransactionRequest@6307881f]
2025-07-01 12:19:11 - Using 'application/json', given [*/*] and supported [application/json, application/*+json]
2025-07-01 12:19:11 - Writing [{data=com.banking.dto.TransactionResponse@3bd35c69, success=true, message=交易创建成功}]
2025-07-01 12:19:11 - Writing [{data=com.banking.dto.TransactionResponse@32b7b335, success=true, message=交易创建成功}]
2025-07-01 12:19:11 - Mapped to com.banking.controller.TransactionController#createTransaction(TransactionRequest)
2025-07-01 12:19:11 - Mapped to com.banking.controller.TransactionController#createTransaction(TransactionRequest)
2025-07-01 12:19:11 - Mapped to com.banking.controller.TransactionController#createTransaction(TransactionRequest)
2025-07-01 12:19:11 - Mapped to com.banking.controller.TransactionController#createTransaction(TransactionRequest)
2025-07-01 12:19:11 - Mapped to com.banking.controller.TransactionController#createTransaction(TransactionRequest)
2025-07-01 12:19:11 - Read "application/json;charset=UTF-8" to [com.banking.dto.TransactionRequest@4df21cab]
2025-07-01 12:19:11 - Read "application/json;charset=UTF-8" to [com.banking.dto.TransactionRequest@44530df3]
2025-07-01 12:19:11 - Read "application/json;charset=UTF-8" to [com.banking.dto.TransactionRequest@255f2f38]
2025-07-01 12:19:11 - Mapped to com.banking.controller.TransactionController#createTransaction(TransactionRequest)
2025-07-01 12:19:11 - Mapped to com.banking.controller.TransactionController#createTransaction(TransactionRequest)
2025-07-01 12:19:11 - Mapped to com.banking.controller.TransactionController#createTransaction(TransactionRequest)
2025-07-01 12:19:11 - Mapped to com.banking.controller.TransactionController#createTransaction(TransactionRequest)
2025-07-01 12:19:11 - Read "application/json;charset=UTF-8" to [com.banking.dto.TransactionRequest@2e37ab64]
2025-07-01 12:19:11 - Read "application/json;charset=UTF-8" to [com.banking.dto.TransactionRequest@763772b0]
2025-07-01 12:19:11 - Mapped to com.banking.controller.TransactionController#createTransaction(TransactionRequest)
2025-07-01 12:19:11 - Read "application/json;charset=UTF-8" to [com.banking.dto.TransactionRequest@30e13884]
2025-07-01 12:19:11 - Read "application/json;charset=UTF-8" to [com.banking.dto.TransactionRequest@72dfccd3]
2025-07-01 12:19:11 - Mapped to com.banking.controller.TransactionController#createTransaction(TransactionRequest)
2025-07-01 12:19:11 - Read "application/json;charset=UTF-8" to [com.banking.dto.TransactionRequest@3d98295]
2025-07-01 12:19:11 - Mapped to com.banking.controller.TransactionController#createTransaction(TransactionRequest)
2025-07-01 12:19:11 - Mapped to com.banking.controller.TransactionController#createTransaction(TransactionRequest)
2025-07-01 12:19:11 - Read "application/json;charset=UTF-8" to [com.banking.dto.TransactionRequest@40edd2cf]
2025-07-01 12:19:11 - Mapped to com.banking.controller.TransactionController#createTransaction(TransactionRequest)
2025-07-01 12:19:11 - Read "application/json;charset=UTF-8" to [com.banking.dto.TransactionRequest@2c9a92fe]
2025-07-01 12:19:11 - Read "application/json;charset=UTF-8" to [com.banking.dto.TransactionRequest@6e2b438c]
2025-07-01 12:19:11 - Read "application/json;charset=UTF-8" to [com.banking.dto.TransactionRequest@40c7b1b0]
2025-07-01 12:19:11 - Read "application/json;charset=UTF-8" to [com.banking.dto.TransactionRequest@5cf3d2bf]
2025-07-01 12:19:11 - Read "application/json;charset=UTF-8" to [com.banking.dto.TransactionRequest@37db9933]
2025-07-01 12:19:11 - Using 'application/json', given [*/*] and supported [application/json, application/*+json]
2025-07-01 12:19:11 - Using 'application/json', given [*/*] and supported [application/json, application/*+json]
2025-07-01 12:19:11 - Using 'application/json', given [*/*] and supported [application/json, application/*+json]
2025-07-01 12:19:11 - Using 'application/json', given [*/*] and supported [application/json, application/*+json]
2025-07-01 12:19:11 - Writing [{data=com.banking.dto.TransactionResponse@2e00ab44, success=true, message=交易创建成功}]
2025-07-01 12:19:11 - Writing [{data=com.banking.dto.TransactionResponse@6659d5eb, success=true, message=交易创建成功}]
2025-07-01 12:19:11 - Writing [{data=com.banking.dto.TransactionResponse@10c2d481, success=true, message=交易创建成功}]
2025-07-01 12:19:11 - Writing [{data=com.banking.dto.TransactionResponse@4129c4d9, success=true, message=交易创建成功}]
2025-07-01 12:19:11 - Using 'application/json', given [*/*] and supported [application/json, application/*+json]
2025-07-01 12:19:11 - Using 'application/json', given [*/*] and supported [application/json, application/*+json]
2025-07-01 12:19:11 - Using 'application/json', given [*/*] and supported [application/json, application/*+json]
2025-07-01 12:19:11 - Mapped to com.banking.controller.TransactionController#createTransaction(TransactionRequest)
2025-07-01 12:19:11 - Using 'application/json', given [*/*] and supported [application/json, application/*+json]
2025-07-01 12:19:11 - Using 'application/json', given [*/*] and supported [application/json, application/*+json]
2025-07-01 12:19:11 - Writing [{data=com.banking.dto.TransactionResponse@57a72a8f, success=true, message=交易创建成功}]
2025-07-01 12:19:11 - Writing [{data=com.banking.dto.TransactionResponse@1d18556, success=true, message=交易创建成功}]
2025-07-01 12:19:11 - Writing [{data=com.banking.dto.TransactionResponse@3ee2340, success=true, message=交易创建成功}]
2025-07-01 12:19:11 - Using 'application/json', given [*/*] and supported [application/json, application/*+json]
2025-07-01 12:19:11 - Writing [{data=com.banking.dto.TransactionResponse@63d3d17a, success=true, message=交易创建成功}]
2025-07-01 12:19:11 - Writing [{data=com.banking.dto.TransactionResponse@7440b20b, success=true, message=交易创建成功}]
2025-07-01 12:19:11 - Writing [{data=com.banking.dto.TransactionResponse@2f25b435, success=true, message=交易创建成功}]
2025-07-01 12:19:11 - Read "application/json;charset=UTF-8" to [com.banking.dto.TransactionRequest@1247024a]
2025-07-01 12:19:11 - Mapped to com.banking.controller.TransactionController#createTransaction(TransactionRequest)
2025-07-01 12:19:11 - Read "application/json;charset=UTF-8" to [com.banking.dto.TransactionRequest@608c24e6]
2025-07-01 12:19:11 - Mapped to com.banking.controller.TransactionController#createTransaction(TransactionRequest)
2025-07-01 12:19:11 - Mapped to com.banking.controller.TransactionController#createTransaction(TransactionRequest)
2025-07-01 12:19:11 - Mapped to com.banking.controller.TransactionController#createTransaction(TransactionRequest)
2025-07-01 12:19:11 - Mapped to com.banking.controller.TransactionController#createTransaction(TransactionRequest)
2025-07-01 12:19:11 - Mapped to com.banking.controller.TransactionController#createTransaction(TransactionRequest)
2025-07-01 12:19:11 - Mapped to com.banking.controller.TransactionController#createTransaction(TransactionRequest)
2025-07-01 12:19:11 - Mapped to com.banking.controller.TransactionController#createTransaction(TransactionRequest)
2025-07-01 12:19:11 - Using 'application/json', given [*/*] and supported [application/json, application/*+json]
2025-07-01 12:19:11 - Mapped to com.banking.controller.TransactionController#createTransaction(TransactionRequest)
2025-07-01 12:19:11 - Mapped to com.banking.controller.TransactionController#createTransaction(TransactionRequest)
2025-07-01 12:19:11 - Writing [{data=com.banking.dto.TransactionResponse@14646611, success=true, message=交易创建成功}]
2025-07-01 12:19:11 - Mapped to com.banking.controller.TransactionController#createTransaction(TransactionRequest)
2025-07-01 12:19:11 - Read "application/json;charset=UTF-8" to [com.banking.dto.TransactionRequest@7e7beafc]
2025-07-01 12:19:11 - Using 'application/json', given [*/*] and supported [application/json, application/*+json]
2025-07-01 12:19:11 - Read "application/json;charset=UTF-8" to [com.banking.dto.TransactionRequest@751a13b9]
2025-07-01 12:19:11 - Using 'application/json', given [*/*] and supported [application/json, application/*+json]
2025-07-01 12:19:11 - Using 'application/json', given [*/*] and supported [application/json, application/*+json]
2025-07-01 12:19:11 - Using 'application/json', given [*/*] and supported [application/json, application/*+json]
2025-07-01 12:19:11 - Using 'application/json', given [*/*] and supported [application/json, application/*+json]
2025-07-01 12:19:11 - Writing [{data=com.banking.dto.TransactionResponse@364c6196, success=true, message=交易创建成功}]
2025-07-01 12:19:11 - Writing [{data=com.banking.dto.TransactionResponse@5dfea17a, success=true, message=交易创建成功}]
2025-07-01 12:19:11 - Writing [{data=com.banking.dto.TransactionResponse@69854ff2, success=true, message=交易创建成功}]
2025-07-01 12:19:11 - Read "application/json;charset=UTF-8" to [com.banking.dto.TransactionRequest@370d58e9]
2025-07-01 12:19:11 - Read "application/json;charset=UTF-8" to [com.banking.dto.TransactionRequest@1e4a3116]
2025-07-01 12:19:11 - Read "application/json;charset=UTF-8" to [com.banking.dto.TransactionRequest@5341809e]
2025-07-01 12:19:11 - Read "application/json;charset=UTF-8" to [com.banking.dto.TransactionRequest@1e7a3bac]
2025-07-01 12:19:11 - Read "application/json;charset=UTF-8" to [com.banking.dto.TransactionRequest@10190794]
2025-07-01 12:19:11 - Using 'application/json', given [*/*] and supported [application/json, application/*+json]
2025-07-01 12:19:11 - Read "application/json;charset=UTF-8" to [com.banking.dto.TransactionRequest@3b903316]
2025-07-01 12:19:11 - Writing [{data=com.banking.dto.TransactionResponse@b061e94, success=true, message=交易创建成功}]
2025-07-01 12:19:11 - Writing [{data=com.banking.dto.TransactionResponse@1886af44, success=true, message=交易创建成功}]
2025-07-01 12:19:11 - Writing [{data=com.banking.dto.TransactionResponse@2f3e3dd6, success=true, message=交易创建成功}]
2025-07-01 12:19:11 - Read "application/json;charset=UTF-8" to [com.banking.dto.TransactionRequest@351cb770]
2025-07-01 12:19:11 - Using 'application/json', given [*/*] and supported [application/json, application/*+json]
2025-07-01 12:19:11 - Writing [{data=com.banking.dto.TransactionResponse@46d7978c, success=true, message=交易创建成功}]
2025-07-01 12:19:11 - Read "application/json;charset=UTF-8" to [com.banking.dto.TransactionRequest@7e88ffc4]
2025-07-01 12:19:11 - Using 'application/json', given [*/*] and supported [application/json, application/*+json]
2025-07-01 12:19:11 - Writing [{data=com.banking.dto.TransactionResponse@7def4f0, success=true, message=交易创建成功}]
2025-07-01 12:19:11 - Mapped to com.banking.controller.TransactionController#createTransaction(TransactionRequest)
2025-07-01 12:19:11 - Mapped to com.banking.controller.TransactionController#createTransaction(TransactionRequest)
2025-07-01 12:19:11 - Mapped to com.banking.controller.TransactionController#createTransaction(TransactionRequest)
2025-07-01 12:19:11 - Mapped to com.banking.controller.TransactionController#createTransaction(TransactionRequest)
2025-07-01 12:19:11 - Mapped to com.banking.controller.TransactionController#createTransaction(TransactionRequest)
2025-07-01 12:19:11 - Using 'application/json', given [*/*] and supported [application/json, application/*+json]
2025-07-01 12:19:11 - Mapped to com.banking.controller.TransactionController#createTransaction(TransactionRequest)
2025-07-01 12:19:11 - Writing [{data=com.banking.dto.TransactionResponse@72a9d270, success=true, message=交易创建成功}]
2025-07-01 12:19:11 - Read "application/json;charset=UTF-8" to [com.banking.dto.TransactionRequest@648836c0]
2025-07-01 12:19:11 - Read "application/json;charset=UTF-8" to [com.banking.dto.TransactionRequest@c1c44b8]
2025-07-01 12:19:11 - Using 'application/json', given [*/*] and supported [application/json, application/*+json]
2025-07-01 12:19:11 - Read "application/json;charset=UTF-8" to [com.banking.dto.TransactionRequest@2e21416c]
2025-07-01 12:19:11 - Writing [{data=com.banking.dto.TransactionResponse@2d22d16f, success=true, message=交易创建成功}]
2025-07-01 12:19:11 - Using 'application/json', given [*/*] and supported [application/json, application/*+json]
2025-07-01 12:19:11 - Read "application/json;charset=UTF-8" to [com.banking.dto.TransactionRequest@7e2a9f3e]
2025-07-01 12:19:11 - Read "application/json;charset=UTF-8" to [com.banking.dto.TransactionRequest@1aa03a2b]
2025-07-01 12:19:11 - Using 'application/json', given [*/*] and supported [application/json, application/*+json]
2025-07-01 12:19:11 - Writing [{data=com.banking.dto.TransactionResponse@68de28ce, success=true, message=交易创建成功}]
2025-07-01 12:19:11 - Using 'application/json', given [*/*] and supported [application/json, application/*+json]
2025-07-01 12:19:11 - Mapped to com.banking.controller.TransactionController#createTransaction(TransactionRequest)
2025-07-01 12:19:11 - Mapped to com.banking.controller.TransactionController#createTransaction(TransactionRequest)
2025-07-01 12:19:11 - Read "application/json;charset=UTF-8" to [com.banking.dto.TransactionRequest@f6ae40]
2025-07-01 12:19:11 - Writing [{data=com.banking.dto.TransactionResponse@3a741369, success=true, message=交易创建成功}]
2025-07-01 12:19:11 - Writing [{data=com.banking.dto.TransactionResponse@71b23a35, success=true, message=交易创建成功}]
2025-07-01 12:19:11 - Mapped to com.banking.controller.TransactionController#createTransaction(TransactionRequest)
2025-07-01 12:19:11 - Using 'application/json', given [*/*] and supported [application/json, application/*+json]
2025-07-01 12:19:11 - Read "application/json;charset=UTF-8" to [com.banking.dto.TransactionRequest@3df7d3d0]
2025-07-01 12:19:11 - Read "application/json;charset=UTF-8" to [com.banking.dto.TransactionRequest@57ef8989]
2025-07-01 12:19:11 - Writing [{data=com.banking.dto.TransactionResponse@52d2298a, success=true, message=交易创建成功}]
2025-07-01 12:19:11 - Read "application/json;charset=UTF-8" to [com.banking.dto.TransactionRequest@7f36bebf]
2025-07-01 12:19:11 - Using 'application/json', given [*/*] and supported [application/json, application/*+json]
2025-07-01 12:19:11 - Using 'application/json', given [*/*] and supported [application/json, application/*+json]
2025-07-01 12:19:11 - Writing [{data=com.banking.dto.TransactionResponse@6fffaf99, success=true, message=交易创建成功}]
2025-07-01 12:19:11 - Writing [{data=com.banking.dto.TransactionResponse@40253cd9, success=true, message=交易创建成功}]
2025-07-01 12:19:11 - Using 'application/json', given [*/*] and supported [application/json, application/*+json]
2025-07-01 12:19:11 - Using 'application/json', given [*/*] and supported [application/json, application/*+json]
2025-07-01 12:19:11 - Using 'application/json', given [*/*] and supported [application/json, application/*+json]
2025-07-01 12:19:11 - Using 'application/json', given [*/*] and supported [application/json, application/*+json]
2025-07-01 12:19:11 - Writing [{data=com.banking.dto.TransactionResponse@56ea3986, success=true, message=交易创建成功}]
2025-07-01 12:19:11 - Writing [{data=com.banking.dto.TransactionResponse@78af12c6, success=true, message=交易创建成功}]
2025-07-01 12:19:11 - Writing [{data=com.banking.dto.TransactionResponse@1b50c634, success=true, message=交易创建成功}]
2025-07-01 12:19:11 - Mapped to com.banking.controller.TransactionController#createTransaction(TransactionRequest)
2025-07-01 12:19:11 - Writing [{data=com.banking.dto.TransactionResponse@b9eb3a0, success=true, message=交易创建成功}]
2025-07-01 12:19:11 - Mapped to com.banking.controller.TransactionController#createTransaction(TransactionRequest)
2025-07-01 12:19:11 - Mapped to com.banking.controller.TransactionController#createTransaction(TransactionRequest)
2025-07-01 12:19:11 - Mapped to com.banking.controller.TransactionController#createTransaction(TransactionRequest)
2025-07-01 12:19:11 - Mapped to com.banking.controller.TransactionController#createTransaction(TransactionRequest)
2025-07-01 12:19:11 - Using 'application/json', given [*/*] and supported [application/json, application/*+json]
2025-07-01 12:19:11 - Mapped to com.banking.controller.TransactionController#createTransaction(TransactionRequest)
2025-07-01 12:19:11 - Mapped to com.banking.controller.TransactionController#createTransaction(TransactionRequest)
2025-07-01 12:19:11 - Writing [{data=com.banking.dto.TransactionResponse@1eb070d4, success=true, message=交易创建成功}]
2025-07-01 12:19:11 - Using 'application/json', given [*/*] and supported [application/json, application/*+json]
2025-07-01 12:19:11 - Mapped to com.banking.controller.TransactionController#createTransaction(TransactionRequest)
2025-07-01 12:19:11 - Read "application/json;charset=UTF-8" to [com.banking.dto.TransactionRequest@5c61093d]
2025-07-01 12:19:11 - Read "application/json;charset=UTF-8" to [com.banking.dto.TransactionRequest@6fbb92b0]
2025-07-01 12:19:11 - Read "application/json;charset=UTF-8" to [com.banking.dto.TransactionRequest@1be58647]
2025-07-01 12:19:11 - Read "application/json;charset=UTF-8" to [com.banking.dto.TransactionRequest@cad14ab]
2025-07-01 12:19:11 - Writing [{data=com.banking.dto.TransactionResponse@21144e26, success=true, message=交易创建成功}]
2025-07-01 12:19:11 - Using 'application/json', given [*/*] and supported [application/json, application/*+json]
2025-07-01 12:19:11 - Writing [{data=com.banking.dto.TransactionResponse@736a23b5, success=true, message=交易创建成功}]
2025-07-01 12:19:11 - Read "application/json;charset=UTF-8" to [com.banking.dto.TransactionRequest@2a4a5be6]
2025-07-01 12:19:11 - Read "application/json;charset=UTF-8" to [com.banking.dto.TransactionRequest@10d9bebc]
2025-07-01 12:19:11 - Using 'application/json', given [*/*] and supported [application/json, application/*+json]
2025-07-01 12:19:11 - Read "application/json;charset=UTF-8" to [com.banking.dto.TransactionRequest@3082037e]
2025-07-01 12:19:11 - Writing [{data=com.banking.dto.TransactionResponse@c723d2f, success=true, message=交易创建成功}]
2025-07-01 12:19:11 - Using 'application/json', given [*/*] and supported [application/json, application/*+json]
2025-07-01 12:19:11 - Mapped to com.banking.controller.TransactionController#createTransaction(TransactionRequest)
2025-07-01 12:19:11 - Using 'application/json', given [*/*] and supported [application/json, application/*+json]
2025-07-01 12:19:11 - Mapped to com.banking.controller.TransactionController#createTransaction(TransactionRequest)
2025-07-01 12:19:11 - Writing [{data=com.banking.dto.TransactionResponse@48b1bca4, success=true, message=交易创建成功}]
2025-07-01 12:19:11 - Writing [{data=com.banking.dto.TransactionResponse@3e09311c, success=true, message=交易创建成功}]
2025-07-01 12:19:11 - Read "application/json;charset=UTF-8" to [com.banking.dto.TransactionRequest@6daac4e7]
2025-07-01 12:19:11 - Mapped to com.banking.controller.TransactionController#createTransaction(TransactionRequest)
2025-07-01 12:19:11 - Read "application/json;charset=UTF-8" to [com.banking.dto.TransactionRequest@73bceb30]
2025-07-01 12:19:11 - Mapped to com.banking.controller.TransactionController#createTransaction(TransactionRequest)
2025-07-01 12:19:11 - Using 'application/json', given [*/*] and supported [application/json, application/*+json]
2025-07-01 12:19:11 - Read "application/json;charset=UTF-8" to [com.banking.dto.TransactionRequest@b842139]
2025-07-01 12:19:11 - Using 'application/json', given [*/*] and supported [application/json, application/*+json]
2025-07-01 12:19:11 - Read "application/json;charset=UTF-8" to [com.banking.dto.TransactionRequest@75ecd012]
2025-07-01 12:19:11 - Writing [{data=com.banking.dto.TransactionResponse@6759cde0, success=true, message=交易创建成功}]
2025-07-01 12:19:11 - Writing [{data=com.banking.dto.TransactionResponse@31914e64, success=true, message=交易创建成功}]
2025-07-01 12:19:11 - Mapped to com.banking.controller.TransactionController#createTransaction(TransactionRequest)
2025-07-01 12:19:11 - Mapped to com.banking.controller.TransactionController#createTransaction(TransactionRequest)
2025-07-01 12:19:11 - Mapped to com.banking.controller.TransactionController#createTransaction(TransactionRequest)
2025-07-01 12:19:11 - Using 'application/json', given [*/*] and supported [application/json, application/*+json]
2025-07-01 12:19:11 - Read "application/json;charset=UTF-8" to [com.banking.dto.TransactionRequest@5ec2b141]
2025-07-01 12:19:11 - Using 'application/json', given [*/*] and supported [application/json, application/*+json]
2025-07-01 12:19:11 - Writing [{data=com.banking.dto.TransactionResponse@12e74b2b, success=true, message=交易创建成功}]
2025-07-01 12:19:11 - Using 'application/json', given [*/*] and supported [application/json, application/*+json]
2025-07-01 12:19:11 - Writing [{data=com.banking.dto.TransactionResponse@66726a6d, success=true, message=交易创建成功}]
2025-07-01 12:19:11 - Writing [{data=com.banking.dto.TransactionResponse@75c382e, success=true, message=交易创建成功}]
2025-07-01 12:19:11 - Read "application/json;charset=UTF-8" to [com.banking.dto.TransactionRequest@2968bb5f]
2025-07-01 12:19:11 - Read "application/json;charset=UTF-8" to [com.banking.dto.TransactionRequest@5bf95df9]
2025-07-01 12:19:11 - Read "application/json;charset=UTF-8" to [com.banking.dto.TransactionRequest@77533810]
2025-07-01 12:19:11 - Mapped to com.banking.controller.TransactionController#createTransaction(TransactionRequest)
2025-07-01 12:19:11 - Mapped to com.banking.controller.TransactionController#createTransaction(TransactionRequest)
2025-07-01 12:19:11 - Mapped to com.banking.controller.TransactionController#createTransaction(TransactionRequest)
2025-07-01 12:19:11 - Using 'application/json', given [*/*] and supported [application/json, application/*+json]
2025-07-01 12:19:11 - Using 'application/json', given [*/*] and supported [application/json, application/*+json]
2025-07-01 12:19:11 - Writing [{data=com.banking.dto.TransactionResponse@4a6cefde, success=true, message=交易创建成功}]
2025-07-01 12:19:11 - Read "application/json;charset=UTF-8" to [com.banking.dto.TransactionRequest@cac8ae1]
2025-07-01 12:19:11 - Read "application/json;charset=UTF-8" to [com.banking.dto.TransactionRequest@4c626522]
2025-07-01 12:19:11 - Read "application/json;charset=UTF-8" to [com.banking.dto.TransactionRequest@3b4d662b]
2025-07-01 12:19:11 - Writing [{data=com.banking.dto.TransactionResponse@3d93705c, success=true, message=交易创建成功}]
2025-07-01 12:19:11 - Using 'application/json', given [*/*] and supported [application/json, application/*+json]
2025-07-01 12:19:11 - Using 'application/json', given [*/*] and supported [application/json, application/*+json]
2025-07-01 12:19:11 - Using 'application/json', given [*/*] and supported [application/json, application/*+json]
2025-07-01 12:19:11 - Writing [{data=com.banking.dto.TransactionResponse@5133c7e3, success=true, message=交易创建成功}]
2025-07-01 12:19:11 - Writing [{data=com.banking.dto.TransactionResponse@5f80f928, success=true, message=交易创建成功}]
2025-07-01 12:19:11 - Writing [{data=com.banking.dto.TransactionResponse@34fdcf99, success=true, message=交易创建成功}]
2025-07-01 12:19:11 - Mapped to com.banking.controller.TransactionController#createTransaction(TransactionRequest)
2025-07-01 12:19:11 - Mapped to com.banking.controller.TransactionController#createTransaction(TransactionRequest)
2025-07-01 12:19:11 - Mapped to com.banking.controller.TransactionController#createTransaction(TransactionRequest)
2025-07-01 12:19:11 - Mapped to com.banking.controller.TransactionController#createTransaction(TransactionRequest)
2025-07-01 12:19:11 - Using 'application/json', given [*/*] and supported [application/json, application/*+json]
2025-07-01 12:19:11 - Mapped to com.banking.controller.TransactionController#createTransaction(TransactionRequest)
2025-07-01 12:19:11 - Writing [{data=com.banking.dto.TransactionResponse@7aa97bd0, success=true, message=交易创建成功}]
2025-07-01 12:19:11 - Using 'application/json', given [*/*] and supported [application/json, application/*+json]
2025-07-01 12:19:11 - Writing [{data=com.banking.dto.TransactionResponse@35c2435f, success=true, message=交易创建成功}]
2025-07-01 12:19:11 - Read "application/json;charset=UTF-8" to [com.banking.dto.TransactionRequest@2c9d261e]
2025-07-01 12:19:11 - Read "application/json;charset=UTF-8" to [com.banking.dto.TransactionRequest@1f80e8f1]
2025-07-01 12:19:11 - Read "application/json;charset=UTF-8" to [com.banking.dto.TransactionRequest@5b05206d]
2025-07-01 12:19:11 - Read "application/json;charset=UTF-8" to [com.banking.dto.TransactionRequest@4303c48a]
2025-07-01 12:19:11 - Read "application/json;charset=UTF-8" to [com.banking.dto.TransactionRequest@51d94d8a]
2025-07-01 12:19:11 - Using 'application/json', given [*/*] and supported [application/json, application/*+json]
2025-07-01 12:19:11 - Writing [{data=com.banking.dto.TransactionResponse@79435502, success=true, message=交易创建成功}]
2025-07-01 12:19:11 - Using 'application/json', given [*/*] and supported [application/json, application/*+json]
2025-07-01 12:19:11 - Writing [{data=com.banking.dto.TransactionResponse@507f1e37, success=true, message=交易创建成功}]
2025-07-01 12:19:11 - Using 'application/json', given [*/*] and supported [application/json, application/*+json]
2025-07-01 12:19:11 - Writing [{data=com.banking.dto.TransactionResponse@3afebc1d, success=true, message=交易创建成功}]
2025-07-01 12:19:11 - Mapped to com.banking.controller.TransactionController#createTransaction(TransactionRequest)
2025-07-01 12:19:11 - Mapped to com.banking.controller.TransactionController#createTransaction(TransactionRequest)
2025-07-01 12:19:11 - Mapped to com.banking.controller.TransactionController#createTransaction(TransactionRequest)
2025-07-01 12:19:11 - Mapped to com.banking.controller.TransactionController#createTransaction(TransactionRequest)
2025-07-01 12:19:11 - Read "application/json;charset=UTF-8" to [com.banking.dto.TransactionRequest@183ce925]
2025-07-01 12:19:11 - Read "application/json;charset=UTF-8" to [com.banking.dto.TransactionRequest@5eb27351]
2025-07-01 12:19:11 - Read "application/json;charset=UTF-8" to [com.banking.dto.TransactionRequest@5a282bf4]
2025-07-01 12:19:11 - Read "application/json;charset=UTF-8" to [com.banking.dto.TransactionRequest@49a2e244]
2025-07-01 12:19:11 - Using 'application/json', given [*/*] and supported [application/json, application/*+json]
2025-07-01 12:19:11 - Using 'application/json', given [*/*] and supported [application/json, application/*+json]
2025-07-01 12:19:11 - Using 'application/json', given [*/*] and supported [application/json, application/*+json]
2025-07-01 12:19:11 - Using 'application/json', given [*/*] and supported [application/json, application/*+json]
2025-07-01 12:19:11 - Using 'application/json', given [*/*] and supported [application/json, application/*+json]
2025-07-01 12:19:11 - Writing [{data=com.banking.dto.TransactionResponse@5786d67, success=true, message=交易创建成功}]
2025-07-01 12:19:11 - Writing [{data=com.banking.dto.TransactionResponse@5be5bdbe, success=true, message=交易创建成功}]
2025-07-01 12:19:11 - Writing [{data=com.banking.dto.TransactionResponse@2e1a6da2, success=true, message=交易创建成功}]
2025-07-01 12:19:11 - Writing [{data=com.banking.dto.TransactionResponse@47f79767, success=true, message=交易创建成功}]
2025-07-01 12:19:11 - Mapped to com.banking.controller.TransactionController#createTransaction(TransactionRequest)
2025-07-01 12:19:11 - Writing [{data=com.banking.dto.TransactionResponse@7cde84b9, success=true, message=交易创建成功}]
2025-07-01 12:19:11 - Mapped to com.banking.controller.TransactionController#createTransaction(TransactionRequest)
2025-07-01 12:19:11 - Mapped to com.banking.controller.TransactionController#createTransaction(TransactionRequest)
2025-07-01 12:19:11 - Mapped to com.banking.controller.TransactionController#createTransaction(TransactionRequest)
2025-07-01 12:19:11 - Using 'application/json', given [*/*] and supported [application/json, application/*+json]
2025-07-01 12:19:11 - Mapped to com.banking.controller.TransactionController#createTransaction(TransactionRequest)
2025-07-01 12:19:11 - Mapped to com.banking.controller.TransactionController#createTransaction(TransactionRequest)
2025-07-01 12:19:11 - Using 'application/json', given [*/*] and supported [application/json, application/*+json]
2025-07-01 12:19:11 - Read "application/json;charset=UTF-8" to [com.banking.dto.TransactionRequest@74500c58]
2025-07-01 12:19:11 - Writing [{data=com.banking.dto.TransactionResponse@e2c30e2, success=true, message=交易创建成功}]
2025-07-01 12:19:11 - Read "application/json;charset=UTF-8" to [com.banking.dto.TransactionRequest@1421e872]
2025-07-01 12:19:11 - Writing [{data=com.banking.dto.TransactionResponse@1641d917, success=true, message=交易创建成功}]
2025-07-01 12:19:11 - Read "application/json;charset=UTF-8" to [com.banking.dto.TransactionRequest@2e35bfea]
2025-07-01 12:19:11 - Read "application/json;charset=UTF-8" to [com.banking.dto.TransactionRequest@47df24b7]
2025-07-01 12:19:11 - Read "application/json;charset=UTF-8" to [com.banking.dto.TransactionRequest@63875223]
2025-07-01 12:19:11 - Read "application/json;charset=UTF-8" to [com.banking.dto.TransactionRequest@6d18e43]
2025-07-01 12:19:11 - Using 'application/json', given [*/*] and supported [application/json, application/*+json]
2025-07-01 12:19:11 - Writing [{data=com.banking.dto.TransactionResponse@c021d5, success=true, message=交易创建成功}]
2025-07-01 12:19:11 - Using 'application/json', given [*/*] and supported [application/json, application/*+json]
2025-07-01 12:19:11 - Writing [{data=com.banking.dto.TransactionResponse@45505261, success=true, message=交易创建成功}]
2025-07-01 12:19:11 - Mapped to com.banking.controller.TransactionController#createTransaction(TransactionRequest)
2025-07-01 12:19:11 - Using 'application/json', given [*/*] and supported [application/json, application/*+json]
2025-07-01 12:19:11 - Mapped to com.banking.controller.TransactionController#createTransaction(TransactionRequest)
2025-07-01 12:19:11 - Mapped to com.banking.controller.TransactionController#createTransaction(TransactionRequest)
2025-07-01 12:19:11 - Mapped to com.banking.controller.TransactionController#createTransaction(TransactionRequest)
2025-07-01 12:19:11 - Mapped to com.banking.controller.TransactionController#createTransaction(TransactionRequest)
2025-07-01 12:19:11 - Writing [{data=com.banking.dto.TransactionResponse@590de134, success=true, message=交易创建成功}]
2025-07-01 12:19:11 - Mapped to com.banking.controller.TransactionController#createTransaction(TransactionRequest)
2025-07-01 12:19:11 - Mapped to com.banking.controller.TransactionController#createTransaction(TransactionRequest)
2025-07-01 12:19:11 - Read "application/json;charset=UTF-8" to [com.banking.dto.TransactionRequest@26f43fa1]
2025-07-01 12:19:11 - Read "application/json;charset=UTF-8" to [com.banking.dto.TransactionRequest@50baa0aa]
2025-07-01 12:19:11 - Read "application/json;charset=UTF-8" to [com.banking.dto.TransactionRequest@4e51a21b]
2025-07-01 12:19:11 - Read "application/json;charset=UTF-8" to [com.banking.dto.TransactionRequest@20c9094c]
2025-07-01 12:19:11 - Read "application/json;charset=UTF-8" to [com.banking.dto.TransactionRequest@2b47c544]
2025-07-01 12:19:11 - Using 'application/json', given [*/*] and supported [application/json, application/*+json]
2025-07-01 12:19:11 - Read "application/json;charset=UTF-8" to [com.banking.dto.TransactionRequest@b1d8573]
2025-07-01 12:19:11 - Read "application/json;charset=UTF-8" to [com.banking.dto.TransactionRequest@543e4917]
2025-07-01 12:19:11 - Writing [{data=com.banking.dto.TransactionResponse@1034cb77, success=true, message=交易创建成功}]
2025-07-01 12:19:11 - Using 'application/json', given [*/*] and supported [application/json, application/*+json]
2025-07-01 12:19:11 - Using 'application/json', given [*/*] and supported [application/json, application/*+json]
2025-07-01 12:19:11 - Writing [{data=com.banking.dto.TransactionResponse@686a948d, success=true, message=交易创建成功}]
2025-07-01 12:19:11 - Using 'application/json', given [*/*] and supported [application/json, application/*+json]
2025-07-01 12:19:11 - Using 'application/json', given [*/*] and supported [application/json, application/*+json]
2025-07-01 12:19:11 - Mapped to com.banking.controller.TransactionController#createTransaction(TransactionRequest)
2025-07-01 12:19:11 - Using 'application/json', given [*/*] and supported [application/json, application/*+json]
2025-07-01 12:19:11 - Writing [{data=com.banking.dto.TransactionResponse@9e5724e, success=true, message=交易创建成功}]
2025-07-01 12:19:11 - Writing [{data=com.banking.dto.TransactionResponse@77567072, success=true, message=交易创建成功}]
2025-07-01 12:19:11 - Using 'application/json', given [*/*] and supported [application/json, application/*+json]
2025-07-01 12:19:11 - Writing [{data=com.banking.dto.TransactionResponse@3a561be7, success=true, message=交易创建成功}]
2025-07-01 12:19:11 - Writing [{data=com.banking.dto.TransactionResponse@9ce9217, success=true, message=交易创建成功}]
2025-07-01 12:19:11 - Writing [{data=com.banking.dto.TransactionResponse@3916f565, success=true, message=交易创建成功}]
2025-07-01 12:19:11 - Mapped to com.banking.controller.TransactionController#createTransaction(TransactionRequest)
2025-07-01 12:19:11 - Read "application/json;charset=UTF-8" to [com.banking.dto.TransactionRequest@3b70ec09]
2025-07-01 12:19:11 - Read "application/json;charset=UTF-8" to [com.banking.dto.TransactionRequest@2add2d13]
2025-07-01 12:19:11 - Using 'application/json', given [*/*] and supported [application/json, application/*+json]
2025-07-01 12:19:11 - Writing [{data=com.banking.dto.TransactionResponse@66508037, success=true, message=交易创建成功}]
2025-07-01 12:19:11 - Using 'application/json', given [*/*] and supported [application/json, application/*+json]
2025-07-01 12:19:11 - Mapped to com.banking.controller.TransactionController#createTransaction(TransactionRequest)
2025-07-01 12:19:11 - Writing [{data=com.banking.dto.TransactionResponse@74a1d5cc, success=true, message=交易创建成功}]
2025-07-01 12:19:11 - Mapped to com.banking.controller.TransactionController#createTransaction(TransactionRequest)
2025-07-01 12:19:11 - Mapped to com.banking.controller.TransactionController#createTransaction(TransactionRequest)
2025-07-01 12:19:11 - Mapped to com.banking.controller.TransactionController#createTransaction(TransactionRequest)
2025-07-01 12:19:11 - Using 'application/json', given [*/*] and supported [application/json, application/*+json]
2025-07-01 12:19:11 - Mapped to com.banking.controller.TransactionController#createTransaction(TransactionRequest)
2025-07-01 12:19:11 - Read "application/json;charset=UTF-8" to [com.banking.dto.TransactionRequest@28e714f6]
2025-07-01 12:19:11 - Mapped to com.banking.controller.TransactionController#createTransaction(TransactionRequest)
2025-07-01 12:19:11 - Writing [{data=com.banking.dto.TransactionResponse@1a27d3f1, success=true, message=交易创建成功}]
2025-07-01 12:19:11 - Using 'application/json', given [*/*] and supported [application/json, application/*+json]
2025-07-01 12:19:11 - Using 'application/json', given [*/*] and supported [application/json, application/*+json]
2025-07-01 12:19:11 - Read "application/json;charset=UTF-8" to [com.banking.dto.TransactionRequest@53a8a075]
2025-07-01 12:19:11 - Read "application/json;charset=UTF-8" to [com.banking.dto.TransactionRequest@4ec24241]
2025-07-01 12:19:11 - Writing [{data=com.banking.dto.TransactionResponse@4fa87b2e, success=true, message=交易创建成功}]
2025-07-01 12:19:11 - Read "application/json;charset=UTF-8" to [com.banking.dto.TransactionRequest@4d6ef9ea]
2025-07-01 12:19:11 - Read "application/json;charset=UTF-8" to [com.banking.dto.TransactionRequest@1701c0b3]
2025-07-01 12:19:11 - Writing [{data=com.banking.dto.TransactionResponse@22567f88, success=true, message=交易创建成功}]
2025-07-01 12:19:11 - Read "application/json;charset=UTF-8" to [com.banking.dto.TransactionRequest@81198ab]
2025-07-01 12:19:11 - Using 'application/json', given [*/*] and supported [application/json, application/*+json]
2025-07-01 12:19:11 - Mapped to com.banking.controller.TransactionController#createTransaction(TransactionRequest)
2025-07-01 12:19:11 - Mapped to com.banking.controller.TransactionController#createTransaction(TransactionRequest)
2025-07-01 12:19:11 - Using 'application/json', given [*/*] and supported [application/json, application/*+json]
2025-07-01 12:19:11 - Using 'application/json', given [*/*] and supported [application/json, application/*+json]
2025-07-01 12:19:11 - Writing [{data=com.banking.dto.TransactionResponse@67be7e4c, success=true, message=交易创建成功}]
2025-07-01 12:19:11 - Writing [{data=com.banking.dto.TransactionResponse@78d04d6f, success=true, message=交易创建成功}]
2025-07-01 12:19:11 - Writing [{data=com.banking.dto.TransactionResponse@4cfb07aa, success=true, message=交易创建成功}]
2025-07-01 12:19:11 - Using 'application/json', given [*/*] and supported [application/json, application/*+json]
2025-07-01 12:19:11 - Using 'application/json', given [*/*] and supported [application/json, application/*+json]
2025-07-01 12:19:11 - Mapped to com.banking.controller.TransactionController#createTransaction(TransactionRequest)
2025-07-01 12:19:11 - Writing [{data=com.banking.dto.TransactionResponse@3ab9dddc, success=true, message=交易创建成功}]
2025-07-01 12:19:11 - Writing [{data=com.banking.dto.TransactionResponse@24ec201, success=true, message=交易创建成功}]
2025-07-01 12:19:11 - Mapped to com.banking.controller.TransactionController#createTransaction(TransactionRequest)
2025-07-01 12:19:11 - Read "application/json;charset=UTF-8" to [com.banking.dto.TransactionRequest@29ff79ef]
2025-07-01 12:19:11 - Read "application/json;charset=UTF-8" to [com.banking.dto.TransactionRequest@4da8ba30]
2025-07-01 12:19:11 - Read "application/json;charset=UTF-8" to [com.banking.dto.TransactionRequest@5472329f]
2025-07-01 12:19:11 - Read "application/json;charset=UTF-8" to [com.banking.dto.TransactionRequest@49179646]
2025-07-01 12:19:11 - Using 'application/json', given [*/*] and supported [application/json, application/*+json]
2025-07-01 12:19:11 - Writing [{data=com.banking.dto.TransactionResponse@63227fe, success=true, message=交易创建成功}]
2025-07-01 12:19:11 - Using 'application/json', given [*/*] and supported [application/json, application/*+json]
2025-07-01 12:19:11 - Writing [{data=com.banking.dto.TransactionResponse@453da550, success=true, message=交易创建成功}]
2025-07-01 12:19:11 - Mapped to com.banking.controller.TransactionController#createTransaction(TransactionRequest)
2025-07-01 12:19:11 - Mapped to com.banking.controller.TransactionController#createTransaction(TransactionRequest)
2025-07-01 12:19:11 - Mapped to com.banking.controller.TransactionController#createTransaction(TransactionRequest)
2025-07-01 12:19:11 - Mapped to com.banking.controller.TransactionController#createTransaction(TransactionRequest)
2025-07-01 12:19:11 - Mapped to com.banking.controller.TransactionController#createTransaction(TransactionRequest)
2025-07-01 12:19:11 - Mapped to com.banking.controller.TransactionController#createTransaction(TransactionRequest)
2025-07-01 12:19:11 - Using 'application/json', given [*/*] and supported [application/json, application/*+json]
2025-07-01 12:19:11 - Using 'application/json', given [*/*] and supported [application/json, application/*+json]
2025-07-01 12:19:11 - Writing [{data=com.banking.dto.TransactionResponse@7e25c38a, success=true, message=交易创建成功}]
2025-07-01 12:19:11 - Using 'application/json', given [*/*] and supported [application/json, application/*+json]
2025-07-01 12:19:11 - Writing [{data=com.banking.dto.TransactionResponse@6dd2fb46, success=true, message=交易创建成功}]
2025-07-01 12:19:11 - Writing [{data=com.banking.dto.TransactionResponse@2390071c, success=true, message=交易创建成功}]
2025-07-01 12:19:11 - Read "application/json;charset=UTF-8" to [com.banking.dto.TransactionRequest@5fa9fe27]
2025-07-01 12:19:11 - Read "application/json;charset=UTF-8" to [com.banking.dto.TransactionRequest@788d3934]
2025-07-01 12:19:11 - Read "application/json;charset=UTF-8" to [com.banking.dto.TransactionRequest@11e8f11]
2025-07-01 12:19:11 - Read "application/json;charset=UTF-8" to [com.banking.dto.TransactionRequest@132ee06d]
2025-07-01 12:19:11 - Read "application/json;charset=UTF-8" to [com.banking.dto.TransactionRequest@4d8a9ac9]
2025-07-01 12:19:11 - Read "application/json;charset=UTF-8" to [com.banking.dto.TransactionRequest@18099bfc]
2025-07-01 12:19:11 - Using 'application/json', given [*/*] and supported [application/json, application/*+json]
2025-07-01 12:19:11 - Using 'application/json', given [*/*] and supported [application/json, application/*+json]
2025-07-01 12:19:11 - Writing [{data=com.banking.dto.TransactionResponse@25cfb58a, success=true, message=交易创建成功}]
2025-07-01 12:19:11 - Writing [{data=com.banking.dto.TransactionResponse@36b5e35, success=true, message=交易创建成功}]
2025-07-01 12:19:11 - Using 'application/json', given [*/*] and supported [application/json, application/*+json]
2025-07-01 12:19:11 - Writing [{data=com.banking.dto.TransactionResponse@55660a4b, success=true, message=交易创建成功}]
2025-07-01 12:19:11 - Using 'application/json', given [*/*] and supported [application/json, application/*+json]
2025-07-01 12:19:11 - Mapped to com.banking.controller.TransactionController#createTransaction(TransactionRequest)
2025-07-01 12:19:11 - Mapped to com.banking.controller.TransactionController#createTransaction(TransactionRequest)
2025-07-01 12:19:11 - Writing [{data=com.banking.dto.TransactionResponse@60c5220a, success=true, message=交易创建成功}]
2025-07-01 12:19:11 - Mapped to com.banking.controller.TransactionController#createTransaction(TransactionRequest)
2025-07-01 12:19:11 - Mapped to com.banking.controller.TransactionController#createTransaction(TransactionRequest)
2025-07-01 12:19:11 - Using 'application/json', given [*/*] and supported [application/json, application/*+json]
2025-07-01 12:19:11 - Writing [{data=com.banking.dto.TransactionResponse@2e9b3b81, success=true, message=交易创建成功}]
2025-07-01 12:19:11 - Read "application/json;charset=UTF-8" to [com.banking.dto.TransactionRequest@632edcbc]
2025-07-01 12:19:11 - Read "application/json;charset=UTF-8" to [com.banking.dto.TransactionRequest@45228886]
2025-07-01 12:19:11 - Read "application/json;charset=UTF-8" to [com.banking.dto.TransactionRequest@36b10573]
2025-07-01 12:19:11 - Read "application/json;charset=UTF-8" to [com.banking.dto.TransactionRequest@63deb4a4]
2025-07-01 12:19:11 - Mapped to com.banking.controller.TransactionController#createTransaction(TransactionRequest)
2025-07-01 12:19:11 - Mapped to com.banking.controller.TransactionController#createTransaction(TransactionRequest)
2025-07-01 12:19:11 - Mapped to com.banking.controller.TransactionController#createTransaction(TransactionRequest)
2025-07-01 12:19:11 - Read "application/json;charset=UTF-8" to [com.banking.dto.TransactionRequest@5566475f]
2025-07-01 12:19:11 - Read "application/json;charset=UTF-8" to [com.banking.dto.TransactionRequest@9ab60fe]
2025-07-01 12:19:11 - Read "application/json;charset=UTF-8" to [com.banking.dto.TransactionRequest@e778c49]
2025-07-01 12:19:11 - Using 'application/json', given [*/*] and supported [application/json, application/*+json]
2025-07-01 12:19:11 - Using 'application/json', given [*/*] and supported [application/json, application/*+json]
2025-07-01 12:19:11 - Writing [{data=com.banking.dto.TransactionResponse@24c5785d, success=true, message=交易创建成功}]
2025-07-01 12:19:11 - Writing [{data=com.banking.dto.TransactionResponse@20fe032, success=true, message=交易创建成功}]
2025-07-01 12:19:11 - Using 'application/json', given [*/*] and supported [application/json, application/*+json]
2025-07-01 12:19:11 - Using 'application/json', given [*/*] and supported [application/json, application/*+json]
2025-07-01 12:19:11 - Writing [{data=com.banking.dto.TransactionResponse@21358c4c, success=true, message=交易创建成功}]
2025-07-01 12:19:11 - Writing [{data=com.banking.dto.TransactionResponse@634baad, success=true, message=交易创建成功}]
2025-07-01 12:19:11 - Using 'application/json', given [*/*] and supported [application/json, application/*+json]
2025-07-01 12:19:11 - Writing [{data=com.banking.dto.TransactionResponse@31f70583, success=true, message=交易创建成功}]
2025-07-01 12:19:11 - Using 'application/json', given [*/*] and supported [application/json, application/*+json]
2025-07-01 12:19:11 - Writing [{data=com.banking.dto.TransactionResponse@436b9c6, success=true, message=交易创建成功}]
2025-07-01 12:19:11 - Using 'application/json', given [*/*] and supported [application/json, application/*+json]
2025-07-01 12:19:11 - Writing [{data=com.banking.dto.TransactionResponse@42bd5f19, success=true, message=交易创建成功}]
2025-07-01 12:19:11 - Mapped to com.banking.controller.TransactionController#createTransaction(TransactionRequest)
2025-07-01 12:19:11 - Using 'application/json', given [*/*] and supported [application/json, application/*+json]
2025-07-01 12:19:11 - Writing [{data=com.banking.dto.TransactionResponse@4ff170da, success=true, message=交易创建成功}]
2025-07-01 12:19:11 - Using 'application/json', given [*/*] and supported [application/json, application/*+json]
2025-07-01 12:19:11 - Mapped to com.banking.controller.TransactionController#createTransaction(TransactionRequest)
2025-07-01 12:19:11 - Writing [{data=com.banking.dto.TransactionResponse@47bc05e9, success=true, message=交易创建成功}]
2025-07-01 12:19:11 - Mapped to com.banking.controller.TransactionController#createTransaction(TransactionRequest)
2025-07-01 12:19:11 - Mapped to com.banking.controller.TransactionController#createTransaction(TransactionRequest)
2025-07-01 12:19:11 - Mapped to com.banking.controller.TransactionController#createTransaction(TransactionRequest)
2025-07-01 12:19:11 - Read "application/json;charset=UTF-8" to [com.banking.dto.TransactionRequest@515bf172]
2025-07-01 12:19:11 - Read "application/json;charset=UTF-8" to [com.banking.dto.TransactionRequest@505b6592]
2025-07-01 12:19:11 - Read "application/json;charset=UTF-8" to [com.banking.dto.TransactionRequest@6067b126]
2025-07-01 12:19:11 - Read "application/json;charset=UTF-8" to [com.banking.dto.TransactionRequest@551fbffc]
2025-07-01 12:19:11 - Read "application/json;charset=UTF-8" to [com.banking.dto.TransactionRequest@2f3e0785]
2025-07-01 12:19:11 - Mapped to com.banking.controller.TransactionController#createTransaction(TransactionRequest)
2025-07-01 12:19:11 - Mapped to com.banking.controller.TransactionController#createTransaction(TransactionRequest)
2025-07-01 12:19:11 - Read "application/json;charset=UTF-8" to [com.banking.dto.TransactionRequest@bd5748c]
2025-07-01 12:19:11 - Read "application/json;charset=UTF-8" to [com.banking.dto.TransactionRequest@7b8cd26c]
2025-07-01 12:19:11 - Using 'application/json', given [*/*] and supported [application/json, application/*+json]
2025-07-01 12:19:11 - Writing [{data=com.banking.dto.TransactionResponse@291a2fd4, success=true, message=交易创建成功}]
2025-07-01 12:19:11 - Using 'application/json', given [*/*] and supported [application/json, application/*+json]
2025-07-01 12:19:11 - Using 'application/json', given [*/*] and supported [application/json, application/*+json]
2025-07-01 12:19:11 - Mapped to com.banking.controller.TransactionController#createTransaction(TransactionRequest)
2025-07-01 12:19:11 - Mapped to com.banking.controller.TransactionController#createTransaction(TransactionRequest)
2025-07-01 12:19:11 - Writing [{data=com.banking.dto.TransactionResponse@37a00edd, success=true, message=交易创建成功}]
2025-07-01 12:19:11 - Writing [{data=com.banking.dto.TransactionResponse@69ff1896, success=true, message=交易创建成功}]
2025-07-01 12:19:11 - Mapped to com.banking.controller.TransactionController#createTransaction(TransactionRequest)
2025-07-01 12:19:11 - Mapped to com.banking.controller.TransactionController#createTransaction(TransactionRequest)
2025-07-01 12:19:11 - Using 'application/json', given [*/*] and supported [application/json, application/*+json]
2025-07-01 12:19:11 - Mapped to com.banking.controller.TransactionController#createTransaction(TransactionRequest)
2025-07-01 12:19:11 - Using 'application/json', given [*/*] and supported [application/json, application/*+json]
2025-07-01 12:19:11 - Mapped to com.banking.controller.TransactionController#createTransaction(TransactionRequest)
2025-07-01 12:19:11 - Mapped to com.banking.controller.TransactionController#createTransaction(TransactionRequest)
2025-07-01 12:19:11 - Writing [{data=com.banking.dto.TransactionResponse@3994ea20, success=true, message=交易创建成功}]
2025-07-01 12:19:11 - Using 'application/json', given [*/*] and supported [application/json, application/*+json]
2025-07-01 12:19:11 - Using 'application/json', given [*/*] and supported [application/json, application/*+json]
2025-07-01 12:19:11 - Read "application/json;charset=UTF-8" to [com.banking.dto.TransactionRequest@6ff9ceb6]
2025-07-01 12:19:11 - Writing [{data=com.banking.dto.TransactionResponse@4d1a96fb, success=true, message=交易创建成功}]
2025-07-01 12:19:11 - Writing [{data=com.banking.dto.TransactionResponse@7275b128, success=true, message=交易创建成功}]
2025-07-01 12:19:11 - Writing [{data=com.banking.dto.TransactionResponse@3569b795, success=true, message=交易创建成功}]
2025-07-01 12:19:11 - Read "application/json;charset=UTF-8" to [com.banking.dto.TransactionRequest@3d3d8874]
2025-07-01 12:19:11 - Read "application/json;charset=UTF-8" to [com.banking.dto.TransactionRequest@dbee96e]
2025-07-01 12:19:11 - Read "application/json;charset=UTF-8" to [com.banking.dto.TransactionRequest@4c619f07]
2025-07-01 12:19:11 - Read "application/json;charset=UTF-8" to [com.banking.dto.TransactionRequest@2e30ccb8]
2025-07-01 12:19:11 - Read "application/json;charset=UTF-8" to [com.banking.dto.TransactionRequest@2bad6d57]
2025-07-01 12:19:11 - Read "application/json;charset=UTF-8" to [com.banking.dto.TransactionRequest@6188726]
2025-07-01 12:19:11 - Using 'application/json', given [*/*] and supported [application/json, application/*+json]
2025-07-01 12:19:11 - Writing [{data=com.banking.dto.TransactionResponse@2e0c8fc1, success=true, message=交易创建成功}]
2025-07-01 12:19:11 - Using 'application/json', given [*/*] and supported [application/json, application/*+json]
2025-07-01 12:19:11 - Writing [{data=com.banking.dto.TransactionResponse@60a9a74c, success=true, message=交易创建成功}]
2025-07-01 12:19:11 - Mapped to com.banking.controller.TransactionController#createTransaction(TransactionRequest)
2025-07-01 12:19:11 - Mapped to com.banking.controller.TransactionController#createTransaction(TransactionRequest)
2025-07-01 12:19:11 - Using 'application/json', given [*/*] and supported [application/json, application/*+json]
2025-07-01 12:19:11 - Writing [{data=com.banking.dto.TransactionResponse@4d756c51, success=true, message=交易创建成功}]
2025-07-01 12:19:11 - Read "application/json;charset=UTF-8" to [com.banking.dto.TransactionRequest@35b662bd]
2025-07-01 12:19:11 - Read "application/json;charset=UTF-8" to [com.banking.dto.TransactionRequest@56c90f15]
2025-07-01 12:19:11 - Using 'application/json', given [*/*] and supported [application/json, application/*+json]
2025-07-01 12:19:11 - Mapped to com.banking.controller.TransactionController#createTransaction(TransactionRequest)
2025-07-01 12:19:11 - Using 'application/json', given [*/*] and supported [application/json, application/*+json]
2025-07-01 12:19:11 - Using 'application/json', given [*/*] and supported [application/json, application/*+json]
2025-07-01 12:19:11 - Mapped to com.banking.controller.TransactionController#createTransaction(TransactionRequest)
2025-07-01 12:19:11 - Mapped to com.banking.controller.TransactionController#createTransaction(TransactionRequest)
2025-07-01 12:19:11 - Mapped to com.banking.controller.TransactionController#createTransaction(TransactionRequest)
2025-07-01 12:19:11 - Mapped to com.banking.controller.TransactionController#createTransaction(TransactionRequest)
2025-07-01 12:19:11 - Using 'application/json', given [*/*] and supported [application/json, application/*+json]
2025-07-01 12:19:11 - Writing [{data=com.banking.dto.TransactionResponse@65847558, success=true, message=交易创建成功}]
2025-07-01 12:19:11 - Using 'application/json', given [*/*] and supported [application/json, application/*+json]
2025-07-01 12:19:11 - Writing [{data=com.banking.dto.TransactionResponse@2e7060b9, success=true, message=交易创建成功}]
2025-07-01 12:19:11 - Writing [{data=com.banking.dto.TransactionResponse@76f907ad, success=true, message=交易创建成功}]
2025-07-01 12:19:11 - Writing [{data=com.banking.dto.TransactionResponse@66852139, success=true, message=交易创建成功}]
2025-07-01 12:19:11 - Using 'application/json', given [*/*] and supported [application/json, application/*+json]
2025-07-01 12:19:11 - Mapped to com.banking.controller.TransactionController#createTransaction(TransactionRequest)
2025-07-01 12:19:11 - Writing [{data=com.banking.dto.TransactionResponse@4920b5c, success=true, message=交易创建成功}]
2025-07-01 12:19:11 - Read "application/json;charset=UTF-8" to [com.banking.dto.TransactionRequest@6b6093db]
2025-07-01 12:19:11 - Writing [{data=com.banking.dto.TransactionResponse@20b327a, success=true, message=交易创建成功}]
2025-07-01 12:19:11 - Mapped to com.banking.controller.TransactionController#createTransaction(TransactionRequest)
2025-07-01 12:19:11 - Read "application/json;charset=UTF-8" to [com.banking.dto.TransactionRequest@5621ad70]
2025-07-01 12:19:11 - Using 'application/json', given [*/*] and supported [application/json, application/*+json]
2025-07-01 12:19:11 - Read "application/json;charset=UTF-8" to [com.banking.dto.TransactionRequest@3c4b6633]
2025-07-01 12:19:11 - Writing [{data=com.banking.dto.TransactionResponse@10e9505f, success=true, message=交易创建成功}]
2025-07-01 12:19:11 - Read "application/json;charset=UTF-8" to [com.banking.dto.TransactionRequest@49dddfea]
2025-07-01 12:19:11 - Mapped to com.banking.controller.TransactionController#createTransaction(TransactionRequest)
2025-07-01 12:19:11 - Read "application/json;charset=UTF-8" to [com.banking.dto.TransactionRequest@77362188]
2025-07-01 12:19:11 - Read "application/json;charset=UTF-8" to [com.banking.dto.TransactionRequest@317b008a]
2025-07-01 12:19:11 - Read "application/json;charset=UTF-8" to [com.banking.dto.TransactionRequest@26f156f9]
2025-07-01 12:19:11 - Read "application/json;charset=UTF-8" to [com.banking.dto.TransactionRequest@4bf36a00]
2025-07-01 12:19:11 - Using 'application/json', given [*/*] and supported [application/json, application/*+json]
2025-07-01 12:19:11 - Using 'application/json', given [*/*] and supported [application/json, application/*+json]
2025-07-01 12:19:11 - Using 'application/json', given [*/*] and supported [application/json, application/*+json]
2025-07-01 12:19:11 - Writing [{data=com.banking.dto.TransactionResponse@97b6592, success=true, message=交易创建成功}]
2025-07-01 12:19:11 - Writing [{data=com.banking.dto.TransactionResponse@115236c, success=true, message=交易创建成功}]
2025-07-01 12:19:11 - Writing [{data=com.banking.dto.TransactionResponse@715058e, success=true, message=交易创建成功}]
2025-07-01 12:19:11 - Mapped to com.banking.controller.TransactionController#createTransaction(TransactionRequest)
2025-07-01 12:19:11 - Using 'application/json', given [*/*] and supported [application/json, application/*+json]
2025-07-01 12:19:11 - Writing [{data=com.banking.dto.TransactionResponse@26e48b44, success=true, message=交易创建成功}]
2025-07-01 12:19:11 - Mapped to com.banking.controller.TransactionController#createTransaction(TransactionRequest)
2025-07-01 12:19:11 - Mapped to com.banking.controller.TransactionController#createTransaction(TransactionRequest)
2025-07-01 12:19:11 - Mapped to com.banking.controller.TransactionController#createTransaction(TransactionRequest)
2025-07-01 12:19:11 - Mapped to com.banking.controller.TransactionController#createTransaction(TransactionRequest)
2025-07-01 12:19:11 - Mapped to com.banking.controller.TransactionController#createTransaction(TransactionRequest)
2025-07-01 12:19:11 - Mapped to com.banking.controller.TransactionController#createTransaction(TransactionRequest)
2025-07-01 12:19:11 - Using 'application/json', given [*/*] and supported [application/json, application/*+json]
2025-07-01 12:19:11 - Using 'application/json', given [*/*] and supported [application/json, application/*+json]
2025-07-01 12:19:11 - Using 'application/json', given [*/*] and supported [application/json, application/*+json]
2025-07-01 12:19:11 - Using 'application/json', given [*/*] and supported [application/json, application/*+json]
2025-07-01 12:19:11 - Read "application/json;charset=UTF-8" to [com.banking.dto.TransactionRequest@4d2281c0]
2025-07-01 12:19:11 - Writing [{data=com.banking.dto.TransactionResponse@b603d42, success=true, message=交易创建成功}]
2025-07-01 12:19:11 - Read "application/json;charset=UTF-8" to [com.banking.dto.TransactionRequest@285092c4]
2025-07-01 12:19:11 - Read "application/json;charset=UTF-8" to [com.banking.dto.TransactionRequest@6c4280f1]
2025-07-01 12:19:11 - Writing [{data=com.banking.dto.TransactionResponse@49c5e7e7, success=true, message=交易创建成功}]
2025-07-01 12:19:11 - Read "application/json;charset=UTF-8" to [com.banking.dto.TransactionRequest@487977fc]
2025-07-01 12:19:11 - Using 'application/json', given [*/*] and supported [application/json, application/*+json]
2025-07-01 12:19:11 - Writing [{data=com.banking.dto.TransactionResponse@2a832e69, success=true, message=交易创建成功}]
2025-07-01 12:19:11 - Writing [{data=com.banking.dto.TransactionResponse@62adac1b, success=true, message=交易创建成功}]
2025-07-01 12:19:11 - Using 'application/json', given [*/*] and supported [application/json, application/*+json]
2025-07-01 12:19:11 - Writing [{data=com.banking.dto.TransactionResponse@1750c43f, success=true, message=交易创建成功}]
2025-07-01 12:19:11 - Read "application/json;charset=UTF-8" to [com.banking.dto.TransactionRequest@2d48e9f0]
2025-07-01 12:19:11 - Read "application/json;charset=UTF-8" to [com.banking.dto.TransactionRequest@5847e55]
2025-07-01 12:19:11 - Writing [{data=com.banking.dto.TransactionResponse@b4d8b96, success=true, message=交易创建成功}]
2025-07-01 12:19:11 - Read "application/json;charset=UTF-8" to [com.banking.dto.TransactionRequest@71194ad6]
2025-07-01 12:19:11 - Mapped to com.banking.controller.TransactionController#createTransaction(TransactionRequest)
2025-07-01 12:19:11 - Mapped to com.banking.controller.TransactionController#createTransaction(TransactionRequest)
2025-07-01 12:19:11 - Mapped to com.banking.controller.TransactionController#createTransaction(TransactionRequest)
2025-07-01 12:19:11 - Read "application/json;charset=UTF-8" to [com.banking.dto.TransactionRequest@b5fb773]
2025-07-01 12:19:11 - Read "application/json;charset=UTF-8" to [com.banking.dto.TransactionRequest@1d07a583]
2025-07-01 12:19:11 - Read "application/json;charset=UTF-8" to [com.banking.dto.TransactionRequest@61c222d3]
2025-07-01 12:19:11 - Using 'application/json', given [*/*] and supported [application/json, application/*+json]
2025-07-01 12:19:11 - Using 'application/json', given [*/*] and supported [application/json, application/*+json]
2025-07-01 12:19:11 - Using 'application/json', given [*/*] and supported [application/json, application/*+json]
2025-07-01 12:19:11 - Writing [{data=com.banking.dto.TransactionResponse@4897f29a, success=true, message=交易创建成功}]
2025-07-01 12:19:11 - Writing [{data=com.banking.dto.TransactionResponse@34b19b66, success=true, message=交易创建成功}]
2025-07-01 12:19:11 - Using 'application/json', given [*/*] and supported [application/json, application/*+json]
2025-07-01 12:19:11 - Writing [{data=com.banking.dto.TransactionResponse@29f07960, success=true, message=交易创建成功}]
2025-07-01 12:19:11 - Writing [{data=com.banking.dto.TransactionResponse@25d450f7, success=true, message=交易创建成功}]
2025-07-01 12:19:11 - Mapped to com.banking.controller.TransactionController#createTransaction(TransactionRequest)
2025-07-01 12:19:11 - Mapped to com.banking.controller.TransactionController#createTransaction(TransactionRequest)
2025-07-01 12:19:11 - Mapped to com.banking.controller.TransactionController#createTransaction(TransactionRequest)
2025-07-01 12:19:11 - Mapped to com.banking.controller.TransactionController#createTransaction(TransactionRequest)
2025-07-01 12:19:11 - Using 'application/json', given [*/*] and supported [application/json, application/*+json]
2025-07-01 12:19:11 - Mapped to com.banking.controller.TransactionController#createTransaction(TransactionRequest)
2025-07-01 12:19:11 - Mapped to com.banking.controller.TransactionController#createTransaction(TransactionRequest)
2025-07-01 12:19:11 - Mapped to com.banking.controller.TransactionController#createTransaction(TransactionRequest)
2025-07-01 12:19:11 - Using 'application/json', given [*/*] and supported [application/json, application/*+json]
2025-07-01 12:19:11 - Read "application/json;charset=UTF-8" to [com.banking.dto.TransactionRequest@44e049fe]
2025-07-01 12:19:11 - Read "application/json;charset=UTF-8" to [com.banking.dto.TransactionRequest@523b5d0e]
2025-07-01 12:19:11 - Read "application/json;charset=UTF-8" to [com.banking.dto.TransactionRequest@7bf71fc2]
2025-07-01 12:19:11 - Using 'application/json', given [*/*] and supported [application/json, application/*+json]
2025-07-01 12:19:11 - Using 'application/json', given [*/*] and supported [application/json, application/*+json]
2025-07-01 12:19:11 - Writing [{data=com.banking.dto.TransactionResponse@3cf67c38, success=true, message=交易创建成功}]
2025-07-01 12:19:11 - Writing [{data=com.banking.dto.TransactionResponse@64c25b9f, success=true, message=交易创建成功}]
2025-07-01 12:19:11 - Read "application/json;charset=UTF-8" to [com.banking.dto.TransactionRequest@352f25e5]
2025-07-01 12:19:11 - Writing [{data=com.banking.dto.TransactionResponse@a5bbdaa, success=true, message=交易创建成功}]
2025-07-01 12:19:11 - Using 'application/json', given [*/*] and supported [application/json, application/*+json]
2025-07-01 12:19:11 - Using 'application/json', given [*/*] and supported [application/json, application/*+json]
2025-07-01 12:19:11 - Read "application/json;charset=UTF-8" to [com.banking.dto.TransactionRequest@10b81a82]
2025-07-01 12:19:11 - Writing [{data=com.banking.dto.TransactionResponse@37d032bd, success=true, message=交易创建成功}]
2025-07-01 12:19:11 - Writing [{data=com.banking.dto.TransactionResponse@105567a3, success=true, message=交易创建成功}]
2025-07-01 12:19:11 - Read "application/json;charset=UTF-8" to [com.banking.dto.TransactionRequest@4b36c105]
2025-07-01 12:19:11 - Read "application/json;charset=UTF-8" to [com.banking.dto.TransactionRequest@2bdff4e7]
2025-07-01 12:19:11 - Writing [{data=com.banking.dto.TransactionResponse@756c0fd5, success=true, message=交易创建成功}]
2025-07-01 12:19:11 - Mapped to com.banking.controller.TransactionController#createTransaction(TransactionRequest)
2025-07-01 12:19:11 - Mapped to com.banking.controller.TransactionController#createTransaction(TransactionRequest)
2025-07-01 12:19:11 - Mapped to com.banking.controller.TransactionController#createTransaction(TransactionRequest)
2025-07-01 12:19:11 - Mapped to com.banking.controller.TransactionController#createTransaction(TransactionRequest)
2025-07-01 12:19:11 - Read "application/json;charset=UTF-8" to [com.banking.dto.TransactionRequest@68b4d96e]
2025-07-01 12:19:11 - Read "application/json;charset=UTF-8" to [com.banking.dto.TransactionRequest@322b6722]
2025-07-01 12:19:11 - Using 'application/json', given [*/*] and supported [application/json, application/*+json]
2025-07-01 12:19:11 - Read "application/json;charset=UTF-8" to [com.banking.dto.TransactionRequest@44d13dd4]
2025-07-01 12:19:11 - Read "application/json;charset=UTF-8" to [com.banking.dto.TransactionRequest@54aaf8d7]
2025-07-01 12:19:11 - Using 'application/json', given [*/*] and supported [application/json, application/*+json]
2025-07-01 12:19:11 - Using 'application/json', given [*/*] and supported [application/json, application/*+json]
2025-07-01 12:19:11 - Using 'application/json', given [*/*] and supported [application/json, application/*+json]
2025-07-01 12:19:11 - Writing [{data=com.banking.dto.TransactionResponse@c1068de, success=true, message=交易创建成功}]
2025-07-01 12:19:11 - Writing [{data=com.banking.dto.TransactionResponse@24a80172, success=true, message=交易创建成功}]
2025-07-01 12:19:11 - Writing [{data=com.banking.dto.TransactionResponse@31560190, success=true, message=交易创建成功}]
2025-07-01 12:19:11 - Writing [{data=com.banking.dto.TransactionResponse@56181272, success=true, message=交易创建成功}]
2025-07-01 12:19:11 - Mapped to com.banking.controller.TransactionController#createTransaction(TransactionRequest)
2025-07-01 12:19:11 - Mapped to com.banking.controller.TransactionController#createTransaction(TransactionRequest)
2025-07-01 12:19:11 - Mapped to com.banking.controller.TransactionController#createTransaction(TransactionRequest)
2025-07-01 12:19:11 - Using 'application/json', given [*/*] and supported [application/json, application/*+json]
2025-07-01 12:19:11 - Mapped to com.banking.controller.TransactionController#createTransaction(TransactionRequest)
2025-07-01 12:19:11 - Mapped to com.banking.controller.TransactionController#createTransaction(TransactionRequest)
2025-07-01 12:19:11 - Writing [{data=com.banking.dto.TransactionResponse@67beacf2, success=true, message=交易创建成功}]
2025-07-01 12:19:11 - Mapped to com.banking.controller.TransactionController#createTransaction(TransactionRequest)
2025-07-01 12:19:11 - Using 'application/json', given [*/*] and supported [application/json, application/*+json]
2025-07-01 12:19:11 - Using 'application/json', given [*/*] and supported [application/json, application/*+json]
2025-07-01 12:19:11 - Using 'application/json', given [*/*] and supported [application/json, application/*+json]
2025-07-01 12:19:11 - Writing [{data=com.banking.dto.TransactionResponse@7b08021, success=true, message=交易创建成功}]
2025-07-01 12:19:11 - Using 'application/json', given [*/*] and supported [application/json, application/*+json]
2025-07-01 12:19:11 - Read "application/json;charset=UTF-8" to [com.banking.dto.TransactionRequest@590ca26]
2025-07-01 12:19:11 - Writing [{data=com.banking.dto.TransactionResponse@17deefaf, success=true, message=交易创建成功}]
2025-07-01 12:19:11 - Using 'application/json', given [*/*] and supported [application/json, application/*+json]
2025-07-01 12:19:11 - Writing [{data=com.banking.dto.TransactionResponse@794fe2b3, success=true, message=交易创建成功}]
2025-07-01 12:19:11 - Read "application/json;charset=UTF-8" to [com.banking.dto.TransactionRequest@7883b4f6]
2025-07-01 12:19:11 - Writing [{data=com.banking.dto.TransactionResponse@359fcc2d, success=true, message=交易创建成功}]
2025-07-01 12:19:11 - Read "application/json;charset=UTF-8" to [com.banking.dto.TransactionRequest@b5141a5]
2025-07-01 12:19:11 - Writing [{data=com.banking.dto.TransactionResponse@79e11a52, success=true, message=交易创建成功}]
2025-07-01 12:19:11 - Read "application/json;charset=UTF-8" to [com.banking.dto.TransactionRequest@7a4f9fe6]
2025-07-01 12:19:11 - Read "application/json;charset=UTF-8" to [com.banking.dto.TransactionRequest@d4e4f17]
2025-07-01 12:19:11 - Read "application/json;charset=UTF-8" to [com.banking.dto.TransactionRequest@3e25d2a6]
2025-07-01 12:19:11 - Mapped to com.banking.controller.TransactionController#createTransaction(TransactionRequest)
2025-07-01 12:19:11 - Mapped to com.banking.controller.TransactionController#createTransaction(TransactionRequest)
2025-07-01 12:19:11 - Mapped to com.banking.controller.TransactionController#createTransaction(TransactionRequest)
2025-07-01 12:19:11 - Mapped to com.banking.controller.TransactionController#createTransaction(TransactionRequest)
2025-07-01 12:19:11 - Read "application/json;charset=UTF-8" to [com.banking.dto.TransactionRequest@7e2622bf]
2025-07-01 12:19:11 - Read "application/json;charset=UTF-8" to [com.banking.dto.TransactionRequest@c28d20c]
2025-07-01 12:19:11 - Read "application/json;charset=UTF-8" to [com.banking.dto.TransactionRequest@749c079a]
2025-07-01 12:19:11 - Read "application/json;charset=UTF-8" to [com.banking.dto.TransactionRequest@389004d4]
2025-07-01 12:19:11 - Mapped to com.banking.controller.TransactionController#createTransaction(TransactionRequest)
2025-07-01 12:19:11 - Mapped to com.banking.controller.TransactionController#createTransaction(TransactionRequest)
2025-07-01 12:19:11 - Mapped to com.banking.controller.TransactionController#createTransaction(TransactionRequest)
2025-07-01 12:19:11 - Mapped to com.banking.controller.TransactionController#createTransaction(TransactionRequest)
2025-07-01 12:19:11 - Mapped to com.banking.controller.TransactionController#createTransaction(TransactionRequest)
2025-07-01 12:19:11 - Using 'application/json', given [*/*] and supported [application/json, application/*+json]
2025-07-01 12:19:11 - Using 'application/json', given [*/*] and supported [application/json, application/*+json]
2025-07-01 12:19:11 - Mapped to com.banking.controller.TransactionController#createTransaction(TransactionRequest)
2025-07-01 12:19:11 - Using 'application/json', given [*/*] and supported [application/json, application/*+json]
2025-07-01 12:19:11 - Using 'application/json', given [*/*] and supported [application/json, application/*+json]
2025-07-01 12:19:11 - Writing [{data=com.banking.dto.TransactionResponse@7080ae13, success=true, message=交易创建成功}]
2025-07-01 12:19:11 - Writing [{data=com.banking.dto.TransactionResponse@37ba515e, success=true, message=交易创建成功}]
2025-07-01 12:19:11 - Writing [{data=com.banking.dto.TransactionResponse@af0cd8c, success=true, message=交易创建成功}]
2025-07-01 12:19:11 - Writing [{data=com.banking.dto.TransactionResponse@681dd8a0, success=true, message=交易创建成功}]
2025-07-01 12:19:11 - Read "application/json;charset=UTF-8" to [com.banking.dto.TransactionRequest@4f3cdf00]
2025-07-01 12:19:11 - Read "application/json;charset=UTF-8" to [com.banking.dto.TransactionRequest@465b2843]
2025-07-01 12:19:11 - Read "application/json;charset=UTF-8" to [com.banking.dto.TransactionRequest@2afee717]
2025-07-01 12:19:11 - Read "application/json;charset=UTF-8" to [com.banking.dto.TransactionRequest@74397919]
2025-07-01 12:19:11 - Read "application/json;charset=UTF-8" to [com.banking.dto.TransactionRequest@60d5760]
2025-07-01 12:19:11 - Using 'application/json', given [*/*] and supported [application/json, application/*+json]
2025-07-01 12:19:11 - Using 'application/json', given [*/*] and supported [application/json, application/*+json]
2025-07-01 12:19:11 - Writing [{data=com.banking.dto.TransactionResponse@29ecb643, success=true, message=交易创建成功}]
2025-07-01 12:19:11 - Writing [{data=com.banking.dto.TransactionResponse@6cb8ee47, success=true, message=交易创建成功}]
2025-07-01 12:19:11 - Using 'application/json', given [*/*] and supported [application/json, application/*+json]
2025-07-01 12:19:11 - Using 'application/json', given [*/*] and supported [application/json, application/*+json]
2025-07-01 12:19:11 - Writing [{data=com.banking.dto.TransactionResponse@70e8ca0f, success=true, message=交易创建成功}]
2025-07-01 12:19:11 - Read "application/json;charset=UTF-8" to [com.banking.dto.TransactionRequest@985d236]
2025-07-01 12:19:11 - Writing [{data=com.banking.dto.TransactionResponse@5c4308de, success=true, message=交易创建成功}]
2025-07-01 12:19:11 - Using 'application/json', given [*/*] and supported [application/json, application/*+json]
2025-07-01 12:19:11 - Using 'application/json', given [*/*] and supported [application/json, application/*+json]
2025-07-01 12:19:11 - Writing [{data=com.banking.dto.TransactionResponse@4c3cb113, success=true, message=交易创建成功}]
2025-07-01 12:19:11 - Writing [{data=com.banking.dto.TransactionResponse@7a65a997, success=true, message=交易创建成功}]
2025-07-01 12:19:11 - Mapped to com.banking.controller.TransactionController#createTransaction(TransactionRequest)
2025-07-01 12:19:11 - Mapped to com.banking.controller.TransactionController#createTransaction(TransactionRequest)
2025-07-01 12:19:11 - Mapped to com.banking.controller.TransactionController#createTransaction(TransactionRequest)
2025-07-01 12:19:11 - Mapped to com.banking.controller.TransactionController#createTransaction(TransactionRequest)
2025-07-01 12:19:11 - Mapped to com.banking.controller.TransactionController#createTransaction(TransactionRequest)
2025-07-01 12:19:11 - Mapped to com.banking.controller.TransactionController#createTransaction(TransactionRequest)
2025-07-01 12:19:11 - Mapped to com.banking.controller.TransactionController#createTransaction(TransactionRequest)
2025-07-01 12:19:11 - Mapped to com.banking.controller.TransactionController#createTransaction(TransactionRequest)
2025-07-01 12:19:11 - Read "application/json;charset=UTF-8" to [com.banking.dto.TransactionRequest@bd034a8]
2025-07-01 12:19:11 - Read "application/json;charset=UTF-8" to [com.banking.dto.TransactionRequest@57200eb9]
2025-07-01 12:19:11 - Mapped to com.banking.controller.TransactionController#createTransaction(TransactionRequest)
2025-07-01 12:19:11 - Mapped to com.banking.controller.TransactionController#createTransaction(TransactionRequest)
2025-07-01 12:19:11 - Using 'application/json', given [*/*] and supported [application/json, application/*+json]
2025-07-01 12:19:11 - Using 'application/json', given [*/*] and supported [application/json, application/*+json]
2025-07-01 12:19:11 - Writing [{data=com.banking.dto.TransactionResponse@7496b001, success=true, message=交易创建成功}]
2025-07-01 12:19:11 - Writing [{data=com.banking.dto.TransactionResponse@72f2763f, success=true, message=交易创建成功}]
2025-07-01 12:19:11 - Read "application/json;charset=UTF-8" to [com.banking.dto.TransactionRequest@66468864]
2025-07-01 12:19:11 - Read "application/json;charset=UTF-8" to [com.banking.dto.TransactionRequest@42492ed2]
2025-07-01 12:19:11 - Read "application/json;charset=UTF-8" to [com.banking.dto.TransactionRequest@49b6af2d]
2025-07-01 12:19:11 - Using 'application/json', given [*/*] and supported [application/json, application/*+json]
2025-07-01 12:19:11 - Read "application/json;charset=UTF-8" to [com.banking.dto.TransactionRequest@1fa63958]
2025-07-01 12:19:11 - Writing [{data=com.banking.dto.TransactionResponse@7ba63c0f, success=true, message=交易创建成功}]
2025-07-01 12:19:11 - Using 'application/json', given [*/*] and supported [application/json, application/*+json]
2025-07-01 12:19:11 - Using 'application/json', given [*/*] and supported [application/json, application/*+json]
2025-07-01 12:19:11 - Using 'application/json', given [*/*] and supported [application/json, application/*+json]
2025-07-01 12:19:11 - Read "application/json;charset=UTF-8" to [com.banking.dto.TransactionRequest@7c6c7ab2]
2025-07-01 12:19:11 - Writing [{data=com.banking.dto.TransactionResponse@67a29ba1, success=true, message=交易创建成功}]
2025-07-01 12:19:11 - Read "application/json;charset=UTF-8" to [com.banking.dto.TransactionRequest@1078873f]
2025-07-01 12:19:11 - Read "application/json;charset=UTF-8" to [com.banking.dto.TransactionRequest@3b17cbc9]
2025-07-01 12:19:11 - Read "application/json;charset=UTF-8" to [com.banking.dto.TransactionRequest@1a008236]
2025-07-01 12:19:11 - Using 'application/json', given [*/*] and supported [application/json, application/*+json]
2025-07-01 12:19:11 - Using 'application/json', given [*/*] and supported [application/json, application/*+json]
2025-07-01 12:19:11 - Writing [{data=com.banking.dto.TransactionResponse@76b97074, success=true, message=交易创建成功}]
2025-07-01 12:19:11 - Writing [{data=com.banking.dto.TransactionResponse@21e22b19, success=true, message=交易创建成功}]
2025-07-01 12:19:11 - Using 'application/json', given [*/*] and supported [application/json, application/*+json]
2025-07-01 12:19:11 - Writing [{data=com.banking.dto.TransactionResponse@f847806, success=true, message=交易创建成功}]
2025-07-01 12:19:11 - Writing [{data=com.banking.dto.TransactionResponse@2dff14f7, success=true, message=交易创建成功}]
2025-07-01 12:19:11 - Writing [{data=com.banking.dto.TransactionResponse@1413596f, success=true, message=交易创建成功}]
2025-07-01 12:19:11 - Using 'application/json', given [*/*] and supported [application/json, application/*+json]
2025-07-01 12:19:11 - Writing [{data=com.banking.dto.TransactionResponse@12e83f0a, success=true, message=交易创建成功}]
2025-07-01 12:19:11 - Mapped to com.banking.controller.TransactionController#createTransaction(TransactionRequest)
2025-07-01 12:19:11 - Mapped to com.banking.controller.TransactionController#createTransaction(TransactionRequest)
2025-07-01 12:19:11 - Mapped to com.banking.controller.TransactionController#createTransaction(TransactionRequest)
2025-07-01 12:19:11 - Mapped to com.banking.controller.TransactionController#createTransaction(TransactionRequest)
2025-07-01 12:19:11 - Read "application/json;charset=UTF-8" to [com.banking.dto.TransactionRequest@47275e1e]
2025-07-01 12:19:11 - Read "application/json;charset=UTF-8" to [com.banking.dto.TransactionRequest@7de243be]
2025-07-01 12:19:11 - Using 'application/json', given [*/*] and supported [application/json, application/*+json]
2025-07-01 12:19:11 - Using 'application/json', given [*/*] and supported [application/json, application/*+json]
2025-07-01 12:19:11 - Read "application/json;charset=UTF-8" to [com.banking.dto.TransactionRequest@5b1b1f2d]
2025-07-01 12:19:11 - Read "application/json;charset=UTF-8" to [com.banking.dto.TransactionRequest@63f59072]
2025-07-01 12:19:11 - Writing [{data=com.banking.dto.TransactionResponse@625bdfa7, success=true, message=交易创建成功}]
2025-07-01 12:19:11 - Writing [{data=com.banking.dto.TransactionResponse@12a63b7c, success=true, message=交易创建成功}]
2025-07-01 12:19:11 - Using 'application/json', given [*/*] and supported [application/json, application/*+json]
2025-07-01 12:19:11 - Writing [{data=com.banking.dto.TransactionResponse@6d8474c7, success=true, message=交易创建成功}]
2025-07-01 12:19:11 - Using 'application/json', given [*/*] and supported [application/json, application/*+json]
2025-07-01 12:19:11 - Using 'application/json', given [*/*] and supported [application/json, application/*+json]
2025-07-01 12:19:11 - Mapped to com.banking.controller.TransactionController#createTransaction(TransactionRequest)
2025-07-01 12:19:11 - Writing [{data=com.banking.dto.TransactionResponse@36fdf9cb, success=true, message=交易创建成功}]
2025-07-01 12:19:11 - Using 'application/json', given [*/*] and supported [application/json, application/*+json]
2025-07-01 12:19:11 - Mapped to com.banking.controller.TransactionController#createTransaction(TransactionRequest)
2025-07-01 12:19:11 - Writing [{data=com.banking.dto.TransactionResponse@5e95cb60, success=true, message=交易创建成功}]
2025-07-01 12:19:11 - Mapped to com.banking.controller.TransactionController#createTransaction(TransactionRequest)
2025-07-01 12:19:11 - Mapped to com.banking.controller.TransactionController#createTransaction(TransactionRequest)
2025-07-01 12:19:11 - Read "application/json;charset=UTF-8" to [com.banking.dto.TransactionRequest@437c6594]
2025-07-01 12:19:11 - Using 'application/json', given [*/*] and supported [application/json, application/*+json]
2025-07-01 12:19:11 - Writing [{data=com.banking.dto.TransactionResponse@5e46a0f7, success=true, message=交易创建成功}]
2025-07-01 12:19:11 - Read "application/json;charset=UTF-8" to [com.banking.dto.TransactionRequest@13d8dae4]
2025-07-01 12:19:11 - Read "application/json;charset=UTF-8" to [com.banking.dto.TransactionRequest@1e7a163b]
2025-07-01 12:19:11 - Using 'application/json', given [*/*] and supported [application/json, application/*+json]
2025-07-01 12:19:11 - Using 'application/json', given [*/*] and supported [application/json, application/*+json]
2025-07-01 12:19:11 - Writing [{data=com.banking.dto.TransactionResponse@20e24519, success=true, message=交易创建成功}]
2025-07-01 12:19:11 - Mapped to com.banking.controller.TransactionController#createTransaction(TransactionRequest)
2025-07-01 12:19:11 - Mapped to com.banking.controller.TransactionController#createTransaction(TransactionRequest)
2025-07-01 12:19:11 - Writing [{data=com.banking.dto.TransactionResponse@5a1f029b, success=true, message=交易创建成功}]
2025-07-01 12:19:11 - Read "application/json;charset=UTF-8" to [com.banking.dto.TransactionRequest@1de6fc09]
2025-07-01 12:19:11 - Writing [{data=com.banking.dto.TransactionResponse@11cdab17, success=true, message=交易创建成功}]
2025-07-01 12:19:11 - Read "application/json;charset=UTF-8" to [com.banking.dto.TransactionRequest@4b6b067f]
2025-07-01 12:19:11 - Mapped to com.banking.controller.TransactionController#createTransaction(TransactionRequest)
2025-07-01 12:19:11 - Read "application/json;charset=UTF-8" to [com.banking.dto.TransactionRequest@39592799]
2025-07-01 12:19:11 - Mapped to com.banking.controller.TransactionController#createTransaction(TransactionRequest)
2025-07-01 12:19:11 - Using 'application/json', given [*/*] and supported [application/json, application/*+json]
2025-07-01 12:19:11 - Mapped to com.banking.controller.TransactionController#createTransaction(TransactionRequest)
2025-07-01 12:19:11 - Writing [{data=com.banking.dto.TransactionResponse@6bf5ce3, success=true, message=交易创建成功}]
2025-07-01 12:19:11 - Mapped to com.banking.controller.TransactionController#createTransaction(TransactionRequest)
2025-07-01 12:19:11 - Mapped to com.banking.controller.TransactionController#createTransaction(TransactionRequest)
2025-07-01 12:19:11 - Read "application/json;charset=UTF-8" to [com.banking.dto.TransactionRequest@2d0a215b]
2025-07-01 12:19:11 - Read "application/json;charset=UTF-8" to [com.banking.dto.TransactionRequest@281d4a1c]
2025-07-01 12:19:11 - Read "application/json;charset=UTF-8" to [com.banking.dto.TransactionRequest@2caac5f]
2025-07-01 12:19:11 - Read "application/json;charset=UTF-8" to [com.banking.dto.TransactionRequest@4a5494fa]
2025-07-01 12:19:11 - Read "application/json;charset=UTF-8" to [com.banking.dto.TransactionRequest@67508264]
2025-07-01 12:19:11 - Mapped to com.banking.controller.TransactionController#createTransaction(TransactionRequest)
2025-07-01 12:19:11 - Mapped to com.banking.controller.TransactionController#createTransaction(TransactionRequest)
2025-07-01 12:19:11 - Using 'application/json', given [*/*] and supported [application/json, application/*+json]
2025-07-01 12:19:11 - Using 'application/json', given [*/*] and supported [application/json, application/*+json]
2025-07-01 12:19:11 - Writing [{data=com.banking.dto.TransactionResponse@3d47b403, success=true, message=交易创建成功}]
2025-07-01 12:19:11 - Writing [{data=com.banking.dto.TransactionResponse@21f36f9d, success=true, message=交易创建成功}]
2025-07-01 12:19:11 - Using 'application/json', given [*/*] and supported [application/json, application/*+json]
2025-07-01 12:19:11 - Mapped to com.banking.controller.TransactionController#createTransaction(TransactionRequest)
2025-07-01 12:19:11 - Writing [{data=com.banking.dto.TransactionResponse@4a50083d, success=true, message=交易创建成功}]
2025-07-01 12:19:11 - Mapped to com.banking.controller.TransactionController#createTransaction(TransactionRequest)
2025-07-01 12:19:11 - Using 'application/json', given [*/*] and supported [application/json, application/*+json]
2025-07-01 12:19:11 - Read "application/json;charset=UTF-8" to [com.banking.dto.TransactionRequest@447e0280]
2025-07-01 12:19:11 - Read "application/json;charset=UTF-8" to [com.banking.dto.TransactionRequest@18b020a0]
2025-07-01 12:19:11 - Writing [{data=com.banking.dto.TransactionResponse@11e84967, success=true, message=交易创建成功}]
2025-07-01 12:19:11 - Using 'application/json', given [*/*] and supported [application/json, application/*+json]
2025-07-01 12:19:11 - Using 'application/json', given [*/*] and supported [application/json, application/*+json]
2025-07-01 12:19:11 - Writing [{data=com.banking.dto.TransactionResponse@5cfdd92a, success=true, message=交易创建成功}]
2025-07-01 12:19:11 - Read "application/json;charset=UTF-8" to [com.banking.dto.TransactionRequest@395996e9]
2025-07-01 12:19:11 - Writing [{data=com.banking.dto.TransactionResponse@2bebc68e, success=true, message=交易创建成功}]
2025-07-01 12:19:11 - Mapped to com.banking.controller.TransactionController#createTransaction(TransactionRequest)
2025-07-01 12:19:11 - Read "application/json;charset=UTF-8" to [com.banking.dto.TransactionRequest@76d35050]
2025-07-01 12:19:11 - Read "application/json;charset=UTF-8" to [com.banking.dto.TransactionRequest@1090f15b]
2025-07-01 12:19:11 - Using 'application/json', given [*/*] and supported [application/json, application/*+json]
2025-07-01 12:19:11 - Using 'application/json', given [*/*] and supported [application/json, application/*+json]
2025-07-01 12:19:11 - Using 'application/json', given [*/*] and supported [application/json, application/*+json]
2025-07-01 12:19:11 - Writing [{data=com.banking.dto.TransactionResponse@11ad47b9, success=true, message=交易创建成功}]
2025-07-01 12:19:11 - Writing [{data=com.banking.dto.TransactionResponse@8c8bc58, success=true, message=交易创建成功}]
2025-07-01 12:19:11 - Writing [{data=com.banking.dto.TransactionResponse@5d224559, success=true, message=交易创建成功}]
2025-07-01 12:19:11 - Using 'application/json', given [*/*] and supported [application/json, application/*+json]
2025-07-01 12:19:11 - Writing [{data=com.banking.dto.TransactionResponse@5b0142cb, success=true, message=交易创建成功}]
2025-07-01 12:19:11 - Mapped to com.banking.controller.TransactionController#createTransaction(TransactionRequest)
2025-07-01 12:19:11 - Mapped to com.banking.controller.TransactionController#createTransaction(TransactionRequest)
2025-07-01 12:19:11 - Mapped to com.banking.controller.TransactionController#createTransaction(TransactionRequest)
2025-07-01 12:19:11 - Read "application/json;charset=UTF-8" to [com.banking.dto.TransactionRequest@3a271387]
2025-07-01 12:19:11 - Using 'application/json', given [*/*] and supported [application/json, application/*+json]
2025-07-01 12:19:11 - Read "application/json;charset=UTF-8" to [com.banking.dto.TransactionRequest@50bbaa0d]
2025-07-01 12:19:11 - Writing [{data=com.banking.dto.TransactionResponse@17d94103, success=true, message=交易创建成功}]
2025-07-01 12:19:11 - Read "application/json;charset=UTF-8" to [com.banking.dto.TransactionRequest@5d541c6a]
2025-07-01 12:19:11 - Using 'application/json', given [*/*] and supported [application/json, application/*+json]
2025-07-01 12:19:11 - Using 'application/json', given [*/*] and supported [application/json, application/*+json]
2025-07-01 12:19:11 - Writing [{data=com.banking.dto.TransactionResponse@5f039c3, success=true, message=交易创建成功}]
2025-07-01 12:19:11 - Writing [{data=com.banking.dto.TransactionResponse@7183d9f3, success=true, message=交易创建成功}]
2025-07-01 12:19:11 - Mapped to com.banking.controller.TransactionController#createTransaction(TransactionRequest)
2025-07-01 12:19:11 - Mapped to com.banking.controller.TransactionController#createTransaction(TransactionRequest)
2025-07-01 12:19:11 - Mapped to com.banking.controller.TransactionController#createTransaction(TransactionRequest)
2025-07-01 12:19:11 - Using 'application/json', given [*/*] and supported [application/json, application/*+json]
2025-07-01 12:19:11 - Using 'application/json', given [*/*] and supported [application/json, application/*+json]
2025-07-01 12:19:11 - Writing [{data=com.banking.dto.TransactionResponse@1fb973be, success=true, message=交易创建成功}]
2025-07-01 12:19:11 - Writing [{data=com.banking.dto.TransactionResponse@5da2fc2, success=true, message=交易创建成功}]
2025-07-01 12:19:11 - Using 'application/json', given [*/*] and supported [application/json, application/*+json]
2025-07-01 12:19:11 - Writing [{data=com.banking.dto.TransactionResponse@4922da19, success=true, message=交易创建成功}]
2025-07-01 12:19:11 - Read "application/json;charset=UTF-8" to [com.banking.dto.TransactionRequest@59ee9c8b]
2025-07-01 12:19:11 - Read "application/json;charset=UTF-8" to [com.banking.dto.TransactionRequest@31d4bab3]
2025-07-01 12:19:11 - Read "application/json;charset=UTF-8" to [com.banking.dto.TransactionRequest@3abfebcc]
2025-07-01 12:19:11 - Mapped to com.banking.controller.TransactionController#createTransaction(TransactionRequest)
2025-07-01 12:19:11 - Mapped to com.banking.controller.TransactionController#createTransaction(TransactionRequest)
2025-07-01 12:19:11 - Mapped to com.banking.controller.TransactionController#createTransaction(TransactionRequest)
2025-07-01 12:19:11 - Mapped to com.banking.controller.TransactionController#createTransaction(TransactionRequest)
2025-07-01 12:19:11 - Read "application/json;charset=UTF-8" to [com.banking.dto.TransactionRequest@132d6f95]
2025-07-01 12:19:11 - Mapped to com.banking.controller.TransactionController#createTransaction(TransactionRequest)
2025-07-01 12:19:11 - Read "application/json;charset=UTF-8" to [com.banking.dto.TransactionRequest@25a149e4]
2025-07-01 12:19:11 - Read "application/json;charset=UTF-8" to [com.banking.dto.TransactionRequest@66f25fc4]
2025-07-01 12:19:11 - Read "application/json;charset=UTF-8" to [com.banking.dto.TransactionRequest@1389934b]
2025-07-01 12:19:11 - Read "application/json;charset=UTF-8" to [com.banking.dto.TransactionRequest@3695b451]
2025-07-01 12:19:11 - Using 'application/json', given [*/*] and supported [application/json, application/*+json]
2025-07-01 12:19:11 - Using 'application/json', given [*/*] and supported [application/json, application/*+json]
2025-07-01 12:19:11 - Using 'application/json', given [*/*] and supported [application/json, application/*+json]
2025-07-01 12:19:11 - Writing [{data=com.banking.dto.TransactionResponse@72d724a6, success=true, message=交易创建成功}]
2025-07-01 12:19:11 - Writing [{data=com.banking.dto.TransactionResponse@27c9c787, success=true, message=交易创建成功}]
2025-07-01 12:19:11 - Using 'application/json', given [*/*] and supported [application/json, application/*+json]
2025-07-01 12:19:11 - Writing [{data=com.banking.dto.TransactionResponse@4f480321, success=true, message=交易创建成功}]
2025-07-01 12:19:11 - Writing [{data=com.banking.dto.TransactionResponse@58958566, success=true, message=交易创建成功}]
2025-07-01 12:19:11 - Mapped to com.banking.controller.TransactionController#createTransaction(TransactionRequest)
2025-07-01 12:19:11 - Mapped to com.banking.controller.TransactionController#createTransaction(TransactionRequest)
2025-07-01 12:19:11 - Mapped to com.banking.controller.TransactionController#createTransaction(TransactionRequest)
2025-07-01 12:19:11 - Mapped to com.banking.controller.TransactionController#createTransaction(TransactionRequest)
2025-07-01 12:19:11 - Using 'application/json', given [*/*] and supported [application/json, application/*+json]
2025-07-01 12:19:11 - Writing [{data=com.banking.dto.TransactionResponse@49ded9a3, success=true, message=交易创建成功}]
2025-07-01 12:19:11 - Using 'application/json', given [*/*] and supported [application/json, application/*+json]
2025-07-01 12:19:11 - Writing [{data=com.banking.dto.TransactionResponse@684b9867, success=true, message=交易创建成功}]
2025-07-01 12:19:11 - Read "application/json;charset=UTF-8" to [com.banking.dto.TransactionRequest@15284f11]
2025-07-01 12:19:11 - Mapped to com.banking.controller.TransactionController#createTransaction(TransactionRequest)
2025-07-01 12:19:11 - Read "application/json;charset=UTF-8" to [com.banking.dto.TransactionRequest@5b0c91c0]
2025-07-01 12:19:11 - Using 'application/json', given [*/*] and supported [application/json, application/*+json]
2025-07-01 12:19:11 - Read "application/json;charset=UTF-8" to [com.banking.dto.TransactionRequest@573793b5]
2025-07-01 12:19:11 - Writing [{data=com.banking.dto.TransactionResponse@3c421910, success=true, message=交易创建成功}]
2025-07-01 12:19:11 - Using 'application/json', given [*/*] and supported [application/json, application/*+json]
2025-07-01 12:19:11 - Using 'application/json', given [*/*] and supported [application/json, application/*+json]
2025-07-01 12:19:11 - Writing [{data=com.banking.dto.TransactionResponse@7fdebe3e, success=true, message=交易创建成功}]
2025-07-01 12:19:11 - Writing [{data=com.banking.dto.TransactionResponse@4f4ab90a, success=true, message=交易创建成功}]
2025-07-01 12:19:11 - Read "application/json;charset=UTF-8" to [com.banking.dto.TransactionRequest@6f4726c5]
2025-07-01 12:19:11 - Read "application/json;charset=UTF-8" to [com.banking.dto.TransactionRequest@33ae4512]
2025-07-01 12:19:11 - Using 'application/json', given [*/*] and supported [application/json, application/*+json]
2025-07-01 12:19:11 - Writing [{data=com.banking.dto.TransactionResponse@74734654, success=true, message=交易创建成功}]
2025-07-01 12:19:11 - Mapped to com.banking.controller.TransactionController#createTransaction(TransactionRequest)
2025-07-01 12:19:11 - Mapped to com.banking.controller.TransactionController#createTransaction(TransactionRequest)
2025-07-01 12:19:11 - Read "application/json;charset=UTF-8" to [com.banking.dto.TransactionRequest@6721c9cf]
2025-07-01 12:19:11 - Read "application/json;charset=UTF-8" to [com.banking.dto.TransactionRequest@482cf0df]
2025-07-01 12:19:11 - Mapped to com.banking.controller.TransactionController#createTransaction(TransactionRequest)
2025-07-01 12:19:11 - Mapped to com.banking.controller.TransactionController#createTransaction(TransactionRequest)
2025-07-01 12:19:11 - Mapped to com.banking.controller.TransactionController#createTransaction(TransactionRequest)
2025-07-01 12:19:11 - Mapped to com.banking.controller.TransactionController#createTransaction(TransactionRequest)
2025-07-01 12:19:11 - Mapped to com.banking.controller.TransactionController#createTransaction(TransactionRequest)
2025-07-01 12:19:11 - Using 'application/json', given [*/*] and supported [application/json, application/*+json]
2025-07-01 12:19:11 - Mapped to com.banking.controller.TransactionController#createTransaction(TransactionRequest)
2025-07-01 12:19:11 - Mapped to com.banking.controller.TransactionController#createTransaction(TransactionRequest)
2025-07-01 12:19:11 - Writing [{data=com.banking.dto.TransactionResponse@4d31e179, success=true, message=交易创建成功}]
2025-07-01 12:19:11 - Using 'application/json', given [*/*] and supported [application/json, application/*+json]
2025-07-01 12:19:11 - Using 'application/json', given [*/*] and supported [application/json, application/*+json]
2025-07-01 12:19:11 - Using 'application/json', given [*/*] and supported [application/json, application/*+json]
2025-07-01 12:19:11 - Writing [{data=com.banking.dto.TransactionResponse@4f1cc9f8, success=true, message=交易创建成功}]
2025-07-01 12:19:11 - Writing [{data=com.banking.dto.TransactionResponse@7be4aa90, success=true, message=交易创建成功}]
2025-07-01 12:19:11 - Writing [{data=com.banking.dto.TransactionResponse@272a010, success=true, message=交易创建成功}]
2025-07-01 12:19:11 - Read "application/json;charset=UTF-8" to [com.banking.dto.TransactionRequest@46adb86c]
2025-07-01 12:19:11 - Using 'application/json', given [*/*] and supported [application/json, application/*+json]
2025-07-01 12:19:11 - Mapped to com.banking.controller.TransactionController#createTransaction(TransactionRequest)
2025-07-01 12:19:11 - Using 'application/json', given [*/*] and supported [application/json, application/*+json]
2025-07-01 12:19:11 - Writing [{data=com.banking.dto.TransactionResponse@4746ff6e, success=true, message=交易创建成功}]
2025-07-01 12:19:11 - Using 'application/json', given [*/*] and supported [application/json, application/*+json]
2025-07-01 12:19:11 - Writing [{data=com.banking.dto.TransactionResponse@5a7d351d, success=true, message=交易创建成功}]
2025-07-01 12:19:11 - Using 'application/json', given [*/*] and supported [application/json, application/*+json]
2025-07-01 12:19:11 - Using 'application/json', given [*/*] and supported [application/json, application/*+json]
2025-07-01 12:19:11 - Writing [{data=com.banking.dto.TransactionResponse@74acdca4, success=true, message=交易创建成功}]
2025-07-01 12:19:11 - Read "application/json;charset=UTF-8" to [com.banking.dto.TransactionRequest@30d0cd2]
2025-07-01 12:19:11 - Read "application/json;charset=UTF-8" to [com.banking.dto.TransactionRequest@64d48756]
2025-07-01 12:19:11 - Read "application/json;charset=UTF-8" to [com.banking.dto.TransactionRequest@305e9e63]
2025-07-01 12:19:11 - Using 'application/json', given [*/*] and supported [application/json, application/*+json]
2025-07-01 12:19:11 - Read "application/json;charset=UTF-8" to [com.banking.dto.TransactionRequest@468ec533]
2025-07-01 12:19:11 - Writing [{data=com.banking.dto.TransactionResponse@4b303d2f, success=true, message=交易创建成功}]
2025-07-01 12:19:11 - Writing [{data=com.banking.dto.TransactionResponse@32f774fa, success=true, message=交易创建成功}]
2025-07-01 12:19:11 - Read "application/json;charset=UTF-8" to [com.banking.dto.TransactionRequest@17094fbf]
2025-07-01 12:19:11 - Read "application/json;charset=UTF-8" to [com.banking.dto.TransactionRequest@617789e9]
2025-07-01 12:19:11 - Writing [{data=com.banking.dto.TransactionResponse@777aaccc, success=true, message=交易创建成功}]
2025-07-01 12:19:11 - Read "application/json;charset=UTF-8" to [com.banking.dto.TransactionRequest@23c76c98]
2025-07-01 12:19:11 - Mapped to com.banking.controller.TransactionController#createTransaction(TransactionRequest)
2025-07-01 12:19:11 - Read "application/json;charset=UTF-8" to [com.banking.dto.TransactionRequest@2e34bcd4]
2025-07-01 12:19:11 - Using 'application/json', given [*/*] and supported [application/json, application/*+json]
2025-07-01 12:19:11 - Writing [{data=com.banking.dto.TransactionResponse@3b89f8d9, success=true, message=交易创建成功}]
2025-07-01 12:19:11 - Using 'application/json', given [*/*] and supported [application/json, application/*+json]
2025-07-01 12:19:11 - Mapped to com.banking.controller.TransactionController#createTransaction(TransactionRequest)
2025-07-01 12:19:11 - Mapped to com.banking.controller.TransactionController#createTransaction(TransactionRequest)
2025-07-01 12:19:11 - Using 'application/json', given [*/*] and supported [application/json, application/*+json]
2025-07-01 12:19:11 - Writing [{data=com.banking.dto.TransactionResponse@5d7412d2, success=true, message=交易创建成功}]
2025-07-01 12:19:11 - Using 'application/json', given [*/*] and supported [application/json, application/*+json]
2025-07-01 12:19:11 - Using 'application/json', given [*/*] and supported [application/json, application/*+json]
2025-07-01 12:19:11 - Writing [{data=com.banking.dto.TransactionResponse@eb617d0, success=true, message=交易创建成功}]
2025-07-01 12:19:11 - Mapped to com.banking.controller.TransactionController#createTransaction(TransactionRequest)
2025-07-01 12:19:11 - Mapped to com.banking.controller.TransactionController#createTransaction(TransactionRequest)
2025-07-01 12:19:11 - Writing [{data=com.banking.dto.TransactionResponse@72ce5512, success=true, message=交易创建成功}]
2025-07-01 12:19:11 - Mapped to com.banking.controller.TransactionController#createTransaction(TransactionRequest)
2025-07-01 12:19:11 - Mapped to com.banking.controller.TransactionController#createTransaction(TransactionRequest)
2025-07-01 12:19:11 - Using 'application/json', given [*/*] and supported [application/json, application/*+json]
2025-07-01 12:19:11 - Writing [{data=com.banking.dto.TransactionResponse@72f04af7, success=true, message=交易创建成功}]
2025-07-01 12:19:11 - Read "application/json;charset=UTF-8" to [com.banking.dto.TransactionRequest@3bceb5ce]
2025-07-01 12:19:11 - Using 'application/json', given [*/*] and supported [application/json, application/*+json]
2025-07-01 12:19:11 - Read "application/json;charset=UTF-8" to [com.banking.dto.TransactionRequest@8dfbbba]
2025-07-01 12:19:11 - Writing [{data=com.banking.dto.TransactionResponse@5f323ded, success=true, message=交易创建成功}]
2025-07-01 12:19:11 - Read "application/json;charset=UTF-8" to [com.banking.dto.TransactionRequest@1a8bfc9a]
2025-07-01 12:19:11 - Read "application/json;charset=UTF-8" to [com.banking.dto.TransactionRequest@866c53f]
2025-07-01 12:19:11 - Read "application/json;charset=UTF-8" to [com.banking.dto.TransactionRequest@33b108ef]
2025-07-01 12:19:11 - Writing [{data=com.banking.dto.TransactionResponse@bcddd13, success=true, message=交易创建成功}]
2025-07-01 12:19:11 - Read "application/json;charset=UTF-8" to [com.banking.dto.TransactionRequest@71f73632]
2025-07-01 12:19:11 - Mapped to com.banking.controller.TransactionController#createTransaction(TransactionRequest)
2025-07-01 12:19:11 - Mapped to com.banking.controller.TransactionController#createTransaction(TransactionRequest)
2025-07-01 12:19:11 - Mapped to com.banking.controller.TransactionController#createTransaction(TransactionRequest)
2025-07-01 12:19:11 - Read "application/json;charset=UTF-8" to [com.banking.dto.TransactionRequest@7d143e75]
2025-07-01 12:19:11 - Mapped to com.banking.controller.TransactionController#createTransaction(TransactionRequest)
2025-07-01 12:19:11 - Mapped to com.banking.controller.TransactionController#createTransaction(TransactionRequest)
2025-07-01 12:19:11 - Using 'application/json', given [*/*] and supported [application/json, application/*+json]
2025-07-01 12:19:11 - Using 'application/json', given [*/*] and supported [application/json, application/*+json]
2025-07-01 12:19:11 - Mapped to com.banking.controller.TransactionController#createTransaction(TransactionRequest)
2025-07-01 12:19:11 - Mapped to com.banking.controller.TransactionController#createTransaction(TransactionRequest)
2025-07-01 12:19:11 - Writing [{data=com.banking.dto.TransactionResponse@6bad178f, success=true, message=交易创建成功}]
2025-07-01 12:19:11 - Writing [{data=com.banking.dto.TransactionResponse@36d3064a, success=true, message=交易创建成功}]
2025-07-01 12:19:11 - Read "application/json;charset=UTF-8" to [com.banking.dto.TransactionRequest@2728c79c]
2025-07-01 12:19:11 - Mapped to com.banking.controller.TransactionController#createTransaction(TransactionRequest)
2025-07-01 12:19:11 - Mapped to com.banking.controller.TransactionController#createTransaction(TransactionRequest)
2025-07-01 12:19:11 - Read "application/json;charset=UTF-8" to [com.banking.dto.TransactionRequest@70914457]
2025-07-01 12:19:11 - Using 'application/json', given [*/*] and supported [application/json, application/*+json]
2025-07-01 12:19:11 - Writing [{data=com.banking.dto.TransactionResponse@169c0325, success=true, message=交易创建成功}]
2025-07-01 12:19:11 - Read "application/json;charset=UTF-8" to [com.banking.dto.TransactionRequest@4863b844]
2025-07-01 12:19:11 - Read "application/json;charset=UTF-8" to [com.banking.dto.TransactionRequest@51ff13d4]
2025-07-01 12:19:11 - Read "application/json;charset=UTF-8" to [com.banking.dto.TransactionRequest@1b49d4c4]
2025-07-01 12:19:11 - Read "application/json;charset=UTF-8" to [com.banking.dto.TransactionRequest@523f1471]
2025-07-01 12:19:11 - Read "application/json;charset=UTF-8" to [com.banking.dto.TransactionRequest@412f106]
2025-07-01 12:19:11 - Mapped to com.banking.controller.TransactionController#createTransaction(TransactionRequest)
2025-07-01 12:19:11 - Read "application/json;charset=UTF-8" to [com.banking.dto.TransactionRequest@151cfde8]
2025-07-01 12:19:11 - Read "application/json;charset=UTF-8" to [com.banking.dto.TransactionRequest@141e6d1]
2025-07-01 12:19:11 - Using 'application/json', given [*/*] and supported [application/json, application/*+json]
2025-07-01 12:19:11 - Using 'application/json', given [*/*] and supported [application/json, application/*+json]
2025-07-01 12:19:11 - Using 'application/json', given [*/*] and supported [application/json, application/*+json]
2025-07-01 12:19:11 - Writing [{data=com.banking.dto.TransactionResponse@3d707b6, success=true, message=交易创建成功}]
2025-07-01 12:19:11 - Using 'application/json', given [*/*] and supported [application/json, application/*+json]
2025-07-01 12:19:11 - Using 'application/json', given [*/*] and supported [application/json, application/*+json]
2025-07-01 12:19:11 - Writing [{data=com.banking.dto.TransactionResponse@13aa7548, success=true, message=交易创建成功}]
2025-07-01 12:19:11 - Writing [{data=com.banking.dto.TransactionResponse@4247ad2c, success=true, message=交易创建成功}]
2025-07-01 12:19:11 - Using 'application/json', given [*/*] and supported [application/json, application/*+json]
2025-07-01 12:19:11 - Writing [{data=com.banking.dto.TransactionResponse@22972bfd, success=true, message=交易创建成功}]
2025-07-01 12:19:11 - Writing [{data=com.banking.dto.TransactionResponse@4123a852, success=true, message=交易创建成功}]
2025-07-01 12:19:11 - Using 'application/json', given [*/*] and supported [application/json, application/*+json]
2025-07-01 12:19:11 - Writing [{data=com.banking.dto.TransactionResponse@3d315cf4, success=true, message=交易创建成功}]
2025-07-01 12:19:11 - Writing [{data=com.banking.dto.TransactionResponse@1f9ff6f, success=true, message=交易创建成功}]
2025-07-01 12:19:11 - Mapped to com.banking.controller.TransactionController#createTransaction(TransactionRequest)
2025-07-01 12:19:11 - Mapped to com.banking.controller.TransactionController#createTransaction(TransactionRequest)
2025-07-01 12:19:11 - Mapped to com.banking.controller.TransactionController#createTransaction(TransactionRequest)
2025-07-01 12:19:11 - Read "application/json;charset=UTF-8" to [com.banking.dto.TransactionRequest@62033be4]
2025-07-01 12:19:11 - Read "application/json;charset=UTF-8" to [com.banking.dto.TransactionRequest@52f37388]
2025-07-01 12:19:11 - Read "application/json;charset=UTF-8" to [com.banking.dto.TransactionRequest@7ec0163c]
2025-07-01 12:19:11 - Using 'application/json', given [*/*] and supported [application/json, application/*+json]
2025-07-01 12:19:11 - Using 'application/json', given [*/*] and supported [application/json, application/*+json]
2025-07-01 12:19:11 - Using 'application/json', given [*/*] and supported [application/json, application/*+json]
2025-07-01 12:19:11 - Writing [{data=com.banking.dto.TransactionResponse@6bd20d9b, success=true, message=交易创建成功}]
2025-07-01 12:19:11 - Writing [{data=com.banking.dto.TransactionResponse@24c41c8e, success=true, message=交易创建成功}]
2025-07-01 12:19:11 - Writing [{data=com.banking.dto.TransactionResponse@3ba57514, success=true, message=交易创建成功}]
2025-07-01 12:19:11 - Mapped to com.banking.controller.TransactionController#createTransaction(TransactionRequest)
2025-07-01 12:19:11 - Mapped to com.banking.controller.TransactionController#createTransaction(TransactionRequest)
2025-07-01 12:19:11 - Mapped to com.banking.controller.TransactionController#createTransaction(TransactionRequest)
2025-07-01 12:19:11 - Mapped to com.banking.controller.TransactionController#createTransaction(TransactionRequest)
2025-07-01 12:19:11 - Mapped to com.banking.controller.TransactionController#createTransaction(TransactionRequest)
2025-07-01 12:19:11 - Mapped to com.banking.controller.TransactionController#createTransaction(TransactionRequest)
2025-07-01 12:19:11 - Mapped to com.banking.controller.TransactionController#createTransaction(TransactionRequest)
2025-07-01 12:19:11 - Using 'application/json', given [*/*] and supported [application/json, application/*+json]
2025-07-01 12:19:11 - Read "application/json;charset=UTF-8" to [com.banking.dto.TransactionRequest@50b650cf]
2025-07-01 12:19:11 - Read "application/json;charset=UTF-8" to [com.banking.dto.TransactionRequest@48821ad4]
2025-07-01 12:19:11 - Read "application/json;charset=UTF-8" to [com.banking.dto.TransactionRequest@680bac9a]
2025-07-01 12:19:11 - Read "application/json;charset=UTF-8" to [com.banking.dto.TransactionRequest@69ae56fa]
2025-07-01 12:19:11 - Read "application/json;charset=UTF-8" to [com.banking.dto.TransactionRequest@3960f24d]
2025-07-01 12:19:11 - Read "application/json;charset=UTF-8" to [com.banking.dto.TransactionRequest@1e9bbb0f]
2025-07-01 12:19:11 - Read "application/json;charset=UTF-8" to [com.banking.dto.TransactionRequest@468b2935]
2025-07-01 12:19:11 - Using 'application/json', given [*/*] and supported [application/json, application/*+json]
2025-07-01 12:19:11 - Writing [{data=com.banking.dto.TransactionResponse@4f8d6a6d, success=true, message=交易创建成功}]
2025-07-01 12:19:11 - Using 'application/json', given [*/*] and supported [application/json, application/*+json]
2025-07-01 12:19:11 - Using 'application/json', given [*/*] and supported [application/json, application/*+json]
2025-07-01 12:19:11 - Writing [{data=com.banking.dto.TransactionResponse@700d67a1, success=true, message=交易创建成功}]
2025-07-01 12:19:11 - Writing [{data=com.banking.dto.TransactionResponse@6ceab100, success=true, message=交易创建成功}]
2025-07-01 12:19:11 - Using 'application/json', given [*/*] and supported [application/json, application/*+json]
2025-07-01 12:19:11 - Writing [{data=com.banking.dto.TransactionResponse@795642fe, success=true, message=交易创建成功}]
2025-07-01 12:19:11 - Writing [{data=com.banking.dto.TransactionResponse@7e3ed016, success=true, message=交易创建成功}]
2025-07-01 12:19:11 - Mapped to com.banking.controller.TransactionController#createTransaction(TransactionRequest)
2025-07-01 12:19:11 - Mapped to com.banking.controller.TransactionController#createTransaction(TransactionRequest)
2025-07-01 12:19:11 - Mapped to com.banking.controller.TransactionController#createTransaction(TransactionRequest)
2025-07-01 12:19:11 - Using 'application/json', given [*/*] and supported [application/json, application/*+json]
2025-07-01 12:19:11 - Writing [{data=com.banking.dto.TransactionResponse@706de217, success=true, message=交易创建成功}]
2025-07-01 12:19:11 - Read "application/json;charset=UTF-8" to [com.banking.dto.TransactionRequest@6ced759d]
2025-07-01 12:19:11 - Read "application/json;charset=UTF-8" to [com.banking.dto.TransactionRequest@4612a26f]
2025-07-01 12:19:11 - Read "application/json;charset=UTF-8" to [com.banking.dto.TransactionRequest@a836aff]
2025-07-01 12:19:11 - Using 'application/json', given [*/*] and supported [application/json, application/*+json]
2025-07-01 12:19:11 - Writing [{data=com.banking.dto.TransactionResponse@4acde412, success=true, message=交易创建成功}]
2025-07-01 12:19:11 - Using 'application/json', given [*/*] and supported [application/json, application/*+json]
2025-07-01 12:19:11 - Using 'application/json', given [*/*] and supported [application/json, application/*+json]
2025-07-01 12:19:11 - Writing [{data=com.banking.dto.TransactionResponse@760f4667, success=true, message=交易创建成功}]
2025-07-01 12:19:11 - Writing [{data=com.banking.dto.TransactionResponse@7d767b14, success=true, message=交易创建成功}]
2025-07-01 12:19:11 - Using 'application/json', given [*/*] and supported [application/json, application/*+json]
2025-07-01 12:19:11 - Using 'application/json', given [*/*] and supported [application/json, application/*+json]
2025-07-01 12:19:11 - Writing [{data=com.banking.dto.TransactionResponse@6e978e98, success=true, message=交易创建成功}]
2025-07-01 12:19:11 - Writing [{data=com.banking.dto.TransactionResponse@68e1fda9, success=true, message=交易创建成功}]
2025-07-01 12:19:11 - Mapped to com.banking.controller.TransactionController#createTransaction(TransactionRequest)
2025-07-01 12:19:11 - Mapped to com.banking.controller.TransactionController#createTransaction(TransactionRequest)
2025-07-01 12:19:11 - Mapped to com.banking.controller.TransactionController#createTransaction(TransactionRequest)
2025-07-01 12:19:11 - Mapped to com.banking.controller.TransactionController#createTransaction(TransactionRequest)
2025-07-01 12:19:11 - Mapped to com.banking.controller.TransactionController#createTransaction(TransactionRequest)
2025-07-01 12:19:11 - Using 'application/json', given [*/*] and supported [application/json, application/*+json]
2025-07-01 12:19:11 - Using 'application/json', given [*/*] and supported [application/json, application/*+json]
2025-07-01 12:19:11 - Writing [{data=com.banking.dto.TransactionResponse@75b68007, success=true, message=交易创建成功}]
2025-07-01 12:19:11 - Using 'application/json', given [*/*] and supported [application/json, application/*+json]
2025-07-01 12:19:11 - Read "application/json;charset=UTF-8" to [com.banking.dto.TransactionRequest@496a21cf]
2025-07-01 12:19:11 - Writing [{data=com.banking.dto.TransactionResponse@22a89c05, success=true, message=交易创建成功}]
2025-07-01 12:19:11 - Read "application/json;charset=UTF-8" to [com.banking.dto.TransactionRequest@43a31fdd]
2025-07-01 12:19:11 - Read "application/json;charset=UTF-8" to [com.banking.dto.TransactionRequest@6c623783]
2025-07-01 12:19:11 - Writing [{data=com.banking.dto.TransactionResponse@2a104b02, success=true, message=交易创建成功}]
2025-07-01 12:19:11 - Read "application/json;charset=UTF-8" to [com.banking.dto.TransactionRequest@25dd12ae]
2025-07-01 12:19:11 - Using 'application/json', given [*/*] and supported [application/json, application/*+json]
2025-07-01 12:19:11 - Mapped to com.banking.controller.TransactionController#createTransaction(TransactionRequest)
2025-07-01 12:19:11 - Writing [{data=com.banking.dto.TransactionResponse@303e4b6c, success=true, message=交易创建成功}]
2025-07-01 12:19:11 - Mapped to com.banking.controller.TransactionController#createTransaction(TransactionRequest)
2025-07-01 12:19:11 - Read "application/json;charset=UTF-8" to [com.banking.dto.TransactionRequest@4ce03f04]
2025-07-01 12:19:11 - Mapped to com.banking.controller.TransactionController#createTransaction(TransactionRequest)
2025-07-01 12:19:11 - Using 'application/json', given [*/*] and supported [application/json, application/*+json]
2025-07-01 12:19:11 - Read "application/json;charset=UTF-8" to [com.banking.dto.TransactionRequest@3e4c2dc3]
2025-07-01 12:19:11 - Writing [{data=com.banking.dto.TransactionResponse@9297b7c, success=true, message=交易创建成功}]
2025-07-01 12:19:11 - Mapped to com.banking.controller.TransactionController#createTransaction(TransactionRequest)
2025-07-01 12:19:11 - Read "application/json;charset=UTF-8" to [com.banking.dto.TransactionRequest@5f1b5558]
2025-07-01 12:19:11 - Read "application/json;charset=UTF-8" to [com.banking.dto.TransactionRequest@7d6b166f]
2025-07-01 12:19:11 - Using 'application/json', given [*/*] and supported [application/json, application/*+json]
2025-07-01 12:19:11 - Read "application/json;charset=UTF-8" to [com.banking.dto.TransactionRequest@6d59096f]
2025-07-01 12:19:11 - Writing [{data=com.banking.dto.TransactionResponse@78f44706, success=true, message=交易创建成功}]
2025-07-01 12:19:11 - Mapped to com.banking.controller.TransactionController#createTransaction(TransactionRequest)
2025-07-01 12:19:11 - Using 'application/json', given [*/*] and supported [application/json, application/*+json]
2025-07-01 12:19:11 - Mapped to com.banking.controller.TransactionController#createTransaction(TransactionRequest)
2025-07-01 12:19:11 - Mapped to com.banking.controller.TransactionController#createTransaction(TransactionRequest)
2025-07-01 12:19:11 - Mapped to com.banking.controller.TransactionController#createTransaction(TransactionRequest)
2025-07-01 12:19:11 - Writing [{data=com.banking.dto.TransactionResponse@2e7f6a4e, success=true, message=交易创建成功}]
2025-07-01 12:19:11 - Using 'application/json', given [*/*] and supported [application/json, application/*+json]
2025-07-01 12:19:11 - Writing [{data=com.banking.dto.TransactionResponse@14c2fa61, success=true, message=交易创建成功}]
2025-07-01 12:19:11 - Read "application/json;charset=UTF-8" to [com.banking.dto.TransactionRequest@410c9af8]
2025-07-01 12:19:11 - Read "application/json;charset=UTF-8" to [com.banking.dto.TransactionRequest@154eaafb]
2025-07-01 12:19:11 - Read "application/json;charset=UTF-8" to [com.banking.dto.TransactionRequest@2ad05233]
2025-07-01 12:19:11 - Read "application/json;charset=UTF-8" to [com.banking.dto.TransactionRequest@4ded56eb]
2025-07-01 12:19:11 - Using 'application/json', given [*/*] and supported [application/json, application/*+json]
2025-07-01 12:19:11 - Using 'application/json', given [*/*] and supported [application/json, application/*+json]
2025-07-01 12:19:11 - Using 'application/json', given [*/*] and supported [application/json, application/*+json]
2025-07-01 12:19:11 - Writing [{data=com.banking.dto.TransactionResponse@2c712cb0, success=true, message=交易创建成功}]
2025-07-01 12:19:11 - Writing [{data=com.banking.dto.TransactionResponse@aa042aa, success=true, message=交易创建成功}]
2025-07-01 12:19:11 - Using 'application/json', given [*/*] and supported [application/json, application/*+json]
2025-07-01 12:19:11 - Using 'application/json', given [*/*] and supported [application/json, application/*+json]
2025-07-01 12:19:11 - Writing [{data=com.banking.dto.TransactionResponse@7891e4d9, success=true, message=交易创建成功}]
2025-07-01 12:19:11 - Writing [{data=com.banking.dto.TransactionResponse@20daa5d4, success=true, message=交易创建成功}]
2025-07-01 12:19:11 - Writing [{data=com.banking.dto.TransactionResponse@1b45d059, success=true, message=交易创建成功}]
2025-07-01 12:19:11 - Using 'application/json', given [*/*] and supported [application/json, application/*+json]
2025-07-01 12:19:11 - Mapped to com.banking.controller.TransactionController#createTransaction(TransactionRequest)
2025-07-01 12:19:11 - Writing [{data=com.banking.dto.TransactionResponse@42b1e573, success=true, message=交易创建成功}]
2025-07-01 12:19:11 - Mapped to com.banking.controller.TransactionController#createTransaction(TransactionRequest)
2025-07-01 12:19:11 - Mapped to com.banking.controller.TransactionController#createTransaction(TransactionRequest)
2025-07-01 12:19:11 - Using 'application/json', given [*/*] and supported [application/json, application/*+json]
2025-07-01 12:19:11 - Writing [{data=com.banking.dto.TransactionResponse@18f60605, success=true, message=交易创建成功}]
2025-07-01 12:19:11 - Read "application/json;charset=UTF-8" to [com.banking.dto.TransactionRequest@2e226ed]
2025-07-01 12:19:11 - Mapped to com.banking.controller.TransactionController#createTransaction(TransactionRequest)
2025-07-01 12:19:11 - Read "application/json;charset=UTF-8" to [com.banking.dto.TransactionRequest@6f3ca9ad]
2025-07-01 12:19:11 - Read "application/json;charset=UTF-8" to [com.banking.dto.TransactionRequest@7f8a802a]
2025-07-01 12:19:11 - Mapped to com.banking.controller.TransactionController#createTransaction(TransactionRequest)
2025-07-01 12:19:11 - Mapped to com.banking.controller.TransactionController#createTransaction(TransactionRequest)
2025-07-01 12:19:11 - Read "application/json;charset=UTF-8" to [com.banking.dto.TransactionRequest@5241e7fb]
2025-07-01 12:19:11 - Read "application/json;charset=UTF-8" to [com.banking.dto.TransactionRequest@75be9936]
2025-07-01 12:19:11 - Mapped to com.banking.controller.TransactionController#createTransaction(TransactionRequest)
2025-07-01 12:19:11 - Read "application/json;charset=UTF-8" to [com.banking.dto.TransactionRequest@13eb396c]
2025-07-01 12:19:11 - Using 'application/json', given [*/*] and supported [application/json, application/*+json]
2025-07-01 12:19:11 - Read "application/json;charset=UTF-8" to [com.banking.dto.TransactionRequest@33576435]
2025-07-01 12:19:11 - Mapped to com.banking.controller.TransactionController#createTransaction(TransactionRequest)
2025-07-01 12:19:11 - Mapped to com.banking.controller.TransactionController#createTransaction(TransactionRequest)
2025-07-01 12:19:11 - Mapped to com.banking.controller.TransactionController#createTransaction(TransactionRequest)
2025-07-01 12:19:11 - Mapped to com.banking.controller.TransactionController#createTransaction(TransactionRequest)
2025-07-01 12:19:11 - Writing [{data=com.banking.dto.TransactionResponse@2ecdbc36, success=true, message=交易创建成功}]
2025-07-01 12:19:11 - Mapped to com.banking.controller.TransactionController#createTransaction(TransactionRequest)
2025-07-01 12:19:11 - Using 'application/json', given [*/*] and supported [application/json, application/*+json]
2025-07-01 12:19:11 - Read "application/json;charset=UTF-8" to [com.banking.dto.TransactionRequest@63395d0d]
2025-07-01 12:19:11 - Read "application/json;charset=UTF-8" to [com.banking.dto.TransactionRequest@ef9234b]
2025-07-01 12:19:11 - Writing [{data=com.banking.dto.TransactionResponse@4ddc457, success=true, message=交易创建成功}]
2025-07-01 12:19:11 - Read "application/json;charset=UTF-8" to [com.banking.dto.TransactionRequest@294cb54f]
2025-07-01 12:19:11 - Using 'application/json', given [*/*] and supported [application/json, application/*+json]
2025-07-01 12:19:11 - Read "application/json;charset=UTF-8" to [com.banking.dto.TransactionRequest@2b9a49cf]
2025-07-01 12:19:11 - Read "application/json;charset=UTF-8" to [com.banking.dto.TransactionRequest@66cdeb0b]
2025-07-01 12:19:11 - Writing [{data=com.banking.dto.TransactionResponse@1f8f799b, success=true, message=交易创建成功}]
2025-07-01 12:19:11 - Using 'application/json', given [*/*] and supported [application/json, application/*+json]
2025-07-01 12:19:11 - Using 'application/json', given [*/*] and supported [application/json, application/*+json]
2025-07-01 12:19:11 - Using 'application/json', given [*/*] and supported [application/json, application/*+json]
2025-07-01 12:19:11 - Writing [{data=com.banking.dto.TransactionResponse@96d63cd, success=true, message=交易创建成功}]
2025-07-01 12:19:11 - Writing [{data=com.banking.dto.TransactionResponse@222099b7, success=true, message=交易创建成功}]
2025-07-01 12:19:11 - Using 'application/json', given [*/*] and supported [application/json, application/*+json]
2025-07-01 12:19:11 - Using 'application/json', given [*/*] and supported [application/json, application/*+json]
2025-07-01 12:19:11 - Mapped to com.banking.controller.TransactionController#createTransaction(TransactionRequest)
2025-07-01 12:19:11 - Writing [{data=com.banking.dto.TransactionResponse@54c73eb5, success=true, message=交易创建成功}]
2025-07-01 12:19:11 - Writing [{data=com.banking.dto.TransactionResponse@60561be1, success=true, message=交易创建成功}]
2025-07-01 12:19:11 - Using 'application/json', given [*/*] and supported [application/json, application/*+json]
2025-07-01 12:19:11 - Writing [{data=com.banking.dto.TransactionResponse@66a2e6ac, success=true, message=交易创建成功}]
2025-07-01 12:19:11 - Writing [{data=com.banking.dto.TransactionResponse@18352f7e, success=true, message=交易创建成功}]
2025-07-01 12:19:11 - Using 'application/json', given [*/*] and supported [application/json, application/*+json]
2025-07-01 12:19:11 - Read "application/json;charset=UTF-8" to [com.banking.dto.TransactionRequest@2edf38d4]
2025-07-01 12:19:11 - Writing [{data=com.banking.dto.TransactionResponse@6b31973f, success=true, message=交易创建成功}]
2025-07-01 12:19:11 - Mapped to com.banking.controller.TransactionController#createTransaction(TransactionRequest)
2025-07-01 12:19:11 - Mapped to com.banking.controller.TransactionController#createTransaction(TransactionRequest)
2025-07-01 12:19:11 - Mapped to com.banking.controller.TransactionController#createTransaction(TransactionRequest)
2025-07-01 12:19:11 - Read "application/json;charset=UTF-8" to [com.banking.dto.TransactionRequest@567e9118]
2025-07-01 12:19:11 - Read "application/json;charset=UTF-8" to [com.banking.dto.TransactionRequest@2e5a200e]
2025-07-01 12:19:11 - Read "application/json;charset=UTF-8" to [com.banking.dto.TransactionRequest@7be22bfc]
2025-07-01 12:19:11 - Using 'application/json', given [*/*] and supported [application/json, application/*+json]
2025-07-01 12:19:11 - Using 'application/json', given [*/*] and supported [application/json, application/*+json]
2025-07-01 12:19:11 - Writing [{data=com.banking.dto.TransactionResponse@4c8ab19e, success=true, message=交易创建成功}]
2025-07-01 12:19:11 - Writing [{data=com.banking.dto.TransactionResponse@38ad28eb, success=true, message=交易创建成功}]
2025-07-01 12:19:11 - Mapped to com.banking.controller.TransactionController#createTransaction(TransactionRequest)
2025-07-01 12:19:11 - Using 'application/json', given [*/*] and supported [application/json, application/*+json]
2025-07-01 12:19:11 - Mapped to com.banking.controller.TransactionController#createTransaction(TransactionRequest)
2025-07-01 12:19:11 - Mapped to com.banking.controller.TransactionController#createTransaction(TransactionRequest)
2025-07-01 12:19:11 - Mapped to com.banking.controller.TransactionController#createTransaction(TransactionRequest)
2025-07-01 12:19:11 - Writing [{data=com.banking.dto.TransactionResponse@605722d9, success=true, message=交易创建成功}]
2025-07-01 12:19:11 - Using 'application/json', given [*/*] and supported [application/json, application/*+json]
2025-07-01 12:19:11 - Mapped to com.banking.controller.TransactionController#createTransaction(TransactionRequest)
2025-07-01 12:19:11 - Read "application/json;charset=UTF-8" to [com.banking.dto.TransactionRequest@267ab72a]
2025-07-01 12:19:11 - Writing [{data=com.banking.dto.TransactionResponse@78d8f84f, success=true, message=交易创建成功}]
2025-07-01 12:19:11 - Read "application/json;charset=UTF-8" to [com.banking.dto.TransactionRequest@34ba193c]
2025-07-01 12:19:11 - Using 'application/json', given [*/*] and supported [application/json, application/*+json]
2025-07-01 12:19:11 - Using 'application/json', given [*/*] and supported [application/json, application/*+json]
2025-07-01 12:19:11 - Read "application/json;charset=UTF-8" to [com.banking.dto.TransactionRequest@4057992e]
2025-07-01 12:19:11 - Using 'application/json', given [*/*] and supported [application/json, application/*+json]
2025-07-01 12:19:11 - Writing [{data=com.banking.dto.TransactionResponse@ff01171, success=true, message=交易创建成功}]
2025-07-01 12:19:11 - Using 'application/json', given [*/*] and supported [application/json, application/*+json]
2025-07-01 12:19:11 - Read "application/json;charset=UTF-8" to [com.banking.dto.TransactionRequest@50af62a3]
2025-07-01 12:19:11 - Mapped to com.banking.controller.TransactionController#createTransaction(TransactionRequest)
2025-07-01 12:19:11 - Mapped to com.banking.controller.TransactionController#createTransaction(TransactionRequest)
2025-07-01 12:19:11 - Writing [{data=com.banking.dto.TransactionResponse@2f6de54f, success=true, message=交易创建成功}]
2025-07-01 12:19:11 - Writing [{data=com.banking.dto.TransactionResponse@4c27a296, success=true, message=交易创建成功}]
2025-07-01 12:19:11 - Read "application/json;charset=UTF-8" to [com.banking.dto.TransactionRequest@5360043c]
2025-07-01 12:19:11 - Writing [{data=com.banking.dto.TransactionResponse@75821c94, success=true, message=交易创建成功}]
2025-07-01 12:19:11 - Read "application/json;charset=UTF-8" to [com.banking.dto.TransactionRequest@65bca5b5]
2025-07-01 12:19:11 - Using 'application/json', given [*/*] and supported [application/json, application/*+json]
2025-07-01 12:19:11 - Writing [{data=com.banking.dto.TransactionResponse@2f0c56cc, success=true, message=交易创建成功}]
2025-07-01 12:19:11 - Using 'application/json', given [*/*] and supported [application/json, application/*+json]
2025-07-01 12:19:11 - Writing [{data=com.banking.dto.TransactionResponse@630c1de7, success=true, message=交易创建成功}]
2025-07-01 12:19:11 - Read "application/json;charset=UTF-8" to [com.banking.dto.TransactionRequest@6b059f2f]
2025-07-01 12:19:11 - Mapped to com.banking.controller.TransactionController#createTransaction(TransactionRequest)
2025-07-01 12:19:11 - Mapped to com.banking.controller.TransactionController#createTransaction(TransactionRequest)
2025-07-01 12:19:11 - Mapped to com.banking.controller.TransactionController#createTransaction(TransactionRequest)
2025-07-01 12:19:11 - Mapped to com.banking.controller.TransactionController#createTransaction(TransactionRequest)
2025-07-01 12:19:11 - Mapped to com.banking.controller.TransactionController#createTransaction(TransactionRequest)
2025-07-01 12:19:11 - Read "application/json;charset=UTF-8" to [com.banking.dto.TransactionRequest@6913271c]
2025-07-01 12:19:11 - Read "application/json;charset=UTF-8" to [com.banking.dto.TransactionRequest@63df72ac]
2025-07-01 12:19:11 - Using 'application/json', given [*/*] and supported [application/json, application/*+json]
2025-07-01 12:19:11 - Using 'application/json', given [*/*] and supported [application/json, application/*+json]
2025-07-01 12:19:11 - Using 'application/json', given [*/*] and supported [application/json, application/*+json]
2025-07-01 12:19:11 - Writing [{data=com.banking.dto.TransactionResponse@16f8b140, success=true, message=交易创建成功}]
2025-07-01 12:19:11 - Read "application/json;charset=UTF-8" to [com.banking.dto.TransactionRequest@551750cc]
2025-07-01 12:19:11 - Using 'application/json', given [*/*] and supported [application/json, application/*+json]
2025-07-01 12:19:11 - Mapped to com.banking.controller.TransactionController#createTransaction(TransactionRequest)
2025-07-01 12:19:11 - Read "application/json;charset=UTF-8" to [com.banking.dto.TransactionRequest@22fc97a9]
2025-07-01 12:19:11 - Read "application/json;charset=UTF-8" to [com.banking.dto.TransactionRequest@33fdc1aa]
2025-07-01 12:19:11 - Using 'application/json', given [*/*] and supported [application/json, application/*+json]
2025-07-01 12:19:11 - Using 'application/json', given [*/*] and supported [application/json, application/*+json]
2025-07-01 12:19:11 - Writing [{data=com.banking.dto.TransactionResponse@3ec64923, success=true, message=交易创建成功}]
2025-07-01 12:19:11 - Writing [{data=com.banking.dto.TransactionResponse@573524cd, success=true, message=交易创建成功}]
2025-07-01 12:19:11 - Writing [{data=com.banking.dto.TransactionResponse@5b040e84, success=true, message=交易创建成功}]
2025-07-01 12:19:11 - Writing [{data=com.banking.dto.TransactionResponse@78f9a9bd, success=true, message=交易创建成功}]
2025-07-01 12:19:11 - Mapped to com.banking.controller.TransactionController#createTransaction(TransactionRequest)
2025-07-01 12:19:11 - Mapped to com.banking.controller.TransactionController#createTransaction(TransactionRequest)
2025-07-01 12:19:11 - Mapped to com.banking.controller.TransactionController#createTransaction(TransactionRequest)
2025-07-01 12:19:11 - Mapped to com.banking.controller.TransactionController#createTransaction(TransactionRequest)
2025-07-01 12:19:11 - Writing [{data=com.banking.dto.TransactionResponse@1b46d4ec, success=true, message=交易创建成功}]
2025-07-01 12:19:11 - Read "application/json;charset=UTF-8" to [com.banking.dto.TransactionRequest@3ac5401e]
2025-07-01 12:19:11 - Using 'application/json', given [*/*] and supported [application/json, application/*+json]
2025-07-01 12:19:11 - Writing [{data=com.banking.dto.TransactionResponse@3a564dea, success=true, message=交易创建成功}]
2025-07-01 12:19:11 - Read "application/json;charset=UTF-8" to [com.banking.dto.TransactionRequest@232b296]
2025-07-01 12:19:11 - Read "application/json;charset=UTF-8" to [com.banking.dto.TransactionRequest@4bb9bf5b]
2025-07-01 12:19:11 - Using 'application/json', given [*/*] and supported [application/json, application/*+json]
2025-07-01 12:19:11 - Read "application/json;charset=UTF-8" to [com.banking.dto.TransactionRequest@25fb16e7]
2025-07-01 12:19:11 - Writing [{data=com.banking.dto.TransactionResponse@f3cd45e, success=true, message=交易创建成功}]
2025-07-01 12:19:11 - Read "application/json;charset=UTF-8" to [com.banking.dto.TransactionRequest@754e0a16]
2025-07-01 12:19:11 - Using 'application/json', given [*/*] and supported [application/json, application/*+json]
2025-07-01 12:19:11 - Using 'application/json', given [*/*] and supported [application/json, application/*+json]
2025-07-01 12:19:11 - Writing [{data=com.banking.dto.TransactionResponse@6d4f174d, success=true, message=交易创建成功}]
2025-07-01 12:19:11 - Writing [{data=com.banking.dto.TransactionResponse@13076d5, success=true, message=交易创建成功}]
2025-07-01 12:19:11 - Mapped to com.banking.controller.TransactionController#createTransaction(TransactionRequest)
2025-07-01 12:19:11 - Mapped to com.banking.controller.TransactionController#createTransaction(TransactionRequest)
2025-07-01 12:19:11 - Mapped to com.banking.controller.TransactionController#createTransaction(TransactionRequest)
2025-07-01 12:19:11 - Mapped to com.banking.controller.TransactionController#createTransaction(TransactionRequest)
2025-07-01 12:19:11 - Mapped to com.banking.controller.TransactionController#createTransaction(TransactionRequest)
2025-07-01 12:19:11 - Mapped to com.banking.controller.TransactionController#createTransaction(TransactionRequest)
2025-07-01 12:19:11 - Using 'application/json', given [*/*] and supported [application/json, application/*+json]
2025-07-01 12:19:11 - Read "application/json;charset=UTF-8" to [com.banking.dto.TransactionRequest@22725755]
2025-07-01 12:19:11 - Writing [{data=com.banking.dto.TransactionResponse@48163dce, success=true, message=交易创建成功}]
2025-07-01 12:19:11 - Using 'application/json', given [*/*] and supported [application/json, application/*+json]
2025-07-01 12:19:11 - Read "application/json;charset=UTF-8" to [com.banking.dto.TransactionRequest@1dc270e0]
2025-07-01 12:19:11 - Read "application/json;charset=UTF-8" to [com.banking.dto.TransactionRequest@10bf6a1d]
2025-07-01 12:19:11 - Writing [{data=com.banking.dto.TransactionResponse@348f71db, success=true, message=交易创建成功}]
2025-07-01 12:19:11 - Read "application/json;charset=UTF-8" to [com.banking.dto.TransactionRequest@4d697b2e]
2025-07-01 12:19:11 - Mapped to com.banking.controller.TransactionController#createTransaction(TransactionRequest)
2025-07-01 12:19:11 - Read "application/json;charset=UTF-8" to [com.banking.dto.TransactionRequest@4b9d968a]
2025-07-01 12:19:11 - Using 'application/json', given [*/*] and supported [application/json, application/*+json]
2025-07-01 12:19:11 - Mapped to com.banking.controller.TransactionController#createTransaction(TransactionRequest)
2025-07-01 12:19:11 - Mapped to com.banking.controller.TransactionController#createTransaction(TransactionRequest)
2025-07-01 12:19:11 - Writing [{data=com.banking.dto.TransactionResponse@329137a6, success=true, message=交易创建成功}]
2025-07-01 12:19:11 - Read "application/json;charset=UTF-8" to [com.banking.dto.TransactionRequest@5b9e5ed9]
2025-07-01 12:19:11 - Mapped to com.banking.controller.TransactionController#createTransaction(TransactionRequest)
2025-07-01 12:19:11 - Using 'application/json', given [*/*] and supported [application/json, application/*+json]
2025-07-01 12:19:11 - Using 'application/json', given [*/*] and supported [application/json, application/*+json]
2025-07-01 12:19:11 - Writing [{data=com.banking.dto.TransactionResponse@33f79e58, success=true, message=交易创建成功}]
2025-07-01 12:19:11 - Writing [{data=com.banking.dto.TransactionResponse@6e888cae, success=true, message=交易创建成功}]
2025-07-01 12:19:11 - Read "application/json;charset=UTF-8" to [com.banking.dto.TransactionRequest@2b3ac6df]
2025-07-01 12:19:11 - Using 'application/json', given [*/*] and supported [application/json, application/*+json]
2025-07-01 12:19:11 - Read "application/json;charset=UTF-8" to [com.banking.dto.TransactionRequest@74741a12]
2025-07-01 12:19:11 - Writing [{data=com.banking.dto.TransactionResponse@5c59e545, success=true, message=交易创建成功}]
2025-07-01 12:19:11 - Read "application/json;charset=UTF-8" to [com.banking.dto.TransactionRequest@3ba13c6d]
2025-07-01 12:19:11 - Using 'application/json', given [*/*] and supported [application/json, application/*+json]
2025-07-01 12:19:11 - Read "application/json;charset=UTF-8" to [com.banking.dto.TransactionRequest@522c48ac]
2025-07-01 12:19:11 - Writing [{data=com.banking.dto.TransactionResponse@58f89ac7, success=true, message=交易创建成功}]
2025-07-01 12:19:11 - Using 'application/json', given [*/*] and supported [application/json, application/*+json]
2025-07-01 12:19:11 - Using 'application/json', given [*/*] and supported [application/json, application/*+json]
2025-07-01 12:19:11 - Writing [{data=com.banking.dto.TransactionResponse@2d1e424c, success=true, message=交易创建成功}]
2025-07-01 12:19:11 - Writing [{data=com.banking.dto.TransactionResponse@7f007aae, success=true, message=交易创建成功}]
2025-07-01 12:19:11 - Mapped to com.banking.controller.TransactionController#createTransaction(TransactionRequest)
2025-07-01 12:19:11 - Mapped to com.banking.controller.TransactionController#createTransaction(TransactionRequest)
2025-07-01 12:19:11 - Mapped to com.banking.controller.TransactionController#createTransaction(TransactionRequest)
2025-07-01 12:19:11 - Using 'application/json', given [*/*] and supported [application/json, application/*+json]
2025-07-01 12:19:11 - Writing [{data=com.banking.dto.TransactionResponse@5cbb1a4c, success=true, message=交易创建成功}]
2025-07-01 12:19:11 - Mapped to com.banking.controller.TransactionController#createTransaction(TransactionRequest)
2025-07-01 12:19:11 - Mapped to com.banking.controller.TransactionController#createTransaction(TransactionRequest)
2025-07-01 12:19:11 - Using 'application/json', given [*/*] and supported [application/json, application/*+json]
2025-07-01 12:19:11 - Mapped to com.banking.controller.TransactionController#createTransaction(TransactionRequest)
2025-07-01 12:19:11 - Using 'application/json', given [*/*] and supported [application/json, application/*+json]
2025-07-01 12:19:11 - Writing [{data=com.banking.dto.TransactionResponse@1c66124c, success=true, message=交易创建成功}]
2025-07-01 12:19:11 - Using 'application/json', given [*/*] and supported [application/json, application/*+json]
2025-07-01 12:19:11 - Writing [{data=com.banking.dto.TransactionResponse@1ea7d4f1, success=true, message=交易创建成功}]
2025-07-01 12:19:11 - Read "application/json;charset=UTF-8" to [com.banking.dto.TransactionRequest@73951c5c]
2025-07-01 12:19:11 - Writing [{data=com.banking.dto.TransactionResponse@1665fc1d, success=true, message=交易创建成功}]
2025-07-01 12:19:11 - Read "application/json;charset=UTF-8" to [com.banking.dto.TransactionRequest@129e1555]
2025-07-01 12:19:11 - Read "application/json;charset=UTF-8" to [com.banking.dto.TransactionRequest@6150082f]
2025-07-01 12:19:11 - Read "application/json;charset=UTF-8" to [com.banking.dto.TransactionRequest@5bdecd61]
2025-07-01 12:19:11 - Read "application/json;charset=UTF-8" to [com.banking.dto.TransactionRequest@1cef0930]
2025-07-01 12:19:11 - Using 'application/json', given [*/*] and supported [application/json, application/*+json]
2025-07-01 12:19:11 - Writing [{data=com.banking.dto.TransactionResponse@78718ef8, success=true, message=交易创建成功}]
2025-07-01 12:19:11 - Using 'application/json', given [*/*] and supported [application/json, application/*+json]
2025-07-01 12:19:11 - Using 'application/json', given [*/*] and supported [application/json, application/*+json]
2025-07-01 12:19:11 - Read "application/json;charset=UTF-8" to [com.banking.dto.TransactionRequest@24ab9607]
2025-07-01 12:19:11 - Mapped to com.banking.controller.TransactionController#createTransaction(TransactionRequest)
2025-07-01 12:19:11 - Writing [{data=com.banking.dto.TransactionResponse@5617d101, success=true, message=交易创建成功}]
2025-07-01 12:19:11 - Writing [{data=com.banking.dto.TransactionResponse@7b76730e, success=true, message=交易创建成功}]
2025-07-01 12:19:11 - Mapped to com.banking.controller.TransactionController#createTransaction(TransactionRequest)
2025-07-01 12:19:11 - Mapped to com.banking.controller.TransactionController#createTransaction(TransactionRequest)
2025-07-01 12:19:11 - Read "application/json;charset=UTF-8" to [com.banking.dto.TransactionRequest@380dfc0c]
2025-07-01 12:19:11 - Using 'application/json', given [*/*] and supported [application/json, application/*+json]
2025-07-01 12:19:11 - Writing [{data=com.banking.dto.TransactionResponse@5126b90f, success=true, message=交易创建成功}]
2025-07-01 12:19:11 - Read "application/json;charset=UTF-8" to [com.banking.dto.TransactionRequest@550f08fa]
2025-07-01 12:19:11 - Read "application/json;charset=UTF-8" to [com.banking.dto.TransactionRequest@3b26ec93]
2025-07-01 12:19:11 - Using 'application/json', given [*/*] and supported [application/json, application/*+json]
2025-07-01 12:19:11 - Using 'application/json', given [*/*] and supported [application/json, application/*+json]
2025-07-01 12:19:11 - Writing [{data=com.banking.dto.TransactionResponse@56b8e894, success=true, message=交易创建成功}]
2025-07-01 12:19:11 - Mapped to com.banking.controller.TransactionController#createTransaction(TransactionRequest)
2025-07-01 12:19:11 - Mapped to com.banking.controller.TransactionController#createTransaction(TransactionRequest)
2025-07-01 12:19:11 - Mapped to com.banking.controller.TransactionController#createTransaction(TransactionRequest)
2025-07-01 12:19:11 - Writing [{data=com.banking.dto.TransactionResponse@13da2e27, success=true, message=交易创建成功}]
2025-07-01 12:19:11 - Mapped to com.banking.controller.TransactionController#createTransaction(TransactionRequest)
2025-07-01 12:19:11 - Mapped to com.banking.controller.TransactionController#createTransaction(TransactionRequest)
2025-07-01 12:19:11 - Using 'application/json', given [*/*] and supported [application/json, application/*+json]
2025-07-01 12:19:11 - Read "application/json;charset=UTF-8" to [com.banking.dto.TransactionRequest@2c24d0c0]
2025-07-01 12:19:11 - Mapped to com.banking.controller.TransactionController#createTransaction(TransactionRequest)
2025-07-01 12:19:11 - Writing [{data=com.banking.dto.TransactionResponse@683cec38, success=true, message=交易创建成功}]
2025-07-01 12:19:11 - Using 'application/json', given [*/*] and supported [application/json, application/*+json]
2025-07-01 12:19:11 - Mapped to com.banking.controller.TransactionController#createTransaction(TransactionRequest)
2025-07-01 12:19:11 - Read "application/json;charset=UTF-8" to [com.banking.dto.TransactionRequest@79fb7432]
2025-07-01 12:19:11 - Read "application/json;charset=UTF-8" to [com.banking.dto.TransactionRequest@36c55ec4]
2025-07-01 12:19:11 - Read "application/json;charset=UTF-8" to [com.banking.dto.TransactionRequest@7c68fef9]
2025-07-01 12:19:11 - Read "application/json;charset=UTF-8" to [com.banking.dto.TransactionRequest@34e8927c]
2025-07-01 12:19:11 - Using 'application/json', given [*/*] and supported [application/json, application/*+json]
2025-07-01 12:19:11 - Writing [{data=com.banking.dto.TransactionResponse@50475d69, success=true, message=交易创建成功}]
2025-07-01 12:19:11 - Using 'application/json', given [*/*] and supported [application/json, application/*+json]
2025-07-01 12:19:11 - Read "application/json;charset=UTF-8" to [com.banking.dto.TransactionRequest@4cad102a]
2025-07-01 12:19:11 - Writing [{data=com.banking.dto.TransactionResponse@35584ef, success=true, message=交易创建成功}]
2025-07-01 12:19:11 - Using 'application/json', given [*/*] and supported [application/json, application/*+json]
2025-07-01 12:19:11 - Mapped to com.banking.controller.TransactionController#createTransaction(TransactionRequest)
2025-07-01 12:19:11 - Writing [{data=com.banking.dto.TransactionResponse@78c354db, success=true, message=交易创建成功}]
2025-07-01 12:19:11 - Using 'application/json', given [*/*] and supported [application/json, application/*+json]
2025-07-01 12:19:11 - Using 'application/json', given [*/*] and supported [application/json, application/*+json]
2025-07-01 12:19:11 - Writing [{data=com.banking.dto.TransactionResponse@622415f3, success=true, message=交易创建成功}]
2025-07-01 12:19:11 - Writing [{data=com.banking.dto.TransactionResponse@778475e4, success=true, message=交易创建成功}]
2025-07-01 12:19:11 - Read "application/json;charset=UTF-8" to [com.banking.dto.TransactionRequest@5ce8bf5f]
2025-07-01 12:19:11 - Writing [{data=com.banking.dto.TransactionResponse@40d6ab9, success=true, message=交易创建成功}]
2025-07-01 12:19:11 - Read "application/json;charset=UTF-8" to [com.banking.dto.TransactionRequest@5af69f64]
2025-07-01 12:19:11 - Using 'application/json', given [*/*] and supported [application/json, application/*+json]
2025-07-01 12:19:11 - Writing [{data=com.banking.dto.TransactionResponse@4958b809, success=true, message=交易创建成功}]
2025-07-01 12:19:11 - Mapped to com.banking.controller.TransactionController#createTransaction(TransactionRequest)
2025-07-01 12:19:11 - Mapped to com.banking.controller.TransactionController#createTransaction(TransactionRequest)
2025-07-01 12:19:11 - Read "application/json;charset=UTF-8" to [com.banking.dto.TransactionRequest@84ef440]
2025-07-01 12:19:11 - Mapped to com.banking.controller.TransactionController#createTransaction(TransactionRequest)
2025-07-01 12:19:11 - Read "application/json;charset=UTF-8" to [com.banking.dto.TransactionRequest@d953e15]
2025-07-01 12:19:11 - Read "application/json;charset=UTF-8" to [com.banking.dto.TransactionRequest@59c73038]
2025-07-01 12:19:11 - Using 'application/json', given [*/*] and supported [application/json, application/*+json]
2025-07-01 12:19:11 - Using 'application/json', given [*/*] and supported [application/json, application/*+json]
2025-07-01 12:19:11 - Writing [{data=com.banking.dto.TransactionResponse@6ff5be4e, success=true, message=交易创建成功}]
2025-07-01 12:19:11 - Writing [{data=com.banking.dto.TransactionResponse@1947fbe4, success=true, message=交易创建成功}]
2025-07-01 12:19:11 - Using 'application/json', given [*/*] and supported [application/json, application/*+json]
2025-07-01 12:19:11 - Writing [{data=com.banking.dto.TransactionResponse@5d09b0dd, success=true, message=交易创建成功}]
2025-07-01 12:19:11 - Mapped to com.banking.controller.TransactionController#createTransaction(TransactionRequest)
2025-07-01 12:19:11 - Mapped to com.banking.controller.TransactionController#createTransaction(TransactionRequest)
2025-07-01 12:19:11 - Mapped to com.banking.controller.TransactionController#createTransaction(TransactionRequest)
2025-07-01 12:19:11 - Mapped to com.banking.controller.TransactionController#createTransaction(TransactionRequest)
2025-07-01 12:19:11 - Mapped to com.banking.controller.TransactionController#createTransaction(TransactionRequest)
2025-07-01 12:19:11 - Mapped to com.banking.controller.TransactionController#createTransaction(TransactionRequest)
2025-07-01 12:19:11 - Using 'application/json', given [*/*] and supported [application/json, application/*+json]
2025-07-01 12:19:11 - Using 'application/json', given [*/*] and supported [application/json, application/*+json]
2025-07-01 12:19:11 - Writing [{data=com.banking.dto.TransactionResponse@403b72a2, success=true, message=交易创建成功}]
2025-07-01 12:19:11 - Writing [{data=com.banking.dto.TransactionResponse@1ec928ac, success=true, message=交易创建成功}]
2025-07-01 12:19:11 - Using 'application/json', given [*/*] and supported [application/json, application/*+json]
2025-07-01 12:19:11 - Read "application/json;charset=UTF-8" to [com.banking.dto.TransactionRequest@103a3e19]
2025-07-01 12:19:11 - Read "application/json;charset=UTF-8" to [com.banking.dto.TransactionRequest@7339a40d]
2025-07-01 12:19:11 - Read "application/json;charset=UTF-8" to [com.banking.dto.TransactionRequest@6ba88dc1]
2025-07-01 12:19:11 - Read "application/json;charset=UTF-8" to [com.banking.dto.TransactionRequest@13dc3e91]
2025-07-01 12:19:11 - Read "application/json;charset=UTF-8" to [com.banking.dto.TransactionRequest@278bf5df]
2025-07-01 12:19:11 - Using 'application/json', given [*/*] and supported [application/json, application/*+json]
2025-07-01 12:19:11 - Writing [{data=com.banking.dto.TransactionResponse@729ab31, success=true, message=交易创建成功}]
2025-07-01 12:19:11 - Read "application/json;charset=UTF-8" to [com.banking.dto.TransactionRequest@279cf6e3]
2025-07-01 12:19:11 - Writing [{data=com.banking.dto.TransactionResponse@6af1a80a, success=true, message=交易创建成功}]
2025-07-01 12:19:11 - Mapped to com.banking.controller.TransactionController#createTransaction(TransactionRequest)
2025-07-01 12:19:11 - Using 'application/json', given [*/*] and supported [application/json, application/*+json]
2025-07-01 12:19:11 - Writing [{data=com.banking.dto.TransactionResponse@7692743b, success=true, message=交易创建成功}]
2025-07-01 12:19:11 - Read "application/json;charset=UTF-8" to [com.banking.dto.TransactionRequest@7b99afdc]
2025-07-01 12:19:11 - Using 'application/json', given [*/*] and supported [application/json, application/*+json]
2025-07-01 12:19:11 - Using 'application/json', given [*/*] and supported [application/json, application/*+json]
2025-07-01 12:19:11 - Writing [{data=com.banking.dto.TransactionResponse@5fcdab4f, success=true, message=交易创建成功}]
2025-07-01 12:19:11 - Writing [{data=com.banking.dto.TransactionResponse@568ac009, success=true, message=交易创建成功}]
2025-07-01 12:19:11 - Mapped to com.banking.controller.TransactionController#createTransaction(TransactionRequest)
2025-07-01 12:19:11 - Using 'application/json', given [*/*] and supported [application/json, application/*+json]
2025-07-01 12:19:11 - Using 'application/json', given [*/*] and supported [application/json, application/*+json]
2025-07-01 12:19:11 - Writing [{data=com.banking.dto.TransactionResponse@62a05992, success=true, message=交易创建成功}]
2025-07-01 12:19:11 - Writing [{data=com.banking.dto.TransactionResponse@6dd3abf9, success=true, message=交易创建成功}]
2025-07-01 12:19:11 - Mapped to com.banking.controller.TransactionController#createTransaction(TransactionRequest)
2025-07-01 12:19:11 - Mapped to com.banking.controller.TransactionController#createTransaction(TransactionRequest)
2025-07-01 12:19:11 - Mapped to com.banking.controller.TransactionController#createTransaction(TransactionRequest)
2025-07-01 12:19:11 - Mapped to com.banking.controller.TransactionController#createTransaction(TransactionRequest)
2025-07-01 12:19:11 - Mapped to com.banking.controller.TransactionController#createTransaction(TransactionRequest)
2025-07-01 12:19:11 - Read "application/json;charset=UTF-8" to [com.banking.dto.TransactionRequest@204ce0cf]
2025-07-01 12:19:11 - Read "application/json;charset=UTF-8" to [com.banking.dto.TransactionRequest@36c69bef]
2025-07-01 12:19:11 - Using 'application/json', given [*/*] and supported [application/json, application/*+json]
2025-07-01 12:19:11 - Read "application/json;charset=UTF-8" to [com.banking.dto.TransactionRequest@bba6d96]
2025-07-01 12:19:11 - Read "application/json;charset=UTF-8" to [com.banking.dto.TransactionRequest@484d77cb]
2025-07-01 12:19:11 - Mapped to com.banking.controller.TransactionController#createTransaction(TransactionRequest)
2025-07-01 12:19:11 - Read "application/json;charset=UTF-8" to [com.banking.dto.TransactionRequest@17fa6fcd]
2025-07-01 12:19:11 - Using 'application/json', given [*/*] and supported [application/json, application/*+json]
2025-07-01 12:19:11 - Using 'application/json', given [*/*] and supported [application/json, application/*+json]
2025-07-01 12:19:11 - Writing [{data=com.banking.dto.TransactionResponse@3e089ba0, success=true, message=交易创建成功}]
2025-07-01 12:19:11 - Read "application/json;charset=UTF-8" to [com.banking.dto.TransactionRequest@306a47d6]
2025-07-01 12:19:11 - Writing [{data=com.banking.dto.TransactionResponse@1609cdce, success=true, message=交易创建成功}]
2025-07-01 12:19:11 - Writing [{data=com.banking.dto.TransactionResponse@3d08a8d0, success=true, message=交易创建成功}]
2025-07-01 12:19:11 - Using 'application/json', given [*/*] and supported [application/json, application/*+json]
2025-07-01 12:19:11 - Writing [{data=com.banking.dto.TransactionResponse@5b159911, success=true, message=交易创建成功}]
2025-07-01 12:19:11 - Read "application/json;charset=UTF-8" to [com.banking.dto.TransactionRequest@6b84259c]
2025-07-01 12:19:11 - Mapped to com.banking.controller.TransactionController#createTransaction(TransactionRequest)
2025-07-01 12:19:11 - Mapped to com.banking.controller.TransactionController#createTransaction(TransactionRequest)
2025-07-01 12:19:11 - Using 'application/json', given [*/*] and supported [application/json, application/*+json]
2025-07-01 12:19:11 - Writing [{data=com.banking.dto.TransactionResponse@6f26ae11, success=true, message=交易创建成功}]
2025-07-01 12:19:11 - Using 'application/json', given [*/*] and supported [application/json, application/*+json]
2025-07-01 12:19:11 - Writing [{data=com.banking.dto.TransactionResponse@225f0967, success=true, message=交易创建成功}]
2025-07-01 12:19:11 - Read "application/json;charset=UTF-8" to [com.banking.dto.TransactionRequest@3cc95d8]
2025-07-01 12:19:11 - Read "application/json;charset=UTF-8" to [com.banking.dto.TransactionRequest@62b19bf2]
2025-07-01 12:19:11 - Mapped to com.banking.controller.TransactionController#createTransaction(TransactionRequest)
2025-07-01 12:19:11 - Mapped to com.banking.controller.TransactionController#createTransaction(TransactionRequest)
2025-07-01 12:19:11 - Using 'application/json', given [*/*] and supported [application/json, application/*+json]
2025-07-01 12:19:11 - Writing [{data=com.banking.dto.TransactionResponse@7cac5f5c, success=true, message=交易创建成功}]
2025-07-01 12:19:11 - Using 'application/json', given [*/*] and supported [application/json, application/*+json]
2025-07-01 12:19:11 - Using 'application/json', given [*/*] and supported [application/json, application/*+json]
2025-07-01 12:19:11 - Mapped to com.banking.controller.TransactionController#createTransaction(TransactionRequest)
2025-07-01 12:19:11 - Mapped to com.banking.controller.TransactionController#createTransaction(TransactionRequest)
2025-07-01 12:19:11 - Writing [{data=com.banking.dto.TransactionResponse@32e7b64b, success=true, message=交易创建成功}]
2025-07-01 12:19:11 - Mapped to com.banking.controller.TransactionController#createTransaction(TransactionRequest)
2025-07-01 12:19:11 - Writing [{data=com.banking.dto.TransactionResponse@7bd445a0, success=true, message=交易创建成功}]
2025-07-01 12:19:11 - Using 'application/json', given [*/*] and supported [application/json, application/*+json]
2025-07-01 12:19:11 - Read "application/json;charset=UTF-8" to [com.banking.dto.TransactionRequest@3bb3c702]
2025-07-01 12:19:11 - Writing [{data=com.banking.dto.TransactionResponse@15aff8ec, success=true, message=交易创建成功}]
2025-07-01 12:19:11 - Read "application/json;charset=UTF-8" to [com.banking.dto.TransactionRequest@2150967f]
2025-07-01 12:19:11 - Read "application/json;charset=UTF-8" to [com.banking.dto.TransactionRequest@6d9c0143]
2025-07-01 12:19:11 - Read "application/json;charset=UTF-8" to [com.banking.dto.TransactionRequest@4395e8ce]
2025-07-01 12:19:11 - Mapped to com.banking.controller.TransactionController#createTransaction(TransactionRequest)
2025-07-01 12:19:11 - Using 'application/json', given [*/*] and supported [application/json, application/*+json]
2025-07-01 12:19:11 - Using 'application/json', given [*/*] and supported [application/json, application/*+json]
2025-07-01 12:19:11 - Read "application/json;charset=UTF-8" to [com.banking.dto.TransactionRequest@4754a681]
2025-07-01 12:19:11 - Writing [{data=com.banking.dto.TransactionResponse@2c65d152, success=true, message=交易创建成功}]
2025-07-01 12:19:11 - Writing [{data=com.banking.dto.TransactionResponse@6772ae2f, success=true, message=交易创建成功}]
2025-07-01 12:19:11 - Using 'application/json', given [*/*] and supported [application/json, application/*+json]
2025-07-01 12:19:11 - Writing [{data=com.banking.dto.TransactionResponse@2d67467f, success=true, message=交易创建成功}]
2025-07-01 12:19:11 - Using 'application/json', given [*/*] and supported [application/json, application/*+json]
2025-07-01 12:19:11 - Read "application/json;charset=UTF-8" to [com.banking.dto.TransactionRequest@9abf1eb]
2025-07-01 12:19:11 - Mapped to com.banking.controller.TransactionController#createTransaction(TransactionRequest)
2025-07-01 12:19:11 - Writing [{data=com.banking.dto.TransactionResponse@47248124, success=true, message=交易创建成功}]
2025-07-01 12:19:11 - Mapped to com.banking.controller.TransactionController#createTransaction(TransactionRequest)
2025-07-01 12:19:11 - Mapped to com.banking.controller.TransactionController#createTransaction(TransactionRequest)
2025-07-01 12:19:11 - Mapped to com.banking.controller.TransactionController#createTransaction(TransactionRequest)
2025-07-01 12:19:11 - Read "application/json;charset=UTF-8" to [com.banking.dto.TransactionRequest@724fdf97]
2025-07-01 12:19:11 - Read "application/json;charset=UTF-8" to [com.banking.dto.TransactionRequest@2012b732]
2025-07-01 12:19:11 - Mapped to com.banking.controller.TransactionController#createTransaction(TransactionRequest)
2025-07-01 12:19:11 - Read "application/json;charset=UTF-8" to [com.banking.dto.TransactionRequest@458acf5d]
2025-07-01 12:19:11 - Read "application/json;charset=UTF-8" to [com.banking.dto.TransactionRequest@55de13b7]
2025-07-01 12:19:11 - Mapped to com.banking.controller.TransactionController#createTransaction(TransactionRequest)
2025-07-01 12:19:11 - Read "application/json;charset=UTF-8" to [com.banking.dto.TransactionRequest@66655a5a]
2025-07-01 12:19:11 - Using 'application/json', given [*/*] and supported [application/json, application/*+json]
2025-07-01 12:19:11 - Using 'application/json', given [*/*] and supported [application/json, application/*+json]
2025-07-01 12:19:11 - Read "application/json;charset=UTF-8" to [com.banking.dto.TransactionRequest@29896c6]
2025-07-01 12:19:11 - Writing [{data=com.banking.dto.TransactionResponse@33c11dd6, success=true, message=交易创建成功}]
2025-07-01 12:19:11 - Writing [{data=com.banking.dto.TransactionResponse@7157d252, success=true, message=交易创建成功}]
2025-07-01 12:19:11 - Using 'application/json', given [*/*] and supported [application/json, application/*+json]
2025-07-01 12:19:11 - Using 'application/json', given [*/*] and supported [application/json, application/*+json]
2025-07-01 12:19:11 - Using 'application/json', given [*/*] and supported [application/json, application/*+json]
2025-07-01 12:19:11 - Mapped to com.banking.controller.TransactionController#createTransaction(TransactionRequest)
2025-07-01 12:19:11 - Writing [{data=com.banking.dto.TransactionResponse@79238ae0, success=true, message=交易创建成功}]
2025-07-01 12:19:11 - Mapped to com.banking.controller.TransactionController#createTransaction(TransactionRequest)
2025-07-01 12:19:11 - Writing [{data=com.banking.dto.TransactionResponse@4be244f2, success=true, message=交易创建成功}]
2025-07-01 12:19:11 - Using 'application/json', given [*/*] and supported [application/json, application/*+json]
2025-07-01 12:19:11 - Writing [{data=com.banking.dto.TransactionResponse@56ebc6bb, success=true, message=交易创建成功}]
2025-07-01 12:19:11 - Mapped to com.banking.controller.TransactionController#createTransaction(TransactionRequest)
2025-07-01 12:19:11 - Read "application/json;charset=UTF-8" to [com.banking.dto.TransactionRequest@112d3255]
2025-07-01 12:19:11 - Using 'application/json', given [*/*] and supported [application/json, application/*+json]
2025-07-01 12:19:11 - Writing [{data=com.banking.dto.TransactionResponse@74d607a, success=true, message=交易创建成功}]
2025-07-01 12:19:11 - Read "application/json;charset=UTF-8" to [com.banking.dto.TransactionRequest@14cf0aba]
2025-07-01 12:19:11 - Mapped to com.banking.controller.TransactionController#createTransaction(TransactionRequest)
2025-07-01 12:19:11 - Writing [{data=com.banking.dto.TransactionResponse@5dc29a0a, success=true, message=交易创建成功}]
2025-07-01 12:19:11 - Read "application/json;charset=UTF-8" to [com.banking.dto.TransactionRequest@5167337e]
2025-07-01 12:19:11 - Mapped to com.banking.controller.TransactionController#createTransaction(TransactionRequest)
2025-07-01 12:19:11 - Using 'application/json', given [*/*] and supported [application/json, application/*+json]
2025-07-01 12:19:11 - Writing [{data=com.banking.dto.TransactionResponse@70b9a6d9, success=true, message=交易创建成功}]
2025-07-01 12:19:11 - Mapped to com.banking.controller.TransactionController#createTransaction(TransactionRequest)
2025-07-01 12:19:11 - Using 'application/json', given [*/*] and supported [application/json, application/*+json]
2025-07-01 12:19:11 - Using 'application/json', given [*/*] and supported [application/json, application/*+json]
2025-07-01 12:19:11 - Read "application/json;charset=UTF-8" to [com.banking.dto.TransactionRequest@7012bdd9]
2025-07-01 12:19:11 - Writing [{data=com.banking.dto.TransactionResponse@4241c850, success=true, message=交易创建成功}]
2025-07-01 12:19:11 - Writing [{data=com.banking.dto.TransactionResponse@5851b32d, success=true, message=交易创建成功}]
2025-07-01 12:19:11 - Read "application/json;charset=UTF-8" to [com.banking.dto.TransactionRequest@5d5d0894]
2025-07-01 12:19:11 - Mapped to com.banking.controller.TransactionController#createTransaction(TransactionRequest)
2025-07-01 12:19:11 - Read "application/json;charset=UTF-8" to [com.banking.dto.TransactionRequest@2d335175]
2025-07-01 12:19:11 - Mapped to com.banking.controller.TransactionController#createTransaction(TransactionRequest)
2025-07-01 12:19:11 - Read "application/json;charset=UTF-8" to [com.banking.dto.TransactionRequest@82059d5]
2025-07-01 12:19:11 - Mapped to com.banking.controller.TransactionController#createTransaction(TransactionRequest)
2025-07-01 12:19:11 - Read "application/json;charset=UTF-8" to [com.banking.dto.TransactionRequest@5d747174]
2025-07-01 12:19:11 - Mapped to com.banking.controller.TransactionController#createTransaction(TransactionRequest)
2025-07-01 12:19:11 - Mapped to com.banking.controller.TransactionController#createTransaction(TransactionRequest)
2025-07-01 12:19:11 - Using 'application/json', given [*/*] and supported [application/json, application/*+json]
2025-07-01 12:19:11 - Using 'application/json', given [*/*] and supported [application/json, application/*+json]
2025-07-01 12:19:11 - Writing [{data=com.banking.dto.TransactionResponse@52047938, success=true, message=交易创建成功}]
2025-07-01 12:19:11 - Writing [{data=com.banking.dto.TransactionResponse@4a51df8e, success=true, message=交易创建成功}]
2025-07-01 12:19:11 - Read "application/json;charset=UTF-8" to [com.banking.dto.TransactionRequest@39581798]
2025-07-01 12:19:11 - Read "application/json;charset=UTF-8" to [com.banking.dto.TransactionRequest@712d3ef8]
2025-07-01 12:19:11 - Read "application/json;charset=UTF-8" to [com.banking.dto.TransactionRequest@3a79786b]
2025-07-01 12:19:11 - Using 'application/json', given [*/*] and supported [application/json, application/*+json]
2025-07-01 12:19:11 - Using 'application/json', given [*/*] and supported [application/json, application/*+json]
2025-07-01 12:19:11 - Mapped to com.banking.controller.TransactionController#createTransaction(TransactionRequest)
2025-07-01 12:19:11 - Writing [{data=com.banking.dto.TransactionResponse@d303d78, success=true, message=交易创建成功}]
2025-07-01 12:19:11 - Writing [{data=com.banking.dto.TransactionResponse@360c6ebf, success=true, message=交易创建成功}]
2025-07-01 12:19:11 - Using 'application/json', given [*/*] and supported [application/json, application/*+json]
2025-07-01 12:19:11 - Using 'application/json', given [*/*] and supported [application/json, application/*+json]
2025-07-01 12:19:11 - Writing [{data=com.banking.dto.TransactionResponse@4f47daf8, success=true, message=交易创建成功}]
2025-07-01 12:19:11 - Writing [{data=com.banking.dto.TransactionResponse@c757c5a, success=true, message=交易创建成功}]
2025-07-01 12:19:11 - Using 'application/json', given [*/*] and supported [application/json, application/*+json]
2025-07-01 12:19:11 - Writing [{data=com.banking.dto.TransactionResponse@a285ab2, success=true, message=交易创建成功}]
2025-07-01 12:19:11 - Read "application/json;charset=UTF-8" to [com.banking.dto.TransactionRequest@537d2132]
2025-07-01 12:19:11 - Mapped to com.banking.controller.TransactionController#createTransaction(TransactionRequest)
2025-07-01 12:19:11 - Mapped to com.banking.controller.TransactionController#createTransaction(TransactionRequest)
2025-07-01 12:19:11 - Using 'application/json', given [*/*] and supported [application/json, application/*+json]
2025-07-01 12:19:11 - Writing [{data=com.banking.dto.TransactionResponse@32063921, success=true, message=交易创建成功}]
2025-07-01 12:19:11 - Using 'application/json', given [*/*] and supported [application/json, application/*+json]
2025-07-01 12:19:11 - Using 'application/json', given [*/*] and supported [application/json, application/*+json]
2025-07-01 12:19:11 - Writing [{data=com.banking.dto.TransactionResponse@18e9d389, success=true, message=交易创建成功}]
2025-07-01 12:19:11 - Writing [{data=com.banking.dto.TransactionResponse@267c81e5, success=true, message=交易创建成功}]
2025-07-01 12:19:11 - Mapped to com.banking.controller.TransactionController#createTransaction(TransactionRequest)
2025-07-01 12:19:11 - Read "application/json;charset=UTF-8" to [com.banking.dto.TransactionRequest@c4864fc]
2025-07-01 12:19:11 - Mapped to com.banking.controller.TransactionController#createTransaction(TransactionRequest)
2025-07-01 12:19:11 - Read "application/json;charset=UTF-8" to [com.banking.dto.TransactionRequest@29b87dc3]
2025-07-01 12:19:11 - Read "application/json;charset=UTF-8" to [com.banking.dto.TransactionRequest@585b3f1c]
2025-07-01 12:19:11 - Read "application/json;charset=UTF-8" to [com.banking.dto.TransactionRequest@265234ba]
2025-07-01 12:19:11 - Mapped to com.banking.controller.TransactionController#createTransaction(TransactionRequest)
2025-07-01 12:19:11 - Mapped to com.banking.controller.TransactionController#createTransaction(TransactionRequest)
2025-07-01 12:19:11 - Mapped to com.banking.controller.TransactionController#createTransaction(TransactionRequest)
2025-07-01 12:19:11 - Mapped to com.banking.controller.TransactionController#createTransaction(TransactionRequest)
2025-07-01 12:19:11 - Mapped to com.banking.controller.TransactionController#createTransaction(TransactionRequest)
2025-07-01 12:19:11 - Mapped to com.banking.controller.TransactionController#createTransaction(TransactionRequest)
2025-07-01 12:19:11 - Using 'application/json', given [*/*] and supported [application/json, application/*+json]
2025-07-01 12:19:11 - Read "application/json;charset=UTF-8" to [com.banking.dto.TransactionRequest@365b243d]
2025-07-01 12:19:11 - Using 'application/json', given [*/*] and supported [application/json, application/*+json]
2025-07-01 12:19:11 - Read "application/json;charset=UTF-8" to [com.banking.dto.TransactionRequest@a70e324]
2025-07-01 12:19:11 - Read "application/json;charset=UTF-8" to [com.banking.dto.TransactionRequest@40f3ea57]
2025-07-01 12:19:11 - Writing [{data=com.banking.dto.TransactionResponse@4e2ea078, success=true, message=交易创建成功}]
2025-07-01 12:19:11 - Writing [{data=com.banking.dto.TransactionResponse@329f1bcc, success=true, message=交易创建成功}]
2025-07-01 12:19:11 - Read "application/json;charset=UTF-8" to [com.banking.dto.TransactionRequest@4fd3c14f]
2025-07-01 12:19:11 - Read "application/json;charset=UTF-8" to [com.banking.dto.TransactionRequest@1379429c]
2025-07-01 12:19:11 - Read "application/json;charset=UTF-8" to [com.banking.dto.TransactionRequest@6c14ab45]
2025-07-01 12:19:11 - Mapped to com.banking.controller.TransactionController#createTransaction(TransactionRequest)
2025-07-01 12:19:11 - Mapped to com.banking.controller.TransactionController#createTransaction(TransactionRequest)
2025-07-01 12:19:11 - Using 'application/json', given [*/*] and supported [application/json, application/*+json]
2025-07-01 12:19:11 - Using 'application/json', given [*/*] and supported [application/json, application/*+json]
2025-07-01 12:19:11 - Writing [{data=com.banking.dto.TransactionResponse@1e10cf19, success=true, message=交易创建成功}]
2025-07-01 12:19:11 - Using 'application/json', given [*/*] and supported [application/json, application/*+json]
2025-07-01 12:19:11 - Writing [{data=com.banking.dto.TransactionResponse@1a5f7d8, success=true, message=交易创建成功}]
2025-07-01 12:19:11 - Using 'application/json', given [*/*] and supported [application/json, application/*+json]
2025-07-01 12:19:11 - Using 'application/json', given [*/*] and supported [application/json, application/*+json]
2025-07-01 12:19:11 - Read "application/json;charset=UTF-8" to [com.banking.dto.TransactionRequest@3c607e06]
2025-07-01 12:19:11 - Read "application/json;charset=UTF-8" to [com.banking.dto.TransactionRequest@332f26fb]
2025-07-01 12:19:11 - Writing [{data=com.banking.dto.TransactionResponse@14124fc6, success=true, message=交易创建成功}]
2025-07-01 12:19:11 - Writing [{data=com.banking.dto.TransactionResponse@7dd9bf36, success=true, message=交易创建成功}]
2025-07-01 12:19:11 - Writing [{data=com.banking.dto.TransactionResponse@76914fe1, success=true, message=交易创建成功}]
2025-07-01 12:19:11 - Using 'application/json', given [*/*] and supported [application/json, application/*+json]
2025-07-01 12:19:11 - Writing [{data=com.banking.dto.TransactionResponse@1b641a78, success=true, message=交易创建成功}]
2025-07-01 12:19:11 - Using 'application/json', given [*/*] and supported [application/json, application/*+json]
2025-07-01 12:19:11 - Using 'application/json', given [*/*] and supported [application/json, application/*+json]
2025-07-01 12:19:11 - Writing [{data=com.banking.dto.TransactionResponse@7f6d78a, success=true, message=交易创建成功}]
2025-07-01 12:19:11 - Writing [{data=com.banking.dto.TransactionResponse@4af817c6, success=true, message=交易创建成功}]
2025-07-01 12:19:11 - Mapped to com.banking.controller.TransactionController#createTransaction(TransactionRequest)
2025-07-01 12:19:11 - Mapped to com.banking.controller.TransactionController#createTransaction(TransactionRequest)
2025-07-01 12:19:11 - Read "application/json;charset=UTF-8" to [com.banking.dto.TransactionRequest@1f380f0b]
2025-07-01 12:19:11 - Using 'application/json', given [*/*] and supported [application/json, application/*+json]
2025-07-01 12:19:11 - Read "application/json;charset=UTF-8" to [com.banking.dto.TransactionRequest@61cf7b78]
2025-07-01 12:19:11 - Writing [{data=com.banking.dto.TransactionResponse@445b2e80, success=true, message=交易创建成功}]
2025-07-01 12:19:11 - Mapped to com.banking.controller.TransactionController#createTransaction(TransactionRequest)
2025-07-01 12:19:11 - Mapped to com.banking.controller.TransactionController#createTransaction(TransactionRequest)
2025-07-01 12:19:11 - Mapped to com.banking.controller.TransactionController#createTransaction(TransactionRequest)
2025-07-01 12:19:11 - Mapped to com.banking.controller.TransactionController#createTransaction(TransactionRequest)
2025-07-01 12:19:11 - Mapped to com.banking.controller.TransactionController#createTransaction(TransactionRequest)
2025-07-01 12:19:11 - Using 'application/json', given [*/*] and supported [application/json, application/*+json]
2025-07-01 12:19:11 - Mapped to com.banking.controller.TransactionController#createTransaction(TransactionRequest)
2025-07-01 12:19:11 - Mapped to com.banking.controller.TransactionController#createTransaction(TransactionRequest)
2025-07-01 12:19:11 - Writing [{data=com.banking.dto.TransactionResponse@7f4d2ed4, success=true, message=交易创建成功}]
2025-07-01 12:19:11 - Mapped to com.banking.controller.TransactionController#createTransaction(TransactionRequest)
2025-07-01 12:19:11 - Read "application/json;charset=UTF-8" to [com.banking.dto.TransactionRequest@3a673f16]
2025-07-01 12:19:11 - Read "application/json;charset=UTF-8" to [com.banking.dto.TransactionRequest@1936d160]
2025-07-01 12:19:11 - Read "application/json;charset=UTF-8" to [com.banking.dto.TransactionRequest@3cf21334]
2025-07-01 12:19:11 - Read "application/json;charset=UTF-8" to [com.banking.dto.TransactionRequest@17aa20aa]
2025-07-01 12:19:11 - Read "application/json;charset=UTF-8" to [com.banking.dto.TransactionRequest@2c1660aa]
2025-07-01 12:19:11 - Using 'application/json', given [*/*] and supported [application/json, application/*+json]
2025-07-01 12:19:11 - Read "application/json;charset=UTF-8" to [com.banking.dto.TransactionRequest@78190df8]
2025-07-01 12:19:11 - Read "application/json;charset=UTF-8" to [com.banking.dto.TransactionRequest@3cbd111a]
2025-07-01 12:19:11 - Using 'application/json', given [*/*] and supported [application/json, application/*+json]
2025-07-01 12:19:11 - Writing [{data=com.banking.dto.TransactionResponse@6f234a26, success=true, message=交易创建成功}]
2025-07-01 12:19:11 - Read "application/json;charset=UTF-8" to [com.banking.dto.TransactionRequest@7f37bd46]
2025-07-01 12:19:11 - Writing [{data=com.banking.dto.TransactionResponse@43fa025e, success=true, message=交易创建成功}]
2025-07-01 12:19:11 - Using 'application/json', given [*/*] and supported [application/json, application/*+json]
2025-07-01 12:19:11 - Using 'application/json', given [*/*] and supported [application/json, application/*+json]
2025-07-01 12:19:11 - Writing [{data=com.banking.dto.TransactionResponse@7a294592, success=true, message=交易创建成功}]
2025-07-01 12:19:11 - Writing [{data=com.banking.dto.TransactionResponse@2c8b0ea6, success=true, message=交易创建成功}]
2025-07-01 12:19:11 - Using 'application/json', given [*/*] and supported [application/json, application/*+json]
2025-07-01 12:19:11 - Writing [{data=com.banking.dto.TransactionResponse@16034b9d, success=true, message=交易创建成功}]
2025-07-01 12:19:11 - Mapped to com.banking.controller.TransactionController#createTransaction(TransactionRequest)
2025-07-01 12:19:11 - Using 'application/json', given [*/*] and supported [application/json, application/*+json]
2025-07-01 12:19:11 - Using 'application/json', given [*/*] and supported [application/json, application/*+json]
2025-07-01 12:19:11 - Writing [{data=com.banking.dto.TransactionResponse@7c56e86b, success=true, message=交易创建成功}]
2025-07-01 12:19:11 - Using 'application/json', given [*/*] and supported [application/json, application/*+json]
2025-07-01 12:19:11 - Writing [{data=com.banking.dto.TransactionResponse@6a8d579b, success=true, message=交易创建成功}]
2025-07-01 12:19:11 - Writing [{data=com.banking.dto.TransactionResponse@b6c7f6f, success=true, message=交易创建成功}]
2025-07-01 12:19:11 - Read "application/json;charset=UTF-8" to [com.banking.dto.TransactionRequest@609a692]
2025-07-01 12:19:11 - Mapped to com.banking.controller.TransactionController#createTransaction(TransactionRequest)
2025-07-01 12:19:11 - Using 'application/json', given [*/*] and supported [application/json, application/*+json]
2025-07-01 12:19:11 - Using 'application/json', given [*/*] and supported [application/json, application/*+json]
2025-07-01 12:19:11 - Read "application/json;charset=UTF-8" to [com.banking.dto.TransactionRequest@2c04a482]
2025-07-01 12:19:11 - Writing [{data=com.banking.dto.TransactionResponse@65a34734, success=true, message=交易创建成功}]
2025-07-01 12:19:11 - Writing [{data=com.banking.dto.TransactionResponse@4a0a9f59, success=true, message=交易创建成功}]
2025-07-01 12:19:11 - Using 'application/json', given [*/*] and supported [application/json, application/*+json]
2025-07-01 12:19:11 - Mapped to com.banking.controller.TransactionController#createTransaction(TransactionRequest)
2025-07-01 12:19:11 - Using 'application/json', given [*/*] and supported [application/json, application/*+json]
2025-07-01 12:19:11 - Mapped to com.banking.controller.TransactionController#createTransaction(TransactionRequest)
2025-07-01 12:19:11 - Mapped to com.banking.controller.TransactionController#createTransaction(TransactionRequest)
2025-07-01 12:19:11 - Writing [{data=com.banking.dto.TransactionResponse@353906e9, success=true, message=交易创建成功}]
2025-07-01 12:19:11 - Using 'application/json', given [*/*] and supported [application/json, application/*+json]
2025-07-01 12:19:11 - Mapped to com.banking.controller.TransactionController#createTransaction(TransactionRequest)
2025-07-01 12:19:11 - Mapped to com.banking.controller.TransactionController#createTransaction(TransactionRequest)
2025-07-01 12:19:11 - Writing [{data=com.banking.dto.TransactionResponse@7f04901a, success=true, message=交易创建成功}]
2025-07-01 12:19:11 - Mapped to com.banking.controller.TransactionController#createTransaction(TransactionRequest)
2025-07-01 12:19:11 - Mapped to com.banking.controller.TransactionController#createTransaction(TransactionRequest)
2025-07-01 12:19:11 - Using 'application/json', given [*/*] and supported [application/json, application/*+json]
2025-07-01 12:19:11 - Writing [{data=com.banking.dto.TransactionResponse@efa2372, success=true, message=交易创建成功}]
2025-07-01 12:19:11 - Read "application/json;charset=UTF-8" to [com.banking.dto.TransactionRequest@2c5b2c8a]
2025-07-01 12:19:11 - Mapped to com.banking.controller.TransactionController#createTransaction(TransactionRequest)
2025-07-01 12:19:11 - Writing [{data=com.banking.dto.TransactionResponse@2df93ee0, success=true, message=交易创建成功}]
2025-07-01 12:19:11 - Read "application/json;charset=UTF-8" to [com.banking.dto.TransactionRequest@25be00c7]
2025-07-01 12:19:11 - Read "application/json;charset=UTF-8" to [com.banking.dto.TransactionRequest@6c19a692]
2025-07-01 12:19:11 - Read "application/json;charset=UTF-8" to [com.banking.dto.TransactionRequest@1c3385a7]
2025-07-01 12:19:11 - Read "application/json;charset=UTF-8" to [com.banking.dto.TransactionRequest@5d3323a4]
2025-07-01 12:19:11 - Read "application/json;charset=UTF-8" to [com.banking.dto.TransactionRequest@79c899a6]
2025-07-01 12:19:11 - Read "application/json;charset=UTF-8" to [com.banking.dto.TransactionRequest@73a6b9cc]
2025-07-01 12:19:11 - Read "application/json;charset=UTF-8" to [com.banking.dto.TransactionRequest@7ccbc2c1]
2025-07-01 12:19:11 - Using 'application/json', given [*/*] and supported [application/json, application/*+json]
2025-07-01 12:19:11 - Mapped to com.banking.controller.TransactionController#createTransaction(TransactionRequest)
2025-07-01 12:19:11 - Mapped to com.banking.controller.TransactionController#createTransaction(TransactionRequest)
2025-07-01 12:19:11 - Writing [{data=com.banking.dto.TransactionResponse@5d63f357, success=true, message=交易创建成功}]
2025-07-01 12:19:11 - Mapped to com.banking.controller.TransactionController#createTransaction(TransactionRequest)
2025-07-01 12:19:11 - Using 'application/json', given [*/*] and supported [application/json, application/*+json]
2025-07-01 12:19:11 - Using 'application/json', given [*/*] and supported [application/json, application/*+json]
2025-07-01 12:19:11 - Using 'application/json', given [*/*] and supported [application/json, application/*+json]
2025-07-01 12:19:11 - Writing [{data=com.banking.dto.TransactionResponse@3a9c547b, success=true, message=交易创建成功}]
2025-07-01 12:19:11 - Writing [{data=com.banking.dto.TransactionResponse@1e2ad41a, success=true, message=交易创建成功}]
2025-07-01 12:19:11 - Using 'application/json', given [*/*] and supported [application/json, application/*+json]
2025-07-01 12:19:11 - Writing [{data=com.banking.dto.TransactionResponse@2d2c805e, success=true, message=交易创建成功}]
2025-07-01 12:19:11 - Using 'application/json', given [*/*] and supported [application/json, application/*+json]
2025-07-01 12:19:11 - Writing [{data=com.banking.dto.TransactionResponse@20a910a0, success=true, message=交易创建成功}]
2025-07-01 12:19:11 - Read "application/json;charset=UTF-8" to [com.banking.dto.TransactionRequest@16aed4d2]
2025-07-01 12:19:11 - Read "application/json;charset=UTF-8" to [com.banking.dto.TransactionRequest@76dede23]
2025-07-01 12:19:11 - Mapped to com.banking.controller.TransactionController#createTransaction(TransactionRequest)
2025-07-01 12:19:11 - Writing [{data=com.banking.dto.TransactionResponse@3a569f3a, success=true, message=交易创建成功}]
2025-07-01 12:19:11 - Read "application/json;charset=UTF-8" to [com.banking.dto.TransactionRequest@2a8614ba]
2025-07-01 12:19:11 - Mapped to com.banking.controller.TransactionController#createTransaction(TransactionRequest)
2025-07-01 12:19:11 - Mapped to com.banking.controller.TransactionController#createTransaction(TransactionRequest)
2025-07-01 12:19:11 - Read "application/json;charset=UTF-8" to [com.banking.dto.TransactionRequest@31c20818]
2025-07-01 12:19:11 - Using 'application/json', given [*/*] and supported [application/json, application/*+json]
2025-07-01 12:19:11 - Read "application/json;charset=UTF-8" to [com.banking.dto.TransactionRequest@545d0b12]
2025-07-01 12:19:11 - Writing [{data=com.banking.dto.TransactionResponse@57a5ea40, success=true, message=交易创建成功}]
2025-07-01 12:19:11 - Using 'application/json', given [*/*] and supported [application/json, application/*+json]
2025-07-01 12:19:11 - Using 'application/json', given [*/*] and supported [application/json, application/*+json]
2025-07-01 12:19:11 - Using 'application/json', given [*/*] and supported [application/json, application/*+json]
2025-07-01 12:19:11 - Writing [{data=com.banking.dto.TransactionResponse@110b1ca0, success=true, message=交易创建成功}]
2025-07-01 12:19:11 - Writing [{data=com.banking.dto.TransactionResponse@298f641f, success=true, message=交易创建成功}]
2025-07-01 12:19:11 - Writing [{data=com.banking.dto.TransactionResponse@32028707, success=true, message=交易创建成功}]
2025-07-01 12:19:11 - Read "application/json;charset=UTF-8" to [com.banking.dto.TransactionRequest@24decc70]
2025-07-01 12:19:11 - Mapped to com.banking.controller.TransactionController#createTransaction(TransactionRequest)
2025-07-01 12:19:11 - Mapped to com.banking.controller.TransactionController#createTransaction(TransactionRequest)
2025-07-01 12:19:11 - Mapped to com.banking.controller.TransactionController#createTransaction(TransactionRequest)
2025-07-01 12:19:11 - Mapped to com.banking.controller.TransactionController#createTransaction(TransactionRequest)
2025-07-01 12:19:11 - Mapped to com.banking.controller.TransactionController#createTransaction(TransactionRequest)
2025-07-01 12:19:11 - Mapped to com.banking.controller.TransactionController#createTransaction(TransactionRequest)
2025-07-01 12:19:11 - Read "application/json;charset=UTF-8" to [com.banking.dto.TransactionRequest@1956d3fb]
2025-07-01 12:19:11 - Read "application/json;charset=UTF-8" to [com.banking.dto.TransactionRequest@5dd5bbad]
2025-07-01 12:19:11 - Read "application/json;charset=UTF-8" to [com.banking.dto.TransactionRequest@47073e68]
2025-07-01 12:19:11 - Read "application/json;charset=UTF-8" to [com.banking.dto.TransactionRequest@774a4e01]
2025-07-01 12:19:11 - Read "application/json;charset=UTF-8" to [com.banking.dto.TransactionRequest@2ababd86]
2025-07-01 12:19:11 - Read "application/json;charset=UTF-8" to [com.banking.dto.TransactionRequest@2981623f]
2025-07-01 12:19:11 - Using 'application/json', given [*/*] and supported [application/json, application/*+json]
2025-07-01 12:19:11 - Using 'application/json', given [*/*] and supported [application/json, application/*+json]
2025-07-01 12:19:11 - Mapped to com.banking.controller.TransactionController#createTransaction(TransactionRequest)
2025-07-01 12:19:11 - Using 'application/json', given [*/*] and supported [application/json, application/*+json]
2025-07-01 12:19:11 - Mapped to com.banking.controller.TransactionController#createTransaction(TransactionRequest)
2025-07-01 12:19:11 - Writing [{data=com.banking.dto.TransactionResponse@6b78ffb1, success=true, message=交易创建成功}]
2025-07-01 12:19:11 - Writing [{data=com.banking.dto.TransactionResponse@4c17d24, success=true, message=交易创建成功}]
2025-07-01 12:19:11 - Writing [{data=com.banking.dto.TransactionResponse@7d75a291, success=true, message=交易创建成功}]
2025-07-01 12:19:11 - Using 'application/json', given [*/*] and supported [application/json, application/*+json]
2025-07-01 12:19:11 - Using 'application/json', given [*/*] and supported [application/json, application/*+json]
2025-07-01 12:19:11 - Writing [{data=com.banking.dto.TransactionResponse@67adbc4c, success=true, message=交易创建成功}]
2025-07-01 12:19:11 - Mapped to com.banking.controller.TransactionController#createTransaction(TransactionRequest)
2025-07-01 12:19:11 - Writing [{data=com.banking.dto.TransactionResponse@54539ee6, success=true, message=交易创建成功}]
2025-07-01 12:19:11 - Using 'application/json', given [*/*] and supported [application/json, application/*+json]
2025-07-01 12:19:11 - Read "application/json;charset=UTF-8" to [com.banking.dto.TransactionRequest@275f50b]
2025-07-01 12:19:11 - Writing [{data=com.banking.dto.TransactionResponse@2dee8b39, success=true, message=交易创建成功}]
2025-07-01 12:19:11 - Using 'application/json', given [*/*] and supported [application/json, application/*+json]
2025-07-01 12:19:11 - Using 'application/json', given [*/*] and supported [application/json, application/*+json]
2025-07-01 12:19:11 - Writing [{data=com.banking.dto.TransactionResponse@2e54e482, success=true, message=交易创建成功}]
2025-07-01 12:19:11 - Mapped to com.banking.controller.TransactionController#createTransaction(TransactionRequest)
2025-07-01 12:19:11 - Read "application/json;charset=UTF-8" to [com.banking.dto.TransactionRequest@3e962f77]
2025-07-01 12:19:11 - Read "application/json;charset=UTF-8" to [com.banking.dto.TransactionRequest@71c7d76a]
2025-07-01 12:19:11 - Writing [{data=com.banking.dto.TransactionResponse@4ee5bd7c, success=true, message=交易创建成功}]
2025-07-01 12:19:11 - Using 'application/json', given [*/*] and supported [application/json, application/*+json]
2025-07-01 12:19:11 - Using 'application/json', given [*/*] and supported [application/json, application/*+json]
2025-07-01 12:19:11 - Writing [{data=com.banking.dto.TransactionResponse@57332faf, success=true, message=交易创建成功}]
2025-07-01 12:19:11 - Read "application/json;charset=UTF-8" to [com.banking.dto.TransactionRequest@5653acef]
2025-07-01 12:19:11 - Writing [{data=com.banking.dto.TransactionResponse@f16d6ea, success=true, message=交易创建成功}]
2025-07-01 12:19:11 - Mapped to com.banking.controller.TransactionController#createTransaction(TransactionRequest)
2025-07-01 12:19:11 - Mapped to com.banking.controller.TransactionController#createTransaction(TransactionRequest)
2025-07-01 12:19:11 - Mapped to com.banking.controller.TransactionController#createTransaction(TransactionRequest)
2025-07-01 12:19:11 - Mapped to com.banking.controller.TransactionController#createTransaction(TransactionRequest)
2025-07-01 12:19:11 - Read "application/json;charset=UTF-8" to [com.banking.dto.TransactionRequest@66fa3612]
2025-07-01 12:19:11 - Read "application/json;charset=UTF-8" to [com.banking.dto.TransactionRequest@4c54a427]
2025-07-01 12:19:11 - Read "application/json;charset=UTF-8" to [com.banking.dto.TransactionRequest@68915bf0]
2025-07-01 12:19:11 - Read "application/json;charset=UTF-8" to [com.banking.dto.TransactionRequest@5a53153d]
2025-07-01 12:19:11 - Mapped to com.banking.controller.TransactionController#createTransaction(TransactionRequest)
2025-07-01 12:19:11 - Mapped to com.banking.controller.TransactionController#createTransaction(TransactionRequest)
2025-07-01 12:19:11 - Mapped to com.banking.controller.TransactionController#createTransaction(TransactionRequest)
2025-07-01 12:19:11 - Mapped to com.banking.controller.TransactionController#createTransaction(TransactionRequest)
2025-07-01 12:19:11 - Using 'application/json', given [*/*] and supported [application/json, application/*+json]
2025-07-01 12:19:11 - Using 'application/json', given [*/*] and supported [application/json, application/*+json]
2025-07-01 12:19:11 - Using 'application/json', given [*/*] and supported [application/json, application/*+json]
2025-07-01 12:19:11 - Using 'application/json', given [*/*] and supported [application/json, application/*+json]
2025-07-01 12:19:11 - Mapped to com.banking.controller.TransactionController#createTransaction(TransactionRequest)
2025-07-01 12:19:11 - Writing [{data=com.banking.dto.TransactionResponse@22665275, success=true, message=交易创建成功}]
2025-07-01 12:19:11 - Writing [{data=com.banking.dto.TransactionResponse@383123e7, success=true, message=交易创建成功}]
2025-07-01 12:19:11 - Using 'application/json', given [*/*] and supported [application/json, application/*+json]
2025-07-01 12:19:11 - Writing [{data=com.banking.dto.TransactionResponse@4681bef2, success=true, message=交易创建成功}]
2025-07-01 12:19:11 - Read "application/json;charset=UTF-8" to [com.banking.dto.TransactionRequest@4ab242a5]
2025-07-01 12:19:11 - Read "application/json;charset=UTF-8" to [com.banking.dto.TransactionRequest@7f01ab57]
2025-07-01 12:19:11 - Read "application/json;charset=UTF-8" to [com.banking.dto.TransactionRequest@7f3f76b4]
2025-07-01 12:19:11 - Read "application/json;charset=UTF-8" to [com.banking.dto.TransactionRequest@5a90d322]
2025-07-01 12:19:11 - Writing [{data=com.banking.dto.TransactionResponse@64053d28, success=true, message=交易创建成功}]
2025-07-01 12:19:11 - Mapped to com.banking.controller.TransactionController#createTransaction(TransactionRequest)
2025-07-01 12:19:11 - Read "application/json;charset=UTF-8" to [com.banking.dto.TransactionRequest@30f4016b]
2025-07-01 12:19:11 - Writing [{data=com.banking.dto.TransactionResponse@3130790d, success=true, message=交易创建成功}]
2025-07-01 12:19:11 - Using 'application/json', given [*/*] and supported [application/json, application/*+json]
2025-07-01 12:19:11 - Using 'application/json', given [*/*] and supported [application/json, application/*+json]
2025-07-01 12:19:11 - Writing [{data=com.banking.dto.TransactionResponse@5fa4d0cd, success=true, message=交易创建成功}]
2025-07-01 12:19:11 - Read "application/json;charset=UTF-8" to [com.banking.dto.TransactionRequest@744bc757]
2025-07-01 12:19:11 - Using 'application/json', given [*/*] and supported [application/json, application/*+json]
2025-07-01 12:19:11 - Writing [{data=com.banking.dto.TransactionResponse@4d3097de, success=true, message=交易创建成功}]
2025-07-01 12:19:11 - Writing [{data=com.banking.dto.TransactionResponse@294f1bc3, success=true, message=交易创建成功}]
2025-07-01 12:19:11 - Mapped to com.banking.controller.TransactionController#createTransaction(TransactionRequest)
2025-07-01 12:19:11 - Mapped to com.banking.controller.TransactionController#createTransaction(TransactionRequest)
2025-07-01 12:19:11 - Mapped to com.banking.controller.TransactionController#createTransaction(TransactionRequest)
2025-07-01 12:19:11 - Mapped to com.banking.controller.TransactionController#createTransaction(TransactionRequest)
2025-07-01 12:19:11 - Mapped to com.banking.controller.TransactionController#createTransaction(TransactionRequest)
2025-07-01 12:19:11 - Mapped to com.banking.controller.TransactionController#createTransaction(TransactionRequest)
2025-07-01 12:19:11 - Read "application/json;charset=UTF-8" to [com.banking.dto.TransactionRequest@4cf1b6f]
2025-07-01 12:19:11 - Mapped to com.banking.controller.TransactionController#createTransaction(TransactionRequest)
2025-07-01 12:19:11 - Using 'application/json', given [*/*] and supported [application/json, application/*+json]
2025-07-01 12:19:11 - Using 'application/json', given [*/*] and supported [application/json, application/*+json]
2025-07-01 12:19:11 - Read "application/json;charset=UTF-8" to [com.banking.dto.TransactionRequest@522b494d]
2025-07-01 12:19:11 - Read "application/json;charset=UTF-8" to [com.banking.dto.TransactionRequest@3a98ea61]
2025-07-01 12:19:11 - Writing [{data=com.banking.dto.TransactionResponse@7bdc0470, success=true, message=交易创建成功}]
2025-07-01 12:19:11 - Using 'application/json', given [*/*] and supported [application/json, application/*+json]
2025-07-01 12:19:11 - Writing [{data=com.banking.dto.TransactionResponse@1431033f, success=true, message=交易创建成功}]
2025-07-01 12:19:11 - Read "application/json;charset=UTF-8" to [com.banking.dto.TransactionRequest@1faee9e3]
2025-07-01 12:19:11 - Writing [{data=com.banking.dto.TransactionResponse@3e2c0850, success=true, message=交易创建成功}]
2025-07-01 12:19:11 - Read "application/json;charset=UTF-8" to [com.banking.dto.TransactionRequest@faa2d57]
2025-07-01 12:19:11 - Read "application/json;charset=UTF-8" to [com.banking.dto.TransactionRequest@8027a4a]
2025-07-01 12:19:11 - Read "application/json;charset=UTF-8" to [com.banking.dto.TransactionRequest@7ab0fb36]
2025-07-01 12:19:11 - Using 'application/json', given [*/*] and supported [application/json, application/*+json]
2025-07-01 12:19:11 - Using 'application/json', given [*/*] and supported [application/json, application/*+json]
2025-07-01 12:19:11 - Writing [{data=com.banking.dto.TransactionResponse@67022729, success=true, message=交易创建成功}]
2025-07-01 12:19:11 - Writing [{data=com.banking.dto.TransactionResponse@68e2d57b, success=true, message=交易创建成功}]
2025-07-01 12:19:11 - Mapped to com.banking.controller.TransactionController#createTransaction(TransactionRequest)
2025-07-01 12:19:11 - Mapped to com.banking.controller.TransactionController#createTransaction(TransactionRequest)
2025-07-01 12:19:11 - Mapped to com.banking.controller.TransactionController#createTransaction(TransactionRequest)
2025-07-01 12:19:11 - Using 'application/json', given [*/*] and supported [application/json, application/*+json]
2025-07-01 12:19:11 - Using 'application/json', given [*/*] and supported [application/json, application/*+json]
2025-07-01 12:19:11 - Using 'application/json', given [*/*] and supported [application/json, application/*+json]
2025-07-01 12:19:11 - Using 'application/json', given [*/*] and supported [application/json, application/*+json]
2025-07-01 12:19:11 - Read "application/json;charset=UTF-8" to [com.banking.dto.TransactionRequest@650c2009]
2025-07-01 12:19:11 - Writing [{data=com.banking.dto.TransactionResponse@68a240a9, success=true, message=交易创建成功}]
2025-07-01 12:19:11 - Writing [{data=com.banking.dto.TransactionResponse@37fcaa93, success=true, message=交易创建成功}]
2025-07-01 12:19:11 - Read "application/json;charset=UTF-8" to [com.banking.dto.TransactionRequest@7d01e4e2]
2025-07-01 12:19:11 - Writing [{data=com.banking.dto.TransactionResponse@1a74edbd, success=true, message=交易创建成功}]
2025-07-01 12:19:11 - Writing [{data=com.banking.dto.TransactionResponse@1d6955fd, success=true, message=交易创建成功}]
2025-07-01 12:19:11 - Read "application/json;charset=UTF-8" to [com.banking.dto.TransactionRequest@752dd18e]
2025-07-01 12:19:11 - Using 'application/json', given [*/*] and supported [application/json, application/*+json]
2025-07-01 12:19:11 - Writing [{data=com.banking.dto.TransactionResponse@13219480, success=true, message=交易创建成功}]
2025-07-01 12:19:11 - Mapped to com.banking.controller.TransactionController#createTransaction(TransactionRequest)
2025-07-01 12:19:11 - Using 'application/json', given [*/*] and supported [application/json, application/*+json]
2025-07-01 12:19:11 - Writing [{data=com.banking.dto.TransactionResponse@4fb06310, success=true, message=交易创建成功}]
2025-07-01 12:19:11 - Using 'application/json', given [*/*] and supported [application/json, application/*+json]
2025-07-01 12:19:11 - Writing [{data=com.banking.dto.TransactionResponse@5c361e85, success=true, message=交易创建成功}]
2025-07-01 12:19:11 - Read "application/json;charset=UTF-8" to [com.banking.dto.TransactionRequest@7ce5b958]
2025-07-01 12:19:11 - Mapped to com.banking.controller.TransactionController#createTransaction(TransactionRequest)
2025-07-01 12:19:11 - Mapped to com.banking.controller.TransactionController#createTransaction(TransactionRequest)
2025-07-01 12:19:11 - Mapped to com.banking.controller.TransactionController#createTransaction(TransactionRequest)
2025-07-01 12:19:11 - Mapped to com.banking.controller.TransactionController#createTransaction(TransactionRequest)
2025-07-01 12:19:11 - Read "application/json;charset=UTF-8" to [com.banking.dto.TransactionRequest@6446febe]
2025-07-01 12:19:11 - Read "application/json;charset=UTF-8" to [com.banking.dto.TransactionRequest@66167536]
2025-07-01 12:19:11 - Read "application/json;charset=UTF-8" to [com.banking.dto.TransactionRequest@49eceaeb]
2025-07-01 12:19:11 - Using 'application/json', given [*/*] and supported [application/json, application/*+json]
2025-07-01 12:19:11 - Read "application/json;charset=UTF-8" to [com.banking.dto.TransactionRequest@704ecc99]
2025-07-01 12:19:11 - Using 'application/json', given [*/*] and supported [application/json, application/*+json]
2025-07-01 12:19:11 - Writing [{data=com.banking.dto.TransactionResponse@4d034ea7, success=true, message=交易创建成功}]
2025-07-01 12:19:11 - Writing [{data=com.banking.dto.TransactionResponse@3b30e2f8, success=true, message=交易创建成功}]
2025-07-01 12:19:11 - Using 'application/json', given [*/*] and supported [application/json, application/*+json]
2025-07-01 12:19:11 - Using 'application/json', given [*/*] and supported [application/json, application/*+json]
2025-07-01 12:19:11 - Writing [{data=com.banking.dto.TransactionResponse@6960b6df, success=true, message=交易创建成功}]
2025-07-01 12:19:11 - Writing [{data=com.banking.dto.TransactionResponse@12b08cb9, success=true, message=交易创建成功}]
2025-07-01 12:19:11 - Mapped to com.banking.controller.TransactionController#createTransaction(TransactionRequest)
2025-07-01 12:19:11 - Using 'application/json', given [*/*] and supported [application/json, application/*+json]
2025-07-01 12:19:11 - Writing [{data=com.banking.dto.TransactionResponse@54dfcdde, success=true, message=交易创建成功}]
2025-07-01 12:19:11 - Mapped to com.banking.controller.TransactionController#createTransaction(TransactionRequest)
2025-07-01 12:19:11 - Mapped to com.banking.controller.TransactionController#createTransaction(TransactionRequest)
2025-07-01 12:19:12 - Using 'application/json', given [*/*] and supported [application/json, application/*+json]
2025-07-01 12:19:12 - Read "application/json;charset=UTF-8" to [com.banking.dto.TransactionRequest@6c9a5a8a]
2025-07-01 12:19:12 - Writing [{data=com.banking.dto.TransactionResponse@179427d6, success=true, message=交易创建成功}]
2025-07-01 12:19:12 - Read "application/json;charset=UTF-8" to [com.banking.dto.TransactionRequest@45134b30]
2025-07-01 12:19:12 - Read "application/json;charset=UTF-8" to [com.banking.dto.TransactionRequest@5548220a]
2025-07-01 12:19:12 - Using 'application/json', given [*/*] and supported [application/json, application/*+json]
2025-07-01 12:19:12 - Writing [{data=com.banking.dto.TransactionResponse@22a70d29, success=true, message=交易创建成功}]
2025-07-01 12:19:12 - Using 'application/json', given [*/*] and supported [application/json, application/*+json]
2025-07-01 12:19:12 - Writing [{data=com.banking.dto.TransactionResponse@3974b783, success=true, message=交易创建成功}]
2025-07-01 12:19:12 - Using 'application/json', given [*/*] and supported [application/json, application/*+json]
2025-07-01 12:19:12 - Writing [{data=com.banking.dto.TransactionResponse@a055e6b, success=true, message=交易创建成功}]
2025-07-01 12:19:12 - Mapped to com.banking.controller.TransactionController#createTransaction(TransactionRequest)
2025-07-01 12:19:12 - Mapped to com.banking.controller.TransactionController#createTransaction(TransactionRequest)
2025-07-01 12:19:12 - Mapped to com.banking.controller.TransactionController#createTransaction(TransactionRequest)
2025-07-01 12:19:12 - Mapped to com.banking.controller.TransactionController#createTransaction(TransactionRequest)
2025-07-01 12:19:12 - Using 'application/json', given [*/*] and supported [application/json, application/*+json]
2025-07-01 12:19:12 - Mapped to com.banking.controller.TransactionController#createTransaction(TransactionRequest)
2025-07-01 12:19:12 - Using 'application/json', given [*/*] and supported [application/json, application/*+json]
2025-07-01 12:19:12 - Writing [{data=com.banking.dto.TransactionResponse@7d43863c, success=true, message=交易创建成功}]
2025-07-01 12:19:12 - Writing [{data=com.banking.dto.TransactionResponse@343c7098, success=true, message=交易创建成功}]
2025-07-01 12:19:12 - Using 'application/json', given [*/*] and supported [application/json, application/*+json]
2025-07-01 12:19:12 - Read "application/json;charset=UTF-8" to [com.banking.dto.TransactionRequest@4706c636]
2025-07-01 12:19:12 - Read "application/json;charset=UTF-8" to [com.banking.dto.TransactionRequest@a08c0eb]
2025-07-01 12:19:12 - Writing [{data=com.banking.dto.TransactionResponse@2ee307d7, success=true, message=交易创建成功}]
2025-07-01 12:19:12 - Read "application/json;charset=UTF-8" to [com.banking.dto.TransactionRequest@5b4a9d73]
2025-07-01 12:19:12 - Read "application/json;charset=UTF-8" to [com.banking.dto.TransactionRequest@54de0b5f]
2025-07-01 12:19:12 - Using 'application/json', given [*/*] and supported [application/json, application/*+json]
2025-07-01 12:19:12 - Mapped to com.banking.controller.TransactionController#createTransaction(TransactionRequest)
2025-07-01 12:19:12 - Using 'application/json', given [*/*] and supported [application/json, application/*+json]
2025-07-01 12:19:12 - Writing [{data=com.banking.dto.TransactionResponse@b5244d8, success=true, message=交易创建成功}]
2025-07-01 12:19:12 - Read "application/json;charset=UTF-8" to [com.banking.dto.TransactionRequest@79ea956e]
2025-07-01 12:19:12 - Writing [{data=com.banking.dto.TransactionResponse@2da768e, success=true, message=交易创建成功}]
2025-07-01 12:19:12 - Read "application/json;charset=UTF-8" to [com.banking.dto.TransactionRequest@3e2db7a4]
2025-07-01 12:19:12 - Mapped to com.banking.controller.TransactionController#createTransaction(TransactionRequest)
2025-07-01 12:19:12 - Mapped to com.banking.controller.TransactionController#createTransaction(TransactionRequest)
2025-07-01 12:19:12 - Mapped to com.banking.controller.TransactionController#createTransaction(TransactionRequest)
2025-07-01 12:19:12 - Read "application/json;charset=UTF-8" to [com.banking.dto.TransactionRequest@5e9c7145]
2025-07-01 12:19:12 - Using 'application/json', given [*/*] and supported [application/json, application/*+json]
2025-07-01 12:19:12 - Writing [{data=com.banking.dto.TransactionResponse@26354591, success=true, message=交易创建成功}]
2025-07-01 12:19:12 - Read "application/json;charset=UTF-8" to [com.banking.dto.TransactionRequest@20d073a7]
2025-07-01 12:19:12 - Read "application/json;charset=UTF-8" to [com.banking.dto.TransactionRequest@7f555980]
2025-07-01 12:19:12 - Mapped to com.banking.controller.TransactionController#createTransaction(TransactionRequest)
2025-07-01 12:19:12 - Mapped to com.banking.controller.TransactionController#createTransaction(TransactionRequest)
2025-07-01 12:19:12 - Mapped to com.banking.controller.TransactionController#createTransaction(TransactionRequest)
2025-07-01 12:19:12 - Using 'application/json', given [*/*] and supported [application/json, application/*+json]
2025-07-01 12:19:12 - Using 'application/json', given [*/*] and supported [application/json, application/*+json]
2025-07-01 12:19:12 - Mapped to com.banking.controller.TransactionController#createTransaction(TransactionRequest)
2025-07-01 12:19:12 - Mapped to com.banking.controller.TransactionController#createTransaction(TransactionRequest)
2025-07-01 12:19:12 - Using 'application/json', given [*/*] and supported [application/json, application/*+json]
2025-07-01 12:19:12 - Writing [{data=com.banking.dto.TransactionResponse@747fc138, success=true, message=交易创建成功}]
2025-07-01 12:19:12 - Using 'application/json', given [*/*] and supported [application/json, application/*+json]
2025-07-01 12:19:12 - Writing [{data=com.banking.dto.TransactionResponse@c9c49a9, success=true, message=交易创建成功}]
2025-07-01 12:19:12 - Read "application/json;charset=UTF-8" to [com.banking.dto.TransactionRequest@7b934371]
2025-07-01 12:19:12 - Read "application/json;charset=UTF-8" to [com.banking.dto.TransactionRequest@690a0737]
2025-07-01 12:19:12 - Read "application/json;charset=UTF-8" to [com.banking.dto.TransactionRequest@63cd67bf]
2025-07-01 12:19:12 - Writing [{data=com.banking.dto.TransactionResponse@248e4e17, success=true, message=交易创建成功}]
2025-07-01 12:19:12 - Writing [{data=com.banking.dto.TransactionResponse@48f17121, success=true, message=交易创建成功}]
2025-07-01 12:19:12 - Using 'application/json', given [*/*] and supported [application/json, application/*+json]
2025-07-01 12:19:12 - Writing [{data=com.banking.dto.TransactionResponse@446be1cc, success=true, message=交易创建成功}]
2025-07-01 12:19:12 - Read "application/json;charset=UTF-8" to [com.banking.dto.TransactionRequest@1723db27]
2025-07-01 12:19:12 - Using 'application/json', given [*/*] and supported [application/json, application/*+json]
2025-07-01 12:19:12 - Writing [{data=com.banking.dto.TransactionResponse@24dd033d, success=true, message=交易创建成功}]
2025-07-01 12:19:12 - Read "application/json;charset=UTF-8" to [com.banking.dto.TransactionRequest@728513ee]
2025-07-01 12:19:12 - Using 'application/json', given [*/*] and supported [application/json, application/*+json]
2025-07-01 12:19:12 - Writing [{data=com.banking.dto.TransactionResponse@3a142a34, success=true, message=交易创建成功}]
2025-07-01 12:19:12 - Mapped to com.banking.controller.TransactionController#createTransaction(TransactionRequest)
2025-07-01 12:19:12 - Using 'application/json', given [*/*] and supported [application/json, application/*+json]
2025-07-01 12:19:12 - Writing [{data=com.banking.dto.TransactionResponse@1027a78c, success=true, message=交易创建成功}]
2025-07-01 12:19:12 - Using 'application/json', given [*/*] and supported [application/json, application/*+json]
2025-07-01 12:19:12 - Writing [{data=com.banking.dto.TransactionResponse@218b5a3d, success=true, message=交易创建成功}]
2025-07-01 12:19:12 - Read "application/json;charset=UTF-8" to [com.banking.dto.TransactionRequest@1076b9b3]
2025-07-01 12:19:12 - Using 'application/json', given [*/*] and supported [application/json, application/*+json]
2025-07-01 12:19:12 - Mapped to com.banking.controller.TransactionController#createTransaction(TransactionRequest)
2025-07-01 12:19:12 - Mapped to com.banking.controller.TransactionController#createTransaction(TransactionRequest)
2025-07-01 12:19:12 - Mapped to com.banking.controller.TransactionController#createTransaction(TransactionRequest)
2025-07-01 12:19:12 - Mapped to com.banking.controller.TransactionController#createTransaction(TransactionRequest)
2025-07-01 12:19:12 - Writing [{data=com.banking.dto.TransactionResponse@7c7a8891, success=true, message=交易创建成功}]
2025-07-01 12:19:12 - Mapped to com.banking.controller.TransactionController#createTransaction(TransactionRequest)
2025-07-01 12:19:12 - Read "application/json;charset=UTF-8" to [com.banking.dto.TransactionRequest@2fe5bbea]
2025-07-01 12:19:12 - Using 'application/json', given [*/*] and supported [application/json, application/*+json]
2025-07-01 12:19:12 - Read "application/json;charset=UTF-8" to [com.banking.dto.TransactionRequest@4b3dba0a]
2025-07-01 12:19:12 - Read "application/json;charset=UTF-8" to [com.banking.dto.TransactionRequest@7fe7bed4]
2025-07-01 12:19:12 - Mapped to com.banking.controller.TransactionController#createTransaction(TransactionRequest)
2025-07-01 12:19:12 - Read "application/json;charset=UTF-8" to [com.banking.dto.TransactionRequest@370ae40]
2025-07-01 12:19:12 - Using 'application/json', given [*/*] and supported [application/json, application/*+json]
2025-07-01 12:19:12 - Using 'application/json', given [*/*] and supported [application/json, application/*+json]
2025-07-01 12:19:12 - Read "application/json;charset=UTF-8" to [com.banking.dto.TransactionRequest@56ac0c60]
2025-07-01 12:19:12 - Writing [{data=com.banking.dto.TransactionResponse@10e7d742, success=true, message=交易创建成功}]
2025-07-01 12:19:12 - Writing [{data=com.banking.dto.TransactionResponse@359b3082, success=true, message=交易创建成功}]
2025-07-01 12:19:12 - Using 'application/json', given [*/*] and supported [application/json, application/*+json]
2025-07-01 12:19:12 - Writing [{data=com.banking.dto.TransactionResponse@21c058b7, success=true, message=交易创建成功}]
2025-07-01 12:19:12 - Using 'application/json', given [*/*] and supported [application/json, application/*+json]
2025-07-01 12:19:12 - Writing [{data=com.banking.dto.TransactionResponse@499ac519, success=true, message=交易创建成功}]
2025-07-01 12:19:12 - Writing [{data=com.banking.dto.TransactionResponse@498adc15, success=true, message=交易创建成功}]
2025-07-01 12:19:12 - Using 'application/json', given [*/*] and supported [application/json, application/*+json]
2025-07-01 12:19:12 - Writing [{data=com.banking.dto.TransactionResponse@7753d0a5, success=true, message=交易创建成功}]
2025-07-01 12:19:12 - Read "application/json;charset=UTF-8" to [com.banking.dto.TransactionRequest@741a868c]
2025-07-01 12:19:12 - Mapped to com.banking.controller.TransactionController#createTransaction(TransactionRequest)
2025-07-01 12:19:12 - Mapped to com.banking.controller.TransactionController#createTransaction(TransactionRequest)
2025-07-01 12:19:12 - Mapped to com.banking.controller.TransactionController#createTransaction(TransactionRequest)
2025-07-01 12:19:12 - Mapped to com.banking.controller.TransactionController#createTransaction(TransactionRequest)
2025-07-01 12:19:12 - Read "application/json;charset=UTF-8" to [com.banking.dto.TransactionRequest@7f0195e2]
2025-07-01 12:19:12 - Read "application/json;charset=UTF-8" to [com.banking.dto.TransactionRequest@39226393]
2025-07-01 12:19:12 - Read "application/json;charset=UTF-8" to [com.banking.dto.TransactionRequest@1c39a962]
2025-07-01 12:19:12 - Read "application/json;charset=UTF-8" to [com.banking.dto.TransactionRequest@86e881a]
2025-07-01 12:19:12 - Using 'application/json', given [*/*] and supported [application/json, application/*+json]
2025-07-01 12:19:12 - Using 'application/json', given [*/*] and supported [application/json, application/*+json]
2025-07-01 12:19:12 - Writing [{data=com.banking.dto.TransactionResponse@1c6a92d0, success=true, message=交易创建成功}]
2025-07-01 12:19:12 - Writing [{data=com.banking.dto.TransactionResponse@25291b28, success=true, message=交易创建成功}]
2025-07-01 12:19:12 - Using 'application/json', given [*/*] and supported [application/json, application/*+json]
2025-07-01 12:19:12 - Writing [{data=com.banking.dto.TransactionResponse@3787a57c, success=true, message=交易创建成功}]
2025-07-01 12:19:12 - Mapped to com.banking.controller.TransactionController#createTransaction(TransactionRequest)
2025-07-01 12:19:12 - Mapped to com.banking.controller.TransactionController#createTransaction(TransactionRequest)
2025-07-01 12:19:12 - Mapped to com.banking.controller.TransactionController#createTransaction(TransactionRequest)
2025-07-01 12:19:12 - Using 'application/json', given [*/*] and supported [application/json, application/*+json]
2025-07-01 12:19:12 - Using 'application/json', given [*/*] and supported [application/json, application/*+json]
2025-07-01 12:19:12 - Writing [{data=com.banking.dto.TransactionResponse@21f20888, success=true, message=交易创建成功}]
2025-07-01 12:19:12 - Mapped to com.banking.controller.TransactionController#createTransaction(TransactionRequest)
2025-07-01 12:19:12 - Using 'application/json', given [*/*] and supported [application/json, application/*+json]
2025-07-01 12:19:12 - Writing [{data=com.banking.dto.TransactionResponse@7dc8b34e, success=true, message=交易创建成功}]
2025-07-01 12:19:12 - Writing [{data=com.banking.dto.TransactionResponse@63498cee, success=true, message=交易创建成功}]
2025-07-01 12:19:12 - Mapped to com.banking.controller.TransactionController#createTransaction(TransactionRequest)
2025-07-01 12:19:12 - Using 'application/json', given [*/*] and supported [application/json, application/*+json]
2025-07-01 12:19:12 - Using 'application/json', given [*/*] and supported [application/json, application/*+json]
2025-07-01 12:19:12 - Mapped to com.banking.controller.TransactionController#createTransaction(TransactionRequest)
2025-07-01 12:19:12 - Writing [{data=com.banking.dto.TransactionResponse@6c7f79ae, success=true, message=交易创建成功}]
2025-07-01 12:19:12 - Writing [{data=com.banking.dto.TransactionResponse@52c087c8, success=true, message=交易创建成功}]
2025-07-01 12:19:12 - Using 'application/json', given [*/*] and supported [application/json, application/*+json]
2025-07-01 12:19:12 - Writing [{data=com.banking.dto.TransactionResponse@6fc7ef90, success=true, message=交易创建成功}]
2025-07-01 12:19:12 - Using 'application/json', given [*/*] and supported [application/json, application/*+json]
2025-07-01 12:19:12 - Read "application/json;charset=UTF-8" to [com.banking.dto.TransactionRequest@3f56804d]
2025-07-01 12:19:12 - Read "application/json;charset=UTF-8" to [com.banking.dto.TransactionRequest@2be12b5c]
2025-07-01 12:19:12 - Read "application/json;charset=UTF-8" to [com.banking.dto.TransactionRequest@73e4fde7]
2025-07-01 12:19:12 - Mapped to com.banking.controller.TransactionController#createTransaction(TransactionRequest)
2025-07-01 12:19:12 - Read "application/json;charset=UTF-8" to [com.banking.dto.TransactionRequest@52014605]
2025-07-01 12:19:12 - Read "application/json;charset=UTF-8" to [com.banking.dto.TransactionRequest@692978ff]
2025-07-01 12:19:12 - Mapped to com.banking.controller.TransactionController#createTransaction(TransactionRequest)
2025-07-01 12:19:12 - Read "application/json;charset=UTF-8" to [com.banking.dto.TransactionRequest@7c03387f]
2025-07-01 12:19:12 - Writing [{data=com.banking.dto.TransactionResponse@73bb05b, success=true, message=交易创建成功}]
2025-07-01 12:19:12 - Read "application/json;charset=UTF-8" to [com.banking.dto.TransactionRequest@30537044]
2025-07-01 12:19:12 - Read "application/json;charset=UTF-8" to [com.banking.dto.TransactionRequest@50822ead]
2025-07-01 12:19:12 - Mapped to com.banking.controller.TransactionController#createTransaction(TransactionRequest)
2025-07-01 12:19:12 - Read "application/json;charset=UTF-8" to [com.banking.dto.TransactionRequest@41232ac2]
2025-07-01 12:19:12 - Mapped to com.banking.controller.TransactionController#createTransaction(TransactionRequest)
2025-07-01 12:19:12 - Mapped to com.banking.controller.TransactionController#createTransaction(TransactionRequest)
2025-07-01 12:19:12 - Mapped to com.banking.controller.TransactionController#createTransaction(TransactionRequest)
2025-07-01 12:19:12 - Mapped to com.banking.controller.TransactionController#createTransaction(TransactionRequest)
2025-07-01 12:19:12 - Mapped to com.banking.controller.TransactionController#createTransaction(TransactionRequest)
2025-07-01 12:19:12 - Mapped to com.banking.controller.TransactionController#createTransaction(TransactionRequest)
2025-07-01 12:19:12 - Using 'application/json', given [*/*] and supported [application/json, application/*+json]
2025-07-01 12:19:12 - Using 'application/json', given [*/*] and supported [application/json, application/*+json]
2025-07-01 12:19:12 - Writing [{data=com.banking.dto.TransactionResponse@be8a612, success=true, message=交易创建成功}]
2025-07-01 12:19:12 - Writing [{data=com.banking.dto.TransactionResponse@6bd699ea, success=true, message=交易创建成功}]
2025-07-01 12:19:12 - Using 'application/json', given [*/*] and supported [application/json, application/*+json]
2025-07-01 12:19:12 - Using 'application/json', given [*/*] and supported [application/json, application/*+json]
2025-07-01 12:19:12 - Using 'application/json', given [*/*] and supported [application/json, application/*+json]
2025-07-01 12:19:12 - Writing [{data=com.banking.dto.TransactionResponse@1e257b7a, success=true, message=交易创建成功}]
2025-07-01 12:19:12 - Writing [{data=com.banking.dto.TransactionResponse@6d9b9736, success=true, message=交易创建成功}]
2025-07-01 12:19:12 - Writing [{data=com.banking.dto.TransactionResponse@39febe33, success=true, message=交易创建成功}]
2025-07-01 12:19:12 - Read "application/json;charset=UTF-8" to [com.banking.dto.TransactionRequest@1f076f88]
2025-07-01 12:19:12 - Read "application/json;charset=UTF-8" to [com.banking.dto.TransactionRequest@770531a1]
2025-07-01 12:19:12 - Read "application/json;charset=UTF-8" to [com.banking.dto.TransactionRequest@2c73b5f2]
2025-07-01 12:19:12 - Read "application/json;charset=UTF-8" to [com.banking.dto.TransactionRequest@195ef717]
2025-07-01 12:19:12 - Using 'application/json', given [*/*] and supported [application/json, application/*+json]
2025-07-01 12:19:12 - Using 'application/json', given [*/*] and supported [application/json, application/*+json]
2025-07-01 12:19:12 - Writing [{data=com.banking.dto.TransactionResponse@706a2b87, success=true, message=交易创建成功}]
2025-07-01 12:19:12 - Writing [{data=com.banking.dto.TransactionResponse@4012ef7a, success=true, message=交易创建成功}]
2025-07-01 12:19:12 - Using 'application/json', given [*/*] and supported [application/json, application/*+json]
2025-07-01 12:19:12 - Read "application/json;charset=UTF-8" to [com.banking.dto.TransactionRequest@584feffe]
2025-07-01 12:19:12 - Read "application/json;charset=UTF-8" to [com.banking.dto.TransactionRequest@2a82571]
2025-07-01 12:19:12 - Writing [{data=com.banking.dto.TransactionResponse@4266b6d8, success=true, message=交易创建成功}]
2025-07-01 12:19:12 - Using 'application/json', given [*/*] and supported [application/json, application/*+json]
2025-07-01 12:19:12 - Writing [{data=com.banking.dto.TransactionResponse@3dce8733, success=true, message=交易创建成功}]
2025-07-01 12:19:12 - Mapped to com.banking.controller.TransactionController#createTransaction(TransactionRequest)
2025-07-01 12:19:12 - Using 'application/json', given [*/*] and supported [application/json, application/*+json]
2025-07-01 12:19:12 - Writing [{data=com.banking.dto.TransactionResponse@9d3a151, success=true, message=交易创建成功}]
2025-07-01 12:19:12 - Read "application/json;charset=UTF-8" to [com.banking.dto.TransactionRequest@37dd5cb8]
2025-07-01 12:19:12 - Mapped to com.banking.controller.TransactionController#createTransaction(TransactionRequest)
2025-07-01 12:19:12 - Mapped to com.banking.controller.TransactionController#createTransaction(TransactionRequest)
2025-07-01 12:19:12 - Mapped to com.banking.controller.TransactionController#createTransaction(TransactionRequest)
2025-07-01 12:19:12 - Mapped to com.banking.controller.TransactionController#createTransaction(TransactionRequest)
2025-07-01 12:19:12 - Mapped to com.banking.controller.TransactionController#createTransaction(TransactionRequest)
2025-07-01 12:19:12 - Mapped to com.banking.controller.TransactionController#createTransaction(TransactionRequest)
2025-07-01 12:19:12 - Read "application/json;charset=UTF-8" to [com.banking.dto.TransactionRequest@68ff59a4]
2025-07-01 12:19:12 - Read "application/json;charset=UTF-8" to [com.banking.dto.TransactionRequest@56354ae6]
2025-07-01 12:19:12 - Read "application/json;charset=UTF-8" to [com.banking.dto.TransactionRequest@23ca843e]
2025-07-01 12:19:12 - Read "application/json;charset=UTF-8" to [com.banking.dto.TransactionRequest@7e501eef]
2025-07-01 12:19:12 - Read "application/json;charset=UTF-8" to [com.banking.dto.TransactionRequest@63cb70d3]
2025-07-01 12:19:12 - Mapped to com.banking.controller.TransactionController#createTransaction(TransactionRequest)
2025-07-01 12:19:12 - Read "application/json;charset=UTF-8" to [com.banking.dto.TransactionRequest@20d962e5]
2025-07-01 12:19:12 - Mapped to com.banking.controller.TransactionController#createTransaction(TransactionRequest)
2025-07-01 12:19:12 - Using 'application/json', given [*/*] and supported [application/json, application/*+json]
2025-07-01 12:19:12 - Using 'application/json', given [*/*] and supported [application/json, application/*+json]
2025-07-01 12:19:12 - Using 'application/json', given [*/*] and supported [application/json, application/*+json]
2025-07-01 12:19:12 - Read "application/json;charset=UTF-8" to [com.banking.dto.TransactionRequest@65677dab]
2025-07-01 12:19:12 - Writing [{data=com.banking.dto.TransactionResponse@7963019f, success=true, message=交易创建成功}]
2025-07-01 12:19:12 - Using 'application/json', given [*/*] and supported [application/json, application/*+json]
2025-07-01 12:19:12 - Read "application/json;charset=UTF-8" to [com.banking.dto.TransactionRequest@7c7205e7]
2025-07-01 12:19:12 - Writing [{data=com.banking.dto.TransactionResponse@6900d8d4, success=true, message=交易创建成功}]
2025-07-01 12:19:12 - Writing [{data=com.banking.dto.TransactionResponse@3ce8e336, success=true, message=交易创建成功}]
2025-07-01 12:19:12 - Using 'application/json', given [*/*] and supported [application/json, application/*+json]
2025-07-01 12:19:12 - Mapped to com.banking.controller.TransactionController#createTransaction(TransactionRequest)
2025-07-01 12:19:12 - Writing [{data=com.banking.dto.TransactionResponse@c976e30, success=true, message=交易创建成功}]
2025-07-01 12:19:12 - Mapped to com.banking.controller.TransactionController#createTransaction(TransactionRequest)
2025-07-01 12:19:12 - Writing [{data=com.banking.dto.TransactionResponse@1dac8d4, success=true, message=交易创建成功}]
2025-07-01 12:19:12 - Using 'application/json', given [*/*] and supported [application/json, application/*+json]
2025-07-01 12:19:12 - Using 'application/json', given [*/*] and supported [application/json, application/*+json]
2025-07-01 12:19:12 - Writing [{data=com.banking.dto.TransactionResponse@27dd25f6, success=true, message=交易创建成功}]
2025-07-01 12:19:12 - Using 'application/json', given [*/*] and supported [application/json, application/*+json]
2025-07-01 12:19:12 - Writing [{data=com.banking.dto.TransactionResponse@699609e2, success=true, message=交易创建成功}]
2025-07-01 12:19:12 - Read "application/json;charset=UTF-8" to [com.banking.dto.TransactionRequest@37a6b98]
2025-07-01 12:19:12 - Writing [{data=com.banking.dto.TransactionResponse@3ce4c662, success=true, message=交易创建成功}]
2025-07-01 12:19:12 - Using 'application/json', given [*/*] and supported [application/json, application/*+json]
2025-07-01 12:19:12 - Writing [{data=com.banking.dto.TransactionResponse@68e119d2, success=true, message=交易创建成功}]
2025-07-01 12:19:12 - Read "application/json;charset=UTF-8" to [com.banking.dto.TransactionRequest@5f08121]
2025-07-01 12:19:12 - Using 'application/json', given [*/*] and supported [application/json, application/*+json]
2025-07-01 12:19:12 - Writing [{data=com.banking.dto.TransactionResponse@7852c82c, success=true, message=交易创建成功}]
2025-07-01 12:19:12 - Mapped to com.banking.controller.TransactionController#createTransaction(TransactionRequest)
2025-07-01 12:19:12 - Mapped to com.banking.controller.TransactionController#createTransaction(TransactionRequest)
2025-07-01 12:19:12 - Mapped to com.banking.controller.TransactionController#createTransaction(TransactionRequest)
2025-07-01 12:19:12 - Mapped to com.banking.controller.TransactionController#createTransaction(TransactionRequest)
2025-07-01 12:19:12 - Mapped to com.banking.controller.TransactionController#createTransaction(TransactionRequest)
2025-07-01 12:19:12 - Mapped to com.banking.controller.TransactionController#createTransaction(TransactionRequest)
2025-07-01 12:19:12 - Using 'application/json', given [*/*] and supported [application/json, application/*+json]
2025-07-01 12:19:12 - Using 'application/json', given [*/*] and supported [application/json, application/*+json]
2025-07-01 12:19:12 - Read "application/json;charset=UTF-8" to [com.banking.dto.TransactionRequest@57192f1e]
2025-07-01 12:19:12 - Writing [{data=com.banking.dto.TransactionResponse@1a85ddde, success=true, message=交易创建成功}]
2025-07-01 12:19:12 - Using 'application/json', given [*/*] and supported [application/json, application/*+json]
2025-07-01 12:19:12 - Writing [{data=com.banking.dto.TransactionResponse@14f5353b, success=true, message=交易创建成功}]
2025-07-01 12:19:12 - Read "application/json;charset=UTF-8" to [com.banking.dto.TransactionRequest@34d8396d]
2025-07-01 12:19:12 - Mapped to com.banking.controller.TransactionController#createTransaction(TransactionRequest)
2025-07-01 12:19:12 - Read "application/json;charset=UTF-8" to [com.banking.dto.TransactionRequest@6e40f6f2]
2025-07-01 12:19:12 - Writing [{data=com.banking.dto.TransactionResponse@1d8486a4, success=true, message=交易创建成功}]
2025-07-01 12:19:12 - Mapped to com.banking.controller.TransactionController#createTransaction(TransactionRequest)
2025-07-01 12:19:12 - Read "application/json;charset=UTF-8" to [com.banking.dto.TransactionRequest@436b6c9e]
2025-07-01 12:19:12 - Read "application/json;charset=UTF-8" to [com.banking.dto.TransactionRequest@2d318638]
2025-07-01 12:19:12 - Mapped to com.banking.controller.TransactionController#createTransaction(TransactionRequest)
2025-07-01 12:19:12 - Read "application/json;charset=UTF-8" to [com.banking.dto.TransactionRequest@180d517c]
2025-07-01 12:19:12 - Using 'application/json', given [*/*] and supported [application/json, application/*+json]
2025-07-01 12:19:12 - Using 'application/json', given [*/*] and supported [application/json, application/*+json]
2025-07-01 12:19:12 - Using 'application/json', given [*/*] and supported [application/json, application/*+json]
2025-07-01 12:19:12 - Writing [{data=com.banking.dto.TransactionResponse@51f7f6d0, success=true, message=交易创建成功}]
2025-07-01 12:19:12 - Read "application/json;charset=UTF-8" to [com.banking.dto.TransactionRequest@460b9b7c]
2025-07-01 12:19:12 - Using 'application/json', given [*/*] and supported [application/json, application/*+json]
2025-07-01 12:19:12 - Using 'application/json', given [*/*] and supported [application/json, application/*+json]
2025-07-01 12:19:12 - Writing [{data=com.banking.dto.TransactionResponse@534b9cd2, success=true, message=交易创建成功}]
2025-07-01 12:19:12 - Writing [{data=com.banking.dto.TransactionResponse@3a8ef193, success=true, message=交易创建成功}]
2025-07-01 12:19:12 - Mapped to com.banking.controller.TransactionController#createTransaction(TransactionRequest)
2025-07-01 12:19:12 - Read "application/json;charset=UTF-8" to [com.banking.dto.TransactionRequest@20553b00]
2025-07-01 12:19:12 - Writing [{data=com.banking.dto.TransactionResponse@571894ae, success=true, message=交易创建成功}]
2025-07-01 12:19:12 - Writing [{data=com.banking.dto.TransactionResponse@7da6fcd0, success=true, message=交易创建成功}]
2025-07-01 12:19:12 - Read "application/json;charset=UTF-8" to [com.banking.dto.TransactionRequest@3e80d52e]
2025-07-01 12:19:12 - Using 'application/json', given [*/*] and supported [application/json, application/*+json]
2025-07-01 12:19:12 - Read "application/json;charset=UTF-8" to [com.banking.dto.TransactionRequest@4766bade]
2025-07-01 12:19:12 - Writing [{data=com.banking.dto.TransactionResponse@3ca5f66b, success=true, message=交易创建成功}]
2025-07-01 12:19:12 - Using 'application/json', given [*/*] and supported [application/json, application/*+json]
2025-07-01 12:19:12 - Writing [{data=com.banking.dto.TransactionResponse@1b253bef, success=true, message=交易创建成功}]
2025-07-01 12:19:12 - Mapped to com.banking.controller.TransactionController#createTransaction(TransactionRequest)
2025-07-01 12:19:12 - Mapped to com.banking.controller.TransactionController#createTransaction(TransactionRequest)
2025-07-01 12:19:12 - Mapped to com.banking.controller.TransactionController#createTransaction(TransactionRequest)
2025-07-01 12:19:12 - Mapped to com.banking.controller.TransactionController#createTransaction(TransactionRequest)
2025-07-01 12:19:12 - Mapped to com.banking.controller.TransactionController#createTransaction(TransactionRequest)
2025-07-01 12:19:12 - Read "application/json;charset=UTF-8" to [com.banking.dto.TransactionRequest@5d8b5cd]
2025-07-01 12:19:12 - Read "application/json;charset=UTF-8" to [com.banking.dto.TransactionRequest@22bc7e5b]
2025-07-01 12:19:12 - Read "application/json;charset=UTF-8" to [com.banking.dto.TransactionRequest@5a55e830]
2025-07-01 12:19:12 - Using 'application/json', given [*/*] and supported [application/json, application/*+json]
2025-07-01 12:19:12 - Using 'application/json', given [*/*] and supported [application/json, application/*+json]
2025-07-01 12:19:12 - Read "application/json;charset=UTF-8" to [com.banking.dto.TransactionRequest@19d3217b]
2025-07-01 12:19:12 - Writing [{data=com.banking.dto.TransactionResponse@99770fb, success=true, message=交易创建成功}]
2025-07-01 12:19:12 - Mapped to com.banking.controller.TransactionController#createTransaction(TransactionRequest)
2025-07-01 12:19:12 - Using 'application/json', given [*/*] and supported [application/json, application/*+json]
2025-07-01 12:19:12 - Mapped to com.banking.controller.TransactionController#createTransaction(TransactionRequest)
2025-07-01 12:19:12 - Mapped to com.banking.controller.TransactionController#createTransaction(TransactionRequest)
2025-07-01 12:19:12 - Writing [{data=com.banking.dto.TransactionResponse@7895eea0, success=true, message=交易创建成功}]
2025-07-01 12:19:12 - Writing [{data=com.banking.dto.TransactionResponse@19773205, success=true, message=交易创建成功}]
2025-07-01 12:19:12 - Read "application/json;charset=UTF-8" to [com.banking.dto.TransactionRequest@74c4c50e]
2025-07-01 12:19:12 - Using 'application/json', given [*/*] and supported [application/json, application/*+json]
2025-07-01 12:19:12 - Writing [{data=com.banking.dto.TransactionResponse@15043829, success=true, message=交易创建成功}]
2025-07-01 12:19:12 - Read "application/json;charset=UTF-8" to [com.banking.dto.TransactionRequest@2adcccb2]
2025-07-01 12:19:12 - Read "application/json;charset=UTF-8" to [com.banking.dto.TransactionRequest@bfb68de]
2025-07-01 12:19:12 - Read "application/json;charset=UTF-8" to [com.banking.dto.TransactionRequest@5c648f8d]
2025-07-01 12:19:12 - Using 'application/json', given [*/*] and supported [application/json, application/*+json]
2025-07-01 12:19:12 - Using 'application/json', given [*/*] and supported [application/json, application/*+json]
2025-07-01 12:19:12 - Writing [{data=com.banking.dto.TransactionResponse@52cd1503, success=true, message=交易创建成功}]
2025-07-01 12:19:12 - Writing [{data=com.banking.dto.TransactionResponse@4c239ebd, success=true, message=交易创建成功}]
2025-07-01 12:19:12 - Using 'application/json', given [*/*] and supported [application/json, application/*+json]
2025-07-01 12:19:12 - Writing [{data=com.banking.dto.TransactionResponse@4441cfe0, success=true, message=交易创建成功}]
2025-07-01 12:19:12 - Using 'application/json', given [*/*] and supported [application/json, application/*+json]
2025-07-01 12:19:12 - Writing [{data=com.banking.dto.TransactionResponse@23f578a, success=true, message=交易创建成功}]
2025-07-01 12:19:12 - Mapped to com.banking.controller.TransactionController#createTransaction(TransactionRequest)
2025-07-01 12:19:12 - Mapped to com.banking.controller.TransactionController#createTransaction(TransactionRequest)
2025-07-01 12:19:12 - Using 'application/json', given [*/*] and supported [application/json, application/*+json]
2025-07-01 12:19:12 - Using 'application/json', given [*/*] and supported [application/json, application/*+json]
2025-07-01 12:19:12 - Writing [{data=com.banking.dto.TransactionResponse@70eedd42, success=true, message=交易创建成功}]
2025-07-01 12:19:12 - Writing [{data=com.banking.dto.TransactionResponse@6d16a949, success=true, message=交易创建成功}]
2025-07-01 12:19:12 - Read "application/json;charset=UTF-8" to [com.banking.dto.TransactionRequest@7abba1e1]
2025-07-01 12:19:12 - Read "application/json;charset=UTF-8" to [com.banking.dto.TransactionRequest@2cb96e87]
2025-07-01 12:19:12 - Mapped to com.banking.controller.TransactionController#createTransaction(TransactionRequest)
2025-07-01 12:19:12 - Mapped to com.banking.controller.TransactionController#createTransaction(TransactionRequest)
2025-07-01 12:19:12 - Mapped to com.banking.controller.TransactionController#createTransaction(TransactionRequest)
2025-07-01 12:19:12 - Mapped to com.banking.controller.TransactionController#createTransaction(TransactionRequest)
2025-07-01 12:19:12 - Mapped to com.banking.controller.TransactionController#createTransaction(TransactionRequest)
2025-07-01 12:19:12 - Read "application/json;charset=UTF-8" to [com.banking.dto.TransactionRequest@55a7b213]
2025-07-01 12:19:12 - Read "application/json;charset=UTF-8" to [com.banking.dto.TransactionRequest@657d55f0]
2025-07-01 12:19:12 - Read "application/json;charset=UTF-8" to [com.banking.dto.TransactionRequest@2ad46d36]
2025-07-01 12:19:12 - Using 'application/json', given [*/*] and supported [application/json, application/*+json]
2025-07-01 12:19:12 - Mapped to com.banking.controller.TransactionController#createTransaction(TransactionRequest)
2025-07-01 12:19:12 - Using 'application/json', given [*/*] and supported [application/json, application/*+json]
2025-07-01 12:19:12 - Writing [{data=com.banking.dto.TransactionResponse@c040f5e, success=true, message=交易创建成功}]
2025-07-01 12:19:12 - Writing [{data=com.banking.dto.TransactionResponse@62312fe3, success=true, message=交易创建成功}]
2025-07-01 12:19:12 - Using 'application/json', given [*/*] and supported [application/json, application/*+json]
2025-07-01 12:19:12 - Writing [{data=com.banking.dto.TransactionResponse@463dda8b, success=true, message=交易创建成功}]
2025-07-01 12:19:12 - Read "application/json;charset=UTF-8" to [com.banking.dto.TransactionRequest@786f45f3]
2025-07-01 12:19:12 - Read "application/json;charset=UTF-8" to [com.banking.dto.TransactionRequest@4cc38534]
2025-07-01 12:19:12 - Mapped to com.banking.controller.TransactionController#createTransaction(TransactionRequest)
2025-07-01 12:19:12 - Read "application/json;charset=UTF-8" to [com.banking.dto.TransactionRequest@3031689e]
2025-07-01 12:19:12 - Using 'application/json', given [*/*] and supported [application/json, application/*+json]
2025-07-01 12:19:12 - Writing [{data=com.banking.dto.TransactionResponse@6509217f, success=true, message=交易创建成功}]
2025-07-01 12:19:12 - Read "application/json;charset=UTF-8" to [com.banking.dto.TransactionRequest@5177916a]
2025-07-01 12:19:12 - Using 'application/json', given [*/*] and supported [application/json, application/*+json]
2025-07-01 12:19:12 - Mapped to com.banking.controller.TransactionController#createTransaction(TransactionRequest)
2025-07-01 12:19:12 - Mapped to com.banking.controller.TransactionController#createTransaction(TransactionRequest)
2025-07-01 12:19:12 - Writing [{data=com.banking.dto.TransactionResponse@a63c364, success=true, message=交易创建成功}]
2025-07-01 12:19:12 - Using 'application/json', given [*/*] and supported [application/json, application/*+json]
2025-07-01 12:19:12 - Writing [{data=com.banking.dto.TransactionResponse@35a5071d, success=true, message=交易创建成功}]
2025-07-01 12:19:12 - Read "application/json;charset=UTF-8" to [com.banking.dto.TransactionRequest@2b4b142e]
2025-07-01 12:19:12 - Using 'application/json', given [*/*] and supported [application/json, application/*+json]
2025-07-01 12:19:12 - Read "application/json;charset=UTF-8" to [com.banking.dto.TransactionRequest@130e1184]
2025-07-01 12:19:12 - Writing [{data=com.banking.dto.TransactionResponse@59702935, success=true, message=交易创建成功}]
2025-07-01 12:19:12 - Using 'application/json', given [*/*] and supported [application/json, application/*+json]
2025-07-01 12:19:12 - Using 'application/json', given [*/*] and supported [application/json, application/*+json]
2025-07-01 12:19:12 - Using 'application/json', given [*/*] and supported [application/json, application/*+json]
2025-07-01 12:19:12 - Writing [{data=com.banking.dto.TransactionResponse@4c26279e, success=true, message=交易创建成功}]
2025-07-01 12:19:12 - Writing [{data=com.banking.dto.TransactionResponse@67044678, success=true, message=交易创建成功}]
2025-07-01 12:19:12 - Writing [{data=com.banking.dto.TransactionResponse@7f6d8ccc, success=true, message=交易创建成功}]
2025-07-01 12:19:12 - Mapped to com.banking.controller.TransactionController#createTransaction(TransactionRequest)
2025-07-01 12:19:12 - Mapped to com.banking.controller.TransactionController#createTransaction(TransactionRequest)
2025-07-01 12:19:12 - Read "application/json;charset=UTF-8" to [com.banking.dto.TransactionRequest@625b7709]
2025-07-01 12:19:12 - Read "application/json;charset=UTF-8" to [com.banking.dto.TransactionRequest@6ea9b56e]
2025-07-01 12:19:12 - Using 'application/json', given [*/*] and supported [application/json, application/*+json]
2025-07-01 12:19:12 - Using 'application/json', given [*/*] and supported [application/json, application/*+json]
2025-07-01 12:19:12 - Using 'application/json', given [*/*] and supported [application/json, application/*+json]
2025-07-01 12:19:12 - Writing [{data=com.banking.dto.TransactionResponse@e1dac6f, success=true, message=交易创建成功}]
2025-07-01 12:19:12 - Writing [{data=com.banking.dto.TransactionResponse@4dbc9d2, success=true, message=交易创建成功}]
2025-07-01 12:19:12 - Writing [{data=com.banking.dto.TransactionResponse@479c21b6, success=true, message=交易创建成功}]
2025-07-01 12:19:12 - Using 'application/json', given [*/*] and supported [application/json, application/*+json]
2025-07-01 12:19:12 - Writing [{data=com.banking.dto.TransactionResponse@70f053e9, success=true, message=交易创建成功}]
2025-07-01 12:19:12 - Mapped to com.banking.controller.TransactionController#createTransaction(TransactionRequest)
2025-07-01 12:19:12 - Mapped to com.banking.controller.TransactionController#createTransaction(TransactionRequest)
2025-07-01 12:19:12 - Mapped to com.banking.controller.TransactionController#createTransaction(TransactionRequest)
2025-07-01 12:19:12 - Using 'application/json', given [*/*] and supported [application/json, application/*+json]
2025-07-01 12:19:12 - Writing [{data=com.banking.dto.TransactionResponse@3e44b610, success=true, message=交易创建成功}]
2025-07-01 12:19:12 - Mapped to com.banking.controller.TransactionController#createTransaction(TransactionRequest)
2025-07-01 12:19:12 - Mapped to com.banking.controller.TransactionController#createTransaction(TransactionRequest)
2025-07-01 12:19:12 - Read "application/json;charset=UTF-8" to [com.banking.dto.TransactionRequest@54106d6]
2025-07-01 12:19:12 - Read "application/json;charset=UTF-8" to [com.banking.dto.TransactionRequest@f5cf46d]
2025-07-01 12:19:12 - Read "application/json;charset=UTF-8" to [com.banking.dto.TransactionRequest@155afaac]
2025-07-01 12:19:12 - Mapped to com.banking.controller.TransactionController#createTransaction(TransactionRequest)
2025-07-01 12:19:12 - Read "application/json;charset=UTF-8" to [com.banking.dto.TransactionRequest@4b7ea2d7]
2025-07-01 12:19:12 - Read "application/json;charset=UTF-8" to [com.banking.dto.TransactionRequest@4a249e9a]
2025-07-01 12:19:12 - Using 'application/json', given [*/*] and supported [application/json, application/*+json]
2025-07-01 12:19:12 - Writing [{data=com.banking.dto.TransactionResponse@61fb5e72, success=true, message=交易创建成功}]
2025-07-01 12:19:12 - Read "application/json;charset=UTF-8" to [com.banking.dto.TransactionRequest@7ad4f223]
2025-07-01 12:19:12 - Using 'application/json', given [*/*] and supported [application/json, application/*+json]
2025-07-01 12:19:12 - Writing [{data=com.banking.dto.TransactionResponse@53e4743a, success=true, message=交易创建成功}]
2025-07-01 12:19:12 - Using 'application/json', given [*/*] and supported [application/json, application/*+json]
2025-07-01 12:19:12 - Writing [{data=com.banking.dto.TransactionResponse@d958f3f, success=true, message=交易创建成功}]
2025-07-01 12:19:12 - Using 'application/json', given [*/*] and supported [application/json, application/*+json]
2025-07-01 12:19:12 - Using 'application/json', given [*/*] and supported [application/json, application/*+json]
2025-07-01 12:19:12 - Mapped to com.banking.controller.TransactionController#createTransaction(TransactionRequest)
2025-07-01 12:19:12 - Mapped to com.banking.controller.TransactionController#createTransaction(TransactionRequest)
2025-07-01 12:19:12 - Writing [{data=com.banking.dto.TransactionResponse@314d76b6, success=true, message=交易创建成功}]
2025-07-01 12:19:12 - Mapped to com.banking.controller.TransactionController#createTransaction(TransactionRequest)
2025-07-01 12:19:12 - Mapped to com.banking.controller.TransactionController#createTransaction(TransactionRequest)
2025-07-01 12:19:12 - Writing [{data=com.banking.dto.TransactionResponse@47240ad2, success=true, message=交易创建成功}]
2025-07-01 12:19:12 - Mapped to com.banking.controller.TransactionController#createTransaction(TransactionRequest)
2025-07-01 12:19:12 - Read "application/json;charset=UTF-8" to [com.banking.dto.TransactionRequest@1c1c210d]
2025-07-01 12:19:12 - Read "application/json;charset=UTF-8" to [com.banking.dto.TransactionRequest@60bf53be]
2025-07-01 12:19:12 - Read "application/json;charset=UTF-8" to [com.banking.dto.TransactionRequest@7e0f5efa]
2025-07-01 12:19:12 - Read "application/json;charset=UTF-8" to [com.banking.dto.TransactionRequest@edc45a5]
2025-07-01 12:19:12 - Using 'application/json', given [*/*] and supported [application/json, application/*+json]
2025-07-01 12:19:12 - Writing [{data=com.banking.dto.TransactionResponse@56f85685, success=true, message=交易创建成功}]
2025-07-01 12:19:12 - Read "application/json;charset=UTF-8" to [com.banking.dto.TransactionRequest@5f460fc5]
2025-07-01 12:19:12 - Using 'application/json', given [*/*] and supported [application/json, application/*+json]
2025-07-01 12:19:12 - Writing [{data=com.banking.dto.TransactionResponse@6b046190, success=true, message=交易创建成功}]
2025-07-01 12:19:12 - Mapped to com.banking.controller.TransactionController#createTransaction(TransactionRequest)
2025-07-01 12:19:12 - Using 'application/json', given [*/*] and supported [application/json, application/*+json]
2025-07-01 12:19:12 - Writing [{data=com.banking.dto.TransactionResponse@4ef8d958, success=true, message=交易创建成功}]
2025-07-01 12:19:12 - Using 'application/json', given [*/*] and supported [application/json, application/*+json]
2025-07-01 12:19:12 - Writing [{data=com.banking.dto.TransactionResponse@4fdb5a3d, success=true, message=交易创建成功}]
2025-07-01 12:19:12 - Read "application/json;charset=UTF-8" to [com.banking.dto.TransactionRequest@662204c]
2025-07-01 12:19:12 - Mapped to com.banking.controller.TransactionController#createTransaction(TransactionRequest)
2025-07-01 12:19:12 - Mapped to com.banking.controller.TransactionController#createTransaction(TransactionRequest)
2025-07-01 12:19:12 - Mapped to com.banking.controller.TransactionController#createTransaction(TransactionRequest)
2025-07-01 12:19:12 - Using 'application/json', given [*/*] and supported [application/json, application/*+json]
2025-07-01 12:19:12 - Using 'application/json', given [*/*] and supported [application/json, application/*+json]
2025-07-01 12:19:12 - Writing [{data=com.banking.dto.TransactionResponse@278e4cdc, success=true, message=交易创建成功}]
2025-07-01 12:19:12 - Writing [{data=com.banking.dto.TransactionResponse@492e9178, success=true, message=交易创建成功}]
2025-07-01 12:19:12 - Mapped to com.banking.controller.TransactionController#createTransaction(TransactionRequest)
2025-07-01 12:19:12 - Using 'application/json', given [*/*] and supported [application/json, application/*+json]
2025-07-01 12:19:12 - Using 'application/json', given [*/*] and supported [application/json, application/*+json]
2025-07-01 12:19:12 - Read "application/json;charset=UTF-8" to [com.banking.dto.TransactionRequest@89b300b]
2025-07-01 12:19:12 - Read "application/json;charset=UTF-8" to [com.banking.dto.TransactionRequest@64d7fbf6]
2025-07-01 12:19:12 - Using 'application/json', given [*/*] and supported [application/json, application/*+json]
2025-07-01 12:19:12 - Writing [{data=com.banking.dto.TransactionResponse@8651491, success=true, message=交易创建成功}]
2025-07-01 12:19:12 - Using 'application/json', given [*/*] and supported [application/json, application/*+json]
2025-07-01 12:19:12 - Writing [{data=com.banking.dto.TransactionResponse@2b01faa9, success=true, message=交易创建成功}]
2025-07-01 12:19:12 - Mapped to com.banking.controller.TransactionController#createTransaction(TransactionRequest)
2025-07-01 12:19:12 - Writing [{data=com.banking.dto.TransactionResponse@112954df, success=true, message=交易创建成功}]
2025-07-01 12:19:12 - Mapped to com.banking.controller.TransactionController#createTransaction(TransactionRequest)
2025-07-01 12:19:12 - Read "application/json;charset=UTF-8" to [com.banking.dto.TransactionRequest@56daaea6]
2025-07-01 12:19:12 - Mapped to com.banking.controller.TransactionController#createTransaction(TransactionRequest)
2025-07-01 12:19:12 - Read "application/json;charset=UTF-8" to [com.banking.dto.TransactionRequest@7043f17a]
2025-07-01 12:19:12 - Read "application/json;charset=UTF-8" to [com.banking.dto.TransactionRequest@35cd4698]
2025-07-01 12:19:12 - Writing [{data=com.banking.dto.TransactionResponse@6c68bf6f, success=true, message=交易创建成功}]
2025-07-01 12:19:12 - Read "application/json;charset=UTF-8" to [com.banking.dto.TransactionRequest@2eee2094]
2025-07-01 12:19:12 - Read "application/json;charset=UTF-8" to [com.banking.dto.TransactionRequest@4bc209dd]
2025-07-01 12:19:12 - Using 'application/json', given [*/*] and supported [application/json, application/*+json]
2025-07-01 12:19:12 - Using 'application/json', given [*/*] and supported [application/json, application/*+json]
2025-07-01 12:19:12 - Writing [{data=com.banking.dto.TransactionResponse@113e501c, success=true, message=交易创建成功}]
2025-07-01 12:19:12 - Writing [{data=com.banking.dto.TransactionResponse@74273da3, success=true, message=交易创建成功}]
2025-07-01 12:19:12 - Using 'application/json', given [*/*] and supported [application/json, application/*+json]
2025-07-01 12:19:12 - Using 'application/json', given [*/*] and supported [application/json, application/*+json]
2025-07-01 12:19:12 - Mapped to com.banking.controller.TransactionController#createTransaction(TransactionRequest)
2025-07-01 12:19:12 - Writing [{data=com.banking.dto.TransactionResponse@11c809f0, success=true, message=交易创建成功}]
2025-07-01 12:19:12 - Writing [{data=com.banking.dto.TransactionResponse@413a46bc, success=true, message=交易创建成功}]
2025-07-01 12:19:12 - Mapped to com.banking.controller.TransactionController#createTransaction(TransactionRequest)
2025-07-01 12:19:12 - Read "application/json;charset=UTF-8" to [com.banking.dto.TransactionRequest@13117b5d]
2025-07-01 12:19:12 - Using 'application/json', given [*/*] and supported [application/json, application/*+json]
2025-07-01 12:19:12 - Using 'application/json', given [*/*] and supported [application/json, application/*+json]
2025-07-01 12:19:12 - Writing [{data=com.banking.dto.TransactionResponse@5b482aa, success=true, message=交易创建成功}]
2025-07-01 12:19:12 - Using 'application/json', given [*/*] and supported [application/json, application/*+json]
2025-07-01 12:19:12 - Writing [{data=com.banking.dto.TransactionResponse@6088b596, success=true, message=交易创建成功}]
2025-07-01 12:19:12 - Mapped to com.banking.controller.TransactionController#createTransaction(TransactionRequest)
2025-07-01 12:19:12 - Mapped to com.banking.controller.TransactionController#createTransaction(TransactionRequest)
2025-07-01 12:19:12 - Mapped to com.banking.controller.TransactionController#createTransaction(TransactionRequest)
2025-07-01 12:19:12 - Writing [{data=com.banking.dto.TransactionResponse@4cfcc0c3, success=true, message=交易创建成功}]
2025-07-01 12:19:12 - Read "application/json;charset=UTF-8" to [com.banking.dto.TransactionRequest@36112a91]
2025-07-01 12:19:12 - Mapped to com.banking.controller.TransactionController#createTransaction(TransactionRequest)
2025-07-01 12:19:12 - Using 'application/json', given [*/*] and supported [application/json, application/*+json]
2025-07-01 12:19:12 - Mapped to com.banking.controller.TransactionController#createTransaction(TransactionRequest)
2025-07-01 12:19:12 - Read "application/json;charset=UTF-8" to [com.banking.dto.TransactionRequest@32101a26]
2025-07-01 12:19:12 - Read "application/json;charset=UTF-8" to [com.banking.dto.TransactionRequest@42070d95]
2025-07-01 12:19:12 - Read "application/json;charset=UTF-8" to [com.banking.dto.TransactionRequest@70602771]
2025-07-01 12:19:12 - Mapped to com.banking.controller.TransactionController#createTransaction(TransactionRequest)
2025-07-01 12:19:12 - Writing [{data=com.banking.dto.TransactionResponse@4575071d, success=true, message=交易创建成功}]
2025-07-01 12:19:12 - Read "application/json;charset=UTF-8" to [com.banking.dto.TransactionRequest@3f464946]
2025-07-01 12:19:12 - Read "application/json;charset=UTF-8" to [com.banking.dto.TransactionRequest@6dc45082]
2025-07-01 12:19:12 - Read "application/json;charset=UTF-8" to [com.banking.dto.TransactionRequest@3faa051a]
2025-07-01 12:19:12 - Using 'application/json', given [*/*] and supported [application/json, application/*+json]
2025-07-01 12:19:12 - Writing [{data=com.banking.dto.TransactionResponse@7d1cdc40, success=true, message=交易创建成功}]
2025-07-01 12:19:12 - Using 'application/json', given [*/*] and supported [application/json, application/*+json]
2025-07-01 12:19:12 - Writing [{data=com.banking.dto.TransactionResponse@b0ef68b, success=true, message=交易创建成功}]
2025-07-01 12:19:12 - Mapped to com.banking.controller.TransactionController#createTransaction(TransactionRequest)
2025-07-01 12:19:12 - Mapped to com.banking.controller.TransactionController#createTransaction(TransactionRequest)
2025-07-01 12:19:12 - Mapped to com.banking.controller.TransactionController#createTransaction(TransactionRequest)
2025-07-01 12:19:12 - Using 'application/json', given [*/*] and supported [application/json, application/*+json]
2025-07-01 12:19:12 - Using 'application/json', given [*/*] and supported [application/json, application/*+json]
2025-07-01 12:19:12 - Writing [{data=com.banking.dto.TransactionResponse@1950c4b1, success=true, message=交易创建成功}]
2025-07-01 12:19:12 - Using 'application/json', given [*/*] and supported [application/json, application/*+json]
2025-07-01 12:19:12 - Writing [{data=com.banking.dto.TransactionResponse@76971502, success=true, message=交易创建成功}]
2025-07-01 12:19:12 - Writing [{data=com.banking.dto.TransactionResponse@673c68f, success=true, message=交易创建成功}]
2025-07-01 12:19:12 - Read "application/json;charset=UTF-8" to [com.banking.dto.TransactionRequest@601b34ee]
2025-07-01 12:19:12 - Read "application/json;charset=UTF-8" to [com.banking.dto.TransactionRequest@6f044d52]
2025-07-01 12:19:12 - Read "application/json;charset=UTF-8" to [com.banking.dto.TransactionRequest@3e1a69e9]
2025-07-01 12:19:12 - Using 'application/json', given [*/*] and supported [application/json, application/*+json]
2025-07-01 12:19:12 - Mapped to com.banking.controller.TransactionController#createTransaction(TransactionRequest)
2025-07-01 12:19:12 - Writing [{data=com.banking.dto.TransactionResponse@6d44bde, success=true, message=交易创建成功}]
2025-07-01 12:19:12 - Read "application/json;charset=UTF-8" to [com.banking.dto.TransactionRequest@40d156d8]
2025-07-01 12:19:12 - Using 'application/json', given [*/*] and supported [application/json, application/*+json]
2025-07-01 12:19:12 - Using 'application/json', given [*/*] and supported [application/json, application/*+json]
2025-07-01 12:19:12 - Writing [{data=com.banking.dto.TransactionResponse@2607d436, success=true, message=交易创建成功}]
2025-07-01 12:19:12 - Writing [{data=com.banking.dto.TransactionResponse@55a10e6d, success=true, message=交易创建成功}]
2025-07-01 12:19:12 - Using 'application/json', given [*/*] and supported [application/json, application/*+json]
2025-07-01 12:19:12 - Writing [{data=com.banking.dto.TransactionResponse@5984d25e, success=true, message=交易创建成功}]
2025-07-01 12:19:12 - Mapped to com.banking.controller.TransactionController#createTransaction(TransactionRequest)
2025-07-01 12:19:12 - Using 'application/json', given [*/*] and supported [application/json, application/*+json]
2025-07-01 12:19:12 - Mapped to com.banking.controller.TransactionController#createTransaction(TransactionRequest)
2025-07-01 12:19:12 - Writing [{data=com.banking.dto.TransactionResponse@164b3cb0, success=true, message=交易创建成功}]
2025-07-01 12:19:12 - Using 'application/json', given [*/*] and supported [application/json, application/*+json]
2025-07-01 12:19:12 - Read "application/json;charset=UTF-8" to [com.banking.dto.TransactionRequest@6fb9e888]
2025-07-01 12:19:12 - Read "application/json;charset=UTF-8" to [com.banking.dto.TransactionRequest@40bf2823]
2025-07-01 12:19:12 - Writing [{data=com.banking.dto.TransactionResponse@2883c819, success=true, message=交易创建成功}]
2025-07-01 12:19:12 - Mapped to com.banking.controller.TransactionController#createTransaction(TransactionRequest)
2025-07-01 12:19:12 - Mapped to com.banking.controller.TransactionController#createTransaction(TransactionRequest)
2025-07-01 12:19:12 - Using 'application/json', given [*/*] and supported [application/json, application/*+json]
2025-07-01 12:19:12 - Mapped to com.banking.controller.TransactionController#createTransaction(TransactionRequest)
2025-07-01 12:19:12 - Writing [{data=com.banking.dto.TransactionResponse@4a456cda, success=true, message=交易创建成功}]
2025-07-01 12:19:12 - Read "application/json;charset=UTF-8" to [com.banking.dto.TransactionRequest@779f88c1]
2025-07-01 12:19:12 - Read "application/json;charset=UTF-8" to [com.banking.dto.TransactionRequest@1de1a049]
2025-07-01 12:19:12 - Read "application/json;charset=UTF-8" to [com.banking.dto.TransactionRequest@463f3870]
2025-07-01 12:19:12 - Using 'application/json', given [*/*] and supported [application/json, application/*+json]
2025-07-01 12:19:12 - Using 'application/json', given [*/*] and supported [application/json, application/*+json]
2025-07-01 12:19:12 - Using 'application/json', given [*/*] and supported [application/json, application/*+json]
2025-07-01 12:19:12 - Writing [{data=com.banking.dto.TransactionResponse@4c4172ee, success=true, message=交易创建成功}]
2025-07-01 12:19:12 - Writing [{data=com.banking.dto.TransactionResponse@614b7ca0, success=true, message=交易创建成功}]
2025-07-01 12:19:12 - Writing [{data=com.banking.dto.TransactionResponse@77c08b9d, success=true, message=交易创建成功}]
2025-07-01 12:19:12 - Using 'application/json', given [*/*] and supported [application/json, application/*+json]
2025-07-01 12:19:12 - Writing [{data=com.banking.dto.TransactionResponse@25ff8246, success=true, message=交易创建成功}]
2025-07-01 12:19:12 - Mapped to com.banking.controller.TransactionController#createTransaction(TransactionRequest)
2025-07-01 12:19:12 - Mapped to com.banking.controller.TransactionController#createTransaction(TransactionRequest)
2025-07-01 12:19:12 - Using 'application/json', given [*/*] and supported [application/json, application/*+json]
2025-07-01 12:19:12 - Mapped to com.banking.controller.TransactionController#createTransaction(TransactionRequest)
2025-07-01 12:19:12 - Using 'application/json', given [*/*] and supported [application/json, application/*+json]
2025-07-01 12:19:12 - Mapped to com.banking.controller.TransactionController#createTransaction(TransactionRequest)
2025-07-01 12:19:12 - Writing [{data=com.banking.dto.TransactionResponse@67c39163, success=true, message=交易创建成功}]
2025-07-01 12:19:12 - Using 'application/json', given [*/*] and supported [application/json, application/*+json]
2025-07-01 12:19:12 - Mapped to com.banking.controller.TransactionController#createTransaction(TransactionRequest)
2025-07-01 12:19:12 - Writing [{data=com.banking.dto.TransactionResponse@507ce18e, success=true, message=交易创建成功}]
2025-07-01 12:19:12 - Writing [{data=com.banking.dto.TransactionResponse@33c2ec9c, success=true, message=交易创建成功}]
2025-07-01 12:19:12 - Using 'application/json', given [*/*] and supported [application/json, application/*+json]
2025-07-01 12:19:12 - Read "application/json;charset=UTF-8" to [com.banking.dto.TransactionRequest@da8df62]
2025-07-01 12:19:12 - Writing [{data=com.banking.dto.TransactionResponse@55672df6, success=true, message=交易创建成功}]
2025-07-01 12:19:12 - Read "application/json;charset=UTF-8" to [com.banking.dto.TransactionRequest@62d65fb7]
2025-07-01 12:19:12 - Read "application/json;charset=UTF-8" to [com.banking.dto.TransactionRequest@40c9f544]
2025-07-01 12:19:12 - Read "application/json;charset=UTF-8" to [com.banking.dto.TransactionRequest@167b5fdc]
2025-07-01 12:19:12 - Read "application/json;charset=UTF-8" to [com.banking.dto.TransactionRequest@7fef3f1e]
2025-07-01 12:19:12 - Mapped to com.banking.controller.TransactionController#createTransaction(TransactionRequest)
2025-07-01 12:19:12 - Mapped to com.banking.controller.TransactionController#createTransaction(TransactionRequest)
2025-07-01 12:19:12 - Read "application/json;charset=UTF-8" to [com.banking.dto.TransactionRequest@6407174e]
2025-07-01 12:19:12 - Read "application/json;charset=UTF-8" to [com.banking.dto.TransactionRequest@23a8b0ea]
2025-07-01 12:19:12 - Mapped to com.banking.controller.TransactionController#createTransaction(TransactionRequest)
2025-07-01 12:19:12 - Mapped to com.banking.controller.TransactionController#createTransaction(TransactionRequest)
2025-07-01 12:19:12 - Mapped to com.banking.controller.TransactionController#createTransaction(TransactionRequest)
2025-07-01 12:19:12 - Using 'application/json', given [*/*] and supported [application/json, application/*+json]
2025-07-01 12:19:12 - Using 'application/json', given [*/*] and supported [application/json, application/*+json]
2025-07-01 12:19:12 - Writing [{data=com.banking.dto.TransactionResponse@72af6c28, success=true, message=交易创建成功}]
2025-07-01 12:19:12 - Writing [{data=com.banking.dto.TransactionResponse@60c54504, success=true, message=交易创建成功}]
2025-07-01 12:19:12 - Mapped to com.banking.controller.TransactionController#createTransaction(TransactionRequest)
2025-07-01 12:19:12 - Mapped to com.banking.controller.TransactionController#createTransaction(TransactionRequest)
2025-07-01 12:19:12 - Mapped to com.banking.controller.TransactionController#createTransaction(TransactionRequest)
2025-07-01 12:19:12 - Read "application/json;charset=UTF-8" to [com.banking.dto.TransactionRequest@4c5b9915]
2025-07-01 12:19:12 - Using 'application/json', given [*/*] and supported [application/json, application/*+json]
2025-07-01 12:19:12 - Read "application/json;charset=UTF-8" to [com.banking.dto.TransactionRequest@6620b926]
2025-07-01 12:19:12 - Writing [{data=com.banking.dto.TransactionResponse@684667a7, success=true, message=交易创建成功}]
2025-07-01 12:19:12 - Read "application/json;charset=UTF-8" to [com.banking.dto.TransactionRequest@7f371f37]
2025-07-01 12:19:12 - Mapped to com.banking.controller.TransactionController#createTransaction(TransactionRequest)
2025-07-01 12:19:12 - Using 'application/json', given [*/*] and supported [application/json, application/*+json]
2025-07-01 12:19:12 - Using 'application/json', given [*/*] and supported [application/json, application/*+json]
2025-07-01 12:19:12 - Writing [{data=com.banking.dto.TransactionResponse@3bd77173, success=true, message=交易创建成功}]
2025-07-01 12:19:12 - Using 'application/json', given [*/*] and supported [application/json, application/*+json]
2025-07-01 12:19:12 - Read "application/json;charset=UTF-8" to [com.banking.dto.TransactionRequest@2dea1c68]
2025-07-01 12:19:12 - Writing [{data=com.banking.dto.TransactionResponse@6f0b2628, success=true, message=交易创建成功}]
2025-07-01 12:19:12 - Read "application/json;charset=UTF-8" to [com.banking.dto.TransactionRequest@3b72d5e4]
2025-07-01 12:19:12 - Read "application/json;charset=UTF-8" to [com.banking.dto.TransactionRequest@1f1c9ac0]
2025-07-01 12:19:12 - Writing [{data=com.banking.dto.TransactionResponse@505be5a5, success=true, message=交易创建成功}]
2025-07-01 12:19:12 - Read "application/json;charset=UTF-8" to [com.banking.dto.TransactionRequest@518e6236]
2025-07-01 12:19:12 - Using 'application/json', given [*/*] and supported [application/json, application/*+json]
2025-07-01 12:19:12 - Using 'application/json', given [*/*] and supported [application/json, application/*+json]
2025-07-01 12:19:12 - Mapped to com.banking.controller.TransactionController#createTransaction(TransactionRequest)
2025-07-01 12:19:12 - Using 'application/json', given [*/*] and supported [application/json, application/*+json]
2025-07-01 12:19:12 - Using 'application/json', given [*/*] and supported [application/json, application/*+json]
2025-07-01 12:19:12 - Writing [{data=com.banking.dto.TransactionResponse@4165e355, success=true, message=交易创建成功}]
2025-07-01 12:19:12 - Writing [{data=com.banking.dto.TransactionResponse@37dc64c3, success=true, message=交易创建成功}]
2025-07-01 12:19:12 - Writing [{data=com.banking.dto.TransactionResponse@65bea8ee, success=true, message=交易创建成功}]
2025-07-01 12:19:12 - Writing [{data=com.banking.dto.TransactionResponse@4508fc96, success=true, message=交易创建成功}]
2025-07-01 12:19:12 - Read "application/json;charset=UTF-8" to [com.banking.dto.TransactionRequest@1eab9f6a]
2025-07-01 12:19:12 - Using 'application/json', given [*/*] and supported [application/json, application/*+json]
2025-07-01 12:19:12 - Using 'application/json', given [*/*] and supported [application/json, application/*+json]
2025-07-01 12:19:12 - Writing [{data=com.banking.dto.TransactionResponse@7c5cff3a, success=true, message=交易创建成功}]
2025-07-01 12:19:12 - Writing [{data=com.banking.dto.TransactionResponse@74f040ba, success=true, message=交易创建成功}]
2025-07-01 12:19:12 - Mapped to com.banking.controller.TransactionController#createTransaction(TransactionRequest)
2025-07-01 12:19:12 - Using 'application/json', given [*/*] and supported [application/json, application/*+json]
2025-07-01 12:19:12 - Using 'application/json', given [*/*] and supported [application/json, application/*+json]
2025-07-01 12:19:12 - Mapped to com.banking.controller.TransactionController#createTransaction(TransactionRequest)
2025-07-01 12:19:12 - Mapped to com.banking.controller.TransactionController#createTransaction(TransactionRequest)
2025-07-01 12:19:12 - Mapped to com.banking.controller.TransactionController#createTransaction(TransactionRequest)
2025-07-01 12:19:12 - Using 'application/json', given [*/*] and supported [application/json, application/*+json]
2025-07-01 12:19:12 - Using 'application/json', given [*/*] and supported [application/json, application/*+json]
2025-07-01 12:19:12 - Writing [{data=com.banking.dto.TransactionResponse@67400114, success=true, message=交易创建成功}]
2025-07-01 12:19:12 - Read "application/json;charset=UTF-8" to [com.banking.dto.TransactionRequest@422c577d]
2025-07-01 12:19:12 - Writing [{data=com.banking.dto.TransactionResponse@7cbdf8f1, success=true, message=交易创建成功}]
2025-07-01 12:19:12 - Writing [{data=com.banking.dto.TransactionResponse@6aefcb27, success=true, message=交易创建成功}]
2025-07-01 12:19:12 - Writing [{data=com.banking.dto.TransactionResponse@e9db541, success=true, message=交易创建成功}]
2025-07-01 12:19:12 - Read "application/json;charset=UTF-8" to [com.banking.dto.TransactionRequest@7333b9e8]
2025-07-01 12:19:12 - Read "application/json;charset=UTF-8" to [com.banking.dto.TransactionRequest@4ad1a20c]
2025-07-01 12:19:12 - Read "application/json;charset=UTF-8" to [com.banking.dto.TransactionRequest@8014a92]
2025-07-01 12:19:12 - Mapped to com.banking.controller.TransactionController#createTransaction(TransactionRequest)
2025-07-01 12:19:12 - Mapped to com.banking.controller.TransactionController#createTransaction(TransactionRequest)
2025-07-01 12:19:12 - Mapped to com.banking.controller.TransactionController#createTransaction(TransactionRequest)
2025-07-01 12:19:12 - Mapped to com.banking.controller.TransactionController#createTransaction(TransactionRequest)
2025-07-01 12:19:12 - Mapped to com.banking.controller.TransactionController#createTransaction(TransactionRequest)
2025-07-01 12:19:12 - Read "application/json;charset=UTF-8" to [com.banking.dto.TransactionRequest@75e382fe]
2025-07-01 12:19:12 - Read "application/json;charset=UTF-8" to [com.banking.dto.TransactionRequest@43004136]
2025-07-01 12:19:12 - Read "application/json;charset=UTF-8" to [com.banking.dto.TransactionRequest@324614d6]
2025-07-01 12:19:12 - Read "application/json;charset=UTF-8" to [com.banking.dto.TransactionRequest@11bd4e9c]
2025-07-01 12:19:12 - Read "application/json;charset=UTF-8" to [com.banking.dto.TransactionRequest@2758e5d1]
2025-07-01 12:19:12 - Using 'application/json', given [*/*] and supported [application/json, application/*+json]
2025-07-01 12:19:12 - Using 'application/json', given [*/*] and supported [application/json, application/*+json]
2025-07-01 12:19:12 - Using 'application/json', given [*/*] and supported [application/json, application/*+json]
2025-07-01 12:19:12 - Writing [{data=com.banking.dto.TransactionResponse@629c7589, success=true, message=交易创建成功}]
2025-07-01 12:19:12 - Writing [{data=com.banking.dto.TransactionResponse@2a9e7ef7, success=true, message=交易创建成功}]
2025-07-01 12:19:12 - Writing [{data=com.banking.dto.TransactionResponse@6664b91e, success=true, message=交易创建成功}]
2025-07-01 12:19:12 - Using 'application/json', given [*/*] and supported [application/json, application/*+json]
2025-07-01 12:19:12 - Using 'application/json', given [*/*] and supported [application/json, application/*+json]
2025-07-01 12:19:12 - Writing [{data=com.banking.dto.TransactionResponse@6e7b5fd1, success=true, message=交易创建成功}]
2025-07-01 12:19:12 - Using 'application/json', given [*/*] and supported [application/json, application/*+json]
2025-07-01 12:19:12 - Mapped to com.banking.controller.TransactionController#createTransaction(TransactionRequest)
2025-07-01 12:19:12 - Using 'application/json', given [*/*] and supported [application/json, application/*+json]
2025-07-01 12:19:12 - Writing [{data=com.banking.dto.TransactionResponse@2ed48f4e, success=true, message=交易创建成功}]
2025-07-01 12:19:12 - Mapped to com.banking.controller.TransactionController#createTransaction(TransactionRequest)
2025-07-01 12:19:12 - Using 'application/json', given [*/*] and supported [application/json, application/*+json]
2025-07-01 12:19:12 - Using 'application/json', given [*/*] and supported [application/json, application/*+json]
2025-07-01 12:19:12 - Writing [{data=com.banking.dto.TransactionResponse@324d5b9c, success=true, message=交易创建成功}]
2025-07-01 12:19:12 - Writing [{data=com.banking.dto.TransactionResponse@39207035, success=true, message=交易创建成功}]
2025-07-01 12:19:12 - Mapped to com.banking.controller.TransactionController#createTransaction(TransactionRequest)
2025-07-01 12:19:12 - Writing [{data=com.banking.dto.TransactionResponse@2ea113fb, success=true, message=交易创建成功}]
2025-07-01 12:19:12 - Writing [{data=com.banking.dto.TransactionResponse@59049013, success=true, message=交易创建成功}]
2025-07-01 12:19:12 - Using 'application/json', given [*/*] and supported [application/json, application/*+json]
2025-07-01 12:19:12 - Read "application/json;charset=UTF-8" to [com.banking.dto.TransactionRequest@12b50398]
2025-07-01 12:19:12 - Writing [{data=com.banking.dto.TransactionResponse@2d40ed6f, success=true, message=交易创建成功}]
2025-07-01 12:19:12 - Read "application/json;charset=UTF-8" to [com.banking.dto.TransactionRequest@44452e06]
2025-07-01 12:19:12 - Read "application/json;charset=UTF-8" to [com.banking.dto.TransactionRequest@649be054]
2025-07-01 12:19:12 - Mapped to com.banking.controller.TransactionController#createTransaction(TransactionRequest)
2025-07-01 12:19:12 - Mapped to com.banking.controller.TransactionController#createTransaction(TransactionRequest)
2025-07-01 12:19:12 - Mapped to com.banking.controller.TransactionController#createTransaction(TransactionRequest)
2025-07-01 12:19:12 - Mapped to com.banking.controller.TransactionController#createTransaction(TransactionRequest)
2025-07-01 12:19:12 - Mapped to com.banking.controller.TransactionController#createTransaction(TransactionRequest)
2025-07-01 12:19:12 - Read "application/json;charset=UTF-8" to [com.banking.dto.TransactionRequest@c409d05]
2025-07-01 12:19:12 - Read "application/json;charset=UTF-8" to [com.banking.dto.TransactionRequest@40905012]
2025-07-01 12:19:12 - Read "application/json;charset=UTF-8" to [com.banking.dto.TransactionRequest@40103f99]
2025-07-01 12:19:12 - Read "application/json;charset=UTF-8" to [com.banking.dto.TransactionRequest@d8a17ea]
2025-07-01 12:19:12 - Read "application/json;charset=UTF-8" to [com.banking.dto.TransactionRequest@5e7603a0]
2025-07-01 12:19:12 - Mapped to com.banking.controller.TransactionController#createTransaction(TransactionRequest)
2025-07-01 12:19:12 - Mapped to com.banking.controller.TransactionController#createTransaction(TransactionRequest)
2025-07-01 12:19:12 - Mapped to com.banking.controller.TransactionController#createTransaction(TransactionRequest)
2025-07-01 12:19:12 - Mapped to com.banking.controller.TransactionController#createTransaction(TransactionRequest)
2025-07-01 12:19:12 - Using 'application/json', given [*/*] and supported [application/json, application/*+json]
2025-07-01 12:19:12 - Writing [{data=com.banking.dto.TransactionResponse@8d2e237, success=true, message=交易创建成功}]
2025-07-01 12:19:12 - Using 'application/json', given [*/*] and supported [application/json, application/*+json]
2025-07-01 12:19:12 - Using 'application/json', given [*/*] and supported [application/json, application/*+json]
2025-07-01 12:19:12 - Using 'application/json', given [*/*] and supported [application/json, application/*+json]
2025-07-01 12:19:12 - Writing [{data=com.banking.dto.TransactionResponse@499a4902, success=true, message=交易创建成功}]
2025-07-01 12:19:12 - Read "application/json;charset=UTF-8" to [com.banking.dto.TransactionRequest@739c613b]
2025-07-01 12:19:12 - Writing [{data=com.banking.dto.TransactionResponse@24eef7dc, success=true, message=交易创建成功}]
2025-07-01 12:19:12 - Using 'application/json', given [*/*] and supported [application/json, application/*+json]
2025-07-01 12:19:12 - Read "application/json;charset=UTF-8" to [com.banking.dto.TransactionRequest@75a5201]
2025-07-01 12:19:12 - Read "application/json;charset=UTF-8" to [com.banking.dto.TransactionRequest@77790ad2]
2025-07-01 12:19:12 - Writing [{data=com.banking.dto.TransactionResponse@5e8d1180, success=true, message=交易创建成功}]
2025-07-01 12:19:12 - Read "application/json;charset=UTF-8" to [com.banking.dto.TransactionRequest@324bd7d7]
2025-07-01 12:19:12 - Mapped to com.banking.controller.TransactionController#createTransaction(TransactionRequest)
2025-07-01 12:19:12 - Writing [{data=com.banking.dto.TransactionResponse@4ba37759, success=true, message=交易创建成功}]
2025-07-01 12:19:12 - Using 'application/json', given [*/*] and supported [application/json, application/*+json]
2025-07-01 12:19:12 - Using 'application/json', given [*/*] and supported [application/json, application/*+json]
2025-07-01 12:19:12 - Writing [{data=com.banking.dto.TransactionResponse@1992a861, success=true, message=交易创建成功}]
2025-07-01 12:19:12 - Using 'application/json', given [*/*] and supported [application/json, application/*+json]
2025-07-01 12:19:12 - Read "application/json;charset=UTF-8" to [com.banking.dto.TransactionRequest@3c6a127a]
2025-07-01 12:19:12 - Using 'application/json', given [*/*] and supported [application/json, application/*+json]
2025-07-01 12:19:12 - Writing [{data=com.banking.dto.TransactionResponse@289cfafb, success=true, message=交易创建成功}]
2025-07-01 12:19:12 - Writing [{data=com.banking.dto.TransactionResponse@137323bb, success=true, message=交易创建成功}]
2025-07-01 12:19:12 - Writing [{data=com.banking.dto.TransactionResponse@72d749a9, success=true, message=交易创建成功}]
2025-07-01 12:19:12 - Using 'application/json', given [*/*] and supported [application/json, application/*+json]
2025-07-01 12:19:12 - Writing [{data=com.banking.dto.TransactionResponse@74167459, success=true, message=交易创建成功}]
2025-07-01 12:19:12 - Mapped to com.banking.controller.TransactionController#createTransaction(TransactionRequest)
2025-07-01 12:19:12 - Mapped to com.banking.controller.TransactionController#createTransaction(TransactionRequest)
2025-07-01 12:19:12 - Read "application/json;charset=UTF-8" to [com.banking.dto.TransactionRequest@1a287e15]
2025-07-01 12:19:12 - Read "application/json;charset=UTF-8" to [com.banking.dto.TransactionRequest@4f24c358]
2025-07-01 12:19:12 - Using 'application/json', given [*/*] and supported [application/json, application/*+json]
2025-07-01 12:19:12 - Using 'application/json', given [*/*] and supported [application/json, application/*+json]
2025-07-01 12:19:12 - Using 'application/json', given [*/*] and supported [application/json, application/*+json]
2025-07-01 12:19:12 - Writing [{data=com.banking.dto.TransactionResponse@5ce9398a, success=true, message=交易创建成功}]
2025-07-01 12:19:12 - Writing [{data=com.banking.dto.TransactionResponse@1a016317, success=true, message=交易创建成功}]
2025-07-01 12:19:12 - Writing [{data=com.banking.dto.TransactionResponse@139cb28d, success=true, message=交易创建成功}]
2025-07-01 12:19:12 - Using 'application/json', given [*/*] and supported [application/json, application/*+json]
2025-07-01 12:19:12 - Writing [{data=com.banking.dto.TransactionResponse@2b59361d, success=true, message=交易创建成功}]
2025-07-01 12:19:12 - Using 'application/json', given [*/*] and supported [application/json, application/*+json]
2025-07-01 12:19:12 - Writing [{data=com.banking.dto.TransactionResponse@1d0ddf33, success=true, message=交易创建成功}]
2025-07-01 12:19:12 - Mapped to com.banking.controller.TransactionController#createTransaction(TransactionRequest)
2025-07-01 12:19:12 - Mapped to com.banking.controller.TransactionController#createTransaction(TransactionRequest)
2025-07-01 12:19:12 - Using 'application/json', given [*/*] and supported [application/json, application/*+json]
2025-07-01 12:19:12 - Using 'application/json', given [*/*] and supported [application/json, application/*+json]
2025-07-01 12:19:12 - Mapped to com.banking.controller.TransactionController#createTransaction(TransactionRequest)
2025-07-01 12:19:12 - Writing [{data=com.banking.dto.TransactionResponse@6100deba, success=true, message=交易创建成功}]
2025-07-01 12:19:12 - Writing [{data=com.banking.dto.TransactionResponse@2b0a6870, success=true, message=交易创建成功}]
2025-07-01 12:19:12 - Mapped to com.banking.controller.TransactionController#createTransaction(TransactionRequest)
2025-07-01 12:19:12 - Using 'application/json', given [*/*] and supported [application/json, application/*+json]
2025-07-01 12:19:12 - Read "application/json;charset=UTF-8" to [com.banking.dto.TransactionRequest@5a35d18]
2025-07-01 12:19:12 - Writing [{data=com.banking.dto.TransactionResponse@45351ce6, success=true, message=交易创建成功}]
2025-07-01 12:19:12 - Using 'application/json', given [*/*] and supported [application/json, application/*+json]
2025-07-01 12:19:12 - Read "application/json;charset=UTF-8" to [com.banking.dto.TransactionRequest@264e0d64]
2025-07-01 12:19:12 - Read "application/json;charset=UTF-8" to [com.banking.dto.TransactionRequest@5e986721]
2025-07-01 12:19:12 - Writing [{data=com.banking.dto.TransactionResponse@5dcf64de, success=true, message=交易创建成功}]
2025-07-01 12:19:12 - Read "application/json;charset=UTF-8" to [com.banking.dto.TransactionRequest@1405a92a]
2025-07-01 12:19:12 - Using 'application/json', given [*/*] and supported [application/json, application/*+json]
2025-07-01 12:19:12 - Writing [{data=com.banking.dto.TransactionResponse@56fb6193, success=true, message=交易创建成功}]
2025-07-01 12:19:12 - Mapped to com.banking.controller.TransactionController#createTransaction(TransactionRequest)
2025-07-01 12:19:12 - Mapped to com.banking.controller.TransactionController#createTransaction(TransactionRequest)
2025-07-01 12:19:12 - Mapped to com.banking.controller.TransactionController#createTransaction(TransactionRequest)
2025-07-01 12:19:12 - Mapped to com.banking.controller.TransactionController#createTransaction(TransactionRequest)
2025-07-01 12:19:12 - Read "application/json;charset=UTF-8" to [com.banking.dto.TransactionRequest@4d5bcacf]
2025-07-01 12:19:12 - Read "application/json;charset=UTF-8" to [com.banking.dto.TransactionRequest@49856da7]
2025-07-01 12:19:12 - Read "application/json;charset=UTF-8" to [com.banking.dto.TransactionRequest@145d94bb]
2025-07-01 12:19:12 - Read "application/json;charset=UTF-8" to [com.banking.dto.TransactionRequest@4c664349]
2025-07-01 12:19:12 - Mapped to com.banking.controller.TransactionController#createTransaction(TransactionRequest)
2025-07-01 12:19:12 - Using 'application/json', given [*/*] and supported [application/json, application/*+json]
2025-07-01 12:19:12 - Using 'application/json', given [*/*] and supported [application/json, application/*+json]
2025-07-01 12:19:12 - Using 'application/json', given [*/*] and supported [application/json, application/*+json]
2025-07-01 12:19:12 - Using 'application/json', given [*/*] and supported [application/json, application/*+json]
2025-07-01 12:19:12 - Writing [{data=com.banking.dto.TransactionResponse@ebbfba3, success=true, message=交易创建成功}]
2025-07-01 12:19:12 - Writing [{data=com.banking.dto.TransactionResponse@3da23399, success=true, message=交易创建成功}]
2025-07-01 12:19:12 - Writing [{data=com.banking.dto.TransactionResponse@289df162, success=true, message=交易创建成功}]
2025-07-01 12:19:12 - Using 'application/json', given [*/*] and supported [application/json, application/*+json]
2025-07-01 12:19:12 - Read "application/json;charset=UTF-8" to [com.banking.dto.TransactionRequest@6a1286b3]
2025-07-01 12:19:12 - Writing [{data=com.banking.dto.TransactionResponse@5b58e9f2, success=true, message=交易创建成功}]
2025-07-01 12:19:12 - Writing [{data=com.banking.dto.TransactionResponse@78fdbc35, success=true, message=交易创建成功}]
2025-07-01 12:19:12 - Using 'application/json', given [*/*] and supported [application/json, application/*+json]
2025-07-01 12:19:12 - Writing [{data=com.banking.dto.TransactionResponse@1b6b6e71, success=true, message=交易创建成功}]
2025-07-01 12:19:12 - Using 'application/json', given [*/*] and supported [application/json, application/*+json]
2025-07-01 12:19:12 - Writing [{data=com.banking.dto.TransactionResponse@3953a9a8, success=true, message=交易创建成功}]
2025-07-01 12:19:12 - Mapped to com.banking.controller.TransactionController#createTransaction(TransactionRequest)
2025-07-01 12:19:12 - Mapped to com.banking.controller.TransactionController#createTransaction(TransactionRequest)
2025-07-01 12:19:12 - Mapped to com.banking.controller.TransactionController#createTransaction(TransactionRequest)
2025-07-01 12:19:12 - Using 'application/json', given [*/*] and supported [application/json, application/*+json]
2025-07-01 12:19:12 - Using 'application/json', given [*/*] and supported [application/json, application/*+json]
2025-07-01 12:19:12 - Mapped to com.banking.controller.TransactionController#createTransaction(TransactionRequest)
2025-07-01 12:19:12 - Writing [{data=com.banking.dto.TransactionResponse@b6ce8cf, success=true, message=交易创建成功}]
2025-07-01 12:19:12 - Writing [{data=com.banking.dto.TransactionResponse@25791f54, success=true, message=交易创建成功}]
2025-07-01 12:19:12 - Read "application/json;charset=UTF-8" to [com.banking.dto.TransactionRequest@2b4eaa5b]
2025-07-01 12:19:12 - Read "application/json;charset=UTF-8" to [com.banking.dto.TransactionRequest@1ead2ffe]
2025-07-01 12:19:12 - Read "application/json;charset=UTF-8" to [com.banking.dto.TransactionRequest@2b41d531]
2025-07-01 12:19:12 - Using 'application/json', given [*/*] and supported [application/json, application/*+json]
2025-07-01 12:19:12 - Mapped to com.banking.controller.TransactionController#createTransaction(TransactionRequest)
2025-07-01 12:19:12 - Mapped to com.banking.controller.TransactionController#createTransaction(TransactionRequest)
2025-07-01 12:19:12 - Mapped to com.banking.controller.TransactionController#createTransaction(TransactionRequest)
2025-07-01 12:19:12 - Read "application/json;charset=UTF-8" to [com.banking.dto.TransactionRequest@438fae22]
2025-07-01 12:19:12 - Writing [{data=com.banking.dto.TransactionResponse@7f9f25d, success=true, message=交易创建成功}]
2025-07-01 12:19:12 - Mapped to com.banking.controller.TransactionController#createTransaction(TransactionRequest)
2025-07-01 12:19:12 - Mapped to com.banking.controller.TransactionController#createTransaction(TransactionRequest)
2025-07-01 12:19:12 - Read "application/json;charset=UTF-8" to [com.banking.dto.TransactionRequest@47a28fa2]
2025-07-01 12:19:12 - Read "application/json;charset=UTF-8" to [com.banking.dto.TransactionRequest@18f44d8a]
2025-07-01 12:19:12 - Read "application/json;charset=UTF-8" to [com.banking.dto.TransactionRequest@6717213]
2025-07-01 12:19:12 - Read "application/json;charset=UTF-8" to [com.banking.dto.TransactionRequest@3e23bf9f]
2025-07-01 12:19:12 - Read "application/json;charset=UTF-8" to [com.banking.dto.TransactionRequest@34b027b6]
2025-07-01 12:19:12 - Mapped to com.banking.controller.TransactionController#createTransaction(TransactionRequest)
2025-07-01 12:19:12 - Mapped to com.banking.controller.TransactionController#createTransaction(TransactionRequest)
2025-07-01 12:19:12 - Mapped to com.banking.controller.TransactionController#createTransaction(TransactionRequest)
2025-07-01 12:19:12 - Read "application/json;charset=UTF-8" to [com.banking.dto.TransactionRequest@518ad968]
2025-07-01 12:19:12 - Read "application/json;charset=UTF-8" to [com.banking.dto.TransactionRequest@f290c5b]
2025-07-01 12:19:12 - Read "application/json;charset=UTF-8" to [com.banking.dto.TransactionRequest@69bb782a]
2025-07-01 12:19:12 - Using 'application/json', given [*/*] and supported [application/json, application/*+json]
2025-07-01 12:19:12 - Using 'application/json', given [*/*] and supported [application/json, application/*+json]
2025-07-01 12:19:12 - Using 'application/json', given [*/*] and supported [application/json, application/*+json]
2025-07-01 12:19:12 - Writing [{data=com.banking.dto.TransactionResponse@3ccfdbda, success=true, message=交易创建成功}]
2025-07-01 12:19:12 - Writing [{data=com.banking.dto.TransactionResponse@63080e1c, success=true, message=交易创建成功}]
2025-07-01 12:19:12 - Writing [{data=com.banking.dto.TransactionResponse@6f57f7b0, success=true, message=交易创建成功}]
2025-07-01 12:19:12 - Using 'application/json', given [*/*] and supported [application/json, application/*+json]
2025-07-01 12:19:12 - Using 'application/json', given [*/*] and supported [application/json, application/*+json]
2025-07-01 12:19:12 - Writing [{data=com.banking.dto.TransactionResponse@52b2e10c, success=true, message=交易创建成功}]
2025-07-01 12:19:12 - Using 'application/json', given [*/*] and supported [application/json, application/*+json]
2025-07-01 12:19:12 - Writing [{data=com.banking.dto.TransactionResponse@377fa7c4, success=true, message=交易创建成功}]
2025-07-01 12:19:12 - Using 'application/json', given [*/*] and supported [application/json, application/*+json]
2025-07-01 12:19:12 - Using 'application/json', given [*/*] and supported [application/json, application/*+json]
2025-07-01 12:19:12 - Using 'application/json', given [*/*] and supported [application/json, application/*+json]
2025-07-01 12:19:12 - Writing [{data=com.banking.dto.TransactionResponse@24e33b9f, success=true, message=交易创建成功}]
2025-07-01 12:19:12 - Writing [{data=com.banking.dto.TransactionResponse@4a86d10d, success=true, message=交易创建成功}]
2025-07-01 12:19:12 - Using 'application/json', given [*/*] and supported [application/json, application/*+json]
2025-07-01 12:19:12 - Writing [{data=com.banking.dto.TransactionResponse@10364757, success=true, message=交易创建成功}]
2025-07-01 12:19:12 - Writing [{data=com.banking.dto.TransactionResponse@bb306b7, success=true, message=交易创建成功}]
2025-07-01 12:19:12 - Mapped to com.banking.controller.TransactionController#createTransaction(TransactionRequest)
2025-07-01 12:19:12 - Writing [{data=com.banking.dto.TransactionResponse@a6e0d1c, success=true, message=交易创建成功}]
2025-07-01 12:19:12 - Read "application/json;charset=UTF-8" to [com.banking.dto.TransactionRequest@32485546]
2025-07-01 12:19:12 - Mapped to com.banking.controller.TransactionController#createTransaction(TransactionRequest)
2025-07-01 12:19:12 - Mapped to com.banking.controller.TransactionController#createTransaction(TransactionRequest)
2025-07-01 12:19:12 - Mapped to com.banking.controller.TransactionController#createTransaction(TransactionRequest)
2025-07-01 12:19:12 - Read "application/json;charset=UTF-8" to [com.banking.dto.TransactionRequest@70152287]
2025-07-01 12:19:12 - Read "application/json;charset=UTF-8" to [com.banking.dto.TransactionRequest@321efa05]
2025-07-01 12:19:12 - Read "application/json;charset=UTF-8" to [com.banking.dto.TransactionRequest@876c8dd]
2025-07-01 12:19:12 - Mapped to com.banking.controller.TransactionController#createTransaction(TransactionRequest)
2025-07-01 12:19:12 - Mapped to com.banking.controller.TransactionController#createTransaction(TransactionRequest)
2025-07-01 12:19:12 - Mapped to com.banking.controller.TransactionController#createTransaction(TransactionRequest)
2025-07-01 12:19:12 - Mapped to com.banking.controller.TransactionController#createTransaction(TransactionRequest)
2025-07-01 12:19:12 - Mapped to com.banking.controller.TransactionController#createTransaction(TransactionRequest)
2025-07-01 12:19:12 - Read "application/json;charset=UTF-8" to [com.banking.dto.TransactionRequest@7625c05d]
2025-07-01 12:19:12 - Read "application/json;charset=UTF-8" to [com.banking.dto.TransactionRequest@3bc6e127]
2025-07-01 12:19:12 - Read "application/json;charset=UTF-8" to [com.banking.dto.TransactionRequest@10fc2e9b]
2025-07-01 12:19:12 - Using 'application/json', given [*/*] and supported [application/json, application/*+json]
2025-07-01 12:19:12 - Using 'application/json', given [*/*] and supported [application/json, application/*+json]
2025-07-01 12:19:12 - Mapped to com.banking.controller.TransactionController#createTransaction(TransactionRequest)
2025-07-01 12:19:12 - Read "application/json;charset=UTF-8" to [com.banking.dto.TransactionRequest@3f5ab3c6]
2025-07-01 12:19:12 - Writing [{data=com.banking.dto.TransactionResponse@5ff707bf, success=true, message=交易创建成功}]
2025-07-01 12:19:12 - Read "application/json;charset=UTF-8" to [com.banking.dto.TransactionRequest@16a597cb]
2025-07-01 12:19:12 - Using 'application/json', given [*/*] and supported [application/json, application/*+json]
2025-07-01 12:19:12 - Using 'application/json', given [*/*] and supported [application/json, application/*+json]
2025-07-01 12:19:12 - Using 'application/json', given [*/*] and supported [application/json, application/*+json]
2025-07-01 12:19:12 - Writing [{data=com.banking.dto.TransactionResponse@62ccb8ba, success=true, message=交易创建成功}]
2025-07-01 12:19:12 - Using 'application/json', given [*/*] and supported [application/json, application/*+json]
2025-07-01 12:19:12 - Using 'application/json', given [*/*] and supported [application/json, application/*+json]
2025-07-01 12:19:12 - Writing [{data=com.banking.dto.TransactionResponse@22ccbf0, success=true, message=交易创建成功}]
2025-07-01 12:19:12 - Writing [{data=com.banking.dto.TransactionResponse@33ffc084, success=true, message=交易创建成功}]
2025-07-01 12:19:12 - Writing [{data=com.banking.dto.TransactionResponse@1ea39a1a, success=true, message=交易创建成功}]
2025-07-01 12:19:12 - Using 'application/json', given [*/*] and supported [application/json, application/*+json]
2025-07-01 12:19:12 - Writing [{data=com.banking.dto.TransactionResponse@8c43e7d, success=true, message=交易创建成功}]
2025-07-01 12:19:12 - Writing [{data=com.banking.dto.TransactionResponse@55bab7a4, success=true, message=交易创建成功}]
2025-07-01 12:19:12 - Writing [{data=com.banking.dto.TransactionResponse@bb3b50, success=true, message=交易创建成功}]
2025-07-01 12:19:12 - Read "application/json;charset=UTF-8" to [com.banking.dto.TransactionRequest@1bc639d7]
2025-07-01 12:19:12 - Using 'application/json', given [*/*] and supported [application/json, application/*+json]
2025-07-01 12:19:12 - Using 'application/json', given [*/*] and supported [application/json, application/*+json]
2025-07-01 12:19:12 - Writing [{data=com.banking.dto.TransactionResponse@5747b57f, success=true, message=交易创建成功}]
2025-07-01 12:19:12 - Writing [{data=com.banking.dto.TransactionResponse@3c1fddfb, success=true, message=交易创建成功}]
2025-07-01 12:19:12 - Mapped to com.banking.controller.TransactionController#createTransaction(TransactionRequest)
2025-07-01 12:19:12 - Mapped to com.banking.controller.TransactionController#createTransaction(TransactionRequest)
2025-07-01 12:19:12 - Mapped to com.banking.controller.TransactionController#createTransaction(TransactionRequest)
2025-07-01 12:19:12 - Mapped to com.banking.controller.TransactionController#createTransaction(TransactionRequest)
2025-07-01 12:19:12 - Mapped to com.banking.controller.TransactionController#createTransaction(TransactionRequest)
2025-07-01 12:19:12 - Mapped to com.banking.controller.TransactionController#createTransaction(TransactionRequest)
2025-07-01 12:19:12 - Mapped to com.banking.controller.TransactionController#createTransaction(TransactionRequest)
2025-07-01 12:19:12 - Mapped to com.banking.controller.TransactionController#createTransaction(TransactionRequest)
2025-07-01 12:19:12 - Mapped to com.banking.controller.TransactionController#createTransaction(TransactionRequest)
2025-07-01 12:19:12 - Read "application/json;charset=UTF-8" to [com.banking.dto.TransactionRequest@70b82b33]
2025-07-01 12:19:12 - Read "application/json;charset=UTF-8" to [com.banking.dto.TransactionRequest@40edc24f]
2025-07-01 12:19:12 - Read "application/json;charset=UTF-8" to [com.banking.dto.TransactionRequest@5e076288]
2025-07-01 12:19:12 - Read "application/json;charset=UTF-8" to [com.banking.dto.TransactionRequest@68c31213]
2025-07-01 12:19:12 - Read "application/json;charset=UTF-8" to [com.banking.dto.TransactionRequest@41846c48]
2025-07-01 12:19:12 - Read "application/json;charset=UTF-8" to [com.banking.dto.TransactionRequest@1e15cdc7]
2025-07-01 12:19:12 - Read "application/json;charset=UTF-8" to [com.banking.dto.TransactionRequest@320addc3]
2025-07-01 12:19:12 - Using 'application/json', given [*/*] and supported [application/json, application/*+json]
2025-07-01 12:19:12 - Read "application/json;charset=UTF-8" to [com.banking.dto.TransactionRequest@68967c04]
2025-07-01 12:19:12 - Writing [{data=com.banking.dto.TransactionResponse@4c22408f, success=true, message=交易创建成功}]
2025-07-01 12:19:12 - Read "application/json;charset=UTF-8" to [com.banking.dto.TransactionRequest@57ab46f2]
2025-07-01 12:19:12 - Using 'application/json', given [*/*] and supported [application/json, application/*+json]
2025-07-01 12:19:12 - Using 'application/json', given [*/*] and supported [application/json, application/*+json]
2025-07-01 12:19:12 - Writing [{data=com.banking.dto.TransactionResponse@46848021, success=true, message=交易创建成功}]
2025-07-01 12:19:12 - Writing [{data=com.banking.dto.TransactionResponse@1881be04, success=true, message=交易创建成功}]
2025-07-01 12:19:12 - Using 'application/json', given [*/*] and supported [application/json, application/*+json]
2025-07-01 12:19:12 - Writing [{data=com.banking.dto.TransactionResponse@770b5e2b, success=true, message=交易创建成功}]
2025-07-01 12:19:12 - Using 'application/json', given [*/*] and supported [application/json, application/*+json]
2025-07-01 12:19:12 - Writing [{data=com.banking.dto.TransactionResponse@639349a7, success=true, message=交易创建成功}]
2025-07-01 12:19:12 - Using 'application/json', given [*/*] and supported [application/json, application/*+json]
2025-07-01 12:19:12 - Using 'application/json', given [*/*] and supported [application/json, application/*+json]
2025-07-01 12:19:12 - Writing [{data=com.banking.dto.TransactionResponse@5da11b91, success=true, message=交易创建成功}]
2025-07-01 12:19:12 - Writing [{data=com.banking.dto.TransactionResponse@2295866, success=true, message=交易创建成功}]
2025-07-01 12:19:12 - Using 'application/json', given [*/*] and supported [application/json, application/*+json]
2025-07-01 12:19:12 - Writing [{data=com.banking.dto.TransactionResponse@60888685, success=true, message=交易创建成功}]
2025-07-01 12:19:12 - Using 'application/json', given [*/*] and supported [application/json, application/*+json]
2025-07-01 12:19:12 - Using 'application/json', given [*/*] and supported [application/json, application/*+json]
2025-07-01 12:19:12 - Writing [{data=com.banking.dto.TransactionResponse@684723bb, success=true, message=交易创建成功}]
2025-07-01 12:19:12 - Writing [{data=com.banking.dto.TransactionResponse@72e43d84, success=true, message=交易创建成功}]
2025-07-01 12:19:12 - Mapped to com.banking.controller.TransactionController#createTransaction(TransactionRequest)
2025-07-01 12:19:12 - Mapped to com.banking.controller.TransactionController#createTransaction(TransactionRequest)
2025-07-01 12:19:12 - Mapped to com.banking.controller.TransactionController#createTransaction(TransactionRequest)
2025-07-01 12:19:12 - Mapped to com.banking.controller.TransactionController#createTransaction(TransactionRequest)
2025-07-01 12:19:12 - Mapped to com.banking.controller.TransactionController#createTransaction(TransactionRequest)
2025-07-01 12:19:12 - Mapped to com.banking.controller.TransactionController#createTransaction(TransactionRequest)
2025-07-01 12:19:12 - Mapped to com.banking.controller.TransactionController#createTransaction(TransactionRequest)
2025-07-01 12:19:12 - Read "application/json;charset=UTF-8" to [com.banking.dto.TransactionRequest@220e473b]
2025-07-01 12:19:12 - Read "application/json;charset=UTF-8" to [com.banking.dto.TransactionRequest@417c6749]
2025-07-01 12:19:12 - Read "application/json;charset=UTF-8" to [com.banking.dto.TransactionRequest@505d01ac]
2025-07-01 12:19:12 - Using 'application/json', given [*/*] and supported [application/json, application/*+json]
2025-07-01 12:19:12 - Read "application/json;charset=UTF-8" to [com.banking.dto.TransactionRequest@3ccdc1a8]
2025-07-01 12:19:12 - Using 'application/json', given [*/*] and supported [application/json, application/*+json]
2025-07-01 12:19:12 - Using 'application/json', given [*/*] and supported [application/json, application/*+json]
2025-07-01 12:19:12 - Read "application/json;charset=UTF-8" to [com.banking.dto.TransactionRequest@38728fa5]
2025-07-01 12:19:12 - Read "application/json;charset=UTF-8" to [com.banking.dto.TransactionRequest@714ecebf]
2025-07-01 12:19:12 - Using 'application/json', given [*/*] and supported [application/json, application/*+json]
2025-07-01 12:19:12 - Read "application/json;charset=UTF-8" to [com.banking.dto.TransactionRequest@64fe8903]
2025-07-01 12:19:12 - Writing [{data=com.banking.dto.TransactionResponse@1dc26bb9, success=true, message=交易创建成功}]
2025-07-01 12:19:12 - Writing [{data=com.banking.dto.TransactionResponse@287d74be, success=true, message=交易创建成功}]
2025-07-01 12:19:12 - Writing [{data=com.banking.dto.TransactionResponse@19549d3e, success=true, message=交易创建成功}]
2025-07-01 12:19:12 - Using 'application/json', given [*/*] and supported [application/json, application/*+json]
2025-07-01 12:19:12 - Writing [{data=com.banking.dto.TransactionResponse@594220d5, success=true, message=交易创建成功}]
2025-07-01 12:19:12 - Writing [{data=com.banking.dto.TransactionResponse@55282bbd, success=true, message=交易创建成功}]
2025-07-01 12:19:12 - Using 'application/json', given [*/*] and supported [application/json, application/*+json]
2025-07-01 12:19:12 - Writing [{data=com.banking.dto.TransactionResponse@3bcf8104, success=true, message=交易创建成功}]
2025-07-01 12:19:12 - Mapped to com.banking.controller.TransactionController#createTransaction(TransactionRequest)
2025-07-01 12:19:12 - Using 'application/json', given [*/*] and supported [application/json, application/*+json]
2025-07-01 12:19:12 - Mapped to com.banking.controller.TransactionController#createTransaction(TransactionRequest)
2025-07-01 12:19:12 - Writing [{data=com.banking.dto.TransactionResponse@7d6eef7b, success=true, message=交易创建成功}]
2025-07-01 12:19:12 - Using 'application/json', given [*/*] and supported [application/json, application/*+json]
2025-07-01 12:19:12 - Writing [{data=com.banking.dto.TransactionResponse@64f4c994, success=true, message=交易创建成功}]
2025-07-01 12:19:12 - Using 'application/json', given [*/*] and supported [application/json, application/*+json]
2025-07-01 12:19:12 - Writing [{data=com.banking.dto.TransactionResponse@2ca64d15, success=true, message=交易创建成功}]
2025-07-01 12:19:12 - Read "application/json;charset=UTF-8" to [com.banking.dto.TransactionRequest@52bbbc93]
2025-07-01 12:19:12 - Read "application/json;charset=UTF-8" to [com.banking.dto.TransactionRequest@1820634f]
2025-07-01 12:19:12 - Using 'application/json', given [*/*] and supported [application/json, application/*+json]
2025-07-01 12:19:12 - Writing [{data=com.banking.dto.TransactionResponse@73bfd1b8, success=true, message=交易创建成功}]
2025-07-01 12:19:12 - Mapped to com.banking.controller.TransactionController#createTransaction(TransactionRequest)
2025-07-01 12:19:12 - Mapped to com.banking.controller.TransactionController#createTransaction(TransactionRequest)
2025-07-01 12:19:12 - Mapped to com.banking.controller.TransactionController#createTransaction(TransactionRequest)
2025-07-01 12:19:12 - Mapped to com.banking.controller.TransactionController#createTransaction(TransactionRequest)
2025-07-01 12:19:12 - Mapped to com.banking.controller.TransactionController#createTransaction(TransactionRequest)
2025-07-01 12:19:12 - Read "application/json;charset=UTF-8" to [com.banking.dto.TransactionRequest@763b81fe]
2025-07-01 12:19:12 - Read "application/json;charset=UTF-8" to [com.banking.dto.TransactionRequest@42b15703]
2025-07-01 12:19:12 - Read "application/json;charset=UTF-8" to [com.banking.dto.TransactionRequest@1e03c876]
2025-07-01 12:19:12 - Read "application/json;charset=UTF-8" to [com.banking.dto.TransactionRequest@5101b609]
2025-07-01 12:19:12 - Read "application/json;charset=UTF-8" to [com.banking.dto.TransactionRequest@1ae0857e]
2025-07-01 12:19:12 - Using 'application/json', given [*/*] and supported [application/json, application/*+json]
2025-07-01 12:19:12 - Mapped to com.banking.controller.TransactionController#createTransaction(TransactionRequest)
2025-07-01 12:19:12 - Mapped to com.banking.controller.TransactionController#createTransaction(TransactionRequest)
2025-07-01 12:19:12 - Using 'application/json', given [*/*] and supported [application/json, application/*+json]
2025-07-01 12:19:12 - Using 'application/json', given [*/*] and supported [application/json, application/*+json]
2025-07-01 12:19:12 - Using 'application/json', given [*/*] and supported [application/json, application/*+json]
2025-07-01 12:19:12 - Writing [{data=com.banking.dto.TransactionResponse@688a423, success=true, message=交易创建成功}]
2025-07-01 12:19:12 - Mapped to com.banking.controller.TransactionController#createTransaction(TransactionRequest)
2025-07-01 12:19:12 - Writing [{data=com.banking.dto.TransactionResponse@351db950, success=true, message=交易创建成功}]
2025-07-01 12:19:12 - Mapped to com.banking.controller.TransactionController#createTransaction(TransactionRequest)
2025-07-01 12:19:12 - Writing [{data=com.banking.dto.TransactionResponse@3e418ca, success=true, message=交易创建成功}]
2025-07-01 12:19:12 - Writing [{data=com.banking.dto.TransactionResponse@35a73833, success=true, message=交易创建成功}]
2025-07-01 12:19:12 - Using 'application/json', given [*/*] and supported [application/json, application/*+json]
2025-07-01 12:19:12 - Writing [{data=com.banking.dto.TransactionResponse@4aa1ec73, success=true, message=交易创建成功}]
2025-07-01 12:19:12 - Using 'application/json', given [*/*] and supported [application/json, application/*+json]
2025-07-01 12:19:12 - Using 'application/json', given [*/*] and supported [application/json, application/*+json]
2025-07-01 12:19:12 - Using 'application/json', given [*/*] and supported [application/json, application/*+json]
2025-07-01 12:19:12 - Writing [{data=com.banking.dto.TransactionResponse@3bffe2db, success=true, message=交易创建成功}]
2025-07-01 12:19:12 - Writing [{data=com.banking.dto.TransactionResponse@5f63a0b, success=true, message=交易创建成功}]
2025-07-01 12:19:12 - Read "application/json;charset=UTF-8" to [com.banking.dto.TransactionRequest@355610f5]
2025-07-01 12:19:12 - Using 'application/json', given [*/*] and supported [application/json, application/*+json]
2025-07-01 12:19:12 - Read "application/json;charset=UTF-8" to [com.banking.dto.TransactionRequest@14ecd504]
2025-07-01 12:19:12 - Writing [{data=com.banking.dto.TransactionResponse@6939c993, success=true, message=交易创建成功}]
2025-07-01 12:19:12 - Read "application/json;charset=UTF-8" to [com.banking.dto.TransactionRequest@58b71aac]
2025-07-01 12:19:12 - Writing [{data=com.banking.dto.TransactionResponse@3ec4b633, success=true, message=交易创建成功}]
2025-07-01 12:19:12 - Read "application/json;charset=UTF-8" to [com.banking.dto.TransactionRequest@64958ca3]
2025-07-01 12:19:12 - Mapped to com.banking.controller.TransactionController#createTransaction(TransactionRequest)
2025-07-01 12:19:12 - Mapped to com.banking.controller.TransactionController#createTransaction(TransactionRequest)
2025-07-01 12:19:12 - Using 'application/json', given [*/*] and supported [application/json, application/*+json]
2025-07-01 12:19:12 - Writing [{data=com.banking.dto.TransactionResponse@2848a737, success=true, message=交易创建成功}]
2025-07-01 12:19:12 - Mapped to com.banking.controller.TransactionController#createTransaction(TransactionRequest)
2025-07-01 12:19:12 - Mapped to com.banking.controller.TransactionController#createTransaction(TransactionRequest)
2025-07-01 12:19:12 - Read "application/json;charset=UTF-8" to [com.banking.dto.TransactionRequest@4bcebe50]
2025-07-01 12:19:12 - Read "application/json;charset=UTF-8" to [com.banking.dto.TransactionRequest@216da7f3]
2025-07-01 12:19:12 - Read "application/json;charset=UTF-8" to [com.banking.dto.TransactionRequest@c3d931d]
2025-07-01 12:19:12 - Read "application/json;charset=UTF-8" to [com.banking.dto.TransactionRequest@19abdb34]
2025-07-01 12:19:12 - Using 'application/json', given [*/*] and supported [application/json, application/*+json]
2025-07-01 12:19:12 - Mapped to com.banking.controller.TransactionController#createTransaction(TransactionRequest)
2025-07-01 12:19:12 - Writing [{data=com.banking.dto.TransactionResponse@c86123b, success=true, message=交易创建成功}]
2025-07-01 12:19:12 - Using 'application/json', given [*/*] and supported [application/json, application/*+json]
2025-07-01 12:19:12 - Writing [{data=com.banking.dto.TransactionResponse@1e63feaa, success=true, message=交易创建成功}]
2025-07-01 12:19:12 - Using 'application/json', given [*/*] and supported [application/json, application/*+json]
2025-07-01 12:19:12 - Writing [{data=com.banking.dto.TransactionResponse@4c5e1741, success=true, message=交易创建成功}]
2025-07-01 12:19:12 - Using 'application/json', given [*/*] and supported [application/json, application/*+json]
2025-07-01 12:19:12 - Writing [{data=com.banking.dto.TransactionResponse@4b7eef47, success=true, message=交易创建成功}]
2025-07-01 12:19:12 - Using 'application/json', given [*/*] and supported [application/json, application/*+json]
2025-07-01 12:19:12 - Read "application/json;charset=UTF-8" to [com.banking.dto.TransactionRequest@6a5e2729]
2025-07-01 12:19:12 - Writing [{data=com.banking.dto.TransactionResponse@400783db, success=true, message=交易创建成功}]
2025-07-01 12:19:12 - Using 'application/json', given [*/*] and supported [application/json, application/*+json]
2025-07-01 12:19:12 - Using 'application/json', given [*/*] and supported [application/json, application/*+json]
2025-07-01 12:19:12 - Mapped to com.banking.controller.TransactionController#createTransaction(TransactionRequest)
2025-07-01 12:19:12 - Writing [{data=com.banking.dto.TransactionResponse@407e6854, success=true, message=交易创建成功}]
2025-07-01 12:19:12 - Writing [{data=com.banking.dto.TransactionResponse@2334b741, success=true, message=交易创建成功}]
2025-07-01 12:19:12 - Mapped to com.banking.controller.TransactionController#createTransaction(TransactionRequest)
2025-07-01 12:19:12 - Using 'application/json', given [*/*] and supported [application/json, application/*+json]
2025-07-01 12:19:12 - Writing [{data=com.banking.dto.TransactionResponse@7411865c, success=true, message=交易创建成功}]
2025-07-01 12:19:12 - Read "application/json;charset=UTF-8" to [com.banking.dto.TransactionRequest@47338594]
2025-07-01 12:19:12 - Read "application/json;charset=UTF-8" to [com.banking.dto.TransactionRequest@4634f5c1]
2025-07-01 12:19:12 - Using 'application/json', given [*/*] and supported [application/json, application/*+json]
2025-07-01 12:19:12 - Writing [{data=com.banking.dto.TransactionResponse@ffa4da0, success=true, message=交易创建成功}]
2025-07-01 12:19:12 - Mapped to com.banking.controller.TransactionController#createTransaction(TransactionRequest)
2025-07-01 12:19:12 - Using 'application/json', given [*/*] and supported [application/json, application/*+json]
2025-07-01 12:19:12 - Writing [{data=com.banking.dto.TransactionResponse@25e2d8b2, success=true, message=交易创建成功}]
2025-07-01 12:19:12 - Mapped to com.banking.controller.TransactionController#createTransaction(TransactionRequest)
2025-07-01 12:19:12 - Mapped to com.banking.controller.TransactionController#createTransaction(TransactionRequest)
2025-07-01 12:19:12 - Mapped to com.banking.controller.TransactionController#createTransaction(TransactionRequest)
2025-07-01 12:19:12 - Read "application/json;charset=UTF-8" to [com.banking.dto.TransactionRequest@bde64d1]
2025-07-01 12:19:12 - Read "application/json;charset=UTF-8" to [com.banking.dto.TransactionRequest@7e7dbb96]
2025-07-01 12:19:12 - Read "application/json;charset=UTF-8" to [com.banking.dto.TransactionRequest@7048f1d]
2025-07-01 12:19:12 - Mapped to com.banking.controller.TransactionController#createTransaction(TransactionRequest)
2025-07-01 12:19:12 - Read "application/json;charset=UTF-8" to [com.banking.dto.TransactionRequest@7c27c467]
2025-07-01 12:19:12 - Mapped to com.banking.controller.TransactionController#createTransaction(TransactionRequest)
2025-07-01 12:19:12 - Using 'application/json', given [*/*] and supported [application/json, application/*+json]
2025-07-01 12:19:12 - Using 'application/json', given [*/*] and supported [application/json, application/*+json]
2025-07-01 12:19:12 - Writing [{data=com.banking.dto.TransactionResponse@169e0a85, success=true, message=交易创建成功}]
2025-07-01 12:19:12 - Writing [{data=com.banking.dto.TransactionResponse@5d219208, success=true, message=交易创建成功}]
2025-07-01 12:19:12 - Using 'application/json', given [*/*] and supported [application/json, application/*+json]
2025-07-01 12:19:12 - Using 'application/json', given [*/*] and supported [application/json, application/*+json]
2025-07-01 12:19:12 - Read "application/json;charset=UTF-8" to [com.banking.dto.TransactionRequest@16879298]
2025-07-01 12:19:12 - Read "application/json;charset=UTF-8" to [com.banking.dto.TransactionRequest@69cfc171]
2025-07-01 12:19:12 - Using 'application/json', given [*/*] and supported [application/json, application/*+json]
2025-07-01 12:19:12 - Writing [{data=com.banking.dto.TransactionResponse@54ebc6b3, success=true, message=交易创建成功}]
2025-07-01 12:19:12 - Writing [{data=com.banking.dto.TransactionResponse@68eda0fd, success=true, message=交易创建成功}]
2025-07-01 12:19:12 - Writing [{data=com.banking.dto.TransactionResponse@408042e2, success=true, message=交易创建成功}]
2025-07-01 12:19:12 - Using 'application/json', given [*/*] and supported [application/json, application/*+json]
2025-07-01 12:19:12 - Writing [{data=com.banking.dto.TransactionResponse@22551ac2, success=true, message=交易创建成功}]
2025-07-01 12:19:12 - Using 'application/json', given [*/*] and supported [application/json, application/*+json]
2025-07-01 12:19:12 - Writing [{data=com.banking.dto.TransactionResponse@6d9ca280, success=true, message=交易创建成功}]
2025-07-01 12:19:12 - Using 'application/json', given [*/*] and supported [application/json, application/*+json]
2025-07-01 12:19:12 - Writing [{data=com.banking.dto.TransactionResponse@34f75067, success=true, message=交易创建成功}]
2025-07-01 12:19:12 - Mapped to com.banking.controller.TransactionController#createTransaction(TransactionRequest)
2025-07-01 12:19:12 - Mapped to com.banking.controller.TransactionController#createTransaction(TransactionRequest)
2025-07-01 12:19:12 - Using 'application/json', given [*/*] and supported [application/json, application/*+json]
2025-07-01 12:19:12 - Writing [{data=com.banking.dto.TransactionResponse@34867e2, success=true, message=交易创建成功}]
2025-07-01 12:19:12 - Read "application/json;charset=UTF-8" to [com.banking.dto.TransactionRequest@71dc1611]
2025-07-01 12:19:12 - Read "application/json;charset=UTF-8" to [com.banking.dto.TransactionRequest@71042355]
2025-07-01 12:19:12 - Mapped to com.banking.controller.TransactionController#createTransaction(TransactionRequest)
2025-07-01 12:19:12 - Mapped to com.banking.controller.TransactionController#createTransaction(TransactionRequest)
2025-07-01 12:19:12 - Mapped to com.banking.controller.TransactionController#createTransaction(TransactionRequest)
2025-07-01 12:19:12 - Mapped to com.banking.controller.TransactionController#createTransaction(TransactionRequest)
2025-07-01 12:19:12 - Using 'application/json', given [*/*] and supported [application/json, application/*+json]
2025-07-01 12:19:12 - Writing [{data=com.banking.dto.TransactionResponse@22fcebaf, success=true, message=交易创建成功}]
2025-07-01 12:19:12 - Mapped to com.banking.controller.TransactionController#createTransaction(TransactionRequest)
2025-07-01 12:19:12 - Mapped to com.banking.controller.TransactionController#createTransaction(TransactionRequest)
2025-07-01 12:19:12 - Mapped to com.banking.controller.TransactionController#createTransaction(TransactionRequest)
2025-07-01 12:19:12 - Read "application/json;charset=UTF-8" to [com.banking.dto.TransactionRequest@1fd47e3b]
2025-07-01 12:19:12 - Read "application/json;charset=UTF-8" to [com.banking.dto.TransactionRequest@2bb6c8ce]
2025-07-01 12:19:12 - Read "application/json;charset=UTF-8" to [com.banking.dto.TransactionRequest@16714ef8]
2025-07-01 12:19:12 - Read "application/json;charset=UTF-8" to [com.banking.dto.TransactionRequest@753cc1a1]
2025-07-01 12:19:12 - Read "application/json;charset=UTF-8" to [com.banking.dto.TransactionRequest@71467621]
2025-07-01 12:19:12 - Read "application/json;charset=UTF-8" to [com.banking.dto.TransactionRequest@c033114]
2025-07-01 12:19:12 - Read "application/json;charset=UTF-8" to [com.banking.dto.TransactionRequest@6e97bcbb]
2025-07-01 12:19:12 - Using 'application/json', given [*/*] and supported [application/json, application/*+json]
2025-07-01 12:19:12 - Using 'application/json', given [*/*] and supported [application/json, application/*+json]
2025-07-01 12:19:12 - Using 'application/json', given [*/*] and supported [application/json, application/*+json]
2025-07-01 12:19:12 - Using 'application/json', given [*/*] and supported [application/json, application/*+json]
2025-07-01 12:19:12 - Using 'application/json', given [*/*] and supported [application/json, application/*+json]
2025-07-01 12:19:12 - Writing [{data=com.banking.dto.TransactionResponse@23e95ece, success=true, message=交易创建成功}]
2025-07-01 12:19:12 - Writing [{data=com.banking.dto.TransactionResponse@297492bd, success=true, message=交易创建成功}]
2025-07-01 12:19:12 - Writing [{data=com.banking.dto.TransactionResponse@2673fd04, success=true, message=交易创建成功}]
2025-07-01 12:19:12 - Using 'application/json', given [*/*] and supported [application/json, application/*+json]
2025-07-01 12:19:12 - Writing [{data=com.banking.dto.TransactionResponse@44cdc962, success=true, message=交易创建成功}]
2025-07-01 12:19:12 - Writing [{data=com.banking.dto.TransactionResponse@51f799af, success=true, message=交易创建成功}]
2025-07-01 12:19:12 - Mapped to com.banking.controller.TransactionController#createTransaction(TransactionRequest)
2025-07-01 12:19:12 - Using 'application/json', given [*/*] and supported [application/json, application/*+json]
2025-07-01 12:19:12 - Writing [{data=com.banking.dto.TransactionResponse@43976568, success=true, message=交易创建成功}]
2025-07-01 12:19:12 - Using 'application/json', given [*/*] and supported [application/json, application/*+json]
2025-07-01 12:19:12 - Writing [{data=com.banking.dto.TransactionResponse@23620e6c, success=true, message=交易创建成功}]
2025-07-01 12:19:12 - Writing [{data=com.banking.dto.TransactionResponse@50c53f6c, success=true, message=交易创建成功}]
2025-07-01 12:19:12 - Read "application/json;charset=UTF-8" to [com.banking.dto.TransactionRequest@48ca708f]
2025-07-01 12:19:12 - Using 'application/json', given [*/*] and supported [application/json, application/*+json]
2025-07-01 12:19:12 - Writing [{data=com.banking.dto.TransactionResponse@ccbc271, success=true, message=交易创建成功}]
2025-07-01 12:19:12 - Using 'application/json', given [*/*] and supported [application/json, application/*+json]
2025-07-01 12:19:12 - Writing [{data=com.banking.dto.TransactionResponse@627f6323, success=true, message=交易创建成功}]
2025-07-01 12:19:12 - Mapped to com.banking.controller.TransactionController#createTransaction(TransactionRequest)
2025-07-01 12:19:12 - Mapped to com.banking.controller.TransactionController#createTransaction(TransactionRequest)
2025-07-01 12:19:12 - Mapped to com.banking.controller.TransactionController#createTransaction(TransactionRequest)
2025-07-01 12:19:12 - Mapped to com.banking.controller.TransactionController#createTransaction(TransactionRequest)
2025-07-01 12:19:12 - Mapped to com.banking.controller.TransactionController#createTransaction(TransactionRequest)
2025-07-01 12:19:12 - Using 'application/json', given [*/*] and supported [application/json, application/*+json]
2025-07-01 12:19:12 - Using 'application/json', given [*/*] and supported [application/json, application/*+json]
2025-07-01 12:19:12 - Using 'application/json', given [*/*] and supported [application/json, application/*+json]
2025-07-01 12:19:12 - Writing [{data=com.banking.dto.TransactionResponse@6b285260, success=true, message=交易创建成功}]
2025-07-01 12:19:12 - Using 'application/json', given [*/*] and supported [application/json, application/*+json]
2025-07-01 12:19:12 - Writing [{data=com.banking.dto.TransactionResponse@771062d1, success=true, message=交易创建成功}]
2025-07-01 12:19:12 - Using 'application/json', given [*/*] and supported [application/json, application/*+json]
2025-07-01 12:19:12 - Writing [{data=com.banking.dto.TransactionResponse@64c7d614, success=true, message=交易创建成功}]
2025-07-01 12:19:12 - Read "application/json;charset=UTF-8" to [com.banking.dto.TransactionRequest@5f2633c7]
2025-07-01 12:19:12 - Writing [{data=com.banking.dto.TransactionResponse@7d95dd91, success=true, message=交易创建成功}]
2025-07-01 12:19:12 - Writing [{data=com.banking.dto.TransactionResponse@2e50c771, success=true, message=交易创建成功}]
2025-07-01 12:19:12 - Read "application/json;charset=UTF-8" to [com.banking.dto.TransactionRequest@7e7c128d]
2025-07-01 12:19:12 - Using 'application/json', given [*/*] and supported [application/json, application/*+json]
2025-07-01 12:19:12 - Using 'application/json', given [*/*] and supported [application/json, application/*+json]
2025-07-01 12:19:12 - Writing [{data=com.banking.dto.TransactionResponse@5711ba2b, success=true, message=交易创建成功}]
2025-07-01 12:19:12 - Writing [{data=com.banking.dto.TransactionResponse@1361fc8f, success=true, message=交易创建成功}]
2025-07-01 12:19:12 - Read "application/json;charset=UTF-8" to [com.banking.dto.TransactionRequest@635b6be]
2025-07-01 12:19:12 - Read "application/json;charset=UTF-8" to [com.banking.dto.TransactionRequest@31994e29]
2025-07-01 12:19:12 - Mapped to com.banking.controller.TransactionController#createTransaction(TransactionRequest)
2025-07-01 12:19:12 - Using 'application/json', given [*/*] and supported [application/json, application/*+json]
2025-07-01 12:19:12 - Writing [{data=com.banking.dto.TransactionResponse@47ccaad3, success=true, message=交易创建成功}]
2025-07-01 12:19:12 - Using 'application/json', given [*/*] and supported [application/json, application/*+json]
2025-07-01 12:19:12 - Read "application/json;charset=UTF-8" to [com.banking.dto.TransactionRequest@49f648f]
2025-07-01 12:19:12 - Writing [{data=com.banking.dto.TransactionResponse@5434deb4, success=true, message=交易创建成功}]
2025-07-01 12:19:12 - Read "application/json;charset=UTF-8" to [com.banking.dto.TransactionRequest@fedf793]
2025-07-01 12:19:12 - Using 'application/json', given [*/*] and supported [application/json, application/*+json]
2025-07-01 12:19:12 - Writing [{data=com.banking.dto.TransactionResponse@5f8837e2, success=true, message=交易创建成功}]
2025-07-01 12:19:12 - Using 'application/json', given [*/*] and supported [application/json, application/*+json]
2025-07-01 12:19:12 - Mapped to com.banking.controller.TransactionController#createTransaction(TransactionRequest)
2025-07-01 12:19:12 - Mapped to com.banking.controller.TransactionController#createTransaction(TransactionRequest)
2025-07-01 12:19:12 - Mapped to com.banking.controller.TransactionController#createTransaction(TransactionRequest)
2025-07-01 12:19:12 - Writing [{data=com.banking.dto.TransactionResponse@352d4b90, success=true, message=交易创建成功}]
2025-07-01 12:19:12 - Mapped to com.banking.controller.TransactionController#createTransaction(TransactionRequest)
2025-07-01 12:19:12 - Mapped to com.banking.controller.TransactionController#createTransaction(TransactionRequest)
2025-07-01 12:19:12 - Using 'application/json', given [*/*] and supported [application/json, application/*+json]
2025-07-01 12:19:12 - Using 'application/json', given [*/*] and supported [application/json, application/*+json]
2025-07-01 12:19:12 - Writing [{data=com.banking.dto.TransactionResponse@5eda01c2, success=true, message=交易创建成功}]
2025-07-01 12:19:12 - Writing [{data=com.banking.dto.TransactionResponse@41a69755, success=true, message=交易创建成功}]
2025-07-01 12:19:12 - Using 'application/json', given [*/*] and supported [application/json, application/*+json]
2025-07-01 12:19:12 - Using 'application/json', given [*/*] and supported [application/json, application/*+json]
2025-07-01 12:19:12 - Writing [{data=com.banking.dto.TransactionResponse@5f64de48, success=true, message=交易创建成功}]
2025-07-01 12:19:12 - Writing [{data=com.banking.dto.TransactionResponse@bef1896, success=true, message=交易创建成功}]
2025-07-01 12:19:12 - Using 'application/json', given [*/*] and supported [application/json, application/*+json]
2025-07-01 12:19:12 - Read "application/json;charset=UTF-8" to [com.banking.dto.TransactionRequest@1d5a50b8]
2025-07-01 12:19:12 - Writing [{data=com.banking.dto.TransactionResponse@50a9dba1, success=true, message=交易创建成功}]
2025-07-01 12:19:12 - Mapped to com.banking.controller.TransactionController#createTransaction(TransactionRequest)
2025-07-01 12:19:12 - Using 'application/json', given [*/*] and supported [application/json, application/*+json]
2025-07-01 12:19:12 - Writing [{data=com.banking.dto.TransactionResponse@c117f58, success=true, message=交易创建成功}]
2025-07-01 12:19:12 - Read "application/json;charset=UTF-8" to [com.banking.dto.TransactionRequest@494e37d7]
2025-07-01 12:19:12 - Read "application/json;charset=UTF-8" to [com.banking.dto.TransactionRequest@271ac4b6]
2025-07-01 12:19:12 - Using 'application/json', given [*/*] and supported [application/json, application/*+json]
2025-07-01 12:19:12 - Read "application/json;charset=UTF-8" to [com.banking.dto.TransactionRequest@7cf8a19d]
2025-07-01 12:19:12 - Writing [{data=com.banking.dto.TransactionResponse@34d92dd4, success=true, message=交易创建成功}]
2025-07-01 12:19:12 - Read "application/json;charset=UTF-8" to [com.banking.dto.TransactionRequest@78ef4297]
2025-07-01 12:19:12 - Read "application/json;charset=UTF-8" to [com.banking.dto.TransactionRequest@5bf59a8f]
2025-07-01 12:19:12 - Using 'application/json', given [*/*] and supported [application/json, application/*+json]
2025-07-01 12:19:12 - Writing [{data=com.banking.dto.TransactionResponse@c85bedf, success=true, message=交易创建成功}]
2025-07-01 12:19:12 - Mapped to com.banking.controller.TransactionController#createTransaction(TransactionRequest)
2025-07-01 12:19:12 - Using 'application/json', given [*/*] and supported [application/json, application/*+json]
2025-07-01 12:19:12 - Mapped to com.banking.controller.TransactionController#createTransaction(TransactionRequest)
2025-07-01 12:19:12 - Mapped to com.banking.controller.TransactionController#createTransaction(TransactionRequest)
2025-07-01 12:19:12 - Writing [{data=com.banking.dto.TransactionResponse@f292b42, success=true, message=交易创建成功}]
2025-07-01 12:19:12 - Mapped to com.banking.controller.TransactionController#createTransaction(TransactionRequest)
2025-07-01 12:19:12 - Read "application/json;charset=UTF-8" to [com.banking.dto.TransactionRequest@6141693c]
2025-07-01 12:19:12 - Read "application/json;charset=UTF-8" to [com.banking.dto.TransactionRequest@59174a50]
2025-07-01 12:19:12 - Read "application/json;charset=UTF-8" to [com.banking.dto.TransactionRequest@a68dcd2]
2025-07-01 12:19:12 - Read "application/json;charset=UTF-8" to [com.banking.dto.TransactionRequest@2a01e5fc]
2025-07-01 12:19:12 - Mapped to com.banking.controller.TransactionController#createTransaction(TransactionRequest)
2025-07-01 12:19:12 - Using 'application/json', given [*/*] and supported [application/json, application/*+json]
2025-07-01 12:19:12 - Mapped to com.banking.controller.TransactionController#createTransaction(TransactionRequest)
2025-07-01 12:19:12 - Using 'application/json', given [*/*] and supported [application/json, application/*+json]
2025-07-01 12:19:12 - Using 'application/json', given [*/*] and supported [application/json, application/*+json]
2025-07-01 12:19:12 - Writing [{data=com.banking.dto.TransactionResponse@289729a8, success=true, message=交易创建成功}]
2025-07-01 12:19:12 - Writing [{data=com.banking.dto.TransactionResponse@60b36719, success=true, message=交易创建成功}]
2025-07-01 12:19:12 - Using 'application/json', given [*/*] and supported [application/json, application/*+json]
2025-07-01 12:19:12 - Writing [{data=com.banking.dto.TransactionResponse@1d0c8ea3, success=true, message=交易创建成功}]
2025-07-01 12:19:12 - Using 'application/json', given [*/*] and supported [application/json, application/*+json]
2025-07-01 12:19:12 - Using 'application/json', given [*/*] and supported [application/json, application/*+json]
2025-07-01 12:19:12 - Writing [{data=com.banking.dto.TransactionResponse@2426f20, success=true, message=交易创建成功}]
2025-07-01 12:19:12 - Writing [{data=com.banking.dto.TransactionResponse@6a844ae5, success=true, message=交易创建成功}]
2025-07-01 12:19:12 - Read "application/json;charset=UTF-8" to [com.banking.dto.TransactionRequest@37d461c2]
2025-07-01 12:19:12 - Read "application/json;charset=UTF-8" to [com.banking.dto.TransactionRequest@79c92056]
2025-07-01 12:19:12 - Mapped to com.banking.controller.TransactionController#createTransaction(TransactionRequest)
2025-07-01 12:19:12 - Mapped to com.banking.controller.TransactionController#createTransaction(TransactionRequest)
2025-07-01 12:19:12 - Writing [{data=com.banking.dto.TransactionResponse@7db41828, success=true, message=交易创建成功}]
2025-07-01 12:19:12 - Mapped to com.banking.controller.TransactionController#createTransaction(TransactionRequest)
2025-07-01 12:19:12 - Using 'application/json', given [*/*] and supported [application/json, application/*+json]
2025-07-01 12:19:12 - Writing [{data=com.banking.dto.TransactionResponse@57cfc2d2, success=true, message=交易创建成功}]
2025-07-01 12:19:12 - Read "application/json;charset=UTF-8" to [com.banking.dto.TransactionRequest@a0350d4]
2025-07-01 12:19:12 - Read "application/json;charset=UTF-8" to [com.banking.dto.TransactionRequest@1a6a01b9]
2025-07-01 12:19:12 - Read "application/json;charset=UTF-8" to [com.banking.dto.TransactionRequest@74f7d513]
2025-07-01 12:19:12 - Using 'application/json', given [*/*] and supported [application/json, application/*+json]
2025-07-01 12:19:12 - Writing [{data=com.banking.dto.TransactionResponse@240ab676, success=true, message=交易创建成功}]
2025-07-01 12:19:12 - Using 'application/json', given [*/*] and supported [application/json, application/*+json]
2025-07-01 12:19:12 - Writing [{data=com.banking.dto.TransactionResponse@5f4bff60, success=true, message=交易创建成功}]
2025-07-01 12:19:12 - Mapped to com.banking.controller.TransactionController#createTransaction(TransactionRequest)
2025-07-01 12:19:12 - Mapped to com.banking.controller.TransactionController#createTransaction(TransactionRequest)
2025-07-01 12:19:12 - Mapped to com.banking.controller.TransactionController#createTransaction(TransactionRequest)
2025-07-01 12:19:12 - Using 'application/json', given [*/*] and supported [application/json, application/*+json]
2025-07-01 12:19:12 - Writing [{data=com.banking.dto.TransactionResponse@2ac4c892, success=true, message=交易创建成功}]
2025-07-01 12:19:12 - Using 'application/json', given [*/*] and supported [application/json, application/*+json]
2025-07-01 12:19:12 - Read "application/json;charset=UTF-8" to [com.banking.dto.TransactionRequest@6107718a]
2025-07-01 12:19:12 - Writing [{data=com.banking.dto.TransactionResponse@2b01776e, success=true, message=交易创建成功}]
2025-07-01 12:19:12 - Read "application/json;charset=UTF-8" to [com.banking.dto.TransactionRequest@3c154175]
2025-07-01 12:19:12 - Read "application/json;charset=UTF-8" to [com.banking.dto.TransactionRequest@b264567]
2025-07-01 12:19:12 - Using 'application/json', given [*/*] and supported [application/json, application/*+json]
2025-07-01 12:19:12 - Using 'application/json', given [*/*] and supported [application/json, application/*+json]
2025-07-01 12:19:12 - Mapped to com.banking.controller.TransactionController#createTransaction(TransactionRequest)
2025-07-01 12:19:12 - Writing [{data=com.banking.dto.TransactionResponse@2ba1fb75, success=true, message=交易创建成功}]
2025-07-01 12:19:12 - Writing [{data=com.banking.dto.TransactionResponse@6d5abfaa, success=true, message=交易创建成功}]
2025-07-01 12:19:12 - Using 'application/json', given [*/*] and supported [application/json, application/*+json]
2025-07-01 12:19:12 - Mapped to com.banking.controller.TransactionController#createTransaction(TransactionRequest)
2025-07-01 12:19:12 - Using 'application/json', given [*/*] and supported [application/json, application/*+json]
2025-07-01 12:19:12 - Using 'application/json', given [*/*] and supported [application/json, application/*+json]
2025-07-01 12:19:12 - Writing [{data=com.banking.dto.TransactionResponse@2a185809, success=true, message=交易创建成功}]
2025-07-01 12:19:12 - Using 'application/json', given [*/*] and supported [application/json, application/*+json]
2025-07-01 12:19:12 - Writing [{data=com.banking.dto.TransactionResponse@66824c97, success=true, message=交易创建成功}]
2025-07-01 12:19:12 - Writing [{data=com.banking.dto.TransactionResponse@50fe37f0, success=true, message=交易创建成功}]
2025-07-01 12:19:12 - Writing [{data=com.banking.dto.TransactionResponse@3d53bb8a, success=true, message=交易创建成功}]
2025-07-01 12:19:12 - Read "application/json;charset=UTF-8" to [com.banking.dto.TransactionRequest@1c9f9820]
2025-07-01 12:19:12 - Mapped to com.banking.controller.TransactionController#createTransaction(TransactionRequest)
2025-07-01 12:19:12 - Read "application/json;charset=UTF-8" to [com.banking.dto.TransactionRequest@657b7e10]
2025-07-01 12:19:12 - Mapped to com.banking.controller.TransactionController#createTransaction(TransactionRequest)
2025-07-01 12:19:12 - Read "application/json;charset=UTF-8" to [com.banking.dto.TransactionRequest@176a1d72]
2025-07-01 12:19:12 - Read "application/json;charset=UTF-8" to [com.banking.dto.TransactionRequest@6d04e0ed]
2025-07-01 12:19:12 - Mapped to com.banking.controller.TransactionController#createTransaction(TransactionRequest)
2025-07-01 12:19:12 - Mapped to com.banking.controller.TransactionController#createTransaction(TransactionRequest)
2025-07-01 12:19:12 - Using 'application/json', given [*/*] and supported [application/json, application/*+json]
2025-07-01 12:19:12 - Using 'application/json', given [*/*] and supported [application/json, application/*+json]
2025-07-01 12:19:12 - Writing [{data=com.banking.dto.TransactionResponse@fe4d9b2, success=true, message=交易创建成功}]
2025-07-01 12:19:12 - Read "application/json;charset=UTF-8" to [com.banking.dto.TransactionRequest@21fdb849]
2025-07-01 12:19:12 - Read "application/json;charset=UTF-8" to [com.banking.dto.TransactionRequest@dcb208c]
2025-07-01 12:19:12 - Writing [{data=com.banking.dto.TransactionResponse@483c9dfc, success=true, message=交易创建成功}]
2025-07-01 12:19:12 - Mapped to com.banking.controller.TransactionController#createTransaction(TransactionRequest)
2025-07-01 12:19:12 - Mapped to com.banking.controller.TransactionController#createTransaction(TransactionRequest)
2025-07-01 12:19:12 - Mapped to com.banking.controller.TransactionController#createTransaction(TransactionRequest)
2025-07-01 12:19:12 - Mapped to com.banking.controller.TransactionController#createTransaction(TransactionRequest)
2025-07-01 12:19:12 - Read "application/json;charset=UTF-8" to [com.banking.dto.TransactionRequest@42d2fc64]
2025-07-01 12:19:12 - Read "application/json;charset=UTF-8" to [com.banking.dto.TransactionRequest@1cc79bfc]
2025-07-01 12:19:12 - Read "application/json;charset=UTF-8" to [com.banking.dto.TransactionRequest@79e0c27b]
2025-07-01 12:19:12 - Read "application/json;charset=UTF-8" to [com.banking.dto.TransactionRequest@7a214a29]
2025-07-01 12:19:12 - Using 'application/json', given [*/*] and supported [application/json, application/*+json]
2025-07-01 12:19:12 - Using 'application/json', given [*/*] and supported [application/json, application/*+json]
2025-07-01 12:19:12 - Using 'application/json', given [*/*] and supported [application/json, application/*+json]
2025-07-01 12:19:12 - Writing [{data=com.banking.dto.TransactionResponse@49194052, success=true, message=交易创建成功}]
2025-07-01 12:19:12 - Writing [{data=com.banking.dto.TransactionResponse@61d4db43, success=true, message=交易创建成功}]
2025-07-01 12:19:12 - Writing [{data=com.banking.dto.TransactionResponse@b995d71, success=true, message=交易创建成功}]
2025-07-01 12:19:12 - Using 'application/json', given [*/*] and supported [application/json, application/*+json]
2025-07-01 12:19:12 - Writing [{data=com.banking.dto.TransactionResponse@418e80f3, success=true, message=交易创建成功}]
2025-07-01 12:19:12 - Using 'application/json', given [*/*] and supported [application/json, application/*+json]
2025-07-01 12:19:12 - Using 'application/json', given [*/*] and supported [application/json, application/*+json]
2025-07-01 12:19:12 - Using 'application/json', given [*/*] and supported [application/json, application/*+json]
2025-07-01 12:19:12 - Writing [{data=com.banking.dto.TransactionResponse@291d8e54, success=true, message=交易创建成功}]
2025-07-01 12:19:12 - Writing [{data=com.banking.dto.TransactionResponse@2db25244, success=true, message=交易创建成功}]
2025-07-01 12:19:12 - Using 'application/json', given [*/*] and supported [application/json, application/*+json]
2025-07-01 12:19:12 - Writing [{data=com.banking.dto.TransactionResponse@58ce7dca, success=true, message=交易创建成功}]
2025-07-01 12:19:12 - Writing [{data=com.banking.dto.TransactionResponse@7fc47f50, success=true, message=交易创建成功}]
2025-07-01 12:19:12 - Mapped to com.banking.controller.TransactionController#createTransaction(TransactionRequest)
2025-07-01 12:19:12 - Read "application/json;charset=UTF-8" to [com.banking.dto.TransactionRequest@5f131d78]
2025-07-01 12:19:12 - Mapped to com.banking.controller.TransactionController#createTransaction(TransactionRequest)
2025-07-01 12:19:12 - Mapped to com.banking.controller.TransactionController#createTransaction(TransactionRequest)
2025-07-01 12:19:12 - Using 'application/json', given [*/*] and supported [application/json, application/*+json]
2025-07-01 12:19:12 - Writing [{data=com.banking.dto.TransactionResponse@59e5bd58, success=true, message=交易创建成功}]
2025-07-01 12:19:12 - Using 'application/json', given [*/*] and supported [application/json, application/*+json]
2025-07-01 12:19:12 - Writing [{data=com.banking.dto.TransactionResponse@4e05e32c, success=true, message=交易创建成功}]
2025-07-01 12:19:12 - Read "application/json;charset=UTF-8" to [com.banking.dto.TransactionRequest@29424cb9]
2025-07-01 12:19:12 - Mapped to com.banking.controller.TransactionController#createTransaction(TransactionRequest)
2025-07-01 12:19:12 - Mapped to com.banking.controller.TransactionController#createTransaction(TransactionRequest)
2025-07-01 12:19:12 - Using 'application/json', given [*/*] and supported [application/json, application/*+json]
2025-07-01 12:19:12 - Read "application/json;charset=UTF-8" to [com.banking.dto.TransactionRequest@10af394]
2025-07-01 12:19:12 - Using 'application/json', given [*/*] and supported [application/json, application/*+json]
2025-07-01 12:19:12 - Writing [{data=com.banking.dto.TransactionResponse@6921893a, success=true, message=交易创建成功}]
2025-07-01 12:19:12 - Using 'application/json', given [*/*] and supported [application/json, application/*+json]
2025-07-01 12:19:12 - Writing [{data=com.banking.dto.TransactionResponse@36d40491, success=true, message=交易创建成功}]
2025-07-01 12:19:12 - Writing [{data=com.banking.dto.TransactionResponse@15e617d2, success=true, message=交易创建成功}]
2025-07-01 12:19:12 - Using 'application/json', given [*/*] and supported [application/json, application/*+json]
2025-07-01 12:19:12 - Read "application/json;charset=UTF-8" to [com.banking.dto.TransactionRequest@1f71c80e]
2025-07-01 12:19:12 - Using 'application/json', given [*/*] and supported [application/json, application/*+json]
2025-07-01 12:19:12 - Writing [{data=com.banking.dto.TransactionResponse@5f5d49fd, success=true, message=交易创建成功}]
2025-07-01 12:19:12 - Read "application/json;charset=UTF-8" to [com.banking.dto.TransactionRequest@29a6476b]
2025-07-01 12:19:12 - Writing [{data=com.banking.dto.TransactionResponse@71d8c0e5, success=true, message=交易创建成功}]
2025-07-01 12:19:12 - Using 'application/json', given [*/*] and supported [application/json, application/*+json]
2025-07-01 12:19:12 - Writing [{data=com.banking.dto.TransactionResponse@77154ad9, success=true, message=交易创建成功}]
2025-07-01 12:19:12 - Using 'application/json', given [*/*] and supported [application/json, application/*+json]
2025-07-01 12:19:12 - Writing [{data=com.banking.dto.TransactionResponse@461972bc, success=true, message=交易创建成功}]
2025-07-01 12:19:12 - Mapped to com.banking.controller.TransactionController#createTransaction(TransactionRequest)
2025-07-01 12:19:12 - Mapped to com.banking.controller.TransactionController#createTransaction(TransactionRequest)
2025-07-01 12:19:12 - Using 'application/json', given [*/*] and supported [application/json, application/*+json]
2025-07-01 12:19:12 - Writing [{data=com.banking.dto.TransactionResponse@5eb370d5, success=true, message=交易创建成功}]
2025-07-01 12:19:12 - Read "application/json;charset=UTF-8" to [com.banking.dto.TransactionRequest@43fa30b2]
2025-07-01 12:19:12 - Read "application/json;charset=UTF-8" to [com.banking.dto.TransactionRequest@20262df0]
2025-07-01 12:19:12 - Mapped to com.banking.controller.TransactionController#createTransaction(TransactionRequest)
2025-07-01 12:19:12 - Mapped to com.banking.controller.TransactionController#createTransaction(TransactionRequest)
2025-07-01 12:19:12 - Mapped to com.banking.controller.TransactionController#createTransaction(TransactionRequest)
2025-07-01 12:19:12 - Using 'application/json', given [*/*] and supported [application/json, application/*+json]
2025-07-01 12:19:12 - Using 'application/json', given [*/*] and supported [application/json, application/*+json]
2025-07-01 12:19:12 - Writing [{data=com.banking.dto.TransactionResponse@72958c82, success=true, message=交易创建成功}]
2025-07-01 12:19:12 - Writing [{data=com.banking.dto.TransactionResponse@69401359, success=true, message=交易创建成功}]
2025-07-01 12:19:12 - Using 'application/json', given [*/*] and supported [application/json, application/*+json]
2025-07-01 12:19:12 - Read "application/json;charset=UTF-8" to [com.banking.dto.TransactionRequest@6e47d245]
2025-07-01 12:19:12 - Read "application/json;charset=UTF-8" to [com.banking.dto.TransactionRequest@1aee366d]
2025-07-01 12:19:12 - Read "application/json;charset=UTF-8" to [com.banking.dto.TransactionRequest@2fc7be]
2025-07-01 12:19:12 - Writing [{data=com.banking.dto.TransactionResponse@377494e6, success=true, message=交易创建成功}]
2025-07-01 12:19:12 - Using 'application/json', given [*/*] and supported [application/json, application/*+json]
2025-07-01 12:19:12 - Writing [{data=com.banking.dto.TransactionResponse@452b1de7, success=true, message=交易创建成功}]
2025-07-01 12:19:12 - Using 'application/json', given [*/*] and supported [application/json, application/*+json]
2025-07-01 12:19:12 - Writing [{data=com.banking.dto.TransactionResponse@4939b746, success=true, message=交易创建成功}]
2025-07-01 12:19:12 - Using 'application/json', given [*/*] and supported [application/json, application/*+json]
2025-07-01 12:19:12 - Writing [{data=com.banking.dto.TransactionResponse@1c45718b, success=true, message=交易创建成功}]
2025-07-01 12:19:12 - Using 'application/json', given [*/*] and supported [application/json, application/*+json]
2025-07-01 12:19:12 - Writing [{data=com.banking.dto.TransactionResponse@2d93e4bc, success=true, message=交易创建成功}]
2025-07-01 12:19:12 - Using 'application/json', given [*/*] and supported [application/json, application/*+json]
2025-07-01 12:19:12 - Writing [{data=com.banking.dto.TransactionResponse@4c314c83, success=true, message=交易创建成功}]
2025-07-01 12:19:12 - Mapped to com.banking.controller.TransactionController#createTransaction(TransactionRequest)
2025-07-01 12:19:12 - Using 'application/json', given [*/*] and supported [application/json, application/*+json]
2025-07-01 12:19:12 - Writing [{data=com.banking.dto.TransactionResponse@3fde1bfd, success=true, message=交易创建成功}]
2025-07-01 12:19:12 - Read "application/json;charset=UTF-8" to [com.banking.dto.TransactionRequest@6e5d636b]
2025-07-01 12:19:12 - Using 'application/json', given [*/*] and supported [application/json, application/*+json]
2025-07-01 12:19:12 - Using 'application/json', given [*/*] and supported [application/json, application/*+json]
2025-07-01 12:19:12 - Using 'application/json', given [*/*] and supported [application/json, application/*+json]
2025-07-01 12:19:12 - Mapped to com.banking.controller.TransactionController#createTransaction(TransactionRequest)
2025-07-01 12:19:12 - Mapped to com.banking.controller.TransactionController#createTransaction(TransactionRequest)
2025-07-01 12:19:12 - Writing [{data=com.banking.dto.TransactionResponse@4bd7f18d, success=true, message=交易创建成功}]
2025-07-01 12:19:12 - Writing [{data=com.banking.dto.TransactionResponse@6fed4ce5, success=true, message=交易创建成功}]
2025-07-01 12:19:12 - Writing [{data=com.banking.dto.TransactionResponse@24c070e7, success=true, message=交易创建成功}]
2025-07-01 12:19:12 - Mapped to com.banking.controller.TransactionController#createTransaction(TransactionRequest)
2025-07-01 12:19:12 - Read "application/json;charset=UTF-8" to [com.banking.dto.TransactionRequest@18472b7c]
2025-07-01 12:19:12 - Read "application/json;charset=UTF-8" to [com.banking.dto.TransactionRequest@13a74bdc]
2025-07-01 12:19:12 - Read "application/json;charset=UTF-8" to [com.banking.dto.TransactionRequest@1c29d579]
2025-07-01 12:19:12 - Using 'application/json', given [*/*] and supported [application/json, application/*+json]
2025-07-01 12:19:12 - Using 'application/json', given [*/*] and supported [application/json, application/*+json]
2025-07-01 12:19:12 - Writing [{data=com.banking.dto.TransactionResponse@7ade25ac, success=true, message=交易创建成功}]
2025-07-01 12:19:12 - Writing [{data=com.banking.dto.TransactionResponse@2518bca9, success=true, message=交易创建成功}]
2025-07-01 12:19:12 - Using 'application/json', given [*/*] and supported [application/json, application/*+json]
2025-07-01 12:19:12 - Mapped to com.banking.controller.TransactionController#createTransaction(TransactionRequest)
2025-07-01 12:19:12 - Mapped to com.banking.controller.TransactionController#createTransaction(TransactionRequest)
2025-07-01 12:19:12 - Writing [{data=com.banking.dto.TransactionResponse@5e22be86, success=true, message=交易创建成功}]
2025-07-01 12:19:12 - Using 'application/json', given [*/*] and supported [application/json, application/*+json]
2025-07-01 12:19:12 - Writing [{data=com.banking.dto.TransactionResponse@4f31efaf, success=true, message=交易创建成功}]
2025-07-01 12:19:12 - Mapped to com.banking.controller.TransactionController#createTransaction(TransactionRequest)
2025-07-01 12:19:12 - Read "application/json;charset=UTF-8" to [com.banking.dto.TransactionRequest@fc8d2ea]
2025-07-01 12:19:12 - Read "application/json;charset=UTF-8" to [com.banking.dto.TransactionRequest@72ae6818]
2025-07-01 12:19:12 - Using 'application/json', given [*/*] and supported [application/json, application/*+json]
2025-07-01 12:19:12 - Writing [{data=com.banking.dto.TransactionResponse@5e9d660f, success=true, message=交易创建成功}]
2025-07-01 12:19:12 - Read "application/json;charset=UTF-8" to [com.banking.dto.TransactionRequest@4416c0c6]
2025-07-01 12:19:12 - Mapped to com.banking.controller.TransactionController#createTransaction(TransactionRequest)
2025-07-01 12:19:12 - Mapped to com.banking.controller.TransactionController#createTransaction(TransactionRequest)
2025-07-01 12:19:12 - Mapped to com.banking.controller.TransactionController#createTransaction(TransactionRequest)
2025-07-01 12:19:12 - Using 'application/json', given [*/*] and supported [application/json, application/*+json]
2025-07-01 12:19:12 - Writing [{data=com.banking.dto.TransactionResponse@3392d21c, success=true, message=交易创建成功}]
2025-07-01 12:19:12 - Read "application/json;charset=UTF-8" to [com.banking.dto.TransactionRequest@1f7c3342]
2025-07-01 12:19:12 - Read "application/json;charset=UTF-8" to [com.banking.dto.TransactionRequest@7ea40b16]
2025-07-01 12:19:12 - Read "application/json;charset=UTF-8" to [com.banking.dto.TransactionRequest@fa421ba]
2025-07-01 12:19:12 - Using 'application/json', given [*/*] and supported [application/json, application/*+json]
2025-07-01 12:19:12 - Writing [{data=com.banking.dto.TransactionResponse@22a27850, success=true, message=交易创建成功}]
2025-07-01 12:19:12 - Mapped to com.banking.controller.TransactionController#createTransaction(TransactionRequest)
2025-07-01 12:19:12 - Mapped to com.banking.controller.TransactionController#createTransaction(TransactionRequest)
2025-07-01 12:19:12 - Using 'application/json', given [*/*] and supported [application/json, application/*+json]
2025-07-01 12:19:12 - Read "application/json;charset=UTF-8" to [com.banking.dto.TransactionRequest@bef1771]
2025-07-01 12:19:12 - Using 'application/json', given [*/*] and supported [application/json, application/*+json]
2025-07-01 12:19:12 - Read "application/json;charset=UTF-8" to [com.banking.dto.TransactionRequest@727e4048]
2025-07-01 12:19:12 - Using 'application/json', given [*/*] and supported [application/json, application/*+json]
2025-07-01 12:19:12 - Writing [{data=com.banking.dto.TransactionResponse@72c3c887, success=true, message=交易创建成功}]
2025-07-01 12:19:12 - Writing [{data=com.banking.dto.TransactionResponse@140c555a, success=true, message=交易创建成功}]
2025-07-01 12:19:12 - Writing [{data=com.banking.dto.TransactionResponse@21957d9d, success=true, message=交易创建成功}]
2025-07-01 12:19:12 - Using 'application/json', given [*/*] and supported [application/json, application/*+json]
2025-07-01 12:19:12 - Using 'application/json', given [*/*] and supported [application/json, application/*+json]
2025-07-01 12:19:12 - Writing [{data=com.banking.dto.TransactionResponse@20ecf586, success=true, message=交易创建成功}]
2025-07-01 12:19:12 - Writing [{data=com.banking.dto.TransactionResponse@45fb4643, success=true, message=交易创建成功}]
2025-07-01 12:19:12 - Using 'application/json', given [*/*] and supported [application/json, application/*+json]
2025-07-01 12:19:12 - Writing [{data=com.banking.dto.TransactionResponse@50814051, success=true, message=交易创建成功}]
2025-07-01 12:19:12 - Using 'application/json', given [*/*] and supported [application/json, application/*+json]
2025-07-01 12:19:12 - Writing [{data=com.banking.dto.TransactionResponse@30a66da2, success=true, message=交易创建成功}]
2025-07-01 12:19:12 - Mapped to com.banking.controller.TransactionController#createTransaction(TransactionRequest)
2025-07-01 12:19:12 - Read "application/json;charset=UTF-8" to [com.banking.dto.TransactionRequest@1daa3eab]
2025-07-01 12:19:12 - Using 'application/json', given [*/*] and supported [application/json, application/*+json]
2025-07-01 12:19:12 - Mapped to com.banking.controller.TransactionController#createTransaction(TransactionRequest)
2025-07-01 12:19:12 - Writing [{data=com.banking.dto.TransactionResponse@5f6ad7a1, success=true, message=交易创建成功}]
2025-07-01 12:19:12 - Read "application/json;charset=UTF-8" to [com.banking.dto.TransactionRequest@2082bd42]
2025-07-01 12:19:12 - Mapped to com.banking.controller.TransactionController#createTransaction(TransactionRequest)
2025-07-01 12:19:12 - Mapped to com.banking.controller.TransactionController#createTransaction(TransactionRequest)
2025-07-01 12:19:12 - Mapped to com.banking.controller.TransactionController#createTransaction(TransactionRequest)
2025-07-01 12:19:12 - Mapped to com.banking.controller.TransactionController#createTransaction(TransactionRequest)
2025-07-01 12:19:12 - Using 'application/json', given [*/*] and supported [application/json, application/*+json]
2025-07-01 12:19:12 - Using 'application/json', given [*/*] and supported [application/json, application/*+json]
2025-07-01 12:19:12 - Writing [{data=com.banking.dto.TransactionResponse@630626d2, success=true, message=交易创建成功}]
2025-07-01 12:19:12 - Writing [{data=com.banking.dto.TransactionResponse@1fce605, success=true, message=交易创建成功}]
2025-07-01 12:19:12 - Read "application/json;charset=UTF-8" to [com.banking.dto.TransactionRequest@5a9e6632]
2025-07-01 12:19:12 - Read "application/json;charset=UTF-8" to [com.banking.dto.TransactionRequest@764a71a]
2025-07-01 12:19:12 - Read "application/json;charset=UTF-8" to [com.banking.dto.TransactionRequest@4137fefd]
2025-07-01 12:19:12 - Read "application/json;charset=UTF-8" to [com.banking.dto.TransactionRequest@33e94bb2]
2025-07-01 12:19:12 - Using 'application/json', given [*/*] and supported [application/json, application/*+json]
2025-07-01 12:19:12 - Using 'application/json', given [*/*] and supported [application/json, application/*+json]
2025-07-01 12:19:12 - Writing [{data=com.banking.dto.TransactionResponse@7424e165, success=true, message=交易创建成功}]
2025-07-01 12:19:12 - Using 'application/json', given [*/*] and supported [application/json, application/*+json]
2025-07-01 12:19:12 - Using 'application/json', given [*/*] and supported [application/json, application/*+json]
2025-07-01 12:19:12 - Using 'application/json', given [*/*] and supported [application/json, application/*+json]
2025-07-01 12:19:12 - Writing [{data=com.banking.dto.TransactionResponse@53c7a3e8, success=true, message=交易创建成功}]
2025-07-01 12:19:12 - Writing [{data=com.banking.dto.TransactionResponse@3f2b83ad, success=true, message=交易创建成功}]
2025-07-01 12:19:12 - Writing [{data=com.banking.dto.TransactionResponse@5c7851d5, success=true, message=交易创建成功}]
2025-07-01 12:19:12 - Writing [{data=com.banking.dto.TransactionResponse@76468796, success=true, message=交易创建成功}]
2025-07-01 12:19:12 - Using 'application/json', given [*/*] and supported [application/json, application/*+json]
2025-07-01 12:19:12 - Writing [{data=com.banking.dto.TransactionResponse@290f52f1, success=true, message=交易创建成功}]
2025-07-01 12:19:12 - Using 'application/json', given [*/*] and supported [application/json, application/*+json]
2025-07-01 12:19:12 - Writing [{data=com.banking.dto.TransactionResponse@1c6e5fdf, success=true, message=交易创建成功}]
2025-07-01 12:19:12 - Mapped to com.banking.controller.TransactionController#createTransaction(TransactionRequest)
2025-07-01 12:19:12 - Using 'application/json', given [*/*] and supported [application/json, application/*+json]
2025-07-01 12:19:12 - Writing [{data=com.banking.dto.TransactionResponse@73181b40, success=true, message=交易创建成功}]
2025-07-01 12:19:12 - Read "application/json;charset=UTF-8" to [com.banking.dto.TransactionRequest@876fcb1]
2025-07-01 12:19:12 - Using 'application/json', given [*/*] and supported [application/json, application/*+json]
2025-07-01 12:19:12 - Using 'application/json', given [*/*] and supported [application/json, application/*+json]
2025-07-01 12:19:12 - Writing [{data=com.banking.dto.TransactionResponse@75106480, success=true, message=交易创建成功}]
2025-07-01 12:19:12 - Writing [{data=com.banking.dto.TransactionResponse@7ca05900, success=true, message=交易创建成功}]
2025-07-01 12:19:12 - Mapped to com.banking.controller.TransactionController#createTransaction(TransactionRequest)
2025-07-01 12:19:12 - Mapped to com.banking.controller.TransactionController#createTransaction(TransactionRequest)
2025-07-01 12:19:12 - Mapped to com.banking.controller.TransactionController#createTransaction(TransactionRequest)
2025-07-01 12:19:12 - Mapped to com.banking.controller.TransactionController#createTransaction(TransactionRequest)
2025-07-01 12:19:12 - Mapped to com.banking.controller.TransactionController#createTransaction(TransactionRequest)
2025-07-01 12:19:12 - Mapped to com.banking.controller.TransactionController#createTransaction(TransactionRequest)
2025-07-01 12:19:12 - Using 'application/json', given [*/*] and supported [application/json, application/*+json]
2025-07-01 12:19:12 - Using 'application/json', given [*/*] and supported [application/json, application/*+json]
2025-07-01 12:19:12 - Using 'application/json', given [*/*] and supported [application/json, application/*+json]
2025-07-01 12:19:12 - Read "application/json;charset=UTF-8" to [com.banking.dto.TransactionRequest@4fac5c62]
2025-07-01 12:19:12 - Writing [{data=com.banking.dto.TransactionResponse@ee4eb27, success=true, message=交易创建成功}]
2025-07-01 12:19:12 - Using 'application/json', given [*/*] and supported [application/json, application/*+json]
2025-07-01 12:19:12 - Writing [{data=com.banking.dto.TransactionResponse@19ebb786, success=true, message=交易创建成功}]
2025-07-01 12:19:12 - Writing [{data=com.banking.dto.TransactionResponse@5879b00c, success=true, message=交易创建成功}]
2025-07-01 12:19:12 - Read "application/json;charset=UTF-8" to [com.banking.dto.TransactionRequest@6f9dc8cf]
2025-07-01 12:19:12 - Read "application/json;charset=UTF-8" to [com.banking.dto.TransactionRequest@6eff143]
2025-07-01 12:19:12 - Read "application/json;charset=UTF-8" to [com.banking.dto.TransactionRequest@2412026d]
2025-07-01 12:19:12 - Mapped to com.banking.controller.TransactionController#createTransaction(TransactionRequest)
2025-07-01 12:19:12 - Using 'application/json', given [*/*] and supported [application/json, application/*+json]
2025-07-01 12:19:12 - Using 'application/json', given [*/*] and supported [application/json, application/*+json]
2025-07-01 12:19:12 - Writing [{data=com.banking.dto.TransactionResponse@44c49ae5, success=true, message=交易创建成功}]
2025-07-01 12:19:12 - Writing [{data=com.banking.dto.TransactionResponse@34f4bb57, success=true, message=交易创建成功}]
2025-07-01 12:19:12 - Read "application/json;charset=UTF-8" to [com.banking.dto.TransactionRequest@1936d683]
2025-07-01 12:19:12 - Using 'application/json', given [*/*] and supported [application/json, application/*+json]
2025-07-01 12:19:12 - Writing [{data=com.banking.dto.TransactionResponse@5895fcf3, success=true, message=交易创建成功}]
2025-07-01 12:19:12 - Read "application/json;charset=UTF-8" to [com.banking.dto.TransactionRequest@467a25db]
2025-07-01 12:19:12 - Read "application/json;charset=UTF-8" to [com.banking.dto.TransactionRequest@25549763]
2025-07-01 12:19:12 - Writing [{data=com.banking.dto.TransactionResponse@1a7eb63e, success=true, message=交易创建成功}]
2025-07-01 12:19:12 - Using 'application/json', given [*/*] and supported [application/json, application/*+json]
2025-07-01 12:19:12 - Mapped to com.banking.controller.TransactionController#createTransaction(TransactionRequest)
2025-07-01 12:19:12 - Writing [{data=com.banking.dto.TransactionResponse@74bbbf01, success=true, message=交易创建成功}]
2025-07-01 12:19:12 - Read "application/json;charset=UTF-8" to [com.banking.dto.TransactionRequest@74fdd914]
2025-07-01 12:19:12 - Using 'application/json', given [*/*] and supported [application/json, application/*+json]
2025-07-01 12:19:12 - Using 'application/json', given [*/*] and supported [application/json, application/*+json]
2025-07-01 12:19:12 - Writing [{data=com.banking.dto.TransactionResponse@4d692ebb, success=true, message=交易创建成功}]
2025-07-01 12:19:12 - Writing [{data=com.banking.dto.TransactionResponse@25412c30, success=true, message=交易创建成功}]
2025-07-01 12:19:12 - Mapped to com.banking.controller.TransactionController#createTransaction(TransactionRequest)
2025-07-01 12:19:12 - Mapped to com.banking.controller.TransactionController#createTransaction(TransactionRequest)
2025-07-01 12:19:12 - Using 'application/json', given [*/*] and supported [application/json, application/*+json]
2025-07-01 12:19:12 - Using 'application/json', given [*/*] and supported [application/json, application/*+json]
2025-07-01 12:19:12 - Read "application/json;charset=UTF-8" to [com.banking.dto.TransactionRequest@587ccaa2]
2025-07-01 12:19:12 - Writing [{data=com.banking.dto.TransactionResponse@464cab4e, success=true, message=交易创建成功}]
2025-07-01 12:19:12 - Read "application/json;charset=UTF-8" to [com.banking.dto.TransactionRequest@3bbe2a61]
2025-07-01 12:19:12 - Using 'application/json', given [*/*] and supported [application/json, application/*+json]
2025-07-01 12:19:12 - Using 'application/json', given [*/*] and supported [application/json, application/*+json]
2025-07-01 12:19:12 - Using 'application/json', given [*/*] and supported [application/json, application/*+json]
2025-07-01 12:19:12 - Writing [{data=com.banking.dto.TransactionResponse@709858b5, success=true, message=交易创建成功}]
2025-07-01 12:19:12 - Writing [{data=com.banking.dto.TransactionResponse@78140413, success=true, message=交易创建成功}]
2025-07-01 12:19:12 - Writing [{data=com.banking.dto.TransactionResponse@9643882, success=true, message=交易创建成功}]
2025-07-01 12:19:12 - Using 'application/json', given [*/*] and supported [application/json, application/*+json]
2025-07-01 12:19:12 - Writing [{data=com.banking.dto.TransactionResponse@f2963e5, success=true, message=交易创建成功}]
2025-07-01 12:19:12 - Mapped to com.banking.controller.TransactionController#createTransaction(TransactionRequest)
2025-07-01 12:19:12 - Writing [{data=com.banking.dto.TransactionResponse@cb3494c, success=true, message=交易创建成功}]
2025-07-01 12:19:12 - Using 'application/json', given [*/*] and supported [application/json, application/*+json]
2025-07-01 12:19:12 - Mapped to com.banking.controller.TransactionController#createTransaction(TransactionRequest)
2025-07-01 12:19:12 - Writing [{data=com.banking.dto.TransactionResponse@46ec8dda, success=true, message=交易创建成功}]
2025-07-01 12:19:12 - Mapped to com.banking.controller.TransactionController#createTransaction(TransactionRequest)
2025-07-01 12:19:12 - Read "application/json;charset=UTF-8" to [com.banking.dto.TransactionRequest@74e1d73a]
2025-07-01 12:19:12 - Using 'application/json', given [*/*] and supported [application/json, application/*+json]
2025-07-01 12:19:12 - Writing [{data=com.banking.dto.TransactionResponse@32b8c127, success=true, message=交易创建成功}]
2025-07-01 12:19:12 - Read "application/json;charset=UTF-8" to [com.banking.dto.TransactionRequest@35e630b3]
2025-07-01 12:19:12 - Read "application/json;charset=UTF-8" to [com.banking.dto.TransactionRequest@78d493c6]
2025-07-01 12:19:12 - Mapped to com.banking.controller.TransactionController#createTransaction(TransactionRequest)
2025-07-01 12:19:12 - Using 'application/json', given [*/*] and supported [application/json, application/*+json]
2025-07-01 12:19:12 - Using 'application/json', given [*/*] and supported [application/json, application/*+json]
2025-07-01 12:19:12 - Read "application/json;charset=UTF-8" to [com.banking.dto.TransactionRequest@699fd25]
2025-07-01 12:19:12 - Writing [{data=com.banking.dto.TransactionResponse@545484c0, success=true, message=交易创建成功}]
2025-07-01 12:19:12 - Writing [{data=com.banking.dto.TransactionResponse@79f1ffd1, success=true, message=交易创建成功}]
2025-07-01 12:19:12 - Mapped to com.banking.controller.TransactionController#createTransaction(TransactionRequest)
2025-07-01 12:19:12 - Mapped to com.banking.controller.TransactionController#createTransaction(TransactionRequest)
2025-07-01 12:19:12 - Mapped to com.banking.controller.TransactionController#createTransaction(TransactionRequest)
2025-07-01 12:19:12 - Using 'application/json', given [*/*] and supported [application/json, application/*+json]
2025-07-01 12:19:12 - Mapped to com.banking.controller.TransactionController#createTransaction(TransactionRequest)
2025-07-01 12:19:12 - Using 'application/json', given [*/*] and supported [application/json, application/*+json]
2025-07-01 12:19:12 - Writing [{data=com.banking.dto.TransactionResponse@6bf97acf, success=true, message=交易创建成功}]
2025-07-01 12:19:12 - Using 'application/json', given [*/*] and supported [application/json, application/*+json]
2025-07-01 12:19:12 - Using 'application/json', given [*/*] and supported [application/json, application/*+json]
2025-07-01 12:19:12 - Writing [{data=com.banking.dto.TransactionResponse@7d190d28, success=true, message=交易创建成功}]
2025-07-01 12:19:12 - Writing [{data=com.banking.dto.TransactionResponse@1593d011, success=true, message=交易创建成功}]
2025-07-01 12:19:12 - Using 'application/json', given [*/*] and supported [application/json, application/*+json]
2025-07-01 12:19:12 - Using 'application/json', given [*/*] and supported [application/json, application/*+json]
2025-07-01 12:19:12 - Writing [{data=com.banking.dto.TransactionResponse@61694ad2, success=true, message=交易创建成功}]
2025-07-01 12:19:12 - Writing [{data=com.banking.dto.TransactionResponse@632c9bb1, success=true, message=交易创建成功}]
2025-07-01 12:19:12 - Writing [{data=com.banking.dto.TransactionResponse@1ccebf00, success=true, message=交易创建成功}]
2025-07-01 12:19:12 - Read "application/json;charset=UTF-8" to [com.banking.dto.TransactionRequest@330d1af2]
2025-07-01 12:19:12 - Read "application/json;charset=UTF-8" to [com.banking.dto.TransactionRequest@68d3c2fd]
2025-07-01 12:19:12 - Read "application/json;charset=UTF-8" to [com.banking.dto.TransactionRequest@3e92645b]
2025-07-01 12:19:12 - Read "application/json;charset=UTF-8" to [com.banking.dto.TransactionRequest@35e26907]
2025-07-01 12:19:12 - Using 'application/json', given [*/*] and supported [application/json, application/*+json]
2025-07-01 12:19:12 - Writing [{data=com.banking.dto.TransactionResponse@46f3b1c8, success=true, message=交易创建成功}]
2025-07-01 12:19:12 - Using 'application/json', given [*/*] and supported [application/json, application/*+json]
2025-07-01 12:19:12 - Mapped to com.banking.controller.TransactionController#createTransaction(TransactionRequest)
2025-07-01 12:19:12 - Writing [{data=com.banking.dto.TransactionResponse@3bec92b4, success=true, message=交易创建成功}]
2025-07-01 12:19:12 - Read "application/json;charset=UTF-8" to [com.banking.dto.TransactionRequest@4029b294]
2025-07-01 12:19:12 - Using 'application/json', given [*/*] and supported [application/json, application/*+json]
2025-07-01 12:19:12 - Using 'application/json', given [*/*] and supported [application/json, application/*+json]
2025-07-01 12:19:12 - Writing [{data=com.banking.dto.TransactionResponse@be35630, success=true, message=交易创建成功}]
2025-07-01 12:19:12 - Writing [{data=com.banking.dto.TransactionResponse@6625543a, success=true, message=交易创建成功}]
2025-07-01 12:19:12 - Mapped to com.banking.controller.TransactionController#createTransaction(TransactionRequest)
2025-07-01 12:19:12 - Mapped to com.banking.controller.TransactionController#createTransaction(TransactionRequest)
2025-07-01 12:19:12 - Mapped to com.banking.controller.TransactionController#createTransaction(TransactionRequest)
2025-07-01 12:19:12 - Mapped to com.banking.controller.TransactionController#createTransaction(TransactionRequest)
2025-07-01 12:19:12 - Using 'application/json', given [*/*] and supported [application/json, application/*+json]
2025-07-01 12:19:12 - Using 'application/json', given [*/*] and supported [application/json, application/*+json]
2025-07-01 12:19:12 - Read "application/json;charset=UTF-8" to [com.banking.dto.TransactionRequest@147c77b]
2025-07-01 12:19:12 - Read "application/json;charset=UTF-8" to [com.banking.dto.TransactionRequest@3de4746]
2025-07-01 12:19:12 - Using 'application/json', given [*/*] and supported [application/json, application/*+json]
2025-07-01 12:19:12 - Writing [{data=com.banking.dto.TransactionResponse@10cece20, success=true, message=交易创建成功}]
2025-07-01 12:19:12 - Read "application/json;charset=UTF-8" to [com.banking.dto.TransactionRequest@4102cc80]
2025-07-01 12:19:12 - Using 'application/json', given [*/*] and supported [application/json, application/*+json]
2025-07-01 12:19:12 - Writing [{data=com.banking.dto.TransactionResponse@545d82d5, success=true, message=交易创建成功}]
2025-07-01 12:19:12 - Writing [{data=com.banking.dto.TransactionResponse@6e5aea7b, success=true, message=交易创建成功}]
2025-07-01 12:19:12 - Read "application/json;charset=UTF-8" to [com.banking.dto.TransactionRequest@60240693]
2025-07-01 12:19:12 - Writing [{data=com.banking.dto.TransactionResponse@10ddfb93, success=true, message=交易创建成功}]
2025-07-01 12:19:12 - Using 'application/json', given [*/*] and supported [application/json, application/*+json]
2025-07-01 12:19:12 - Using 'application/json', given [*/*] and supported [application/json, application/*+json]
2025-07-01 12:19:12 - Writing [{data=com.banking.dto.TransactionResponse@4556b067, success=true, message=交易创建成功}]
2025-07-01 12:19:12 - Writing [{data=com.banking.dto.TransactionResponse@7f2e3026, success=true, message=交易创建成功}]
2025-07-01 12:19:12 - Mapped to com.banking.controller.TransactionController#createTransaction(TransactionRequest)
2025-07-01 12:19:12 - Using 'application/json', given [*/*] and supported [application/json, application/*+json]
2025-07-01 12:19:12 - Writing [{data=com.banking.dto.TransactionResponse@5e599d0d, success=true, message=交易创建成功}]
2025-07-01 12:19:12 - Using 'application/json', given [*/*] and supported [application/json, application/*+json]
2025-07-01 12:19:12 - Writing [{data=com.banking.dto.TransactionResponse@6f60971d, success=true, message=交易创建成功}]
2025-07-01 12:19:12 - Read "application/json;charset=UTF-8" to [com.banking.dto.TransactionRequest@40c9df11]
2025-07-01 12:19:12 - Mapped to com.banking.controller.TransactionController#createTransaction(TransactionRequest)
2025-07-01 12:19:12 - Using 'application/json', given [*/*] and supported [application/json, application/*+json]
2025-07-01 12:19:12 - Using 'application/json', given [*/*] and supported [application/json, application/*+json]
2025-07-01 12:19:12 - Using 'application/json', given [*/*] and supported [application/json, application/*+json]
2025-07-01 12:19:12 - Writing [{data=com.banking.dto.TransactionResponse@cde76a0, success=true, message=交易创建成功}]
2025-07-01 12:19:12 - Writing [{data=com.banking.dto.TransactionResponse@73330b9f, success=true, message=交易创建成功}]
2025-07-01 12:19:12 - Writing [{data=com.banking.dto.TransactionResponse@7baacd11, success=true, message=交易创建成功}]
2025-07-01 12:19:12 - Read "application/json;charset=UTF-8" to [com.banking.dto.TransactionRequest@71b2b0d5]
2025-07-01 12:19:12 - Using 'application/json', given [*/*] and supported [application/json, application/*+json]
2025-07-01 12:19:12 - Writing [{data=com.banking.dto.TransactionResponse@38b33d89, success=true, message=交易创建成功}]
2025-07-01 12:19:12 - Using 'application/json', given [*/*] and supported [application/json, application/*+json]
2025-07-01 12:19:12 - Using 'application/json', given [*/*] and supported [application/json, application/*+json]
2025-07-01 12:19:12 - Writing [{data=com.banking.dto.TransactionResponse@6ab09441, success=true, message=交易创建成功}]
2025-07-01 12:19:12 - Writing [{data=com.banking.dto.TransactionResponse@38c61c7e, success=true, message=交易创建成功}]
2025-07-01 12:19:12 - Using 'application/json', given [*/*] and supported [application/json, application/*+json]
2025-07-01 12:19:12 - Writing [{data=com.banking.dto.TransactionResponse@2c88d0c0, success=true, message=交易创建成功}]
2025-07-01 12:19:12 - Mapped to com.banking.controller.TransactionController#createTransaction(TransactionRequest)
2025-07-01 12:19:12 - Using 'application/json', given [*/*] and supported [application/json, application/*+json]
2025-07-01 12:19:12 - Writing [{data=com.banking.dto.TransactionResponse@56d8c8c, success=true, message=交易创建成功}]
2025-07-01 12:19:12 - Using 'application/json', given [*/*] and supported [application/json, application/*+json]
2025-07-01 12:19:12 - Writing [{data=com.banking.dto.TransactionResponse@4bc71ce4, success=true, message=交易创建成功}]
2025-07-01 12:19:12 - Using 'application/json', given [*/*] and supported [application/json, application/*+json]
2025-07-01 12:19:12 - Writing [{data=com.banking.dto.TransactionResponse@52287482, success=true, message=交易创建成功}]
2025-07-01 12:19:12 - Read "application/json;charset=UTF-8" to [com.banking.dto.TransactionRequest@2727a365]
2025-07-01 12:19:12 - Mapped to com.banking.controller.TransactionController#createTransaction(TransactionRequest)
2025-07-01 12:19:12 - Mapped to com.banking.controller.TransactionController#createTransaction(TransactionRequest)
2025-07-01 12:19:12 - Using 'application/json', given [*/*] and supported [application/json, application/*+json]
2025-07-01 12:19:12 - Mapped to com.banking.controller.TransactionController#createTransaction(TransactionRequest)
2025-07-01 12:19:12 - Mapped to com.banking.controller.TransactionController#createTransaction(TransactionRequest)
2025-07-01 12:19:12 - Writing [{data=com.banking.dto.TransactionResponse@76c3c3da, success=true, message=交易创建成功}]
2025-07-01 12:19:12 - Mapped to com.banking.controller.TransactionController#createTransaction(TransactionRequest)
2025-07-01 12:19:12 - Read "application/json;charset=UTF-8" to [com.banking.dto.TransactionRequest@7a4d9950]
2025-07-01 12:19:12 - Using 'application/json', given [*/*] and supported [application/json, application/*+json]
2025-07-01 12:19:12 - Using 'application/json', given [*/*] and supported [application/json, application/*+json]
2025-07-01 12:19:12 - Read "application/json;charset=UTF-8" to [com.banking.dto.TransactionRequest@729bc1f0]
2025-07-01 12:19:12 - Using 'application/json', given [*/*] and supported [application/json, application/*+json]
2025-07-01 12:19:12 - Writing [{data=com.banking.dto.TransactionResponse@37b2f564, success=true, message=交易创建成功}]
2025-07-01 12:19:12 - Writing [{data=com.banking.dto.TransactionResponse@22c3ceb2, success=true, message=交易创建成功}]
2025-07-01 12:19:12 - Writing [{data=com.banking.dto.TransactionResponse@4accb155, success=true, message=交易创建成功}]
2025-07-01 12:19:12 - Read "application/json;charset=UTF-8" to [com.banking.dto.TransactionRequest@76cf6321]
2025-07-01 12:19:12 - Read "application/json;charset=UTF-8" to [com.banking.dto.TransactionRequest@20595198]
2025-07-01 12:19:12 - Mapped to com.banking.controller.TransactionController#createTransaction(TransactionRequest)
2025-07-01 12:19:12 - Read "application/json;charset=UTF-8" to [com.banking.dto.TransactionRequest@1b4bcc9a]
2025-07-01 12:19:12 - Read "application/json;charset=UTF-8" to [com.banking.dto.TransactionRequest@75138e57]
2025-07-01 12:19:12 - Using 'application/json', given [*/*] and supported [application/json, application/*+json]
2025-07-01 12:19:12 - Writing [{data=com.banking.dto.TransactionResponse@329534d3, success=true, message=交易创建成功}]
2025-07-01 12:19:12 - Mapped to com.banking.controller.TransactionController#createTransaction(TransactionRequest)
2025-07-01 12:19:12 - Mapped to com.banking.controller.TransactionController#createTransaction(TransactionRequest)
2025-07-01 12:19:12 - Mapped to com.banking.controller.TransactionController#createTransaction(TransactionRequest)
2025-07-01 12:19:12 - Using 'application/json', given [*/*] and supported [application/json, application/*+json]
2025-07-01 12:19:12 - Using 'application/json', given [*/*] and supported [application/json, application/*+json]
2025-07-01 12:19:12 - Using 'application/json', given [*/*] and supported [application/json, application/*+json]
2025-07-01 12:19:12 - Read "application/json;charset=UTF-8" to [com.banking.dto.TransactionRequest@9a8a564]
2025-07-01 12:19:12 - Writing [{data=com.banking.dto.TransactionResponse@13104b02, success=true, message=交易创建成功}]
2025-07-01 12:19:12 - Writing [{data=com.banking.dto.TransactionResponse@714be308, success=true, message=交易创建成功}]
2025-07-01 12:19:12 - Read "application/json;charset=UTF-8" to [com.banking.dto.TransactionRequest@69d5d582]
2025-07-01 12:19:12 - Read "application/json;charset=UTF-8" to [com.banking.dto.TransactionRequest@4e50c1ad]
2025-07-01 12:19:12 - Writing [{data=com.banking.dto.TransactionResponse@26f83ad6, success=true, message=交易创建成功}]
2025-07-01 12:19:12 - Using 'application/json', given [*/*] and supported [application/json, application/*+json]
2025-07-01 12:19:12 - Using 'application/json', given [*/*] and supported [application/json, application/*+json]
2025-07-01 12:19:12 - Using 'application/json', given [*/*] and supported [application/json, application/*+json]
2025-07-01 12:19:12 - Writing [{data=com.banking.dto.TransactionResponse@716a7d2a, success=true, message=交易创建成功}]
2025-07-01 12:19:12 - Writing [{data=com.banking.dto.TransactionResponse@114be65e, success=true, message=交易创建成功}]
2025-07-01 12:19:12 - Writing [{data=com.banking.dto.TransactionResponse@3564a6b0, success=true, message=交易创建成功}]
2025-07-01 12:19:12 - Mapped to com.banking.controller.TransactionController#createTransaction(TransactionRequest)
2025-07-01 12:19:12 - Using 'application/json', given [*/*] and supported [application/json, application/*+json]
2025-07-01 12:19:12 - Using 'application/json', given [*/*] and supported [application/json, application/*+json]
2025-07-01 12:19:12 - Using 'application/json', given [*/*] and supported [application/json, application/*+json]
2025-07-01 12:19:12 - Read "application/json;charset=UTF-8" to [com.banking.dto.TransactionRequest@36085800]
2025-07-01 12:19:12 - Writing [{data=com.banking.dto.TransactionResponse@1713257, success=true, message=交易创建成功}]
2025-07-01 12:19:12 - Writing [{data=com.banking.dto.TransactionResponse@5d01d8f4, success=true, message=交易创建成功}]
2025-07-01 12:19:12 - Writing [{data=com.banking.dto.TransactionResponse@3e2d1bda, success=true, message=交易创建成功}]
2025-07-01 12:19:12 - Using 'application/json', given [*/*] and supported [application/json, application/*+json]
2025-07-01 12:19:12 - Writing [{data=com.banking.dto.TransactionResponse@12ec8826, success=true, message=交易创建成功}]
2025-07-01 12:19:12 - Mapped to com.banking.controller.TransactionController#getStatistics()
2025-07-01 12:19:12 - Using 'application/json', given [*/*] and supported [application/json, application/*+json]
2025-07-01 12:19:12 - Writing [{data={totalTransactions=1050, transactionTypes=[Lcom.banking.model.TransactionType;@343b5eae}, succ (truncated)...]
=== 股票交易性能测试结果 ===
总耗时: 696ms
平均每个交易耗时: 0ms
TPS (每秒交易数): 1436
并发性能: 100 用户同时操作
===============================
]]></system-out>
  </testcase>
  <testcase name="testMixedOperationsUnderLoad" classname="com.banking.StressTest" time="3.71">
    <system-out><![CDATA[开始新的压力测试...
2025-07-01 12:19:12 - Mapped to com.banking.controller.TransactionController#createTransaction(TransactionRequest)
2025-07-01 12:19:12 - Read "application/json;charset=UTF-8" to [com.banking.dto.TransactionRequest@2d091e34]
2025-07-01 12:19:12 - Using 'application/json', given [*/*] and supported [application/json, application/*+json]
2025-07-01 12:19:12 - Writing [{data=com.banking.dto.TransactionResponse@1216f00b, success=true, message=交易创建成功}]
2025-07-01 12:19:12 - Mapped to com.banking.controller.TransactionController#createTransaction(TransactionRequest)
2025-07-01 12:19:12 - Read "application/json;charset=UTF-8" to [com.banking.dto.TransactionRequest@2831ae4b]
2025-07-01 12:19:12 - Using 'application/json', given [*/*] and supported [application/json, application/*+json]
2025-07-01 12:19:12 - Writing [{data=com.banking.dto.TransactionResponse@547c1a24, success=true, message=交易创建成功}]
2025-07-01 12:19:12 - Mapped to com.banking.controller.TransactionController#createTransaction(TransactionRequest)
2025-07-01 12:19:12 - Read "application/json;charset=UTF-8" to [com.banking.dto.TransactionRequest@6a576ef7]
2025-07-01 12:19:12 - Using 'application/json', given [*/*] and supported [application/json, application/*+json]
2025-07-01 12:19:12 - Writing [{data=com.banking.dto.TransactionResponse@3a999253, success=true, message=交易创建成功}]
2025-07-01 12:19:12 - Mapped to com.banking.controller.TransactionController#createTransaction(TransactionRequest)
2025-07-01 12:19:12 - Read "application/json;charset=UTF-8" to [com.banking.dto.TransactionRequest@6cb48547]
2025-07-01 12:19:12 - Using 'application/json', given [*/*] and supported [application/json, application/*+json]
2025-07-01 12:19:12 - Writing [{data=com.banking.dto.TransactionResponse@6ed46340, success=true, message=交易创建成功}]
2025-07-01 12:19:12 - Mapped to com.banking.controller.TransactionController#createTransaction(TransactionRequest)
2025-07-01 12:19:12 - Read "application/json;charset=UTF-8" to [com.banking.dto.TransactionRequest@2c6799fe]
2025-07-01 12:19:12 - Using 'application/json', given [*/*] and supported [application/json, application/*+json]
2025-07-01 12:19:12 - Writing [{data=com.banking.dto.TransactionResponse@6e2a1e5, success=true, message=交易创建成功}]
2025-07-01 12:19:12 - Mapped to com.banking.controller.TransactionController#createTransaction(TransactionRequest)
2025-07-01 12:19:12 - Read "application/json;charset=UTF-8" to [com.banking.dto.TransactionRequest@4f6056ed]
2025-07-01 12:19:12 - Using 'application/json', given [*/*] and supported [application/json, application/*+json]
2025-07-01 12:19:12 - Writing [{data=com.banking.dto.TransactionResponse@315ab221, success=true, message=交易创建成功}]
2025-07-01 12:19:12 - Mapped to com.banking.controller.TransactionController#createTransaction(TransactionRequest)
2025-07-01 12:19:12 - Read "application/json;charset=UTF-8" to [com.banking.dto.TransactionRequest@7411fd90]
2025-07-01 12:19:12 - Using 'application/json', given [*/*] and supported [application/json, application/*+json]
2025-07-01 12:19:12 - Writing [{data=com.banking.dto.TransactionResponse@6b497b3a, success=true, message=交易创建成功}]
2025-07-01 12:19:12 - Mapped to com.banking.controller.TransactionController#createTransaction(TransactionRequest)
2025-07-01 12:19:12 - Read "application/json;charset=UTF-8" to [com.banking.dto.TransactionRequest@56f3c3d6]
2025-07-01 12:19:12 - Using 'application/json', given [*/*] and supported [application/json, application/*+json]
2025-07-01 12:19:12 - Writing [{data=com.banking.dto.TransactionResponse@2486d60d, success=true, message=交易创建成功}]
2025-07-01 12:19:12 - Mapped to com.banking.controller.TransactionController#createTransaction(TransactionRequest)
2025-07-01 12:19:12 - Read "application/json;charset=UTF-8" to [com.banking.dto.TransactionRequest@208b50e8]
2025-07-01 12:19:12 - Using 'application/json', given [*/*] and supported [application/json, application/*+json]
2025-07-01 12:19:12 - Writing [{data=com.banking.dto.TransactionResponse@3b56e95a, success=true, message=交易创建成功}]
2025-07-01 12:19:12 - Mapped to com.banking.controller.TransactionController#createTransaction(TransactionRequest)
2025-07-01 12:19:12 - Read "application/json;charset=UTF-8" to [com.banking.dto.TransactionRequest@6ff74f1b]
2025-07-01 12:19:12 - Using 'application/json', given [*/*] and supported [application/json, application/*+json]
2025-07-01 12:19:12 - Writing [{data=com.banking.dto.TransactionResponse@5340c63a, success=true, message=交易创建成功}]
2025-07-01 12:19:12 - Mapped to com.banking.controller.TransactionController#createTransaction(TransactionRequest)
2025-07-01 12:19:12 - Read "application/json;charset=UTF-8" to [com.banking.dto.TransactionRequest@420bd6a0]
2025-07-01 12:19:12 - Using 'application/json', given [*/*] and supported [application/json, application/*+json]
2025-07-01 12:19:12 - Writing [{data=com.banking.dto.TransactionResponse@72d1b4f, success=true, message=交易创建成功}]
2025-07-01 12:19:12 - Mapped to com.banking.controller.TransactionController#createTransaction(TransactionRequest)
2025-07-01 12:19:12 - Read "application/json;charset=UTF-8" to [com.banking.dto.TransactionRequest@5e844c0e]
2025-07-01 12:19:12 - Using 'application/json', given [*/*] and supported [application/json, application/*+json]
2025-07-01 12:19:12 - Writing [{data=com.banking.dto.TransactionResponse@1880501d, success=true, message=交易创建成功}]
2025-07-01 12:19:12 - Mapped to com.banking.controller.TransactionController#createTransaction(TransactionRequest)
2025-07-01 12:19:12 - Read "application/json;charset=UTF-8" to [com.banking.dto.TransactionRequest@49147d02]
2025-07-01 12:19:12 - Using 'application/json', given [*/*] and supported [application/json, application/*+json]
2025-07-01 12:19:12 - Writing [{data=com.banking.dto.TransactionResponse@636d2326, success=true, message=交易创建成功}]
2025-07-01 12:19:12 - Mapped to com.banking.controller.TransactionController#createTransaction(TransactionRequest)
2025-07-01 12:19:12 - Read "application/json;charset=UTF-8" to [com.banking.dto.TransactionRequest@4ff17275]
2025-07-01 12:19:12 - Using 'application/json', given [*/*] and supported [application/json, application/*+json]
2025-07-01 12:19:12 - Writing [{data=com.banking.dto.TransactionResponse@a9c481a, success=true, message=交易创建成功}]
2025-07-01 12:19:12 - Mapped to com.banking.controller.TransactionController#createTransaction(TransactionRequest)
2025-07-01 12:19:12 - Read "application/json;charset=UTF-8" to [com.banking.dto.TransactionRequest@1be9ac7a]
2025-07-01 12:19:12 - Using 'application/json', given [*/*] and supported [application/json, application/*+json]
2025-07-01 12:19:12 - Writing [{data=com.banking.dto.TransactionResponse@7a3002ce, success=true, message=交易创建成功}]
2025-07-01 12:19:12 - Mapped to com.banking.controller.TransactionController#createTransaction(TransactionRequest)
2025-07-01 12:19:12 - Read "application/json;charset=UTF-8" to [com.banking.dto.TransactionRequest@33a3b1ac]
2025-07-01 12:19:12 - Using 'application/json', given [*/*] and supported [application/json, application/*+json]
2025-07-01 12:19:12 - Writing [{data=com.banking.dto.TransactionResponse@2c87bc5d, success=true, message=交易创建成功}]
2025-07-01 12:19:12 - Mapped to com.banking.controller.TransactionController#createTransaction(TransactionRequest)
2025-07-01 12:19:12 - Read "application/json;charset=UTF-8" to [com.banking.dto.TransactionRequest@411a5128]
2025-07-01 12:19:12 - Using 'application/json', given [*/*] and supported [application/json, application/*+json]
2025-07-01 12:19:12 - Writing [{data=com.banking.dto.TransactionResponse@7a90faf9, success=true, message=交易创建成功}]
2025-07-01 12:19:12 - Mapped to com.banking.controller.TransactionController#createTransaction(TransactionRequest)
2025-07-01 12:19:12 - Read "application/json;charset=UTF-8" to [com.banking.dto.TransactionRequest@2562505]
2025-07-01 12:19:12 - Using 'application/json', given [*/*] and supported [application/json, application/*+json]
2025-07-01 12:19:12 - Writing [{data=com.banking.dto.TransactionResponse@3cd03423, success=true, message=交易创建成功}]
2025-07-01 12:19:12 - Mapped to com.banking.controller.TransactionController#createTransaction(TransactionRequest)
2025-07-01 12:19:12 - Read "application/json;charset=UTF-8" to [com.banking.dto.TransactionRequest@12fbf2be]
2025-07-01 12:19:12 - Using 'application/json', given [*/*] and supported [application/json, application/*+json]
2025-07-01 12:19:12 - Writing [{data=com.banking.dto.TransactionResponse@6185a182, success=true, message=交易创建成功}]
2025-07-01 12:19:12 - Mapped to com.banking.controller.TransactionController#createTransaction(TransactionRequest)
2025-07-01 12:19:12 - Read "application/json;charset=UTF-8" to [com.banking.dto.TransactionRequest@12528701]
2025-07-01 12:19:12 - Using 'application/json', given [*/*] and supported [application/json, application/*+json]
2025-07-01 12:19:12 - Writing [{data=com.banking.dto.TransactionResponse@2a82a45e, success=true, message=交易创建成功}]
2025-07-01 12:19:12 - Mapped to com.banking.controller.TransactionController#getTransactions(int, int)
2025-07-01 12:19:12 - Mapped to com.banking.controller.TransactionController#createTransaction(TransactionRequest)
2025-07-01 12:19:12 - Mapped to com.banking.controller.TransactionController#createTransaction(TransactionRequest)
2025-07-01 12:19:12 - Mapped to com.banking.controller.TransactionController#getTransactions(int, int)
2025-07-01 12:19:12 - Mapped to com.banking.controller.TransactionController#createTransaction(TransactionRequest)
2025-07-01 12:19:12 - Read "application/json;charset=UTF-8" to [com.banking.dto.TransactionRequest@2a69d283]
2025-07-01 12:19:12 - Read "application/json;charset=UTF-8" to [com.banking.dto.TransactionRequest@1f5265ee]
2025-07-01 12:19:12 - Mapped to com.banking.controller.TransactionController#getTransactions(int, int)
2025-07-01 12:19:12 - Read "application/json;charset=UTF-8" to [com.banking.dto.TransactionRequest@1636fcae]
2025-07-01 12:19:12 - Mapped to com.banking.controller.TransactionController#createTransaction(TransactionRequest)
2025-07-01 12:19:12 - Mapped to com.banking.controller.TransactionController#getTransactions(int, int)
2025-07-01 12:19:12 - Read "application/json;charset=UTF-8" to [com.banking.dto.TransactionRequest@5f572aa8]
2025-07-01 12:19:12 - Mapped to com.banking.controller.TransactionController#createTransaction(TransactionRequest)
2025-07-01 12:19:12 - Mapped to com.banking.controller.TransactionController#getTransactions(int, int)
2025-07-01 12:19:12 - Read "application/json;charset=UTF-8" to [com.banking.dto.TransactionRequest@48f87328]
2025-07-01 12:19:12 - Mapped to com.banking.controller.TransactionController#createTransaction(TransactionRequest)
2025-07-01 12:19:12 - Mapped to com.banking.controller.TransactionController#getTransactions(int, int)
2025-07-01 12:19:12 - Read "application/json;charset=UTF-8" to [com.banking.dto.TransactionRequest@90a7a97]
2025-07-01 12:19:12 - Using 'application/json', given [*/*] and supported [application/json, application/*+json]
2025-07-01 12:19:12 - Using 'application/json', given [*/*] and supported [application/json, application/*+json]
2025-07-01 12:19:12 - Using 'application/json', given [*/*] and supported [application/json, application/*+json]
2025-07-01 12:19:12 - Writing [{data=com.banking.dto.TransactionResponse@70deb7, success=true, message=交易创建成功}]
2025-07-01 12:19:12 - Writing [{data=com.banking.dto.TransactionResponse@5da388e1, success=true, message=交易创建成功}]
2025-07-01 12:19:12 - Writing [{data=com.banking.dto.TransactionResponse@249775de, success=true, message=交易创建成功}]
2025-07-01 12:19:12 - Mapped to com.banking.controller.TransactionController#createTransaction(TransactionRequest)
2025-07-01 12:19:12 - Mapped to com.banking.controller.TransactionController#getTransactions(int, int)
2025-07-01 12:19:12 - Using 'application/json', given [*/*] and supported [application/json, application/*+json]
2025-07-01 12:19:12 - Read "application/json;charset=UTF-8" to [com.banking.dto.TransactionRequest@19931f07]
2025-07-01 12:19:12 - Writing [{data=com.banking.dto.TransactionResponse@2ae0549f, success=true, message=交易创建成功}]
2025-07-01 12:19:12 - Mapped to com.banking.controller.TransactionController#getTransactions(int, int)
2025-07-01 12:19:12 - Mapped to com.banking.controller.TransactionController#getTransactions(int, int)
2025-07-01 12:19:12 - Mapped to com.banking.controller.TransactionController#getTransactions(int, int)
2025-07-01 12:19:12 - Mapped to com.banking.controller.TransactionController#getTransactions(int, int)
2025-07-01 12:19:12 - Using 'application/json', given [*/*] and supported [application/json, application/*+json]
2025-07-01 12:19:12 - Mapped to com.banking.controller.TransactionController#createTransaction(TransactionRequest)
2025-07-01 12:19:12 - Writing [{data=com.banking.dto.TransactionResponse@50413f25, success=true, message=交易创建成功}]
2025-07-01 12:19:12 - Mapped to com.banking.controller.TransactionController#getTransactions(int, int)
2025-07-01 12:19:12 - Read "application/json;charset=UTF-8" to [com.banking.dto.TransactionRequest@9d3bb35]
2025-07-01 12:19:12 - Mapped to com.banking.controller.TransactionController#getTransactions(int, int)
2025-07-01 12:19:12 - Mapped to com.banking.controller.TransactionController#createTransaction(TransactionRequest)
2025-07-01 12:19:12 - Using 'application/json', given [*/*] and supported [application/json, application/*+json]
2025-07-01 12:19:12 - Using 'application/json', given [*/*] and supported [application/json, application/*+json]
2025-07-01 12:19:12 - Writing [{data=com.banking.dto.TransactionResponse@baa873f, success=true, message=交易创建成功}]
2025-07-01 12:19:12 - Writing [{data=com.banking.dto.TransactionResponse@40dd2b25, success=true, message=交易创建成功}]
2025-07-01 12:19:12 - Mapped to com.banking.controller.TransactionController#getTransactions(int, int)
2025-07-01 12:19:12 - Read "application/json;charset=UTF-8" to [com.banking.dto.TransactionRequest@3ba0eac2]
2025-07-01 12:19:12 - Mapped to com.banking.controller.TransactionController#getTransactions(int, int)
2025-07-01 12:19:12 - Mapped to com.banking.controller.TransactionController#getTransactions(int, int)
2025-07-01 12:19:12 - Mapped to com.banking.controller.TransactionController#getTransactions(int, int)
2025-07-01 12:19:12 - Mapped to com.banking.controller.TransactionController#createTransaction(TransactionRequest)
2025-07-01 12:19:12 - Read "application/json;charset=UTF-8" to [com.banking.dto.TransactionRequest@4037bdba]
2025-07-01 12:19:12 - Mapped to com.banking.controller.TransactionController#createTransaction(TransactionRequest)
2025-07-01 12:19:12 - Mapped to com.banking.controller.TransactionController#getTransactions(int, int)
2025-07-01 12:19:12 - Mapped to com.banking.controller.TransactionController#createTransaction(TransactionRequest)
2025-07-01 12:19:12 - Read "application/json;charset=UTF-8" to [com.banking.dto.TransactionRequest@45ea0290]
2025-07-01 12:19:12 - Read "application/json;charset=UTF-8" to [com.banking.dto.TransactionRequest@5de6fcc2]
2025-07-01 12:19:12 - Mapped to com.banking.controller.TransactionController#getTransactions(int, int)
2025-07-01 12:19:12 - Mapped to com.banking.controller.TransactionController#createTransaction(TransactionRequest)
2025-07-01 12:19:12 - Mapped to com.banking.controller.TransactionController#getTransactions(int, int)
2025-07-01 12:19:12 - Read "application/json;charset=UTF-8" to [com.banking.dto.TransactionRequest@778b1e89]
2025-07-01 12:19:12 - Mapped to com.banking.controller.TransactionController#createTransaction(TransactionRequest)
2025-07-01 12:19:12 - Mapped to com.banking.controller.TransactionController#getTransactions(int, int)
2025-07-01 12:19:12 - Mapped to com.banking.controller.TransactionController#createTransaction(TransactionRequest)
2025-07-01 12:19:12 - Read "application/json;charset=UTF-8" to [com.banking.dto.TransactionRequest@597841e]
2025-07-01 12:19:12 - Mapped to com.banking.controller.TransactionController#getTransactions(int, int)
2025-07-01 12:19:12 - Read "application/json;charset=UTF-8" to [com.banking.dto.TransactionRequest@28db059d]
2025-07-01 12:19:12 - Mapped to com.banking.controller.TransactionController#createTransaction(TransactionRequest)
2025-07-01 12:19:12 - Mapped to com.banking.controller.TransactionController#getTransactions(int, int)
2025-07-01 12:19:12 - Read "application/json;charset=UTF-8" to [com.banking.dto.TransactionRequest@da5ec1d]
2025-07-01 12:19:12 - Mapped to com.banking.controller.TransactionController#createTransaction(TransactionRequest)
2025-07-01 12:19:12 - Mapped to com.banking.controller.TransactionController#createTransaction(TransactionRequest)
2025-07-01 12:19:12 - Mapped to com.banking.controller.TransactionController#getTransactions(int, int)
2025-07-01 12:19:12 - Read "application/json;charset=UTF-8" to [com.banking.dto.TransactionRequest@2a0b5edc]
2025-07-01 12:19:12 - Mapped to com.banking.controller.TransactionController#getTransactions(int, int)
2025-07-01 12:19:12 - Read "application/json;charset=UTF-8" to [com.banking.dto.TransactionRequest@25574639]
2025-07-01 12:19:12 - Mapped to com.banking.controller.TransactionController#createTransaction(TransactionRequest)
2025-07-01 12:19:12 - Mapped to com.banking.controller.TransactionController#getTransactions(int, int)
2025-07-01 12:19:12 - Mapped to com.banking.controller.TransactionController#getTransactions(int, int)
2025-07-01 12:19:12 - Mapped to com.banking.controller.TransactionController#createTransaction(TransactionRequest)
2025-07-01 12:19:12 - Read "application/json;charset=UTF-8" to [com.banking.dto.TransactionRequest@1b1c3817]
2025-07-01 12:19:12 - Mapped to com.banking.controller.TransactionController#getTransactions(int, int)
2025-07-01 12:19:12 - Mapped to com.banking.controller.TransactionController#createTransaction(TransactionRequest)
2025-07-01 12:19:12 - Read "application/json;charset=UTF-8" to [com.banking.dto.TransactionRequest@6b7c389a]
2025-07-01 12:19:12 - Read "application/json;charset=UTF-8" to [com.banking.dto.TransactionRequest@5276d191]
2025-07-01 12:19:12 - Mapped to com.banking.controller.TransactionController#createTransaction(TransactionRequest)
2025-07-01 12:19:12 - Mapped to com.banking.controller.TransactionController#getTransactions(int, int)
2025-07-01 12:19:12 - Mapped to com.banking.controller.TransactionController#createTransaction(TransactionRequest)
2025-07-01 12:19:12 - Mapped to com.banking.controller.TransactionController#getTransactions(int, int)
2025-07-01 12:19:12 - Read "application/json;charset=UTF-8" to [com.banking.dto.TransactionRequest@5a4c6095]
2025-07-01 12:19:12 - Read "application/json;charset=UTF-8" to [com.banking.dto.TransactionRequest@7fe7b62e]
2025-07-01 12:19:12 - Mapped to com.banking.controller.TransactionController#createTransaction(TransactionRequest)
2025-07-01 12:19:12 - Read "application/json;charset=UTF-8" to [com.banking.dto.TransactionRequest@363e8f23]
2025-07-01 12:19:12 - Mapped to com.banking.controller.TransactionController#getTransactions(int, int)
2025-07-01 12:19:12 - Mapped to com.banking.controller.TransactionController#getTransactions(int, int)
2025-07-01 12:19:12 - Mapped to com.banking.controller.TransactionController#createTransaction(TransactionRequest)
2025-07-01 12:19:12 - Read "application/json;charset=UTF-8" to [com.banking.dto.TransactionRequest@75009870]
2025-07-01 12:19:12 - Mapped to com.banking.controller.TransactionController#createTransaction(TransactionRequest)
2025-07-01 12:19:12 - Mapped to com.banking.controller.TransactionController#getTransactions(int, int)
2025-07-01 12:19:12 - Read "application/json;charset=UTF-8" to [com.banking.dto.TransactionRequest@edc0fda]
2025-07-01 12:19:12 - Mapped to com.banking.controller.TransactionController#createTransaction(TransactionRequest)
2025-07-01 12:19:12 - Read "application/json;charset=UTF-8" to [com.banking.dto.TransactionRequest@efe389c]
2025-07-01 12:19:12 - Mapped to com.banking.controller.TransactionController#getTransactions(int, int)
2025-07-01 12:19:12 - Mapped to com.banking.controller.TransactionController#getTransactions(int, int)
2025-07-01 12:19:12 - Mapped to com.banking.controller.TransactionController#createTransaction(TransactionRequest)
2025-07-01 12:19:12 - Mapped to com.banking.controller.TransactionController#createTransaction(TransactionRequest)
2025-07-01 12:19:12 - Mapped to com.banking.controller.TransactionController#createTransaction(TransactionRequest)
2025-07-01 12:19:12 - Mapped to com.banking.controller.TransactionController#getTransactions(int, int)
2025-07-01 12:19:12 - Mapped to com.banking.controller.TransactionController#getTransactions(int, int)
2025-07-01 12:19:12 - Mapped to com.banking.controller.TransactionController#createTransaction(TransactionRequest)
2025-07-01 12:19:12 - Read "application/json;charset=UTF-8" to [com.banking.dto.TransactionRequest@52d0f975]
2025-07-01 12:19:12 - Read "application/json;charset=UTF-8" to [com.banking.dto.TransactionRequest@2e9dad84]
2025-07-01 12:19:12 - Read "application/json;charset=UTF-8" to [com.banking.dto.TransactionRequest@6663dc8b]
2025-07-01 12:19:12 - Mapped to com.banking.controller.TransactionController#getTransactions(int, int)
2025-07-01 12:19:12 - Read "application/json;charset=UTF-8" to [com.banking.dto.TransactionRequest@7141078e]
2025-07-01 12:19:12 - Mapped to com.banking.controller.TransactionController#getTransactions(int, int)
2025-07-01 12:19:12 - Mapped to com.banking.controller.TransactionController#createTransaction(TransactionRequest)
2025-07-01 12:19:12 - Mapped to com.banking.controller.TransactionController#createTransaction(TransactionRequest)
2025-07-01 12:19:12 - Mapped to com.banking.controller.TransactionController#getTransactions(int, int)
2025-07-01 12:19:12 - Read "application/json;charset=UTF-8" to [com.banking.dto.TransactionRequest@776d91c]
2025-07-01 12:19:12 - Read "application/json;charset=UTF-8" to [com.banking.dto.TransactionRequest@193bb80]
2025-07-01 12:19:12 - Mapped to com.banking.controller.TransactionController#createTransaction(TransactionRequest)
2025-07-01 12:19:12 - Mapped to com.banking.controller.TransactionController#createTransaction(TransactionRequest)
2025-07-01 12:19:12 - Read "application/json;charset=UTF-8" to [com.banking.dto.TransactionRequest@1d7b7d23]
2025-07-01 12:19:12 - Read "application/json;charset=UTF-8" to [com.banking.dto.TransactionRequest@371260d6]
2025-07-01 12:19:12 - Mapped to com.banking.controller.TransactionController#getTransactions(int, int)
2025-07-01 12:19:12 - Mapped to com.banking.controller.TransactionController#createTransaction(TransactionRequest)
2025-07-01 12:19:12 - Mapped to com.banking.controller.TransactionController#getTransactions(int, int)
2025-07-01 12:19:12 - Using 'application/json', given [*/*] and supported [application/json, application/*+json]
2025-07-01 12:19:12 - Mapped to com.banking.controller.TransactionController#getTransactions(int, int)
2025-07-01 12:19:12 - Writing [{pagination={totalPages=107, size=10, total=1070, page=0}, data=[com.banking.dto.TransactionResponse (truncated)...]
2025-07-01 12:19:12 - Read "application/json;charset=UTF-8" to [com.banking.dto.TransactionRequest@4ebbfe14]
2025-07-01 12:19:12 - Mapped to com.banking.controller.TransactionController#getTransactions(int, int)
2025-07-01 12:19:12 - Mapped to com.banking.controller.TransactionController#createTransaction(TransactionRequest)
2025-07-01 12:19:12 - Mapped to com.banking.controller.TransactionController#createTransaction(TransactionRequest)
2025-07-01 12:19:12 - Mapped to com.banking.controller.TransactionController#getStatistics()
2025-07-01 12:19:12 - Read "application/json;charset=UTF-8" to [com.banking.dto.TransactionRequest@7e092f72]
2025-07-01 12:19:12 - Read "application/json;charset=UTF-8" to [com.banking.dto.TransactionRequest@668329ce]
2025-07-01 12:19:12 - Using 'application/json', given [*/*] and supported [application/json, application/*+json]
2025-07-01 12:19:12 - Mapped to com.banking.controller.TransactionController#getTransactions(int, int)
2025-07-01 12:19:12 - Writing [{pagination={totalPages=107, size=10, total=1070, page=0}, data=[com.banking.dto.TransactionResponse (truncated)...]
2025-07-01 12:19:12 - Mapped to com.banking.controller.TransactionController#createTransaction(TransactionRequest)
2025-07-01 12:19:12 - Mapped to com.banking.controller.TransactionController#getTransactions(int, int)
2025-07-01 12:19:12 - Mapped to com.banking.controller.TransactionController#createTransaction(TransactionRequest)
2025-07-01 12:19:12 - Using 'application/json', given [*/*] and supported [application/json, application/*+json]
2025-07-01 12:19:12 - Read "application/json;charset=UTF-8" to [com.banking.dto.TransactionRequest@45efd38d]
2025-07-01 12:19:12 - Mapped to com.banking.controller.TransactionController#getTransactions(int, int)
2025-07-01 12:19:12 - Writing [{pagination={totalPages=107, size=10, total=1070, page=0}, data=[com.banking.dto.TransactionResponse (truncated)...]
2025-07-01 12:19:12 - Read "application/json;charset=UTF-8" to [com.banking.dto.TransactionRequest@4c4524a]
2025-07-01 12:19:12 - Mapped to com.banking.controller.TransactionController#createTransaction(TransactionRequest)
2025-07-01 12:19:12 - Mapped to com.banking.controller.TransactionController#getTransactions(int, int)
2025-07-01 12:19:12 - Mapped to com.banking.controller.TransactionController#getStatistics()
2025-07-01 12:19:12 - Read "application/json;charset=UTF-8" to [com.banking.dto.TransactionRequest@1066d093]
2025-07-01 12:19:12 - Mapped to com.banking.controller.TransactionController#getStatistics()
2025-07-01 12:19:12 - Mapped to com.banking.controller.TransactionController#createTransaction(TransactionRequest)
2025-07-01 12:19:12 - Mapped to com.banking.controller.TransactionController#getTransactions(int, int)
2025-07-01 12:19:12 - Read "application/json;charset=UTF-8" to [com.banking.dto.TransactionRequest@278f8bb4]
2025-07-01 12:19:12 - Using 'application/json', given [*/*] and supported [application/json, application/*+json]
2025-07-01 12:19:12 - Using 'application/json', given [*/*] and supported [application/json, application/*+json]
2025-07-01 12:19:12 - Using 'application/json', given [*/*] and supported [application/json, application/*+json]
2025-07-01 12:19:12 - Writing [{data=com.banking.dto.TransactionResponse@3167c01c, success=true, message=交易创建成功}]
2025-07-01 12:19:12 - Writing [{data=com.banking.dto.TransactionResponse@6df41714, success=true, message=交易创建成功}]
2025-07-01 12:19:12 - Writing [{pagination={totalPages=108, size=10, total=1073, page=0}, data=[com.banking.dto.TransactionResponse (truncated)...]
2025-07-01 12:19:12 - Mapped to com.banking.controller.TransactionController#createTransaction(TransactionRequest)
2025-07-01 12:19:12 - Mapped to com.banking.controller.TransactionController#createTransaction(TransactionRequest)
2025-07-01 12:19:12 - Mapped to com.banking.controller.TransactionController#getTransactions(int, int)
2025-07-01 12:19:12 - Using 'application/json', given [*/*] and supported [application/json, application/*+json]
2025-07-01 12:19:12 - Mapped to com.banking.controller.TransactionController#getTransactions(int, int)
2025-07-01 12:19:12 - Writing [{pagination={totalPages=108, size=10, total=1074, page=0}, data=[com.banking.dto.TransactionResponse (truncated)...]
2025-07-01 12:19:12 - Mapped to com.banking.controller.TransactionController#getTransactions(int, int)
2025-07-01 12:19:12 - Mapped to com.banking.controller.TransactionController#getStatistics()
2025-07-01 12:19:12 - Read "application/json;charset=UTF-8" to [com.banking.dto.TransactionRequest@6c4b3fee]
2025-07-01 12:19:12 - Using 'application/json', given [*/*] and supported [application/json, application/*+json]
2025-07-01 12:19:12 - Read "application/json;charset=UTF-8" to [com.banking.dto.TransactionRequest@71a40fc0]
2025-07-01 12:19:12 - Writing [{pagination={totalPages=107, size=10, total=1070, page=0}, data=[com.banking.dto.TransactionResponse (truncated)...]
2025-07-01 12:19:12 - Using 'application/json', given [*/*] and supported [application/json, application/*+json]
2025-07-01 12:19:12 - Writing [{pagination={totalPages=108, size=10, total=1076, page=0}, data=[com.banking.dto.TransactionResponse (truncated)...]
2025-07-01 12:19:12 - Mapped to com.banking.controller.TransactionController#getStatistics()
2025-07-01 12:19:12 - Mapped to com.banking.controller.TransactionController#getTransactions(int, int)
2025-07-01 12:19:12 - Mapped to com.banking.controller.TransactionController#createTransaction(TransactionRequest)
2025-07-01 12:19:12 - Mapped to com.banking.controller.TransactionController#getTransactions(int, int)
2025-07-01 12:19:12 - Mapped to com.banking.controller.TransactionController#createTransaction(TransactionRequest)
2025-07-01 12:19:12 - Read "application/json;charset=UTF-8" to [com.banking.dto.TransactionRequest@c9e17ba]
2025-07-01 12:19:12 - Mapped to com.banking.controller.TransactionController#getStatistics()
2025-07-01 12:19:12 - Using 'application/json', given [*/*] and supported [application/json, application/*+json]
2025-07-01 12:19:12 - Using 'application/json', given [*/*] and supported [application/json, application/*+json]
2025-07-01 12:19:12 - Writing [{pagination={totalPages=108, size=10, total=1074, page=0}, data=[com.banking.dto.TransactionResponse (truncated)...]
2025-07-01 12:19:12 - Writing [{data=com.banking.dto.TransactionResponse@14398333, success=true, message=交易创建成功}]
2025-07-01 12:19:12 - Mapped to com.banking.controller.TransactionController#getTransactions(int, int)
2025-07-01 12:19:12 - Read "application/json;charset=UTF-8" to [com.banking.dto.TransactionRequest@3cb25717]
2025-07-01 12:19:12 - Mapped to com.banking.controller.TransactionController#getStatistics()
2025-07-01 12:19:12 - Mapped to com.banking.controller.TransactionController#getTransactions(int, int)
2025-07-01 12:19:12 - Using 'application/json', given [*/*] and supported [application/json, application/*+json]
2025-07-01 12:19:12 - Writing [{pagination={totalPages=108, size=10, total=1077, page=0}, data=[com.banking.dto.TransactionResponse (truncated)...]
2025-07-01 12:19:12 - Using 'application/json', given [*/*] and supported [application/json, application/*+json]
2025-07-01 12:19:12 - Writing [{data=com.banking.dto.TransactionResponse@6fd59ca0, success=true, message=交易创建成功}]
2025-07-01 12:19:12 - Mapped to com.banking.controller.TransactionController#getTransactions(int, int)
2025-07-01 12:19:12 - Mapped to com.banking.controller.TransactionController#createTransaction(TransactionRequest)
2025-07-01 12:19:12 - Mapped to com.banking.controller.TransactionController#getStatistics()
2025-07-01 12:19:12 - Mapped to com.banking.controller.TransactionController#createTransaction(TransactionRequest)
2025-07-01 12:19:12 - Read "application/json;charset=UTF-8" to [com.banking.dto.TransactionRequest@56768813]
2025-07-01 12:19:12 - Using 'application/json', given [*/*] and supported [application/json, application/*+json]
2025-07-01 12:19:12 - Mapped to com.banking.controller.TransactionController#getTransactions(int, int)
2025-07-01 12:19:12 - Writing [{pagination={totalPages=108, size=10, total=1077, page=0}, data=[com.banking.dto.TransactionResponse (truncated)...]
2025-07-01 12:19:12 - Using 'application/json', given [*/*] and supported [application/json, application/*+json]
2025-07-01 12:19:12 - Writing [{data=com.banking.dto.TransactionResponse@63922fcd, success=true, message=交易创建成功}]
2025-07-01 12:19:12 - Read "application/json;charset=UTF-8" to [com.banking.dto.TransactionRequest@618c499]
2025-07-01 12:19:12 - Using 'application/json', given [*/*] and supported [application/json, application/*+json]
2025-07-01 12:19:12 - Mapped to com.banking.controller.TransactionController#getStatistics()
2025-07-01 12:19:12 - Mapped to com.banking.controller.TransactionController#getTransactions(int, int)
2025-07-01 12:19:12 - Mapped to com.banking.controller.TransactionController#createTransaction(TransactionRequest)
2025-07-01 12:19:12 - Using 'application/json', given [*/*] and supported [application/json, application/*+json]
2025-07-01 12:19:12 - Writing [{data=com.banking.dto.TransactionResponse@435277fc, success=true, message=交易创建成功}]
2025-07-01 12:19:12 - Mapped to com.banking.controller.TransactionController#getTransactions(int, int)
2025-07-01 12:19:12 - Writing [{pagination={totalPages=108, size=10, total=1077, page=0}, data=[com.banking.dto.TransactionResponse (truncated)...]
2025-07-01 12:19:12 - Mapped to com.banking.controller.TransactionController#getStatistics()
2025-07-01 12:19:12 - Read "application/json;charset=UTF-8" to [com.banking.dto.TransactionRequest@25ad9724]
2025-07-01 12:19:12 - Mapped to com.banking.controller.TransactionController#getTransactions(int, int)
2025-07-01 12:19:12 - Mapped to com.banking.controller.TransactionController#getTransactions(int, int)
2025-07-01 12:19:12 - Using 'application/json', given [*/*] and supported [application/json, application/*+json]
2025-07-01 12:19:12 - Writing [{data=com.banking.dto.TransactionResponse@2771387e, success=true, message=交易创建成功}]
2025-07-01 12:19:12 - Mapped to com.banking.controller.TransactionController#getStatistics()
2025-07-01 12:19:12 - Mapped to com.banking.controller.TransactionController#getTransactions(int, int)
2025-07-01 12:19:12 - Mapped to com.banking.controller.TransactionController#createTransaction(TransactionRequest)
2025-07-01 12:19:12 - Mapped to com.banking.controller.TransactionController#getTransactions(int, int)
2025-07-01 12:19:12 - Using 'application/json', given [*/*] and supported [application/json, application/*+json]
2025-07-01 12:19:12 - Read "application/json;charset=UTF-8" to [com.banking.dto.TransactionRequest@23612108]
2025-07-01 12:19:12 - Writing [{data=com.banking.dto.TransactionResponse@4b089d52, success=true, message=交易创建成功}]
2025-07-01 12:19:12 - Using 'application/json', given [*/*] and supported [application/json, application/*+json]
2025-07-01 12:19:12 - Writing [{data=com.banking.dto.TransactionResponse@2fca13fc, success=true, message=交易创建成功}]
2025-07-01 12:19:12 - Mapped to com.banking.controller.TransactionController#getTransactions(int, int)
2025-07-01 12:19:12 - Mapped to com.banking.controller.TransactionController#getTransactions(int, int)
2025-07-01 12:19:12 - Using 'application/json', given [*/*] and supported [application/json, application/*+json]
2025-07-01 12:19:12 - Writing [{data=com.banking.dto.TransactionResponse@4b8f62a1, success=true, message=交易创建成功}]
2025-07-01 12:19:12 - Using 'application/json', given [*/*] and supported [application/json, application/*+json]
2025-07-01 12:19:12 - Writing [{pagination={totalPages=108, size=10, total=1079, page=0}, data=[com.banking.dto.TransactionResponse (truncated)...]
2025-07-01 12:19:12 - Mapped to com.banking.controller.TransactionController#getTransactions(int, int)
2025-07-01 12:19:12 - Mapped to com.banking.controller.TransactionController#getStatistics()
2025-07-01 12:19:12 - Using 'application/json', given [*/*] and supported [application/json, application/*+json]
2025-07-01 12:19:12 - Writing [{data=com.banking.dto.TransactionResponse@3c116bdd, success=true, message=交易创建成功}]
2025-07-01 12:19:12 - Mapped to com.banking.controller.TransactionController#getTransactions(int, int)
2025-07-01 12:19:12 - Using 'application/json', given [*/*] and supported [application/json, application/*+json]
2025-07-01 12:19:12 - Writing [{data=com.banking.dto.TransactionResponse@4955f269, success=true, message=交易创建成功}]
2025-07-01 12:19:12 - Mapped to com.banking.controller.TransactionController#getTransactions(int, int)
2025-07-01 12:19:12 - Using 'application/json', given [*/*] and supported [application/json, application/*+json]
2025-07-01 12:19:12 - Writing [{pagination={totalPages=109, size=10, total=1081, page=0}, data=[com.banking.dto.TransactionResponse (truncated)...]
2025-07-01 12:19:12 - Mapped to com.banking.controller.TransactionController#getStatistics()
2025-07-01 12:19:12 - Using 'application/json', given [*/*] and supported [application/json, application/*+json]
2025-07-01 12:19:12 - Writing [{pagination={totalPages=108, size=10, total=1079, page=0}, data=[com.banking.dto.TransactionResponse (truncated)...]
2025-07-01 12:19:12 - Using 'application/json', given [*/*] and supported [application/json, application/*+json]
2025-07-01 12:19:12 - Mapped to com.banking.controller.TransactionController#getStatistics()
2025-07-01 12:19:12 - Using 'application/json', given [*/*] and supported [application/json, application/*+json]
2025-07-01 12:19:12 - Writing [{pagination={totalPages=108, size=10, total=1079, page=0}, data=[com.banking.dto.TransactionResponse (truncated)...]
2025-07-01 12:19:12 - Writing [{pagination={totalPages=109, size=10, total=1081, page=0}, data=[com.banking.dto.TransactionResponse (truncated)...]
2025-07-01 12:19:12 - Using 'application/json', given [*/*] and supported [application/json, application/*+json]
2025-07-01 12:19:12 - Writing [{data=com.banking.dto.TransactionResponse@297d5a10, success=true, message=交易创建成功}]
2025-07-01 12:19:12 - Mapped to com.banking.controller.TransactionController#getStatistics()
2025-07-01 12:19:12 - Using 'application/json', given [*/*] and supported [application/json, application/*+json]
2025-07-01 12:19:12 - Writing [{data=com.banking.dto.TransactionResponse@72693d27, success=true, message=交易创建成功}]
2025-07-01 12:19:12 - Mapped to com.banking.controller.TransactionController#getStatistics()
2025-07-01 12:19:12 - Mapped to com.banking.controller.TransactionController#getTransactions(int, int)
2025-07-01 12:19:12 - Mapped to com.banking.controller.TransactionController#getTransactions(int, int)
2025-07-01 12:19:12 - Using 'application/json', given [*/*] and supported [application/json, application/*+json]
2025-07-01 12:19:12 - Writing [{pagination={totalPages=109, size=10, total=1089, page=0}, data=[com.banking.dto.TransactionResponse (truncated)...]
2025-07-01 12:19:12 - Mapped to com.banking.controller.TransactionController#getStatistics()
2025-07-01 12:19:12 - Using 'application/json', given [*/*] and supported [application/json, application/*+json]
2025-07-01 12:19:12 - Using 'application/json', given [*/*] and supported [application/json, application/*+json]
2025-07-01 12:19:12 - Writing [{pagination={totalPages=109, size=10, total=1086, page=0}, data=[com.banking.dto.TransactionResponse (truncated)...]
2025-07-01 12:19:12 - Using 'application/json', given [*/*] and supported [application/json, application/*+json]
2025-07-01 12:19:12 - Writing [{pagination={totalPages=109, size=10, total=1084, page=0}, data=[com.banking.dto.TransactionResponse (truncated)...]
2025-07-01 12:19:12 - Writing [{pagination={totalPages=109, size=10, total=1082, page=0}, data=[com.banking.dto.TransactionResponse (truncated)...]
2025-07-01 12:19:12 - Using 'application/json', given [*/*] and supported [application/json, application/*+json]
2025-07-01 12:19:12 - Using 'application/json', given [*/*] and supported [application/json, application/*+json]
2025-07-01 12:19:12 - Writing [{pagination={totalPages=109, size=10, total=1082, page=0}, data=[com.banking.dto.TransactionResponse (truncated)...]
2025-07-01 12:19:12 - Writing [{pagination={totalPages=109, size=10, total=1087, page=0}, data=[com.banking.dto.TransactionResponse (truncated)...]
2025-07-01 12:19:12 - Mapped to com.banking.controller.TransactionController#getStatistics()
2025-07-01 12:19:12 - Mapped to com.banking.controller.TransactionController#getStatistics()
2025-07-01 12:19:12 - Using 'application/json', given [*/*] and supported [application/json, application/*+json]
2025-07-01 12:19:12 - Using 'application/json', given [*/*] and supported [application/json, application/*+json]
2025-07-01 12:19:12 - Writing [{pagination={totalPages=109, size=10, total=1089, page=0}, data=[com.banking.dto.TransactionResponse (truncated)...]
2025-07-01 12:19:12 - Writing [{data=com.banking.dto.TransactionResponse@721d5131, success=true, message=交易创建成功}]
2025-07-01 12:19:12 - Mapped to com.banking.controller.TransactionController#getTransactions(int, int)
2025-07-01 12:19:12 - Mapped to com.banking.controller.TransactionController#getStatistics()
2025-07-01 12:19:12 - Mapped to com.banking.controller.TransactionController#getStatistics()
2025-07-01 12:19:12 - Mapped to com.banking.controller.TransactionController#getStatistics()
2025-07-01 12:19:12 - Using 'application/json', given [*/*] and supported [application/json, application/*+json]
2025-07-01 12:19:12 - Writing [{pagination={totalPages=110, size=10, total=1091, page=0}, data=[com.banking.dto.TransactionResponse (truncated)...]
2025-07-01 12:19:12 - Using 'application/json', given [*/*] and supported [application/json, application/*+json]
2025-07-01 12:19:12 - Writing [{data=com.banking.dto.TransactionResponse@25bbe06e, success=true, message=交易创建成功}]
2025-07-01 12:19:12 - Using 'application/json', given [*/*] and supported [application/json, application/*+json]
2025-07-01 12:19:12 - Writing [{data=com.banking.dto.TransactionResponse@2e20800b, success=true, message=交易创建成功}]
2025-07-01 12:19:12 - Using 'application/json', given [*/*] and supported [application/json, application/*+json]
2025-07-01 12:19:12 - Writing [{data={totalTransactions=1092, transactionTypes=[Lcom.banking.model.TransactionType;@42532868}, succ (truncated)...]
2025-07-01 12:19:12 - Mapped to com.banking.controller.TransactionController#getStatistics()
2025-07-01 12:19:12 - Using 'application/json', given [*/*] and supported [application/json, application/*+json]
2025-07-01 12:19:12 - Writing [{data=com.banking.dto.TransactionResponse@67e821aa, success=true, message=交易创建成功}]
2025-07-01 12:19:12 - Mapped to com.banking.controller.TransactionController#getStatistics()
2025-07-01 12:19:12 - Mapped to com.banking.controller.TransactionController#getTransactionsByType(TransactionType)
2025-07-01 12:19:12 - Using 'application/json', given [*/*] and supported [application/json, application/*+json]
2025-07-01 12:19:12 - Writing [{pagination={totalPages=110, size=10, total=1091, page=0}, data=[com.banking.dto.TransactionResponse (truncated)...]
2025-07-01 12:19:12 - Mapped to com.banking.controller.TransactionController#getTransactions(int, int)
2025-07-01 12:19:12 - Using 'application/json', given [*/*] and supported [application/json, application/*+json]
2025-07-01 12:19:12 - Writing [{pagination={totalPages=109, size=10, total=1090, page=0}, data=[com.banking.dto.TransactionResponse (truncated)...]
2025-07-01 12:19:12 - Using 'application/json', given [*/*] and supported [application/json, application/*+json]
2025-07-01 12:19:12 - Writing [{data={totalTransactions=1095, transactionTypes=[Lcom.banking.model.TransactionType;@14d99d72}, succ (truncated)...]
2025-07-01 12:19:12 - Mapped to com.banking.controller.TransactionController#getTransactions(int, int)
2025-07-01 12:19:12 - Mapped to com.banking.controller.TransactionController#getTransactions(int, int)
2025-07-01 12:19:12 - Mapped to com.banking.controller.TransactionController#getStatistics()
2025-07-01 12:19:12 - Mapped to com.banking.controller.TransactionController#getTransactionsByType(TransactionType)
2025-07-01 12:19:12 - Using 'application/json', given [*/*] and supported [application/json, application/*+json]
2025-07-01 12:19:12 - Using 'application/json', given [*/*] and supported [application/json, application/*+json]
2025-07-01 12:19:12 - Writing [{data={totalTransactions=1095, transactionTypes=[Lcom.banking.model.TransactionType;@457845b3}, succ (truncated)...]
2025-07-01 12:19:12 - Mapped to com.banking.controller.TransactionController#getStatistics()
2025-07-01 12:19:12 - Writing [{data={totalTransactions=1095, transactionTypes=[Lcom.banking.model.TransactionType;@2e19e053}, succ (truncated)...]
2025-07-01 12:19:12 - Using 'application/json', given [*/*] and supported [application/json, application/*+json]
2025-07-01 12:19:12 - Writing [{data=com.banking.dto.TransactionResponse@62e8049d, success=true, message=交易创建成功}]
2025-07-01 12:19:12 - Using 'application/json', given [*/*] and supported [application/json, application/*+json]
2025-07-01 12:19:12 - Writing [{data=com.banking.dto.TransactionResponse@17e16002, success=true, message=交易创建成功}]
2025-07-01 12:19:12 - Mapped to com.banking.controller.TransactionController#getTransactionsByType(TransactionType)
2025-07-01 12:19:12 - Mapped to com.banking.controller.TransactionController#getTransactionsByType(TransactionType)
2025-07-01 12:19:12 - Mapped to com.banking.controller.TransactionController#getTransactions(int, int)
2025-07-01 12:19:12 - Mapped to com.banking.controller.TransactionController#getTransactions(int, int)
2025-07-01 12:19:12 - Using 'application/json', given [*/*] and supported [application/json, application/*+json]
2025-07-01 12:19:12 - Using 'application/json', given [*/*] and supported [application/json, application/*+json]
2025-07-01 12:19:12 - Using 'application/json', given [*/*] and supported [application/json, application/*+json]
2025-07-01 12:19:12 - Writing [{data=com.banking.dto.TransactionResponse@7efcac29, success=true, message=交易创建成功}]
2025-07-01 12:19:12 - Writing [{data=com.banking.dto.TransactionResponse@144da7fe, success=true, message=交易创建成功}]
2025-07-01 12:19:12 - Writing [{data=com.banking.dto.TransactionResponse@dcffca8, success=true, message=交易创建成功}]
2025-07-01 12:19:12 - Mapped to com.banking.controller.TransactionController#getTransactions(int, int)
2025-07-01 12:19:12 - Mapped to com.banking.controller.TransactionController#getTransactions(int, int)
2025-07-01 12:19:12 - Mapped to com.banking.controller.TransactionController#getTransactions(int, int)
2025-07-01 12:19:12 - Using 'application/json', given [*/*] and supported [application/json, application/*+json]
2025-07-01 12:19:12 - Writing [{data=com.banking.dto.TransactionResponse@1b96aba2, success=true, message=交易创建成功}]
2025-07-01 12:19:12 - Mapped to com.banking.controller.TransactionController#getTransactions(int, int)
2025-07-01 12:19:12 - Using 'application/json', given [*/*] and supported [application/json, application/*+json]
2025-07-01 12:19:12 - Using 'application/json', given [*/*] and supported [application/json, application/*+json]
2025-07-01 12:19:12 - Writing [{pagination={totalPages=110, size=10, total=1092, page=0}, data=[com.banking.dto.TransactionResponse (truncated)...]
2025-07-01 12:19:12 - Writing [{pagination={totalPages=110, size=10, total=1092, page=0}, data=[com.banking.dto.TransactionResponse (truncated)...]
2025-07-01 12:19:12 - Mapped to com.banking.controller.TransactionController#getStatistics()
2025-07-01 12:19:12 - Mapped to com.banking.controller.TransactionController#getStatistics()
2025-07-01 12:19:12 - Using 'application/json', given [*/*] and supported [application/json, application/*+json]
2025-07-01 12:19:12 - Using 'application/json', given [*/*] and supported [application/json, application/*+json]
2025-07-01 12:19:12 - Using 'application/json', given [*/*] and supported [application/json, application/*+json]
2025-07-01 12:19:12 - Writing [{data=com.banking.dto.TransactionResponse@25aa891c, success=true, message=交易创建成功}]
2025-07-01 12:19:12 - Writing [{data=com.banking.dto.TransactionResponse@e939b1c, success=true, message=交易创建成功}]
2025-07-01 12:19:12 - Writing [{pagination={totalPages=110, size=10, total=1092, page=0}, data=[com.banking.dto.TransactionResponse (truncated)...]
2025-07-01 12:19:12 - Mapped to com.banking.controller.TransactionController#getTransactions(int, int)
2025-07-01 12:19:12 - Mapped to com.banking.controller.TransactionController#getTransactions(int, int)
2025-07-01 12:19:12 - Mapped to com.banking.controller.TransactionController#getStatistics()
2025-07-01 12:19:12 - Using 'application/json', given [*/*] and supported [application/json, application/*+json]
2025-07-01 12:19:12 - Using 'application/json', given [*/*] and supported [application/json, application/*+json]
2025-07-01 12:19:12 - Writing [{data=com.banking.dto.TransactionResponse@71573a, success=true, message=交易创建成功}]
2025-07-01 12:19:12 - Writing [{data=com.banking.dto.TransactionResponse@487cd2e7, success=true, message=交易创建成功}]
2025-07-01 12:19:12 - Mapped to com.banking.controller.TransactionController#getTransactions(int, int)
2025-07-01 12:19:12 - Mapped to com.banking.controller.TransactionController#getTransactions(int, int)
2025-07-01 12:19:12 - Using 'application/json', given [*/*] and supported [application/json, application/*+json]
2025-07-01 12:19:12 - Writing [{pagination={totalPages=110, size=10, total=1095, page=0}, data=[com.banking.dto.TransactionResponse (truncated)...]
2025-07-01 12:19:12 - Using 'application/json', given [*/*] and supported [application/json, application/*+json]
2025-07-01 12:19:12 - Writing [{pagination={totalPages=110, size=10, total=1095, page=0}, data=[com.banking.dto.TransactionResponse (truncated)...]
2025-07-01 12:19:12 - Using 'application/json', given [*/*] and supported [application/json, application/*+json]
2025-07-01 12:19:12 - Writing [{pagination={totalPages=110, size=10, total=1100, page=0}, data=[com.banking.dto.TransactionResponse (truncated)...]
2025-07-01 12:19:12 - Using 'application/json', given [*/*] and supported [application/json, application/*+json]
2025-07-01 12:19:12 - Writing [{pagination={totalPages=110, size=10, total=1100, page=0}, data=[com.banking.dto.TransactionResponse (truncated)...]
2025-07-01 12:19:12 - Using 'application/json', given [*/*] and supported [application/json, application/*+json]
2025-07-01 12:19:12 - Writing [{pagination={totalPages=110, size=10, total=1095, page=0}, data=[com.banking.dto.TransactionResponse (truncated)...]
2025-07-01 12:19:12 - Mapped to com.banking.controller.TransactionController#getStatistics()
2025-07-01 12:19:12 - Mapped to com.banking.controller.TransactionController#getStatistics()
2025-07-01 12:19:12 - Mapped to com.banking.controller.TransactionController#getStatistics()
2025-07-01 12:19:12 - Mapped to com.banking.controller.TransactionController#getStatistics()
2025-07-01 12:19:12 - Mapped to com.banking.controller.TransactionController#getStatistics()
2025-07-01 12:19:12 - Using 'application/json', given [*/*] and supported [application/json, application/*+json]
2025-07-01 12:19:12 - Using 'application/json', given [*/*] and supported [application/json, application/*+json]
2025-07-01 12:19:12 - Using 'application/json', given [*/*] and supported [application/json, application/*+json]
2025-07-01 12:19:12 - Writing [{data=com.banking.dto.TransactionResponse@4c32f085, success=true, message=交易创建成功}]
2025-07-01 12:19:12 - Writing [{data=com.banking.dto.TransactionResponse@a629e60, success=true, message=交易创建成功}]
2025-07-01 12:19:12 - Writing [{data=com.banking.dto.TransactionResponse@5a1fcb13, success=true, message=交易创建成功}]
2025-07-01 12:19:12 - Using 'application/json', given [*/*] and supported [application/json, application/*+json]
2025-07-01 12:19:12 - Writing [{pagination={totalPages=111, size=10, total=1103, page=0}, data=[com.banking.dto.TransactionResponse (truncated)...]
2025-07-01 12:19:12 - Using 'application/json', given [*/*] and supported [application/json, application/*+json]
2025-07-01 12:19:12 - Using 'application/json', given [*/*] and supported [application/json, application/*+json]
2025-07-01 12:19:12 - Writing [{data={totalTransactions=1105, transactionTypes=[Lcom.banking.model.TransactionType;@43a1d5b0}, succ (truncated)...]
2025-07-01 12:19:12 - Writing [{pagination={totalPages=111, size=10, total=1101, page=0}, data=[com.banking.dto.TransactionResponse (truncated)...]
2025-07-01 12:19:12 - Using 'application/json', given [*/*] and supported [application/json, application/*+json]
2025-07-01 12:19:12 - Using 'application/json', given [*/*] and supported [application/json, application/*+json]
2025-07-01 12:19:12 - Mapped to com.banking.controller.TransactionController#getTransactions(int, int)
2025-07-01 12:19:12 - Using 'application/json', given [*/*] and supported [application/json, application/*+json]
2025-07-01 12:19:12 - Writing [{pagination={totalPages=111, size=10, total=1105, page=0}, data=[com.banking.dto.TransactionResponse (truncated)...]
2025-07-01 12:19:12 - Mapped to com.banking.controller.TransactionController#getTransactions(int, int)
2025-07-01 12:19:12 - Writing [{pagination={totalPages=111, size=10, total=1105, page=0}, data=[com.banking.dto.TransactionResponse (truncated)...]
2025-07-01 12:19:12 - Writing [{pagination={totalPages=110, size=10, total=1097, page=0}, data=[com.banking.dto.TransactionResponse (truncated)...]
2025-07-01 12:19:12 - Mapped to com.banking.controller.TransactionController#getTransactions(int, int)
2025-07-01 12:19:12 - Mapped to com.banking.controller.TransactionController#getTransactionsByType(TransactionType)
2025-07-01 12:19:12 - Mapped to com.banking.controller.TransactionController#getStatistics()
2025-07-01 12:19:12 - Mapped to com.banking.controller.TransactionController#getStatistics()
2025-07-01 12:19:12 - Mapped to com.banking.controller.TransactionController#getStatistics()
2025-07-01 12:19:12 - Using 'application/json', given [*/*] and supported [application/json, application/*+json]
2025-07-01 12:19:12 - Writing [{data=com.banking.dto.TransactionResponse@e9e76fd, success=true, message=交易创建成功}]
2025-07-01 12:19:12 - Using 'application/json', given [*/*] and supported [application/json, application/*+json]
2025-07-01 12:19:12 - Writing [{pagination={totalPages=111, size=10, total=1105, page=0}, data=[com.banking.dto.TransactionResponse (truncated)...]
2025-07-01 12:19:12 - Mapped to com.banking.controller.TransactionController#getStatistics()
2025-07-01 12:19:12 - Using 'application/json', given [*/*] and supported [application/json, application/*+json]
2025-07-01 12:19:12 - Mapped to com.banking.controller.TransactionController#getTransactions(int, int)
2025-07-01 12:19:12 - Writing [{data={totalTransactions=1109, transactionTypes=[Lcom.banking.model.TransactionType;@51626c5f}, succ (truncated)...]
2025-07-01 12:19:12 - Using 'application/json', given [*/*] and supported [application/json, application/*+json]
2025-07-01 12:19:12 - Writing [{data={totalTransactions=1109, transactionTypes=[Lcom.banking.model.TransactionType;@351a4f4b}, succ (truncated)...]
2025-07-01 12:19:12 - Mapped to com.banking.controller.TransactionController#getStatistics()
2025-07-01 12:19:12 - Mapped to com.banking.controller.TransactionController#getStatistics()
2025-07-01 12:19:12 - Using 'application/json', given [*/*] and supported [application/json, application/*+json]
2025-07-01 12:19:12 - Mapped to com.banking.controller.TransactionController#getTransactionsByType(TransactionType)
2025-07-01 12:19:12 - Writing [{data=com.banking.dto.TransactionResponse@2571ba66, success=true, message=交易创建成功}]
2025-07-01 12:19:12 - Mapped to com.banking.controller.TransactionController#getTransactionsByType(TransactionType)
2025-07-01 12:19:12 - Using 'application/json', given [*/*] and supported [application/json, application/*+json]
2025-07-01 12:19:12 - Writing [{data={totalTransactions=1110, transactionTypes=[Lcom.banking.model.TransactionType;@70ae737d}, succ (truncated)...]
2025-07-01 12:19:12 - Mapped to com.banking.controller.TransactionController#getTransactions(int, int)
2025-07-01 12:19:12 - Mapped to com.banking.controller.TransactionController#getTransactionsByType(TransactionType)
2025-07-01 12:19:12 - Using 'application/json', given [*/*] and supported [application/json, application/*+json]
2025-07-01 12:19:12 - Writing [{data={totalTransactions=1110, transactionTypes=[Lcom.banking.model.TransactionType;@784d3905}, succ (truncated)...]
2025-07-01 12:19:12 - Mapped to com.banking.controller.TransactionController#getTransactionsByType(TransactionType)
2025-07-01 12:19:12 - Using 'application/json', given [*/*] and supported [application/json, application/*+json]
2025-07-01 12:19:12 - Writing [{data=com.banking.dto.TransactionResponse@33fc7932, success=true, message=交易创建成功}]
2025-07-01 12:19:12 - Mapped to com.banking.controller.TransactionController#getTransactions(int, int)
2025-07-01 12:19:12 - Using 'application/json', given [*/*] and supported [application/json, application/*+json]
2025-07-01 12:19:12 - Using 'application/json', given [*/*] and supported [application/json, application/*+json]
2025-07-01 12:19:12 - Writing [{pagination={totalPages=111, size=10, total=1108, page=0}, data=[com.banking.dto.TransactionResponse (truncated)...]
2025-07-01 12:19:12 - Writing [{data=com.banking.dto.TransactionResponse@4a99eda1, success=true, message=交易创建成功}]
2025-07-01 12:19:12 - Using 'application/json', given [*/*] and supported [application/json, application/*+json]
2025-07-01 12:19:12 - Writing [{pagination={totalPages=111, size=10, total=1108, page=0}, data=[com.banking.dto.TransactionResponse (truncated)...]
2025-07-01 12:19:12 - Mapped to com.banking.controller.TransactionController#getTransactions(int, int)
2025-07-01 12:19:12 - Mapped to com.banking.controller.TransactionController#getStatistics()
2025-07-01 12:19:12 - Mapped to com.banking.controller.TransactionController#getStatistics()
2025-07-01 12:19:12 - Using 'application/json', given [*/*] and supported [application/json, application/*+json]
2025-07-01 12:19:12 - Using 'application/json', given [*/*] and supported [application/json, application/*+json]
2025-07-01 12:19:12 - Writing [{pagination={totalPages=111, size=10, total=1108, page=0}, data=[com.banking.dto.TransactionResponse (truncated)...]
2025-07-01 12:19:12 - Writing [{data={totalTransactions=1112, transactionTypes=[Lcom.banking.model.TransactionType;@20c78989}, succ (truncated)...]
2025-07-01 12:19:12 - Using 'application/json', given [*/*] and supported [application/json, application/*+json]
2025-07-01 12:19:12 - Writing [{data={totalTransactions=1112, transactionTypes=[Lcom.banking.model.TransactionType;@7c1725d2}, succ (truncated)...]
2025-07-01 12:19:12 - Using 'application/json', given [*/*] and supported [application/json, application/*+json]
2025-07-01 12:19:12 - Writing [{data={totalTransactions=1112, transactionTypes=[Lcom.banking.model.TransactionType;@6f890f16}, succ (truncated)...]
2025-07-01 12:19:12 - Using 'application/json', given [*/*] and supported [application/json, application/*+json]
2025-07-01 12:19:12 - Writing [{pagination={totalPages=111, size=10, total=1108, page=0}, data=[com.banking.dto.TransactionResponse (truncated)...]
2025-07-01 12:19:12 - Mapped to com.banking.controller.TransactionController#getStatistics()
2025-07-01 12:19:12 - Mapped to com.banking.controller.TransactionController#getTransactionsByType(TransactionType)
2025-07-01 12:19:12 - Mapped to com.banking.controller.TransactionController#getTransactionsByType(TransactionType)
2025-07-01 12:19:12 - Mapped to com.banking.controller.TransactionController#getTransactionsByType(TransactionType)
2025-07-01 12:19:12 - Mapped to com.banking.controller.TransactionController#getStatistics()
2025-07-01 12:19:12 - Using 'application/json', given [*/*] and supported [application/json, application/*+json]
2025-07-01 12:19:12 - Writing [{data={totalTransactions=1112, transactionTypes=[Lcom.banking.model.TransactionType;@49c7ab97}, succ (truncated)...]
2025-07-01 12:19:12 - Using 'application/json', given [*/*] and supported [application/json, application/*+json]
2025-07-01 12:19:12 - Writing [{data=com.banking.dto.TransactionResponse@2e431b74, success=true, message=交易创建成功}]
2025-07-01 12:19:12 - Using 'application/json', given [*/*] and supported [application/json, application/*+json]
2025-07-01 12:19:12 - Mapped to com.banking.controller.TransactionController#getTransactions(int, int)
2025-07-01 12:19:12 - Writing [{pagination={totalPages=111, size=10, total=1109, page=0}, data=[com.banking.dto.TransactionResponse (truncated)...]
2025-07-01 12:19:12 - Using 'application/json', given [*/*] and supported [application/json, application/*+json]
2025-07-01 12:19:12 - Writing [{data={totalTransactions=1113, transactionTypes=[Lcom.banking.model.TransactionType;@3cf3d2ff}, succ (truncated)...]
2025-07-01 12:19:12 - Mapped to com.banking.controller.TransactionController#getTransactionsByType(TransactionType)
2025-07-01 12:19:12 - Using 'application/json', given [*/*] and supported [application/json, application/*+json]
2025-07-01 12:19:12 - Writing [{data=com.banking.dto.TransactionResponse@245f956f, success=true, message=交易创建成功}]
2025-07-01 12:19:12 - Using 'application/json', given [*/*] and supported [application/json, application/*+json]
2025-07-01 12:19:12 - Mapped to com.banking.controller.TransactionController#getStatistics()
2025-07-01 12:19:12 - Using 'application/json', given [*/*] and supported [application/json, application/*+json]
2025-07-01 12:19:12 - Writing [{pagination={totalPages=111, size=10, total=1110, page=0}, data=[com.banking.dto.TransactionResponse (truncated)...]
2025-07-01 12:19:12 - Writing [{pagination={totalPages=111, size=10, total=1110, page=0}, data=[com.banking.dto.TransactionResponse (truncated)...]
2025-07-01 12:19:12 - Mapped to com.banking.controller.TransactionController#getTransactions(int, int)
2025-07-01 12:19:12 - Mapped to com.banking.controller.TransactionController#getTransactionsByType(TransactionType)
2025-07-01 12:19:12 - Using 'application/json', given [*/*] and supported [application/json, application/*+json]
2025-07-01 12:19:12 - Writing [{pagination={totalPages=111, size=10, total=1110, page=0}, data=[com.banking.dto.TransactionResponse (truncated)...]
2025-07-01 12:19:12 - Using 'application/json', given [*/*] and supported [application/json, application/*+json]
2025-07-01 12:19:12 - Writing [{pagination={totalPages=111, size=10, total=1109, page=0}, data=[com.banking.dto.TransactionResponse (truncated)...]
2025-07-01 12:19:12 - Mapped to com.banking.controller.TransactionController#getStatistics()
2025-07-01 12:19:12 - Using 'application/json', given [*/*] and supported [application/json, application/*+json]
2025-07-01 12:19:12 - Writing [{data=com.banking.dto.TransactionResponse@1c5429b, success=true, message=交易创建成功}]
2025-07-01 12:19:12 - Using 'application/json', given [*/*] and supported [application/json, application/*+json]
2025-07-01 12:19:12 - Writing [{pagination={totalPages=112, size=10, total=1112, page=0}, data=[com.banking.dto.TransactionResponse (truncated)...]
2025-07-01 12:19:12 - Using 'application/json', given [*/*] and supported [application/json, application/*+json]
2025-07-01 12:19:12 - Writing [{data=com.banking.dto.TransactionResponse@55b7ac4c, success=true, message=交易创建成功}]
2025-07-01 12:19:12 - Using 'application/json', given [*/*] and supported [application/json, application/*+json]
2025-07-01 12:19:12 - Writing [{pagination={totalPages=112, size=10, total=1112, page=0}, data=[com.banking.dto.TransactionResponse (truncated)...]
2025-07-01 12:19:12 - Using 'application/json', given [*/*] and supported [application/json, application/*+json]
2025-07-01 12:19:12 - Using 'application/json', given [*/*] and supported [application/json, application/*+json]
2025-07-01 12:19:12 - Writing [{data={totalTransactions=1114, transactionTypes=[Lcom.banking.model.TransactionType;@76ecdbb}, succe (truncated)...]
2025-07-01 12:19:12 - Writing [{pagination={totalPages=112, size=10, total=1112, page=0}, data=[com.banking.dto.TransactionResponse (truncated)...]
2025-07-01 12:19:12 - Mapped to com.banking.controller.TransactionController#getStatistics()
2025-07-01 12:19:12 - Mapped to com.banking.controller.TransactionController#getTransactions(int, int)
2025-07-01 12:19:12 - Mapped to com.banking.controller.TransactionController#getStatistics()
2025-07-01 12:19:12 - Mapped to com.banking.controller.TransactionController#getTransactions(int, int)
2025-07-01 12:19:12 - Mapped to com.banking.controller.TransactionController#getStatistics()
2025-07-01 12:19:12 - Mapped to com.banking.controller.TransactionController#getTransactionsByType(TransactionType)
2025-07-01 12:19:12 - Mapped to com.banking.controller.TransactionController#getStatistics()
2025-07-01 12:19:12 - Using 'application/json', given [*/*] and supported [application/json, application/*+json]
2025-07-01 12:19:12 - Writing [{data={totalTransactions=1116, transactionTypes=[Lcom.banking.model.TransactionType;@56f51d53}, succ (truncated)...]
2025-07-01 12:19:12 - Using 'application/json', given [*/*] and supported [application/json, application/*+json]
2025-07-01 12:19:12 - Mapped to com.banking.controller.TransactionController#getStatistics()
2025-07-01 12:19:12 - Writing [{data={totalTransactions=1116, transactionTypes=[Lcom.banking.model.TransactionType;@42b0b30b}, succ (truncated)...]
2025-07-01 12:19:12 - Using 'application/json', given [*/*] and supported [application/json, application/*+json]
2025-07-01 12:19:12 - Writing [{data={totalTransactions=1116, transactionTypes=[Lcom.banking.model.TransactionType;@614bb86c}, succ (truncated)...]
2025-07-01 12:19:12 - Mapped to com.banking.controller.TransactionController#getTransactionsByType(TransactionType)
2025-07-01 12:19:12 - Mapped to com.banking.controller.TransactionController#getTransactionsByType(TransactionType)
2025-07-01 12:19:12 - Mapped to com.banking.controller.TransactionController#getTransactionsByType(TransactionType)
2025-07-01 12:19:12 - Using 'application/json', given [*/*] and supported [application/json, application/*+json]
2025-07-01 12:19:12 - Writing [{data=com.banking.dto.TransactionResponse@1af1cda8, success=true, message=交易创建成功}]
2025-07-01 12:19:12 - Using 'application/json', given [*/*] and supported [application/json, application/*+json]
2025-07-01 12:19:12 - Writing [{pagination={totalPages=112, size=10, total=1114, page=0}, data=[com.banking.dto.TransactionResponse (truncated)...]
2025-07-01 12:19:12 - Mapped to com.banking.controller.TransactionController#getTransactions(int, int)
2025-07-01 12:19:12 - Mapped to com.banking.controller.TransactionController#getStatistics()
2025-07-01 12:19:12 - Using 'application/json', given [*/*] and supported [application/json, application/*+json]
2025-07-01 12:19:12 - Writing [{pagination={totalPages=112, size=10, total=1114, page=0}, data=[com.banking.dto.TransactionResponse (truncated)...]
2025-07-01 12:19:12 - Mapped to com.banking.controller.TransactionController#getStatistics()
2025-07-01 12:19:12 - Using 'application/json', given [*/*] and supported [application/json, application/*+json]
2025-07-01 12:19:12 - Using 'application/json', given [*/*] and supported [application/json, application/*+json]
2025-07-01 12:19:12 - Writing [{data={totalTransactions=1117, transactionTypes=[Lcom.banking.model.TransactionType;@3ed641a4}, succ (truncated)...]
2025-07-01 12:19:12 - Writing [{pagination={totalPages=112, size=10, total=1116, page=0}, data=[com.banking.dto.TransactionResponse (truncated)...]
2025-07-01 12:19:12 - Mapped to com.banking.controller.TransactionController#getStatistics()
2025-07-01 12:19:12 - Mapped to com.banking.controller.TransactionController#getTransactionsByType(TransactionType)
2025-07-01 12:19:12 - Mapped to com.banking.controller.TransactionController#getStatistics()
2025-07-01 12:19:12 - Using 'application/json', given [*/*] and supported [application/json, application/*+json]
2025-07-01 12:19:12 - Writing [{pagination={totalPages=112, size=10, total=1116, page=0}, data=[com.banking.dto.TransactionResponse (truncated)...]
2025-07-01 12:19:12 - Mapped to com.banking.controller.TransactionController#getStatistics()
2025-07-01 12:19:12 - Using 'application/json', given [*/*] and supported [application/json, application/*+json]
2025-07-01 12:19:12 - Writing [{data={totalTransactions=1117, transactionTypes=[Lcom.banking.model.TransactionType;@4380389f}, succ (truncated)...]
2025-07-01 12:19:12 - Mapped to com.banking.controller.TransactionController#getTransactionsByType(TransactionType)
2025-07-01 12:19:12 - Using 'application/json', given [*/*] and supported [application/json, application/*+json]
2025-07-01 12:19:12 - Writing [{data={totalTransactions=1117, transactionTypes=[Lcom.banking.model.TransactionType;@4c830de6}, succ (truncated)...]
2025-07-01 12:19:12 - Using 'application/json', given [*/*] and supported [application/json, application/*+json]
2025-07-01 12:19:12 - Using 'application/json', given [*/*] and supported [application/json, application/*+json]
2025-07-01 12:19:12 - Writing [{pagination={totalPages=112, size=10, total=1116, page=0}, data=[com.banking.dto.TransactionResponse (truncated)...]
2025-07-01 12:19:12 - Mapped to com.banking.controller.TransactionController#getTransactionsByType(TransactionType)
2025-07-01 12:19:12 - Writing [{pagination={totalPages=112, size=10, total=1116, page=0}, data=[com.banking.dto.TransactionResponse (truncated)...]
2025-07-01 12:19:12 - Mapped to com.banking.controller.TransactionController#getStatistics()
2025-07-01 12:19:12 - Using 'application/json', given [*/*] and supported [application/json, application/*+json]
2025-07-01 12:19:12 - Writing [{pagination={totalPages=112, size=10, total=1117, page=0}, data=[com.banking.dto.TransactionResponse (truncated)...]
2025-07-01 12:19:12 - Using 'application/json', given [*/*] and supported [application/json, application/*+json]
2025-07-01 12:19:12 - Using 'application/json', given [*/*] and supported [application/json, application/*+json]
2025-07-01 12:19:12 - Writing [{pagination={totalPages=112, size=10, total=1117, page=0}, data=[com.banking.dto.TransactionResponse (truncated)...]
2025-07-01 12:19:12 - Writing [{data={totalTransactions=1117, transactionTypes=[Lcom.banking.model.TransactionType;@28b500f6}, succ (truncated)...]
2025-07-01 12:19:12 - Mapped to com.banking.controller.TransactionController#getStatistics()
2025-07-01 12:19:12 - Using 'application/json', given [*/*] and supported [application/json, application/*+json]
2025-07-01 12:19:12 - Writing [{pagination={totalPages=112, size=10, total=1117, page=0}, data=[com.banking.dto.TransactionResponse (truncated)...]
2025-07-01 12:19:12 - Mapped to com.banking.controller.TransactionController#getStatistics()
2025-07-01 12:19:12 - Mapped to com.banking.controller.TransactionController#getTransactionsByType(TransactionType)
2025-07-01 12:19:12 - Mapped to com.banking.controller.TransactionController#getStatistics()
2025-07-01 12:19:12 - Mapped to com.banking.controller.TransactionController#getStatistics()
2025-07-01 12:19:12 - Using 'application/json', given [*/*] and supported [application/json, application/*+json]
2025-07-01 12:19:12 - Using 'application/json', given [*/*] and supported [application/json, application/*+json]
2025-07-01 12:19:12 - Using 'application/json', given [*/*] and supported [application/json, application/*+json]
2025-07-01 12:19:12 - Writing [{pagination={totalPages=112, size=10, total=1117, page=0}, data=[com.banking.dto.TransactionResponse (truncated)...]
2025-07-01 12:19:12 - Writing [{data={totalTransactions=1117, transactionTypes=[Lcom.banking.model.TransactionType;@34ccd76c}, succ (truncated)...]
2025-07-01 12:19:12 - Writing [{data={totalTransactions=1117, transactionTypes=[Lcom.banking.model.TransactionType;@49fbfb43}, succ (truncated)...]
2025-07-01 12:19:12 - Using 'application/json', given [*/*] and supported [application/json, application/*+json]
2025-07-01 12:19:12 - Writing [{data={totalTransactions=1117, transactionTypes=[Lcom.banking.model.TransactionType;@41dea5a2}, succ (truncated)...]
2025-07-01 12:19:12 - Mapped to com.banking.controller.TransactionController#getTransactionsByType(TransactionType)
2025-07-01 12:19:12 - Mapped to com.banking.controller.TransactionController#getTransactionsByType(TransactionType)
2025-07-01 12:19:12 - Mapped to com.banking.controller.TransactionController#getTransactionsByType(TransactionType)
2025-07-01 12:19:12 - Mapped to com.banking.controller.TransactionController#getStatistics()
2025-07-01 12:19:12 - Using 'application/json', given [*/*] and supported [application/json, application/*+json]
2025-07-01 12:19:12 - Writing [{data=com.banking.dto.TransactionResponse@70ee687f, success=true, message=交易创建成功}]
2025-07-01 12:19:12 - Using 'application/json', given [*/*] and supported [application/json, application/*+json]
2025-07-01 12:19:12 - Writing [{data={totalTransactions=1117, transactionTypes=[Lcom.banking.model.TransactionType;@43c22be2}, succ (truncated)...]
2025-07-01 12:19:12 - Using 'application/json', given [*/*] and supported [application/json, application/*+json]
2025-07-01 12:19:12 - Writing [{data={totalTransactions=1117, transactionTypes=[Lcom.banking.model.TransactionType;@50b294b7}, succ (truncated)...]
2025-07-01 12:19:12 - Mapped to com.banking.controller.TransactionController#getTransactions(int, int)
2025-07-01 12:19:12 - Mapped to com.banking.controller.TransactionController#getTransactionsByType(TransactionType)
2025-07-01 12:19:12 - Mapped to com.banking.controller.TransactionController#getTransactionsByType(TransactionType)
2025-07-01 12:19:12 - Using 'application/json', given [*/*] and supported [application/json, application/*+json]
2025-07-01 12:19:12 - Writing [{pagination={totalPages=112, size=10, total=1117, page=0}, data=[com.banking.dto.TransactionResponse (truncated)...]
2025-07-01 12:19:12 - Using 'application/json', given [*/*] and supported [application/json, application/*+json]
2025-07-01 12:19:12 - Writing [{pagination={totalPages=112, size=10, total=1118, page=0}, data=[com.banking.dto.TransactionResponse (truncated)...]
2025-07-01 12:19:12 - Mapped to com.banking.controller.TransactionController#getStatistics()
2025-07-01 12:19:12 - Mapped to com.banking.controller.TransactionController#getStatistics()
2025-07-01 12:19:12 - Using 'application/json', given [*/*] and supported [application/json, application/*+json]
2025-07-01 12:19:12 - Using 'application/json', given [*/*] and supported [application/json, application/*+json]
2025-07-01 12:19:12 - Writing [{pagination={totalPages=112, size=10, total=1118, page=0}, data=[com.banking.dto.TransactionResponse (truncated)...]
2025-07-01 12:19:12 - Writing [{pagination={totalPages=112, size=10, total=1118, page=0}, data=[com.banking.dto.TransactionResponse (truncated)...]
2025-07-01 12:19:12 - Mapped to com.banking.controller.TransactionController#getStatistics()
2025-07-01 12:19:12 - Mapped to com.banking.controller.TransactionController#getStatistics()
2025-07-01 12:19:12 - Using 'application/json', given [*/*] and supported [application/json, application/*+json]
2025-07-01 12:19:12 - Writing [{data={totalTransactions=1118, transactionTypes=[Lcom.banking.model.TransactionType;@48364bf}, succe (truncated)...]
2025-07-01 12:19:12 - Mapped to com.banking.controller.TransactionController#getTransactionsByType(TransactionType)
2025-07-01 12:19:12 - Using 'application/json', given [*/*] and supported [application/json, application/*+json]
2025-07-01 12:19:12 - Writing [{data={totalTransactions=1118, transactionTypes=[Lcom.banking.model.TransactionType;@5d2bd366}, succ (truncated)...]
2025-07-01 12:19:12 - Mapped to com.banking.controller.TransactionController#getTransactionsByType(TransactionType)
2025-07-01 12:19:12 - Using 'application/json', given [*/*] and supported [application/json, application/*+json]
2025-07-01 12:19:12 - Writing [{pagination={totalPages=112, size=10, total=1118, page=0}, data=[com.banking.dto.TransactionResponse (truncated)...]
2025-07-01 12:19:12 - Using 'application/json', given [*/*] and supported [application/json, application/*+json]
2025-07-01 12:19:12 - Writing [{data=[com.banking.dto.TransactionResponse@51aa3d9a, com.banking.dto.TransactionResponse@31a94252, c (truncated)...]
2025-07-01 12:19:12 - Mapped to com.banking.controller.TransactionController#getStatistics()
2025-07-01 12:19:12 - Using 'application/json', given [*/*] and supported [application/json, application/*+json]
2025-07-01 12:19:12 - Writing [{pagination={totalPages=112, size=10, total=1118, page=0}, data=[com.banking.dto.TransactionResponse (truncated)...]
2025-07-01 12:19:12 - Mapped to com.banking.controller.TransactionController#getStatistics()
2025-07-01 12:19:12 - Using 'application/json', given [*/*] and supported [application/json, application/*+json]
2025-07-01 12:19:12 - Writing [{data=[com.banking.dto.TransactionResponse@7c23be83, com.banking.dto.TransactionResponse@22b590b7, c (truncated)...]
2025-07-01 12:19:12 - Using 'application/json', given [*/*] and supported [application/json, application/*+json]
2025-07-01 12:19:12 - Using 'application/json', given [*/*] and supported [application/json, application/*+json]
2025-07-01 12:19:12 - Writing [{pagination={totalPages=112, size=10, total=1118, page=0}, data=[com.banking.dto.TransactionResponse (truncated)...]
2025-07-01 12:19:12 - Writing [{data=[com.banking.dto.TransactionResponse@4aa01685, com.banking.dto.TransactionResponse@37fa086, co (truncated)...]
2025-07-01 12:19:12 - Using 'application/json', given [*/*] and supported [application/json, application/*+json]
2025-07-01 12:19:12 - Writing [{data=[com.banking.dto.TransactionResponse@13d17b8f, com.banking.dto.TransactionResponse@315406d5, c (truncated)...]
2025-07-01 12:19:12 - Mapped to com.banking.controller.TransactionController#getStatistics()
2025-07-01 12:19:12 - Using 'application/json', given [*/*] and supported [application/json, application/*+json]
2025-07-01 12:19:12 - Writing [{data=[com.banking.dto.TransactionResponse@3297ad9e, com.banking.dto.TransactionResponse@5f404a2c, c (truncated)...]
2025-07-01 12:19:12 - Using 'application/json', given [*/*] and supported [application/json, application/*+json]
2025-07-01 12:19:12 - Writing [{data=[com.banking.dto.TransactionResponse@12db7d92, com.banking.dto.TransactionResponse@58075317, c (truncated)...]
2025-07-01 12:19:12 - Using 'application/json', given [*/*] and supported [application/json, application/*+json]
2025-07-01 12:19:12 - Writing [{data=[com.banking.dto.TransactionResponse@7a425905, com.banking.dto.TransactionResponse@1ceae87f, c (truncated)...]
2025-07-01 12:19:12 - Using 'application/json', given [*/*] and supported [application/json, application/*+json]
2025-07-01 12:19:12 - Writing [{data=[com.banking.dto.TransactionResponse@37250976, com.banking.dto.TransactionResponse@7d5856a3, c (truncated)...]
2025-07-01 12:19:12 - Using 'application/json', given [*/*] and supported [application/json, application/*+json]
2025-07-01 12:19:12 - Writing [{data=[com.banking.dto.TransactionResponse@368d12d1, com.banking.dto.TransactionResponse@1b36bc01, c (truncated)...]
2025-07-01 12:19:12 - Using 'application/json', given [*/*] and supported [application/json, application/*+json]
2025-07-01 12:19:12 - Writing [{data=[com.banking.dto.TransactionResponse@d6271c, com.banking.dto.TransactionResponse@1b606144, com (truncated)...]
2025-07-01 12:19:13 - Mapped to com.banking.controller.TransactionController#getSecurityStatistics(String, String)
2025-07-01 12:19:13 - Using 'application/json', given [*/*] and supported [application/json, application/*+json]
2025-07-01 12:19:13 - Writing [{data=[com.banking.dto.TransactionResponse@649104b0, com.banking.dto.TransactionResponse@795e08aa, c (truncated)...]
2025-07-01 12:19:13 - Mapped to com.banking.controller.TransactionController#getSecurityStatistics(String, String)
2025-07-01 12:19:13 - Mapped to com.banking.controller.TransactionController#getSecurityStatistics(String, String)
2025-07-01 12:19:13 - Using 'application/json', given [*/*] and supported [application/json, application/*+json]
2025-07-01 12:19:13 - Using 'application/json', given [*/*] and supported [application/json, application/*+json]
2025-07-01 12:19:13 - Writing [{pagination={totalPages=112, size=10, total=1118, page=0}, data=[com.banking.dto.TransactionResponse (truncated)...]
2025-07-01 12:19:13 - Writing [{pagination={totalPages=112, size=10, total=1118, page=0}, data=[com.banking.dto.TransactionResponse (truncated)...]
2025-07-01 12:19:13 - Mapped to com.banking.controller.TransactionController#getSecurityStatistics(String, String)
2025-07-01 12:19:13 - Using 'application/json', given [*/*] and supported [application/json, application/*+json]
2025-07-01 12:19:13 - Writing [{pagination={totalPages=112, size=10, total=1118, page=0}, data=[com.banking.dto.TransactionResponse (truncated)...]
2025-07-01 12:19:13 - Mapped to com.banking.controller.TransactionController#getStatistics()
2025-07-01 12:19:13 - Using 'application/json', given [*/*] and supported [application/json, application/*+json]
2025-07-01 12:19:13 - Mapped to com.banking.controller.TransactionController#getStatistics()
2025-07-01 12:19:13 - Writing [{data={totalTransactions=1118, transactionTypes=[Lcom.banking.model.TransactionType;@54db488f}, succ (truncated)...]
2025-07-01 12:19:13 - Mapped to com.banking.controller.TransactionController#getTransactionsByType(TransactionType)
2025-07-01 12:19:13 - Using 'application/json', given [*/*] and supported [application/json, application/*+json]
2025-07-01 12:19:13 - Using 'application/json', given [*/*] and supported [application/json, application/*+json]
2025-07-01 12:19:13 - Writing [{data={totalTransactions=1118, transactionTypes=[Lcom.banking.model.TransactionType;@33c9e5d6}, succ (truncated)...]
2025-07-01 12:19:13 - Writing [{data={totalTransactions=1118, transactionTypes=[Lcom.banking.model.TransactionType;@65b6db83}, succ (truncated)...]
2025-07-01 12:19:13 - Mapped to com.banking.controller.TransactionController#getSecurityStatistics(String, String)
2025-07-01 12:19:13 - Mapped to com.banking.controller.TransactionController#getTransactionsByType(TransactionType)
2025-07-01 12:19:13 - Mapped to com.banking.controller.TransactionController#getTransactionsByType(TransactionType)
2025-07-01 12:19:13 - Using 'application/json', given [*/*] and supported [application/json, application/*+json]
2025-07-01 12:19:13 - Writing [{pagination={totalPages=112, size=10, total=1118, page=0}, data=[com.banking.dto.TransactionResponse (truncated)...]
2025-07-01 12:19:13 - Mapped to com.banking.controller.TransactionController#getStatistics()
2025-07-01 12:19:13 - Using 'application/json', given [*/*] and supported [application/json, application/*+json]
2025-07-01 12:19:13 - Writing [{pagination={totalPages=112, size=10, total=1118, page=0}, data=[com.banking.dto.TransactionResponse (truncated)...]
2025-07-01 12:19:13 - Using 'application/json', given [*/*] and supported [application/json, application/*+json]
2025-07-01 12:19:13 - Writing [{pagination={totalPages=112, size=10, total=1118, page=0}, data=[com.banking.dto.TransactionResponse (truncated)...]
2025-07-01 12:19:13 - Mapped to com.banking.controller.TransactionController#getSecurityStatistics(String, String)
2025-07-01 12:19:13 - Mapped to com.banking.controller.TransactionController#getStatistics()
2025-07-01 12:19:13 - Using 'application/json', given [*/*] and supported [application/json, application/*+json]
2025-07-01 12:19:13 - Using 'application/json', given [*/*] and supported [application/json, application/*+json]
2025-07-01 12:19:13 - Writing [{data={totalTransactions=1118, transactionTypes=[Lcom.banking.model.TransactionType;@19ad9f52}, succ (truncated)...]
2025-07-01 12:19:13 - Writing [{data={totalTransactions=1118, transactionTypes=[Lcom.banking.model.TransactionType;@6653ebf3}, succ (truncated)...]
2025-07-01 12:19:13 - Mapped to com.banking.controller.TransactionController#getSecurityStatistics(String, String)
2025-07-01 12:19:13 - Mapped to com.banking.controller.TransactionController#getTransactionsByType(TransactionType)
2025-07-01 12:19:13 - Mapped to com.banking.controller.TransactionController#getTransactionsByType(TransactionType)
2025-07-01 12:19:13 - Using 'application/json', given [*/*] and supported [application/json, application/*+json]
2025-07-01 12:19:13 - Using 'application/json', given [*/*] and supported [application/json, application/*+json]
2025-07-01 12:19:13 - Writing [{data={totalTransactions=1118, transactionTypes=[Lcom.banking.model.TransactionType;@7de3258d}, succ (truncated)...]
2025-07-01 12:19:13 - Mapped to com.banking.controller.TransactionController#getStatistics()
2025-07-01 12:19:13 - Writing [{data={totalTransactions=1118, transactionTypes=[Lcom.banking.model.TransactionType;@3f65a152}, succ (truncated)...]
2025-07-01 12:19:13 - Using 'application/json', given [*/*] and supported [application/json, application/*+json]
2025-07-01 12:19:13 - Writing [{data={totalTransactions=1118, transactionTypes=[Lcom.banking.model.TransactionType;@7f75a6f5}, succ (truncated)...]
2025-07-01 12:19:13 - Mapped to com.banking.controller.TransactionController#getStatistics()
2025-07-01 12:19:13 - Using 'application/json', given [*/*] and supported [application/json, application/*+json]
2025-07-01 12:19:13 - Writing [{pagination={totalPages=112, size=10, total=1118, page=0}, data=[com.banking.dto.TransactionResponse (truncated)...]
2025-07-01 12:19:13 - Mapped to com.banking.controller.TransactionController#getTransactionsByType(TransactionType)
2025-07-01 12:19:13 - Mapped to com.banking.controller.TransactionController#getSecurityStatistics(String, String)
2025-07-01 12:19:13 - Mapped to com.banking.controller.TransactionController#getTransactionsByType(TransactionType)
2025-07-01 12:19:13 - Using 'application/json', given [*/*] and supported [application/json, application/*+json]
2025-07-01 12:19:13 - Mapped to com.banking.controller.TransactionController#getTransactionsByType(TransactionType)
2025-07-01 12:19:13 - Writing [{data={totalTransactions=1118, transactionTypes=[Lcom.banking.model.TransactionType;@1611df83}, succ (truncated)...]
2025-07-01 12:19:13 - Using 'application/json', given [*/*] and supported [application/json, application/*+json]
2025-07-01 12:19:13 - Writing [{data={totalTransactions=1118, transactionTypes=[Lcom.banking.model.TransactionType;@4a1b5b5c}, succ (truncated)...]
2025-07-01 12:19:13 - Mapped to com.banking.controller.TransactionController#getTransactionsByType(TransactionType)
2025-07-01 12:19:13 - Mapped to com.banking.controller.TransactionController#getTransactionsByType(TransactionType)
2025-07-01 12:19:13 - Using 'application/json', given [*/*] and supported [application/json, application/*+json]
2025-07-01 12:19:13 - Using 'application/json', given [*/*] and supported [application/json, application/*+json]
2025-07-01 12:19:13 - Writing [{data={totalTransactions=1118, transactionTypes=[Lcom.banking.model.TransactionType;@5275317b}, succ (truncated)...]
2025-07-01 12:19:13 - Writing [{data={totalTransactions=1118, transactionTypes=[Lcom.banking.model.TransactionType;@23a7c28}, succe (truncated)...]
2025-07-01 12:19:13 - Using 'application/json', given [*/*] and supported [application/json, application/*+json]
2025-07-01 12:19:13 - Writing [{pagination={totalPages=112, size=10, total=1118, page=0}, data=[com.banking.dto.TransactionResponse (truncated)...]
2025-07-01 12:19:13 - Mapped to com.banking.controller.TransactionController#getStatistics()
2025-07-01 12:19:13 - Mapped to com.banking.controller.TransactionController#getTransactionsByType(TransactionType)
2025-07-01 12:19:13 - Mapped to com.banking.controller.TransactionController#getTransactionsByType(TransactionType)
2025-07-01 12:19:13 - Using 'application/json', given [*/*] and supported [application/json, application/*+json]
2025-07-01 12:19:13 - Using 'application/json', given [*/*] and supported [application/json, application/*+json]
2025-07-01 12:19:13 - Writing [{data={totalTransactions=1118, transactionTypes=[Lcom.banking.model.TransactionType;@7810a88c}, succ (truncated)...]
2025-07-01 12:19:13 - Writing [{data={totalTransactions=1118, transactionTypes=[Lcom.banking.model.TransactionType;@14668cbd}, succ (truncated)...]
2025-07-01 12:19:13 - Mapped to com.banking.controller.TransactionController#getTransactionsByType(TransactionType)
2025-07-01 12:19:13 - Mapped to com.banking.controller.TransactionController#getTransactionsByType(TransactionType)
2025-07-01 12:19:13 - Mapped to com.banking.controller.TransactionController#getStatistics()
2025-07-01 12:19:13 - Mapped to com.banking.controller.TransactionController#getSecurityStatistics(String, String)
2025-07-01 12:19:13 - Using 'application/json', given [*/*] and supported [application/json, application/*+json]
2025-07-01 12:19:13 - Writing [{pagination={totalPages=112, size=10, total=1118, page=0}, data=[com.banking.dto.TransactionResponse (truncated)...]
2025-07-01 12:19:13 - Using 'application/json', given [*/*] and supported [application/json, application/*+json]
2025-07-01 12:19:13 - Using 'application/json', given [*/*] and supported [application/json, application/*+json]
2025-07-01 12:19:13 - Writing [{pagination={totalPages=112, size=10, total=1118, page=0}, data=[com.banking.dto.TransactionResponse (truncated)...]
2025-07-01 12:19:13 - Writing [{pagination={totalPages=112, size=10, total=1118, page=0}, data=[com.banking.dto.TransactionResponse (truncated)...]
2025-07-01 12:19:13 - Mapped to com.banking.controller.TransactionController#getSecurityStatistics(String, String)
2025-07-01 12:19:13 - Mapped to com.banking.controller.TransactionController#getStatistics()
2025-07-01 12:19:13 - Mapped to com.banking.controller.TransactionController#getStatistics()
2025-07-01 12:19:13 - Mapped to com.banking.controller.TransactionController#getStatistics()
2025-07-01 12:19:13 - Using 'application/json', given [*/*] and supported [application/json, application/*+json]
2025-07-01 12:19:13 - Writing [{pagination={totalPages=112, size=10, total=1118, page=0}, data=[com.banking.dto.TransactionResponse (truncated)...]
2025-07-01 12:19:13 - Using 'application/json', given [*/*] and supported [application/json, application/*+json]
2025-07-01 12:19:13 - Writing [{pagination={totalPages=112, size=10, total=1118, page=0}, data=[com.banking.dto.TransactionResponse (truncated)...]
2025-07-01 12:19:13 - Mapped to com.banking.controller.TransactionController#getStatistics()
2025-07-01 12:19:13 - Using 'application/json', given [*/*] and supported [application/json, application/*+json]
2025-07-01 12:19:13 - Writing [{data={totalTransactions=1118, transactionTypes=[Lcom.banking.model.TransactionType;@57e04e22}, succ (truncated)...]
2025-07-01 12:19:13 - Mapped to com.banking.controller.TransactionController#getStatistics()
2025-07-01 12:19:13 - Mapped to com.banking.controller.TransactionController#getTransactionsByType(TransactionType)
2025-07-01 12:19:13 - Using 'application/json', given [*/*] and supported [application/json, application/*+json]
2025-07-01 12:19:13 - Writing [{data={totalTransactions=1118, transactionTypes=[Lcom.banking.model.TransactionType;@72cfb671}, succ (truncated)...]
2025-07-01 12:19:13 - Using 'application/json', given [*/*] and supported [application/json, application/*+json]
2025-07-01 12:19:13 - Mapped to com.banking.controller.TransactionController#getTransactionsByType(TransactionType)
2025-07-01 12:19:13 - Writing [{data={totalTransactions=1118, transactionTypes=[Lcom.banking.model.TransactionType;@79e19480}, succ (truncated)...]
2025-07-01 12:19:13 - Mapped to com.banking.controller.TransactionController#getTransactionsByType(TransactionType)
2025-07-01 12:19:13 - Mapped to com.banking.controller.TransactionController#getSecurityStatistics(String, String)
2025-07-01 12:19:13 - Using 'application/json', given [*/*] and supported [application/json, application/*+json]
2025-07-01 12:19:13 - Writing [{pagination={totalPages=112, size=10, total=1118, page=0}, data=[com.banking.dto.TransactionResponse (truncated)...]
2025-07-01 12:19:13 - Mapped to com.banking.controller.TransactionController#getStatistics()
2025-07-01 12:19:13 - Using 'application/json', given [*/*] and supported [application/json, application/*+json]
2025-07-01 12:19:13 - Writing [{data=[com.banking.dto.TransactionResponse@249d3f99, com.banking.dto.TransactionResponse@1f602d3b, c (truncated)...]
2025-07-01 12:19:13 - Using 'application/json', given [*/*] and supported [application/json, application/*+json]
2025-07-01 12:19:13 - Writing [{data=[com.banking.dto.TransactionResponse@425c2671, com.banking.dto.TransactionResponse@34538060, c (truncated)...]
2025-07-01 12:19:13 - Using 'application/json', given [*/*] and supported [application/json, application/*+json]
2025-07-01 12:19:13 - Using 'application/json', given [*/*] and supported [application/json, application/*+json]
2025-07-01 12:19:13 - Writing [{data=[com.banking.dto.TransactionResponse@7c3263ee, com.banking.dto.TransactionResponse@16d656b0, c (truncated)...]
2025-07-01 12:19:13 - Writing [{data=[com.banking.dto.TransactionResponse@401f2af1, com.banking.dto.TransactionResponse@7991322, co (truncated)...]
2025-07-01 12:19:13 - Using 'application/json', given [*/*] and supported [application/json, application/*+json]
2025-07-01 12:19:13 - Writing [{data=[com.banking.dto.TransactionResponse@7581dd92, com.banking.dto.TransactionResponse@6fbb2daf, c (truncated)...]
2025-07-01 12:19:13 - Using 'application/json', given [*/*] and supported [application/json, application/*+json]
2025-07-01 12:19:13 - Writing [{pagination={totalPages=112, size=10, total=1118, page=0}, data=[com.banking.dto.TransactionResponse (truncated)...]
2025-07-01 12:19:13 - Using 'application/json', given [*/*] and supported [application/json, application/*+json]
2025-07-01 12:19:13 - Writing [{pagination={totalPages=112, size=10, total=1118, page=0}, data=[com.banking.dto.TransactionResponse (truncated)...]
2025-07-01 12:19:13 - Using 'application/json', given [*/*] and supported [application/json, application/*+json]
2025-07-01 12:19:13 - Writing [{data=[com.banking.dto.TransactionResponse@5024a965, com.banking.dto.TransactionResponse@7c0e88de, c (truncated)...]
2025-07-01 12:19:13 - Mapped to com.banking.controller.TransactionController#getStatistics()
2025-07-01 12:19:13 - Mapped to com.banking.controller.TransactionController#getStatistics()
2025-07-01 12:19:13 - Using 'application/json', given [*/*] and supported [application/json, application/*+json]
2025-07-01 12:19:13 - Writing [{data={totalTransactions=1118, transactionTypes=[Lcom.banking.model.TransactionType;@69985dc4}, succ (truncated)...]
2025-07-01 12:19:13 - Mapped to com.banking.controller.TransactionController#getTransactionsByType(TransactionType)
2025-07-01 12:19:13 - Using 'application/json', given [*/*] and supported [application/json, application/*+json]
2025-07-01 12:19:13 - Writing [{pagination={totalPages=112, size=10, total=1118, page=0}, data=[com.banking.dto.TransactionResponse (truncated)...]
2025-07-01 12:19:13 - Using 'application/json', given [*/*] and supported [application/json, application/*+json]
2025-07-01 12:19:13 - Writing [{data=[com.banking.dto.TransactionResponse@311c1cfd, com.banking.dto.TransactionResponse@3463f7f7, c (truncated)...]
2025-07-01 12:19:13 - Using 'application/json', given [*/*] and supported [application/json, application/*+json]
2025-07-01 12:19:13 - Writing [{pagination={totalPages=112, size=10, total=1118, page=0}, data=[com.banking.dto.TransactionResponse (truncated)...]
2025-07-01 12:19:13 - Mapped to com.banking.controller.TransactionController#getStatistics()
2025-07-01 12:19:13 - Mapped to com.banking.controller.TransactionController#getStatistics()
2025-07-01 12:19:13 - Using 'application/json', given [*/*] and supported [application/json, application/*+json]
2025-07-01 12:19:13 - Writing [{data={totalTransactions=1118, transactionTypes=[Lcom.banking.model.TransactionType;@6658a4df}, succ (truncated)...]
2025-07-01 12:19:13 - Mapped to com.banking.controller.TransactionController#getTransactionsByType(TransactionType)
2025-07-01 12:19:13 - Using 'application/json', given [*/*] and supported [application/json, application/*+json]
2025-07-01 12:19:13 - Writing [{data={totalTransactions=1118, transactionTypes=[Lcom.banking.model.TransactionType;@7302ed6d}, succ (truncated)...]
2025-07-01 12:19:13 - Mapped to com.banking.controller.TransactionController#getTransactionsByType(TransactionType)
2025-07-01 12:19:13 - Using 'application/json', given [*/*] and supported [application/json, application/*+json]
2025-07-01 12:19:13 - Writing [{data={totalTransactions=1118, transactionTypes=[Lcom.banking.model.TransactionType;@6950cf77}, succ (truncated)...]
2025-07-01 12:19:13 - Mapped to com.banking.controller.TransactionController#getTransactionsByType(TransactionType)
2025-07-01 12:19:13 - Using 'application/json', given [*/*] and supported [application/json, application/*+json]
2025-07-01 12:19:13 - Writing [{data={totalTransactions=1118, transactionTypes=[Lcom.banking.model.TransactionType;@3002517d}, succ (truncated)...]
2025-07-01 12:19:13 - Mapped to com.banking.controller.TransactionController#getTransactionsByType(TransactionType)
2025-07-01 12:19:13 - Using 'application/json', given [*/*] and supported [application/json, application/*+json]
2025-07-01 12:19:13 - Writing [{data=[com.banking.dto.TransactionResponse@1214d923, com.banking.dto.TransactionResponse@3a957bd6, c (truncated)...]
2025-07-01 12:19:13 - Using 'application/json', given [*/*] and supported [application/json, application/*+json]
2025-07-01 12:19:13 - Writing [{pagination={totalPages=112, size=10, total=1118, page=0}, data=[com.banking.dto.TransactionResponse (truncated)...]
2025-07-01 12:19:13 - Mapped to com.banking.controller.TransactionController#getStatistics()
2025-07-01 12:19:13 - Using 'application/json', given [*/*] and supported [application/json, application/*+json]
2025-07-01 12:19:13 - Using 'application/json', given [*/*] and supported [application/json, application/*+json]
2025-07-01 12:19:13 - Writing [{data={totalTransactions=1118, transactionTypes=[Lcom.banking.model.TransactionType;@39ff7526}, succ (truncated)...]
2025-07-01 12:19:13 - Writing [{data=[com.banking.dto.TransactionResponse@56ed3e04, com.banking.dto.TransactionResponse@4ef4d6e5, c (truncated)...]
2025-07-01 12:19:13 - Mapped to com.banking.controller.TransactionController#getTransactionsByType(TransactionType)
2025-07-01 12:19:13 - Using 'application/json', given [*/*] and supported [application/json, application/*+json]
2025-07-01 12:19:13 - Writing [{pagination={totalPages=112, size=10, total=1118, page=0}, data=[com.banking.dto.TransactionResponse (truncated)...]
2025-07-01 12:19:13 - Mapped to com.banking.controller.TransactionController#getStatistics()
2025-07-01 12:19:13 - Using 'application/json', given [*/*] and supported [application/json, application/*+json]
2025-07-01 12:19:13 - Writing [{data=[com.banking.dto.TransactionResponse@2528ea2c, com.banking.dto.TransactionResponse@237b226e, c (truncated)...]
2025-07-01 12:19:13 - Mapped to com.banking.controller.TransactionController#getSecurityStatistics(String, String)
2025-07-01 12:19:13 - Using 'application/json', given [*/*] and supported [application/json, application/*+json]
2025-07-01 12:19:13 - Writing [{data=[com.banking.dto.TransactionResponse@8d41e53, com.banking.dto.TransactionResponse@7ac41762, co (truncated)...]
2025-07-01 12:19:13 - Mapped to com.banking.controller.TransactionController#getSecurityStatistics(String, String)
2025-07-01 12:19:13 - Using 'application/json', given [*/*] and supported [application/json, application/*+json]
2025-07-01 12:19:13 - Writing [{pagination={totalPages=112, size=10, total=1118, page=0}, data=[com.banking.dto.TransactionResponse (truncated)...]
2025-07-01 12:19:13 - Mapped to com.banking.controller.TransactionController#getSecurityStatistics(String, String)
2025-07-01 12:19:13 - Mapped to com.banking.controller.TransactionController#getSecurityStatistics(String, String)
2025-07-01 12:19:13 - Using 'application/json', given [*/*] and supported [application/json, application/*+json]
2025-07-01 12:19:13 - Writing [{pagination={totalPages=112, size=10, total=1118, page=0}, data=[com.banking.dto.TransactionResponse (truncated)...]
2025-07-01 12:19:13 - Using 'application/json', given [*/*] and supported [application/json, application/*+json]
2025-07-01 12:19:13 - Writing [{pagination={totalPages=112, size=10, total=1118, page=0}, data=[com.banking.dto.TransactionResponse (truncated)...]
2025-07-01 12:19:13 - Using 'application/json', given [*/*] and supported [application/json, application/*+json]
2025-07-01 12:19:13 - Mapped to com.banking.controller.TransactionController#getStatistics()
2025-07-01 12:19:13 - Writing [{data={totalTransactions=1118, transactionTypes=[Lcom.banking.model.TransactionType;@16a163be}, succ (truncated)...]
2025-07-01 12:19:13 - Mapped to com.banking.controller.TransactionController#getTransactionsByType(TransactionType)
2025-07-01 12:19:13 - Mapped to com.banking.controller.TransactionController#getStatistics()
2025-07-01 12:19:13 - Mapped to com.banking.controller.TransactionController#getStatistics()
2025-07-01 12:19:13 - Using 'application/json', given [*/*] and supported [application/json, application/*+json]
2025-07-01 12:19:13 - Writing [{data={totalTransactions=1118, transactionTypes=[Lcom.banking.model.TransactionType;@44c9964d}, succ (truncated)...]
2025-07-01 12:19:13 - Using 'application/json', given [*/*] and supported [application/json, application/*+json]
2025-07-01 12:19:13 - Writing [{data=com.banking.dto.TransactionResponse@7f23da00, success=true, message=交易创建成功}]
2025-07-01 12:19:13 - Mapped to com.banking.controller.TransactionController#getTransactionsByType(TransactionType)
2025-07-01 12:19:13 - Using 'application/json', given [*/*] and supported [application/json, application/*+json]
2025-07-01 12:19:13 - Writing [{data={totalTransactions=1119, transactionTypes=[Lcom.banking.model.TransactionType;@770cbbcc}, succ (truncated)...]
2025-07-01 12:19:13 - Mapped to com.banking.controller.TransactionController#getTransactions(int, int)
2025-07-01 12:19:13 - Using 'application/json', given [*/*] and supported [application/json, application/*+json]
2025-07-01 12:19:13 - Using 'application/json', given [*/*] and supported [application/json, application/*+json]
2025-07-01 12:19:13 - Writing [{data={totalTransactions=1119, transactionTypes=[Lcom.banking.model.TransactionType;@550204ae}, succ (truncated)...]
2025-07-01 12:19:13 - Writing [{data={totalTransactions=1119, transactionTypes=[Lcom.banking.model.TransactionType;@3bf92d04}, succ (truncated)...]
2025-07-01 12:19:13 - Mapped to com.banking.controller.TransactionController#getTransactionsByType(TransactionType)
2025-07-01 12:19:13 - Using 'application/json', given [*/*] and supported [application/json, application/*+json]
2025-07-01 12:19:13 - Writing [{pagination={totalPages=112, size=10, total=1118, page=0}, data=[com.banking.dto.TransactionResponse (truncated)...]
2025-07-01 12:19:13 - Mapped to com.banking.controller.TransactionController#getTransactionsByType(TransactionType)
2025-07-01 12:19:13 - Using 'application/json', given [*/*] and supported [application/json, application/*+json]
2025-07-01 12:19:13 - Using 'application/json', given [*/*] and supported [application/json, application/*+json]
2025-07-01 12:19:13 - Mapped to com.banking.controller.TransactionController#getTransactionsByType(TransactionType)
2025-07-01 12:19:13 - Writing [{data={totalTransactions=1119, transactionTypes=[Lcom.banking.model.TransactionType;@7aea8e48}, succ (truncated)...]
2025-07-01 12:19:13 - Writing [{data={totalTransactions=1119, transactionTypes=[Lcom.banking.model.TransactionType;@72c332e6}, succ (truncated)...]
2025-07-01 12:19:13 - Mapped to com.banking.controller.TransactionController#getSecurityStatistics(String, String)
2025-07-01 12:19:13 - Mapped to com.banking.controller.TransactionController#getTransactionsByType(TransactionType)
2025-07-01 12:19:13 - Mapped to com.banking.controller.TransactionController#getTransactionsByType(TransactionType)
2025-07-01 12:19:13 - Mapped to com.banking.controller.TransactionController#getStatistics()
2025-07-01 12:19:13 - Using 'application/json', given [*/*] and supported [application/json, application/*+json]
2025-07-01 12:19:13 - Writing [{data={totalTransactions=1119, transactionTypes=[Lcom.banking.model.TransactionType;@28c360ad}, succ (truncated)...]
2025-07-01 12:19:13 - Mapped to com.banking.controller.TransactionController#getSecurityStatistics(String, String)
2025-07-01 12:19:13 - Mapped to com.banking.controller.TransactionController#getTransactionsByType(TransactionType)
2025-07-01 12:19:13 - Using 'application/json', given [*/*] and supported [application/json, application/*+json]
2025-07-01 12:19:13 - Writing [{data={totalTransactions=1119, transactionTypes=[Lcom.banking.model.TransactionType;@128103f3}, succ (truncated)...]
2025-07-01 12:19:13 - Mapped to com.banking.controller.TransactionController#getTransactionsByType(TransactionType)
2025-07-01 12:19:13 - Using 'application/json', given [*/*] and supported [application/json, application/*+json]
2025-07-01 12:19:13 - Writing [{data={totalTransactions=1119, transactionTypes=[Lcom.banking.model.TransactionType;@38e72ead}, succ (truncated)...]
2025-07-01 12:19:13 - Mapped to com.banking.controller.TransactionController#getSecurityStatistics(String, String)
2025-07-01 12:19:13 - Using 'application/json', given [*/*] and supported [application/json, application/*+json]
2025-07-01 12:19:13 - Using 'application/json', given [*/*] and supported [application/json, application/*+json]
2025-07-01 12:19:13 - Mapped to com.banking.controller.TransactionController#getTransactionsByType(TransactionType)
2025-07-01 12:19:13 - Writing [{pagination={totalPages=112, size=10, total=1119, page=0}, data=[com.banking.dto.TransactionResponse (truncated)...]
2025-07-01 12:19:13 - Writing [{pagination={totalPages=112, size=10, total=1119, page=0}, data=[com.banking.dto.TransactionResponse (truncated)...]
2025-07-01 12:19:13 - Using 'application/json', given [*/*] and supported [application/json, application/*+json]
2025-07-01 12:19:13 - Writing [{pagination={totalPages=112, size=10, total=1119, page=0}, data=[com.banking.dto.TransactionResponse (truncated)...]
2025-07-01 12:19:13 - Mapped to com.banking.controller.TransactionController#getStatistics()
2025-07-01 12:19:13 - Mapped to com.banking.controller.TransactionController#getStatistics()
2025-07-01 12:19:13 - Mapped to com.banking.controller.TransactionController#getStatistics()
2025-07-01 12:19:13 - Using 'application/json', given [*/*] and supported [application/json, application/*+json]
2025-07-01 12:19:13 - Using 'application/json', given [*/*] and supported [application/json, application/*+json]
2025-07-01 12:19:13 - Writing [{data=com.banking.dto.TransactionResponse@7343ae8d, success=true, message=交易创建成功}]
2025-07-01 12:19:13 - Writing [{data={totalTransactions=1119, transactionTypes=[Lcom.banking.model.TransactionType;@7004dc1c}, succ (truncated)...]
2025-07-01 12:19:13 - Mapped to com.banking.controller.TransactionController#getTransactions(int, int)
2025-07-01 12:19:13 - Mapped to com.banking.controller.TransactionController#getTransactionsByType(TransactionType)
2025-07-01 12:19:13 - Using 'application/json', given [*/*] and supported [application/json, application/*+json]
2025-07-01 12:19:13 - Writing [{data={totalTransactions=1120, transactionTypes=[Lcom.banking.model.TransactionType;@147c2296}, succ (truncated)...]
2025-07-01 12:19:13 - Mapped to com.banking.controller.TransactionController#getTransactionsByType(TransactionType)
2025-07-01 12:19:13 - Using 'application/json', given [*/*] and supported [application/json, application/*+json]
2025-07-01 12:19:13 - Writing [{data={totalTransactions=1120, transactionTypes=[Lcom.banking.model.TransactionType;@4b76da45}, succ (truncated)...]
2025-07-01 12:19:13 - Using 'application/json', given [*/*] and supported [application/json, application/*+json]
2025-07-01 12:19:13 - Writing [{data={totalTransactions=1120, transactionTypes=[Lcom.banking.model.TransactionType;@5fc777e1}, succ (truncated)...]
2025-07-01 12:19:13 - Mapped to com.banking.controller.TransactionController#getSecurityStatistics(String, String)
2025-07-01 12:19:13 - Mapped to com.banking.controller.TransactionController#getTransactionsByType(TransactionType)
2025-07-01 12:19:13 - Mapped to com.banking.controller.TransactionController#getTransactionsByType(TransactionType)
2025-07-01 12:19:13 - Using 'application/json', given [*/*] and supported [application/json, application/*+json]
2025-07-01 12:19:13 - Writing [{data={totalTransactions=1120, transactionTypes=[Lcom.banking.model.TransactionType;@2f03b2c2}, succ (truncated)...]
2025-07-01 12:19:13 - Mapped to com.banking.controller.TransactionController#getSecurityStatistics(String, String)
2025-07-01 12:19:13 - Mapped to com.banking.controller.TransactionController#getTransactionsByType(TransactionType)
2025-07-01 12:19:13 - Using 'application/json', given [*/*] and supported [application/json, application/*+json]
2025-07-01 12:19:13 - Using 'application/json', given [*/*] and supported [application/json, application/*+json]
2025-07-01 12:19:13 - Writing [{data={totalTransactions=1120, transactionTypes=[Lcom.banking.model.TransactionType;@521e0635}, succ (truncated)...]
2025-07-01 12:19:13 - Writing [{data=[com.banking.dto.TransactionResponse@304da1cf, com.banking.dto.TransactionResponse@7b1c6706, c (truncated)...]
2025-07-01 12:19:13 - Mapped to com.banking.controller.TransactionController#getTransactionsByType(TransactionType)
2025-07-01 12:19:13 - Using 'application/json', given [*/*] and supported [application/json, application/*+json]
2025-07-01 12:19:13 - Writing [{data={totalTransactions=1120, transactionTypes=[Lcom.banking.model.TransactionType;@6885afe6}, succ (truncated)...]
2025-07-01 12:19:13 - Mapped to com.banking.controller.TransactionController#getSecurityStatistics(String, String)
2025-07-01 12:19:13 - Mapped to com.banking.controller.TransactionController#getTransactionsByType(TransactionType)
2025-07-01 12:19:13 - Using 'application/json', given [*/*] and supported [application/json, application/*+json]
2025-07-01 12:19:13 - Writing [{data={totalTransactions=1120, transactionTypes=[Lcom.banking.model.TransactionType;@384e10d8}, succ (truncated)...]
2025-07-01 12:19:13 - Using 'application/json', given [*/*] and supported [application/json, application/*+json]
2025-07-01 12:19:13 - Mapped to com.banking.controller.TransactionController#getTransactionsByType(TransactionType)
2025-07-01 12:19:13 - Writing [{data=[com.banking.dto.TransactionResponse@12c63716, com.banking.dto.TransactionResponse@4f4a7b78, c (truncated)...]
2025-07-01 12:19:13 - Using 'application/json', given [*/*] and supported [application/json, application/*+json]
2025-07-01 12:19:13 - Writing [{data=[com.banking.dto.TransactionResponse@4012e372, com.banking.dto.TransactionResponse@60b06202, c (truncated)...]
2025-07-01 12:19:13 - Using 'application/json', given [*/*] and supported [application/json, application/*+json]
2025-07-01 12:19:13 - Writing [{data=[com.banking.dto.TransactionResponse@219df05c, com.banking.dto.TransactionResponse@5172f4d9, c (truncated)...]
2025-07-01 12:19:13 - Using 'application/json', given [*/*] and supported [application/json, application/*+json]
2025-07-01 12:19:13 - Writing [{data=[com.banking.dto.TransactionResponse@61925336, com.banking.dto.TransactionResponse@268d9816, c (truncated)...]
2025-07-01 12:19:13 - Using 'application/json', given [*/*] and supported [application/json, application/*+json]
2025-07-01 12:19:13 - Writing [{data=[com.banking.dto.TransactionResponse@79d0b15b, com.banking.dto.TransactionResponse@1d6ee668, c (truncated)...]
2025-07-01 12:19:13 - Using 'application/json', given [*/*] and supported [application/json, application/*+json]
2025-07-01 12:19:13 - Writing [{data=[com.banking.dto.TransactionResponse@6ac9c405, com.banking.dto.TransactionResponse@208363b3, c (truncated)...]
2025-07-01 12:19:13 - Using 'application/json', given [*/*] and supported [application/json, application/*+json]
2025-07-01 12:19:13 - Writing [{data=[com.banking.dto.TransactionResponse@784b75ca, com.banking.dto.TransactionResponse@27e4710c, c (truncated)...]
2025-07-01 12:19:13 - Using 'application/json', given [*/*] and supported [application/json, application/*+json]
2025-07-01 12:19:13 - Writing [{data={transDate=2025-07-01, securityCode=000001, buyStatistics={transactionCount=1, totalUnits=100, (truncated)...]
2025-07-01 12:19:13 - Mapped to com.banking.controller.TransactionController#getTransactionsByAccount(String)
2025-07-01 12:19:13 - Using 'application/json', given [*/*] and supported [application/json, application/*+json]
2025-07-01 12:19:13 - Writing [{data={transDate=2025-07-01, securityCode=000001, buyStatistics={transactionCount=1, totalUnits=100, (truncated)...]
2025-07-01 12:19:13 - Mapped to com.banking.controller.TransactionController#getTransactionsByAccount(String)
2025-07-01 12:19:13 - Using 'application/json', given [*/*] and supported [application/json, application/*+json]
2025-07-01 12:19:13 - Writing [{data={transDate=2025-07-01, securityCode=000001, buyStatistics={transactionCount=1, totalUnits=100, (truncated)...]
2025-07-01 12:19:13 - Mapped to com.banking.controller.TransactionController#getSecurityStatistics(String, String)
2025-07-01 12:19:13 - Using 'application/json', given [*/*] and supported [application/json, application/*+json]
2025-07-01 12:19:13 - Using 'application/json', given [*/*] and supported [application/json, application/*+json]
2025-07-01 12:19:13 - Writing [{data={totalTransactions=1120, transactionTypes=[Lcom.banking.model.TransactionType;@d428f01}, succe (truncated)...]
2025-07-01 12:19:13 - Writing [{data={transDate=2025-07-01, securityCode=000001, buyStatistics={transactionCount=1, totalUnits=100, (truncated)...]
2025-07-01 12:19:13 - Mapped to com.banking.controller.TransactionController#getTransactionsByType(TransactionType)
2025-07-01 12:19:13 - Mapped to com.banking.controller.TransactionController#getTransactionsByAccount(String)
2025-07-01 12:19:13 - Using 'application/json', given [*/*] and supported [application/json, application/*+json]
2025-07-01 12:19:13 - Writing [{data={totalTransactions=1120, transactionTypes=[Lcom.banking.model.TransactionType;@6fb09232}, succ (truncated)...]
2025-07-01 12:19:13 - Mapped to com.banking.controller.TransactionController#getTransactionsByAccount(String)
2025-07-01 12:19:13 - Mapped to com.banking.controller.TransactionController#getTransactionsByType(TransactionType)
2025-07-01 12:19:13 - Using 'application/json', given [*/*] and supported [application/json, application/*+json]
2025-07-01 12:19:13 - Writing [{data={transDate=2025-07-01, securityCode=000001, buyStatistics={transactionCount=1, totalUnits=100, (truncated)...]
2025-07-01 12:19:13 - Mapped to com.banking.controller.TransactionController#getTransactionsByAccount(String)
2025-07-01 12:19:13 - Using 'application/json', given [*/*] and supported [application/json, application/*+json]
2025-07-01 12:19:13 - Writing [{data={transDate=2025-07-01, securityCode=000001, buyStatistics={transactionCount=1, totalUnits=100, (truncated)...]
2025-07-01 12:19:13 - Using 'application/json', given [*/*] and supported [application/json, application/*+json]
2025-07-01 12:19:13 - Writing [{data={totalTransactions=1120, transactionTypes=[Lcom.banking.model.TransactionType;@52ac3bd6}, succ (truncated)...]
2025-07-01 12:19:13 - Mapped to com.banking.controller.TransactionController#getTransactionsByAccount(String)
2025-07-01 12:19:13 - Mapped to com.banking.controller.TransactionController#getTransactionsByType(TransactionType)
2025-07-01 12:19:13 - Using 'application/json', given [*/*] and supported [application/json, application/*+json]
2025-07-01 12:19:13 - Using 'application/json', given [*/*] and supported [application/json, application/*+json]
2025-07-01 12:19:13 - Writing [{data=[com.banking.dto.TransactionResponse@678a1a54, com.banking.dto.TransactionResponse@6eb06b76, c (truncated)...]
2025-07-01 12:19:13 - Writing [{data=[com.banking.dto.TransactionResponse@2b83e2f2, com.banking.dto.TransactionResponse@6bb93a66, c (truncated)...]
2025-07-01 12:19:13 - Mapped to com.banking.controller.TransactionController#getSecurityStatistics(String, String)
2025-07-01 12:19:13 - Using 'application/json', given [*/*] and supported [application/json, application/*+json]
2025-07-01 12:19:13 - Writing [{data={transDate=2025-07-01, securityCode=000001, buyStatistics={transactionCount=1, totalUnits=100, (truncated)...]
2025-07-01 12:19:13 - Mapped to com.banking.controller.TransactionController#getTransactionsByAccount(String)
2025-07-01 12:19:13 - Using 'application/json', given [*/*] and supported [application/json, application/*+json]
2025-07-01 12:19:13 - Writing [{data=[com.banking.dto.TransactionResponse@6574465f, com.banking.dto.TransactionResponse@38ebf804, c (truncated)...]
2025-07-01 12:19:13 - Mapped to com.banking.controller.TransactionController#getSecurityStatistics(String, String)
2025-07-01 12:19:13 - Using 'application/json', given [*/*] and supported [application/json, application/*+json]
2025-07-01 12:19:13 - Writing [{data={transDate=2025-07-01, securityCode=000001, buyStatistics={transactionCount=1, totalUnits=100, (truncated)...]
2025-07-01 12:19:13 - Mapped to com.banking.controller.TransactionController#getSecurityStatistics(String, String)
2025-07-01 12:19:13 - Mapped to com.banking.controller.TransactionController#getTransactionsByAccount(String)
2025-07-01 12:19:13 - Using 'application/json', given [*/*] and supported [application/json, application/*+json]
2025-07-01 12:19:13 - Writing [{data={transDate=2025-07-01, securityCode=000001, buyStatistics={transactionCount=1, totalUnits=100, (truncated)...]
2025-07-01 12:19:13 - Using 'application/json', given [*/*] and supported [application/json, application/*+json]
2025-07-01 12:19:13 - Writing [{data={totalTransactions=1120, transactionTypes=[Lcom.banking.model.TransactionType;@5efb0062}, succ (truncated)...]
2025-07-01 12:19:13 - Mapped to com.banking.controller.TransactionController#getTransactionsByAccount(String)
2025-07-01 12:19:13 - Mapped to com.banking.controller.TransactionController#getTransactionsByType(TransactionType)
2025-07-01 12:19:13 - Using 'application/json', given [*/*] and supported [application/json, application/*+json]
2025-07-01 12:19:13 - Writing [{data={totalTransactions=1120, transactionTypes=[Lcom.banking.model.TransactionType;@50da9d5e}, succ (truncated)...]
2025-07-01 12:19:13 - Mapped to com.banking.controller.TransactionController#getSecurityStatistics(String, String)
2025-07-01 12:19:13 - Mapped to com.banking.controller.TransactionController#getTransactionsByType(TransactionType)
2025-07-01 12:19:13 - Using 'application/json', given [*/*] and supported [application/json, application/*+json]
2025-07-01 12:19:13 - Writing [{data={transDate=2025-07-01, securityCode=000001, buyStatistics={transactionCount=1, totalUnits=100, (truncated)...]
2025-07-01 12:19:13 - Mapped to com.banking.controller.TransactionController#getTransactionsByAccount(String)
2025-07-01 12:19:13 - Mapped to com.banking.controller.TransactionController#getSecurityStatistics(String, String)
2025-07-01 12:19:13 - Using 'application/json', given [*/*] and supported [application/json, application/*+json]
2025-07-01 12:19:13 - Using 'application/json', given [*/*] and supported [application/json, application/*+json]
2025-07-01 12:19:13 - Writing [{data={transDate=2025-07-01, securityCode=000001, buyStatistics={transactionCount=1, totalUnits=100, (truncated)...]
2025-07-01 12:19:13 - Writing [{pagination={totalPages=112, size=10, total=1120, page=0}, data=[com.banking.dto.TransactionResponse (truncated)...]
2025-07-01 12:19:13 - Mapped to com.banking.controller.TransactionController#getTransactionsByAccount(String)
2025-07-01 12:19:13 - Mapped to com.banking.controller.TransactionController#getSecurityStatistics(String, String)
2025-07-01 12:19:13 - Using 'application/json', given [*/*] and supported [application/json, application/*+json]
2025-07-01 12:19:13 - Writing [{data={transDate=2025-07-01, securityCode=000001, buyStatistics={transactionCount=1, totalUnits=100, (truncated)...]
2025-07-01 12:19:13 - Mapped to com.banking.controller.TransactionController#getStatistics()
2025-07-01 12:19:13 - Mapped to com.banking.controller.TransactionController#getSecurityStatistics(String, String)
2025-07-01 12:19:13 - Mapped to com.banking.controller.TransactionController#getTransactionsByAccount(String)
2025-07-01 12:19:13 - Using 'application/json', given [*/*] and supported [application/json, application/*+json]
2025-07-01 12:19:13 - Writing [{data={transDate=2025-07-01, securityCode=000001, buyStatistics={transactionCount=1, totalUnits=100, (truncated)...]
2025-07-01 12:19:13 - Mapped to com.banking.controller.TransactionController#getSecurityStatistics(String, String)
2025-07-01 12:19:13 - Using 'application/json', given [*/*] and supported [application/json, application/*+json]
2025-07-01 12:19:13 - Mapped to com.banking.controller.TransactionController#getTransactionsByAccount(String)
2025-07-01 12:19:13 - Writing [{data={transDate=2025-07-01, securityCode=000001, buyStatistics={transactionCount=1, totalUnits=100, (truncated)...]
2025-07-01 12:19:13 - Using 'application/json', given [*/*] and supported [application/json, application/*+json]
2025-07-01 12:19:13 - Writing [{data={transDate=2025-07-01, securityCode=000001, buyStatistics={transactionCount=1, totalUnits=100, (truncated)...]
2025-07-01 12:19:13 - Mapped to com.banking.controller.TransactionController#getTransactionsByAccount(String)
2025-07-01 12:19:13 - Mapped to com.banking.controller.TransactionController#getTransactionsByAccount(String)
2025-07-01 12:19:13 - Using 'application/json', given [*/*] and supported [application/json, application/*+json]
2025-07-01 12:19:13 - Writing [{data=[com.banking.dto.TransactionResponse@7e7de461, com.banking.dto.TransactionResponse@5c2f6dd0, c (truncated)...]
2025-07-01 12:19:14 - Using 'application/json', given [*/*] and supported [application/json, application/*+json]
2025-07-01 12:19:14 - Using 'application/json', given [*/*] and supported [application/json, application/*+json]
2025-07-01 12:19:14 - Writing [{data={transDate=2025-07-01, securityCode=000001, buyStatistics={transactionCount=1, totalUnits=100, (truncated)...]
2025-07-01 12:19:14 - Writing [{data=[com.banking.dto.TransactionResponse@684f129b, com.banking.dto.TransactionResponse@1c6ab44c, c (truncated)...]
2025-07-01 12:19:14 - Using 'application/json', given [*/*] and supported [application/json, application/*+json]
2025-07-01 12:19:14 - Writing [{data=[com.banking.dto.TransactionResponse@66b51a0f, com.banking.dto.TransactionResponse@69230716, c (truncated)...]
2025-07-01 12:19:14 - Mapped to com.banking.controller.TransactionController#getTransactionsByAccount(String)
2025-07-01 12:19:14 - Using 'application/json', given [*/*] and supported [application/json, application/*+json]
2025-07-01 12:19:14 - Writing [{data=[com.banking.dto.TransactionResponse@f5418b7, com.banking.dto.TransactionResponse@d7c997b, com (truncated)...]
2025-07-01 12:19:14 - Using 'application/json', given [*/*] and supported [application/json, application/*+json]
2025-07-01 12:19:14 - Writing [{data=[com.banking.dto.TransactionResponse@4abf1535, com.banking.dto.TransactionResponse@32158949, c (truncated)...]
2025-07-01 12:19:14 - Using 'application/json', given [*/*] and supported [application/json, application/*+json]
2025-07-01 12:19:14 - Using 'application/json', given [*/*] and supported [application/json, application/*+json]
2025-07-01 12:19:14 - Writing [{data={transDate=2025-07-01, securityCode=000001, buyStatistics={transactionCount=1, totalUnits=100, (truncated)...]
2025-07-01 12:19:14 - Writing [{data=[com.banking.dto.TransactionResponse@14bb918, com.banking.dto.TransactionResponse@58a0e5ec, co (truncated)...]
2025-07-01 12:19:14 - Mapped to com.banking.controller.TransactionController#getTransactionsByAccount(String)
2025-07-01 12:19:14 - Using 'application/json', given [*/*] and supported [application/json, application/*+json]
2025-07-01 12:19:14 - Writing [{data=[com.banking.dto.TransactionResponse@67ab3c88, com.banking.dto.TransactionResponse@6f5cc4b7, c (truncated)...]
2025-07-01 12:19:14 - Using 'application/json', given [*/*] and supported [application/json, application/*+json]
2025-07-01 12:19:14 - Writing [{data={totalTransactions=1120, transactionTypes=[Lcom.banking.model.TransactionType;@26e00221}, succ (truncated)...]
2025-07-01 12:19:14 - Mapped to com.banking.controller.TransactionController#getSecurityStatistics(String, String)
2025-07-01 12:19:14 - Mapped to com.banking.controller.TransactionController#getTransactionsByType(TransactionType)
2025-07-01 12:19:14 - Using 'application/json', given [*/*] and supported [application/json, application/*+json]
2025-07-01 12:19:14 - Writing [{data={transDate=2025-07-01, securityCode=000001, buyStatistics={transactionCount=1, totalUnits=100, (truncated)...]
2025-07-01 12:19:14 - Mapped to com.banking.controller.TransactionController#getTransactionsByAccount(String)
2025-07-01 12:19:14 - Mapped to com.banking.controller.TransactionController#getSecurityStatistics(String, String)
2025-07-01 12:19:14 - Using 'application/json', given [*/*] and supported [application/json, application/*+json]
2025-07-01 12:19:14 - Writing [{data={transDate=2025-07-01, securityCode=000001, buyStatistics={transactionCount=1, totalUnits=100, (truncated)...]
2025-07-01 12:19:14 - Mapped to com.banking.controller.TransactionController#getTransactionsByAccount(String)
2025-07-01 12:19:14 - Using 'application/json', given [*/*] and supported [application/json, application/*+json]
2025-07-01 12:19:14 - Writing [{data=[com.banking.dto.TransactionResponse@633194c4, com.banking.dto.TransactionResponse@2b6da37, co (truncated)...]
2025-07-01 12:19:14 - Using 'application/json', given [*/*] and supported [application/json, application/*+json]
2025-07-01 12:19:14 - Writing [{data=[com.banking.dto.TransactionResponse@2b7283a5, com.banking.dto.TransactionResponse@68e8c36a, c (truncated)...]
2025-07-01 12:19:14 - Mapped to com.banking.controller.TransactionController#getSecurityStatistics(String, String)
2025-07-01 12:19:14 - Using 'application/json', given [*/*] and supported [application/json, application/*+json]
2025-07-01 12:19:14 - Writing [{data={totalTransactions=1120, transactionTypes=[Lcom.banking.model.TransactionType;@63ede381}, succ (truncated)...]
2025-07-01 12:19:14 - Using 'application/json', given [*/*] and supported [application/json, application/*+json]
2025-07-01 12:19:14 - Writing [{data={transDate=2025-07-01, securityCode=000001, buyStatistics={transactionCount=1, totalUnits=100, (truncated)...]
2025-07-01 12:19:14 - Mapped to com.banking.controller.TransactionController#getTransactionsByType(TransactionType)
2025-07-01 12:19:14 - Mapped to com.banking.controller.TransactionController#getTransactionsByAccount(String)
2025-07-01 12:19:14 - Using 'application/json', given [*/*] and supported [application/json, application/*+json]
2025-07-01 12:19:14 - Writing [{data={transDate=2025-07-01, securityCode=000001, buyStatistics={transactionCount=1, totalUnits=100, (truncated)...]
2025-07-01 12:19:14 - Mapped to com.banking.controller.TransactionController#getTransactionsByAccount(String)
2025-07-01 12:19:14 - Using 'application/json', given [*/*] and supported [application/json, application/*+json]
2025-07-01 12:19:14 - Writing [{data=[com.banking.dto.TransactionResponse@1edaaeb3, com.banking.dto.TransactionResponse@3eb54c63, c (truncated)...]
2025-07-01 12:19:14 - Mapped to com.banking.controller.TransactionController#getSecurityStatistics(String, String)
2025-07-01 12:19:14 - Mapped to com.banking.controller.TransactionController#getSecurityStatistics(String, String)
2025-07-01 12:19:14 - Using 'application/json', given [*/*] and supported [application/json, application/*+json]
2025-07-01 12:19:14 - Writing [{data={totalTransactions=1120, transactionTypes=[Lcom.banking.model.TransactionType;@7b92a995}, succ (truncated)...]
2025-07-01 12:19:14 - Using 'application/json', given [*/*] and supported [application/json, application/*+json]
2025-07-01 12:19:14 - Using 'application/json', given [*/*] and supported [application/json, application/*+json]
2025-07-01 12:19:14 - Writing [{data={transDate=2025-07-01, securityCode=000001, buyStatistics={transactionCount=1, totalUnits=100, (truncated)...]
2025-07-01 12:19:14 - Writing [{data={transDate=2025-07-01, securityCode=000001, buyStatistics={transactionCount=1, totalUnits=100, (truncated)...]
2025-07-01 12:19:14 - Mapped to com.banking.controller.TransactionController#getTransactionsByType(TransactionType)
2025-07-01 12:19:14 - Mapped to com.banking.controller.TransactionController#getTransactionsByAccount(String)
2025-07-01 12:19:14 - Mapped to com.banking.controller.TransactionController#getTransactionsByAccount(String)
2025-07-01 12:19:14 - Using 'application/json', given [*/*] and supported [application/json, application/*+json]
2025-07-01 12:19:14 - Mapped to com.banking.controller.TransactionController#getSecurityStatistics(String, String)
2025-07-01 12:19:14 - Writing [{data={totalTransactions=1120, transactionTypes=[Lcom.banking.model.TransactionType;@484ca950}, succ (truncated)...]
2025-07-01 12:19:14 - Using 'application/json', given [*/*] and supported [application/json, application/*+json]
2025-07-01 12:19:14 - Writing [{data={transDate=2025-07-01, securityCode=000001, buyStatistics={transactionCount=1, totalUnits=100, (truncated)...]
2025-07-01 12:19:14 - Mapped to com.banking.controller.TransactionController#getTransactionsByType(TransactionType)
2025-07-01 12:19:14 - Using 'application/json', given [*/*] and supported [application/json, application/*+json]
2025-07-01 12:19:14 - Using 'application/json', given [*/*] and supported [application/json, application/*+json]
2025-07-01 12:19:14 - Writing [{data={totalTransactions=1120, transactionTypes=[Lcom.banking.model.TransactionType;@5514d08b}, succ (truncated)...]
2025-07-01 12:19:14 - Mapped to com.banking.controller.TransactionController#getSecurityStatistics(String, String)
2025-07-01 12:19:14 - Writing [{data={totalTransactions=1120, transactionTypes=[Lcom.banking.model.TransactionType;@5c2655e1}, succ (truncated)...]
2025-07-01 12:19:14 - Mapped to com.banking.controller.TransactionController#getTransactionsByAccount(String)
2025-07-01 12:19:14 - Using 'application/json', given [*/*] and supported [application/json, application/*+json]
2025-07-01 12:19:14 - Writing [{data={transDate=2025-07-01, securityCode=000001, buyStatistics={transactionCount=1, totalUnits=100, (truncated)...]
2025-07-01 12:19:14 - Mapped to com.banking.controller.TransactionController#getTransactionsByType(TransactionType)
2025-07-01 12:19:14 - Mapped to com.banking.controller.TransactionController#getTransactionsByType(TransactionType)
2025-07-01 12:19:14 - Using 'application/json', given [*/*] and supported [application/json, application/*+json]
2025-07-01 12:19:14 - Writing [{data={totalTransactions=1120, transactionTypes=[Lcom.banking.model.TransactionType;@3f5a3b0a}, succ (truncated)...]
2025-07-01 12:19:14 - Mapped to com.banking.controller.TransactionController#getTransactionsByAccount(String)
2025-07-01 12:19:14 - Mapped to com.banking.controller.TransactionController#getTransactionsByType(TransactionType)
2025-07-01 12:19:14 - Mapped to com.banking.controller.TransactionController#getSecurityStatistics(String, String)
2025-07-01 12:19:14 - Using 'application/json', given [*/*] and supported [application/json, application/*+json]
2025-07-01 12:19:14 - Using 'application/json', given [*/*] and supported [application/json, application/*+json]
2025-07-01 12:19:14 - Writing [{data=[com.banking.dto.TransactionResponse@372b4b56, com.banking.dto.TransactionResponse@266060df, c (truncated)...]
2025-07-01 12:19:14 - Writing [{data={transDate=2025-07-01, securityCode=000001, buyStatistics={transactionCount=1, totalUnits=100, (truncated)...]
2025-07-01 12:19:14 - Mapped to com.banking.controller.TransactionController#getTransactionsByAccount(String)
2025-07-01 12:19:14 - Mapped to com.banking.controller.TransactionController#getSecurityStatistics(String, String)
2025-07-01 12:19:14 - Using 'application/json', given [*/*] and supported [application/json, application/*+json]
2025-07-01 12:19:14 - Writing [{data={transDate=2025-07-01, securityCode=000001, buyStatistics={transactionCount=1, totalUnits=100, (truncated)...]
2025-07-01 12:19:14 - Mapped to com.banking.controller.TransactionController#getTransactionsByAccount(String)
2025-07-01 12:19:14 - Using 'application/json', given [*/*] and supported [application/json, application/*+json]
2025-07-01 12:19:14 - Mapped to com.banking.controller.TransactionController#getSecurityStatistics(String, String)
2025-07-01 12:19:14 - Writing [{data={totalTransactions=1120, transactionTypes=[Lcom.banking.model.TransactionType;@782b19c4}, succ (truncated)...]
2025-07-01 12:19:14 - Using 'application/json', given [*/*] and supported [application/json, application/*+json]
2025-07-01 12:19:14 - Mapped to com.banking.controller.TransactionController#getTransactionsByType(TransactionType)
2025-07-01 12:19:14 - Writing [{data={transDate=2025-07-01, securityCode=000001, buyStatistics={transactionCount=1, totalUnits=100, (truncated)...]
2025-07-01 12:19:14 - Using 'application/json', given [*/*] and supported [application/json, application/*+json]
2025-07-01 12:19:14 - Writing [{data={totalTransactions=1120, transactionTypes=[Lcom.banking.model.TransactionType;@6851e86f}, succ (truncated)...]
2025-07-01 12:19:14 - Mapped to com.banking.controller.TransactionController#getTransactionsByType(TransactionType)
2025-07-01 12:19:14 - Mapped to com.banking.controller.TransactionController#getTransactionsByAccount(String)
2025-07-01 12:19:14 - Using 'application/json', given [*/*] and supported [application/json, application/*+json]
2025-07-01 12:19:14 - Writing [{data={totalTransactions=1120, transactionTypes=[Lcom.banking.model.TransactionType;@1d968e19}, succ (truncated)...]
2025-07-01 12:19:14 - Mapped to com.banking.controller.TransactionController#getTransactionsByType(TransactionType)
2025-07-01 12:19:14 - Using 'application/json', given [*/*] and supported [application/json, application/*+json]
2025-07-01 12:19:14 - Writing [{data=[com.banking.dto.TransactionResponse@2d455b27, com.banking.dto.TransactionResponse@f7c5169, co (truncated)...]
2025-07-01 12:19:14 - Using 'application/json', given [*/*] and supported [application/json, application/*+json]
2025-07-01 12:19:14 - Writing [{data=[com.banking.dto.TransactionResponse@4e6bab4b, com.banking.dto.TransactionResponse@793fc413, c (truncated)...]
2025-07-01 12:19:14 - Using 'application/json', given [*/*] and supported [application/json, application/*+json]
2025-07-01 12:19:14 - Writing [{data=[com.banking.dto.TransactionResponse@188c007e, com.banking.dto.TransactionResponse@5948d304, c (truncated)...]
2025-07-01 12:19:14 - Using 'application/json', given [*/*] and supported [application/json, application/*+json]
2025-07-01 12:19:14 - Writing [{data={transDate=2025-07-01, securityCode=000001, buyStatistics={transactionCount=1, totalUnits=100, (truncated)...]
2025-07-01 12:19:14 - Using 'application/json', given [*/*] and supported [application/json, application/*+json]
2025-07-01 12:19:14 - Writing [{data=[com.banking.dto.TransactionResponse@93fa8d5, com.banking.dto.TransactionResponse@4e5eb41e, co (truncated)...]
2025-07-01 12:19:14 - Using 'application/json', given [*/*] and supported [application/json, application/*+json]
2025-07-01 12:19:14 - Writing [{data={transDate=2025-07-01, securityCode=000001, buyStatistics={transactionCount=1, totalUnits=100, (truncated)...]
2025-07-01 12:19:14 - Mapped to com.banking.controller.TransactionController#getTransactionsByAccount(String)
2025-07-01 12:19:14 - Using 'application/json', given [*/*] and supported [application/json, application/*+json]
2025-07-01 12:19:14 - Writing [{data={totalTransactions=1120, transactionTypes=[Lcom.banking.model.TransactionType;@725600cb}, succ (truncated)...]
2025-07-01 12:19:14 - Mapped to com.banking.controller.TransactionController#getTransactionsByAccount(String)
2025-07-01 12:19:14 - Mapped to com.banking.controller.TransactionController#getTransactionsByType(TransactionType)
2025-07-01 12:19:14 - Using 'application/json', given [*/*] and supported [application/json, application/*+json]
2025-07-01 12:19:14 - Writing [{data={totalTransactions=1120, transactionTypes=[Lcom.banking.model.TransactionType;@71dc8b7}, succe (truncated)...]
2025-07-01 12:19:14 - Mapped to com.banking.controller.TransactionController#getTransactionsByType(TransactionType)
2025-07-01 12:19:14 - Using 'application/json', given [*/*] and supported [application/json, application/*+json]
2025-07-01 12:19:14 - Writing [{data=[com.banking.dto.TransactionResponse@1da99b3f, com.banking.dto.TransactionResponse@4e019b3a, c (truncated)...]
2025-07-01 12:19:14 - Using 'application/json', given [*/*] and supported [application/json, application/*+json]
2025-07-01 12:19:14 - Writing [{data=[com.banking.dto.TransactionResponse@159f133e, com.banking.dto.TransactionResponse@1cee3b2f, c (truncated)...]
2025-07-01 12:19:14 - Mapped to com.banking.controller.TransactionController#getSecurityStatistics(String, String)
2025-07-01 12:19:14 - Using 'application/json', given [*/*] and supported [application/json, application/*+json]
2025-07-01 12:19:14 - Writing [{data={transDate=2025-07-01, securityCode=000001, buyStatistics={transactionCount=1, totalUnits=100, (truncated)...]
2025-07-01 12:19:14 - Mapped to com.banking.controller.TransactionController#getSecurityStatistics(String, String)
2025-07-01 12:19:14 - Mapped to com.banking.controller.TransactionController#getTransactionsByAccount(String)
2025-07-01 12:19:14 - Using 'application/json', given [*/*] and supported [application/json, application/*+json]
2025-07-01 12:19:14 - Writing [{data={transDate=2025-07-01, securityCode=000001, buyStatistics={transactionCount=1, totalUnits=100, (truncated)...]
2025-07-01 12:19:14 - Mapped to com.banking.controller.TransactionController#getTransactionsByAccount(String)
2025-07-01 12:19:14 - Using 'application/json', given [*/*] and supported [application/json, application/*+json]
2025-07-01 12:19:14 - Writing [{data=[com.banking.dto.TransactionResponse@1dfb352a, com.banking.dto.TransactionResponse@34b73462, c (truncated)...]
2025-07-01 12:19:14 - Using 'application/json', given [*/*] and supported [application/json, application/*+json]
2025-07-01 12:19:14 - Writing [{data=[com.banking.dto.TransactionResponse@575ee48b, com.banking.dto.TransactionResponse@2571a106, c (truncated)...]
2025-07-01 12:19:14 - Mapped to com.banking.controller.TransactionController#getSecurityStatistics(String, String)
2025-07-01 12:19:14 - Using 'application/json', given [*/*] and supported [application/json, application/*+json]
2025-07-01 12:19:14 - Writing [{data={totalTransactions=1120, transactionTypes=[Lcom.banking.model.TransactionType;@18a57c1f}, succ (truncated)...]
2025-07-01 12:19:14 - Using 'application/json', given [*/*] and supported [application/json, application/*+json]
2025-07-01 12:19:14 - Writing [{data={transDate=2025-07-01, securityCode=000001, buyStatistics={transactionCount=1, totalUnits=100, (truncated)...]
2025-07-01 12:19:14 - Mapped to com.banking.controller.TransactionController#getTransactionsByType(TransactionType)
2025-07-01 12:19:14 - Mapped to com.banking.controller.TransactionController#getTransactionsByAccount(String)
2025-07-01 12:19:14 - Using 'application/json', given [*/*] and supported [application/json, application/*+json]
2025-07-01 12:19:14 - Writing [{data=[com.banking.dto.TransactionResponse@776a14bd, com.banking.dto.TransactionResponse@1bf45f24, c (truncated)...]
2025-07-01 12:19:14 - Mapped to com.banking.controller.TransactionController#getSecurityStatistics(String, String)
2025-07-01 12:19:14 - Using 'application/json', given [*/*] and supported [application/json, application/*+json]
2025-07-01 12:19:14 - Writing [{data={totalTransactions=1120, transactionTypes=[Lcom.banking.model.TransactionType;@1cf2d3c9}, succ (truncated)...]
2025-07-01 12:19:14 - Using 'application/json', given [*/*] and supported [application/json, application/*+json]
2025-07-01 12:19:14 - Writing [{data={transDate=2025-07-01, securityCode=000001, buyStatistics={transactionCount=1, totalUnits=100, (truncated)...]
2025-07-01 12:19:14 - Mapped to com.banking.controller.TransactionController#getTransactionsByType(TransactionType)
2025-07-01 12:19:14 - Mapped to com.banking.controller.TransactionController#getTransactionsByAccount(String)
2025-07-01 12:19:14 - Using 'application/json', given [*/*] and supported [application/json, application/*+json]
2025-07-01 12:19:14 - Writing [{data={transDate=2025-07-01, securityCode=000001, buyStatistics={transactionCount=1, totalUnits=100, (truncated)...]
2025-07-01 12:19:14 - Mapped to com.banking.controller.TransactionController#getTransactionsByAccount(String)
2025-07-01 12:19:14 - Using 'application/json', given [*/*] and supported [application/json, application/*+json]
2025-07-01 12:19:14 - Writing [{data={transDate=2025-07-01, securityCode=000001, buyStatistics={transactionCount=1, totalUnits=100, (truncated)...]
2025-07-01 12:19:14 - Mapped to com.banking.controller.TransactionController#getTransactionsByAccount(String)
2025-07-01 12:19:14 - Mapped to com.banking.controller.TransactionController#getSecurityStatistics(String, String)
2025-07-01 12:19:14 - Using 'application/json', given [*/*] and supported [application/json, application/*+json]
2025-07-01 12:19:14 - Writing [{data={transDate=2025-07-01, securityCode=000001, buyStatistics={transactionCount=1, totalUnits=100, (truncated)...]
2025-07-01 12:19:14 - Mapped to com.banking.controller.TransactionController#getSecurityStatistics(String, String)
2025-07-01 12:19:14 - Using 'application/json', given [*/*] and supported [application/json, application/*+json]
2025-07-01 12:19:14 - Writing [{data={totalTransactions=1120, transactionTypes=[Lcom.banking.model.TransactionType;@1b51255a}, succ (truncated)...]
2025-07-01 12:19:14 - Using 'application/json', given [*/*] and supported [application/json, application/*+json]
2025-07-01 12:19:14 - Using 'application/json', given [*/*] and supported [application/json, application/*+json]
2025-07-01 12:19:14 - Writing [{data={transDate=2025-07-01, securityCode=000001, buyStatistics={transactionCount=1, totalUnits=100, (truncated)...]
2025-07-01 12:19:14 - Writing [{data={totalTransactions=1120, transactionTypes=[Lcom.banking.model.TransactionType;@76de852d}, succ (truncated)...]
2025-07-01 12:19:14 - Mapped to com.banking.controller.TransactionController#getSecurityStatistics(String, String)
2025-07-01 12:19:14 - Mapped to com.banking.controller.TransactionController#getTransactionsByAccount(String)
2025-07-01 12:19:14 - Using 'application/json', given [*/*] and supported [application/json, application/*+json]
2025-07-01 12:19:14 - Mapped to com.banking.controller.TransactionController#getTransactionsByType(TransactionType)
2025-07-01 12:19:14 - Writing [{data={transDate=2025-07-01, securityCode=000001, buyStatistics={transactionCount=1, totalUnits=100, (truncated)...]
2025-07-01 12:19:14 - Mapped to com.banking.controller.TransactionController#getTransactionsByType(TransactionType)
2025-07-01 12:19:14 - Using 'application/json', given [*/*] and supported [application/json, application/*+json]
2025-07-01 12:19:14 - Writing [{data={transDate=2025-07-01, securityCode=000001, buyStatistics={transactionCount=1, totalUnits=100, (truncated)...]
2025-07-01 12:19:14 - Using 'application/json', given [*/*] and supported [application/json, application/*+json]
2025-07-01 12:19:14 - Writing [{data={totalTransactions=1120, transactionTypes=[Lcom.banking.model.TransactionType;@3a681a62}, succ (truncated)...]
2025-07-01 12:19:14 - Mapped to com.banking.controller.TransactionController#getTransactionsByAccount(String)
2025-07-01 12:19:14 - Mapped to com.banking.controller.TransactionController#getTransactionsByAccount(String)
2025-07-01 12:19:14 - Mapped to com.banking.controller.TransactionController#getTransactionsByType(TransactionType)
2025-07-01 12:19:14 - Mapped to com.banking.controller.TransactionController#getSecurityStatistics(String, String)
2025-07-01 12:19:14 - Mapped to com.banking.controller.TransactionController#getTransactionsByAccount(String)
2025-07-01 12:19:14 - Using 'application/json', given [*/*] and supported [application/json, application/*+json]
2025-07-01 12:19:14 - Writing [{data={transDate=2025-07-01, securityCode=000001, buyStatistics={transactionCount=1, totalUnits=100, (truncated)...]
2025-07-01 12:19:14 - Using 'application/json', given [*/*] and supported [application/json, application/*+json]
2025-07-01 12:19:14 - Writing [{pagination={totalPages=112, size=10, total=1120, page=0}, data=[com.banking.dto.TransactionResponse (truncated)...]
2025-07-01 12:19:14 - Mapped to com.banking.controller.TransactionController#getTransactionsByAccount(String)
2025-07-01 12:19:14 - Mapped to com.banking.controller.TransactionController#getStatistics()
2025-07-01 12:19:14 - Using 'application/json', given [*/*] and supported [application/json, application/*+json]
2025-07-01 12:19:14 - Using 'application/json', given [*/*] and supported [application/json, application/*+json]
2025-07-01 12:19:14 - Mapped to com.banking.controller.TransactionController#getSecurityStatistics(String, String)
2025-07-01 12:19:14 - Writing [{data=[], success=true, message=获取账户交易成功}]
2025-07-01 12:19:14 - Mapped to com.banking.controller.TransactionController#getSecurityStatistics(String, String)
2025-07-01 12:19:14 - Using 'application/json', given [*/*] and supported [application/json, application/*+json]
2025-07-01 12:19:14 - Writing [{data=[com.banking.dto.TransactionResponse@32253a72, com.banking.dto.TransactionResponse@3c73c558, c (truncated)...]
2025-07-01 12:19:14 - Writing [{data={transDate=2025-07-01, securityCode=000001, buyStatistics={transactionCount=1, totalUnits=100, (truncated)...]
2025-07-01 12:19:14 - Using 'application/json', given [*/*] and supported [application/json, application/*+json]
2025-07-01 12:19:14 - Writing [{data=[], success=true, message=获取账户交易成功}]
2025-07-01 12:19:14 - Using 'application/json', given [*/*] and supported [application/json, application/*+json]
2025-07-01 12:19:14 - Writing [{data={transDate=2025-07-01, securityCode=000001, buyStatistics={transactionCount=1, totalUnits=100, (truncated)...]
2025-07-01 12:19:14 - Mapped to com.banking.controller.TransactionController#getTransactionsByAccount(String)
2025-07-01 12:19:14 - Mapped to com.banking.controller.TransactionController#getTransactionsByAccount(String)
2025-07-01 12:19:14 - Using 'application/json', given [*/*] and supported [application/json, application/*+json]
2025-07-01 12:19:14 - Using 'application/json', given [*/*] and supported [application/json, application/*+json]
2025-07-01 12:19:14 - Writing [{data=[com.banking.dto.TransactionResponse@26397461, com.banking.dto.TransactionResponse@54eac57b, c (truncated)...]
2025-07-01 12:19:14 - Using 'application/json', given [*/*] and supported [application/json, application/*+json]
2025-07-01 12:19:14 - Using 'application/json', given [*/*] and supported [application/json, application/*+json]
2025-07-01 12:19:14 - Writing [{data=[com.banking.dto.TransactionResponse@455fca23, com.banking.dto.TransactionResponse@5847ca1d, c (truncated)...]
2025-07-01 12:19:14 - Writing [{data={totalTransactions=1120, transactionTypes=[Lcom.banking.model.TransactionType;@1a20312a}, succ (truncated)...]
2025-07-01 12:19:14 - Writing [{data={transDate=2025-07-01, securityCode=000001, buyStatistics={transactionCount=1, totalUnits=100, (truncated)...]
2025-07-01 12:19:14 - Mapped to com.banking.controller.TransactionController#getSecurityStatistics(String, String)
2025-07-01 12:19:14 - Mapped to com.banking.controller.TransactionController#getTransactionsByType(TransactionType)
2025-07-01 12:19:14 - Using 'application/json', given [*/*] and supported [application/json, application/*+json]
2025-07-01 12:19:14 - Writing [{data={transDate=2025-07-01, securityCode=000001, buyStatistics={transactionCount=1, totalUnits=100, (truncated)...]
2025-07-01 12:19:14 - Mapped to com.banking.controller.TransactionController#getTransactionsByAccount(String)
2025-07-01 12:19:14 - Using 'application/json', given [*/*] and supported [application/json, application/*+json]
2025-07-01 12:19:14 - Writing [{data=[], success=true, message=获取账户交易成功}]
2025-07-01 12:19:14 - Mapped to com.banking.controller.TransactionController#getTransactionsByAccount(String)
2025-07-01 12:19:14 - Using 'application/json', given [*/*] and supported [application/json, application/*+json]
2025-07-01 12:19:14 - Writing [{data=[com.banking.dto.TransactionResponse@78fcb484, com.banking.dto.TransactionResponse@5252b5b8, c (truncated)...]
2025-07-01 12:19:14 - Using 'application/json', given [*/*] and supported [application/json, application/*+json]
2025-07-01 12:19:14 - Writing [{data=[com.banking.dto.TransactionResponse@2a967885, com.banking.dto.TransactionResponse@3c7fbede, c (truncated)...]
2025-07-01 12:19:14 - Mapped to com.banking.controller.TransactionController#getSecurityStatistics(String, String)
2025-07-01 12:19:14 - Using 'application/json', given [*/*] and supported [application/json, application/*+json]
2025-07-01 12:19:14 - Using 'application/json', given [*/*] and supported [application/json, application/*+json]
2025-07-01 12:19:14 - Writing [{data={transDate=2025-07-01, securityCode=000001, buyStatistics={transactionCount=1, totalUnits=100, (truncated)...]
2025-07-01 12:19:14 - Writing [{data=[com.banking.dto.TransactionResponse@6e66f328, com.banking.dto.TransactionResponse@4732e850, c (truncated)...]
2025-07-01 12:19:14 - Mapped to com.banking.controller.TransactionController#getTransactionsByAccount(String)
2025-07-01 12:19:14 - Using 'application/json', given [*/*] and supported [application/json, application/*+json]
2025-07-01 12:19:14 - Writing [{data={transDate=2025-07-01, securityCode=000001, buyStatistics={transactionCount=1, totalUnits=100, (truncated)...]
2025-07-01 12:19:14 - Using 'application/json', given [*/*] and supported [application/json, application/*+json]
2025-07-01 12:19:14 - Using 'application/json', given [*/*] and supported [application/json, application/*+json]
2025-07-01 12:19:14 - Writing [{data={transDate=2025-07-01, securityCode=000001, buyStatistics={transactionCount=1, totalUnits=100, (truncated)...]
2025-07-01 12:19:14 - Writing [{data=[com.banking.dto.TransactionResponse@7eed76f6, com.banking.dto.TransactionResponse@4111ee2a, c (truncated)...]
2025-07-01 12:19:14 - Mapped to com.banking.controller.TransactionController#getTransactionsByAccount(String)
2025-07-01 12:19:14 - Mapped to com.banking.controller.TransactionController#getTransactionsByAccount(String)
2025-07-01 12:19:14 - Using 'application/json', given [*/*] and supported [application/json, application/*+json]
2025-07-01 12:19:14 - Writing [{data={totalTransactions=1120, transactionTypes=[Lcom.banking.model.TransactionType;@50906b36}, succ (truncated)...]
2025-07-01 12:19:14 - Mapped to com.banking.controller.TransactionController#getTransactionsByType(TransactionType)
2025-07-01 12:19:14 - Using 'application/json', given [*/*] and supported [application/json, application/*+json]
2025-07-01 12:19:14 - Using 'application/json', given [*/*] and supported [application/json, application/*+json]
2025-07-01 12:19:14 - Writing [{pagination={totalPages=112, size=10, total=1120, page=0}, data=[com.banking.dto.TransactionResponse (truncated)...]
2025-07-01 12:19:14 - Writing [{data=[com.banking.dto.TransactionResponse@3382faa5, com.banking.dto.TransactionResponse@3f3c19ca, c (truncated)...]
2025-07-01 12:19:14 - Using 'application/json', given [*/*] and supported [application/json, application/*+json]
2025-07-01 12:19:14 - Mapped to com.banking.controller.TransactionController#getStatistics()
2025-07-01 12:19:14 - Writing [{data={totalTransactions=1120, transactionTypes=[Lcom.banking.model.TransactionType;@65966dad}, succ (truncated)...]
2025-07-01 12:19:14 - Mapped to com.banking.controller.TransactionController#getTransactionsByType(TransactionType)
2025-07-01 12:19:14 - Using 'application/json', given [*/*] and supported [application/json, application/*+json]
2025-07-01 12:19:14 - Writing [{pagination={totalPages=112, size=10, total=1120, page=0}, data=[com.banking.dto.TransactionResponse (truncated)...]
2025-07-01 12:19:14 - Mapped to com.banking.controller.TransactionController#getStatistics()
2025-07-01 12:19:14 - Using 'application/json', given [*/*] and supported [application/json, application/*+json]
2025-07-01 12:19:14 - Writing [{data=[com.banking.dto.TransactionResponse@5ee74ce, com.banking.dto.TransactionResponse@2abeb92c, co (truncated)...]
2025-07-01 12:19:14 - Mapped to com.banking.controller.TransactionController#getSecurityStatistics(String, String)
2025-07-01 12:19:14 - Using 'application/json', given [*/*] and supported [application/json, application/*+json]
2025-07-01 12:19:14 - Writing [{data={transDate=2025-07-01, securityCode=000001, buyStatistics={transactionCount=1, totalUnits=100, (truncated)...]
2025-07-01 12:19:14 - Mapped to com.banking.controller.TransactionController#getTransactionsByAccount(String)
2025-07-01 12:19:14 - Using 'application/json', given [*/*] and supported [application/json, application/*+json]
2025-07-01 12:19:14 - Writing [{data=[com.banking.dto.TransactionResponse@7bbaa4de, com.banking.dto.TransactionResponse@751f69f7, c (truncated)...]
2025-07-01 12:19:14 - Mapped to com.banking.controller.TransactionController#getSecurityStatistics(String, String)
2025-07-01 12:19:14 - Using 'application/json', given [*/*] and supported [application/json, application/*+json]
2025-07-01 12:19:14 - Writing [{data={transDate=2025-07-01, securityCode=000001, buyStatistics={transactionCount=1, totalUnits=100, (truncated)...]
2025-07-01 12:19:14 - Mapped to com.banking.controller.TransactionController#getTransactionsByAccount(String)
2025-07-01 12:19:14 - Using 'application/json', given [*/*] and supported [application/json, application/*+json]
2025-07-01 12:19:14 - Writing [{data={transDate=2025-07-01, securityCode=000001, buyStatistics={transactionCount=1, totalUnits=100, (truncated)...]
2025-07-01 12:19:14 - Mapped to com.banking.controller.TransactionController#getTransactionsByAccount(String)
2025-07-01 12:19:14 - Using 'application/json', given [*/*] and supported [application/json, application/*+json]
2025-07-01 12:19:14 - Writing [{data=[com.banking.dto.TransactionResponse@7e3e5194, com.banking.dto.TransactionResponse@3420c262, c (truncated)...]
2025-07-01 12:19:15 - Mapped to com.banking.controller.TransactionController#getSecurityStatistics(String, String)
2025-07-01 12:19:15 - Using 'application/json', given [*/*] and supported [application/json, application/*+json]
2025-07-01 12:19:15 - Writing [{data={transDate=2025-07-01, securityCode=000001, buyStatistics={transactionCount=1, totalUnits=100, (truncated)...]
2025-07-01 12:19:15 - Mapped to com.banking.controller.TransactionController#getTransactionsByAccount(String)
2025-07-01 12:19:15 - Using 'application/json', given [*/*] and supported [application/json, application/*+json]
2025-07-01 12:19:15 - Writing [{data=[com.banking.dto.TransactionResponse@13412826, com.banking.dto.TransactionResponse@7bd0c48e, c (truncated)...]
2025-07-01 12:19:15 - Mapped to com.banking.controller.TransactionController#getSecurityStatistics(String, String)
2025-07-01 12:19:15 - Using 'application/json', given [*/*] and supported [application/json, application/*+json]
2025-07-01 12:19:15 - Writing [{data={transDate=2025-07-01, securityCode=000001, buyStatistics={transactionCount=1, totalUnits=100, (truncated)...]
2025-07-01 12:19:15 - Mapped to com.banking.controller.TransactionController#getTransactionsByAccount(String)
2025-07-01 12:19:15 - Using 'application/json', given [*/*] and supported [application/json, application/*+json]
2025-07-01 12:19:15 - Writing [{data={transDate=2025-07-01, securityCode=000001, buyStatistics={transactionCount=1, totalUnits=100, (truncated)...]
2025-07-01 12:19:15 - Mapped to com.banking.controller.TransactionController#getSecurityStatistics(String, String)
2025-07-01 12:19:15 - Mapped to com.banking.controller.TransactionController#getSecurityStatistics(String, String)
2025-07-01 12:19:15 - Mapped to com.banking.controller.TransactionController#getTransactionsByAccount(String)
2025-07-01 12:19:15 - Using 'application/json', given [*/*] and supported [application/json, application/*+json]
2025-07-01 12:19:15 - Using 'application/json', given [*/*] and supported [application/json, application/*+json]
2025-07-01 12:19:15 - Writing [{data={transDate=2025-07-01, securityCode=000001, buyStatistics={transactionCount=1, totalUnits=100, (truncated)...]
2025-07-01 12:19:15 - Writing [{data={transDate=2025-07-01, securityCode=000001, buyStatistics={transactionCount=1, totalUnits=100, (truncated)...]
2025-07-01 12:19:15 - Mapped to com.banking.controller.TransactionController#getTransactionsByAccount(String)
2025-07-01 12:19:15 - Mapped to com.banking.controller.TransactionController#getTransactionsByAccount(String)
2025-07-01 12:19:15 - Mapped to com.banking.controller.TransactionController#getSecurityStatistics(String, String)
2025-07-01 12:19:15 - Using 'application/json', given [*/*] and supported [application/json, application/*+json]
2025-07-01 12:19:15 - Writing [{data={transDate=2025-07-01, securityCode=000001, buyStatistics={transactionCount=1, totalUnits=100, (truncated)...]
2025-07-01 12:19:15 - Using 'application/json', given [*/*] and supported [application/json, application/*+json]
2025-07-01 12:19:15 - Mapped to com.banking.controller.TransactionController#getTransactionsByAccount(String)
2025-07-01 12:19:15 - Using 'application/json', given [*/*] and supported [application/json, application/*+json]
2025-07-01 12:19:15 - Writing [{data=[com.banking.dto.TransactionResponse@12ddf184, com.banking.dto.TransactionResponse@50042bc6, c (truncated)...]
2025-07-01 12:19:15 - Writing [{data=[com.banking.dto.TransactionResponse@12ea95be, com.banking.dto.TransactionResponse@214efb61, c (truncated)...]
2025-07-01 12:19:15 - Using 'application/json', given [*/*] and supported [application/json, application/*+json]
2025-07-01 12:19:15 - Writing [{data=[com.banking.dto.TransactionResponse@606019b3, com.banking.dto.TransactionResponse@2374f444, c (truncated)...]
2025-07-01 12:19:15 - Mapped to com.banking.controller.TransactionController#getSecurityStatistics(String, String)
2025-07-01 12:19:15 - Using 'application/json', given [*/*] and supported [application/json, application/*+json]
2025-07-01 12:19:15 - Writing [{data={transDate=2025-07-01, securityCode=000001, buyStatistics={transactionCount=1, totalUnits=100, (truncated)...]
2025-07-01 12:19:15 - Mapped to com.banking.controller.TransactionController#getTransactionsByAccount(String)
2025-07-01 12:19:15 - Using 'application/json', given [*/*] and supported [application/json, application/*+json]
2025-07-01 12:19:15 - Writing [{data=[com.banking.dto.TransactionResponse@4422c0b0, com.banking.dto.TransactionResponse@7a9780f6, c (truncated)...]
2025-07-01 12:19:15 - Using 'application/json', given [*/*] and supported [application/json, application/*+json]
2025-07-01 12:19:15 - Writing [{data={transDate=2025-07-01, securityCode=000001, buyStatistics={transactionCount=1, totalUnits=100, (truncated)...]
2025-07-01 12:19:15 - Mapped to com.banking.controller.TransactionController#getTransactionsByAccount(String)
2025-07-01 12:19:15 - Using 'application/json', given [*/*] and supported [application/json, application/*+json]
2025-07-01 12:19:15 - Writing [{data=[], success=true, message=获取账户交易成功}]
2025-07-01 12:19:15 - Using 'application/json', given [*/*] and supported [application/json, application/*+json]
2025-07-01 12:19:15 - Writing [{data=[com.banking.dto.TransactionResponse@76d4f934], success=true, message=获取账户交易成功}]
2025-07-01 12:19:15 - Using 'application/json', given [*/*] and supported [application/json, application/*+json]
2025-07-01 12:19:15 - Writing [{data=[com.banking.dto.TransactionResponse@7feb7b84, com.banking.dto.TransactionResponse@1f188f25, c (truncated)...]
2025-07-01 12:19:15 - Using 'application/json', given [*/*] and supported [application/json, application/*+json]
2025-07-01 12:19:15 - Writing [{data=[com.banking.dto.TransactionResponse@2685b103], success=true, message=获取账户交易成功}]
2025-07-01 12:19:15 - Mapped to com.banking.controller.TransactionController#getSecurityStatistics(String, String)
2025-07-01 12:19:15 - Using 'application/json', given [*/*] and supported [application/json, application/*+json]
2025-07-01 12:19:15 - Writing [{data={transDate=2025-07-01, securityCode=000001, buyStatistics={transactionCount=1, totalUnits=100, (truncated)...]
2025-07-01 12:19:15 - Mapped to com.banking.controller.TransactionController#getTransactionsByAccount(String)
2025-07-01 12:19:15 - Using 'application/json', given [*/*] and supported [application/json, application/*+json]
2025-07-01 12:19:15 - Writing [{data=[com.banking.dto.TransactionResponse@766acd3e, com.banking.dto.TransactionResponse@3d941183, c (truncated)...]
2025-07-01 12:19:15 - Using 'application/json', given [*/*] and supported [application/json, application/*+json]
2025-07-01 12:19:15 - Writing [{data=[com.banking.dto.TransactionResponse@67e763c7], success=true, message=获取账户交易成功}]
2025-07-01 12:19:15 - Mapped to com.banking.controller.TransactionController#getSecurityStatistics(String, String)
2025-07-01 12:19:15 - Using 'application/json', given [*/*] and supported [application/json, application/*+json]
2025-07-01 12:19:15 - Writing [{data={transDate=2025-07-01, securityCode=000001, buyStatistics={transactionCount=1, totalUnits=100, (truncated)...]
2025-07-01 12:19:15 - Using 'application/json', given [*/*] and supported [application/json, application/*+json]
2025-07-01 12:19:15 - Writing [{data=[], success=true, message=获取账户交易成功}]
2025-07-01 12:19:15 - Using 'application/json', given [*/*] and supported [application/json, application/*+json]
2025-07-01 12:19:15 - Writing [{data=[], success=true, message=获取账户交易成功}]
2025-07-01 12:19:15 - Mapped to com.banking.controller.TransactionController#getTransactionsByAccount(String)
2025-07-01 12:19:15 - Using 'application/json', given [*/*] and supported [application/json, application/*+json]
2025-07-01 12:19:15 - Writing [{data=[com.banking.dto.TransactionResponse@2c76716f, com.banking.dto.TransactionResponse@614448b4, c (truncated)...]
2025-07-01 12:19:15 - Mapped to com.banking.controller.TransactionController#getSecurityStatistics(String, String)
2025-07-01 12:19:15 - Using 'application/json', given [*/*] and supported [application/json, application/*+json]
2025-07-01 12:19:15 - Writing [{data=[com.banking.dto.TransactionResponse@5272360f], success=true, message=获取账户交易成功}]
2025-07-01 12:19:15 - Using 'application/json', given [*/*] and supported [application/json, application/*+json]
2025-07-01 12:19:15 - Writing [{data={transDate=2025-07-01, securityCode=000001, buyStatistics={transactionCount=1, totalUnits=100, (truncated)...]
2025-07-01 12:19:15 - Using 'application/json', given [*/*] and supported [application/json, application/*+json]
2025-07-01 12:19:15 - Mapped to com.banking.controller.TransactionController#getTransactionsByAccount(String)
2025-07-01 12:19:15 - Writing [{data=[com.banking.dto.TransactionResponse@c87782b], success=true, message=获取账户交易成功}]
2025-07-01 12:19:15 - Using 'application/json', given [*/*] and supported [application/json, application/*+json]
2025-07-01 12:19:15 - Writing [{data=[com.banking.dto.TransactionResponse@56a0296a, com.banking.dto.TransactionResponse@1da103c8, c (truncated)...]
2025-07-01 12:19:15 - Mapped to com.banking.controller.TransactionController#getSecurityStatistics(String, String)
2025-07-01 12:19:15 - Using 'application/json', given [*/*] and supported [application/json, application/*+json]
2025-07-01 12:19:15 - Using 'application/json', given [*/*] and supported [application/json, application/*+json]
2025-07-01 12:19:15 - Writing [{data=[], success=true, message=获取账户交易成功}]
2025-07-01 12:19:15 - Writing [{data={transDate=2025-07-01, securityCode=000001, buyStatistics={transactionCount=1, totalUnits=100, (truncated)...]
2025-07-01 12:19:15 - Mapped to com.banking.controller.TransactionController#getTransactionsByAccount(String)
2025-07-01 12:19:15 - Using 'application/json', given [*/*] and supported [application/json, application/*+json]
2025-07-01 12:19:15 - Writing [{data=[com.banking.dto.TransactionResponse@6acb2b4a, com.banking.dto.TransactionResponse@2670adec, c (truncated)...]
2025-07-01 12:19:15 - Mapped to com.banking.controller.TransactionController#getSecurityStatistics(String, String)
2025-07-01 12:19:15 - Using 'application/json', given [*/*] and supported [application/json, application/*+json]
2025-07-01 12:19:15 - Writing [{data=[], success=true, message=获取账户交易成功}]
2025-07-01 12:19:15 - Using 'application/json', given [*/*] and supported [application/json, application/*+json]
2025-07-01 12:19:15 - Writing [{data={transDate=2025-07-01, securityCode=000001, buyStatistics={transactionCount=1, totalUnits=100, (truncated)...]
2025-07-01 12:19:15 - Using 'application/json', given [*/*] and supported [application/json, application/*+json]
2025-07-01 12:19:15 - Writing [{data={totalTransactions=1120, transactionTypes=[Lcom.banking.model.TransactionType;@655e3871}, succ (truncated)...]
2025-07-01 12:19:15 - Mapped to com.banking.controller.TransactionController#getTransactionsByAccount(String)
2025-07-01 12:19:15 - Using 'application/json', given [*/*] and supported [application/json, application/*+json]
2025-07-01 12:19:15 - Writing [{data=[], success=true, message=获取账户交易成功}]
2025-07-01 12:19:15 - Mapped to com.banking.controller.TransactionController#getTransactionsByType(TransactionType)
2025-07-01 12:19:15 - Using 'application/json', given [*/*] and supported [application/json, application/*+json]
2025-07-01 12:19:15 - Writing [{data=[], success=true, message=获取账户交易成功}]
2025-07-01 12:19:15 - Using 'application/json', given [*/*] and supported [application/json, application/*+json]
2025-07-01 12:19:15 - Writing [{data=[], success=true, message=获取账户交易成功}]
2025-07-01 12:19:15 - Using 'application/json', given [*/*] and supported [application/json, application/*+json]
2025-07-01 12:19:15 - Writing [{data=[], success=true, message=获取账户交易成功}]
2025-07-01 12:19:15 - Using 'application/json', given [*/*] and supported [application/json, application/*+json]
2025-07-01 12:19:15 - Writing [{data=[], success=true, message=获取账户交易成功}]
2025-07-01 12:19:15 - Using 'application/json', given [*/*] and supported [application/json, application/*+json]
2025-07-01 12:19:15 - Writing [{data=[], success=true, message=获取账户交易成功}]
2025-07-01 12:19:15 - Using 'application/json', given [*/*] and supported [application/json, application/*+json]
2025-07-01 12:19:15 - Writing [{data=[], success=true, message=获取账户交易成功}]
2025-07-01 12:19:15 - Using 'application/json', given [*/*] and supported [application/json, application/*+json]
2025-07-01 12:19:15 - Writing [{data=[com.banking.dto.TransactionResponse@3ff435bf, com.banking.dto.TransactionResponse@33a346d2, c (truncated)...]
2025-07-01 12:19:15 - Mapped to com.banking.controller.TransactionController#getSecurityStatistics(String, String)
2025-07-01 12:19:15 - Using 'application/json', given [*/*] and supported [application/json, application/*+json]
2025-07-01 12:19:15 - Writing [{data=[], success=true, message=获取账户交易成功}]
2025-07-01 12:19:15 - Using 'application/json', given [*/*] and supported [application/json, application/*+json]
2025-07-01 12:19:15 - Writing [{data=[], success=true, message=获取账户交易成功}]
2025-07-01 12:19:15 - Using 'application/json', given [*/*] and supported [application/json, application/*+json]
2025-07-01 12:19:15 - Writing [{data={transDate=2025-07-01, securityCode=000001, buyStatistics={transactionCount=1, totalUnits=100, (truncated)...]
2025-07-01 12:19:15 - Using 'application/json', given [*/*] and supported [application/json, application/*+json]
2025-07-01 12:19:15 - Using 'application/json', given [*/*] and supported [application/json, application/*+json]
2025-07-01 12:19:15 - Writing [{data=[], success=true, message=获取账户交易成功}]
2025-07-01 12:19:15 - Writing [{data=[], success=true, message=获取账户交易成功}]
2025-07-01 12:19:15 - Mapped to com.banking.controller.TransactionController#getSecurityStatistics(String, String)
2025-07-01 12:19:15 - Mapped to com.banking.controller.TransactionController#getTransactionsByAccount(String)
2025-07-01 12:19:15 - Using 'application/json', given [*/*] and supported [application/json, application/*+json]
2025-07-01 12:19:15 - Using 'application/json', given [*/*] and supported [application/json, application/*+json]
2025-07-01 12:19:15 - Writing [{data=[], success=true, message=获取账户交易成功}]
2025-07-01 12:19:15 - Writing [{data={transDate=2025-07-01, securityCode=000001, buyStatistics={transactionCount=1, totalUnits=100, (truncated)...]
2025-07-01 12:19:15 - Mapped to com.banking.controller.TransactionController#getSecurityStatistics(String, String)
2025-07-01 12:19:15 - Using 'application/json', given [*/*] and supported [application/json, application/*+json]
2025-07-01 12:19:15 - Writing [{data={transDate=2025-07-01, securityCode=000001, buyStatistics={transactionCount=1, totalUnits=100, (truncated)...]
2025-07-01 12:19:15 - Using 'application/json', given [*/*] and supported [application/json, application/*+json]
2025-07-01 12:19:15 - Writing [{data=[], success=true, message=获取账户交易成功}]
2025-07-01 12:19:15 - Mapped to com.banking.controller.TransactionController#getTransactionsByAccount(String)
2025-07-01 12:19:15 - Mapped to com.banking.controller.TransactionController#getTransactionsByAccount(String)
2025-07-01 12:19:15 - Using 'application/json', given [*/*] and supported [application/json, application/*+json]
2025-07-01 12:19:15 - Writing [{data=[com.banking.dto.TransactionResponse@150a9b79, com.banking.dto.TransactionResponse@3135ad33, c (truncated)...]
2025-07-01 12:19:15 - Mapped to com.banking.controller.TransactionController#getSecurityStatistics(String, String)
2025-07-01 12:19:15 - Using 'application/json', given [*/*] and supported [application/json, application/*+json]
2025-07-01 12:19:15 - Using 'application/json', given [*/*] and supported [application/json, application/*+json]
2025-07-01 12:19:15 - Writing [{data=[com.banking.dto.TransactionResponse@c6afdc6, com.banking.dto.TransactionResponse@18c2dc3c, co (truncated)...]
2025-07-01 12:19:15 - Writing [{data=[], success=true, message=获取账户交易成功}]
2025-07-01 12:19:15 - Using 'application/json', given [*/*] and supported [application/json, application/*+json]
2025-07-01 12:19:15 - Writing [{data={transDate=2025-07-01, securityCode=000001, buyStatistics={transactionCount=1, totalUnits=100, (truncated)...]
2025-07-01 12:19:15 - Using 'application/json', given [*/*] and supported [application/json, application/*+json]
2025-07-01 12:19:15 - Writing [{data=[com.banking.dto.TransactionResponse@44b0c6a3, com.banking.dto.TransactionResponse@43c69964, c (truncated)...]
2025-07-01 12:19:15 - Mapped to com.banking.controller.TransactionController#getTransactionsByAccount(String)
2025-07-01 12:19:15 - Using 'application/json', given [*/*] and supported [application/json, application/*+json]
2025-07-01 12:19:15 - Writing [{data=[com.banking.dto.TransactionResponse@49b890be, com.banking.dto.TransactionResponse@530e491b, c (truncated)...]
2025-07-01 12:19:15 - Using 'application/json', given [*/*] and supported [application/json, application/*+json]
2025-07-01 12:19:15 - Writing [{data=[], success=true, message=获取账户交易成功}]
2025-07-01 12:19:15 - Mapped to com.banking.controller.TransactionController#getSecurityStatistics(String, String)
2025-07-01 12:19:15 - Using 'application/json', given [*/*] and supported [application/json, application/*+json]
2025-07-01 12:19:15 - Writing [{data={transDate=2025-07-01, securityCode=000001, buyStatistics={transactionCount=1, totalUnits=100, (truncated)...]
2025-07-01 12:19:15 - Mapped to com.banking.controller.TransactionController#getTransactionsByAccount(String)
2025-07-01 12:19:15 - Using 'application/json', given [*/*] and supported [application/json, application/*+json]
2025-07-01 12:19:15 - Writing [{data=[com.banking.dto.TransactionResponse@5da111e6, com.banking.dto.TransactionResponse@1bb429f5, c (truncated)...]
2025-07-01 12:19:15 - Mapped to com.banking.controller.TransactionController#getSecurityStatistics(String, String)
2025-07-01 12:19:15 - Using 'application/json', given [*/*] and supported [application/json, application/*+json]
2025-07-01 12:19:15 - Writing [{data={transDate=2025-07-01, securityCode=000001, buyStatistics={transactionCount=1, totalUnits=100, (truncated)...]
2025-07-01 12:19:15 - Mapped to com.banking.controller.TransactionController#getTransactionsByAccount(String)
2025-07-01 12:19:15 - Using 'application/json', given [*/*] and supported [application/json, application/*+json]
2025-07-01 12:19:15 - Writing [{data=[com.banking.dto.TransactionResponse@34d84420, com.banking.dto.TransactionResponse@2e8ee1cd, c (truncated)...]
2025-07-01 12:19:15 - Using 'application/json', given [*/*] and supported [application/json, application/*+json]
2025-07-01 12:19:15 - Writing [{data=[], success=true, message=获取账户交易成功}]
2025-07-01 12:19:15 - Mapped to com.banking.controller.TransactionController#getSecurityStatistics(String, String)
2025-07-01 12:19:15 - Using 'application/json', given [*/*] and supported [application/json, application/*+json]
2025-07-01 12:19:15 - Writing [{data={transDate=2025-07-01, securityCode=000001, buyStatistics={transactionCount=1, totalUnits=100, (truncated)...]
2025-07-01 12:19:15 - Using 'application/json', given [*/*] and supported [application/json, application/*+json]
2025-07-01 12:19:15 - Writing [{data=[com.banking.dto.TransactionResponse@8d63ea7], success=true, message=获取账户交易成功}]
2025-07-01 12:19:15 - Mapped to com.banking.controller.TransactionController#getTransactionsByAccount(String)
2025-07-01 12:19:15 - Using 'application/json', given [*/*] and supported [application/json, application/*+json]
2025-07-01 12:19:15 - Writing [{data=[com.banking.dto.TransactionResponse@43cdae2b, com.banking.dto.TransactionResponse@deb83d1, co (truncated)...]
2025-07-01 12:19:15 - Mapped to com.banking.controller.TransactionController#getSecurityStatistics(String, String)
2025-07-01 12:19:15 - Using 'application/json', given [*/*] and supported [application/json, application/*+json]
2025-07-01 12:19:15 - Writing [{data={transDate=2025-07-01, securityCode=000001, buyStatistics={transactionCount=1, totalUnits=100, (truncated)...]
2025-07-01 12:19:15 - Mapped to com.banking.controller.TransactionController#getTransactionsByAccount(String)
2025-07-01 12:19:15 - Using 'application/json', given [*/*] and supported [application/json, application/*+json]
2025-07-01 12:19:15 - Writing [{data=[com.banking.dto.TransactionResponse@74ad0317, com.banking.dto.TransactionResponse@7aaeee2f, c (truncated)...]
2025-07-01 12:19:15 - Mapped to com.banking.controller.TransactionController#getSecurityStatistics(String, String)
2025-07-01 12:19:15 - Using 'application/json', given [*/*] and supported [application/json, application/*+json]
2025-07-01 12:19:15 - Writing [{data=[], success=true, message=获取账户交易成功}]
2025-07-01 12:19:15 - Using 'application/json', given [*/*] and supported [application/json, application/*+json]
2025-07-01 12:19:15 - Writing [{data={transDate=2025-07-01, securityCode=000001, buyStatistics={transactionCount=1, totalUnits=100, (truncated)...]
2025-07-01 12:19:15 - Mapped to com.banking.controller.TransactionController#getTransactionsByAccount(String)
2025-07-01 12:19:15 - Using 'application/json', given [*/*] and supported [application/json, application/*+json]
2025-07-01 12:19:15 - Writing [{data=[com.banking.dto.TransactionResponse@4e9cc69d, com.banking.dto.TransactionResponse@77e3ba6b, c (truncated)...]
2025-07-01 12:19:15 - Using 'application/json', given [*/*] and supported [application/json, application/*+json]
2025-07-01 12:19:15 - Writing [{data=[], success=true, message=获取账户交易成功}]
2025-07-01 12:19:15 - Mapped to com.banking.controller.TransactionController#getSecurityStatistics(String, String)
2025-07-01 12:19:15 - Using 'application/json', given [*/*] and supported [application/json, application/*+json]
2025-07-01 12:19:15 - Writing [{data={transDate=2025-07-01, securityCode=000001, buyStatistics={transactionCount=1, totalUnits=100, (truncated)...]
2025-07-01 12:19:15 - Mapped to com.banking.controller.TransactionController#getTransactionsByAccount(String)
2025-07-01 12:19:15 - Using 'application/json', given [*/*] and supported [application/json, application/*+json]
2025-07-01 12:19:15 - Writing [{data=[com.banking.dto.TransactionResponse@40d2ec2, com.banking.dto.TransactionResponse@70497698, co (truncated)...]
2025-07-01 12:19:15 - Using 'application/json', given [*/*] and supported [application/json, application/*+json]
2025-07-01 12:19:15 - Writing [{data=[], success=true, message=获取账户交易成功}]
2025-07-01 12:19:15 - Mapped to com.banking.controller.TransactionController#getSecurityStatistics(String, String)
2025-07-01 12:19:15 - Using 'application/json', given [*/*] and supported [application/json, application/*+json]
2025-07-01 12:19:15 - Using 'application/json', given [*/*] and supported [application/json, application/*+json]
2025-07-01 12:19:15 - Writing [{data={transDate=2025-07-01, securityCode=000001, buyStatistics={transactionCount=1, totalUnits=100, (truncated)...]
2025-07-01 12:19:15 - Writing [{data=[], success=true, message=获取账户交易成功}]
2025-07-01 12:19:15 - Mapped to com.banking.controller.TransactionController#getSecurityStatistics(String, String)
2025-07-01 12:19:15 - Mapped to com.banking.controller.TransactionController#getTransactionsByAccount(String)
2025-07-01 12:19:15 - Using 'application/json', given [*/*] and supported [application/json, application/*+json]
2025-07-01 12:19:15 - Writing [{data=[], success=true, message=获取账户交易成功}]
2025-07-01 12:19:15 - Using 'application/json', given [*/*] and supported [application/json, application/*+json]
2025-07-01 12:19:15 - Writing [{data={transDate=2025-07-01, securityCode=000001, buyStatistics={transactionCount=1, totalUnits=100, (truncated)...]
2025-07-01 12:19:15 - Mapped to com.banking.controller.TransactionController#getTransactionsByAccount(String)
2025-07-01 12:19:15 - Using 'application/json', given [*/*] and supported [application/json, application/*+json]
2025-07-01 12:19:15 - Using 'application/json', given [*/*] and supported [application/json, application/*+json]
2025-07-01 12:19:15 - Writing [{data=[], success=true, message=获取账户交易成功}]
2025-07-01 12:19:15 - Writing [{data=[com.banking.dto.TransactionResponse@37efb23e, com.banking.dto.TransactionResponse@16173f2e, c (truncated)...]
2025-07-01 12:19:15 - Mapped to com.banking.controller.TransactionController#getSecurityStatistics(String, String)
2025-07-01 12:19:15 - Using 'application/json', given [*/*] and supported [application/json, application/*+json]
2025-07-01 12:19:15 - Writing [{data=[], success=true, message=获取账户交易成功}]
2025-07-01 12:19:15 - Using 'application/json', given [*/*] and supported [application/json, application/*+json]
2025-07-01 12:19:15 - Writing [{data={transDate=2025-07-01, securityCode=000001, buyStatistics={transactionCount=1, totalUnits=100, (truncated)...]
2025-07-01 12:19:15 - Using 'application/json', given [*/*] and supported [application/json, application/*+json]
2025-07-01 12:19:15 - Using 'application/json', given [*/*] and supported [application/json, application/*+json]
2025-07-01 12:19:15 - Writing [{data=[], success=true, message=获取账户交易成功}]
2025-07-01 12:19:15 - Writing [{data=[], success=true, message=获取账户交易成功}]
2025-07-01 12:19:15 - Using 'application/json', given [*/*] and supported [application/json, application/*+json]
2025-07-01 12:19:15 - Writing [{data=[com.banking.dto.TransactionResponse@28e37a52, com.banking.dto.TransactionResponse@37079877, c (truncated)...]
2025-07-01 12:19:15 - Mapped to com.banking.controller.TransactionController#getSecurityStatistics(String, String)
2025-07-01 12:19:15 - Using 'application/json', given [*/*] and supported [application/json, application/*+json]
2025-07-01 12:19:15 - Writing [{data=[], success=true, message=获取账户交易成功}]
2025-07-01 12:19:15 - Mapped to com.banking.controller.TransactionController#getSecurityStatistics(String, String)
2025-07-01 12:19:15 - Using 'application/json', given [*/*] and supported [application/json, application/*+json]
2025-07-01 12:19:15 - Using 'application/json', given [*/*] and supported [application/json, application/*+json]
2025-07-01 12:19:15 - Writing [{data={transDate=2025-07-01, securityCode=000001, buyStatistics={transactionCount=1, totalUnits=100, (truncated)...]
2025-07-01 12:19:15 - Writing [{data={transDate=2025-07-01, securityCode=000001, buyStatistics={transactionCount=1, totalUnits=100, (truncated)...]
2025-07-01 12:19:15 - Using 'application/json', given [*/*] and supported [application/json, application/*+json]
2025-07-01 12:19:15 - Mapped to com.banking.controller.TransactionController#getTransactionsByAccount(String)
2025-07-01 12:19:15 - Writing [{data=[com.banking.dto.TransactionResponse@5978ffc9, com.banking.dto.TransactionResponse@4470a12f, c (truncated)...]
2025-07-01 12:19:15 - Using 'application/json', given [*/*] and supported [application/json, application/*+json]
2025-07-01 12:19:15 - Mapped to com.banking.controller.TransactionController#getSecurityStatistics(String, String)
2025-07-01 12:19:15 - Writing [{data=[], success=true, message=获取账户交易成功}]
2025-07-01 12:19:15 - Mapped to com.banking.controller.TransactionController#getTransactionsByAccount(String)
2025-07-01 12:19:15 - Using 'application/json', given [*/*] and supported [application/json, application/*+json]
2025-07-01 12:19:15 - Mapped to com.banking.controller.TransactionController#getTransactionsByAccount(String)
2025-07-01 12:19:15 - Writing [{data={transDate=2025-07-01, securityCode=000001, buyStatistics={transactionCount=1, totalUnits=100, (truncated)...]
2025-07-01 12:19:15 - Mapped to com.banking.controller.TransactionController#getTransactionsByAccount(String)
2025-07-01 12:19:15 - Using 'application/json', given [*/*] and supported [application/json, application/*+json]
2025-07-01 12:19:15 - Using 'application/json', given [*/*] and supported [application/json, application/*+json]
2025-07-01 12:19:15 - Writing [{data=[com.banking.dto.TransactionResponse@3ab58218, com.banking.dto.TransactionResponse@4b3830ca, c (truncated)...]
2025-07-01 12:19:15 - Writing [{data=[com.banking.dto.TransactionResponse@39f4b69b, com.banking.dto.TransactionResponse@23735eed, c (truncated)...]
2025-07-01 12:19:15 - Using 'application/json', given [*/*] and supported [application/json, application/*+json]
2025-07-01 12:19:15 - Writing [{data=[com.banking.dto.TransactionResponse@2c65bf80, com.banking.dto.TransactionResponse@b0d2b5f, co (truncated)...]
2025-07-01 12:19:15 - Using 'application/json', given [*/*] and supported [application/json, application/*+json]
2025-07-01 12:19:15 - Writing [{data=[], success=true, message=获取账户交易成功}]
2025-07-01 12:19:15 - Mapped to com.banking.controller.TransactionController#getSecurityStatistics(String, String)
2025-07-01 12:19:15 - Using 'application/json', given [*/*] and supported [application/json, application/*+json]
2025-07-01 12:19:15 - Writing [{data={transDate=2025-07-01, securityCode=000001, buyStatistics={transactionCount=1, totalUnits=100, (truncated)...]
2025-07-01 12:19:15 - Mapped to com.banking.controller.TransactionController#getTransactionsByAccount(String)
2025-07-01 12:19:15 - Using 'application/json', given [*/*] and supported [application/json, application/*+json]
2025-07-01 12:19:15 - Writing [{data={transDate=2025-07-01, securityCode=000001, buyStatistics={transactionCount=1, totalUnits=100, (truncated)...]
2025-07-01 12:19:15 - Mapped to com.banking.controller.TransactionController#getTransactionsByAccount(String)
2025-07-01 12:19:15 - Using 'application/json', given [*/*] and supported [application/json, application/*+json]
2025-07-01 12:19:15 - Writing [{data={totalTransactions=1120, transactionTypes=[Lcom.banking.model.TransactionType;@31789f83}, succ (truncated)...]
2025-07-01 12:19:15 - Mapped to com.banking.controller.TransactionController#getTransactionsByType(TransactionType)
2025-07-01 12:19:15 - Using 'application/json', given [*/*] and supported [application/json, application/*+json]
2025-07-01 12:19:15 - Writing [{data={totalTransactions=1120, transactionTypes=[Lcom.banking.model.TransactionType;@226a8f49}, succ (truncated)...]
2025-07-01 12:19:15 - Mapped to com.banking.controller.TransactionController#getTransactionsByType(TransactionType)
2025-07-01 12:19:15 - Mapped to com.banking.controller.TransactionController#getSecurityStatistics(String, String)
2025-07-01 12:19:15 - Using 'application/json', given [*/*] and supported [application/json, application/*+json]
2025-07-01 12:19:15 - Writing [{data=[], success=true, message=获取账户交易成功}]
2025-07-01 12:19:15 - Using 'application/json', given [*/*] and supported [application/json, application/*+json]
2025-07-01 12:19:15 - Writing [{data={transDate=2025-07-01, securityCode=000001, buyStatistics={transactionCount=1, totalUnits=100, (truncated)...]
2025-07-01 12:19:15 - Using 'application/json', given [*/*] and supported [application/json, application/*+json]
2025-07-01 12:19:15 - Writing [{data=[com.banking.dto.TransactionResponse@70cd6f21, com.banking.dto.TransactionResponse@5ec33fb3, c (truncated)...]
2025-07-01 12:19:15 - Mapped to com.banking.controller.TransactionController#getTransactionsByAccount(String)
2025-07-01 12:19:15 - Using 'application/json', given [*/*] and supported [application/json, application/*+json]
2025-07-01 12:19:15 - Writing [{data=[com.banking.dto.TransactionResponse@3adf201f, com.banking.dto.TransactionResponse@62f22a0f, c (truncated)...]
2025-07-01 12:19:15 - Using 'application/json', given [*/*] and supported [application/json, application/*+json]
2025-07-01 12:19:15 - Writing [{data=[], success=true, message=获取账户交易成功}]
2025-07-01 12:19:15 - Mapped to com.banking.controller.TransactionController#getSecurityStatistics(String, String)
2025-07-01 12:19:15 - Using 'application/json', given [*/*] and supported [application/json, application/*+json]
2025-07-01 12:19:15 - Using 'application/json', given [*/*] and supported [application/json, application/*+json]
2025-07-01 12:19:15 - Writing [{data=[], success=true, message=获取账户交易成功}]
2025-07-01 12:19:15 - Writing [{data={transDate=2025-07-01, securityCode=000001, buyStatistics={transactionCount=1, totalUnits=100, (truncated)...]
2025-07-01 12:19:15 - Mapped to com.banking.controller.TransactionController#getTransactionsByAccount(String)
2025-07-01 12:19:15 - Using 'application/json', given [*/*] and supported [application/json, application/*+json]
2025-07-01 12:19:15 - Writing [{data=[com.banking.dto.TransactionResponse@4b8cee77], success=true, message=获取账户交易成功}]
2025-07-01 12:19:15 - Using 'application/json', given [*/*] and supported [application/json, application/*+json]
2025-07-01 12:19:15 - Writing [{data=[], success=true, message=获取账户交易成功}]
2025-07-01 12:19:15 - Using 'application/json', given [*/*] and supported [application/json, application/*+json]
2025-07-01 12:19:15 - Writing [{data=[com.banking.dto.TransactionResponse@7e6d00d9, com.banking.dto.TransactionResponse@14a7f5c6, c (truncated)...]
2025-07-01 12:19:15 - Using 'application/json', given [*/*] and supported [application/json, application/*+json]
2025-07-01 12:19:15 - Writing [{data=[], success=true, message=获取账户交易成功}]
2025-07-01 12:19:15 - Mapped to com.banking.controller.TransactionController#getSecurityStatistics(String, String)
2025-07-01 12:19:15 - Using 'application/json', given [*/*] and supported [application/json, application/*+json]
2025-07-01 12:19:15 - Writing [{data={transDate=2025-07-01, securityCode=000001, buyStatistics={transactionCount=1, totalUnits=100, (truncated)...]
2025-07-01 12:19:15 - Using 'application/json', given [*/*] and supported [application/json, application/*+json]
2025-07-01 12:19:15 - Writing [{data={totalTransactions=1120, transactionTypes=[Lcom.banking.model.TransactionType;@31a725ef}, succ (truncated)...]
2025-07-01 12:19:15 - Mapped to com.banking.controller.TransactionController#getTransactionsByType(TransactionType)
2025-07-01 12:19:15 - Mapped to com.banking.controller.TransactionController#getTransactionsByAccount(String)
2025-07-01 12:19:15 - Using 'application/json', given [*/*] and supported [application/json, application/*+json]
2025-07-01 12:19:15 - Writing [{data={totalTransactions=1120, transactionTypes=[Lcom.banking.model.TransactionType;@2f0c3e4}, succe (truncated)...]
2025-07-01 12:19:15 - Mapped to com.banking.controller.TransactionController#getSecurityStatistics(String, String)
2025-07-01 12:19:15 - Mapped to com.banking.controller.TransactionController#getTransactionsByType(TransactionType)
2025-07-01 12:19:15 - Using 'application/json', given [*/*] and supported [application/json, application/*+json]
2025-07-01 12:19:15 - Writing [{data={transDate=2025-07-01, securityCode=000001, buyStatistics={transactionCount=1, totalUnits=100, (truncated)...]
2025-07-01 12:19:15 - Using 'application/json', given [*/*] and supported [application/json, application/*+json]
2025-07-01 12:19:15 - Writing [{data=[com.banking.dto.TransactionResponse@5513913d], success=true, message=获取账户交易成功}]
2025-07-01 12:19:15 - Mapped to com.banking.controller.TransactionController#getTransactionsByAccount(String)
2025-07-01 12:19:15 - Using 'application/json', given [*/*] and supported [application/json, application/*+json]
2025-07-01 12:19:15 - Using 'application/json', given [*/*] and supported [application/json, application/*+json]
2025-07-01 12:19:15 - Writing [{data=[com.banking.dto.TransactionResponse@2a12a5d7], success=true, message=获取账户交易成功}]
2025-07-01 12:19:15 - Writing [{data=[com.banking.dto.TransactionResponse@309fa543, com.banking.dto.TransactionResponse@2e7025df, c (truncated)...]
2025-07-01 12:19:15 - Using 'application/json', given [*/*] and supported [application/json, application/*+json]
2025-07-01 12:19:15 - Writing [{data=[], success=true, message=获取账户交易成功}]
2025-07-01 12:19:15 - Using 'application/json', given [*/*] and supported [application/json, application/*+json]
2025-07-01 12:19:15 - Writing [{data=[], success=true, message=获取账户交易成功}]
2025-07-01 12:19:15 - Using 'application/json', given [*/*] and supported [application/json, application/*+json]
2025-07-01 12:19:15 - Writing [{data=[], success=true, message=获取账户交易成功}]
2025-07-01 12:19:15 - Using 'application/json', given [*/*] and supported [application/json, application/*+json]
2025-07-01 12:19:15 - Writing [{data=[com.banking.dto.TransactionResponse@51d9f4d], success=true, message=获取账户交易成功}]
2025-07-01 12:19:15 - Using 'application/json', given [*/*] and supported [application/json, application/*+json]
2025-07-01 12:19:15 - Writing [{data=[com.banking.dto.TransactionResponse@660c5bb5], success=true, message=获取账户交易成功}]
2025-07-01 12:19:15 - Using 'application/json', given [*/*] and supported [application/json, application/*+json]
2025-07-01 12:19:15 - Writing [{data=[com.banking.dto.TransactionResponse@2855fb49], success=true, message=获取账户交易成功}]
2025-07-01 12:19:15 - Using 'application/json', given [*/*] and supported [application/json, application/*+json]
2025-07-01 12:19:15 - Using 'application/json', given [*/*] and supported [application/json, application/*+json]
2025-07-01 12:19:15 - Writing [{data=[com.banking.dto.TransactionResponse@5c533bb4], success=true, message=获取账户交易成功}]
2025-07-01 12:19:15 - Writing [{data=[com.banking.dto.TransactionResponse@4efeff56], success=true, message=获取账户交易成功}]
2025-07-01 12:19:15 - Mapped to com.banking.controller.TransactionController#getSecurityStatistics(String, String)
2025-07-01 12:19:15 - Using 'application/json', given [*/*] and supported [application/json, application/*+json]
2025-07-01 12:19:15 - Writing [{data={transDate=2025-07-01, securityCode=000001, buyStatistics={transactionCount=1, totalUnits=100, (truncated)...]
2025-07-01 12:19:15 - Using 'application/json', given [*/*] and supported [application/json, application/*+json]
2025-07-01 12:19:15 - Using 'application/json', given [*/*] and supported [application/json, application/*+json]
2025-07-01 12:19:15 - Writing [{data=[com.banking.dto.TransactionResponse@38779f4f], success=true, message=获取账户交易成功}]
2025-07-01 12:19:15 - Writing [{data=[com.banking.dto.TransactionResponse@18eb8ae3], success=true, message=获取账户交易成功}]
2025-07-01 12:19:15 - Mapped to com.banking.controller.TransactionController#getTransactionsByAccount(String)
2025-07-01 12:19:15 - Using 'application/json', given [*/*] and supported [application/json, application/*+json]
2025-07-01 12:19:15 - Writing [{data=[com.banking.dto.TransactionResponse@641a9645], success=true, message=获取账户交易成功}]
2025-07-01 12:19:15 - Using 'application/json', given [*/*] and supported [application/json, application/*+json]
2025-07-01 12:19:15 - Writing [{data=[], success=true, message=获取账户交易成功}]
2025-07-01 12:19:15 - Using 'application/json', given [*/*] and supported [application/json, application/*+json]
2025-07-01 12:19:15 - Writing [{data=[com.banking.dto.TransactionResponse@4124929], success=true, message=获取账户交易成功}]
2025-07-01 12:19:15 - Using 'application/json', given [*/*] and supported [application/json, application/*+json]
2025-07-01 12:19:15 - Writing [{data=[com.banking.dto.TransactionResponse@601a350e], success=true, message=获取账户交易成功}]
2025-07-01 12:19:15 - Mapped to com.banking.controller.TransactionController#getSecurityStatistics(String, String)
2025-07-01 12:19:15 - Using 'application/json', given [*/*] and supported [application/json, application/*+json]
2025-07-01 12:19:15 - Writing [{data=[com.banking.dto.TransactionResponse@c61c056], success=true, message=获取账户交易成功}]
2025-07-01 12:19:15 - Using 'application/json', given [*/*] and supported [application/json, application/*+json]
2025-07-01 12:19:15 - Writing [{data=[com.banking.dto.TransactionResponse@241f2c84], success=true, message=获取账户交易成功}]
2025-07-01 12:19:15 - Using 'application/json', given [*/*] and supported [application/json, application/*+json]
2025-07-01 12:19:15 - Writing [{data={transDate=2025-07-01, securityCode=000001, buyStatistics={transactionCount=1, totalUnits=100, (truncated)...]
2025-07-01 12:19:15 - Using 'application/json', given [*/*] and supported [application/json, application/*+json]
2025-07-01 12:19:15 - Writing [{data=[com.banking.dto.TransactionResponse@152b28e7], success=true, message=获取账户交易成功}]
2025-07-01 12:19:15 - Using 'application/json', given [*/*] and supported [application/json, application/*+json]
2025-07-01 12:19:15 - Mapped to com.banking.controller.TransactionController#getTransactionsByAccount(String)
2025-07-01 12:19:15 - Writing [{data=[com.banking.dto.TransactionResponse@30633d3b], success=true, message=获取账户交易成功}]
2025-07-01 12:19:15 - Using 'application/json', given [*/*] and supported [application/json, application/*+json]
2025-07-01 12:19:15 - Writing [{data=[com.banking.dto.TransactionResponse@7e4852a7], success=true, message=获取账户交易成功}]
2025-07-01 12:19:15 - Using 'application/json', given [*/*] and supported [application/json, application/*+json]
2025-07-01 12:19:15 - Using 'application/json', given [*/*] and supported [application/json, application/*+json]
2025-07-01 12:19:15 - Writing [{data=[com.banking.dto.TransactionResponse@16f86510], success=true, message=获取账户交易成功}]
2025-07-01 12:19:15 - Writing [{data=[com.banking.dto.TransactionResponse@7ceb244e, com.banking.dto.TransactionResponse@353400e9, c (truncated)...]
2025-07-01 12:19:15 - Using 'application/json', given [*/*] and supported [application/json, application/*+json]
2025-07-01 12:19:15 - Writing [{data=[com.banking.dto.TransactionResponse@6ae81128], success=true, message=获取账户交易成功}]
2025-07-01 12:19:15 - Using 'application/json', given [*/*] and supported [application/json, application/*+json]
2025-07-01 12:19:15 - Writing [{data=[com.banking.dto.TransactionResponse@19d2dea5], success=true, message=获取账户交易成功}]
2025-07-01 12:19:15 - Using 'application/json', given [*/*] and supported [application/json, application/*+json]
2025-07-01 12:19:15 - Using 'application/json', given [*/*] and supported [application/json, application/*+json]
2025-07-01 12:19:15 - Writing [{data=[com.banking.dto.TransactionResponse@593fea4], success=true, message=获取账户交易成功}]
2025-07-01 12:19:15 - Writing [{data=[com.banking.dto.TransactionResponse@1c73d410], success=true, message=获取账户交易成功}]
2025-07-01 12:19:15 - Using 'application/json', given [*/*] and supported [application/json, application/*+json]
2025-07-01 12:19:15 - Using 'application/json', given [*/*] and supported [application/json, application/*+json]
2025-07-01 12:19:15 - Writing [{data=[com.banking.dto.TransactionResponse@37e34398], success=true, message=获取账户交易成功}]
2025-07-01 12:19:15 - Writing [{data=[com.banking.dto.TransactionResponse@4e2352ea], success=true, message=获取账户交易成功}]
2025-07-01 12:19:15 - Using 'application/json', given [*/*] and supported [application/json, application/*+json]
2025-07-01 12:19:15 - Using 'application/json', given [*/*] and supported [application/json, application/*+json]
2025-07-01 12:19:15 - Writing [{data=[com.banking.dto.TransactionResponse@20f2316a], success=true, message=获取账户交易成功}]
2025-07-01 12:19:15 - Writing [{data=[com.banking.dto.TransactionResponse@791a994b], success=true, message=获取账户交易成功}]
2025-07-01 12:19:15 - Using 'application/json', given [*/*] and supported [application/json, application/*+json]
2025-07-01 12:19:15 - Writing [{data=[com.banking.dto.TransactionResponse@590be28e], success=true, message=获取账户交易成功}]
2025-07-01 12:19:15 - Using 'application/json', given [*/*] and supported [application/json, application/*+json]
2025-07-01 12:19:15 - Writing [{data=[com.banking.dto.TransactionResponse@2e64b12b], success=true, message=获取账户交易成功}]
2025-07-01 12:19:15 - Using 'application/json', given [*/*] and supported [application/json, application/*+json]
2025-07-01 12:19:15 - Writing [{data=[], success=true, message=获取账户交易成功}]
2025-07-01 12:19:15 - Using 'application/json', given [*/*] and supported [application/json, application/*+json]
2025-07-01 12:19:15 - Writing [{data=[], success=true, message=获取账户交易成功}]
2025-07-01 12:19:15 - Using 'application/json', given [*/*] and supported [application/json, application/*+json]
2025-07-01 12:19:15 - Writing [{data=[com.banking.dto.TransactionResponse@47467dc8], success=true, message=获取账户交易成功}]
2025-07-01 12:19:15 - Mapped to com.banking.controller.TransactionController#getSecurityStatistics(String, String)
2025-07-01 12:19:15 - Using 'application/json', given [*/*] and supported [application/json, application/*+json]
2025-07-01 12:19:15 - Writing [{data=[com.banking.dto.TransactionResponse@37da0a1c], success=true, message=获取账户交易成功}]
2025-07-01 12:19:15 - Using 'application/json', given [*/*] and supported [application/json, application/*+json]
2025-07-01 12:19:15 - Writing [{data={transDate=2025-07-01, securityCode=000001, buyStatistics={transactionCount=1, totalUnits=100, (truncated)...]
2025-07-01 12:19:15 - Mapped to com.banking.controller.TransactionController#getTransactionsByAccount(String)
2025-07-01 12:19:15 - Using 'application/json', given [*/*] and supported [application/json, application/*+json]
2025-07-01 12:19:15 - Writing [{data=[com.banking.dto.TransactionResponse@68e73ed6, com.banking.dto.TransactionResponse@1243cfd3, c (truncated)...]
2025-07-01 12:19:15 - Using 'application/json', given [*/*] and supported [application/json, application/*+json]
2025-07-01 12:19:15 - Writing [{data=[com.banking.dto.TransactionResponse@5e7ada21, com.banking.dto.TransactionResponse@462daa7b, c (truncated)...]
2025-07-01 12:19:15 - Using 'application/json', given [*/*] and supported [application/json, application/*+json]
2025-07-01 12:19:15 - Writing [{data=[com.banking.dto.TransactionResponse@38da8e34], success=true, message=获取账户交易成功}]
2025-07-01 12:19:15 - Mapped to com.banking.controller.TransactionController#getSecurityStatistics(String, String)
2025-07-01 12:19:15 - Using 'application/json', given [*/*] and supported [application/json, application/*+json]
2025-07-01 12:19:15 - Writing [{data={transDate=2025-07-01, securityCode=000001, buyStatistics={transactionCount=1, totalUnits=100, (truncated)...]
2025-07-01 12:19:15 - Using 'application/json', given [*/*] and supported [application/json, application/*+json]
2025-07-01 12:19:15 - Using 'application/json', given [*/*] and supported [application/json, application/*+json]
2025-07-01 12:19:15 - Writing [{data=[com.banking.dto.TransactionResponse@266375b8], success=true, message=获取账户交易成功}]
2025-07-01 12:19:15 - Writing [{data=[com.banking.dto.TransactionResponse@5e4fcd99, com.banking.dto.TransactionResponse@1486ad31, c (truncated)...]
2025-07-01 12:19:15 - Mapped to com.banking.controller.TransactionController#getTransactionsByAccount(String)
2025-07-01 12:19:15 - Using 'application/json', given [*/*] and supported [application/json, application/*+json]
2025-07-01 12:19:15 - Writing [{data=[com.banking.dto.TransactionResponse@15ad491a], success=true, message=获取账户交易成功}]
2025-07-01 12:19:15 - Mapped to com.banking.controller.TransactionController#getSecurityStatistics(String, String)
2025-07-01 12:19:15 - Using 'application/json', given [*/*] and supported [application/json, application/*+json]
2025-07-01 12:19:15 - Writing [{data={transDate=2025-07-01, securityCode=000001, buyStatistics={transactionCount=1, totalUnits=100, (truncated)...]
2025-07-01 12:19:15 - Using 'application/json', given [*/*] and supported [application/json, application/*+json]
2025-07-01 12:19:15 - Writing [{data=[], success=true, message=获取账户交易成功}]
2025-07-01 12:19:15 - Using 'application/json', given [*/*] and supported [application/json, application/*+json]
2025-07-01 12:19:15 - Mapped to com.banking.controller.TransactionController#getTransactionsByAccount(String)
2025-07-01 12:19:15 - Writing [{data=[], success=true, message=获取账户交易成功}]
2025-07-01 12:19:15 - Using 'application/json', given [*/*] and supported [application/json, application/*+json]
2025-07-01 12:19:15 - Using 'application/json', given [*/*] and supported [application/json, application/*+json]
2025-07-01 12:19:15 - Writing [{data=[com.banking.dto.TransactionResponse@2eddab69], success=true, message=获取账户交易成功}]
2025-07-01 12:19:15 - Writing [{data=[com.banking.dto.TransactionResponse@3a9cea2f, com.banking.dto.TransactionResponse@36de16ad, c (truncated)...]
2025-07-01 12:19:15 - Using 'application/json', given [*/*] and supported [application/json, application/*+json]
2025-07-01 12:19:15 - Writing [{data=[com.banking.dto.TransactionResponse@3490fedf], success=true, message=获取账户交易成功}]
2025-07-01 12:19:15 - Mapped to com.banking.controller.TransactionController#getSecurityStatistics(String, String)
2025-07-01 12:19:15 - Using 'application/json', given [*/*] and supported [application/json, application/*+json]
2025-07-01 12:19:15 - Writing [{data={transDate=2025-07-01, securityCode=000001, buyStatistics={transactionCount=1, totalUnits=100, (truncated)...]
2025-07-01 12:19:15 - Mapped to com.banking.controller.TransactionController#getTransactionsByAccount(String)
2025-07-01 12:19:15 - Mapped to com.banking.controller.TransactionController#getSecurityStatistics(String, String)
2025-07-01 12:19:15 - Using 'application/json', given [*/*] and supported [application/json, application/*+json]
2025-07-01 12:19:15 - Writing [{data=[com.banking.dto.TransactionResponse@79c7311a], success=true, message=获取账户交易成功}]
2025-07-01 12:19:15 - Using 'application/json', given [*/*] and supported [application/json, application/*+json]
2025-07-01 12:19:15 - Writing [{data={transDate=2025-07-01, securityCode=000001, buyStatistics={transactionCount=1, totalUnits=100, (truncated)...]
2025-07-01 12:19:15 - Mapped to com.banking.controller.TransactionController#getTransactionsByAccount(String)
2025-07-01 12:19:15 - Using 'application/json', given [*/*] and supported [application/json, application/*+json]
2025-07-01 12:19:15 - Writing [{data=[com.banking.dto.TransactionResponse@3fc14148], success=true, message=获取账户交易成功}]
2025-07-01 12:19:16 - Mapped to com.banking.controller.TransactionController#getSecurityStatistics(String, String)
2025-07-01 12:19:16 - Using 'application/json', given [*/*] and supported [application/json, application/*+json]
2025-07-01 12:19:16 - Writing [{data={transDate=2025-07-01, securityCode=000001, buyStatistics={transactionCount=1, totalUnits=100, (truncated)...]
2025-07-01 12:19:16 - Mapped to com.banking.controller.TransactionController#getTransactionsByAccount(String)
2025-07-01 12:19:16 - Using 'application/json', given [*/*] and supported [application/json, application/*+json]
2025-07-01 12:19:16 - Writing [{data=[com.banking.dto.TransactionResponse@4c4f400d], success=true, message=获取账户交易成功}]
2025-07-01 12:19:16 - Mapped to com.banking.controller.TransactionController#getSecurityStatistics(String, String)
2025-07-01 12:19:16 - Using 'application/json', given [*/*] and supported [application/json, application/*+json]
2025-07-01 12:19:16 - Writing [{data={transDate=2025-07-01, securityCode=000001, buyStatistics={transactionCount=1, totalUnits=100, (truncated)...]
2025-07-01 12:19:16 - Mapped to com.banking.controller.TransactionController#getTransactionsByAccount(String)
2025-07-01 12:19:16 - Using 'application/json', given [*/*] and supported [application/json, application/*+json]
2025-07-01 12:19:16 - Writing [{data=[], success=true, message=获取账户交易成功}]
2025-07-01 12:19:16 - Mapped to com.banking.controller.TransactionController#getSecurityStatistics(String, String)
2025-07-01 12:19:16 - Using 'application/json', given [*/*] and supported [application/json, application/*+json]
2025-07-01 12:19:16 - Writing [{data={transDate=2025-07-01, securityCode=000001, buyStatistics={transactionCount=1, totalUnits=100, (truncated)...]
2025-07-01 12:19:16 - Mapped to com.banking.controller.TransactionController#getTransactionsByAccount(String)
2025-07-01 12:19:16 - Using 'application/json', given [*/*] and supported [application/json, application/*+json]
2025-07-01 12:19:16 - Writing [{data=[com.banking.dto.TransactionResponse@3074b4b6], success=true, message=获取账户交易成功}]
2025-07-01 12:19:16 - Mapped to com.banking.controller.TransactionController#getSecurityStatistics(String, String)
2025-07-01 12:19:16 - Mapped to com.banking.controller.TransactionController#getSecurityStatistics(String, String)
2025-07-01 12:19:16 - Using 'application/json', given [*/*] and supported [application/json, application/*+json]
2025-07-01 12:19:16 - Using 'application/json', given [*/*] and supported [application/json, application/*+json]
2025-07-01 12:19:16 - Writing [{data={transDate=2025-07-01, securityCode=000001, buyStatistics={transactionCount=1, totalUnits=100, (truncated)...]
2025-07-01 12:19:16 - Writing [{data={transDate=2025-07-01, securityCode=000001, buyStatistics={transactionCount=1, totalUnits=100, (truncated)...]
2025-07-01 12:19:16 - Mapped to com.banking.controller.TransactionController#getSecurityStatistics(String, String)
2025-07-01 12:19:16 - Mapped to com.banking.controller.TransactionController#getSecurityStatistics(String, String)
2025-07-01 12:19:16 - Using 'application/json', given [*/*] and supported [application/json, application/*+json]
2025-07-01 12:19:16 - Writing [{data={transDate=2025-07-01, securityCode=000001, buyStatistics={transactionCount=1, totalUnits=100, (truncated)...]
2025-07-01 12:19:16 - Using 'application/json', given [*/*] and supported [application/json, application/*+json]
2025-07-01 12:19:16 - Writing [{data={transDate=2025-07-01, securityCode=000001, buyStatistics={transactionCount=1, totalUnits=100, (truncated)...]
2025-07-01 12:19:16 - Mapped to com.banking.controller.TransactionController#getTransactionsByAccount(String)
2025-07-01 12:19:16 - Mapped to com.banking.controller.TransactionController#getTransactionsByAccount(String)
2025-07-01 12:19:16 - Mapped to com.banking.controller.TransactionController#getTransactionsByAccount(String)
2025-07-01 12:19:16 - Mapped to com.banking.controller.TransactionController#getTransactionsByAccount(String)
2025-07-01 12:19:16 - Using 'application/json', given [*/*] and supported [application/json, application/*+json]
2025-07-01 12:19:16 - Using 'application/json', given [*/*] and supported [application/json, application/*+json]
2025-07-01 12:19:16 - Using 'application/json', given [*/*] and supported [application/json, application/*+json]
2025-07-01 12:19:16 - Writing [{data=[com.banking.dto.TransactionResponse@6d886f79], success=true, message=获取账户交易成功}]
2025-07-01 12:19:16 - Using 'application/json', given [*/*] and supported [application/json, application/*+json]
2025-07-01 12:19:16 - Writing [{data=[com.banking.dto.TransactionResponse@3cf00d5a], success=true, message=获取账户交易成功}]
2025-07-01 12:19:16 - Writing [{data=[com.banking.dto.TransactionResponse@6069824], success=true, message=获取账户交易成功}]
2025-07-01 12:19:16 - Writing [{data=[com.banking.dto.TransactionResponse@5b507c25], success=true, message=获取账户交易成功}]
=== 混合操作测试结果 ===
并发用户数: 100
总耗时: 3523ms
========================
]]></system-out>
  </testcase>
</testsuite>