<?xml version="1.0" encoding="UTF-8"?>
<testsuite xmlns:xsi="http://www.w3.org/2001/XMLSchema-instance" xsi:noNamespaceSchemaLocation="https://maven.apache.org/surefire/maven-surefire-plugin/xsd/surefire-test-report-3.0.xsd" version="3.0" name="com.banking.StressTest" time="18.254" tests="3" errors="0" skipped="0" failures="0">
  <properties>
    <property name="java.specification.version" value="21"/>
    <property name="sun.cpu.isalist" value="amd64"/>
    <property name="sun.jnu.encoding" value="GBK"/>
    <property name="java.class.path" value="C:\Users\JBY\My Python\My Java\TransManagement\backend\target\test-classes;C:\Users\JBY\My Python\My Java\TransManagement\backend\target\classes;C:\Users\JBY\.m2\repository\org\springframework\boot\spring-boot-starter-web\3.2.0\spring-boot-starter-web-3.2.0.jar;C:\Users\JBY\.m2\repository\org\springframework\boot\spring-boot-starter\3.2.0\spring-boot-starter-3.2.0.jar;C:\Users\JBY\.m2\repository\org\springframework\boot\spring-boot\3.2.0\spring-boot-3.2.0.jar;C:\Users\JBY\.m2\repository\org\springframework\boot\spring-boot-autoconfigure\3.2.0\spring-boot-autoconfigure-3.2.0.jar;C:\Users\JBY\.m2\repository\org\springframework\boot\spring-boot-starter-logging\3.2.0\spring-boot-starter-logging-3.2.0.jar;C:\Users\JBY\.m2\repository\ch\qos\logback\logback-classic\1.4.11\logback-classic-1.4.11.jar;C:\Users\JBY\.m2\repository\ch\qos\logback\logback-core\1.4.11\logback-core-1.4.11.jar;C:\Users\JBY\.m2\repository\org\apache\logging\log4j\log4j-to-slf4j\2.21.1\log4j-to-slf4j-2.21.1.jar;C:\Users\JBY\.m2\repository\org\apache\logging\log4j\log4j-api\2.21.1\log4j-api-2.21.1.jar;C:\Users\JBY\.m2\repository\org\slf4j\jul-to-slf4j\2.0.9\jul-to-slf4j-2.0.9.jar;C:\Users\JBY\.m2\repository\jakarta\annotation\jakarta.annotation-api\2.1.1\jakarta.annotation-api-2.1.1.jar;C:\Users\JBY\.m2\repository\org\yaml\snakeyaml\2.2\snakeyaml-2.2.jar;C:\Users\JBY\.m2\repository\org\springframework\boot\spring-boot-starter-json\3.2.0\spring-boot-starter-json-3.2.0.jar;C:\Users\JBY\.m2\repository\com\fasterxml\jackson\datatype\jackson-datatype-jdk8\2.15.3\jackson-datatype-jdk8-2.15.3.jar;C:\Users\JBY\.m2\repository\com\fasterxml\jackson\datatype\jackson-datatype-jsr310\2.15.3\jackson-datatype-jsr310-2.15.3.jar;C:\Users\JBY\.m2\repository\com\fasterxml\jackson\module\jackson-module-parameter-names\2.15.3\jackson-module-parameter-names-2.15.3.jar;C:\Users\JBY\.m2\repository\org\springframework\boot\spring-boot-starter-tomcat\3.2.0\spring-boot-starter-tomcat-3.2.0.jar;C:\Users\JBY\.m2\repository\org\apache\tomcat\embed\tomcat-embed-core\10.1.16\tomcat-embed-core-10.1.16.jar;C:\Users\JBY\.m2\repository\org\apache\tomcat\embed\tomcat-embed-websocket\10.1.16\tomcat-embed-websocket-10.1.16.jar;C:\Users\JBY\.m2\repository\org\springframework\spring-web\6.1.1\spring-web-6.1.1.jar;C:\Users\JBY\.m2\repository\org\springframework\spring-beans\6.1.1\spring-beans-6.1.1.jar;C:\Users\JBY\.m2\repository\org\springframework\spring-webmvc\6.1.1\spring-webmvc-6.1.1.jar;C:\Users\JBY\.m2\repository\org\springframework\spring-aop\6.1.1\spring-aop-6.1.1.jar;C:\Users\JBY\.m2\repository\org\springframework\spring-context\6.1.1\spring-context-6.1.1.jar;C:\Users\JBY\.m2\repository\org\springframework\spring-expression\6.1.1\spring-expression-6.1.1.jar;C:\Users\JBY\.m2\repository\org\springframework\boot\spring-boot-starter-validation\3.2.0\spring-boot-starter-validation-3.2.0.jar;C:\Users\JBY\.m2\repository\org\apache\tomcat\embed\tomcat-embed-el\10.1.16\tomcat-embed-el-10.1.16.jar;C:\Users\JBY\.m2\repository\org\hibernate\validator\hibernate-validator\8.0.1.Final\hibernate-validator-8.0.1.Final.jar;C:\Users\JBY\.m2\repository\jakarta\validation\jakarta.validation-api\3.0.2\jakarta.validation-api-3.0.2.jar;C:\Users\JBY\.m2\repository\org\jboss\logging\jboss-logging\3.5.3.Final\jboss-logging-3.5.3.Final.jar;C:\Users\JBY\.m2\repository\com\fasterxml\classmate\1.6.0\classmate-1.6.0.jar;C:\Users\JBY\.m2\repository\org\springframework\boot\spring-boot-starter-cache\3.2.0\spring-boot-starter-cache-3.2.0.jar;C:\Users\JBY\.m2\repository\org\springframework\spring-context-support\6.1.1\spring-context-support-6.1.1.jar;C:\Users\JBY\.m2\repository\org\springframework\boot\spring-boot-starter-data-jpa\3.2.0\spring-boot-starter-data-jpa-3.2.0.jar;C:\Users\JBY\.m2\repository\org\springframework\boot\spring-boot-starter-aop\3.2.0\spring-boot-starter-aop-3.2.0.jar;C:\Users\JBY\.m2\repository\org\aspectj\aspectjweaver\1.9.20.1\aspectjweaver-1.9.20.1.jar;C:\Users\JBY\.m2\repository\org\springframework\boot\spring-boot-starter-jdbc\3.2.0\spring-boot-starter-jdbc-3.2.0.jar;C:\Users\JBY\.m2\repository\com\zaxxer\HikariCP\5.0.1\HikariCP-5.0.1.jar;C:\Users\JBY\.m2\repository\org\springframework\spring-jdbc\6.1.1\spring-jdbc-6.1.1.jar;C:\Users\JBY\.m2\repository\org\hibernate\orm\hibernate-core\6.3.1.Final\hibernate-core-6.3.1.Final.jar;C:\Users\JBY\.m2\repository\jakarta\persistence\jakarta.persistence-api\3.1.0\jakarta.persistence-api-3.1.0.jar;C:\Users\JBY\.m2\repository\jakarta\transaction\jakarta.transaction-api\2.0.1\jakarta.transaction-api-2.0.1.jar;C:\Users\JBY\.m2\repository\org\hibernate\common\hibernate-commons-annotations\6.0.6.Final\hibernate-commons-annotations-6.0.6.Final.jar;C:\Users\JBY\.m2\repository\io\smallrye\jandex\3.1.2\jandex-3.1.2.jar;C:\Users\JBY\.m2\repository\org\glassfish\jaxb\jaxb-runtime\4.0.4\jaxb-runtime-4.0.4.jar;C:\Users\JBY\.m2\repository\org\glassfish\jaxb\jaxb-core\4.0.4\jaxb-core-4.0.4.jar;C:\Users\JBY\.m2\repository\org\eclipse\angus\angus-activation\2.0.1\angus-activation-2.0.1.jar;C:\Users\JBY\.m2\repository\org\glassfish\jaxb\txw2\4.0.4\txw2-4.0.4.jar;C:\Users\JBY\.m2\repository\com\sun\istack\istack-commons-runtime\4.1.2\istack-commons-runtime-4.1.2.jar;C:\Users\JBY\.m2\repository\jakarta\inject\jakarta.inject-api\2.0.1\jakarta.inject-api-2.0.1.jar;C:\Users\JBY\.m2\repository\org\antlr\antlr4-runtime\4.10.1\antlr4-runtime-4.10.1.jar;C:\Users\JBY\.m2\repository\org\springframework\data\spring-data-jpa\3.2.0\spring-data-jpa-3.2.0.jar;C:\Users\JBY\.m2\repository\org\springframework\data\spring-data-commons\3.2.0\spring-data-commons-3.2.0.jar;C:\Users\JBY\.m2\repository\org\springframework\spring-orm\6.1.1\spring-orm-6.1.1.jar;C:\Users\JBY\.m2\repository\org\springframework\spring-tx\6.1.1\spring-tx-6.1.1.jar;C:\Users\JBY\.m2\repository\org\slf4j\slf4j-api\2.0.9\slf4j-api-2.0.9.jar;C:\Users\JBY\.m2\repository\org\springframework\spring-aspects\6.1.1\spring-aspects-6.1.1.jar;C:\Users\JBY\.m2\repository\com\h2database\h2\2.2.224\h2-2.2.224.jar;C:\Users\JBY\.m2\repository\org\springframework\boot\spring-boot-starter-actuator\3.2.0\spring-boot-starter-actuator-3.2.0.jar;C:\Users\JBY\.m2\repository\org\springframework\boot\spring-boot-actuator-autoconfigure\3.2.0\spring-boot-actuator-autoconfigure-3.2.0.jar;C:\Users\JBY\.m2\repository\org\springframework\boot\spring-boot-actuator\3.2.0\spring-boot-actuator-3.2.0.jar;C:\Users\JBY\.m2\repository\io\micrometer\micrometer-observation\1.12.0\micrometer-observation-1.12.0.jar;C:\Users\JBY\.m2\repository\io\micrometer\micrometer-jakarta9\1.12.0\micrometer-jakarta9-1.12.0.jar;C:\Users\JBY\.m2\repository\com\github\ben-manes\caffeine\caffeine\3.1.8\caffeine-3.1.8.jar;C:\Users\JBY\.m2\repository\org\checkerframework\checker-qual\3.37.0\checker-qual-3.37.0.jar;C:\Users\JBY\.m2\repository\com\google\errorprone\error_prone_annotations\2.21.1\error_prone_annotations-2.21.1.jar;C:\Users\JBY\.m2\repository\org\springframework\boot\spring-boot-starter-test\3.2.0\spring-boot-starter-test-3.2.0.jar;C:\Users\JBY\.m2\repository\org\springframework\boot\spring-boot-test\3.2.0\spring-boot-test-3.2.0.jar;C:\Users\JBY\.m2\repository\org\springframework\boot\spring-boot-test-autoconfigure\3.2.0\spring-boot-test-autoconfigure-3.2.0.jar;C:\Users\JBY\.m2\repository\com\jayway\jsonpath\json-path\2.8.0\json-path-2.8.0.jar;C:\Users\JBY\.m2\repository\jakarta\xml\bind\jakarta.xml.bind-api\4.0.1\jakarta.xml.bind-api-4.0.1.jar;C:\Users\JBY\.m2\repository\jakarta\activation\jakarta.activation-api\2.1.2\jakarta.activation-api-2.1.2.jar;C:\Users\JBY\.m2\repository\net\minidev\json-smart\2.5.0\json-smart-2.5.0.jar;C:\Users\JBY\.m2\repository\net\minidev\accessors-smart\2.5.0\accessors-smart-2.5.0.jar;C:\Users\JBY\.m2\repository\org\ow2\asm\asm\9.3\asm-9.3.jar;C:\Users\JBY\.m2\repository\org\awaitility\awaitility\4.2.0\awaitility-4.2.0.jar;C:\Users\JBY\.m2\repository\org\hamcrest\hamcrest\2.2\hamcrest-2.2.jar;C:\Users\JBY\.m2\repository\org\junit\jupiter\junit-jupiter\5.10.1\junit-jupiter-5.10.1.jar;C:\Users\JBY\.m2\repository\org\junit\jupiter\junit-jupiter-api\5.10.1\junit-jupiter-api-5.10.1.jar;C:\Users\JBY\.m2\repository\org\opentest4j\opentest4j\1.3.0\opentest4j-1.3.0.jar;C:\Users\JBY\.m2\repository\org\junit\platform\junit-platform-commons\1.10.1\junit-platform-commons-1.10.1.jar;C:\Users\JBY\.m2\repository\org\apiguardian\apiguardian-api\1.1.2\apiguardian-api-1.1.2.jar;C:\Users\JBY\.m2\repository\org\junit\jupiter\junit-jupiter-params\5.10.1\junit-jupiter-params-5.10.1.jar;C:\Users\JBY\.m2\repository\org\junit\jupiter\junit-jupiter-engine\5.10.1\junit-jupiter-engine-5.10.1.jar;C:\Users\JBY\.m2\repository\org\junit\platform\junit-platform-engine\1.10.1\junit-platform-engine-1.10.1.jar;C:\Users\JBY\.m2\repository\org\mockito\mockito-core\5.7.0\mockito-core-5.7.0.jar;C:\Users\JBY\.m2\repository\net\bytebuddy\byte-buddy-agent\1.14.10\byte-buddy-agent-1.14.10.jar;C:\Users\JBY\.m2\repository\org\objenesis\objenesis\3.3\objenesis-3.3.jar;C:\Users\JBY\.m2\repository\org\mockito\mockito-junit-jupiter\5.7.0\mockito-junit-jupiter-5.7.0.jar;C:\Users\JBY\.m2\repository\org\skyscreamer\jsonassert\1.5.1\jsonassert-1.5.1.jar;C:\Users\JBY\.m2\repository\com\vaadin\external\google\android-json\0.0.20131108.vaadin1\android-json-0.0.20131108.vaadin1.jar;C:\Users\JBY\.m2\repository\org\springframework\spring-core\6.1.1\spring-core-6.1.1.jar;C:\Users\JBY\.m2\repository\org\springframework\spring-jcl\6.1.1\spring-jcl-6.1.1.jar;C:\Users\JBY\.m2\repository\org\springframework\spring-test\6.1.1\spring-test-6.1.1.jar;C:\Users\JBY\.m2\repository\org\xmlunit\xmlunit-core\2.9.1\xmlunit-core-2.9.1.jar;C:\Users\JBY\.m2\repository\org\springdoc\springdoc-openapi-starter-webmvc-ui\2.2.0\springdoc-openapi-starter-webmvc-ui-2.2.0.jar;C:\Users\JBY\.m2\repository\org\springdoc\springdoc-openapi-starter-webmvc-api\2.2.0\springdoc-openapi-starter-webmvc-api-2.2.0.jar;C:\Users\JBY\.m2\repository\org\springdoc\springdoc-openapi-starter-common\2.2.0\springdoc-openapi-starter-common-2.2.0.jar;C:\Users\JBY\.m2\repository\io\swagger\core\v3\swagger-core-jakarta\2.2.15\swagger-core-jakarta-2.2.15.jar;C:\Users\JBY\.m2\repository\io\swagger\core\v3\swagger-annotations-jakarta\2.2.15\swagger-annotations-jakarta-2.2.15.jar;C:\Users\JBY\.m2\repository\io\swagger\core\v3\swagger-models-jakarta\2.2.15\swagger-models-jakarta-2.2.15.jar;C:\Users\JBY\.m2\repository\com\fasterxml\jackson\dataformat\jackson-dataformat-yaml\2.15.3\jackson-dataformat-yaml-2.15.3.jar;C:\Users\JBY\.m2\repository\org\webjars\swagger-ui\5.2.0\swagger-ui-5.2.0.jar;C:\Users\JBY\.m2\repository\com\fasterxml\jackson\core\jackson-databind\2.15.3\jackson-databind-2.15.3.jar;C:\Users\JBY\.m2\repository\com\fasterxml\jackson\core\jackson-annotations\2.15.3\jackson-annotations-2.15.3.jar;C:\Users\JBY\.m2\repository\com\fasterxml\jackson\core\jackson-core\2.15.3\jackson-core-2.15.3.jar;C:\Users\JBY\.m2\repository\org\apache\commons\commons-lang3\3.13.0\commons-lang3-3.13.0.jar;C:\Users\JBY\.m2\repository\io\micrometer\micrometer-core\1.12.0\micrometer-core-1.12.0.jar;C:\Users\JBY\.m2\repository\io\micrometer\micrometer-commons\1.12.0\micrometer-commons-1.12.0.jar;C:\Users\JBY\.m2\repository\org\hdrhistogram\HdrHistogram\2.1.12\HdrHistogram-2.1.12.jar;C:\Users\JBY\.m2\repository\org\latencyutils\LatencyUtils\2.0.3\LatencyUtils-2.0.3.jar;C:\Users\JBY\.m2\repository\org\testcontainers\junit-jupiter\1.19.3\junit-jupiter-1.19.3.jar;C:\Users\JBY\.m2\repository\org\testcontainers\testcontainers\1.19.3\testcontainers-1.19.3.jar;C:\Users\JBY\.m2\repository\junit\junit\4.13.2\junit-4.13.2.jar;C:\Users\JBY\.m2\repository\org\hamcrest\hamcrest-core\2.2\hamcrest-core-2.2.jar;C:\Users\JBY\.m2\repository\org\apache\commons\commons-compress\1.24.0\commons-compress-1.24.0.jar;C:\Users\JBY\.m2\repository\org\rnorth\duct-tape\duct-tape\1.0.8\duct-tape-1.0.8.jar;C:\Users\JBY\.m2\repository\org\jetbrains\annotations\17.0.0\annotations-17.0.0.jar;C:\Users\JBY\.m2\repository\com\github\docker-java\docker-java-api\3.3.4\docker-java-api-3.3.4.jar;C:\Users\JBY\.m2\repository\com\github\docker-java\docker-java-transport-zerodep\3.3.4\docker-java-transport-zerodep-3.3.4.jar;C:\Users\JBY\.m2\repository\com\github\docker-java\docker-java-transport\3.3.4\docker-java-transport-3.3.4.jar;C:\Users\JBY\.m2\repository\net\java\dev\jna\jna\5.13.0\jna-5.13.0.jar;C:\Users\JBY\.m2\repository\org\assertj\assertj-core\3.24.2\assertj-core-3.24.2.jar;C:\Users\JBY\.m2\repository\net\bytebuddy\byte-buddy\1.14.10\byte-buddy-1.14.10.jar;"/>
    <property name="java.vm.vendor" value="Oracle Corporation"/>
    <property name="sun.arch.data.model" value="64"/>
    <property name="user.variant" value=""/>
    <property name="java.vendor.url" value="https://java.oracle.com/"/>
    <property name="user.timezone" value="Asia/Shanghai"/>
    <property name="org.jboss.logging.provider" value="slf4j"/>
    <property name="os.name" value="Windows 11"/>
    <property name="java.vm.specification.version" value="21"/>
    <property name="sun.java.launcher" value="SUN_STANDARD"/>
    <property name="user.country" value="CN"/>
    <property name="sun.boot.library.path" value="D:\Program Files\Java\jdk-21\bin"/>
    <property name="sun.java.command" value="D:\Temp\surefire11493517328206025743\surefirebooter-20250701214742165_3.jar D:\Temp\surefire11493517328206025743 2025-07-01T21-47-42_000-jvmRun1 surefire-20250701214742165_1tmp surefire_0-20250701214742165_2tmp"/>
    <property name="jdk.debug" value="release"/>
    <property name="surefire.test.class.path" value="C:\Users\JBY\My Python\My Java\TransManagement\backend\target\test-classes;C:\Users\JBY\My Python\My Java\TransManagement\backend\target\classes;C:\Users\JBY\.m2\repository\org\springframework\boot\spring-boot-starter-web\3.2.0\spring-boot-starter-web-3.2.0.jar;C:\Users\JBY\.m2\repository\org\springframework\boot\spring-boot-starter\3.2.0\spring-boot-starter-3.2.0.jar;C:\Users\JBY\.m2\repository\org\springframework\boot\spring-boot\3.2.0\spring-boot-3.2.0.jar;C:\Users\JBY\.m2\repository\org\springframework\boot\spring-boot-autoconfigure\3.2.0\spring-boot-autoconfigure-3.2.0.jar;C:\Users\JBY\.m2\repository\org\springframework\boot\spring-boot-starter-logging\3.2.0\spring-boot-starter-logging-3.2.0.jar;C:\Users\JBY\.m2\repository\ch\qos\logback\logback-classic\1.4.11\logback-classic-1.4.11.jar;C:\Users\JBY\.m2\repository\ch\qos\logback\logback-core\1.4.11\logback-core-1.4.11.jar;C:\Users\JBY\.m2\repository\org\apache\logging\log4j\log4j-to-slf4j\2.21.1\log4j-to-slf4j-2.21.1.jar;C:\Users\JBY\.m2\repository\org\apache\logging\log4j\log4j-api\2.21.1\log4j-api-2.21.1.jar;C:\Users\JBY\.m2\repository\org\slf4j\jul-to-slf4j\2.0.9\jul-to-slf4j-2.0.9.jar;C:\Users\JBY\.m2\repository\jakarta\annotation\jakarta.annotation-api\2.1.1\jakarta.annotation-api-2.1.1.jar;C:\Users\JBY\.m2\repository\org\yaml\snakeyaml\2.2\snakeyaml-2.2.jar;C:\Users\JBY\.m2\repository\org\springframework\boot\spring-boot-starter-json\3.2.0\spring-boot-starter-json-3.2.0.jar;C:\Users\JBY\.m2\repository\com\fasterxml\jackson\datatype\jackson-datatype-jdk8\2.15.3\jackson-datatype-jdk8-2.15.3.jar;C:\Users\JBY\.m2\repository\com\fasterxml\jackson\datatype\jackson-datatype-jsr310\2.15.3\jackson-datatype-jsr310-2.15.3.jar;C:\Users\JBY\.m2\repository\com\fasterxml\jackson\module\jackson-module-parameter-names\2.15.3\jackson-module-parameter-names-2.15.3.jar;C:\Users\JBY\.m2\repository\org\springframework\boot\spring-boot-starter-tomcat\3.2.0\spring-boot-starter-tomcat-3.2.0.jar;C:\Users\JBY\.m2\repository\org\apache\tomcat\embed\tomcat-embed-core\10.1.16\tomcat-embed-core-10.1.16.jar;C:\Users\JBY\.m2\repository\org\apache\tomcat\embed\tomcat-embed-websocket\10.1.16\tomcat-embed-websocket-10.1.16.jar;C:\Users\JBY\.m2\repository\org\springframework\spring-web\6.1.1\spring-web-6.1.1.jar;C:\Users\JBY\.m2\repository\org\springframework\spring-beans\6.1.1\spring-beans-6.1.1.jar;C:\Users\JBY\.m2\repository\org\springframework\spring-webmvc\6.1.1\spring-webmvc-6.1.1.jar;C:\Users\JBY\.m2\repository\org\springframework\spring-aop\6.1.1\spring-aop-6.1.1.jar;C:\Users\JBY\.m2\repository\org\springframework\spring-context\6.1.1\spring-context-6.1.1.jar;C:\Users\JBY\.m2\repository\org\springframework\spring-expression\6.1.1\spring-expression-6.1.1.jar;C:\Users\JBY\.m2\repository\org\springframework\boot\spring-boot-starter-validation\3.2.0\spring-boot-starter-validation-3.2.0.jar;C:\Users\JBY\.m2\repository\org\apache\tomcat\embed\tomcat-embed-el\10.1.16\tomcat-embed-el-10.1.16.jar;C:\Users\JBY\.m2\repository\org\hibernate\validator\hibernate-validator\8.0.1.Final\hibernate-validator-8.0.1.Final.jar;C:\Users\JBY\.m2\repository\jakarta\validation\jakarta.validation-api\3.0.2\jakarta.validation-api-3.0.2.jar;C:\Users\JBY\.m2\repository\org\jboss\logging\jboss-logging\3.5.3.Final\jboss-logging-3.5.3.Final.jar;C:\Users\JBY\.m2\repository\com\fasterxml\classmate\1.6.0\classmate-1.6.0.jar;C:\Users\JBY\.m2\repository\org\springframework\boot\spring-boot-starter-cache\3.2.0\spring-boot-starter-cache-3.2.0.jar;C:\Users\JBY\.m2\repository\org\springframework\spring-context-support\6.1.1\spring-context-support-6.1.1.jar;C:\Users\JBY\.m2\repository\org\springframework\boot\spring-boot-starter-data-jpa\3.2.0\spring-boot-starter-data-jpa-3.2.0.jar;C:\Users\JBY\.m2\repository\org\springframework\boot\spring-boot-starter-aop\3.2.0\spring-boot-starter-aop-3.2.0.jar;C:\Users\JBY\.m2\repository\org\aspectj\aspectjweaver\1.9.20.1\aspectjweaver-1.9.20.1.jar;C:\Users\JBY\.m2\repository\org\springframework\boot\spring-boot-starter-jdbc\3.2.0\spring-boot-starter-jdbc-3.2.0.jar;C:\Users\JBY\.m2\repository\com\zaxxer\HikariCP\5.0.1\HikariCP-5.0.1.jar;C:\Users\JBY\.m2\repository\org\springframework\spring-jdbc\6.1.1\spring-jdbc-6.1.1.jar;C:\Users\JBY\.m2\repository\org\hibernate\orm\hibernate-core\6.3.1.Final\hibernate-core-6.3.1.Final.jar;C:\Users\JBY\.m2\repository\jakarta\persistence\jakarta.persistence-api\3.1.0\jakarta.persistence-api-3.1.0.jar;C:\Users\JBY\.m2\repository\jakarta\transaction\jakarta.transaction-api\2.0.1\jakarta.transaction-api-2.0.1.jar;C:\Users\JBY\.m2\repository\org\hibernate\common\hibernate-commons-annotations\6.0.6.Final\hibernate-commons-annotations-6.0.6.Final.jar;C:\Users\JBY\.m2\repository\io\smallrye\jandex\3.1.2\jandex-3.1.2.jar;C:\Users\JBY\.m2\repository\org\glassfish\jaxb\jaxb-runtime\4.0.4\jaxb-runtime-4.0.4.jar;C:\Users\JBY\.m2\repository\org\glassfish\jaxb\jaxb-core\4.0.4\jaxb-core-4.0.4.jar;C:\Users\JBY\.m2\repository\org\eclipse\angus\angus-activation\2.0.1\angus-activation-2.0.1.jar;C:\Users\JBY\.m2\repository\org\glassfish\jaxb\txw2\4.0.4\txw2-4.0.4.jar;C:\Users\JBY\.m2\repository\com\sun\istack\istack-commons-runtime\4.1.2\istack-commons-runtime-4.1.2.jar;C:\Users\JBY\.m2\repository\jakarta\inject\jakarta.inject-api\2.0.1\jakarta.inject-api-2.0.1.jar;C:\Users\JBY\.m2\repository\org\antlr\antlr4-runtime\4.10.1\antlr4-runtime-4.10.1.jar;C:\Users\JBY\.m2\repository\org\springframework\data\spring-data-jpa\3.2.0\spring-data-jpa-3.2.0.jar;C:\Users\JBY\.m2\repository\org\springframework\data\spring-data-commons\3.2.0\spring-data-commons-3.2.0.jar;C:\Users\JBY\.m2\repository\org\springframework\spring-orm\6.1.1\spring-orm-6.1.1.jar;C:\Users\JBY\.m2\repository\org\springframework\spring-tx\6.1.1\spring-tx-6.1.1.jar;C:\Users\JBY\.m2\repository\org\slf4j\slf4j-api\2.0.9\slf4j-api-2.0.9.jar;C:\Users\JBY\.m2\repository\org\springframework\spring-aspects\6.1.1\spring-aspects-6.1.1.jar;C:\Users\JBY\.m2\repository\com\h2database\h2\2.2.224\h2-2.2.224.jar;C:\Users\JBY\.m2\repository\org\springframework\boot\spring-boot-starter-actuator\3.2.0\spring-boot-starter-actuator-3.2.0.jar;C:\Users\JBY\.m2\repository\org\springframework\boot\spring-boot-actuator-autoconfigure\3.2.0\spring-boot-actuator-autoconfigure-3.2.0.jar;C:\Users\JBY\.m2\repository\org\springframework\boot\spring-boot-actuator\3.2.0\spring-boot-actuator-3.2.0.jar;C:\Users\JBY\.m2\repository\io\micrometer\micrometer-observation\1.12.0\micrometer-observation-1.12.0.jar;C:\Users\JBY\.m2\repository\io\micrometer\micrometer-jakarta9\1.12.0\micrometer-jakarta9-1.12.0.jar;C:\Users\JBY\.m2\repository\com\github\ben-manes\caffeine\caffeine\3.1.8\caffeine-3.1.8.jar;C:\Users\JBY\.m2\repository\org\checkerframework\checker-qual\3.37.0\checker-qual-3.37.0.jar;C:\Users\JBY\.m2\repository\com\google\errorprone\error_prone_annotations\2.21.1\error_prone_annotations-2.21.1.jar;C:\Users\JBY\.m2\repository\org\springframework\boot\spring-boot-starter-test\3.2.0\spring-boot-starter-test-3.2.0.jar;C:\Users\JBY\.m2\repository\org\springframework\boot\spring-boot-test\3.2.0\spring-boot-test-3.2.0.jar;C:\Users\JBY\.m2\repository\org\springframework\boot\spring-boot-test-autoconfigure\3.2.0\spring-boot-test-autoconfigure-3.2.0.jar;C:\Users\JBY\.m2\repository\com\jayway\jsonpath\json-path\2.8.0\json-path-2.8.0.jar;C:\Users\JBY\.m2\repository\jakarta\xml\bind\jakarta.xml.bind-api\4.0.1\jakarta.xml.bind-api-4.0.1.jar;C:\Users\JBY\.m2\repository\jakarta\activation\jakarta.activation-api\2.1.2\jakarta.activation-api-2.1.2.jar;C:\Users\JBY\.m2\repository\net\minidev\json-smart\2.5.0\json-smart-2.5.0.jar;C:\Users\JBY\.m2\repository\net\minidev\accessors-smart\2.5.0\accessors-smart-2.5.0.jar;C:\Users\JBY\.m2\repository\org\ow2\asm\asm\9.3\asm-9.3.jar;C:\Users\JBY\.m2\repository\org\awaitility\awaitility\4.2.0\awaitility-4.2.0.jar;C:\Users\JBY\.m2\repository\org\hamcrest\hamcrest\2.2\hamcrest-2.2.jar;C:\Users\JBY\.m2\repository\org\junit\jupiter\junit-jupiter\5.10.1\junit-jupiter-5.10.1.jar;C:\Users\JBY\.m2\repository\org\junit\jupiter\junit-jupiter-api\5.10.1\junit-jupiter-api-5.10.1.jar;C:\Users\JBY\.m2\repository\org\opentest4j\opentest4j\1.3.0\opentest4j-1.3.0.jar;C:\Users\JBY\.m2\repository\org\junit\platform\junit-platform-commons\1.10.1\junit-platform-commons-1.10.1.jar;C:\Users\JBY\.m2\repository\org\apiguardian\apiguardian-api\1.1.2\apiguardian-api-1.1.2.jar;C:\Users\JBY\.m2\repository\org\junit\jupiter\junit-jupiter-params\5.10.1\junit-jupiter-params-5.10.1.jar;C:\Users\JBY\.m2\repository\org\junit\jupiter\junit-jupiter-engine\5.10.1\junit-jupiter-engine-5.10.1.jar;C:\Users\JBY\.m2\repository\org\junit\platform\junit-platform-engine\1.10.1\junit-platform-engine-1.10.1.jar;C:\Users\JBY\.m2\repository\org\mockito\mockito-core\5.7.0\mockito-core-5.7.0.jar;C:\Users\JBY\.m2\repository\net\bytebuddy\byte-buddy-agent\1.14.10\byte-buddy-agent-1.14.10.jar;C:\Users\JBY\.m2\repository\org\objenesis\objenesis\3.3\objenesis-3.3.jar;C:\Users\JBY\.m2\repository\org\mockito\mockito-junit-jupiter\5.7.0\mockito-junit-jupiter-5.7.0.jar;C:\Users\JBY\.m2\repository\org\skyscreamer\jsonassert\1.5.1\jsonassert-1.5.1.jar;C:\Users\JBY\.m2\repository\com\vaadin\external\google\android-json\0.0.20131108.vaadin1\android-json-0.0.20131108.vaadin1.jar;C:\Users\JBY\.m2\repository\org\springframework\spring-core\6.1.1\spring-core-6.1.1.jar;C:\Users\JBY\.m2\repository\org\springframework\spring-jcl\6.1.1\spring-jcl-6.1.1.jar;C:\Users\JBY\.m2\repository\org\springframework\spring-test\6.1.1\spring-test-6.1.1.jar;C:\Users\JBY\.m2\repository\org\xmlunit\xmlunit-core\2.9.1\xmlunit-core-2.9.1.jar;C:\Users\JBY\.m2\repository\org\springdoc\springdoc-openapi-starter-webmvc-ui\2.2.0\springdoc-openapi-starter-webmvc-ui-2.2.0.jar;C:\Users\JBY\.m2\repository\org\springdoc\springdoc-openapi-starter-webmvc-api\2.2.0\springdoc-openapi-starter-webmvc-api-2.2.0.jar;C:\Users\JBY\.m2\repository\org\springdoc\springdoc-openapi-starter-common\2.2.0\springdoc-openapi-starter-common-2.2.0.jar;C:\Users\JBY\.m2\repository\io\swagger\core\v3\swagger-core-jakarta\2.2.15\swagger-core-jakarta-2.2.15.jar;C:\Users\JBY\.m2\repository\io\swagger\core\v3\swagger-annotations-jakarta\2.2.15\swagger-annotations-jakarta-2.2.15.jar;C:\Users\JBY\.m2\repository\io\swagger\core\v3\swagger-models-jakarta\2.2.15\swagger-models-jakarta-2.2.15.jar;C:\Users\JBY\.m2\repository\com\fasterxml\jackson\dataformat\jackson-dataformat-yaml\2.15.3\jackson-dataformat-yaml-2.15.3.jar;C:\Users\JBY\.m2\repository\org\webjars\swagger-ui\5.2.0\swagger-ui-5.2.0.jar;C:\Users\JBY\.m2\repository\com\fasterxml\jackson\core\jackson-databind\2.15.3\jackson-databind-2.15.3.jar;C:\Users\JBY\.m2\repository\com\fasterxml\jackson\core\jackson-annotations\2.15.3\jackson-annotations-2.15.3.jar;C:\Users\JBY\.m2\repository\com\fasterxml\jackson\core\jackson-core\2.15.3\jackson-core-2.15.3.jar;C:\Users\JBY\.m2\repository\org\apache\commons\commons-lang3\3.13.0\commons-lang3-3.13.0.jar;C:\Users\JBY\.m2\repository\io\micrometer\micrometer-core\1.12.0\micrometer-core-1.12.0.jar;C:\Users\JBY\.m2\repository\io\micrometer\micrometer-commons\1.12.0\micrometer-commons-1.12.0.jar;C:\Users\JBY\.m2\repository\org\hdrhistogram\HdrHistogram\2.1.12\HdrHistogram-2.1.12.jar;C:\Users\JBY\.m2\repository\org\latencyutils\LatencyUtils\2.0.3\LatencyUtils-2.0.3.jar;C:\Users\JBY\.m2\repository\org\testcontainers\junit-jupiter\1.19.3\junit-jupiter-1.19.3.jar;C:\Users\JBY\.m2\repository\org\testcontainers\testcontainers\1.19.3\testcontainers-1.19.3.jar;C:\Users\JBY\.m2\repository\junit\junit\4.13.2\junit-4.13.2.jar;C:\Users\JBY\.m2\repository\org\hamcrest\hamcrest-core\2.2\hamcrest-core-2.2.jar;C:\Users\JBY\.m2\repository\org\apache\commons\commons-compress\1.24.0\commons-compress-1.24.0.jar;C:\Users\JBY\.m2\repository\org\rnorth\duct-tape\duct-tape\1.0.8\duct-tape-1.0.8.jar;C:\Users\JBY\.m2\repository\org\jetbrains\annotations\17.0.0\annotations-17.0.0.jar;C:\Users\JBY\.m2\repository\com\github\docker-java\docker-java-api\3.3.4\docker-java-api-3.3.4.jar;C:\Users\JBY\.m2\repository\com\github\docker-java\docker-java-transport-zerodep\3.3.4\docker-java-transport-zerodep-3.3.4.jar;C:\Users\JBY\.m2\repository\com\github\docker-java\docker-java-transport\3.3.4\docker-java-transport-3.3.4.jar;C:\Users\JBY\.m2\repository\net\java\dev\jna\jna\5.13.0\jna-5.13.0.jar;C:\Users\JBY\.m2\repository\org\assertj\assertj-core\3.24.2\assertj-core-3.24.2.jar;C:\Users\JBY\.m2\repository\net\bytebuddy\byte-buddy\1.14.10\byte-buddy-1.14.10.jar;"/>
    <property name="sun.cpu.endian" value="little"/>
    <property name="user.home" value="C:\Users\JBY"/>
    <property name="user.language" value="zh"/>
    <property name="java.specification.vendor" value="Oracle Corporation"/>
    <property name="java.version.date" value="2025-04-15"/>
    <property name="java.home" value="D:\Program Files\Java\jdk-21"/>
    <property name="file.separator" value="\"/>
    <property name="basedir" value="C:\Users\JBY\My Python\My Java\TransManagement\backend"/>
    <property name="java.vm.compressedOopsMode" value="Zero based"/>
    <property name="line.separator" value="&#10;"/>
    <property name="java.vm.specification.vendor" value="Oracle Corporation"/>
    <property name="java.specification.name" value="Java Platform API Specification"/>
    <property name="FILE_LOG_CHARSET" value="UTF-8"/>
    <property name="java.awt.headless" value="true"/>
    <property name="surefire.real.class.path" value="D:\Temp\surefire11493517328206025743\surefirebooter-20250701214742165_3.jar"/>
    <property name="user.script" value=""/>
    <property name="sun.management.compiler" value="HotSpot 64-Bit Tiered Compilers"/>
    <property name="java.runtime.version" value="21.0.7+8-LTS-245"/>
    <property name="user.name" value="JBY"/>
    <property name="stdout.encoding" value="GBK"/>
    <property name="path.separator" value=";"/>
    <property name="os.version" value="10.0"/>
    <property name="java.runtime.name" value="Java(TM) SE Runtime Environment"/>
    <property name="file.encoding" value="UTF-8"/>
    <property name="java.vm.name" value="Java HotSpot(TM) 64-Bit Server VM"/>
    <property name="localRepository" value="C:\Users\JBY\.m2\repository"/>
    <property name="java.vendor.url.bug" value="https://bugreport.java.com/bugreport/"/>
    <property name="java.io.tmpdir" value="D:\Temp\"/>
    <property name="com.zaxxer.hikari.pool_number" value="1"/>
    <property name="java.version" value="21.0.7"/>
    <property name="user.dir" value="C:\Users\JBY\My Python\My Java\TransManagement\backend"/>
    <property name="os.arch" value="amd64"/>
    <property name="java.vm.specification.name" value="Java Virtual Machine Specification"/>
    <property name="PID" value="3564"/>
    <property name="sun.os.patch.level" value=""/>
    <property name="CONSOLE_LOG_CHARSET" value="UTF-8"/>
    <property name="native.encoding" value="GBK"/>
    <property name="java.library.path" value="D:\Program Files\Java\jdk-21\bin;C:\WINDOWS\Sun\Java\bin;C:\WINDOWS\system32;C:\WINDOWS;D:\Program Files\Java\jdk-21\bin;%JAVA_HOME%\bin;D:\Download Tools\maven\apache-maven-3.9.10\bin;C:\WINDOWS\system32;C:\WINDOWS;C:\WINDOWS\System32\Wbem;C:\WINDOWS\System32\WindowsPowerShell\v1.0\;C:\WINDOWS\System32\OpenSSH\;C:\Users\JBY\AppData\Roaming\vipcode\student\plugins\codeblocks\MinGW\bin;C:\Users\JBY\AppData\Roaming\vipcode\student\plugins\codeblocks\MinGW\mingw32\bin;C:\Program Files\dotnet\;C:\Program Files\MySQL\MySQL Server 8.0\bin;C:\Program Files\Git\cmd;D:\Program Files\Gittortoise\bin;%ANDROD_HOME%;%ANDROID_HOME%\emulator;%ANDROID_HOME%\tools;%ANDROID_HOME%\tools\bin;%ANDROID_HOME%\platform-tools;D:\Program Files\nodejs\;C:\ProgramData\chocolatey\bin;D:\Tool\Android\Sdk\build-tools\35.0.1;D:\Download Tools\maven\apache-maven-3.9.10\bin;;C:\Program Files\Docker\Docker\resources\bin;D:\Users\JBY\anaconda3;D:\Users\JBY\anaconda3\Library\mingw-w64\bin;D:\Users\JBY\anaconda3\Library\usr\bin;D:\Users\JBY\anaconda3\Library\bin;D:\Users\JBY\anaconda3\Scripts;C:\Program Files\MySQL\MySQL Shell 8.3\bin\;C:\Users\JBY\AppData\Local\Microsoft\WindowsApps;C:\Program Files (x86)\Tencent\QQGameTempest\Hall.57986\;C:\Program Files\MySQL\MySQL Server 8.0\bin;C:\Users\JBY\AppData\Local\Muse Hub\lib;D:\Tool\Android\Sdk\platform-tools;D:\Tool\Android\Sdk\tools\bin;D:\Tool\Android\Sdk\tools;C:\Users\JBY\AppData\Roaming\npm;C:\Users\JBY\AppData\Roaming\Python\Python313\Scripts;D:\Download Tools\maven\apache-maven-3.9.10\bin;;c:\Users\JBY\AppData\Roaming\Code\User\globalStorage\github.copilot-chat\debugCommand;."/>
    <property name="java.vm.info" value="mixed mode, sharing"/>
    <property name="stderr.encoding" value="GBK"/>
    <property name="java.vendor" value="Oracle Corporation"/>
    <property name="java.vm.version" value="21.0.7+8-LTS-245"/>
    <property name="sun.io.unicode.encoding" value="UnicodeLittle"/>
    <property name="java.class.version" value="65.0"/>
    <property name="CONSOLE_LOG_PATTERN" value="%d{yyyy-MM-dd HH:mm:ss} - %msg%n"/>
    <property name="LOGGED_APPLICATION_NAME" value="[Banking Transaction Management System] "/>
  </properties>
  <testcase name="testConcurrentReadOperations" classname="com.banking.StressTest" time="1.959">
    <system-out><![CDATA[2025-07-01 21:47:56 - Could not detect default configuration classes for test class [com.banking.StressTest]: StressTest does not declare any static, non-private, non-final, nested classes annotated with @Configuration.
2025-07-01 21:47:56 - Found @SpringBootConfiguration com.banking.TransactionManagementApplication for test class com.banking.StressTest

  .   ____          _            __ _ _
 /\\ / ___'_ __ _ _(_)_ __  __ _ \ \ \ \
( ( )\___ | '_ | '_| | '_ \/ _` | \ \ \ \
 \\/  ___)| |_)| | | | | || (_| |  ) ) ) )
  '  |____| .__|_| |_|_| |_\__, | / / / /
 =========|_|==============|___/=/_/_/_/
 :: Spring Boot ::                (v3.2.0)

2025-07-01 21:47:56 - Starting StressTest using Java 21.0.7 with PID 3564 (started by JBY in C:\Users\JBY\My Python\My Java\TransManagement\backend)
2025-07-01 21:47:56 - Running with Spring Boot v3.2.0, Spring v6.1.1
2025-07-01 21:47:56 - The following 1 profile is active: "test"
2025-07-01 21:47:56 - Refreshing org.springframework.web.context.support.GenericWebApplicationContext@3e7e4aea
2025-07-01 21:47:58 - Bootstrapping Spring Data JPA repositories in DEFAULT mode.
2025-07-01 21:47:58 - Finished Spring Data repository scanning in 111 ms. Found 1 JPA repository interface.
2025-07-01 21:47:59 - HHH000204: Processing PersistenceUnitInfo [name: default]
2025-07-01 21:48:00 - HHH000412: Hibernate ORM core version 6.3.1.Final
2025-07-01 21:48:00 - HHH000026: Second-level cache disabled
2025-07-01 21:48:00 - No LoadTimeWeaver setup: ignoring JPA class transformer
2025-07-01 21:48:00 - HikariPool-1 - Starting...
2025-07-01 21:48:01 - HikariPool-1 - Added connection conn0: url=jdbc:h2:mem:testdb user=SA
2025-07-01 21:48:01 - HikariPool-1 - Start completed.
2025-07-01 21:48:01 - HHH90000025: H2Dialect does not need to be specified explicitly using 'hibernate.dialect' (remove the property setting and it will be selected by default)
2025-07-01 21:48:02 - HHH000489: No JTA platform available (set 'hibernate.transaction.jta.platform' to enable JTA platform integration)
2025-07-01 21:48:02 - Initialized JPA EntityManagerFactory for persistence unit 'default'
2025-07-01 21:48:03 - Hibernate is in classpath; If applicable, HQL parser will be used.
2025-07-01 21:48:05 - spring.jpa.open-in-view is enabled by default. Therefore, database queries may be performed during view rendering. Explicitly configure spring.jpa.open-in-view to disable this warning
2025-07-01 21:48:05 - 15 mappings in 'requestMappingHandlerMapping'
2025-07-01 21:48:05 - Patterns [/webjars/**, /**, /swagger-ui*/*swagger-initializer.js, /swagger-ui*/**] in 'resourceHandlerMapping'
2025-07-01 21:48:05 - ControllerAdvice beans: 0 @ModelAttribute, 0 @InitBinder, 1 RequestBodyAdvice, 1 ResponseBodyAdvice
2025-07-01 21:48:06 - ControllerAdvice beans: 2 @ExceptionHandler, 1 ResponseBodyAdvice
2025-07-01 21:48:07 - Filter 'webMvcObservationFilter' configured for use
2025-07-01 21:48:07 - Initializing Spring TestDispatcherServlet ''
2025-07-01 21:48:07 - Initializing Servlet ''
2025-07-01 21:48:07 - Exposing 3 endpoint(s) beneath base path '/actuator'
2025-07-01 21:48:07 - Completed initialization in 44 ms
2025-07-01 21:48:07 - Started StressTest in 11.165 seconds (process running for 24.506)
开始新的压力测试...
2025-07-01 21:48:07 - Mapped to com.banking.controller.TransactionController#createTransaction(TransactionRequest)
2025-07-01 21:48:07 - Read "application/json;charset=UTF-8" to [com.banking.dto.TransactionRequest@439b428d]
2025-07-01 21:48:08 - Using 'application/json', given [*/*] and supported [application/json, application/*+json]
2025-07-01 21:48:08 - Writing [{data=com.banking.dto.TransactionResponse@4d1b40a7, success=true, message=交易创建成功}]
2025-07-01 21:48:08 - Mapped to com.banking.controller.TransactionController#createTransaction(TransactionRequest)
2025-07-01 21:48:08 - Read "application/json;charset=UTF-8" to [com.banking.dto.TransactionRequest@67f5ddc0]
2025-07-01 21:48:08 - Using 'application/json', given [*/*] and supported [application/json, application/*+json]
2025-07-01 21:48:08 - Writing [{data=com.banking.dto.TransactionResponse@682e9f40, success=true, message=交易创建成功}]
2025-07-01 21:48:08 - Mapped to com.banking.controller.TransactionController#createTransaction(TransactionRequest)
2025-07-01 21:48:08 - Read "application/json;charset=UTF-8" to [com.banking.dto.TransactionRequest@544cb96]
2025-07-01 21:48:08 - Using 'application/json', given [*/*] and supported [application/json, application/*+json]
2025-07-01 21:48:08 - Writing [{data=com.banking.dto.TransactionResponse@3b99b152, success=true, message=交易创建成功}]
2025-07-01 21:48:08 - Mapped to com.banking.controller.TransactionController#createTransaction(TransactionRequest)
2025-07-01 21:48:08 - Read "application/json;charset=UTF-8" to [com.banking.dto.TransactionRequest@34390b51]
2025-07-01 21:48:08 - Using 'application/json', given [*/*] and supported [application/json, application/*+json]
2025-07-01 21:48:08 - Writing [{data=com.banking.dto.TransactionResponse@4cae76cc, success=true, message=交易创建成功}]
2025-07-01 21:48:08 - Mapped to com.banking.controller.TransactionController#createTransaction(TransactionRequest)
2025-07-01 21:48:08 - Read "application/json;charset=UTF-8" to [com.banking.dto.TransactionRequest@3650c2cf]
2025-07-01 21:48:08 - Using 'application/json', given [*/*] and supported [application/json, application/*+json]
2025-07-01 21:48:08 - Writing [{data=com.banking.dto.TransactionResponse@2133512c, success=true, message=交易创建成功}]
2025-07-01 21:48:08 - Mapped to com.banking.controller.TransactionController#createTransaction(TransactionRequest)
2025-07-01 21:48:08 - Read "application/json;charset=UTF-8" to [com.banking.dto.TransactionRequest@55403c88]
2025-07-01 21:48:08 - Using 'application/json', given [*/*] and supported [application/json, application/*+json]
2025-07-01 21:48:08 - Writing [{data=com.banking.dto.TransactionResponse@70f4ae1b, success=true, message=交易创建成功}]
2025-07-01 21:48:08 - Mapped to com.banking.controller.TransactionController#createTransaction(TransactionRequest)
2025-07-01 21:48:08 - Read "application/json;charset=UTF-8" to [com.banking.dto.TransactionRequest@716e0a97]
2025-07-01 21:48:08 - Using 'application/json', given [*/*] and supported [application/json, application/*+json]
2025-07-01 21:48:08 - Writing [{data=com.banking.dto.TransactionResponse@6cbc6e8, success=true, message=交易创建成功}]
2025-07-01 21:48:08 - Mapped to com.banking.controller.TransactionController#createTransaction(TransactionRequest)
2025-07-01 21:48:08 - Read "application/json;charset=UTF-8" to [com.banking.dto.TransactionRequest@23f68414]
2025-07-01 21:48:08 - Using 'application/json', given [*/*] and supported [application/json, application/*+json]
2025-07-01 21:48:08 - Writing [{data=com.banking.dto.TransactionResponse@58c14359, success=true, message=交易创建成功}]
2025-07-01 21:48:08 - Mapped to com.banking.controller.TransactionController#createTransaction(TransactionRequest)
2025-07-01 21:48:08 - Read "application/json;charset=UTF-8" to [com.banking.dto.TransactionRequest@3028f1a6]
2025-07-01 21:48:08 - Using 'application/json', given [*/*] and supported [application/json, application/*+json]
2025-07-01 21:48:08 - Writing [{data=com.banking.dto.TransactionResponse@640429a5, success=true, message=交易创建成功}]
2025-07-01 21:48:08 - Mapped to com.banking.controller.TransactionController#createTransaction(TransactionRequest)
2025-07-01 21:48:08 - Read "application/json;charset=UTF-8" to [com.banking.dto.TransactionRequest@49b2033f]
2025-07-01 21:48:08 - Using 'application/json', given [*/*] and supported [application/json, application/*+json]
2025-07-01 21:48:08 - Writing [{data=com.banking.dto.TransactionResponse@681dfb49, success=true, message=交易创建成功}]
2025-07-01 21:48:08 - Mapped to com.banking.controller.TransactionController#createTransaction(TransactionRequest)
2025-07-01 21:48:08 - Read "application/json;charset=UTF-8" to [com.banking.dto.TransactionRequest@7f6cbda1]
2025-07-01 21:48:08 - Using 'application/json', given [*/*] and supported [application/json, application/*+json]
2025-07-01 21:48:08 - Writing [{data=com.banking.dto.TransactionResponse@591488b2, success=true, message=交易创建成功}]
2025-07-01 21:48:08 - Mapped to com.banking.controller.TransactionController#createTransaction(TransactionRequest)
2025-07-01 21:48:08 - Read "application/json;charset=UTF-8" to [com.banking.dto.TransactionRequest@3e34b204]
2025-07-01 21:48:08 - Using 'application/json', given [*/*] and supported [application/json, application/*+json]
2025-07-01 21:48:08 - Writing [{data=com.banking.dto.TransactionResponse@1449ad79, success=true, message=交易创建成功}]
2025-07-01 21:48:08 - Mapped to com.banking.controller.TransactionController#createTransaction(TransactionRequest)
2025-07-01 21:48:08 - Read "application/json;charset=UTF-8" to [com.banking.dto.TransactionRequest@49d74660]
2025-07-01 21:48:08 - Using 'application/json', given [*/*] and supported [application/json, application/*+json]
2025-07-01 21:48:08 - Writing [{data=com.banking.dto.TransactionResponse@787c7027, success=true, message=交易创建成功}]
2025-07-01 21:48:08 - Mapped to com.banking.controller.TransactionController#createTransaction(TransactionRequest)
2025-07-01 21:48:08 - Read "application/json;charset=UTF-8" to [com.banking.dto.TransactionRequest@5236b18c]
2025-07-01 21:48:08 - Using 'application/json', given [*/*] and supported [application/json, application/*+json]
2025-07-01 21:48:08 - Writing [{data=com.banking.dto.TransactionResponse@3069738d, success=true, message=交易创建成功}]
2025-07-01 21:48:08 - Mapped to com.banking.controller.TransactionController#createTransaction(TransactionRequest)
2025-07-01 21:48:08 - Read "application/json;charset=UTF-8" to [com.banking.dto.TransactionRequest@18b358f9]
2025-07-01 21:48:08 - Using 'application/json', given [*/*] and supported [application/json, application/*+json]
2025-07-01 21:48:08 - Writing [{data=com.banking.dto.TransactionResponse@5eaa0712, success=true, message=交易创建成功}]
2025-07-01 21:48:08 - Mapped to com.banking.controller.TransactionController#createTransaction(TransactionRequest)
2025-07-01 21:48:08 - Read "application/json;charset=UTF-8" to [com.banking.dto.TransactionRequest@644a0631]
2025-07-01 21:48:08 - Using 'application/json', given [*/*] and supported [application/json, application/*+json]
2025-07-01 21:48:08 - Writing [{data=com.banking.dto.TransactionResponse@5c2b1148, success=true, message=交易创建成功}]
2025-07-01 21:48:08 - Mapped to com.banking.controller.TransactionController#createTransaction(TransactionRequest)
2025-07-01 21:48:08 - Read "application/json;charset=UTF-8" to [com.banking.dto.TransactionRequest@313d1ee6]
2025-07-01 21:48:08 - Using 'application/json', given [*/*] and supported [application/json, application/*+json]
2025-07-01 21:48:08 - Writing [{data=com.banking.dto.TransactionResponse@6d9c1599, success=true, message=交易创建成功}]
2025-07-01 21:48:08 - Mapped to com.banking.controller.TransactionController#createTransaction(TransactionRequest)
2025-07-01 21:48:08 - Read "application/json;charset=UTF-8" to [com.banking.dto.TransactionRequest@7daa8fbd]
2025-07-01 21:48:08 - Using 'application/json', given [*/*] and supported [application/json, application/*+json]
2025-07-01 21:48:08 - Writing [{data=com.banking.dto.TransactionResponse@1d76c0e5, success=true, message=交易创建成功}]
2025-07-01 21:48:08 - Mapped to com.banking.controller.TransactionController#createTransaction(TransactionRequest)
2025-07-01 21:48:08 - Read "application/json;charset=UTF-8" to [com.banking.dto.TransactionRequest@28f16a79]
2025-07-01 21:48:08 - Using 'application/json', given [*/*] and supported [application/json, application/*+json]
2025-07-01 21:48:08 - Writing [{data=com.banking.dto.TransactionResponse@e2b9ce9, success=true, message=交易创建成功}]
2025-07-01 21:48:08 - Mapped to com.banking.controller.TransactionController#createTransaction(TransactionRequest)
2025-07-01 21:48:08 - Read "application/json;charset=UTF-8" to [com.banking.dto.TransactionRequest@3dd5edd2]
2025-07-01 21:48:08 - Using 'application/json', given [*/*] and supported [application/json, application/*+json]
2025-07-01 21:48:08 - Writing [{data=com.banking.dto.TransactionResponse@16cdb44f, success=true, message=交易创建成功}]
2025-07-01 21:48:08 - Mapped to com.banking.controller.TransactionController#createTransaction(TransactionRequest)
2025-07-01 21:48:08 - Read "application/json;charset=UTF-8" to [com.banking.dto.TransactionRequest@4b0a2375]
2025-07-01 21:48:08 - Using 'application/json', given [*/*] and supported [application/json, application/*+json]
2025-07-01 21:48:08 - Writing [{data=com.banking.dto.TransactionResponse@3280c169, success=true, message=交易创建成功}]
2025-07-01 21:48:08 - Mapped to com.banking.controller.TransactionController#createTransaction(TransactionRequest)
2025-07-01 21:48:08 - Read "application/json;charset=UTF-8" to [com.banking.dto.TransactionRequest@f2dbe23]
2025-07-01 21:48:08 - Using 'application/json', given [*/*] and supported [application/json, application/*+json]
2025-07-01 21:48:08 - Writing [{data=com.banking.dto.TransactionResponse@4d0ac7d7, success=true, message=交易创建成功}]
2025-07-01 21:48:08 - Mapped to com.banking.controller.TransactionController#createTransaction(TransactionRequest)
2025-07-01 21:48:08 - Read "application/json;charset=UTF-8" to [com.banking.dto.TransactionRequest@d6d7a7f]
2025-07-01 21:48:08 - Using 'application/json', given [*/*] and supported [application/json, application/*+json]
2025-07-01 21:48:08 - Writing [{data=com.banking.dto.TransactionResponse@65868f00, success=true, message=交易创建成功}]
2025-07-01 21:48:08 - Mapped to com.banking.controller.TransactionController#createTransaction(TransactionRequest)
2025-07-01 21:48:08 - Read "application/json;charset=UTF-8" to [com.banking.dto.TransactionRequest@5a9790d7]
2025-07-01 21:48:08 - Using 'application/json', given [*/*] and supported [application/json, application/*+json]
2025-07-01 21:48:08 - Writing [{data=com.banking.dto.TransactionResponse@594722f1, success=true, message=交易创建成功}]
2025-07-01 21:48:08 - Mapped to com.banking.controller.TransactionController#createTransaction(TransactionRequest)
2025-07-01 21:48:08 - Read "application/json;charset=UTF-8" to [com.banking.dto.TransactionRequest@73f7e241]
2025-07-01 21:48:08 - Using 'application/json', given [*/*] and supported [application/json, application/*+json]
2025-07-01 21:48:08 - Writing [{data=com.banking.dto.TransactionResponse@48fdc833, success=true, message=交易创建成功}]
2025-07-01 21:48:08 - Mapped to com.banking.controller.TransactionController#createTransaction(TransactionRequest)
2025-07-01 21:48:08 - Read "application/json;charset=UTF-8" to [com.banking.dto.TransactionRequest@57e55f64]
2025-07-01 21:48:08 - Using 'application/json', given [*/*] and supported [application/json, application/*+json]
2025-07-01 21:48:08 - Writing [{data=com.banking.dto.TransactionResponse@1f7eaf31, success=true, message=交易创建成功}]
2025-07-01 21:48:08 - Mapped to com.banking.controller.TransactionController#createTransaction(TransactionRequest)
2025-07-01 21:48:08 - Read "application/json;charset=UTF-8" to [com.banking.dto.TransactionRequest@70691043]
2025-07-01 21:48:08 - Using 'application/json', given [*/*] and supported [application/json, application/*+json]
2025-07-01 21:48:08 - Writing [{data=com.banking.dto.TransactionResponse@93a1f77, success=true, message=交易创建成功}]
2025-07-01 21:48:08 - Mapped to com.banking.controller.TransactionController#createTransaction(TransactionRequest)
2025-07-01 21:48:08 - Read "application/json;charset=UTF-8" to [com.banking.dto.TransactionRequest@3fc35891]
2025-07-01 21:48:08 - Using 'application/json', given [*/*] and supported [application/json, application/*+json]
2025-07-01 21:48:08 - Writing [{data=com.banking.dto.TransactionResponse@5d96a45a, success=true, message=交易创建成功}]
2025-07-01 21:48:08 - Mapped to com.banking.controller.TransactionController#createTransaction(TransactionRequest)
2025-07-01 21:48:08 - Read "application/json;charset=UTF-8" to [com.banking.dto.TransactionRequest@2abaa90f]
2025-07-01 21:48:08 - Using 'application/json', given [*/*] and supported [application/json, application/*+json]
2025-07-01 21:48:08 - Writing [{data=com.banking.dto.TransactionResponse@126515b6, success=true, message=交易创建成功}]
2025-07-01 21:48:08 - Mapped to com.banking.controller.TransactionController#createTransaction(TransactionRequest)
2025-07-01 21:48:08 - Read "application/json;charset=UTF-8" to [com.banking.dto.TransactionRequest@4655969e]
2025-07-01 21:48:08 - Using 'application/json', given [*/*] and supported [application/json, application/*+json]
2025-07-01 21:48:08 - Writing [{data=com.banking.dto.TransactionResponse@6a9c019d, success=true, message=交易创建成功}]
2025-07-01 21:48:08 - Mapped to com.banking.controller.TransactionController#createTransaction(TransactionRequest)
2025-07-01 21:48:08 - Read "application/json;charset=UTF-8" to [com.banking.dto.TransactionRequest@70170a60]
2025-07-01 21:48:08 - Using 'application/json', given [*/*] and supported [application/json, application/*+json]
2025-07-01 21:48:08 - Writing [{data=com.banking.dto.TransactionResponse@6ddcb1a8, success=true, message=交易创建成功}]
2025-07-01 21:48:08 - Mapped to com.banking.controller.TransactionController#createTransaction(TransactionRequest)
2025-07-01 21:48:08 - Read "application/json;charset=UTF-8" to [com.banking.dto.TransactionRequest@66549512]
2025-07-01 21:48:08 - Using 'application/json', given [*/*] and supported [application/json, application/*+json]
2025-07-01 21:48:08 - Writing [{data=com.banking.dto.TransactionResponse@352d643e, success=true, message=交易创建成功}]
2025-07-01 21:48:08 - Mapped to com.banking.controller.TransactionController#createTransaction(TransactionRequest)
2025-07-01 21:48:08 - Read "application/json;charset=UTF-8" to [com.banking.dto.TransactionRequest@1078f134]
2025-07-01 21:48:08 - Using 'application/json', given [*/*] and supported [application/json, application/*+json]
2025-07-01 21:48:08 - Writing [{data=com.banking.dto.TransactionResponse@166a08d8, success=true, message=交易创建成功}]
2025-07-01 21:48:08 - Mapped to com.banking.controller.TransactionController#createTransaction(TransactionRequest)
2025-07-01 21:48:08 - Read "application/json;charset=UTF-8" to [com.banking.dto.TransactionRequest@18127d17]
2025-07-01 21:48:08 - Using 'application/json', given [*/*] and supported [application/json, application/*+json]
2025-07-01 21:48:08 - Writing [{data=com.banking.dto.TransactionResponse@2a3bb51f, success=true, message=交易创建成功}]
2025-07-01 21:48:08 - Mapped to com.banking.controller.TransactionController#createTransaction(TransactionRequest)
2025-07-01 21:48:08 - Read "application/json;charset=UTF-8" to [com.banking.dto.TransactionRequest@467de021]
2025-07-01 21:48:08 - Using 'application/json', given [*/*] and supported [application/json, application/*+json]
2025-07-01 21:48:08 - Writing [{data=com.banking.dto.TransactionResponse@247cc879, success=true, message=交易创建成功}]
2025-07-01 21:48:08 - Mapped to com.banking.controller.TransactionController#createTransaction(TransactionRequest)
2025-07-01 21:48:08 - Read "application/json;charset=UTF-8" to [com.banking.dto.TransactionRequest@68e04bcf]
2025-07-01 21:48:08 - Using 'application/json', given [*/*] and supported [application/json, application/*+json]
2025-07-01 21:48:08 - Writing [{data=com.banking.dto.TransactionResponse@2cde7320, success=true, message=交易创建成功}]
2025-07-01 21:48:08 - Mapped to com.banking.controller.TransactionController#createTransaction(TransactionRequest)
2025-07-01 21:48:08 - Read "application/json;charset=UTF-8" to [com.banking.dto.TransactionRequest@748c7e57]
2025-07-01 21:48:08 - Using 'application/json', given [*/*] and supported [application/json, application/*+json]
2025-07-01 21:48:08 - Writing [{data=com.banking.dto.TransactionResponse@2ebdeb5a, success=true, message=交易创建成功}]
2025-07-01 21:48:08 - Mapped to com.banking.controller.TransactionController#createTransaction(TransactionRequest)
2025-07-01 21:48:08 - Read "application/json;charset=UTF-8" to [com.banking.dto.TransactionRequest@6e17db0a]
2025-07-01 21:48:08 - Using 'application/json', given [*/*] and supported [application/json, application/*+json]
2025-07-01 21:48:08 - Writing [{data=com.banking.dto.TransactionResponse@49c318ed, success=true, message=交易创建成功}]
2025-07-01 21:48:08 - Mapped to com.banking.controller.TransactionController#createTransaction(TransactionRequest)
2025-07-01 21:48:08 - Read "application/json;charset=UTF-8" to [com.banking.dto.TransactionRequest@1b6c53d0]
2025-07-01 21:48:08 - Using 'application/json', given [*/*] and supported [application/json, application/*+json]
2025-07-01 21:48:08 - Writing [{data=com.banking.dto.TransactionResponse@1d8d581c, success=true, message=交易创建成功}]
2025-07-01 21:48:08 - Mapped to com.banking.controller.TransactionController#createTransaction(TransactionRequest)
2025-07-01 21:48:08 - Read "application/json;charset=UTF-8" to [com.banking.dto.TransactionRequest@164b00d]
2025-07-01 21:48:08 - Using 'application/json', given [*/*] and supported [application/json, application/*+json]
2025-07-01 21:48:08 - Writing [{data=com.banking.dto.TransactionResponse@316d38be, success=true, message=交易创建成功}]
2025-07-01 21:48:08 - Mapped to com.banking.controller.TransactionController#createTransaction(TransactionRequest)
2025-07-01 21:48:08 - Read "application/json;charset=UTF-8" to [com.banking.dto.TransactionRequest@3ec2d8fa]
2025-07-01 21:48:08 - Using 'application/json', given [*/*] and supported [application/json, application/*+json]
2025-07-01 21:48:08 - Writing [{data=com.banking.dto.TransactionResponse@7e46c719, success=true, message=交易创建成功}]
2025-07-01 21:48:08 - Mapped to com.banking.controller.TransactionController#createTransaction(TransactionRequest)
2025-07-01 21:48:08 - Read "application/json;charset=UTF-8" to [com.banking.dto.TransactionRequest@3d250c92]
2025-07-01 21:48:08 - Using 'application/json', given [*/*] and supported [application/json, application/*+json]
2025-07-01 21:48:08 - Writing [{data=com.banking.dto.TransactionResponse@3cc8f773, success=true, message=交易创建成功}]
2025-07-01 21:48:08 - Mapped to com.banking.controller.TransactionController#createTransaction(TransactionRequest)
2025-07-01 21:48:08 - Read "application/json;charset=UTF-8" to [com.banking.dto.TransactionRequest@70ed644a]
2025-07-01 21:48:08 - Using 'application/json', given [*/*] and supported [application/json, application/*+json]
2025-07-01 21:48:08 - Writing [{data=com.banking.dto.TransactionResponse@1fe2c45c, success=true, message=交易创建成功}]
2025-07-01 21:48:08 - Mapped to com.banking.controller.TransactionController#createTransaction(TransactionRequest)
2025-07-01 21:48:08 - Read "application/json;charset=UTF-8" to [com.banking.dto.TransactionRequest@350d65b5]
2025-07-01 21:48:08 - Using 'application/json', given [*/*] and supported [application/json, application/*+json]
2025-07-01 21:48:08 - Writing [{data=com.banking.dto.TransactionResponse@18335587, success=true, message=交易创建成功}]
2025-07-01 21:48:08 - Mapped to com.banking.controller.TransactionController#createTransaction(TransactionRequest)
2025-07-01 21:48:08 - Read "application/json;charset=UTF-8" to [com.banking.dto.TransactionRequest@61e9690d]
2025-07-01 21:48:08 - Using 'application/json', given [*/*] and supported [application/json, application/*+json]
2025-07-01 21:48:08 - Writing [{data=com.banking.dto.TransactionResponse@7909da9e, success=true, message=交易创建成功}]
2025-07-01 21:48:08 - Mapped to com.banking.controller.TransactionController#createTransaction(TransactionRequest)
2025-07-01 21:48:08 - Read "application/json;charset=UTF-8" to [com.banking.dto.TransactionRequest@49fcf198]
2025-07-01 21:48:08 - Using 'application/json', given [*/*] and supported [application/json, application/*+json]
2025-07-01 21:48:08 - Writing [{data=com.banking.dto.TransactionResponse@36820ae6, success=true, message=交易创建成功}]
2025-07-01 21:48:08 - Mapped to com.banking.controller.TransactionController#createTransaction(TransactionRequest)
2025-07-01 21:48:08 - Read "application/json;charset=UTF-8" to [com.banking.dto.TransactionRequest@4cc1ffad]
2025-07-01 21:48:08 - Using 'application/json', given [*/*] and supported [application/json, application/*+json]
2025-07-01 21:48:08 - Writing [{data=com.banking.dto.TransactionResponse@2d689dc4, success=true, message=交易创建成功}]
2025-07-01 21:48:08 - Mapped to com.banking.controller.TransactionController#createTransaction(TransactionRequest)
2025-07-01 21:48:08 - Read "application/json;charset=UTF-8" to [com.banking.dto.TransactionRequest@52a6a0c9]
2025-07-01 21:48:08 - Using 'application/json', given [*/*] and supported [application/json, application/*+json]
2025-07-01 21:48:08 - Writing [{data=com.banking.dto.TransactionResponse@56b85be4, success=true, message=交易创建成功}]
2025-07-01 21:48:08 - Mapped to com.banking.controller.TransactionController#createTransaction(TransactionRequest)
2025-07-01 21:48:08 - Read "application/json;charset=UTF-8" to [com.banking.dto.TransactionRequest@75cc4e8]
2025-07-01 21:48:08 - Using 'application/json', given [*/*] and supported [application/json, application/*+json]
2025-07-01 21:48:08 - Writing [{data=com.banking.dto.TransactionResponse@756f13d1, success=true, message=交易创建成功}]
2025-07-01 21:48:08 - Mapped to com.banking.controller.TransactionController#createTransaction(TransactionRequest)
2025-07-01 21:48:08 - Read "application/json;charset=UTF-8" to [com.banking.dto.TransactionRequest@1bf081c2]
2025-07-01 21:48:08 - Using 'application/json', given [*/*] and supported [application/json, application/*+json]
2025-07-01 21:48:08 - Writing [{data=com.banking.dto.TransactionResponse@1bff4fb3, success=true, message=交易创建成功}]
2025-07-01 21:48:08 - Mapped to com.banking.controller.TransactionController#getTransactions(int, int)
2025-07-01 21:48:08 - Mapped to com.banking.controller.TransactionController#getTransactions(int, int)
2025-07-01 21:48:08 - Mapped to com.banking.controller.TransactionController#getTransactions(int, int)
2025-07-01 21:48:08 - Mapped to com.banking.controller.TransactionController#getTransactions(int, int)
2025-07-01 21:48:08 - Mapped to com.banking.controller.TransactionController#getTransactions(int, int)
2025-07-01 21:48:08 - Mapped to com.banking.controller.TransactionController#getTransactions(int, int)
2025-07-01 21:48:08 - Mapped to com.banking.controller.TransactionController#getTransactions(int, int)
2025-07-01 21:48:08 - Mapped to com.banking.controller.TransactionController#getTransactions(int, int)
2025-07-01 21:48:08 - Mapped to com.banking.controller.TransactionController#getTransactions(int, int)
2025-07-01 21:48:08 - Mapped to com.banking.controller.TransactionController#getTransactions(int, int)
2025-07-01 21:48:08 - Mapped to com.banking.controller.TransactionController#getTransactions(int, int)
2025-07-01 21:48:08 - Mapped to com.banking.controller.TransactionController#getTransactions(int, int)
2025-07-01 21:48:08 - Mapped to com.banking.controller.TransactionController#getTransactions(int, int)
2025-07-01 21:48:08 - Mapped to com.banking.controller.TransactionController#getTransactions(int, int)
2025-07-01 21:48:08 - Mapped to com.banking.controller.TransactionController#getTransactions(int, int)
2025-07-01 21:48:08 - Mapped to com.banking.controller.TransactionController#getTransactions(int, int)
2025-07-01 21:48:08 - Mapped to com.banking.controller.TransactionController#getTransactions(int, int)
2025-07-01 21:48:08 - Mapped to com.banking.controller.TransactionController#getTransactions(int, int)
2025-07-01 21:48:08 - Mapped to com.banking.controller.TransactionController#getTransactions(int, int)
2025-07-01 21:48:08 - Mapped to com.banking.controller.TransactionController#getTransactions(int, int)
2025-07-01 21:48:08 - Mapped to com.banking.controller.TransactionController#getTransactions(int, int)
2025-07-01 21:48:08 - Mapped to com.banking.controller.TransactionController#getTransactions(int, int)
2025-07-01 21:48:08 - Mapped to com.banking.controller.TransactionController#getTransactions(int, int)
2025-07-01 21:48:08 - Mapped to com.banking.controller.TransactionController#getTransactions(int, int)
2025-07-01 21:48:08 - Mapped to com.banking.controller.TransactionController#getTransactions(int, int)
2025-07-01 21:48:08 - Mapped to com.banking.controller.TransactionController#getTransactions(int, int)
2025-07-01 21:48:08 - Mapped to com.banking.controller.TransactionController#getTransactions(int, int)
2025-07-01 21:48:08 - Mapped to com.banking.controller.TransactionController#getTransactions(int, int)
2025-07-01 21:48:08 - Mapped to com.banking.controller.TransactionController#getTransactions(int, int)
2025-07-01 21:48:08 - Mapped to com.banking.controller.TransactionController#getTransactions(int, int)
2025-07-01 21:48:08 - Mapped to com.banking.controller.TransactionController#getTransactions(int, int)
2025-07-01 21:48:08 - Mapped to com.banking.controller.TransactionController#getTransactions(int, int)
2025-07-01 21:48:08 - Mapped to com.banking.controller.TransactionController#getTransactions(int, int)
2025-07-01 21:48:08 - Mapped to com.banking.controller.TransactionController#getTransactions(int, int)
2025-07-01 21:48:08 - Mapped to com.banking.controller.TransactionController#getTransactions(int, int)
2025-07-01 21:48:08 - Mapped to com.banking.controller.TransactionController#getTransactions(int, int)
2025-07-01 21:48:08 - Mapped to com.banking.controller.TransactionController#getTransactions(int, int)
2025-07-01 21:48:08 - Mapped to com.banking.controller.TransactionController#getTransactions(int, int)
2025-07-01 21:48:08 - Mapped to com.banking.controller.TransactionController#getTransactions(int, int)
2025-07-01 21:48:08 - Mapped to com.banking.controller.TransactionController#getTransactions(int, int)
2025-07-01 21:48:08 - Mapped to com.banking.controller.TransactionController#getTransactions(int, int)
2025-07-01 21:48:08 - Mapped to com.banking.controller.TransactionController#getTransactions(int, int)
2025-07-01 21:48:08 - Mapped to com.banking.controller.TransactionController#getTransactions(int, int)
2025-07-01 21:48:08 - Mapped to com.banking.controller.TransactionController#getTransactions(int, int)
2025-07-01 21:48:08 - Mapped to com.banking.controller.TransactionController#getTransactions(int, int)
2025-07-01 21:48:08 - Mapped to com.banking.controller.TransactionController#getTransactions(int, int)
2025-07-01 21:48:08 - Mapped to com.banking.controller.TransactionController#getTransactions(int, int)
2025-07-01 21:48:08 - Mapped to com.banking.controller.TransactionController#getTransactions(int, int)
2025-07-01 21:48:08 - Mapped to com.banking.controller.TransactionController#getTransactions(int, int)
2025-07-01 21:48:08 - Mapped to com.banking.controller.TransactionController#getTransactions(int, int)
2025-07-01 21:48:08 - Mapped to com.banking.controller.TransactionController#getTransactions(int, int)
2025-07-01 21:48:08 - Mapped to com.banking.controller.TransactionController#getTransactions(int, int)
2025-07-01 21:48:08 - Mapped to com.banking.controller.TransactionController#getTransactions(int, int)
2025-07-01 21:48:08 - Mapped to com.banking.controller.TransactionController#getTransactions(int, int)
2025-07-01 21:48:08 - Mapped to com.banking.controller.TransactionController#getTransactions(int, int)
2025-07-01 21:48:08 - Mapped to com.banking.controller.TransactionController#getTransactions(int, int)
2025-07-01 21:48:08 - Mapped to com.banking.controller.TransactionController#getTransactions(int, int)
2025-07-01 21:48:08 - Mapped to com.banking.controller.TransactionController#getTransactions(int, int)
2025-07-01 21:48:08 - Mapped to com.banking.controller.TransactionController#getTransactions(int, int)
2025-07-01 21:48:08 - Mapped to com.banking.controller.TransactionController#getTransactions(int, int)
2025-07-01 21:48:08 - Mapped to com.banking.controller.TransactionController#getTransactions(int, int)
2025-07-01 21:48:08 - Mapped to com.banking.controller.TransactionController#getTransactions(int, int)
2025-07-01 21:48:08 - Mapped to com.banking.controller.TransactionController#getTransactions(int, int)
2025-07-01 21:48:08 - Mapped to com.banking.controller.TransactionController#getTransactions(int, int)
2025-07-01 21:48:08 - Mapped to com.banking.controller.TransactionController#getTransactions(int, int)
2025-07-01 21:48:08 - Mapped to com.banking.controller.TransactionController#getTransactions(int, int)
2025-07-01 21:48:08 - Mapped to com.banking.controller.TransactionController#getTransactions(int, int)
2025-07-01 21:48:08 - Mapped to com.banking.controller.TransactionController#getTransactions(int, int)
2025-07-01 21:48:08 - Mapped to com.banking.controller.TransactionController#getTransactions(int, int)
2025-07-01 21:48:08 - Mapped to com.banking.controller.TransactionController#getTransactions(int, int)
2025-07-01 21:48:08 - Mapped to com.banking.controller.TransactionController#getTransactions(int, int)
2025-07-01 21:48:08 - Mapped to com.banking.controller.TransactionController#getTransactions(int, int)
2025-07-01 21:48:08 - Mapped to com.banking.controller.TransactionController#getTransactions(int, int)
2025-07-01 21:48:08 - Mapped to com.banking.controller.TransactionController#getTransactions(int, int)
2025-07-01 21:48:08 - Mapped to com.banking.controller.TransactionController#getTransactions(int, int)
2025-07-01 21:48:08 - Mapped to com.banking.controller.TransactionController#getTransactions(int, int)
2025-07-01 21:48:08 - Mapped to com.banking.controller.TransactionController#getTransactions(int, int)
2025-07-01 21:48:08 - Mapped to com.banking.controller.TransactionController#getTransactions(int, int)
2025-07-01 21:48:08 - Mapped to com.banking.controller.TransactionController#getTransactions(int, int)
2025-07-01 21:48:08 - Mapped to com.banking.controller.TransactionController#getTransactions(int, int)
2025-07-01 21:48:08 - Mapped to com.banking.controller.TransactionController#getTransactions(int, int)
2025-07-01 21:48:08 - Mapped to com.banking.controller.TransactionController#getTransactions(int, int)
2025-07-01 21:48:08 - Mapped to com.banking.controller.TransactionController#getTransactions(int, int)
2025-07-01 21:48:08 - Mapped to com.banking.controller.TransactionController#getTransactions(int, int)
2025-07-01 21:48:08 - Mapped to com.banking.controller.TransactionController#getTransactions(int, int)
2025-07-01 21:48:08 - Mapped to com.banking.controller.TransactionController#getTransactions(int, int)
2025-07-01 21:48:08 - Mapped to com.banking.controller.TransactionController#getTransactions(int, int)
2025-07-01 21:48:08 - Mapped to com.banking.controller.TransactionController#getTransactions(int, int)
2025-07-01 21:48:08 - Mapped to com.banking.controller.TransactionController#getTransactions(int, int)
2025-07-01 21:48:08 - Mapped to com.banking.controller.TransactionController#getTransactions(int, int)
2025-07-01 21:48:08 - Mapped to com.banking.controller.TransactionController#getTransactions(int, int)
2025-07-01 21:48:08 - Mapped to com.banking.controller.TransactionController#getTransactions(int, int)
2025-07-01 21:48:08 - Mapped to com.banking.controller.TransactionController#getTransactions(int, int)
2025-07-01 21:48:08 - Mapped to com.banking.controller.TransactionController#getTransactions(int, int)
2025-07-01 21:48:08 - Mapped to com.banking.controller.TransactionController#getTransactions(int, int)
2025-07-01 21:48:08 - Mapped to com.banking.controller.TransactionController#getTransactions(int, int)
2025-07-01 21:48:08 - Mapped to com.banking.controller.TransactionController#getTransactions(int, int)
2025-07-01 21:48:08 - Mapped to com.banking.controller.TransactionController#getTransactions(int, int)
2025-07-01 21:48:08 - Mapped to com.banking.controller.TransactionController#getTransactions(int, int)
2025-07-01 21:48:08 - Mapped to com.banking.controller.TransactionController#getTransactions(int, int)
2025-07-01 21:48:08 - Using 'application/json', given [*/*] and supported [application/json, application/*+json]
2025-07-01 21:48:08 - Using 'application/json', given [*/*] and supported [application/json, application/*+json]
2025-07-01 21:48:08 - Using 'application/json', given [*/*] and supported [application/json, application/*+json]
2025-07-01 21:48:08 - Using 'application/json', given [*/*] and supported [application/json, application/*+json]
2025-07-01 21:48:08 - Using 'application/json', given [*/*] and supported [application/json, application/*+json]
2025-07-01 21:48:08 - Using 'application/json', given [*/*] and supported [application/json, application/*+json]
2025-07-01 21:48:08 - Using 'application/json', given [*/*] and supported [application/json, application/*+json]
2025-07-01 21:48:08 - Using 'application/json', given [*/*] and supported [application/json, application/*+json]
2025-07-01 21:48:08 - Using 'application/json', given [*/*] and supported [application/json, application/*+json]
2025-07-01 21:48:08 - Using 'application/json', given [*/*] and supported [application/json, application/*+json]
2025-07-01 21:48:08 - Writing [{pagination={totalPages=5, page=0, total=50, size=10}, data=[com.banking.dto.TransactionResponse@2e8 (truncated)...]
2025-07-01 21:48:08 - Writing [{pagination={totalPages=5, page=0, total=50, size=10}, data=[com.banking.dto.TransactionResponse@16c (truncated)...]
2025-07-01 21:48:08 - Writing [{pagination={totalPages=5, page=0, total=50, size=10}, data=[com.banking.dto.TransactionResponse@591 (truncated)...]
2025-07-01 21:48:08 - Writing [{pagination={totalPages=5, page=0, total=50, size=10}, data=[com.banking.dto.TransactionResponse@13b (truncated)...]
2025-07-01 21:48:08 - Writing [{pagination={totalPages=5, page=0, total=50, size=10}, data=[com.banking.dto.TransactionResponse@587 (truncated)...]
2025-07-01 21:48:08 - Writing [{pagination={totalPages=5, page=0, total=50, size=10}, data=[com.banking.dto.TransactionResponse@546 (truncated)...]
2025-07-01 21:48:08 - Writing [{pagination={totalPages=5, page=0, total=50, size=10}, data=[com.banking.dto.TransactionResponse@268 (truncated)...]
2025-07-01 21:48:08 - Writing [{pagination={totalPages=5, page=0, total=50, size=10}, data=[com.banking.dto.TransactionResponse@5ea (truncated)...]
2025-07-01 21:48:08 - Writing [{pagination={totalPages=5, page=0, total=50, size=10}, data=[com.banking.dto.TransactionResponse@4ec (truncated)...]
2025-07-01 21:48:08 - Writing [{pagination={totalPages=5, page=0, total=50, size=10}, data=[com.banking.dto.TransactionResponse@575 (truncated)...]
2025-07-01 21:48:08 - Mapped to com.banking.controller.TransactionController#getStatistics()
2025-07-01 21:48:08 - Mapped to com.banking.controller.TransactionController#getStatistics()
2025-07-01 21:48:08 - Mapped to com.banking.controller.TransactionController#getStatistics()
2025-07-01 21:48:08 - Mapped to com.banking.controller.TransactionController#getStatistics()
2025-07-01 21:48:08 - Mapped to com.banking.controller.TransactionController#getStatistics()
2025-07-01 21:48:08 - Mapped to com.banking.controller.TransactionController#getStatistics()
2025-07-01 21:48:08 - Mapped to com.banking.controller.TransactionController#getStatistics()
2025-07-01 21:48:08 - Mapped to com.banking.controller.TransactionController#getStatistics()
2025-07-01 21:48:08 - Mapped to com.banking.controller.TransactionController#getStatistics()
2025-07-01 21:48:08 - Mapped to com.banking.controller.TransactionController#getStatistics()
2025-07-01 21:48:08 - Using 'application/json', given [*/*] and supported [application/json, application/*+json]
2025-07-01 21:48:08 - Using 'application/json', given [*/*] and supported [application/json, application/*+json]
2025-07-01 21:48:08 - Using 'application/json', given [*/*] and supported [application/json, application/*+json]
2025-07-01 21:48:08 - Using 'application/json', given [*/*] and supported [application/json, application/*+json]
2025-07-01 21:48:08 - Using 'application/json', given [*/*] and supported [application/json, application/*+json]
2025-07-01 21:48:08 - Writing [{pagination={totalPages=5, page=0, total=50, size=10}, data=[com.banking.dto.TransactionResponse@72f (truncated)...]
2025-07-01 21:48:08 - Using 'application/json', given [*/*] and supported [application/json, application/*+json]
2025-07-01 21:48:08 - Writing [{pagination={totalPages=5, page=0, total=50, size=10}, data=[com.banking.dto.TransactionResponse@2d0 (truncated)...]
2025-07-01 21:48:08 - Writing [{pagination={totalPages=5, page=0, total=50, size=10}, data=[com.banking.dto.TransactionResponse@166 (truncated)...]
2025-07-01 21:48:08 - Writing [{pagination={totalPages=5, page=0, total=50, size=10}, data=[com.banking.dto.TransactionResponse@2e9 (truncated)...]
2025-07-01 21:48:08 - Writing [{pagination={totalPages=5, page=0, total=50, size=10}, data=[com.banking.dto.TransactionResponse@70c (truncated)...]
2025-07-01 21:48:08 - Using 'application/json', given [*/*] and supported [application/json, application/*+json]
2025-07-01 21:48:08 - Writing [{pagination={totalPages=5, page=0, total=50, size=10}, data=[com.banking.dto.TransactionResponse@4de (truncated)...]
2025-07-01 21:48:08 - Using 'application/json', given [*/*] and supported [application/json, application/*+json]
2025-07-01 21:48:09 - Writing [{pagination={totalPages=5, page=0, total=50, size=10}, data=[com.banking.dto.TransactionResponse@138 (truncated)...]
2025-07-01 21:48:09 - Writing [{pagination={totalPages=5, page=0, total=50, size=10}, data=[com.banking.dto.TransactionResponse@28e (truncated)...]
2025-07-01 21:48:09 - Using 'application/json', given [*/*] and supported [application/json, application/*+json]
2025-07-01 21:48:09 - Using 'application/json', given [*/*] and supported [application/json, application/*+json]
2025-07-01 21:48:09 - Writing [{pagination={totalPages=5, page=0, total=50, size=10}, data=[com.banking.dto.TransactionResponse@4d1 (truncated)...]
2025-07-01 21:48:09 - Writing [{pagination={totalPages=5, page=0, total=50, size=10}, data=[com.banking.dto.TransactionResponse@49f (truncated)...]
2025-07-01 21:48:09 - Mapped to com.banking.controller.TransactionController#getStatistics()
2025-07-01 21:48:09 - Mapped to com.banking.controller.TransactionController#getStatistics()
2025-07-01 21:48:09 - Mapped to com.banking.controller.TransactionController#getStatistics()
2025-07-01 21:48:09 - Mapped to com.banking.controller.TransactionController#getStatistics()
2025-07-01 21:48:09 - Mapped to com.banking.controller.TransactionController#getStatistics()
2025-07-01 21:48:09 - Using 'application/json', given [*/*] and supported [application/json, application/*+json]
2025-07-01 21:48:09 - Using 'application/json', given [*/*] and supported [application/json, application/*+json]
2025-07-01 21:48:09 - Writing [{data={totalTransactions=50, transactionTypes=[Lcom.banking.model.TransactionType;@502a2559}, succes (truncated)...]
2025-07-01 21:48:09 - Using 'application/json', given [*/*] and supported [application/json, application/*+json]
2025-07-01 21:48:09 - Writing [{data={totalTransactions=50, transactionTypes=[Lcom.banking.model.TransactionType;@6134bbcc}, succes (truncated)...]
2025-07-01 21:48:09 - Writing [{data={totalTransactions=50, transactionTypes=[Lcom.banking.model.TransactionType;@1b1697bb}, succes (truncated)...]
2025-07-01 21:48:09 - Mapped to com.banking.controller.TransactionController#getStatistics()
2025-07-01 21:48:09 - Using 'application/json', given [*/*] and supported [application/json, application/*+json]
2025-07-01 21:48:09 - Writing [{data={totalTransactions=50, transactionTypes=[Lcom.banking.model.TransactionType;@4ce513e7}, succes (truncated)...]
2025-07-01 21:48:09 - Using 'application/json', given [*/*] and supported [application/json, application/*+json]
2025-07-01 21:48:09 - Writing [{data={totalTransactions=50, transactionTypes=[Lcom.banking.model.TransactionType;@2f25ce35}, succes (truncated)...]
2025-07-01 21:48:09 - Mapped to com.banking.controller.TransactionController#getTransactionsByType(TransactionType)
2025-07-01 21:48:09 - Mapped to com.banking.controller.TransactionController#getTransactionsByType(TransactionType)
2025-07-01 21:48:09 - Mapped to com.banking.controller.TransactionController#getTransactionsByType(TransactionType)
2025-07-01 21:48:09 - Mapped to com.banking.controller.TransactionController#getStatistics()
2025-07-01 21:48:09 - Mapped to com.banking.controller.TransactionController#getStatistics()
2025-07-01 21:48:09 - Mapped to com.banking.controller.TransactionController#getStatistics()
2025-07-01 21:48:09 - Mapped to com.banking.controller.TransactionController#getTransactionsByType(TransactionType)
2025-07-01 21:48:09 - Mapped to com.banking.controller.TransactionController#getTransactionsByType(TransactionType)
2025-07-01 21:48:09 - Mapped to com.banking.controller.TransactionController#getStatistics()
2025-07-01 21:48:09 - Using 'application/json', given [*/*] and supported [application/json, application/*+json]
2025-07-01 21:48:09 - Using 'application/json', given [*/*] and supported [application/json, application/*+json]
2025-07-01 21:48:09 - Using 'application/json', given [*/*] and supported [application/json, application/*+json]
2025-07-01 21:48:09 - Writing [{pagination={totalPages=5, page=0, total=50, size=10}, data=[com.banking.dto.TransactionResponse@149 (truncated)...]
2025-07-01 21:48:09 - Writing [{pagination={totalPages=5, page=0, total=50, size=10}, data=[com.banking.dto.TransactionResponse@480 (truncated)...]
2025-07-01 21:48:09 - Using 'application/json', given [*/*] and supported [application/json, application/*+json]
2025-07-01 21:48:09 - Writing [{data={totalTransactions=50, transactionTypes=[Lcom.banking.model.TransactionType;@4e646860}, succes (truncated)...]
2025-07-01 21:48:09 - Writing [{data={totalTransactions=50, transactionTypes=[Lcom.banking.model.TransactionType;@1cf1f172}, succes (truncated)...]
2025-07-01 21:48:09 - Using 'application/json', given [*/*] and supported [application/json, application/*+json]
2025-07-01 21:48:09 - Writing [{pagination={totalPages=5, page=0, total=50, size=10}, data=[com.banking.dto.TransactionResponse@25a (truncated)...]
2025-07-01 21:48:09 - Mapped to com.banking.controller.TransactionController#getTransactionsByType(TransactionType)
2025-07-01 21:48:09 - Mapped to com.banking.controller.TransactionController#getStatistics()
2025-07-01 21:48:09 - Mapped to com.banking.controller.TransactionController#getStatistics()
2025-07-01 21:48:09 - Mapped to com.banking.controller.TransactionController#getTransactionsByType(TransactionType)
2025-07-01 21:48:09 - Using 'application/json', given [*/*] and supported [application/json, application/*+json]
2025-07-01 21:48:09 - Writing [{pagination={totalPages=5, page=0, total=50, size=10}, data=[com.banking.dto.TransactionResponse@412 (truncated)...]
2025-07-01 21:48:09 - Using 'application/json', given [*/*] and supported [application/json, application/*+json]
2025-07-01 21:48:09 - Using 'application/json', given [*/*] and supported [application/json, application/*+json]
2025-07-01 21:48:09 - Using 'application/json', given [*/*] and supported [application/json, application/*+json]
2025-07-01 21:48:09 - Mapped to com.banking.controller.TransactionController#getStatistics()
2025-07-01 21:48:09 - Using 'application/json', given [*/*] and supported [application/json, application/*+json]
2025-07-01 21:48:09 - Writing [{pagination={totalPages=5, page=0, total=50, size=10}, data=[com.banking.dto.TransactionResponse@7f7 (truncated)...]
2025-07-01 21:48:09 - Writing [{pagination={totalPages=5, page=0, total=50, size=10}, data=[com.banking.dto.TransactionResponse@60c (truncated)...]
2025-07-01 21:48:09 - Writing [{pagination={totalPages=5, page=0, total=50, size=10}, data=[com.banking.dto.TransactionResponse@1b8 (truncated)...]
2025-07-01 21:48:09 - Writing [{pagination={totalPages=5, page=0, total=50, size=10}, data=[com.banking.dto.TransactionResponse@2e1 (truncated)...]
2025-07-01 21:48:09 - Mapped to com.banking.controller.TransactionController#getStatistics()
2025-07-01 21:48:09 - Using 'application/json', given [*/*] and supported [application/json, application/*+json]
2025-07-01 21:48:09 - Mapped to com.banking.controller.TransactionController#getStatistics()
2025-07-01 21:48:09 - Using 'application/json', given [*/*] and supported [application/json, application/*+json]
2025-07-01 21:48:09 - Writing [{pagination={totalPages=5, page=0, total=50, size=10}, data=[com.banking.dto.TransactionResponse@268 (truncated)...]
2025-07-01 21:48:09 - Writing [{pagination={totalPages=5, page=0, total=50, size=10}, data=[com.banking.dto.TransactionResponse@441 (truncated)...]
2025-07-01 21:48:09 - Using 'application/json', given [*/*] and supported [application/json, application/*+json]
2025-07-01 21:48:09 - Writing [{pagination={totalPages=5, page=0, total=50, size=10}, data=[com.banking.dto.TransactionResponse@6af (truncated)...]
2025-07-01 21:48:09 - Using 'application/json', given [*/*] and supported [application/json, application/*+json]
2025-07-01 21:48:09 - Writing [{pagination={totalPages=5, page=0, total=50, size=10}, data=[com.banking.dto.TransactionResponse@18d (truncated)...]
2025-07-01 21:48:09 - Mapped to com.banking.controller.TransactionController#getStatistics()
2025-07-01 21:48:09 - Using 'application/json', given [*/*] and supported [application/json, application/*+json]
2025-07-01 21:48:09 - Writing [{data={totalTransactions=50, transactionTypes=[Lcom.banking.model.TransactionType;@9b1975b}, success (truncated)...]
2025-07-01 21:48:09 - Mapped to com.banking.controller.TransactionController#getStatistics()
2025-07-01 21:48:09 - Mapped to com.banking.controller.TransactionController#getStatistics()
2025-07-01 21:48:09 - Mapped to com.banking.controller.TransactionController#getTransactionsByType(TransactionType)
2025-07-01 21:48:09 - Mapped to com.banking.controller.TransactionController#getStatistics()
2025-07-01 21:48:09 - Mapped to com.banking.controller.TransactionController#getStatistics()
2025-07-01 21:48:09 - Mapped to com.banking.controller.TransactionController#getStatistics()
2025-07-01 21:48:09 - Using 'application/json', given [*/*] and supported [application/json, application/*+json]
2025-07-01 21:48:09 - Using 'application/json', given [*/*] and supported [application/json, application/*+json]
2025-07-01 21:48:09 - Using 'application/json', given [*/*] and supported [application/json, application/*+json]
2025-07-01 21:48:09 - Writing [{pagination={totalPages=5, page=0, total=50, size=10}, data=[com.banking.dto.TransactionResponse@5d5 (truncated)...]
2025-07-01 21:48:09 - Writing [{data={totalTransactions=50, transactionTypes=[Lcom.banking.model.TransactionType;@3cf394cf}, succes (truncated)...]
2025-07-01 21:48:09 - Writing [{pagination={totalPages=5, page=0, total=50, size=10}, data=[com.banking.dto.TransactionResponse@1b5 (truncated)...]
2025-07-01 21:48:09 - Using 'application/json', given [*/*] and supported [application/json, application/*+json]
2025-07-01 21:48:09 - Writing [{data={totalTransactions=50, transactionTypes=[Lcom.banking.model.TransactionType;@1dbf309f}, succes (truncated)...]
2025-07-01 21:48:09 - Mapped to com.banking.controller.TransactionController#getStatistics()
2025-07-01 21:48:09 - Mapped to com.banking.controller.TransactionController#getTransactionsByType(TransactionType)
2025-07-01 21:48:09 - Using 'application/json', given [*/*] and supported [application/json, application/*+json]
2025-07-01 21:48:09 - Writing [{data={totalTransactions=50, transactionTypes=[Lcom.banking.model.TransactionType;@2f1968a1}, succes (truncated)...]
2025-07-01 21:48:09 - Mapped to com.banking.controller.TransactionController#getTransactionsByType(TransactionType)
2025-07-01 21:48:09 - Mapped to com.banking.controller.TransactionController#getStatistics()
2025-07-01 21:48:09 - Mapped to com.banking.controller.TransactionController#getStatistics()
2025-07-01 21:48:09 - Mapped to com.banking.controller.TransactionController#getTransactionsByType(TransactionType)
2025-07-01 21:48:09 - Using 'application/json', given [*/*] and supported [application/json, application/*+json]
2025-07-01 21:48:09 - Writing [{pagination={totalPages=5, page=0, total=50, size=10}, data=[com.banking.dto.TransactionResponse@71f (truncated)...]
2025-07-01 21:48:09 - Using 'application/json', given [*/*] and supported [application/json, application/*+json]
2025-07-01 21:48:09 - Using 'application/json', given [*/*] and supported [application/json, application/*+json]
2025-07-01 21:48:09 - Writing [{pagination={totalPages=5, page=0, total=50, size=10}, data=[com.banking.dto.TransactionResponse@379 (truncated)...]
2025-07-01 21:48:09 - Writing [{pagination={totalPages=5, page=0, total=50, size=10}, data=[com.banking.dto.TransactionResponse@19d (truncated)...]
2025-07-01 21:48:09 - Using 'application/json', given [*/*] and supported [application/json, application/*+json]
2025-07-01 21:48:09 - Writing [{pagination={totalPages=5, page=0, total=50, size=10}, data=[com.banking.dto.TransactionResponse@c3b (truncated)...]
2025-07-01 21:48:09 - Using 'application/json', given [*/*] and supported [application/json, application/*+json]
2025-07-01 21:48:09 - Writing [{pagination={totalPages=5, page=0, total=50, size=10}, data=[com.banking.dto.TransactionResponse@692 (truncated)...]
2025-07-01 21:48:09 - Using 'application/json', given [*/*] and supported [application/json, application/*+json]
2025-07-01 21:48:09 - Writing [{pagination={totalPages=5, page=0, total=50, size=10}, data=[com.banking.dto.TransactionResponse@155 (truncated)...]
2025-07-01 21:48:09 - Mapped to com.banking.controller.TransactionController#getStatistics()
2025-07-01 21:48:09 - Mapped to com.banking.controller.TransactionController#getStatistics()
2025-07-01 21:48:09 - Using 'application/json', given [*/*] and supported [application/json, application/*+json]
2025-07-01 21:48:09 - Mapped to com.banking.controller.TransactionController#getStatistics()
2025-07-01 21:48:09 - Mapped to com.banking.controller.TransactionController#getStatistics()
2025-07-01 21:48:09 - Writing [{pagination={totalPages=5, page=0, total=50, size=10}, data=[com.banking.dto.TransactionResponse@5e3 (truncated)...]
2025-07-01 21:48:09 - Mapped to com.banking.controller.TransactionController#getStatistics()
2025-07-01 21:48:09 - Mapped to com.banking.controller.TransactionController#getStatistics()
2025-07-01 21:48:09 - Using 'application/json', given [*/*] and supported [application/json, application/*+json]
2025-07-01 21:48:09 - Writing [{pagination={totalPages=5, page=0, total=50, size=10}, data=[com.banking.dto.TransactionResponse@67b (truncated)...]
2025-07-01 21:48:09 - Mapped to com.banking.controller.TransactionController#getStatistics()
2025-07-01 21:48:09 - Using 'application/json', given [*/*] and supported [application/json, application/*+json]
2025-07-01 21:48:09 - Writing [{pagination={totalPages=5, page=0, total=50, size=10}, data=[com.banking.dto.TransactionResponse@6ea (truncated)...]
2025-07-01 21:48:09 - Mapped to com.banking.controller.TransactionController#getStatistics()
2025-07-01 21:48:09 - Using 'application/json', given [*/*] and supported [application/json, application/*+json]
2025-07-01 21:48:09 - Using 'application/json', given [*/*] and supported [application/json, application/*+json]
2025-07-01 21:48:09 - Using 'application/json', given [*/*] and supported [application/json, application/*+json]
2025-07-01 21:48:09 - Writing [{pagination={totalPages=5, page=0, total=50, size=10}, data=[com.banking.dto.TransactionResponse@7e2 (truncated)...]
2025-07-01 21:48:09 - Writing [{pagination={totalPages=5, page=0, total=50, size=10}, data=[com.banking.dto.TransactionResponse@791 (truncated)...]
2025-07-01 21:48:09 - Writing [{pagination={totalPages=5, page=0, total=50, size=10}, data=[com.banking.dto.TransactionResponse@4f6 (truncated)...]
2025-07-01 21:48:09 - Using 'application/json', given [*/*] and supported [application/json, application/*+json]
2025-07-01 21:48:09 - Writing [{pagination={totalPages=5, page=0, total=50, size=10}, data=[com.banking.dto.TransactionResponse@43b (truncated)...]
2025-07-01 21:48:09 - Using 'application/json', given [*/*] and supported [application/json, application/*+json]
2025-07-01 21:48:09 - Writing [{pagination={totalPages=5, page=0, total=50, size=10}, data=[com.banking.dto.TransactionResponse@7d8 (truncated)...]
2025-07-01 21:48:09 - Using 'application/json', given [*/*] and supported [application/json, application/*+json]
2025-07-01 21:48:09 - Writing [{pagination={totalPages=5, page=0, total=50, size=10}, data=[com.banking.dto.TransactionResponse@5a6 (truncated)...]
2025-07-01 21:48:09 - Mapped to com.banking.controller.TransactionController#getStatistics()
2025-07-01 21:48:09 - Mapped to com.banking.controller.TransactionController#getStatistics()
2025-07-01 21:48:09 - Mapped to com.banking.controller.TransactionController#getStatistics()
2025-07-01 21:48:09 - Using 'application/json', given [*/*] and supported [application/json, application/*+json]
2025-07-01 21:48:09 - Writing [{pagination={totalPages=5, page=0, total=50, size=10}, data=[com.banking.dto.TransactionResponse@7f8 (truncated)...]
2025-07-01 21:48:09 - Mapped to com.banking.controller.TransactionController#getStatistics()
2025-07-01 21:48:09 - Mapped to com.banking.controller.TransactionController#getStatistics()
2025-07-01 21:48:09 - Mapped to com.banking.controller.TransactionController#getStatistics()
2025-07-01 21:48:09 - Mapped to com.banking.controller.TransactionController#getStatistics()
2025-07-01 21:48:09 - Using 'application/json', given [*/*] and supported [application/json, application/*+json]
2025-07-01 21:48:09 - Writing [{pagination={totalPages=5, page=0, total=50, size=10}, data=[com.banking.dto.TransactionResponse@4e8 (truncated)...]
2025-07-01 21:48:09 - Using 'application/json', given [*/*] and supported [application/json, application/*+json]
2025-07-01 21:48:09 - Writing [{pagination={totalPages=5, page=0, total=50, size=10}, data=[com.banking.dto.TransactionResponse@31b (truncated)...]
2025-07-01 21:48:09 - Mapped to com.banking.controller.TransactionController#getStatistics()
2025-07-01 21:48:09 - Using 'application/json', given [*/*] and supported [application/json, application/*+json]
2025-07-01 21:48:09 - Writing [{data={totalTransactions=50, transactionTypes=[Lcom.banking.model.TransactionType;@12559bda}, succes (truncated)...]
2025-07-01 21:48:09 - Mapped to com.banking.controller.TransactionController#getStatistics()
2025-07-01 21:48:09 - Mapped to com.banking.controller.TransactionController#getTransactionsByType(TransactionType)
2025-07-01 21:48:09 - Mapped to com.banking.controller.TransactionController#getStatistics()
2025-07-01 21:48:09 - Using 'application/json', given [*/*] and supported [application/json, application/*+json]
2025-07-01 21:48:09 - Writing [{pagination={totalPages=5, page=0, total=50, size=10}, data=[com.banking.dto.TransactionResponse@3a0 (truncated)...]
2025-07-01 21:48:09 - Using 'application/json', given [*/*] and supported [application/json, application/*+json]
2025-07-01 21:48:09 - Using 'application/json', given [*/*] and supported [application/json, application/*+json]
2025-07-01 21:48:09 - Mapped to com.banking.controller.TransactionController#getStatistics()
2025-07-01 21:48:09 - Using 'application/json', given [*/*] and supported [application/json, application/*+json]
2025-07-01 21:48:09 - Writing [{pagination={totalPages=5, page=0, total=50, size=10}, data=[com.banking.dto.TransactionResponse@283 (truncated)...]
2025-07-01 21:48:09 - Using 'application/json', given [*/*] and supported [application/json, application/*+json]
2025-07-01 21:48:09 - Writing [{pagination={totalPages=5, page=0, total=50, size=10}, data=[com.banking.dto.TransactionResponse@7c7 (truncated)...]
2025-07-01 21:48:09 - Writing [{pagination={totalPages=5, page=0, total=50, size=10}, data=[com.banking.dto.TransactionResponse@19e (truncated)...]
2025-07-01 21:48:09 - Writing [{pagination={totalPages=5, page=0, total=50, size=10}, data=[com.banking.dto.TransactionResponse@225 (truncated)...]
2025-07-01 21:48:09 - Using 'application/json', given [*/*] and supported [application/json, application/*+json]
2025-07-01 21:48:09 - Writing [{pagination={totalPages=5, page=0, total=50, size=10}, data=[com.banking.dto.TransactionResponse@44d (truncated)...]
2025-07-01 21:48:09 - Using 'application/json', given [*/*] and supported [application/json, application/*+json]
2025-07-01 21:48:09 - Using 'application/json', given [*/*] and supported [application/json, application/*+json]
2025-07-01 21:48:09 - Writing [{pagination={totalPages=5, page=0, total=50, size=10}, data=[com.banking.dto.TransactionResponse@327 (truncated)...]
2025-07-01 21:48:09 - Writing [{pagination={totalPages=5, page=0, total=50, size=10}, data=[com.banking.dto.TransactionResponse@595 (truncated)...]
2025-07-01 21:48:09 - Using 'application/json', given [*/*] and supported [application/json, application/*+json]
2025-07-01 21:48:09 - Writing [{pagination={totalPages=5, page=0, total=50, size=10}, data=[com.banking.dto.TransactionResponse@471 (truncated)...]
2025-07-01 21:48:09 - Using 'application/json', given [*/*] and supported [application/json, application/*+json]
2025-07-01 21:48:09 - Writing [{pagination={totalPages=5, page=0, total=50, size=10}, data=[com.banking.dto.TransactionResponse@1f1 (truncated)...]
2025-07-01 21:48:09 - Mapped to com.banking.controller.TransactionController#getStatistics()
2025-07-01 21:48:09 - Mapped to com.banking.controller.TransactionController#getStatistics()
2025-07-01 21:48:09 - Mapped to com.banking.controller.TransactionController#getStatistics()
2025-07-01 21:48:09 - Mapped to com.banking.controller.TransactionController#getStatistics()
2025-07-01 21:48:09 - Using 'application/json', given [*/*] and supported [application/json, application/*+json]
2025-07-01 21:48:09 - Mapped to com.banking.controller.TransactionController#getStatistics()
2025-07-01 21:48:09 - Mapped to com.banking.controller.TransactionController#getStatistics()
2025-07-01 21:48:09 - Mapped to com.banking.controller.TransactionController#getStatistics()
2025-07-01 21:48:09 - Mapped to com.banking.controller.TransactionController#getStatistics()
2025-07-01 21:48:09 - Writing [{pagination={totalPages=5, page=0, total=50, size=10}, data=[com.banking.dto.TransactionResponse@315 (truncated)...]
2025-07-01 21:48:09 - Mapped to com.banking.controller.TransactionController#getStatistics()
2025-07-01 21:48:09 - Mapped to com.banking.controller.TransactionController#getStatistics()
2025-07-01 21:48:09 - Using 'application/json', given [*/*] and supported [application/json, application/*+json]
2025-07-01 21:48:09 - Using 'application/json', given [*/*] and supported [application/json, application/*+json]
2025-07-01 21:48:09 - Using 'application/json', given [*/*] and supported [application/json, application/*+json]
2025-07-01 21:48:09 - Writing [{pagination={totalPages=5, page=0, total=50, size=10}, data=[com.banking.dto.TransactionResponse@4dd (truncated)...]
2025-07-01 21:48:09 - Writing [{pagination={totalPages=5, page=0, total=50, size=10}, data=[com.banking.dto.TransactionResponse@465 (truncated)...]
2025-07-01 21:48:09 - Writing [{pagination={totalPages=5, page=0, total=50, size=10}, data=[com.banking.dto.TransactionResponse@40e (truncated)...]
2025-07-01 21:48:09 - Using 'application/json', given [*/*] and supported [application/json, application/*+json]
2025-07-01 21:48:09 - Using 'application/json', given [*/*] and supported [application/json, application/*+json]
2025-07-01 21:48:09 - Writing [{pagination={totalPages=5, page=0, total=50, size=10}, data=[com.banking.dto.TransactionResponse@6ef (truncated)...]
2025-07-01 21:48:09 - Writing [{pagination={totalPages=5, page=0, total=50, size=10}, data=[com.banking.dto.TransactionResponse@5fd (truncated)...]
2025-07-01 21:48:09 - Using 'application/json', given [*/*] and supported [application/json, application/*+json]
2025-07-01 21:48:09 - Writing [{pagination={totalPages=5, page=0, total=50, size=10}, data=[com.banking.dto.TransactionResponse@302 (truncated)...]
2025-07-01 21:48:09 - Using 'application/json', given [*/*] and supported [application/json, application/*+json]
2025-07-01 21:48:09 - Writing [{pagination={totalPages=5, page=0, total=50, size=10}, data=[com.banking.dto.TransactionResponse@369 (truncated)...]
2025-07-01 21:48:09 - Using 'application/json', given [*/*] and supported [application/json, application/*+json]
2025-07-01 21:48:09 - Using 'application/json', given [*/*] and supported [application/json, application/*+json]
2025-07-01 21:48:09 - Writing [{pagination={totalPages=5, page=0, total=50, size=10}, data=[com.banking.dto.TransactionResponse@382 (truncated)...]
2025-07-01 21:48:09 - Writing [{pagination={totalPages=5, page=0, total=50, size=10}, data=[com.banking.dto.TransactionResponse@545 (truncated)...]
2025-07-01 21:48:09 - Mapped to com.banking.controller.TransactionController#getStatistics()
2025-07-01 21:48:09 - Mapped to com.banking.controller.TransactionController#getStatistics()
2025-07-01 21:48:09 - Using 'application/json', given [*/*] and supported [application/json, application/*+json]
2025-07-01 21:48:09 - Writing [{pagination={totalPages=5, page=0, total=50, size=10}, data=[com.banking.dto.TransactionResponse@3a3 (truncated)...]
2025-07-01 21:48:09 - Mapped to com.banking.controller.TransactionController#getStatistics()
2025-07-01 21:48:09 - Mapped to com.banking.controller.TransactionController#getStatistics()
2025-07-01 21:48:09 - Mapped to com.banking.controller.TransactionController#getStatistics()
2025-07-01 21:48:09 - Mapped to com.banking.controller.TransactionController#getStatistics()
2025-07-01 21:48:09 - Using 'application/json', given [*/*] and supported [application/json, application/*+json]
2025-07-01 21:48:09 - Mapped to com.banking.controller.TransactionController#getStatistics()
2025-07-01 21:48:09 - Writing [{data={totalTransactions=50, transactionTypes=[Lcom.banking.model.TransactionType;@35a3a653}, succes (truncated)...]
2025-07-01 21:48:09 - Mapped to com.banking.controller.TransactionController#getStatistics()
2025-07-01 21:48:09 - Mapped to com.banking.controller.TransactionController#getStatistics()
2025-07-01 21:48:09 - Using 'application/json', given [*/*] and supported [application/json, application/*+json]
2025-07-01 21:48:09 - Writing [{data={totalTransactions=50, transactionTypes=[Lcom.banking.model.TransactionType;@144ce265}, succes (truncated)...]
2025-07-01 21:48:09 - Mapped to com.banking.controller.TransactionController#getStatistics()
2025-07-01 21:48:09 - Mapped to com.banking.controller.TransactionController#getTransactionsByType(TransactionType)
2025-07-01 21:48:09 - Using 'application/json', given [*/*] and supported [application/json, application/*+json]
2025-07-01 21:48:09 - Writing [{data={totalTransactions=50, transactionTypes=[Lcom.banking.model.TransactionType;@60484a56}, succes (truncated)...]
2025-07-01 21:48:09 - Mapped to com.banking.controller.TransactionController#getTransactionsByType(TransactionType)
2025-07-01 21:48:09 - Using 'application/json', given [*/*] and supported [application/json, application/*+json]
2025-07-01 21:48:09 - Writing [{data={totalTransactions=50, transactionTypes=[Lcom.banking.model.TransactionType;@6cf62fd}, success (truncated)...]
2025-07-01 21:48:09 - Mapped to com.banking.controller.TransactionController#getTransactionsByType(TransactionType)
2025-07-01 21:48:09 - Using 'application/json', given [*/*] and supported [application/json, application/*+json]
2025-07-01 21:48:09 - Writing [{pagination={totalPages=5, page=0, total=50, size=10}, data=[com.banking.dto.TransactionResponse@1f4 (truncated)...]
2025-07-01 21:48:09 - Using 'application/json', given [*/*] and supported [application/json, application/*+json]
2025-07-01 21:48:09 - Writing [{pagination={totalPages=5, page=0, total=50, size=10}, data=[com.banking.dto.TransactionResponse@705 (truncated)...]
2025-07-01 21:48:09 - Mapped to com.banking.controller.TransactionController#getTransactionsByType(TransactionType)
2025-07-01 21:48:09 - Using 'application/json', given [*/*] and supported [application/json, application/*+json]
2025-07-01 21:48:09 - Using 'application/json', given [*/*] and supported [application/json, application/*+json]
2025-07-01 21:48:09 - Using 'application/json', given [*/*] and supported [application/json, application/*+json]
2025-07-01 21:48:09 - Writing [{pagination={totalPages=5, page=0, total=50, size=10}, data=[com.banking.dto.TransactionResponse@6e1 (truncated)...]
2025-07-01 21:48:09 - Writing [{pagination={totalPages=5, page=0, total=50, size=10}, data=[com.banking.dto.TransactionResponse@31c (truncated)...]
2025-07-01 21:48:09 - Writing [{data={totalTransactions=50, transactionTypes=[Lcom.banking.model.TransactionType;@701103be}, succes (truncated)...]
2025-07-01 21:48:09 - Using 'application/json', given [*/*] and supported [application/json, application/*+json]
2025-07-01 21:48:09 - Writing [{pagination={totalPages=5, page=0, total=50, size=10}, data=[com.banking.dto.TransactionResponse@d26 (truncated)...]
2025-07-01 21:48:09 - Using 'application/json', given [*/*] and supported [application/json, application/*+json]
2025-07-01 21:48:09 - Writing [{pagination={totalPages=5, page=0, total=50, size=10}, data=[com.banking.dto.TransactionResponse@6da (truncated)...]
2025-07-01 21:48:09 - Using 'application/json', given [*/*] and supported [application/json, application/*+json]
2025-07-01 21:48:09 - Mapped to com.banking.controller.TransactionController#getTransactionsByType(TransactionType)
2025-07-01 21:48:09 - Writing [{pagination={totalPages=5, page=0, total=50, size=10}, data=[com.banking.dto.TransactionResponse@14a (truncated)...]
2025-07-01 21:48:09 - Mapped to com.banking.controller.TransactionController#getStatistics()
2025-07-01 21:48:09 - Using 'application/json', given [*/*] and supported [application/json, application/*+json]
2025-07-01 21:48:09 - Mapped to com.banking.controller.TransactionController#getStatistics()
2025-07-01 21:48:09 - Writing [{data={totalTransactions=50, transactionTypes=[Lcom.banking.model.TransactionType;@1bd3cf46}, succes (truncated)...]
2025-07-01 21:48:09 - Using 'application/json', given [*/*] and supported [application/json, application/*+json]
2025-07-01 21:48:09 - Writing [{data={totalTransactions=50, transactionTypes=[Lcom.banking.model.TransactionType;@66586da3}, succes (truncated)...]
2025-07-01 21:48:09 - Mapped to com.banking.controller.TransactionController#getStatistics()
2025-07-01 21:48:09 - Using 'application/json', given [*/*] and supported [application/json, application/*+json]
2025-07-01 21:48:09 - Mapped to com.banking.controller.TransactionController#getStatistics()
2025-07-01 21:48:09 - Writing [{data={totalTransactions=50, transactionTypes=[Lcom.banking.model.TransactionType;@47d085ff}, succes (truncated)...]
2025-07-01 21:48:09 - Using 'application/json', given [*/*] and supported [application/json, application/*+json]
2025-07-01 21:48:09 - Mapped to com.banking.controller.TransactionController#getStatistics()
2025-07-01 21:48:09 - Using 'application/json', given [*/*] and supported [application/json, application/*+json]
2025-07-01 21:48:09 - Writing [{data={totalTransactions=50, transactionTypes=[Lcom.banking.model.TransactionType;@596c622}, success (truncated)...]
2025-07-01 21:48:09 - Mapped to com.banking.controller.TransactionController#getStatistics()
2025-07-01 21:48:09 - Using 'application/json', given [*/*] and supported [application/json, application/*+json]
2025-07-01 21:48:09 - Writing [{data={totalTransactions=50, transactionTypes=[Lcom.banking.model.TransactionType;@4332bb4f}, succes (truncated)...]
2025-07-01 21:48:09 - Writing [{data={totalTransactions=50, transactionTypes=[Lcom.banking.model.TransactionType;@64098f3f}, succes (truncated)...]
2025-07-01 21:48:09 - Using 'application/json', given [*/*] and supported [application/json, application/*+json]
2025-07-01 21:48:09 - Writing [{pagination={totalPages=5, page=0, total=50, size=10}, data=[com.banking.dto.TransactionResponse@414 (truncated)...]
2025-07-01 21:48:09 - Mapped to com.banking.controller.TransactionController#getStatistics()
2025-07-01 21:48:09 - Mapped to com.banking.controller.TransactionController#getTransactionsByType(TransactionType)
2025-07-01 21:48:09 - Using 'application/json', given [*/*] and supported [application/json, application/*+json]
2025-07-01 21:48:09 - Writing [{data={totalTransactions=50, transactionTypes=[Lcom.banking.model.TransactionType;@97b01c2}, success (truncated)...]
2025-07-01 21:48:09 - Mapped to com.banking.controller.TransactionController#getTransactionsByType(TransactionType)
2025-07-01 21:48:09 - Using 'application/json', given [*/*] and supported [application/json, application/*+json]
2025-07-01 21:48:09 - Using 'application/json', given [*/*] and supported [application/json, application/*+json]
2025-07-01 21:48:09 - Using 'application/json', given [*/*] and supported [application/json, application/*+json]
2025-07-01 21:48:09 - Writing [{data={totalTransactions=50, transactionTypes=[Lcom.banking.model.TransactionType;@3f527727}, succes (truncated)...]
2025-07-01 21:48:09 - Mapped to com.banking.controller.TransactionController#getTransactionsByType(TransactionType)
2025-07-01 21:48:09 - Using 'application/json', given [*/*] and supported [application/json, application/*+json]
2025-07-01 21:48:09 - Writing [{pagination={totalPages=5, page=0, total=50, size=10}, data=[com.banking.dto.TransactionResponse@4a3 (truncated)...]
2025-07-01 21:48:09 - Writing [{data={totalTransactions=50, transactionTypes=[Lcom.banking.model.TransactionType;@7d874992}, succes (truncated)...]
2025-07-01 21:48:09 - Writing [{data={totalTransactions=50, transactionTypes=[Lcom.banking.model.TransactionType;@26c22a79}, succes (truncated)...]
2025-07-01 21:48:09 - Mapped to com.banking.controller.TransactionController#getTransactionsByType(TransactionType)
2025-07-01 21:48:09 - Mapped to com.banking.controller.TransactionController#getTransactionsByType(TransactionType)
2025-07-01 21:48:09 - Mapped to com.banking.controller.TransactionController#getTransactionsByType(TransactionType)
2025-07-01 21:48:09 - Using 'application/json', given [*/*] and supported [application/json, application/*+json]
2025-07-01 21:48:09 - Mapped to com.banking.controller.TransactionController#getTransactionsByType(TransactionType)
2025-07-01 21:48:09 - Writing [{data={totalTransactions=50, transactionTypes=[Lcom.banking.model.TransactionType;@4e572397}, succes (truncated)...]
2025-07-01 21:48:09 - Mapped to com.banking.controller.TransactionController#getTransactionsByType(TransactionType)
2025-07-01 21:48:09 - Mapped to com.banking.controller.TransactionController#getStatistics()
2025-07-01 21:48:09 - Mapped to com.banking.controller.TransactionController#getTransactionsByType(TransactionType)
2025-07-01 21:48:09 - Mapped to com.banking.controller.TransactionController#getTransactionsByType(TransactionType)
2025-07-01 21:48:09 - Mapped to com.banking.controller.TransactionController#getStatistics()
2025-07-01 21:48:09 - Using 'application/json', given [*/*] and supported [application/json, application/*+json]
2025-07-01 21:48:09 - Mapped to com.banking.controller.TransactionController#getTransactionsByType(TransactionType)
2025-07-01 21:48:09 - Writing [{data={totalTransactions=50, transactionTypes=[Lcom.banking.model.TransactionType;@53069e28}, succes (truncated)...]
2025-07-01 21:48:09 - Using 'application/json', given [*/*] and supported [application/json, application/*+json]
2025-07-01 21:48:09 - Using 'application/json', given [*/*] and supported [application/json, application/*+json]
2025-07-01 21:48:09 - Using 'application/json', given [*/*] and supported [application/json, application/*+json]
2025-07-01 21:48:09 - Writing [{pagination={totalPages=5, page=0, total=50, size=10}, data=[com.banking.dto.TransactionResponse@10b (truncated)...]
2025-07-01 21:48:09 - Writing [{data={totalTransactions=50, transactionTypes=[Lcom.banking.model.TransactionType;@48c01e08}, succes (truncated)...]
2025-07-01 21:48:09 - Writing [{data={totalTransactions=50, transactionTypes=[Lcom.banking.model.TransactionType;@4affb993}, succes (truncated)...]
2025-07-01 21:48:09 - Mapped to com.banking.controller.TransactionController#getTransactionsByType(TransactionType)
2025-07-01 21:48:09 - Using 'application/json', given [*/*] and supported [application/json, application/*+json]
2025-07-01 21:48:09 - Mapped to com.banking.controller.TransactionController#getTransactionsByType(TransactionType)
2025-07-01 21:48:09 - Mapped to com.banking.controller.TransactionController#getTransactionsByType(TransactionType)
2025-07-01 21:48:09 - Using 'application/json', given [*/*] and supported [application/json, application/*+json]
2025-07-01 21:48:09 - Writing [{data={totalTransactions=50, transactionTypes=[Lcom.banking.model.TransactionType;@405180db}, succes (truncated)...]
2025-07-01 21:48:09 - Using 'application/json', given [*/*] and supported [application/json, application/*+json]
2025-07-01 21:48:09 - Writing [{data={totalTransactions=50, transactionTypes=[Lcom.banking.model.TransactionType;@4fd35bc6}, succes (truncated)...]
2025-07-01 21:48:09 - Writing [{data={totalTransactions=50, transactionTypes=[Lcom.banking.model.TransactionType;@2a15e1de}, succes (truncated)...]
2025-07-01 21:48:09 - Mapped to com.banking.controller.TransactionController#getStatistics()
2025-07-01 21:48:09 - Using 'application/json', given [*/*] and supported [application/json, application/*+json]
2025-07-01 21:48:09 - Writing [{data={totalTransactions=50, transactionTypes=[Lcom.banking.model.TransactionType;@58ede3d2}, succes (truncated)...]
2025-07-01 21:48:09 - Using 'application/json', given [*/*] and supported [application/json, application/*+json]
2025-07-01 21:48:09 - Writing [{pagination={totalPages=5, page=0, total=50, size=10}, data=[com.banking.dto.TransactionResponse@67a (truncated)...]
2025-07-01 21:48:09 - Using 'application/json', given [*/*] and supported [application/json, application/*+json]
2025-07-01 21:48:09 - Using 'application/json', given [*/*] and supported [application/json, application/*+json]
2025-07-01 21:48:09 - Mapped to com.banking.controller.TransactionController#getTransactionsByType(TransactionType)
2025-07-01 21:48:09 - Writing [{pagination={totalPages=5, page=0, total=50, size=10}, data=[com.banking.dto.TransactionResponse@2e9 (truncated)...]
2025-07-01 21:48:09 - Mapped to com.banking.controller.TransactionController#getTransactionsByType(TransactionType)
2025-07-01 21:48:09 - Writing [{pagination={totalPages=5, page=0, total=50, size=10}, data=[com.banking.dto.TransactionResponse@444 (truncated)...]
2025-07-01 21:48:09 - Mapped to com.banking.controller.TransactionController#getTransactionsByType(TransactionType)
2025-07-01 21:48:09 - Using 'application/json', given [*/*] and supported [application/json, application/*+json]
2025-07-01 21:48:09 - Mapped to com.banking.controller.TransactionController#getTransactionsByType(TransactionType)
2025-07-01 21:48:09 - Writing [{data={totalTransactions=50, transactionTypes=[Lcom.banking.model.TransactionType;@235e3d9f}, succes (truncated)...]
2025-07-01 21:48:09 - Using 'application/json', given [*/*] and supported [application/json, application/*+json]
2025-07-01 21:48:09 - Using 'application/json', given [*/*] and supported [application/json, application/*+json]
2025-07-01 21:48:09 - Using 'application/json', given [*/*] and supported [application/json, application/*+json]
2025-07-01 21:48:09 - Writing [{pagination={totalPages=5, page=0, total=50, size=10}, data=[com.banking.dto.TransactionResponse@744 (truncated)...]
2025-07-01 21:48:09 - Writing [{pagination={totalPages=5, page=0, total=50, size=10}, data=[com.banking.dto.TransactionResponse@4d2 (truncated)...]
2025-07-01 21:48:09 - Writing [{pagination={totalPages=5, page=0, total=50, size=10}, data=[com.banking.dto.TransactionResponse@2f8 (truncated)...]
2025-07-01 21:48:09 - Mapped to com.banking.controller.TransactionController#getStatistics()
2025-07-01 21:48:09 - Mapped to com.banking.controller.TransactionController#getTransactionsByType(TransactionType)
2025-07-01 21:48:09 - Using 'application/json', given [*/*] and supported [application/json, application/*+json]
2025-07-01 21:48:09 - Writing [{data={totalTransactions=50, transactionTypes=[Lcom.banking.model.TransactionType;@76f613bc}, succes (truncated)...]
2025-07-01 21:48:09 - Using 'application/json', given [*/*] and supported [application/json, application/*+json]
2025-07-01 21:48:09 - Writing [{data={totalTransactions=50, transactionTypes=[Lcom.banking.model.TransactionType;@b6a7b37}, success (truncated)...]
2025-07-01 21:48:09 - Mapped to com.banking.controller.TransactionController#getStatistics()
2025-07-01 21:48:09 - Mapped to com.banking.controller.TransactionController#getStatistics()
2025-07-01 21:48:09 - Using 'application/json', given [*/*] and supported [application/json, application/*+json]
2025-07-01 21:48:09 - Writing [{data={totalTransactions=50, transactionTypes=[Lcom.banking.model.TransactionType;@5a42c8d2}, succes (truncated)...]
2025-07-01 21:48:09 - Mapped to com.banking.controller.TransactionController#getTransactionsByType(TransactionType)
2025-07-01 21:48:09 - Mapped to com.banking.controller.TransactionController#getTransactionsByType(TransactionType)
2025-07-01 21:48:09 - Using 'application/json', given [*/*] and supported [application/json, application/*+json]
2025-07-01 21:48:09 - Using 'application/json', given [*/*] and supported [application/json, application/*+json]
2025-07-01 21:48:09 - Writing [{data={totalTransactions=50, transactionTypes=[Lcom.banking.model.TransactionType;@5c5da790}, succes (truncated)...]
2025-07-01 21:48:09 - Writing [{data={totalTransactions=50, transactionTypes=[Lcom.banking.model.TransactionType;@31e1c972}, succes (truncated)...]
2025-07-01 21:48:09 - Mapped to com.banking.controller.TransactionController#getTransactionsByType(TransactionType)
2025-07-01 21:48:09 - Using 'application/json', given [*/*] and supported [application/json, application/*+json]
2025-07-01 21:48:09 - Writing [{data={totalTransactions=50, transactionTypes=[Lcom.banking.model.TransactionType;@4adb071b}, succes (truncated)...]
2025-07-01 21:48:09 - Using 'application/json', given [*/*] and supported [application/json, application/*+json]
2025-07-01 21:48:09 - Mapped to com.banking.controller.TransactionController#getStatistics()
2025-07-01 21:48:09 - Using 'application/json', given [*/*] and supported [application/json, application/*+json]
2025-07-01 21:48:09 - Writing [{data={totalTransactions=50, transactionTypes=[Lcom.banking.model.TransactionType;@5d997544}, succes (truncated)...]
2025-07-01 21:48:09 - Mapped to com.banking.controller.TransactionController#getStatistics()
2025-07-01 21:48:09 - Writing [{pagination={totalPages=5, page=0, total=50, size=10}, data=[com.banking.dto.TransactionResponse@716 (truncated)...]
2025-07-01 21:48:09 - Using 'application/json', given [*/*] and supported [application/json, application/*+json]
2025-07-01 21:48:09 - Mapped to com.banking.controller.TransactionController#getTransactionsByType(TransactionType)
2025-07-01 21:48:09 - Mapped to com.banking.controller.TransactionController#getTransactionsByType(TransactionType)
2025-07-01 21:48:09 - Using 'application/json', given [*/*] and supported [application/json, application/*+json]
2025-07-01 21:48:09 - Using 'application/json', given [*/*] and supported [application/json, application/*+json]
2025-07-01 21:48:09 - Writing [{data={totalTransactions=50, transactionTypes=[Lcom.banking.model.TransactionType;@2a0d79c4}, succes (truncated)...]
2025-07-01 21:48:09 - Writing [{pagination={totalPages=5, page=0, total=50, size=10}, data=[com.banking.dto.TransactionResponse@19f (truncated)...]
2025-07-01 21:48:09 - Using 'application/json', given [*/*] and supported [application/json, application/*+json]
2025-07-01 21:48:09 - Mapped to com.banking.controller.TransactionController#getStatistics()
2025-07-01 21:48:09 - Writing [{pagination={totalPages=5, page=0, total=50, size=10}, data=[com.banking.dto.TransactionResponse@56b (truncated)...]
2025-07-01 21:48:09 - Writing [{data={totalTransactions=50, transactionTypes=[Lcom.banking.model.TransactionType;@188aa1ca}, succes (truncated)...]
2025-07-01 21:48:09 - Mapped to com.banking.controller.TransactionController#getTransactionsByType(TransactionType)
2025-07-01 21:48:09 - Using 'application/json', given [*/*] and supported [application/json, application/*+json]
2025-07-01 21:48:09 - Writing [{data={totalTransactions=50, transactionTypes=[Lcom.banking.model.TransactionType;@58f3ef3f}, succes (truncated)...]
2025-07-01 21:48:09 - Using 'application/json', given [*/*] and supported [application/json, application/*+json]
2025-07-01 21:48:09 - Mapped to com.banking.controller.TransactionController#getTransactionsByType(TransactionType)
2025-07-01 21:48:09 - Writing [{data={totalTransactions=50, transactionTypes=[Lcom.banking.model.TransactionType;@433caa0}, success (truncated)...]
2025-07-01 21:48:09 - Using 'application/json', given [*/*] and supported [application/json, application/*+json]
2025-07-01 21:48:09 - Writing [{data={totalTransactions=50, transactionTypes=[Lcom.banking.model.TransactionType;@5941a68e}, succes (truncated)...]
2025-07-01 21:48:09 - Mapped to com.banking.controller.TransactionController#getTransactionsByType(TransactionType)
2025-07-01 21:48:09 - Mapped to com.banking.controller.TransactionController#getTransactionsByType(TransactionType)
2025-07-01 21:48:09 - Mapped to com.banking.controller.TransactionController#getStatistics()
2025-07-01 21:48:09 - Using 'application/json', given [*/*] and supported [application/json, application/*+json]
2025-07-01 21:48:09 - Mapped to com.banking.controller.TransactionController#getTransactionsByType(TransactionType)
2025-07-01 21:48:09 - Writing [{data={totalTransactions=50, transactionTypes=[Lcom.banking.model.TransactionType;@32a5dab6}, succes (truncated)...]
2025-07-01 21:48:09 - Mapped to com.banking.controller.TransactionController#getTransactionsByType(TransactionType)
2025-07-01 21:48:09 - Mapped to com.banking.controller.TransactionController#getTransactionsByType(TransactionType)
2025-07-01 21:48:09 - Using 'application/json', given [*/*] and supported [application/json, application/*+json]
2025-07-01 21:48:09 - Mapped to com.banking.controller.TransactionController#getStatistics()
2025-07-01 21:48:09 - Writing [{data={totalTransactions=50, transactionTypes=[Lcom.banking.model.TransactionType;@2f29a470}, succes (truncated)...]
2025-07-01 21:48:09 - Using 'application/json', given [*/*] and supported [application/json, application/*+json]
2025-07-01 21:48:09 - Mapped to com.banking.controller.TransactionController#getStatistics()
2025-07-01 21:48:09 - Writing [{pagination={totalPages=5, page=0, total=50, size=10}, data=[com.banking.dto.TransactionResponse@207 (truncated)...]
2025-07-01 21:48:09 - Using 'application/json', given [*/*] and supported [application/json, application/*+json]
2025-07-01 21:48:09 - Using 'application/json', given [*/*] and supported [application/json, application/*+json]
2025-07-01 21:48:09 - Writing [{data={totalTransactions=50, transactionTypes=[Lcom.banking.model.TransactionType;@5d22ee8e}, succes (truncated)...]
2025-07-01 21:48:09 - Writing [{data={totalTransactions=50, transactionTypes=[Lcom.banking.model.TransactionType;@27e2954}, success (truncated)...]
2025-07-01 21:48:09 - Using 'application/json', given [*/*] and supported [application/json, application/*+json]
2025-07-01 21:48:09 - Using 'application/json', given [*/*] and supported [application/json, application/*+json]
2025-07-01 21:48:09 - Using 'application/json', given [*/*] and supported [application/json, application/*+json]
2025-07-01 21:48:09 - Writing [{data={totalTransactions=50, transactionTypes=[Lcom.banking.model.TransactionType;@6614215f}, succes (truncated)...]
2025-07-01 21:48:09 - Writing [{data={totalTransactions=50, transactionTypes=[Lcom.banking.model.TransactionType;@2e3e6afb}, succes (truncated)...]
2025-07-01 21:48:09 - Writing [{data={totalTransactions=50, transactionTypes=[Lcom.banking.model.TransactionType;@f3352fb}, success (truncated)...]
2025-07-01 21:48:09 - Using 'application/json', given [*/*] and supported [application/json, application/*+json]
2025-07-01 21:48:09 - Writing [{data={totalTransactions=50, transactionTypes=[Lcom.banking.model.TransactionType;@6eebadf0}, succes (truncated)...]
2025-07-01 21:48:09 - Mapped to com.banking.controller.TransactionController#getTransactionsByType(TransactionType)
2025-07-01 21:48:09 - Using 'application/json', given [*/*] and supported [application/json, application/*+json]
2025-07-01 21:48:09 - Mapped to com.banking.controller.TransactionController#getTransactionsByType(TransactionType)
2025-07-01 21:48:09 - Mapped to com.banking.controller.TransactionController#getTransactionsByType(TransactionType)
2025-07-01 21:48:09 - Mapped to com.banking.controller.TransactionController#getTransactionsByType(TransactionType)
2025-07-01 21:48:09 - Using 'application/json', given [*/*] and supported [application/json, application/*+json]
2025-07-01 21:48:09 - Writing [{data={totalTransactions=50, transactionTypes=[Lcom.banking.model.TransactionType;@38b45f5f}, succes (truncated)...]
2025-07-01 21:48:09 - Writing [{data={totalTransactions=50, transactionTypes=[Lcom.banking.model.TransactionType;@58e71122}, succes (truncated)...]
2025-07-01 21:48:09 - Mapped to com.banking.controller.TransactionController#getTransactionsByType(TransactionType)
2025-07-01 21:48:09 - Using 'application/json', given [*/*] and supported [application/json, application/*+json]
2025-07-01 21:48:09 - Using 'application/json', given [*/*] and supported [application/json, application/*+json]
2025-07-01 21:48:09 - Writing [{data={totalTransactions=50, transactionTypes=[Lcom.banking.model.TransactionType;@17eb58}, success= (truncated)...]
2025-07-01 21:48:09 - Mapped to com.banking.controller.TransactionController#getTransactionsByType(TransactionType)
2025-07-01 21:48:09 - Writing [{data={totalTransactions=50, transactionTypes=[Lcom.banking.model.TransactionType;@259fafd7}, succes (truncated)...]
2025-07-01 21:48:09 - Using 'application/json', given [*/*] and supported [application/json, application/*+json]
2025-07-01 21:48:09 - Mapped to com.banking.controller.TransactionController#getStatistics()
2025-07-01 21:48:09 - Mapped to com.banking.controller.TransactionController#getTransactionsByType(TransactionType)
2025-07-01 21:48:09 - Using 'application/json', given [*/*] and supported [application/json, application/*+json]
2025-07-01 21:48:09 - Writing [{data={totalTransactions=50, transactionTypes=[Lcom.banking.model.TransactionType;@65941f9c}, succes (truncated)...]
2025-07-01 21:48:09 - Using 'application/json', given [*/*] and supported [application/json, application/*+json]
2025-07-01 21:48:09 - Mapped to com.banking.controller.TransactionController#getTransactionsByType(TransactionType)
2025-07-01 21:48:09 - Using 'application/json', given [*/*] and supported [application/json, application/*+json]
2025-07-01 21:48:09 - Mapped to com.banking.controller.TransactionController#getTransactionsByType(TransactionType)
2025-07-01 21:48:09 - Writing [{data={totalTransactions=50, transactionTypes=[Lcom.banking.model.TransactionType;@240f2916}, succes (truncated)...]
2025-07-01 21:48:09 - Mapped to com.banking.controller.TransactionController#getTransactionsByType(TransactionType)
2025-07-01 21:48:09 - Mapped to com.banking.controller.TransactionController#getTransactionsByType(TransactionType)
2025-07-01 21:48:09 - Writing [{data={totalTransactions=50, transactionTypes=[Lcom.banking.model.TransactionType;@77592fae}, succes (truncated)...]
2025-07-01 21:48:09 - Using 'application/json', given [*/*] and supported [application/json, application/*+json]
2025-07-01 21:48:09 - Using 'application/json', given [*/*] and supported [application/json, application/*+json]
2025-07-01 21:48:09 - Using 'application/json', given [*/*] and supported [application/json, application/*+json]
2025-07-01 21:48:09 - Writing [{data={totalTransactions=50, transactionTypes=[Lcom.banking.model.TransactionType;@218bafd1}, succes (truncated)...]
2025-07-01 21:48:09 - Writing [{data={totalTransactions=50, transactionTypes=[Lcom.banking.model.TransactionType;@283a40ed}, succes (truncated)...]
2025-07-01 21:48:09 - Writing [{data={totalTransactions=50, transactionTypes=[Lcom.banking.model.TransactionType;@2d421282}, succes (truncated)...]
2025-07-01 21:48:09 - Using 'application/json', given [*/*] and supported [application/json, application/*+json]
2025-07-01 21:48:09 - Mapped to com.banking.controller.TransactionController#getTransactionsByType(TransactionType)
2025-07-01 21:48:09 - Writing [{data={totalTransactions=50, transactionTypes=[Lcom.banking.model.TransactionType;@6251025b}, succes (truncated)...]
2025-07-01 21:48:09 - Writing [{data={totalTransactions=50, transactionTypes=[Lcom.banking.model.TransactionType;@5041892b}, succes (truncated)...]
2025-07-01 21:48:09 - Mapped to com.banking.controller.TransactionController#getTransactionsByType(TransactionType)
2025-07-01 21:48:09 - Mapped to com.banking.controller.TransactionController#getTransactionsByType(TransactionType)
2025-07-01 21:48:09 - Mapped to com.banking.controller.TransactionController#getTransactionsByType(TransactionType)
2025-07-01 21:48:09 - Mapped to com.banking.controller.TransactionController#getTransactionsByType(TransactionType)
2025-07-01 21:48:09 - Mapped to com.banking.controller.TransactionController#getTransactionsByType(TransactionType)
2025-07-01 21:48:09 - Mapped to com.banking.controller.TransactionController#getTransactionsByType(TransactionType)
2025-07-01 21:48:09 - Using 'application/json', given [*/*] and supported [application/json, application/*+json]
2025-07-01 21:48:09 - Mapped to com.banking.controller.TransactionController#getTransactionsByType(TransactionType)
2025-07-01 21:48:09 - Writing [{data={totalTransactions=50, transactionTypes=[Lcom.banking.model.TransactionType;@6145d4c4}, succes (truncated)...]
2025-07-01 21:48:09 - Using 'application/json', given [*/*] and supported [application/json, application/*+json]
2025-07-01 21:48:09 - Using 'application/json', given [*/*] and supported [application/json, application/*+json]
2025-07-01 21:48:09 - Using 'application/json', given [*/*] and supported [application/json, application/*+json]
2025-07-01 21:48:09 - Writing [{data={totalTransactions=50, transactionTypes=[Lcom.banking.model.TransactionType;@7d0bf37a}, succes (truncated)...]
2025-07-01 21:48:09 - Writing [{data={totalTransactions=50, transactionTypes=[Lcom.banking.model.TransactionType;@73dcf4ab}, succes (truncated)...]
2025-07-01 21:48:09 - Mapped to com.banking.controller.TransactionController#getTransactionsByType(TransactionType)
2025-07-01 21:48:09 - Using 'application/json', given [*/*] and supported [application/json, application/*+json]
2025-07-01 21:48:09 - Writing [{data={totalTransactions=50, transactionTypes=[Lcom.banking.model.TransactionType;@6f5e464e}, succes (truncated)...]
2025-07-01 21:48:09 - Using 'application/json', given [*/*] and supported [application/json, application/*+json]
2025-07-01 21:48:09 - Writing [{data={totalTransactions=50, transactionTypes=[Lcom.banking.model.TransactionType;@a166bc6}, success (truncated)...]
2025-07-01 21:48:09 - Writing [{data={totalTransactions=50, transactionTypes=[Lcom.banking.model.TransactionType;@6fc428dd}, succes (truncated)...]
2025-07-01 21:48:09 - Mapped to com.banking.controller.TransactionController#getTransactionsByType(TransactionType)
2025-07-01 21:48:09 - Using 'application/json', given [*/*] and supported [application/json, application/*+json]
2025-07-01 21:48:09 - Mapped to com.banking.controller.TransactionController#getTransactionsByType(TransactionType)
2025-07-01 21:48:09 - Mapped to com.banking.controller.TransactionController#getTransactionsByType(TransactionType)
2025-07-01 21:48:09 - Mapped to com.banking.controller.TransactionController#getTransactionsByType(TransactionType)
2025-07-01 21:48:09 - Writing [{data={totalTransactions=50, transactionTypes=[Lcom.banking.model.TransactionType;@62deaf44}, succes (truncated)...]
2025-07-01 21:48:09 - Mapped to com.banking.controller.TransactionController#getTransactionsByType(TransactionType)
2025-07-01 21:48:09 - Mapped to com.banking.controller.TransactionController#getTransactionsByType(TransactionType)
2025-07-01 21:48:09 - Using 'application/json', given [*/*] and supported [application/json, application/*+json]
2025-07-01 21:48:09 - Writing [{data={totalTransactions=50, transactionTypes=[Lcom.banking.model.TransactionType;@782d1479}, succes (truncated)...]
2025-07-01 21:48:09 - Using 'application/json', given [*/*] and supported [application/json, application/*+json]
2025-07-01 21:48:09 - Writing [{data={totalTransactions=50, transactionTypes=[Lcom.banking.model.TransactionType;@49ac78b5}, succes (truncated)...]
2025-07-01 21:48:09 - Using 'application/json', given [*/*] and supported [application/json, application/*+json]
2025-07-01 21:48:09 - Mapped to com.banking.controller.TransactionController#getTransactionsByType(TransactionType)
2025-07-01 21:48:09 - Writing [{data={totalTransactions=50, transactionTypes=[Lcom.banking.model.TransactionType;@4baa4d94}, succes (truncated)...]
2025-07-01 21:48:09 - Mapped to com.banking.controller.TransactionController#getTransactionsByType(TransactionType)
2025-07-01 21:48:09 - Using 'application/json', given [*/*] and supported [application/json, application/*+json]
2025-07-01 21:48:09 - Writing [{data={totalTransactions=50, transactionTypes=[Lcom.banking.model.TransactionType;@5a4d659f}, succes (truncated)...]
2025-07-01 21:48:09 - Using 'application/json', given [*/*] and supported [application/json, application/*+json]
2025-07-01 21:48:09 - Using 'application/json', given [*/*] and supported [application/json, application/*+json]
2025-07-01 21:48:09 - Writing [{pagination={totalPages=5, page=0, total=50, size=10}, data=[com.banking.dto.TransactionResponse@725 (truncated)...]
2025-07-01 21:48:09 - Writing [{pagination={totalPages=5, page=0, total=50, size=10}, data=[com.banking.dto.TransactionResponse@321 (truncated)...]
2025-07-01 21:48:09 - Mapped to com.banking.controller.TransactionController#getTransactionsByType(TransactionType)
2025-07-01 21:48:09 - Using 'application/json', given [*/*] and supported [application/json, application/*+json]
2025-07-01 21:48:09 - Using 'application/json', given [*/*] and supported [application/json, application/*+json]
2025-07-01 21:48:09 - Writing [{data={totalTransactions=50, transactionTypes=[Lcom.banking.model.TransactionType;@546ebc28}, succes (truncated)...]
2025-07-01 21:48:09 - Writing [{pagination={totalPages=5, page=0, total=50, size=10}, data=[com.banking.dto.TransactionResponse@f3a (truncated)...]
2025-07-01 21:48:09 - Mapped to com.banking.controller.TransactionController#getTransactionsByType(TransactionType)
2025-07-01 21:48:09 - Mapped to com.banking.controller.TransactionController#getTransactionsByType(TransactionType)
2025-07-01 21:48:09 - Using 'application/json', given [*/*] and supported [application/json, application/*+json]
2025-07-01 21:48:09 - Mapped to com.banking.controller.TransactionController#getTransactionsByType(TransactionType)
2025-07-01 21:48:09 - Writing [{data={totalTransactions=50, transactionTypes=[Lcom.banking.model.TransactionType;@7dbb2987}, succes (truncated)...]
2025-07-01 21:48:09 - Using 'application/json', given [*/*] and supported [application/json, application/*+json]
2025-07-01 21:48:09 - Using 'application/json', given [*/*] and supported [application/json, application/*+json]
2025-07-01 21:48:09 - Writing [{data={totalTransactions=50, transactionTypes=[Lcom.banking.model.TransactionType;@7a5d546c}, succes (truncated)...]
2025-07-01 21:48:09 - Writing [{data={totalTransactions=50, transactionTypes=[Lcom.banking.model.TransactionType;@3d06be58}, succes (truncated)...]
2025-07-01 21:48:09 - Using 'application/json', given [*/*] and supported [application/json, application/*+json]
2025-07-01 21:48:09 - Writing [{pagination={totalPages=5, page=0, total=50, size=10}, data=[com.banking.dto.TransactionResponse@7f4 (truncated)...]
2025-07-01 21:48:09 - Mapped to com.banking.controller.TransactionController#getStatistics()
2025-07-01 21:48:09 - Using 'application/json', given [*/*] and supported [application/json, application/*+json]
2025-07-01 21:48:09 - Mapped to com.banking.controller.TransactionController#getStatistics()
2025-07-01 21:48:09 - Mapped to com.banking.controller.TransactionController#getStatistics()
2025-07-01 21:48:09 - Mapped to com.banking.controller.TransactionController#getTransactionsByType(TransactionType)
2025-07-01 21:48:09 - Writing [{data={totalTransactions=50, transactionTypes=[Lcom.banking.model.TransactionType;@4faf6aa2}, succes (truncated)...]
2025-07-01 21:48:09 - Using 'application/json', given [*/*] and supported [application/json, application/*+json]
2025-07-01 21:48:09 - Using 'application/json', given [*/*] and supported [application/json, application/*+json]
2025-07-01 21:48:09 - Using 'application/json', given [*/*] and supported [application/json, application/*+json]
2025-07-01 21:48:09 - Writing [{data={totalTransactions=50, transactionTypes=[Lcom.banking.model.TransactionType;@6acec2df}, succes (truncated)...]
2025-07-01 21:48:09 - Writing [{data={totalTransactions=50, transactionTypes=[Lcom.banking.model.TransactionType;@fb5f75c}, success (truncated)...]
2025-07-01 21:48:09 - Mapped to com.banking.controller.TransactionController#getTransactionsByType(TransactionType)
2025-07-01 21:48:09 - Mapped to com.banking.controller.TransactionController#getTransactionsByType(TransactionType)
2025-07-01 21:48:09 - Writing [{data={totalTransactions=50, transactionTypes=[Lcom.banking.model.TransactionType;@446d9da7}, succes (truncated)...]
2025-07-01 21:48:09 - Using 'application/json', given [*/*] and supported [application/json, application/*+json]
2025-07-01 21:48:09 - Writing [{data={totalTransactions=50, transactionTypes=[Lcom.banking.model.TransactionType;@3e398e6c}, succes (truncated)...]
2025-07-01 21:48:09 - Using 'application/json', given [*/*] and supported [application/json, application/*+json]
2025-07-01 21:48:09 - Writing [{data={totalTransactions=50, transactionTypes=[Lcom.banking.model.TransactionType;@79854e70}, succes (truncated)...]
2025-07-01 21:48:09 - Using 'application/json', given [*/*] and supported [application/json, application/*+json]
2025-07-01 21:48:09 - Mapped to com.banking.controller.TransactionController#getTransactionsByType(TransactionType)
2025-07-01 21:48:09 - Mapped to com.banking.controller.TransactionController#getTransactionsByType(TransactionType)
2025-07-01 21:48:09 - Mapped to com.banking.controller.TransactionController#getTransactionsByType(TransactionType)
2025-07-01 21:48:09 - Using 'application/json', given [*/*] and supported [application/json, application/*+json]
2025-07-01 21:48:09 - Mapped to com.banking.controller.TransactionController#getTransactionsByType(TransactionType)
2025-07-01 21:48:09 - Writing [{data={totalTransactions=50, transactionTypes=[Lcom.banking.model.TransactionType;@47211724}, succes (truncated)...]
2025-07-01 21:48:09 - Using 'application/json', given [*/*] and supported [application/json, application/*+json]
2025-07-01 21:48:09 - Mapped to com.banking.controller.TransactionController#getStatistics()
2025-07-01 21:48:09 - Writing [{pagination={totalPages=5, page=0, total=50, size=10}, data=[com.banking.dto.TransactionResponse@6b2 (truncated)...]
2025-07-01 21:48:09 - Using 'application/json', given [*/*] and supported [application/json, application/*+json]
2025-07-01 21:48:09 - Mapped to com.banking.controller.TransactionController#getTransactionsByType(TransactionType)
2025-07-01 21:48:09 - Writing [{data={totalTransactions=50, transactionTypes=[Lcom.banking.model.TransactionType;@15e095cd}, succes (truncated)...]
2025-07-01 21:48:09 - Mapped to com.banking.controller.TransactionController#getTransactionsByType(TransactionType)
2025-07-01 21:48:09 - Writing [{data={totalTransactions=50, transactionTypes=[Lcom.banking.model.TransactionType;@4bbd2be0}, succes (truncated)...]
2025-07-01 21:48:09 - Using 'application/json', given [*/*] and supported [application/json, application/*+json]
2025-07-01 21:48:09 - Writing [{data={totalTransactions=50, transactionTypes=[Lcom.banking.model.TransactionType;@7461389}, success (truncated)...]
2025-07-01 21:48:09 - Using 'application/json', given [*/*] and supported [application/json, application/*+json]
2025-07-01 21:48:09 - Using 'application/json', given [*/*] and supported [application/json, application/*+json]
2025-07-01 21:48:09 - Writing [{data={totalTransactions=50, transactionTypes=[Lcom.banking.model.TransactionType;@51319b4d}, succes (truncated)...]
2025-07-01 21:48:09 - Writing [{data={totalTransactions=50, transactionTypes=[Lcom.banking.model.TransactionType;@1e99c137}, succes (truncated)...]
2025-07-01 21:48:09 - Mapped to com.banking.controller.TransactionController#getTransactionsByType(TransactionType)
2025-07-01 21:48:09 - Mapped to com.banking.controller.TransactionController#getTransactionsByType(TransactionType)
2025-07-01 21:48:09 - Using 'application/json', given [*/*] and supported [application/json, application/*+json]
2025-07-01 21:48:09 - Writing [{data={totalTransactions=50, transactionTypes=[Lcom.banking.model.TransactionType;@517856a9}, succes (truncated)...]
2025-07-01 21:48:09 - Mapped to com.banking.controller.TransactionController#getTransactionsByType(TransactionType)
2025-07-01 21:48:09 - Mapped to com.banking.controller.TransactionController#getStatistics()
2025-07-01 21:48:09 - Mapped to com.banking.controller.TransactionController#getTransactionsByType(TransactionType)
2025-07-01 21:48:09 - Mapped to com.banking.controller.TransactionController#getTransactionsByType(TransactionType)
2025-07-01 21:48:09 - Mapped to com.banking.controller.TransactionController#getTransactionsByType(TransactionType)
2025-07-01 21:48:09 - Mapped to com.banking.controller.TransactionController#getTransactionsByType(TransactionType)
2025-07-01 21:48:09 - Using 'application/json', given [*/*] and supported [application/json, application/*+json]
2025-07-01 21:48:09 - Writing [{data={totalTransactions=50, transactionTypes=[Lcom.banking.model.TransactionType;@3fc09b8c}, succes (truncated)...]
2025-07-01 21:48:09 - Using 'application/json', given [*/*] and supported [application/json, application/*+json]
2025-07-01 21:48:09 - Writing [{pagination={totalPages=5, page=0, total=50, size=10}, data=[com.banking.dto.TransactionResponse@70d (truncated)...]
2025-07-01 21:48:09 - Mapped to com.banking.controller.TransactionController#getTransactionsByType(TransactionType)
2025-07-01 21:48:09 - Using 'application/json', given [*/*] and supported [application/json, application/*+json]
2025-07-01 21:48:09 - Writing [{pagination={totalPages=5, page=0, total=50, size=10}, data=[com.banking.dto.TransactionResponse@427 (truncated)...]
2025-07-01 21:48:09 - Using 'application/json', given [*/*] and supported [application/json, application/*+json]
2025-07-01 21:48:09 - Writing [{data={totalTransactions=50, transactionTypes=[Lcom.banking.model.TransactionType;@34f4b789}, succes (truncated)...]
2025-07-01 21:48:09 - Mapped to com.banking.controller.TransactionController#getStatistics()
2025-07-01 21:48:09 - Mapped to com.banking.controller.TransactionController#getStatistics()
2025-07-01 21:48:09 - Mapped to com.banking.controller.TransactionController#getTransactionsByType(TransactionType)
2025-07-01 21:48:09 - Using 'application/json', given [*/*] and supported [application/json, application/*+json]
2025-07-01 21:48:09 - Using 'application/json', given [*/*] and supported [application/json, application/*+json]
2025-07-01 21:48:09 - Writing [{data={totalTransactions=50, transactionTypes=[Lcom.banking.model.TransactionType;@1e2b5bd4}, succes (truncated)...]
2025-07-01 21:48:09 - Writing [{data={totalTransactions=50, transactionTypes=[Lcom.banking.model.TransactionType;@66ed6e97}, succes (truncated)...]
2025-07-01 21:48:09 - Mapped to com.banking.controller.TransactionController#getTransactionsByType(TransactionType)
2025-07-01 21:48:09 - Mapped to com.banking.controller.TransactionController#getTransactionsByType(TransactionType)
2025-07-01 21:48:09 - Using 'application/json', given [*/*] and supported [application/json, application/*+json]
2025-07-01 21:48:09 - Using 'application/json', given [*/*] and supported [application/json, application/*+json]
2025-07-01 21:48:09 - Using 'application/json', given [*/*] and supported [application/json, application/*+json]
2025-07-01 21:48:09 - Using 'application/json', given [*/*] and supported [application/json, application/*+json]
2025-07-01 21:48:09 - Using 'application/json', given [*/*] and supported [application/json, application/*+json]
2025-07-01 21:48:09 - Writing [{data=[com.banking.dto.TransactionResponse@2f33a8e0, com.banking.dto.TransactionResponse@54f16e35, c (truncated)...]
2025-07-01 21:48:09 - Using 'application/json', given [*/*] and supported [application/json, application/*+json]
2025-07-01 21:48:09 - Using 'application/json', given [*/*] and supported [application/json, application/*+json]
2025-07-01 21:48:09 - Using 'application/json', given [*/*] and supported [application/json, application/*+json]
2025-07-01 21:48:09 - Using 'application/json', given [*/*] and supported [application/json, application/*+json]
2025-07-01 21:48:09 - Using 'application/json', given [*/*] and supported [application/json, application/*+json]
2025-07-01 21:48:09 - Writing [{data=[com.banking.dto.TransactionResponse@857a711, com.banking.dto.TransactionResponse@7c4b5cc8, co (truncated)...]
2025-07-01 21:48:09 - Writing [{data=[com.banking.dto.TransactionResponse@3aedb5d3, com.banking.dto.TransactionResponse@641be0dd, c (truncated)...]
2025-07-01 21:48:09 - Writing [{data=[com.banking.dto.TransactionResponse@2742c05d, com.banking.dto.TransactionResponse@517ecb43, c (truncated)...]
2025-07-01 21:48:09 - Writing [{data=[com.banking.dto.TransactionResponse@2f17200a, com.banking.dto.TransactionResponse@45db64fc, c (truncated)...]
2025-07-01 21:48:09 - Writing [{data=[com.banking.dto.TransactionResponse@421e482e, com.banking.dto.TransactionResponse@74a58507, c (truncated)...]
2025-07-01 21:48:09 - Writing [{data=[com.banking.dto.TransactionResponse@129218d, com.banking.dto.TransactionResponse@302cb643, co (truncated)...]
2025-07-01 21:48:09 - Writing [{data=[com.banking.dto.TransactionResponse@6920f307, com.banking.dto.TransactionResponse@10b46f9, co (truncated)...]
2025-07-01 21:48:09 - Writing [{data=[com.banking.dto.TransactionResponse@59f74230, com.banking.dto.TransactionResponse@7f46104a, c (truncated)...]
2025-07-01 21:48:09 - Writing [{data=[com.banking.dto.TransactionResponse@57257a8b, com.banking.dto.TransactionResponse@7a04ba29, c (truncated)...]
2025-07-01 21:48:09 - Mapped to com.banking.controller.TransactionController#getSecurityStatistics(String, String)
2025-07-01 21:48:09 - Mapped to com.banking.controller.TransactionController#getSecurityStatistics(String, String)
2025-07-01 21:48:09 - Mapped to com.banking.controller.TransactionController#getSecurityStatistics(String, String)
2025-07-01 21:48:09 - Mapped to com.banking.controller.TransactionController#getSecurityStatistics(String, String)
2025-07-01 21:48:09 - Mapped to com.banking.controller.TransactionController#getSecurityStatistics(String, String)
2025-07-01 21:48:09 - Mapped to com.banking.controller.TransactionController#getSecurityStatistics(String, String)
2025-07-01 21:48:09 - Mapped to com.banking.controller.TransactionController#getSecurityStatistics(String, String)
2025-07-01 21:48:09 - Mapped to com.banking.controller.TransactionController#getSecurityStatistics(String, String)
2025-07-01 21:48:09 - Mapped to com.banking.controller.TransactionController#getSecurityStatistics(String, String)
2025-07-01 21:48:09 - Mapped to com.banking.controller.TransactionController#getSecurityStatistics(String, String)
2025-07-01 21:48:09 - Using 'application/json', given [*/*] and supported [application/json, application/*+json]
2025-07-01 21:48:09 - Using 'application/json', given [*/*] and supported [application/json, application/*+json]
2025-07-01 21:48:09 - Writing [{data=[com.banking.dto.TransactionResponse@e837b19, com.banking.dto.TransactionResponse@7ef4dedb, co (truncated)...]
2025-07-01 21:48:09 - Writing [{data=[com.banking.dto.TransactionResponse@1e5ead70, com.banking.dto.TransactionResponse@4e38e710, c (truncated)...]
2025-07-01 21:48:09 - Using 'application/json', given [*/*] and supported [application/json, application/*+json]
2025-07-01 21:48:09 - Using 'application/json', given [*/*] and supported [application/json, application/*+json]
2025-07-01 21:48:09 - Writing [{data=[com.banking.dto.TransactionResponse@f8f86e3, com.banking.dto.TransactionResponse@5e95e200, co (truncated)...]
2025-07-01 21:48:09 - Writing [{data=[com.banking.dto.TransactionResponse@6f83ead5, com.banking.dto.TransactionResponse@13e65c72, c (truncated)...]
2025-07-01 21:48:09 - Using 'application/json', given [*/*] and supported [application/json, application/*+json]
2025-07-01 21:48:09 - Using 'application/json', given [*/*] and supported [application/json, application/*+json]
2025-07-01 21:48:09 - Using 'application/json', given [*/*] and supported [application/json, application/*+json]
2025-07-01 21:48:09 - Writing [{data=[com.banking.dto.TransactionResponse@1e64d545, com.banking.dto.TransactionResponse@3bc460d9, c (truncated)...]
2025-07-01 21:48:09 - Using 'application/json', given [*/*] and supported [application/json, application/*+json]
2025-07-01 21:48:09 - Writing [{data=[com.banking.dto.TransactionResponse@64dc4e5b, com.banking.dto.TransactionResponse@256d1956, c (truncated)...]
2025-07-01 21:48:09 - Writing [{data=[com.banking.dto.TransactionResponse@180e60c1, com.banking.dto.TransactionResponse@3bf8065e, c (truncated)...]
2025-07-01 21:48:09 - Writing [{data=[com.banking.dto.TransactionResponse@15d7c065, com.banking.dto.TransactionResponse@3a871d01, c (truncated)...]
2025-07-01 21:48:09 - Using 'application/json', given [*/*] and supported [application/json, application/*+json]
2025-07-01 21:48:09 - Writing [{data=[com.banking.dto.TransactionResponse@687bb9bc, com.banking.dto.TransactionResponse@287ce600, c (truncated)...]
2025-07-01 21:48:09 - Using 'application/json', given [*/*] and supported [application/json, application/*+json]
2025-07-01 21:48:09 - Writing [{data=[com.banking.dto.TransactionResponse@6db9ddf, com.banking.dto.TransactionResponse@6cab94, com. (truncated)...]
2025-07-01 21:48:09 - Mapped to com.banking.controller.TransactionController#getSecurityStatistics(String, String)
2025-07-01 21:48:09 - Mapped to com.banking.controller.TransactionController#getSecurityStatistics(String, String)
2025-07-01 21:48:09 - Using 'application/json', given [*/*] and supported [application/json, application/*+json]
2025-07-01 21:48:09 - Writing [{data=[com.banking.dto.TransactionResponse@10f35992, com.banking.dto.TransactionResponse@64577e1b, c (truncated)...]
2025-07-01 21:48:09 - Mapped to com.banking.controller.TransactionController#getSecurityStatistics(String, String)
2025-07-01 21:48:09 - Mapped to com.banking.controller.TransactionController#getSecurityStatistics(String, String)
2025-07-01 21:48:09 - Mapped to com.banking.controller.TransactionController#getSecurityStatistics(String, String)
2025-07-01 21:48:09 - Mapped to com.banking.controller.TransactionController#getSecurityStatistics(String, String)
2025-07-01 21:48:09 - Using 'application/json', given [*/*] and supported [application/json, application/*+json]
2025-07-01 21:48:09 - Mapped to com.banking.controller.TransactionController#getSecurityStatistics(String, String)
2025-07-01 21:48:09 - Mapped to com.banking.controller.TransactionController#getSecurityStatistics(String, String)
2025-07-01 21:48:09 - Writing [{data=[com.banking.dto.TransactionResponse@158809dd, com.banking.dto.TransactionResponse@688f9003, c (truncated)...]
2025-07-01 21:48:09 - Mapped to com.banking.controller.TransactionController#getSecurityStatistics(String, String)
2025-07-01 21:48:09 - Mapped to com.banking.controller.TransactionController#getSecurityStatistics(String, String)
2025-07-01 21:48:09 - Mapped to com.banking.controller.TransactionController#getSecurityStatistics(String, String)
2025-07-01 21:48:09 - Using 'application/json', given [*/*] and supported [application/json, application/*+json]
2025-07-01 21:48:09 - Writing [{data=[com.banking.dto.TransactionResponse@5c23b7b, com.banking.dto.TransactionResponse@1b8849cc, co (truncated)...]
2025-07-01 21:48:09 - Using 'application/json', given [*/*] and supported [application/json, application/*+json]
2025-07-01 21:48:09 - Writing [{data=[com.banking.dto.TransactionResponse@6fae145d, com.banking.dto.TransactionResponse@27a1ad8d, c (truncated)...]
2025-07-01 21:48:09 - Using 'application/json', given [*/*] and supported [application/json, application/*+json]
2025-07-01 21:48:09 - Writing [{data=[com.banking.dto.TransactionResponse@30ee6f10, com.banking.dto.TransactionResponse@4a065034, c (truncated)...]
2025-07-01 21:48:09 - Mapped to com.banking.controller.TransactionController#getSecurityStatistics(String, String)
2025-07-01 21:48:09 - Using 'application/json', given [*/*] and supported [application/json, application/*+json]
2025-07-01 21:48:09 - Writing [{data=[com.banking.dto.TransactionResponse@219cbd6f, com.banking.dto.TransactionResponse@63ac9308, c (truncated)...]
2025-07-01 21:48:09 - Using 'application/json', given [*/*] and supported [application/json, application/*+json]
2025-07-01 21:48:09 - Writing [{data=[com.banking.dto.TransactionResponse@3785460b, com.banking.dto.TransactionResponse@47a48d66, c (truncated)...]
2025-07-01 21:48:09 - Using 'application/json', given [*/*] and supported [application/json, application/*+json]
2025-07-01 21:48:09 - Writing [{data=[com.banking.dto.TransactionResponse@307be795, com.banking.dto.TransactionResponse@7a1c653a, c (truncated)...]
2025-07-01 21:48:09 - Mapped to com.banking.controller.TransactionController#getSecurityStatistics(String, String)
2025-07-01 21:48:09 - Mapped to com.banking.controller.TransactionController#getSecurityStatistics(String, String)
2025-07-01 21:48:09 - Using 'application/json', given [*/*] and supported [application/json, application/*+json]
2025-07-01 21:48:09 - Writing [{data=[com.banking.dto.TransactionResponse@42daa600, com.banking.dto.TransactionResponse@6c9e62c8, c (truncated)...]
2025-07-01 21:48:09 - Mapped to com.banking.controller.TransactionController#getSecurityStatistics(String, String)
2025-07-01 21:48:09 - Using 'application/json', given [*/*] and supported [application/json, application/*+json]
2025-07-01 21:48:09 - Using 'application/json', given [*/*] and supported [application/json, application/*+json]
2025-07-01 21:48:09 - Using 'application/json', given [*/*] and supported [application/json, application/*+json]
2025-07-01 21:48:09 - Writing [{data={transDate=2025-07-01, securityCode=000001, buyStatistics={averagePrice=0, totalAmount=0, tota (truncated)...]
2025-07-01 21:48:09 - Writing [{data=[com.banking.dto.TransactionResponse@19ff2344, com.banking.dto.TransactionResponse@328d5659, c (truncated)...]
2025-07-01 21:48:09 - Writing [{data=[com.banking.dto.TransactionResponse@a399332, com.banking.dto.TransactionResponse@7ab3ea3, com (truncated)...]
2025-07-01 21:48:09 - Mapped to com.banking.controller.TransactionController#getSecurityStatistics(String, String)
2025-07-01 21:48:09 - Mapped to com.banking.controller.TransactionController#getSecurityStatistics(String, String)
2025-07-01 21:48:09 - Mapped to com.banking.controller.TransactionController#getSecurityStatistics(String, String)
2025-07-01 21:48:09 - Using 'application/json', given [*/*] and supported [application/json, application/*+json]
2025-07-01 21:48:09 - Writing [{data=[com.banking.dto.TransactionResponse@3a73e466, com.banking.dto.TransactionResponse@54b1ca3a, c (truncated)...]
2025-07-01 21:48:09 - Mapped to com.banking.controller.TransactionController#getSecurityStatistics(String, String)
2025-07-01 21:48:09 - Using 'application/json', given [*/*] and supported [application/json, application/*+json]
2025-07-01 21:48:09 - Using 'application/json', given [*/*] and supported [application/json, application/*+json]
2025-07-01 21:48:09 - Using 'application/json', given [*/*] and supported [application/json, application/*+json]
2025-07-01 21:48:09 - Writing [{data={transDate=2025-07-01, securityCode=000001, buyStatistics={averagePrice=0, totalAmount=0, tota (truncated)...]
2025-07-01 21:48:09 - Writing [{data={transDate=2025-07-01, securityCode=000001, buyStatistics={averagePrice=0, totalAmount=0, tota (truncated)...]
2025-07-01 21:48:09 - Using 'application/json', given [*/*] and supported [application/json, application/*+json]
2025-07-01 21:48:09 - Using 'application/json', given [*/*] and supported [application/json, application/*+json]
2025-07-01 21:48:09 - Writing [{data={transDate=2025-07-01, securityCode=000001, buyStatistics={averagePrice=0, totalAmount=0, tota (truncated)...]
2025-07-01 21:48:09 - Using 'application/json', given [*/*] and supported [application/json, application/*+json]
2025-07-01 21:48:09 - Writing [{data={transDate=2025-07-01, securityCode=000001, buyStatistics={averagePrice=0, totalAmount=0, tota (truncated)...]
2025-07-01 21:48:09 - Writing [{data={transDate=2025-07-01, securityCode=000001, buyStatistics={averagePrice=0, totalAmount=0, tota (truncated)...]
2025-07-01 21:48:09 - Writing [{data={transDate=2025-07-01, securityCode=000001, buyStatistics={averagePrice=0, totalAmount=0, tota (truncated)...]
2025-07-01 21:48:09 - Mapped to com.banking.controller.TransactionController#getSecurityStatistics(String, String)
2025-07-01 21:48:09 - Mapped to com.banking.controller.TransactionController#getSecurityStatistics(String, String)
2025-07-01 21:48:09 - Using 'application/json', given [*/*] and supported [application/json, application/*+json]
2025-07-01 21:48:09 - Using 'application/json', given [*/*] and supported [application/json, application/*+json]
2025-07-01 21:48:09 - Using 'application/json', given [*/*] and supported [application/json, application/*+json]
2025-07-01 21:48:09 - Writing [{data=[com.banking.dto.TransactionResponse@2f89ae5a, com.banking.dto.TransactionResponse@7ca8c0ca, c (truncated)...]
2025-07-01 21:48:09 - Writing [{data=[com.banking.dto.TransactionResponse@3dbc92de, com.banking.dto.TransactionResponse@253499c2, c (truncated)...]
2025-07-01 21:48:09 - Writing [{data=[com.banking.dto.TransactionResponse@5c72d1ea, com.banking.dto.TransactionResponse@65155fbf, c (truncated)...]
2025-07-01 21:48:09 - Using 'application/json', given [*/*] and supported [application/json, application/*+json]
2025-07-01 21:48:09 - Using 'application/json', given [*/*] and supported [application/json, application/*+json]
2025-07-01 21:48:09 - Mapped to com.banking.controller.TransactionController#getSecurityStatistics(String, String)
2025-07-01 21:48:09 - Writing [{data={transDate=2025-07-01, securityCode=000001, buyStatistics={averagePrice=0, totalAmount=0, tota (truncated)...]
2025-07-01 21:48:09 - Writing [{data={transDate=2025-07-01, securityCode=000001, buyStatistics={averagePrice=0, totalAmount=0, tota (truncated)...]
2025-07-01 21:48:09 - Using 'application/json', given [*/*] and supported [application/json, application/*+json]
2025-07-01 21:48:09 - Writing [{data=[com.banking.dto.TransactionResponse@37ba996, com.banking.dto.TransactionResponse@2556ecdd, co (truncated)...]
2025-07-01 21:48:09 - Using 'application/json', given [*/*] and supported [application/json, application/*+json]
2025-07-01 21:48:09 - Writing [{data={transDate=2025-07-01, securityCode=000001, buyStatistics={averagePrice=0, totalAmount=0, tota (truncated)...]
2025-07-01 21:48:09 - Using 'application/json', given [*/*] and supported [application/json, application/*+json]
2025-07-01 21:48:09 - Writing [{data=[com.banking.dto.TransactionResponse@641bed38, com.banking.dto.TransactionResponse@21e903e0, c (truncated)...]
2025-07-01 21:48:09 - Using 'application/json', given [*/*] and supported [application/json, application/*+json]
2025-07-01 21:48:09 - Using 'application/json', given [*/*] and supported [application/json, application/*+json]
2025-07-01 21:48:09 - Writing [{data={transDate=2025-07-01, securityCode=000001, buyStatistics={averagePrice=0, totalAmount=0, tota (truncated)...]
2025-07-01 21:48:09 - Writing [{data=[com.banking.dto.TransactionResponse@971cc0a, com.banking.dto.TransactionResponse@782fd7a7, co (truncated)...]
2025-07-01 21:48:09 - Using 'application/json', given [*/*] and supported [application/json, application/*+json]
2025-07-01 21:48:09 - Writing [{data=[com.banking.dto.TransactionResponse@5a696c20, com.banking.dto.TransactionResponse@551241b1, c (truncated)...]
2025-07-01 21:48:09 - Using 'application/json', given [*/*] and supported [application/json, application/*+json]
2025-07-01 21:48:09 - Using 'application/json', given [*/*] and supported [application/json, application/*+json]
2025-07-01 21:48:09 - Using 'application/json', given [*/*] and supported [application/json, application/*+json]
2025-07-01 21:48:09 - Writing [{data=[com.banking.dto.TransactionResponse@44b40fd8, com.banking.dto.TransactionResponse@685bccca, c (truncated)...]
2025-07-01 21:48:09 - Writing [{data=[com.banking.dto.TransactionResponse@7bd1a6d7, com.banking.dto.TransactionResponse@c733c65, co (truncated)...]
2025-07-01 21:48:09 - Writing [{data=[com.banking.dto.TransactionResponse@52100ce8, com.banking.dto.TransactionResponse@4c5dcf05, c (truncated)...]
2025-07-01 21:48:09 - Mapped to com.banking.controller.TransactionController#getSecurityStatistics(String, String)
2025-07-01 21:48:09 - Using 'application/json', given [*/*] and supported [application/json, application/*+json]
2025-07-01 21:48:09 - Writing [{data={transDate=2025-07-01, securityCode=000001, buyStatistics={averagePrice=0, totalAmount=0, tota (truncated)...]
2025-07-01 21:48:09 - Mapped to com.banking.controller.TransactionController#getSecurityStatistics(String, String)
2025-07-01 21:48:09 - Using 'application/json', given [*/*] and supported [application/json, application/*+json]
2025-07-01 21:48:09 - Writing [{data={transDate=2025-07-01, securityCode=000001, buyStatistics={averagePrice=0, totalAmount=0, tota (truncated)...]
2025-07-01 21:48:09 - Mapped to com.banking.controller.TransactionController#getSecurityStatistics(String, String)
2025-07-01 21:48:09 - Mapped to com.banking.controller.TransactionController#getSecurityStatistics(String, String)
2025-07-01 21:48:09 - Using 'application/json', given [*/*] and supported [application/json, application/*+json]
2025-07-01 21:48:09 - Writing [{data={transDate=2025-07-01, securityCode=000001, buyStatistics={averagePrice=0, totalAmount=0, tota (truncated)...]
2025-07-01 21:48:09 - Using 'application/json', given [*/*] and supported [application/json, application/*+json]
2025-07-01 21:48:09 - Writing [{data={transDate=2025-07-01, securityCode=000001, buyStatistics={averagePrice=0, totalAmount=0, tota (truncated)...]
2025-07-01 21:48:09 - Mapped to com.banking.controller.TransactionController#getSecurityStatistics(String, String)
2025-07-01 21:48:09 - Using 'application/json', given [*/*] and supported [application/json, application/*+json]
2025-07-01 21:48:09 - Writing [{data={transDate=2025-07-01, securityCode=000001, buyStatistics={averagePrice=0, totalAmount=0, tota (truncated)...]
2025-07-01 21:48:09 - Using 'application/json', given [*/*] and supported [application/json, application/*+json]
2025-07-01 21:48:09 - Writing [{data=[com.banking.dto.TransactionResponse@769747d9, com.banking.dto.TransactionResponse@5d89c955, c (truncated)...]
2025-07-01 21:48:09 - Mapped to com.banking.controller.TransactionController#getSecurityStatistics(String, String)
2025-07-01 21:48:09 - Using 'application/json', given [*/*] and supported [application/json, application/*+json]
2025-07-01 21:48:09 - Writing [{data=[com.banking.dto.TransactionResponse@6f5b88bb, com.banking.dto.TransactionResponse@63ddea1b, c (truncated)...]
2025-07-01 21:48:09 - Using 'application/json', given [*/*] and supported [application/json, application/*+json]
2025-07-01 21:48:09 - Using 'application/json', given [*/*] and supported [application/json, application/*+json]
2025-07-01 21:48:09 - Writing [{data={transDate=2025-07-01, securityCode=000001, buyStatistics={averagePrice=0, totalAmount=0, tota (truncated)...]
2025-07-01 21:48:09 - Writing [{data=[com.banking.dto.TransactionResponse@53a49adf, com.banking.dto.TransactionResponse@594a08e5, c (truncated)...]
2025-07-01 21:48:09 - Mapped to com.banking.controller.TransactionController#getSecurityStatistics(String, String)
2025-07-01 21:48:09 - Mapped to com.banking.controller.TransactionController#getSecurityStatistics(String, String)
2025-07-01 21:48:09 - Using 'application/json', given [*/*] and supported [application/json, application/*+json]
2025-07-01 21:48:09 - Using 'application/json', given [*/*] and supported [application/json, application/*+json]
2025-07-01 21:48:09 - Writing [{data={transDate=2025-07-01, securityCode=000001, buyStatistics={averagePrice=0, totalAmount=0, tota (truncated)...]
2025-07-01 21:48:09 - Mapped to com.banking.controller.TransactionController#getSecurityStatistics(String, String)
2025-07-01 21:48:09 - Writing [{data=[com.banking.dto.TransactionResponse@3282bf3a, com.banking.dto.TransactionResponse@2fffebf6, c (truncated)...]
2025-07-01 21:48:09 - Using 'application/json', given [*/*] and supported [application/json, application/*+json]
2025-07-01 21:48:09 - Mapped to com.banking.controller.TransactionController#getSecurityStatistics(String, String)
2025-07-01 21:48:09 - Writing [{data={transDate=2025-07-01, securityCode=000001, buyStatistics={averagePrice=0, totalAmount=0, tota (truncated)...]
2025-07-01 21:48:09 - Using 'application/json', given [*/*] and supported [application/json, application/*+json]
2025-07-01 21:48:09 - Writing [{data={transDate=2025-07-01, securityCode=000001, buyStatistics={averagePrice=0, totalAmount=0, tota (truncated)...]
2025-07-01 21:48:09 - Using 'application/json', given [*/*] and supported [application/json, application/*+json]
2025-07-01 21:48:09 - Writing [{data={transDate=2025-07-01, securityCode=000001, buyStatistics={averagePrice=0, totalAmount=0, tota (truncated)...]
2025-07-01 21:48:09 - Using 'application/json', given [*/*] and supported [application/json, application/*+json]
2025-07-01 21:48:09 - Writing [{data=[com.banking.dto.TransactionResponse@73fed784, com.banking.dto.TransactionResponse@5cb3bd, com (truncated)...]
2025-07-01 21:48:09 - Using 'application/json', given [*/*] and supported [application/json, application/*+json]
2025-07-01 21:48:09 - Writing [{data=[com.banking.dto.TransactionResponse@23ff876b, com.banking.dto.TransactionResponse@a2b843, com (truncated)...]
2025-07-01 21:48:09 - Mapped to com.banking.controller.TransactionController#getSecurityStatistics(String, String)
2025-07-01 21:48:09 - Mapped to com.banking.controller.TransactionController#getSecurityStatistics(String, String)
2025-07-01 21:48:09 - Using 'application/json', given [*/*] and supported [application/json, application/*+json]
2025-07-01 21:48:09 - Writing [{data={transDate=2025-07-01, securityCode=000001, buyStatistics={averagePrice=0, totalAmount=0, tota (truncated)...]
2025-07-01 21:48:09 - Mapped to com.banking.controller.TransactionController#getSecurityStatistics(String, String)
2025-07-01 21:48:09 - Using 'application/json', given [*/*] and supported [application/json, application/*+json]
2025-07-01 21:48:09 - Writing [{data=[com.banking.dto.TransactionResponse@1e221a7f, com.banking.dto.TransactionResponse@71aabb34, c (truncated)...]
2025-07-01 21:48:09 - Using 'application/json', given [*/*] and supported [application/json, application/*+json]
2025-07-01 21:48:09 - Using 'application/json', given [*/*] and supported [application/json, application/*+json]
2025-07-01 21:48:09 - Writing [{data=[com.banking.dto.TransactionResponse@6fa41a40, com.banking.dto.TransactionResponse@20b5c29d, c (truncated)...]
2025-07-01 21:48:09 - Writing [{data={transDate=2025-07-01, securityCode=000001, buyStatistics={averagePrice=0, totalAmount=0, tota (truncated)...]
2025-07-01 21:48:09 - Using 'application/json', given [*/*] and supported [application/json, application/*+json]
2025-07-01 21:48:09 - Using 'application/json', given [*/*] and supported [application/json, application/*+json]
2025-07-01 21:48:09 - Writing [{data={transDate=2025-07-01, securityCode=000001, buyStatistics={averagePrice=0, totalAmount=0, tota (truncated)...]
2025-07-01 21:48:09 - Writing [{data=[com.banking.dto.TransactionResponse@719e84d7, com.banking.dto.TransactionResponse@44556e, com (truncated)...]
2025-07-01 21:48:09 - Using 'application/json', given [*/*] and supported [application/json, application/*+json]
2025-07-01 21:48:09 - Writing [{data=[com.banking.dto.TransactionResponse@146f921c, com.banking.dto.TransactionResponse@3803c6e2, c (truncated)...]
2025-07-01 21:48:09 - Using 'application/json', given [*/*] and supported [application/json, application/*+json]
2025-07-01 21:48:09 - Writing [{data=[com.banking.dto.TransactionResponse@3b9c85c9, com.banking.dto.TransactionResponse@25893a9a, c (truncated)...]
2025-07-01 21:48:09 - Mapped to com.banking.controller.TransactionController#getSecurityStatistics(String, String)
2025-07-01 21:48:09 - Mapped to com.banking.controller.TransactionController#getSecurityStatistics(String, String)
2025-07-01 21:48:09 - Using 'application/json', given [*/*] and supported [application/json, application/*+json]
2025-07-01 21:48:09 - Mapped to com.banking.controller.TransactionController#getSecurityStatistics(String, String)
2025-07-01 21:48:09 - Writing [{data=[com.banking.dto.TransactionResponse@2a37a595, com.banking.dto.TransactionResponse@14e6f2dc, c (truncated)...]
2025-07-01 21:48:09 - Using 'application/json', given [*/*] and supported [application/json, application/*+json]
2025-07-01 21:48:09 - Writing [{data={transDate=2025-07-01, securityCode=000001, buyStatistics={averagePrice=0, totalAmount=0, tota (truncated)...]
2025-07-01 21:48:09 - Using 'application/json', given [*/*] and supported [application/json, application/*+json]
2025-07-01 21:48:09 - Using 'application/json', given [*/*] and supported [application/json, application/*+json]
2025-07-01 21:48:09 - Using 'application/json', given [*/*] and supported [application/json, application/*+json]
2025-07-01 21:48:09 - Writing [{data=[com.banking.dto.TransactionResponse@791229e2, com.banking.dto.TransactionResponse@1616c44a, c (truncated)...]
2025-07-01 21:48:09 - Writing [{data={transDate=2025-07-01, securityCode=000001, buyStatistics={averagePrice=0, totalAmount=0, tota (truncated)...]
2025-07-01 21:48:09 - Writing [{data={transDate=2025-07-01, securityCode=000001, buyStatistics={averagePrice=0, totalAmount=0, tota (truncated)...]
2025-07-01 21:48:09 - Using 'application/json', given [*/*] and supported [application/json, application/*+json]
2025-07-01 21:48:09 - Writing [{data=[com.banking.dto.TransactionResponse@10dfe0c0, com.banking.dto.TransactionResponse@7f6a5256, c (truncated)...]
2025-07-01 21:48:09 - Using 'application/json', given [*/*] and supported [application/json, application/*+json]
2025-07-01 21:48:09 - Writing [{data=[com.banking.dto.TransactionResponse@2624c3ff, com.banking.dto.TransactionResponse@3e13cee, co (truncated)...]
2025-07-01 21:48:09 - Using 'application/json', given [*/*] and supported [application/json, application/*+json]
2025-07-01 21:48:09 - Writing [{data=[com.banking.dto.TransactionResponse@57619cfc, com.banking.dto.TransactionResponse@66d21213, c (truncated)...]
2025-07-01 21:48:09 - Mapped to com.banking.controller.TransactionController#getSecurityStatistics(String, String)
2025-07-01 21:48:09 - Mapped to com.banking.controller.TransactionController#getSecurityStatistics(String, String)
2025-07-01 21:48:09 - Mapped to com.banking.controller.TransactionController#getSecurityStatistics(String, String)
2025-07-01 21:48:09 - Using 'application/json', given [*/*] and supported [application/json, application/*+json]
2025-07-01 21:48:09 - Writing [{data={transDate=2025-07-01, securityCode=000001, buyStatistics={averagePrice=0, totalAmount=0, tota (truncated)...]
2025-07-01 21:48:09 - Using 'application/json', given [*/*] and supported [application/json, application/*+json]
2025-07-01 21:48:09 - Writing [{data={transDate=2025-07-01, securityCode=000001, buyStatistics={averagePrice=0, totalAmount=0, tota (truncated)...]
2025-07-01 21:48:09 - Mapped to com.banking.controller.TransactionController#getSecurityStatistics(String, String)
2025-07-01 21:48:09 - Using 'application/json', given [*/*] and supported [application/json, application/*+json]
2025-07-01 21:48:09 - Using 'application/json', given [*/*] and supported [application/json, application/*+json]
2025-07-01 21:48:09 - Writing [{data={transDate=2025-07-01, securityCode=000001, buyStatistics={averagePrice=0, totalAmount=0, tota (truncated)...]
2025-07-01 21:48:09 - Mapped to com.banking.controller.TransactionController#getSecurityStatistics(String, String)
2025-07-01 21:48:09 - Writing [{data={transDate=2025-07-01, securityCode=000001, buyStatistics={averagePrice=0, totalAmount=0, tota (truncated)...]
2025-07-01 21:48:09 - Mapped to com.banking.controller.TransactionController#getSecurityStatistics(String, String)
2025-07-01 21:48:09 - Using 'application/json', given [*/*] and supported [application/json, application/*+json]
2025-07-01 21:48:09 - Writing [{data={transDate=2025-07-01, securityCode=000001, buyStatistics={averagePrice=0, totalAmount=0, tota (truncated)...]
2025-07-01 21:48:09 - Using 'application/json', given [*/*] and supported [application/json, application/*+json]
2025-07-01 21:48:09 - Writing [{data=[com.banking.dto.TransactionResponse@5f166e86, com.banking.dto.TransactionResponse@6dd5fa5a, c (truncated)...]
2025-07-01 21:48:09 - Using 'application/json', given [*/*] and supported [application/json, application/*+json]
2025-07-01 21:48:09 - Writing [{data=[com.banking.dto.TransactionResponse@4a01ecc5, com.banking.dto.TransactionResponse@7ccc5ca1, c (truncated)...]
2025-07-01 21:48:09 - Using 'application/json', given [*/*] and supported [application/json, application/*+json]
2025-07-01 21:48:09 - Mapped to com.banking.controller.TransactionController#getSecurityStatistics(String, String)
2025-07-01 21:48:09 - Writing [{data={transDate=2025-07-01, securityCode=000001, buyStatistics={averagePrice=0, totalAmount=0, tota (truncated)...]
2025-07-01 21:48:09 - Using 'application/json', given [*/*] and supported [application/json, application/*+json]
2025-07-01 21:48:09 - Writing [{data=[com.banking.dto.TransactionResponse@2b8df155, com.banking.dto.TransactionResponse@7b7df290, c (truncated)...]
2025-07-01 21:48:09 - Using 'application/json', given [*/*] and supported [application/json, application/*+json]
2025-07-01 21:48:09 - Writing [{data={transDate=2025-07-01, securityCode=000001, buyStatistics={averagePrice=0, totalAmount=0, tota (truncated)...]
2025-07-01 21:48:09 - Mapped to com.banking.controller.TransactionController#getSecurityStatistics(String, String)
2025-07-01 21:48:09 - Mapped to com.banking.controller.TransactionController#getSecurityStatistics(String, String)
2025-07-01 21:48:09 - Using 'application/json', given [*/*] and supported [application/json, application/*+json]
2025-07-01 21:48:09 - Mapped to com.banking.controller.TransactionController#getSecurityStatistics(String, String)
2025-07-01 21:48:09 - Writing [{data=[com.banking.dto.TransactionResponse@2ed31e97, com.banking.dto.TransactionResponse@6a6e53a, co (truncated)...]
2025-07-01 21:48:09 - Using 'application/json', given [*/*] and supported [application/json, application/*+json]
2025-07-01 21:48:09 - Using 'application/json', given [*/*] and supported [application/json, application/*+json]
2025-07-01 21:48:09 - Writing [{data={transDate=2025-07-01, securityCode=000001, buyStatistics={averagePrice=0, totalAmount=0, tota (truncated)...]
2025-07-01 21:48:09 - Writing [{data={transDate=2025-07-01, securityCode=000001, buyStatistics={averagePrice=0, totalAmount=0, tota (truncated)...]
2025-07-01 21:48:09 - Using 'application/json', given [*/*] and supported [application/json, application/*+json]
2025-07-01 21:48:09 - Using 'application/json', given [*/*] and supported [application/json, application/*+json]
2025-07-01 21:48:09 - Writing [{data={transDate=2025-07-01, securityCode=000001, buyStatistics={averagePrice=0, totalAmount=0, tota (truncated)...]
2025-07-01 21:48:09 - Writing [{data=[com.banking.dto.TransactionResponse@51a9a4c9, com.banking.dto.TransactionResponse@23a460f2, c (truncated)...]
2025-07-01 21:48:09 - Using 'application/json', given [*/*] and supported [application/json, application/*+json]
2025-07-01 21:48:09 - Writing [{data=[com.banking.dto.TransactionResponse@68791833, com.banking.dto.TransactionResponse@13a78f14, c (truncated)...]
2025-07-01 21:48:09 - Mapped to com.banking.controller.TransactionController#getSecurityStatistics(String, String)
2025-07-01 21:48:09 - Using 'application/json', given [*/*] and supported [application/json, application/*+json]
2025-07-01 21:48:09 - Using 'application/json', given [*/*] and supported [application/json, application/*+json]
2025-07-01 21:48:09 - Writing [{data=[com.banking.dto.TransactionResponse@acc102b, com.banking.dto.TransactionResponse@5c32e4ea, co (truncated)...]
2025-07-01 21:48:09 - Writing [{data={transDate=2025-07-01, securityCode=000001, buyStatistics={averagePrice=0, totalAmount=0, tota (truncated)...]
2025-07-01 21:48:09 - Using 'application/json', given [*/*] and supported [application/json, application/*+json]
2025-07-01 21:48:09 - Writing [{data=[com.banking.dto.TransactionResponse@2ff8d07f, com.banking.dto.TransactionResponse@d674197, co (truncated)...]
2025-07-01 21:48:09 - Mapped to com.banking.controller.TransactionController#getSecurityStatistics(String, String)
2025-07-01 21:48:09 - Using 'application/json', given [*/*] and supported [application/json, application/*+json]
2025-07-01 21:48:09 - Writing [{data=[com.banking.dto.TransactionResponse@6fbf5e92, com.banking.dto.TransactionResponse@5e69989d, c (truncated)...]
2025-07-01 21:48:09 - Using 'application/json', given [*/*] and supported [application/json, application/*+json]
2025-07-01 21:48:09 - Using 'application/json', given [*/*] and supported [application/json, application/*+json]
2025-07-01 21:48:09 - Writing [{data=[com.banking.dto.TransactionResponse@73a86aee, com.banking.dto.TransactionResponse@381b5497, c (truncated)...]
2025-07-01 21:48:09 - Writing [{data={transDate=2025-07-01, securityCode=000001, buyStatistics={averagePrice=0, totalAmount=0, tota (truncated)...]
2025-07-01 21:48:09 - Mapped to com.banking.controller.TransactionController#getSecurityStatistics(String, String)
2025-07-01 21:48:09 - Using 'application/json', given [*/*] and supported [application/json, application/*+json]
2025-07-01 21:48:09 - Writing [{data=[com.banking.dto.TransactionResponse@24adb801, com.banking.dto.TransactionResponse@7a0c1cd1, c (truncated)...]
2025-07-01 21:48:09 - Using 'application/json', given [*/*] and supported [application/json, application/*+json]
2025-07-01 21:48:09 - Writing [{data={transDate=2025-07-01, securityCode=000001, buyStatistics={averagePrice=0, totalAmount=0, tota (truncated)...]
2025-07-01 21:48:09 - Mapped to com.banking.controller.TransactionController#getSecurityStatistics(String, String)
2025-07-01 21:48:09 - Using 'application/json', given [*/*] and supported [application/json, application/*+json]
2025-07-01 21:48:09 - Writing [{data={transDate=2025-07-01, securityCode=000001, buyStatistics={averagePrice=0, totalAmount=0, tota (truncated)...]
2025-07-01 21:48:09 - Using 'application/json', given [*/*] and supported [application/json, application/*+json]
2025-07-01 21:48:09 - Writing [{data=[com.banking.dto.TransactionResponse@40ec1490, com.banking.dto.TransactionResponse@3238b439, c (truncated)...]
2025-07-01 21:48:09 - Using 'application/json', given [*/*] and supported [application/json, application/*+json]
2025-07-01 21:48:09 - Writing [{data=[com.banking.dto.TransactionResponse@4b3c5bcb, com.banking.dto.TransactionResponse@13ce928c, c (truncated)...]
2025-07-01 21:48:09 - Using 'application/json', given [*/*] and supported [application/json, application/*+json]
2025-07-01 21:48:09 - Writing [{data=[com.banking.dto.TransactionResponse@6a977d2b, com.banking.dto.TransactionResponse@4053d443, c (truncated)...]
2025-07-01 21:48:09 - Mapped to com.banking.controller.TransactionController#getSecurityStatistics(String, String)
2025-07-01 21:48:09 - Using 'application/json', given [*/*] and supported [application/json, application/*+json]
2025-07-01 21:48:09 - Writing [{data={transDate=2025-07-01, securityCode=000001, buyStatistics={averagePrice=0, totalAmount=0, tota (truncated)...]
2025-07-01 21:48:09 - Mapped to com.banking.controller.TransactionController#getSecurityStatistics(String, String)
2025-07-01 21:48:09 - Mapped to com.banking.controller.TransactionController#getSecurityStatistics(String, String)
2025-07-01 21:48:09 - Using 'application/json', given [*/*] and supported [application/json, application/*+json]
2025-07-01 21:48:09 - Mapped to com.banking.controller.TransactionController#getSecurityStatistics(String, String)
2025-07-01 21:48:09 - Using 'application/json', given [*/*] and supported [application/json, application/*+json]
2025-07-01 21:48:09 - Mapped to com.banking.controller.TransactionController#getSecurityStatistics(String, String)
2025-07-01 21:48:09 - Writing [{data=[com.banking.dto.TransactionResponse@46c67f31, com.banking.dto.TransactionResponse@7b84f914, c (truncated)...]
2025-07-01 21:48:09 - Mapped to com.banking.controller.TransactionController#getSecurityStatistics(String, String)
2025-07-01 21:48:09 - Mapped to com.banking.controller.TransactionController#getSecurityStatistics(String, String)
2025-07-01 21:48:09 - Using 'application/json', given [*/*] and supported [application/json, application/*+json]
2025-07-01 21:48:09 - Writing [{data={transDate=2025-07-01, securityCode=000001, buyStatistics={averagePrice=0, totalAmount=0, tota (truncated)...]
2025-07-01 21:48:09 - Using 'application/json', given [*/*] and supported [application/json, application/*+json]
2025-07-01 21:48:09 - Writing [{data={transDate=2025-07-01, securityCode=000001, buyStatistics={averagePrice=0, totalAmount=0, tota (truncated)...]
2025-07-01 21:48:09 - Using 'application/json', given [*/*] and supported [application/json, application/*+json]
2025-07-01 21:48:09 - Using 'application/json', given [*/*] and supported [application/json, application/*+json]
2025-07-01 21:48:09 - Writing [{data={transDate=2025-07-01, securityCode=000001, buyStatistics={averagePrice=0, totalAmount=0, tota (truncated)...]
2025-07-01 21:48:09 - Using 'application/json', given [*/*] and supported [application/json, application/*+json]
2025-07-01 21:48:09 - Writing [{data={transDate=2025-07-01, securityCode=000001, buyStatistics={averagePrice=0, totalAmount=0, tota (truncated)...]
2025-07-01 21:48:09 - Writing [{data=[com.banking.dto.TransactionResponse@70e40be4, com.banking.dto.TransactionResponse@4da29ed4, c (truncated)...]
2025-07-01 21:48:09 - Writing [{data={transDate=2025-07-01, securityCode=000001, buyStatistics={averagePrice=0, totalAmount=0, tota (truncated)...]
2025-07-01 21:48:09 - Using 'application/json', given [*/*] and supported [application/json, application/*+json]
2025-07-01 21:48:09 - Writing [{data={transDate=2025-07-01, securityCode=000001, buyStatistics={averagePrice=0, totalAmount=0, tota (truncated)...]
2025-07-01 21:48:09 - Mapped to com.banking.controller.TransactionController#getSecurityStatistics(String, String)
2025-07-01 21:48:09 - Mapped to com.banking.controller.TransactionController#getSecurityStatistics(String, String)
2025-07-01 21:48:09 - Using 'application/json', given [*/*] and supported [application/json, application/*+json]
2025-07-01 21:48:09 - Writing [{data=[com.banking.dto.TransactionResponse@303a35f0, com.banking.dto.TransactionResponse@28bea657, c (truncated)...]
2025-07-01 21:48:09 - Mapped to com.banking.controller.TransactionController#getSecurityStatistics(String, String)
2025-07-01 21:48:09 - Mapped to com.banking.controller.TransactionController#getSecurityStatistics(String, String)
2025-07-01 21:48:09 - Using 'application/json', given [*/*] and supported [application/json, application/*+json]
2025-07-01 21:48:09 - Using 'application/json', given [*/*] and supported [application/json, application/*+json]
2025-07-01 21:48:09 - Writing [{data={transDate=2025-07-01, securityCode=000001, buyStatistics={averagePrice=0, totalAmount=0, tota (truncated)...]
2025-07-01 21:48:09 - Writing [{data={transDate=2025-07-01, securityCode=000001, buyStatistics={averagePrice=0, totalAmount=0, tota (truncated)...]
2025-07-01 21:48:09 - Using 'application/json', given [*/*] and supported [application/json, application/*+json]
2025-07-01 21:48:09 - Writing [{data=[com.banking.dto.TransactionResponse@34fae826, com.banking.dto.TransactionResponse@4aff5a82, c (truncated)...]
2025-07-01 21:48:09 - Using 'application/json', given [*/*] and supported [application/json, application/*+json]
2025-07-01 21:48:09 - Using 'application/json', given [*/*] and supported [application/json, application/*+json]
2025-07-01 21:48:09 - Writing [{data={transDate=2025-07-01, securityCode=000001, buyStatistics={averagePrice=0, totalAmount=0, tota (truncated)...]
2025-07-01 21:48:09 - Writing [{data=[com.banking.dto.TransactionResponse@6660d39a, com.banking.dto.TransactionResponse@2aa78039, c (truncated)...]
2025-07-01 21:48:09 - Using 'application/json', given [*/*] and supported [application/json, application/*+json]
2025-07-01 21:48:09 - Writing [{data=[com.banking.dto.TransactionResponse@7794fd1e, com.banking.dto.TransactionResponse@3b54e49c, c (truncated)...]
2025-07-01 21:48:09 - Using 'application/json', given [*/*] and supported [application/json, application/*+json]
2025-07-01 21:48:09 - Using 'application/json', given [*/*] and supported [application/json, application/*+json]
2025-07-01 21:48:09 - Using 'application/json', given [*/*] and supported [application/json, application/*+json]
2025-07-01 21:48:09 - Using 'application/json', given [*/*] and supported [application/json, application/*+json]
2025-07-01 21:48:09 - Writing [{data=[com.banking.dto.TransactionResponse@be628d9, com.banking.dto.TransactionResponse@69c3c228, co (truncated)...]
2025-07-01 21:48:09 - Writing [{data=[com.banking.dto.TransactionResponse@3a991575, com.banking.dto.TransactionResponse@20d38224, c (truncated)...]
2025-07-01 21:48:09 - Writing [{data=[com.banking.dto.TransactionResponse@1a1a87c6, com.banking.dto.TransactionResponse@6a597582, c (truncated)...]
2025-07-01 21:48:09 - Writing [{data=[com.banking.dto.TransactionResponse@21535816, com.banking.dto.TransactionResponse@2ee80b82, c (truncated)...]
2025-07-01 21:48:09 - Using 'application/json', given [*/*] and supported [application/json, application/*+json]
2025-07-01 21:48:09 - Mapped to com.banking.controller.TransactionController#getSecurityStatistics(String, String)
2025-07-01 21:48:09 - Using 'application/json', given [*/*] and supported [application/json, application/*+json]
2025-07-01 21:48:09 - Writing [{data={transDate=2025-07-01, securityCode=000001, buyStatistics={averagePrice=0, totalAmount=0, tota (truncated)...]
2025-07-01 21:48:09 - Writing [{data=[com.banking.dto.TransactionResponse@24229fd5, com.banking.dto.TransactionResponse@7a418c3c, c (truncated)...]
2025-07-01 21:48:09 - Using 'application/json', given [*/*] and supported [application/json, application/*+json]
2025-07-01 21:48:09 - Mapped to com.banking.controller.TransactionController#getSecurityStatistics(String, String)
2025-07-01 21:48:09 - Writing [{data={transDate=2025-07-01, securityCode=000001, buyStatistics={averagePrice=0, totalAmount=0, tota (truncated)...]
2025-07-01 21:48:09 - Using 'application/json', given [*/*] and supported [application/json, application/*+json]
2025-07-01 21:48:09 - Writing [{data={transDate=2025-07-01, securityCode=000001, buyStatistics={averagePrice=0, totalAmount=0, tota (truncated)...]
2025-07-01 21:48:09 - Mapped to com.banking.controller.TransactionController#getSecurityStatistics(String, String)
2025-07-01 21:48:09 - Using 'application/json', given [*/*] and supported [application/json, application/*+json]
2025-07-01 21:48:09 - Writing [{data={transDate=2025-07-01, securityCode=000001, buyStatistics={averagePrice=0, totalAmount=0, tota (truncated)...]
2025-07-01 21:48:09 - Using 'application/json', given [*/*] and supported [application/json, application/*+json]
2025-07-01 21:48:09 - Writing [{data=[com.banking.dto.TransactionResponse@eecbe95, com.banking.dto.TransactionResponse@1810790d, co (truncated)...]
2025-07-01 21:48:09 - Mapped to com.banking.controller.TransactionController#getSecurityStatistics(String, String)
2025-07-01 21:48:09 - Using 'application/json', given [*/*] and supported [application/json, application/*+json]
2025-07-01 21:48:09 - Writing [{data=[com.banking.dto.TransactionResponse@f628136, com.banking.dto.TransactionResponse@4be723ff, co (truncated)...]
2025-07-01 21:48:09 - Using 'application/json', given [*/*] and supported [application/json, application/*+json]
2025-07-01 21:48:09 - Mapped to com.banking.controller.TransactionController#getSecurityStatistics(String, String)
2025-07-01 21:48:09 - Writing [{data={transDate=2025-07-01, securityCode=000001, buyStatistics={averagePrice=0, totalAmount=0, tota (truncated)...]
2025-07-01 21:48:09 - Using 'application/json', given [*/*] and supported [application/json, application/*+json]
2025-07-01 21:48:09 - Mapped to com.banking.controller.TransactionController#getSecurityStatistics(String, String)
2025-07-01 21:48:09 - Writing [{data=[com.banking.dto.TransactionResponse@769167f9, com.banking.dto.TransactionResponse@612668a0, c (truncated)...]
2025-07-01 21:48:09 - Mapped to com.banking.controller.TransactionController#getSecurityStatistics(String, String)
2025-07-01 21:48:09 - Using 'application/json', given [*/*] and supported [application/json, application/*+json]
2025-07-01 21:48:09 - Mapped to com.banking.controller.TransactionController#getSecurityStatistics(String, String)
2025-07-01 21:48:09 - Writing [{data={transDate=2025-07-01, securityCode=000001, buyStatistics={averagePrice=0, totalAmount=0, tota (truncated)...]
2025-07-01 21:48:09 - Using 'application/json', given [*/*] and supported [application/json, application/*+json]
2025-07-01 21:48:09 - Writing [{data={transDate=2025-07-01, securityCode=000001, buyStatistics={averagePrice=0, totalAmount=0, tota (truncated)...]
2025-07-01 21:48:09 - Mapped to com.banking.controller.TransactionController#getSecurityStatistics(String, String)
2025-07-01 21:48:09 - Using 'application/json', given [*/*] and supported [application/json, application/*+json]
2025-07-01 21:48:09 - Writing [{data={transDate=2025-07-01, securityCode=000001, buyStatistics={averagePrice=0, totalAmount=0, tota (truncated)...]
2025-07-01 21:48:09 - Using 'application/json', given [*/*] and supported [application/json, application/*+json]
2025-07-01 21:48:09 - Using 'application/json', given [*/*] and supported [application/json, application/*+json]
2025-07-01 21:48:09 - Writing [{data={transDate=2025-07-01, securityCode=000001, buyStatistics={averagePrice=0, totalAmount=0, tota (truncated)...]
2025-07-01 21:48:09 - Writing [{data={transDate=2025-07-01, securityCode=000001, buyStatistics={averagePrice=0, totalAmount=0, tota (truncated)...]
2025-07-01 21:48:09 - Mapped to com.banking.controller.TransactionController#getSecurityStatistics(String, String)
2025-07-01 21:48:09 - Using 'application/json', given [*/*] and supported [application/json, application/*+json]
2025-07-01 21:48:09 - Mapped to com.banking.controller.TransactionController#getSecurityStatistics(String, String)
2025-07-01 21:48:09 - Using 'application/json', given [*/*] and supported [application/json, application/*+json]
2025-07-01 21:48:09 - Writing [{data=[com.banking.dto.TransactionResponse@39087a3e, com.banking.dto.TransactionResponse@3513297, co (truncated)...]
2025-07-01 21:48:09 - Writing [{data={transDate=2025-07-01, securityCode=000001, buyStatistics={averagePrice=0, totalAmount=0, tota (truncated)...]
2025-07-01 21:48:09 - Using 'application/json', given [*/*] and supported [application/json, application/*+json]
2025-07-01 21:48:09 - Writing [{data=[com.banking.dto.TransactionResponse@57873a, com.banking.dto.TransactionResponse@75181e91, com (truncated)...]
2025-07-01 21:48:09 - Using 'application/json', given [*/*] and supported [application/json, application/*+json]
2025-07-01 21:48:09 - Writing [{data={transDate=2025-07-01, securityCode=000001, buyStatistics={averagePrice=0, totalAmount=0, tota (truncated)...]
2025-07-01 21:48:09 - Using 'application/json', given [*/*] and supported [application/json, application/*+json]
2025-07-01 21:48:09 - Writing [{data=[com.banking.dto.TransactionResponse@63d6f8c1, com.banking.dto.TransactionResponse@78dc139b, c (truncated)...]
2025-07-01 21:48:09 - Mapped to com.banking.controller.TransactionController#getSecurityStatistics(String, String)
2025-07-01 21:48:09 - Using 'application/json', given [*/*] and supported [application/json, application/*+json]
2025-07-01 21:48:09 - Using 'application/json', given [*/*] and supported [application/json, application/*+json]
2025-07-01 21:48:09 - Using 'application/json', given [*/*] and supported [application/json, application/*+json]
2025-07-01 21:48:09 - Writing [{data=[com.banking.dto.TransactionResponse@76b601d7, com.banking.dto.TransactionResponse@42fa2c70, c (truncated)...]
2025-07-01 21:48:09 - Writing [{data=[com.banking.dto.TransactionResponse@29e2d69, com.banking.dto.TransactionResponse@1f1aaf2a, co (truncated)...]
2025-07-01 21:48:09 - Writing [{data=[com.banking.dto.TransactionResponse@59fa2d7e, com.banking.dto.TransactionResponse@5a5f46b0, c (truncated)...]
2025-07-01 21:48:09 - Using 'application/json', given [*/*] and supported [application/json, application/*+json]
2025-07-01 21:48:09 - Writing [{data={transDate=2025-07-01, securityCode=000001, buyStatistics={averagePrice=0, totalAmount=0, tota (truncated)...]
2025-07-01 21:48:09 - Mapped to com.banking.controller.TransactionController#getSecurityStatistics(String, String)
2025-07-01 21:48:09 - Using 'application/json', given [*/*] and supported [application/json, application/*+json]
2025-07-01 21:48:09 - Writing [{data=[com.banking.dto.TransactionResponse@7ef73bf, com.banking.dto.TransactionResponse@44610e92, co (truncated)...]
2025-07-01 21:48:09 - Using 'application/json', given [*/*] and supported [application/json, application/*+json]
2025-07-01 21:48:09 - Using 'application/json', given [*/*] and supported [application/json, application/*+json]
2025-07-01 21:48:09 - Writing [{data=[com.banking.dto.TransactionResponse@4f39b016, com.banking.dto.TransactionResponse@6a3984c4, c (truncated)...]
2025-07-01 21:48:09 - Writing [{data={transDate=2025-07-01, securityCode=000001, buyStatistics={averagePrice=0, totalAmount=0, tota (truncated)...]
2025-07-01 21:48:09 - Using 'application/json', given [*/*] and supported [application/json, application/*+json]
2025-07-01 21:48:09 - Writing [{data=[com.banking.dto.TransactionResponse@7e576e9d, com.banking.dto.TransactionResponse@5ddc8dba, c (truncated)...]
2025-07-01 21:48:09 - Using 'application/json', given [*/*] and supported [application/json, application/*+json]
2025-07-01 21:48:09 - Writing [{data=[com.banking.dto.TransactionResponse@70a6466b, com.banking.dto.TransactionResponse@1d5a1f87, c (truncated)...]
2025-07-01 21:48:09 - Mapped to com.banking.controller.TransactionController#getSecurityStatistics(String, String)
2025-07-01 21:48:09 - Using 'application/json', given [*/*] and supported [application/json, application/*+json]
2025-07-01 21:48:09 - Writing [{data={transDate=2025-07-01, securityCode=000001, buyStatistics={averagePrice=0, totalAmount=0, tota (truncated)...]
2025-07-01 21:48:09 - Mapped to com.banking.controller.TransactionController#getSecurityStatistics(String, String)
2025-07-01 21:48:09 - Using 'application/json', given [*/*] and supported [application/json, application/*+json]
2025-07-01 21:48:09 - Mapped to com.banking.controller.TransactionController#getSecurityStatistics(String, String)
2025-07-01 21:48:09 - Writing [{data=[com.banking.dto.TransactionResponse@1d17b015, com.banking.dto.TransactionResponse@7dd34972, c (truncated)...]
2025-07-01 21:48:09 - Using 'application/json', given [*/*] and supported [application/json, application/*+json]
2025-07-01 21:48:09 - Writing [{data={transDate=2025-07-01, securityCode=000001, buyStatistics={averagePrice=0, totalAmount=0, tota (truncated)...]
2025-07-01 21:48:09 - Using 'application/json', given [*/*] and supported [application/json, application/*+json]
2025-07-01 21:48:09 - Writing [{data={transDate=2025-07-01, securityCode=000001, buyStatistics={averagePrice=0, totalAmount=0, tota (truncated)...]
2025-07-01 21:48:09 - Mapped to com.banking.controller.TransactionController#getSecurityStatistics(String, String)
2025-07-01 21:48:09 - Mapped to com.banking.controller.TransactionController#getSecurityStatistics(String, String)
2025-07-01 21:48:09 - Mapped to com.banking.controller.TransactionController#getSecurityStatistics(String, String)
2025-07-01 21:48:09 - Mapped to com.banking.controller.TransactionController#getSecurityStatistics(String, String)
2025-07-01 21:48:09 - Using 'application/json', given [*/*] and supported [application/json, application/*+json]
2025-07-01 21:48:09 - Writing [{data={transDate=2025-07-01, securityCode=000001, buyStatistics={averagePrice=0, totalAmount=0, tota (truncated)...]
2025-07-01 21:48:09 - Using 'application/json', given [*/*] and supported [application/json, application/*+json]
2025-07-01 21:48:09 - Writing [{data={transDate=2025-07-01, securityCode=000001, buyStatistics={averagePrice=0, totalAmount=0, tota (truncated)...]
2025-07-01 21:48:09 - Using 'application/json', given [*/*] and supported [application/json, application/*+json]
2025-07-01 21:48:09 - Writing [{data={transDate=2025-07-01, securityCode=000001, buyStatistics={averagePrice=0, totalAmount=0, tota (truncated)...]
2025-07-01 21:48:09 - Using 'application/json', given [*/*] and supported [application/json, application/*+json]
2025-07-01 21:48:09 - Writing [{data={transDate=2025-07-01, securityCode=000001, buyStatistics={averagePrice=0, totalAmount=0, tota (truncated)...]
2025-07-01 21:48:09 - Mapped to com.banking.controller.TransactionController#getSecurityStatistics(String, String)
2025-07-01 21:48:09 - Using 'application/json', given [*/*] and supported [application/json, application/*+json]
2025-07-01 21:48:09 - Using 'application/json', given [*/*] and supported [application/json, application/*+json]
2025-07-01 21:48:09 - Writing [{data=[com.banking.dto.TransactionResponse@2e2d6c0e, com.banking.dto.TransactionResponse@2f380a8a, c (truncated)...]
2025-07-01 21:48:09 - Mapped to com.banking.controller.TransactionController#getSecurityStatistics(String, String)
2025-07-01 21:48:09 - Using 'application/json', given [*/*] and supported [application/json, application/*+json]
2025-07-01 21:48:09 - Mapped to com.banking.controller.TransactionController#getSecurityStatistics(String, String)
2025-07-01 21:48:09 - Writing [{data={transDate=2025-07-01, securityCode=000001, buyStatistics={averagePrice=0, totalAmount=0, tota (truncated)...]
2025-07-01 21:48:09 - Writing [{data={transDate=2025-07-01, securityCode=000001, buyStatistics={averagePrice=0, totalAmount=0, tota (truncated)...]
2025-07-01 21:48:09 - Using 'application/json', given [*/*] and supported [application/json, application/*+json]
2025-07-01 21:48:09 - Using 'application/json', given [*/*] and supported [application/json, application/*+json]
2025-07-01 21:48:09 - Writing [{data={transDate=2025-07-01, securityCode=000001, buyStatistics={averagePrice=0, totalAmount=0, tota (truncated)...]
2025-07-01 21:48:09 - Writing [{data={transDate=2025-07-01, securityCode=000001, buyStatistics={averagePrice=0, totalAmount=0, tota (truncated)...]
2025-07-01 21:48:09 - Using 'application/json', given [*/*] and supported [application/json, application/*+json]
2025-07-01 21:48:09 - Writing [{data=[com.banking.dto.TransactionResponse@1879a80b, com.banking.dto.TransactionResponse@49342004, c (truncated)...]
2025-07-01 21:48:09 - Mapped to com.banking.controller.TransactionController#getSecurityStatistics(String, String)
2025-07-01 21:48:09 - Mapped to com.banking.controller.TransactionController#getSecurityStatistics(String, String)
2025-07-01 21:48:09 - Using 'application/json', given [*/*] and supported [application/json, application/*+json]
2025-07-01 21:48:09 - Using 'application/json', given [*/*] and supported [application/json, application/*+json]
2025-07-01 21:48:09 - Writing [{data={transDate=2025-07-01, securityCode=000001, buyStatistics={averagePrice=0, totalAmount=0, tota (truncated)...]
2025-07-01 21:48:09 - Writing [{data={transDate=2025-07-01, securityCode=000001, buyStatistics={averagePrice=0, totalAmount=0, tota (truncated)...]
2025-07-01 21:48:09 - Using 'application/json', given [*/*] and supported [application/json, application/*+json]
2025-07-01 21:48:09 - Using 'application/json', given [*/*] and supported [application/json, application/*+json]
2025-07-01 21:48:09 - Writing [{data={transDate=2025-07-01, securityCode=000001, buyStatistics={averagePrice=0, totalAmount=0, tota (truncated)...]
2025-07-01 21:48:09 - Using 'application/json', given [*/*] and supported [application/json, application/*+json]
2025-07-01 21:48:09 - Writing [{data={transDate=2025-07-01, securityCode=000001, buyStatistics={averagePrice=0, totalAmount=0, tota (truncated)...]
2025-07-01 21:48:09 - Using 'application/json', given [*/*] and supported [application/json, application/*+json]
2025-07-01 21:48:09 - Writing [{data={transDate=2025-07-01, securityCode=000001, buyStatistics={averagePrice=0, totalAmount=0, tota (truncated)...]
2025-07-01 21:48:09 - Using 'application/json', given [*/*] and supported [application/json, application/*+json]
2025-07-01 21:48:09 - Mapped to com.banking.controller.TransactionController#getSecurityStatistics(String, String)
2025-07-01 21:48:09 - Writing [{data={transDate=2025-07-01, securityCode=000001, buyStatistics={averagePrice=0, totalAmount=0, tota (truncated)...]
2025-07-01 21:48:09 - Using 'application/json', given [*/*] and supported [application/json, application/*+json]
2025-07-01 21:48:09 - Writing [{data={transDate=2025-07-01, securityCode=000001, buyStatistics={averagePrice=0, totalAmount=0, tota (truncated)...]
2025-07-01 21:48:09 - Using 'application/json', given [*/*] and supported [application/json, application/*+json]
2025-07-01 21:48:09 - Writing [{data={transDate=2025-07-01, securityCode=000001, buyStatistics={averagePrice=0, totalAmount=0, tota (truncated)...]
2025-07-01 21:48:09 - Writing [{data={transDate=2025-07-01, securityCode=000001, buyStatistics={averagePrice=0, totalAmount=0, tota (truncated)...]
2025-07-01 21:48:09 - Using 'application/json', given [*/*] and supported [application/json, application/*+json]
2025-07-01 21:48:09 - Writing [{data={transDate=2025-07-01, securityCode=000001, buyStatistics={averagePrice=0, totalAmount=0, tota (truncated)...]
2025-07-01 21:48:09 - Using 'application/json', given [*/*] and supported [application/json, application/*+json]
2025-07-01 21:48:09 - Writing [{data={transDate=2025-07-01, securityCode=000001, buyStatistics={averagePrice=0, totalAmount=0, tota (truncated)...]
2025-07-01 21:48:09 - Using 'application/json', given [*/*] and supported [application/json, application/*+json]
2025-07-01 21:48:09 - Using 'application/json', given [*/*] and supported [application/json, application/*+json]
2025-07-01 21:48:09 - Writing [{data=[com.banking.dto.TransactionResponse@4dd06f42, com.banking.dto.TransactionResponse@37f89855, c (truncated)...]
2025-07-01 21:48:09 - Writing [{data={transDate=2025-07-01, securityCode=000001, buyStatistics={averagePrice=0, totalAmount=0, tota (truncated)...]
2025-07-01 21:48:09 - Using 'application/json', given [*/*] and supported [application/json, application/*+json]
2025-07-01 21:48:09 - Writing [{data={transDate=2025-07-01, securityCode=000001, buyStatistics={averagePrice=0, totalAmount=0, tota (truncated)...]
2025-07-01 21:48:09 - Using 'application/json', given [*/*] and supported [application/json, application/*+json]
2025-07-01 21:48:09 - Writing [{data={transDate=2025-07-01, securityCode=000001, buyStatistics={averagePrice=0, totalAmount=0, tota (truncated)...]
2025-07-01 21:48:09 - Using 'application/json', given [*/*] and supported [application/json, application/*+json]
2025-07-01 21:48:09 - Writing [{data={transDate=2025-07-01, securityCode=000001, buyStatistics={averagePrice=0, totalAmount=0, tota (truncated)...]
2025-07-01 21:48:09 - Using 'application/json', given [*/*] and supported [application/json, application/*+json]
2025-07-01 21:48:09 - Writing [{data={transDate=2025-07-01, securityCode=000001, buyStatistics={averagePrice=0, totalAmount=0, tota (truncated)...]
2025-07-01 21:48:09 - Mapped to com.banking.controller.TransactionController#getSecurityStatistics(String, String)
2025-07-01 21:48:09 - Using 'application/json', given [*/*] and supported [application/json, application/*+json]
2025-07-01 21:48:09 - Writing [{data={transDate=2025-07-01, securityCode=000001, buyStatistics={averagePrice=0, totalAmount=0, tota (truncated)...]
2025-07-01 21:48:09 - Using 'application/json', given [*/*] and supported [application/json, application/*+json]
2025-07-01 21:48:09 - Writing [{data={transDate=2025-07-01, securityCode=000001, buyStatistics={averagePrice=0, totalAmount=0, tota (truncated)...]
2025-07-01 21:48:09 - Using 'application/json', given [*/*] and supported [application/json, application/*+json]
2025-07-01 21:48:09 - Writing [{data={transDate=2025-07-01, securityCode=000001, buyStatistics={averagePrice=0, totalAmount=0, tota (truncated)...]
2025-07-01 21:48:09 - Using 'application/json', given [*/*] and supported [application/json, application/*+json]
2025-07-01 21:48:09 - Using 'application/json', given [*/*] and supported [application/json, application/*+json]
2025-07-01 21:48:09 - Writing [{data={transDate=2025-07-01, securityCode=000001, buyStatistics={averagePrice=0, totalAmount=0, tota (truncated)...]
2025-07-01 21:48:09 - Writing [{data={transDate=2025-07-01, securityCode=000001, buyStatistics={averagePrice=0, totalAmount=0, tota (truncated)...]
2025-07-01 21:48:09 - Using 'application/json', given [*/*] and supported [application/json, application/*+json]
2025-07-01 21:48:09 - Writing [{data={transDate=2025-07-01, securityCode=000001, buyStatistics={averagePrice=0, totalAmount=0, tota (truncated)...]
2025-07-01 21:48:09 - Using 'application/json', given [*/*] and supported [application/json, application/*+json]
2025-07-01 21:48:09 - Writing [{data={transDate=2025-07-01, securityCode=000001, buyStatistics={averagePrice=0, totalAmount=0, tota (truncated)...]
2025-07-01 21:48:09 - Using 'application/json', given [*/*] and supported [application/json, application/*+json]
2025-07-01 21:48:09 - Writing [{data={transDate=2025-07-01, securityCode=000001, buyStatistics={averagePrice=0, totalAmount=0, tota (truncated)...]
=== 并发读取测试结果 ===
并发用户数: 100
总耗时: 1170ms
平均每用户耗时: 11ms
]]></system-out>
  </testcase>
  <testcase name="testConcurrentStockTransactionCreation" classname="com.banking.StressTest" time="0.929">
    <system-out><![CDATA[开始新的压力测试...
2025-07-01 21:48:09 - Mapped to com.banking.controller.TransactionController#getStatistics()
2025-07-01 21:48:09 - Using 'application/json', given [*/*] and supported [application/json, application/*+json]
2025-07-01 21:48:09 - Writing [{data={totalTransactions=50, transactionTypes=[Lcom.banking.model.TransactionType;@9c5ed30}, success (truncated)...]
2025-07-01 21:48:09 - Mapped to com.banking.controller.TransactionController#createTransaction(TransactionRequest)
2025-07-01 21:48:09 - Mapped to com.banking.controller.TransactionController#createTransaction(TransactionRequest)
2025-07-01 21:48:09 - Mapped to com.banking.controller.TransactionController#createTransaction(TransactionRequest)
2025-07-01 21:48:09 - Read "application/json;charset=UTF-8" to [com.banking.dto.TransactionRequest@6429aa95]
2025-07-01 21:48:09 - Read "application/json;charset=UTF-8" to [com.banking.dto.TransactionRequest@4c4524a]
2025-07-01 21:48:09 - Read "application/json;charset=UTF-8" to [com.banking.dto.TransactionRequest@c0a0331]
2025-07-01 21:48:09 - Mapped to com.banking.controller.TransactionController#createTransaction(TransactionRequest)
2025-07-01 21:48:09 - Read "application/json;charset=UTF-8" to [com.banking.dto.TransactionRequest@1066d093]
2025-07-01 21:48:09 - Mapped to com.banking.controller.TransactionController#createTransaction(TransactionRequest)
2025-07-01 21:48:09 - Mapped to com.banking.controller.TransactionController#createTransaction(TransactionRequest)
2025-07-01 21:48:09 - Mapped to com.banking.controller.TransactionController#createTransaction(TransactionRequest)
2025-07-01 21:48:09 - Mapped to com.banking.controller.TransactionController#createTransaction(TransactionRequest)
2025-07-01 21:48:09 - Read "application/json;charset=UTF-8" to [com.banking.dto.TransactionRequest@3b0ba1b4]
2025-07-01 21:48:09 - Read "application/json;charset=UTF-8" to [com.banking.dto.TransactionRequest@4e4c7ab0]
2025-07-01 21:48:09 - Read "application/json;charset=UTF-8" to [com.banking.dto.TransactionRequest@2c837508]
2025-07-01 21:48:09 - Read "application/json;charset=UTF-8" to [com.banking.dto.TransactionRequest@36e671e8]
2025-07-01 21:48:09 - Mapped to com.banking.controller.TransactionController#createTransaction(TransactionRequest)
2025-07-01 21:48:09 - Mapped to com.banking.controller.TransactionController#createTransaction(TransactionRequest)
2025-07-01 21:48:09 - Read "application/json;charset=UTF-8" to [com.banking.dto.TransactionRequest@71a40fc0]
2025-07-01 21:48:09 - Mapped to com.banking.controller.TransactionController#createTransaction(TransactionRequest)
2025-07-01 21:48:09 - Mapped to com.banking.controller.TransactionController#createTransaction(TransactionRequest)
2025-07-01 21:48:09 - Read "application/json;charset=UTF-8" to [com.banking.dto.TransactionRequest@42547a96]
2025-07-01 21:48:09 - Read "application/json;charset=UTF-8" to [com.banking.dto.TransactionRequest@c9e17ba]
2025-07-01 21:48:09 - Mapped to com.banking.controller.TransactionController#createTransaction(TransactionRequest)
2025-07-01 21:48:09 - Mapped to com.banking.controller.TransactionController#createTransaction(TransactionRequest)
2025-07-01 21:48:09 - Mapped to com.banking.controller.TransactionController#createTransaction(TransactionRequest)
2025-07-01 21:48:09 - Read "application/json;charset=UTF-8" to [com.banking.dto.TransactionRequest@6c4b3fee]
2025-07-01 21:48:09 - Read "application/json;charset=UTF-8" to [com.banking.dto.TransactionRequest@3b4f0517]
2025-07-01 21:48:09 - Mapped to com.banking.controller.TransactionController#createTransaction(TransactionRequest)
2025-07-01 21:48:09 - Read "application/json;charset=UTF-8" to [com.banking.dto.TransactionRequest@56768813]
2025-07-01 21:48:09 - Read "application/json;charset=UTF-8" to [com.banking.dto.TransactionRequest@278f8bb4]
2025-07-01 21:48:09 - Read "application/json;charset=UTF-8" to [com.banking.dto.TransactionRequest@2d29dd1]
2025-07-01 21:48:09 - Mapped to com.banking.controller.TransactionController#createTransaction(TransactionRequest)
2025-07-01 21:48:09 - Mapped to com.banking.controller.TransactionController#createTransaction(TransactionRequest)
2025-07-01 21:48:09 - Mapped to com.banking.controller.TransactionController#createTransaction(TransactionRequest)
2025-07-01 21:48:09 - Mapped to com.banking.controller.TransactionController#createTransaction(TransactionRequest)
2025-07-01 21:48:09 - Mapped to com.banking.controller.TransactionController#createTransaction(TransactionRequest)
2025-07-01 21:48:09 - Read "application/json;charset=UTF-8" to [com.banking.dto.TransactionRequest@618c499]
2025-07-01 21:48:09 - Read "application/json;charset=UTF-8" to [com.banking.dto.TransactionRequest@6c6f03c3]
2025-07-01 21:48:09 - Read "application/json;charset=UTF-8" to [com.banking.dto.TransactionRequest@25ad9724]
2025-07-01 21:48:09 - Read "application/json;charset=UTF-8" to [com.banking.dto.TransactionRequest@88ced0a]
2025-07-01 21:48:09 - Read "application/json;charset=UTF-8" to [com.banking.dto.TransactionRequest@52a4cb3f]
2025-07-01 21:48:09 - Mapped to com.banking.controller.TransactionController#createTransaction(TransactionRequest)
2025-07-01 21:48:09 - Mapped to com.banking.controller.TransactionController#createTransaction(TransactionRequest)
2025-07-01 21:48:09 - Mapped to com.banking.controller.TransactionController#createTransaction(TransactionRequest)
2025-07-01 21:48:09 - Read "application/json;charset=UTF-8" to [com.banking.dto.TransactionRequest@e745eb0]
2025-07-01 21:48:09 - Mapped to com.banking.controller.TransactionController#createTransaction(TransactionRequest)
2025-07-01 21:48:09 - Read "application/json;charset=UTF-8" to [com.banking.dto.TransactionRequest@47b549ce]
2025-07-01 21:48:09 - Read "application/json;charset=UTF-8" to [com.banking.dto.TransactionRequest@75fabd86]
2025-07-01 21:48:09 - Read "application/json;charset=UTF-8" to [com.banking.dto.TransactionRequest@7e8e30b3]
2025-07-01 21:48:09 - Mapped to com.banking.controller.TransactionController#createTransaction(TransactionRequest)
2025-07-01 21:48:09 - Mapped to com.banking.controller.TransactionController#createTransaction(TransactionRequest)
2025-07-01 21:48:09 - Mapped to com.banking.controller.TransactionController#createTransaction(TransactionRequest)
2025-07-01 21:48:09 - Mapped to com.banking.controller.TransactionController#createTransaction(TransactionRequest)
2025-07-01 21:48:09 - Read "application/json;charset=UTF-8" to [com.banking.dto.TransactionRequest@1637e4ae]
2025-07-01 21:48:09 - Mapped to com.banking.controller.TransactionController#createTransaction(TransactionRequest)
2025-07-01 21:48:09 - Read "application/json;charset=UTF-8" to [com.banking.dto.TransactionRequest@5b43f21]
2025-07-01 21:48:09 - Read "application/json;charset=UTF-8" to [com.banking.dto.TransactionRequest@46cca6fd]
2025-07-01 21:48:09 - Read "application/json;charset=UTF-8" to [com.banking.dto.TransactionRequest@56fd35d8]
2025-07-01 21:48:09 - Mapped to com.banking.controller.TransactionController#createTransaction(TransactionRequest)
2025-07-01 21:48:09 - Read "application/json;charset=UTF-8" to [com.banking.dto.TransactionRequest@6fda1102]
2025-07-01 21:48:09 - Mapped to com.banking.controller.TransactionController#createTransaction(TransactionRequest)
2025-07-01 21:48:09 - Read "application/json;charset=UTF-8" to [com.banking.dto.TransactionRequest@5fe61063]
2025-07-01 21:48:09 - Read "application/json;charset=UTF-8" to [com.banking.dto.TransactionRequest@771ad7de]
2025-07-01 21:48:09 - Using 'application/json', given [*/*] and supported [application/json, application/*+json]
2025-07-01 21:48:09 - Using 'application/json', given [*/*] and supported [application/json, application/*+json]
2025-07-01 21:48:09 - Using 'application/json', given [*/*] and supported [application/json, application/*+json]
2025-07-01 21:48:09 - Mapped to com.banking.controller.TransactionController#createTransaction(TransactionRequest)
2025-07-01 21:48:09 - Using 'application/json', given [*/*] and supported [application/json, application/*+json]
2025-07-01 21:48:09 - Using 'application/json', given [*/*] and supported [application/json, application/*+json]
2025-07-01 21:48:09 - Writing [{data=com.banking.dto.TransactionResponse@21987e59, success=true, message=交易创建成功}]
2025-07-01 21:48:09 - Writing [{data=com.banking.dto.TransactionResponse@54f846a3, success=true, message=交易创建成功}]
2025-07-01 21:48:09 - Using 'application/json', given [*/*] and supported [application/json, application/*+json]
2025-07-01 21:48:09 - Writing [{data=com.banking.dto.TransactionResponse@353af832, success=true, message=交易创建成功}]
2025-07-01 21:48:09 - Mapped to com.banking.controller.TransactionController#createTransaction(TransactionRequest)
2025-07-01 21:48:09 - Writing [{data=com.banking.dto.TransactionResponse@29c23be3, success=true, message=交易创建成功}]
2025-07-01 21:48:09 - Using 'application/json', given [*/*] and supported [application/json, application/*+json]
2025-07-01 21:48:09 - Using 'application/json', given [*/*] and supported [application/json, application/*+json]
2025-07-01 21:48:09 - Using 'application/json', given [*/*] and supported [application/json, application/*+json]
2025-07-01 21:48:09 - Writing [{data=com.banking.dto.TransactionResponse@67081005, success=true, message=交易创建成功}]
2025-07-01 21:48:09 - Writing [{data=com.banking.dto.TransactionResponse@9df7954, success=true, message=交易创建成功}]
2025-07-01 21:48:09 - Writing [{data=com.banking.dto.TransactionResponse@13baffc9, success=true, message=交易创建成功}]
2025-07-01 21:48:09 - Writing [{data=com.banking.dto.TransactionResponse@5c77a1ca, success=true, message=交易创建成功}]
2025-07-01 21:48:09 - Using 'application/json', given [*/*] and supported [application/json, application/*+json]
2025-07-01 21:48:09 - Mapped to com.banking.controller.TransactionController#createTransaction(TransactionRequest)
2025-07-01 21:48:09 - Writing [{data=com.banking.dto.TransactionResponse@6b10942b, success=true, message=交易创建成功}]
2025-07-01 21:48:09 - Writing [{data=com.banking.dto.TransactionResponse@4175e663, success=true, message=交易创建成功}]
2025-07-01 21:48:09 - Mapped to com.banking.controller.TransactionController#createTransaction(TransactionRequest)
2025-07-01 21:48:09 - Read "application/json;charset=UTF-8" to [com.banking.dto.TransactionRequest@22e0c60f]
2025-07-01 21:48:09 - Mapped to com.banking.controller.TransactionController#createTransaction(TransactionRequest)
2025-07-01 21:48:09 - Read "application/json;charset=UTF-8" to [com.banking.dto.TransactionRequest@e54ae25]
2025-07-01 21:48:09 - Read "application/json;charset=UTF-8" to [com.banking.dto.TransactionRequest@337b3afb]
2025-07-01 21:48:09 - Mapped to com.banking.controller.TransactionController#createTransaction(TransactionRequest)
2025-07-01 21:48:09 - Mapped to com.banking.controller.TransactionController#createTransaction(TransactionRequest)
2025-07-01 21:48:09 - Read "application/json;charset=UTF-8" to [com.banking.dto.TransactionRequest@246ea4a4]
2025-07-01 21:48:09 - Mapped to com.banking.controller.TransactionController#createTransaction(TransactionRequest)
2025-07-01 21:48:09 - Mapped to com.banking.controller.TransactionController#createTransaction(TransactionRequest)
2025-07-01 21:48:09 - Mapped to com.banking.controller.TransactionController#createTransaction(TransactionRequest)
2025-07-01 21:48:09 - Mapped to com.banking.controller.TransactionController#createTransaction(TransactionRequest)
2025-07-01 21:48:09 - Mapped to com.banking.controller.TransactionController#createTransaction(TransactionRequest)
2025-07-01 21:48:09 - Mapped to com.banking.controller.TransactionController#createTransaction(TransactionRequest)
2025-07-01 21:48:09 - Mapped to com.banking.controller.TransactionController#createTransaction(TransactionRequest)
2025-07-01 21:48:09 - Mapped to com.banking.controller.TransactionController#createTransaction(TransactionRequest)
2025-07-01 21:48:09 - Mapped to com.banking.controller.TransactionController#createTransaction(TransactionRequest)
2025-07-01 21:48:09 - Mapped to com.banking.controller.TransactionController#createTransaction(TransactionRequest)
2025-07-01 21:48:09 - Using 'application/json', given [*/*] and supported [application/json, application/*+json]
2025-07-01 21:48:09 - Read "application/json;charset=UTF-8" to [com.banking.dto.TransactionRequest@71e2a81a]
2025-07-01 21:48:09 - Writing [{data=com.banking.dto.TransactionResponse@7ab62d4, success=true, message=交易创建成功}]
2025-07-01 21:48:09 - Read "application/json;charset=UTF-8" to [com.banking.dto.TransactionRequest@365de5d7]
2025-07-01 21:48:09 - Mapped to com.banking.controller.TransactionController#createTransaction(TransactionRequest)
2025-07-01 21:48:09 - Read "application/json;charset=UTF-8" to [com.banking.dto.TransactionRequest@5488a0d4]
2025-07-01 21:48:09 - Read "application/json;charset=UTF-8" to [com.banking.dto.TransactionRequest@7c17c98a]
2025-07-01 21:48:09 - Using 'application/json', given [*/*] and supported [application/json, application/*+json]
2025-07-01 21:48:09 - Read "application/json;charset=UTF-8" to [com.banking.dto.TransactionRequest@3284c835]
2025-07-01 21:48:09 - Read "application/json;charset=UTF-8" to [com.banking.dto.TransactionRequest@4fe78de2]
2025-07-01 21:48:09 - Read "application/json;charset=UTF-8" to [com.banking.dto.TransactionRequest@18108ff9]
2025-07-01 21:48:09 - Writing [{data=com.banking.dto.TransactionResponse@1e138e9f, success=true, message=交易创建成功}]
2025-07-01 21:48:09 - Read "application/json;charset=UTF-8" to [com.banking.dto.TransactionRequest@3c1e84c1]
2025-07-01 21:48:09 - Read "application/json;charset=UTF-8" to [com.banking.dto.TransactionRequest@7693ad29]
2025-07-01 21:48:09 - Read "application/json;charset=UTF-8" to [com.banking.dto.TransactionRequest@70a02af9]
2025-07-01 21:48:09 - Using 'application/json', given [*/*] and supported [application/json, application/*+json]
2025-07-01 21:48:09 - Mapped to com.banking.controller.TransactionController#createTransaction(TransactionRequest)
2025-07-01 21:48:09 - Using 'application/json', given [*/*] and supported [application/json, application/*+json]
2025-07-01 21:48:09 - Read "application/json;charset=UTF-8" to [com.banking.dto.TransactionRequest@5680def2]
2025-07-01 21:48:09 - Read "application/json;charset=UTF-8" to [com.banking.dto.TransactionRequest@2d208fa]
2025-07-01 21:48:09 - Mapped to com.banking.controller.TransactionController#createTransaction(TransactionRequest)
2025-07-01 21:48:09 - Using 'application/json', given [*/*] and supported [application/json, application/*+json]
2025-07-01 21:48:09 - Writing [{data=com.banking.dto.TransactionResponse@55b7ac4c, success=true, message=交易创建成功}]
2025-07-01 21:48:09 - Read "application/json;charset=UTF-8" to [com.banking.dto.TransactionRequest@c90b774]
2025-07-01 21:48:09 - Writing [{data=com.banking.dto.TransactionResponse@1e572a78, success=true, message=交易创建成功}]
2025-07-01 21:48:09 - Read "application/json;charset=UTF-8" to [com.banking.dto.TransactionRequest@69ca5ff4]
2025-07-01 21:48:09 - Mapped to com.banking.controller.TransactionController#createTransaction(TransactionRequest)
2025-07-01 21:48:09 - Using 'application/json', given [*/*] and supported [application/json, application/*+json]
2025-07-01 21:48:09 - Using 'application/json', given [*/*] and supported [application/json, application/*+json]
2025-07-01 21:48:09 - Using 'application/json', given [*/*] and supported [application/json, application/*+json]
2025-07-01 21:48:09 - Writing [{data=com.banking.dto.TransactionResponse@7f23da00, success=true, message=交易创建成功}]
2025-07-01 21:48:09 - Writing [{data=com.banking.dto.TransactionResponse@3e85af1f, success=true, message=交易创建成功}]
2025-07-01 21:48:09 - Writing [{data=com.banking.dto.TransactionResponse@6fd59ca0, success=true, message=交易创建成功}]
2025-07-01 21:48:09 - Using 'application/json', given [*/*] and supported [application/json, application/*+json]
2025-07-01 21:48:09 - Read "application/json;charset=UTF-8" to [com.banking.dto.TransactionRequest@4c7e3ac2]
2025-07-01 21:48:09 - Read "application/json;charset=UTF-8" to [com.banking.dto.TransactionRequest@dec2b5e]
2025-07-01 21:48:09 - Read "application/json;charset=UTF-8" to [com.banking.dto.TransactionRequest@5f173e50]
2025-07-01 21:48:09 - Writing [{data=com.banking.dto.TransactionResponse@7454fe4d, success=true, message=交易创建成功}]
2025-07-01 21:48:09 - Writing [{data=com.banking.dto.TransactionResponse@7255fff3, success=true, message=交易创建成功}]
2025-07-01 21:48:09 - Using 'application/json', given [*/*] and supported [application/json, application/*+json]
2025-07-01 21:48:09 - Writing [{data=com.banking.dto.TransactionResponse@357e05de, success=true, message=交易创建成功}]
2025-07-01 21:48:09 - Using 'application/json', given [*/*] and supported [application/json, application/*+json]
2025-07-01 21:48:09 - Writing [{data=com.banking.dto.TransactionResponse@4933cf7b, success=true, message=交易创建成功}]
2025-07-01 21:48:09 - Mapped to com.banking.controller.TransactionController#createTransaction(TransactionRequest)
2025-07-01 21:48:09 - Mapped to com.banking.controller.TransactionController#createTransaction(TransactionRequest)
2025-07-01 21:48:09 - Mapped to com.banking.controller.TransactionController#createTransaction(TransactionRequest)
2025-07-01 21:48:09 - Mapped to com.banking.controller.TransactionController#createTransaction(TransactionRequest)
2025-07-01 21:48:09 - Mapped to com.banking.controller.TransactionController#createTransaction(TransactionRequest)
2025-07-01 21:48:09 - Mapped to com.banking.controller.TransactionController#createTransaction(TransactionRequest)
2025-07-01 21:48:09 - Mapped to com.banking.controller.TransactionController#createTransaction(TransactionRequest)
2025-07-01 21:48:09 - Mapped to com.banking.controller.TransactionController#createTransaction(TransactionRequest)
2025-07-01 21:48:09 - Read "application/json;charset=UTF-8" to [com.banking.dto.TransactionRequest@a8e13eb]
2025-07-01 21:48:09 - Mapped to com.banking.controller.TransactionController#createTransaction(TransactionRequest)
2025-07-01 21:48:09 - Mapped to com.banking.controller.TransactionController#createTransaction(TransactionRequest)
2025-07-01 21:48:09 - Read "application/json;charset=UTF-8" to [com.banking.dto.TransactionRequest@7d55abec]
2025-07-01 21:48:09 - Read "application/json;charset=UTF-8" to [com.banking.dto.TransactionRequest@2da1913c]
2025-07-01 21:48:09 - Mapped to com.banking.controller.TransactionController#createTransaction(TransactionRequest)
2025-07-01 21:48:09 - Read "application/json;charset=UTF-8" to [com.banking.dto.TransactionRequest@5ed67315]
2025-07-01 21:48:09 - Read "application/json;charset=UTF-8" to [com.banking.dto.TransactionRequest@a814d7d]
2025-07-01 21:48:09 - Read "application/json;charset=UTF-8" to [com.banking.dto.TransactionRequest@1a3c7713]
2025-07-01 21:48:09 - Mapped to com.banking.controller.TransactionController#createTransaction(TransactionRequest)
2025-07-01 21:48:09 - Mapped to com.banking.controller.TransactionController#createTransaction(TransactionRequest)
2025-07-01 21:48:09 - Read "application/json;charset=UTF-8" to [com.banking.dto.TransactionRequest@d2d858c]
2025-07-01 21:48:09 - Read "application/json;charset=UTF-8" to [com.banking.dto.TransactionRequest@5fc0d9b8]
2025-07-01 21:48:09 - Read "application/json;charset=UTF-8" to [com.banking.dto.TransactionRequest@3692258a]
2025-07-01 21:48:09 - Using 'application/json', given [*/*] and supported [application/json, application/*+json]
2025-07-01 21:48:09 - Read "application/json;charset=UTF-8" to [com.banking.dto.TransactionRequest@6f484b26]
2025-07-01 21:48:09 - Writing [{data=com.banking.dto.TransactionResponse@318ad575, success=true, message=交易创建成功}]
2025-07-01 21:48:09 - Read "application/json;charset=UTF-8" to [com.banking.dto.TransactionRequest@1d1b5217]
2025-07-01 21:48:09 - Mapped to com.banking.controller.TransactionController#createTransaction(TransactionRequest)
2025-07-01 21:48:09 - Using 'application/json', given [*/*] and supported [application/json, application/*+json]
2025-07-01 21:48:09 - Mapped to com.banking.controller.TransactionController#createTransaction(TransactionRequest)
2025-07-01 21:48:09 - Writing [{data=com.banking.dto.TransactionResponse@2f54189d, success=true, message=交易创建成功}]
2025-07-01 21:48:09 - Read "application/json;charset=UTF-8" to [com.banking.dto.TransactionRequest@2050c6c4]
2025-07-01 21:48:09 - Using 'application/json', given [*/*] and supported [application/json, application/*+json]
2025-07-01 21:48:09 - Using 'application/json', given [*/*] and supported [application/json, application/*+json]
2025-07-01 21:48:09 - Read "application/json;charset=UTF-8" to [com.banking.dto.TransactionRequest@6d3abc63]
2025-07-01 21:48:09 - Writing [{data=com.banking.dto.TransactionResponse@4197b8f1, success=true, message=交易创建成功}]
2025-07-01 21:48:09 - Writing [{data=com.banking.dto.TransactionResponse@39f09f54, success=true, message=交易创建成功}]
2025-07-01 21:48:09 - Read "application/json;charset=UTF-8" to [com.banking.dto.TransactionRequest@2afa6598]
2025-07-01 21:48:09 - Using 'application/json', given [*/*] and supported [application/json, application/*+json]
2025-07-01 21:48:09 - Using 'application/json', given [*/*] and supported [application/json, application/*+json]
2025-07-01 21:48:09 - Mapped to com.banking.controller.TransactionController#createTransaction(TransactionRequest)
2025-07-01 21:48:09 - Writing [{data=com.banking.dto.TransactionResponse@320e1224, success=true, message=交易创建成功}]
2025-07-01 21:48:09 - Read "application/json;charset=UTF-8" to [com.banking.dto.TransactionRequest@39819d5b]
2025-07-01 21:48:09 - Using 'application/json', given [*/*] and supported [application/json, application/*+json]
2025-07-01 21:48:09 - Writing [{data=com.banking.dto.TransactionResponse@72e5899d, success=true, message=交易创建成功}]
2025-07-01 21:48:09 - Mapped to com.banking.controller.TransactionController#createTransaction(TransactionRequest)
2025-07-01 21:48:09 - Using 'application/json', given [*/*] and supported [application/json, application/*+json]
2025-07-01 21:48:09 - Writing [{data=com.banking.dto.TransactionResponse@76471fb4, success=true, message=交易创建成功}]
2025-07-01 21:48:09 - Read "application/json;charset=UTF-8" to [com.banking.dto.TransactionRequest@2d2e4689]
2025-07-01 21:48:09 - Writing [{data=com.banking.dto.TransactionResponse@62b824e5, success=true, message=交易创建成功}]
2025-07-01 21:48:09 - Mapped to com.banking.controller.TransactionController#createTransaction(TransactionRequest)
2025-07-01 21:48:09 - Read "application/json;charset=UTF-8" to [com.banking.dto.TransactionRequest@6f8f875b]
2025-07-01 21:48:09 - Mapped to com.banking.controller.TransactionController#createTransaction(TransactionRequest)
2025-07-01 21:48:09 - Using 'application/json', given [*/*] and supported [application/json, application/*+json]
2025-07-01 21:48:09 - Writing [{data=com.banking.dto.TransactionResponse@7a428ebe, success=true, message=交易创建成功}]
2025-07-01 21:48:09 - Mapped to com.banking.controller.TransactionController#createTransaction(TransactionRequest)
2025-07-01 21:48:09 - Mapped to com.banking.controller.TransactionController#createTransaction(TransactionRequest)
2025-07-01 21:48:09 - Using 'application/json', given [*/*] and supported [application/json, application/*+json]
2025-07-01 21:48:09 - Read "application/json;charset=UTF-8" to [com.banking.dto.TransactionRequest@359296cc]
2025-07-01 21:48:09 - Writing [{data=com.banking.dto.TransactionResponse@23bf7a77, success=true, message=交易创建成功}]
2025-07-01 21:48:09 - Read "application/json;charset=UTF-8" to [com.banking.dto.TransactionRequest@78d0ec8]
2025-07-01 21:48:09 - Read "application/json;charset=UTF-8" to [com.banking.dto.TransactionRequest@125641ce]
2025-07-01 21:48:09 - Read "application/json;charset=UTF-8" to [com.banking.dto.TransactionRequest@3db0b180]
2025-07-01 21:48:09 - Using 'application/json', given [*/*] and supported [application/json, application/*+json]
2025-07-01 21:48:09 - Using 'application/json', given [*/*] and supported [application/json, application/*+json]
2025-07-01 21:48:09 - Writing [{data=com.banking.dto.TransactionResponse@3cf76302, success=true, message=交易创建成功}]
2025-07-01 21:48:09 - Writing [{data=com.banking.dto.TransactionResponse@1547cc00, success=true, message=交易创建成功}]
2025-07-01 21:48:09 - Using 'application/json', given [*/*] and supported [application/json, application/*+json]
2025-07-01 21:48:09 - Mapped to com.banking.controller.TransactionController#createTransaction(TransactionRequest)
2025-07-01 21:48:09 - Writing [{data=com.banking.dto.TransactionResponse@5f2b7bfb, success=true, message=交易创建成功}]
2025-07-01 21:48:09 - Mapped to com.banking.controller.TransactionController#createTransaction(TransactionRequest)
2025-07-01 21:48:09 - Using 'application/json', given [*/*] and supported [application/json, application/*+json]
2025-07-01 21:48:09 - Using 'application/json', given [*/*] and supported [application/json, application/*+json]
2025-07-01 21:48:09 - Writing [{data=com.banking.dto.TransactionResponse@ccfa1f5, success=true, message=交易创建成功}]
2025-07-01 21:48:09 - Using 'application/json', given [*/*] and supported [application/json, application/*+json]
2025-07-01 21:48:09 - Writing [{data=com.banking.dto.TransactionResponse@5a312b15, success=true, message=交易创建成功}]
2025-07-01 21:48:09 - Writing [{data=com.banking.dto.TransactionResponse@4608f8b9, success=true, message=交易创建成功}]
2025-07-01 21:48:09 - Using 'application/json', given [*/*] and supported [application/json, application/*+json]
2025-07-01 21:48:09 - Mapped to com.banking.controller.TransactionController#createTransaction(TransactionRequest)
2025-07-01 21:48:09 - Writing [{data=com.banking.dto.TransactionResponse@c5c2250, success=true, message=交易创建成功}]
2025-07-01 21:48:09 - Using 'application/json', given [*/*] and supported [application/json, application/*+json]
2025-07-01 21:48:09 - Writing [{data=com.banking.dto.TransactionResponse@526deba0, success=true, message=交易创建成功}]
2025-07-01 21:48:09 - Mapped to com.banking.controller.TransactionController#createTransaction(TransactionRequest)
2025-07-01 21:48:09 - Mapped to com.banking.controller.TransactionController#createTransaction(TransactionRequest)
2025-07-01 21:48:09 - Mapped to com.banking.controller.TransactionController#createTransaction(TransactionRequest)
2025-07-01 21:48:09 - Mapped to com.banking.controller.TransactionController#createTransaction(TransactionRequest)
2025-07-01 21:48:09 - Mapped to com.banking.controller.TransactionController#createTransaction(TransactionRequest)
2025-07-01 21:48:09 - Mapped to com.banking.controller.TransactionController#createTransaction(TransactionRequest)
2025-07-01 21:48:09 - Mapped to com.banking.controller.TransactionController#createTransaction(TransactionRequest)
2025-07-01 21:48:09 - Mapped to com.banking.controller.TransactionController#createTransaction(TransactionRequest)
2025-07-01 21:48:09 - Read "application/json;charset=UTF-8" to [com.banking.dto.TransactionRequest@29642012]
2025-07-01 21:48:09 - Mapped to com.banking.controller.TransactionController#createTransaction(TransactionRequest)
2025-07-01 21:48:09 - Mapped to com.banking.controller.TransactionController#createTransaction(TransactionRequest)
2025-07-01 21:48:09 - Mapped to com.banking.controller.TransactionController#createTransaction(TransactionRequest)
2025-07-01 21:48:09 - Mapped to com.banking.controller.TransactionController#createTransaction(TransactionRequest)
2025-07-01 21:48:09 - Mapped to com.banking.controller.TransactionController#createTransaction(TransactionRequest)
2025-07-01 21:48:09 - Mapped to com.banking.controller.TransactionController#createTransaction(TransactionRequest)
2025-07-01 21:48:09 - Read "application/json;charset=UTF-8" to [com.banking.dto.TransactionRequest@2e175807]
2025-07-01 21:48:09 - Using 'application/json', given [*/*] and supported [application/json, application/*+json]
2025-07-01 21:48:09 - Mapped to com.banking.controller.TransactionController#createTransaction(TransactionRequest)
2025-07-01 21:48:09 - Mapped to com.banking.controller.TransactionController#createTransaction(TransactionRequest)
2025-07-01 21:48:09 - Mapped to com.banking.controller.TransactionController#createTransaction(TransactionRequest)
2025-07-01 21:48:09 - Read "application/json;charset=UTF-8" to [com.banking.dto.TransactionRequest@39e4eb33]
2025-07-01 21:48:09 - Writing [{data=com.banking.dto.TransactionResponse@5bc92bf2, success=true, message=交易创建成功}]
2025-07-01 21:48:09 - Read "application/json;charset=UTF-8" to [com.banking.dto.TransactionRequest@65ec9037]
2025-07-01 21:48:09 - Read "application/json;charset=UTF-8" to [com.banking.dto.TransactionRequest@57139dd9]
2025-07-01 21:48:09 - Using 'application/json', given [*/*] and supported [application/json, application/*+json]
2025-07-01 21:48:09 - Read "application/json;charset=UTF-8" to [com.banking.dto.TransactionRequest@64cfda7c]
2025-07-01 21:48:09 - Read "application/json;charset=UTF-8" to [com.banking.dto.TransactionRequest@4151607b]
2025-07-01 21:48:09 - Read "application/json;charset=UTF-8" to [com.banking.dto.TransactionRequest@7951842a]
2025-07-01 21:48:09 - Writing [{data=com.banking.dto.TransactionResponse@2d217fb8, success=true, message=交易创建成功}]
2025-07-01 21:48:09 - Read "application/json;charset=UTF-8" to [com.banking.dto.TransactionRequest@30233b8]
2025-07-01 21:48:09 - Read "application/json;charset=UTF-8" to [com.banking.dto.TransactionRequest@53435ce2]
2025-07-01 21:48:09 - Read "application/json;charset=UTF-8" to [com.banking.dto.TransactionRequest@6b912e6]
2025-07-01 21:48:09 - Mapped to com.banking.controller.TransactionController#createTransaction(TransactionRequest)
2025-07-01 21:48:09 - Read "application/json;charset=UTF-8" to [com.banking.dto.TransactionRequest@5888c723]
2025-07-01 21:48:09 - Using 'application/json', given [*/*] and supported [application/json, application/*+json]
2025-07-01 21:48:09 - Using 'application/json', given [*/*] and supported [application/json, application/*+json]
2025-07-01 21:48:09 - Using 'application/json', given [*/*] and supported [application/json, application/*+json]
2025-07-01 21:48:09 - Using 'application/json', given [*/*] and supported [application/json, application/*+json]
2025-07-01 21:48:09 - Using 'application/json', given [*/*] and supported [application/json, application/*+json]
2025-07-01 21:48:09 - Using 'application/json', given [*/*] and supported [application/json, application/*+json]
2025-07-01 21:48:09 - Writing [{data=com.banking.dto.TransactionResponse@1bc1be9e, success=true, message=交易创建成功}]
2025-07-01 21:48:09 - Read "application/json;charset=UTF-8" to [com.banking.dto.TransactionRequest@5d3f745c]
2025-07-01 21:48:09 - Read "application/json;charset=UTF-8" to [com.banking.dto.TransactionRequest@2d8ac920]
2025-07-01 21:48:09 - Writing [{data=com.banking.dto.TransactionResponse@67aa71a7, success=true, message=交易创建成功}]
2025-07-01 21:48:09 - Read "application/json;charset=UTF-8" to [com.banking.dto.TransactionRequest@165b16b3]
2025-07-01 21:48:09 - Writing [{data=com.banking.dto.TransactionResponse@22b3dd05, success=true, message=交易创建成功}]
2025-07-01 21:48:09 - Writing [{data=com.banking.dto.TransactionResponse@62d9bd9b, success=true, message=交易创建成功}]
2025-07-01 21:48:09 - Read "application/json;charset=UTF-8" to [com.banking.dto.TransactionRequest@3cf947ac]
2025-07-01 21:48:09 - Read "application/json;charset=UTF-8" to [com.banking.dto.TransactionRequest@5b1fc6a3]
2025-07-01 21:48:09 - Using 'application/json', given [*/*] and supported [application/json, application/*+json]
2025-07-01 21:48:09 - Mapped to com.banking.controller.TransactionController#createTransaction(TransactionRequest)
2025-07-01 21:48:09 - Writing [{data=com.banking.dto.TransactionResponse@461f1f4a, success=true, message=交易创建成功}]
2025-07-01 21:48:09 - Read "application/json;charset=UTF-8" to [com.banking.dto.TransactionRequest@749cec9f]
2025-07-01 21:48:09 - Read "application/json;charset=UTF-8" to [com.banking.dto.TransactionRequest@58f024d3]
2025-07-01 21:48:09 - Writing [{data=com.banking.dto.TransactionResponse@15f4e796, success=true, message=交易创建成功}]
2025-07-01 21:48:09 - Writing [{data=com.banking.dto.TransactionResponse@306938c, success=true, message=交易创建成功}]
2025-07-01 21:48:09 - Read "application/json;charset=UTF-8" to [com.banking.dto.TransactionRequest@729c4e4c]
2025-07-01 21:48:09 - Read "application/json;charset=UTF-8" to [com.banking.dto.TransactionRequest@4199410]
2025-07-01 21:48:09 - Read "application/json;charset=UTF-8" to [com.banking.dto.TransactionRequest@16301e72]
2025-07-01 21:48:09 - Mapped to com.banking.controller.TransactionController#createTransaction(TransactionRequest)
2025-07-01 21:48:09 - Mapped to com.banking.controller.TransactionController#createTransaction(TransactionRequest)
2025-07-01 21:48:09 - Using 'application/json', given [*/*] and supported [application/json, application/*+json]
2025-07-01 21:48:09 - Writing [{data=com.banking.dto.TransactionResponse@2c5fb5de, success=true, message=交易创建成功}]
2025-07-01 21:48:09 - Mapped to com.banking.controller.TransactionController#createTransaction(TransactionRequest)
2025-07-01 21:48:09 - Mapped to com.banking.controller.TransactionController#createTransaction(TransactionRequest)
2025-07-01 21:48:09 - Read "application/json;charset=UTF-8" to [com.banking.dto.TransactionRequest@4260f045]
2025-07-01 21:48:09 - Mapped to com.banking.controller.TransactionController#createTransaction(TransactionRequest)
2025-07-01 21:48:09 - Using 'application/json', given [*/*] and supported [application/json, application/*+json]
2025-07-01 21:48:09 - Writing [{data=com.banking.dto.TransactionResponse@2a47731f, success=true, message=交易创建成功}]
2025-07-01 21:48:09 - Read "application/json;charset=UTF-8" to [com.banking.dto.TransactionRequest@54d53b12]
2025-07-01 21:48:09 - Mapped to com.banking.controller.TransactionController#createTransaction(TransactionRequest)
2025-07-01 21:48:09 - Mapped to com.banking.controller.TransactionController#createTransaction(TransactionRequest)
2025-07-01 21:48:09 - Read "application/json;charset=UTF-8" to [com.banking.dto.TransactionRequest@58f69d1d]
2025-07-01 21:48:09 - Using 'application/json', given [*/*] and supported [application/json, application/*+json]
2025-07-01 21:48:09 - Writing [{data=com.banking.dto.TransactionResponse@2f4f9e6d, success=true, message=交易创建成功}]
2025-07-01 21:48:09 - Read "application/json;charset=UTF-8" to [com.banking.dto.TransactionRequest@18a3ad1e]
2025-07-01 21:48:09 - Using 'application/json', given [*/*] and supported [application/json, application/*+json]
2025-07-01 21:48:09 - Read "application/json;charset=UTF-8" to [com.banking.dto.TransactionRequest@894c32e]
2025-07-01 21:48:09 - Using 'application/json', given [*/*] and supported [application/json, application/*+json]
2025-07-01 21:48:09 - Using 'application/json', given [*/*] and supported [application/json, application/*+json]
2025-07-01 21:48:09 - Writing [{data=com.banking.dto.TransactionResponse@9133225, success=true, message=交易创建成功}]
2025-07-01 21:48:09 - Writing [{data=com.banking.dto.TransactionResponse@7f09a03e, success=true, message=交易创建成功}]
2025-07-01 21:48:09 - Read "application/json;charset=UTF-8" to [com.banking.dto.TransactionRequest@b9cd68]
2025-07-01 21:48:09 - Mapped to com.banking.controller.TransactionController#createTransaction(TransactionRequest)
2025-07-01 21:48:09 - Read "application/json;charset=UTF-8" to [com.banking.dto.TransactionRequest@17e913e6]
2025-07-01 21:48:09 - Writing [{data=com.banking.dto.TransactionResponse@43e4f941, success=true, message=交易创建成功}]
2025-07-01 21:48:09 - Using 'application/json', given [*/*] and supported [application/json, application/*+json]
2025-07-01 21:48:09 - Mapped to com.banking.controller.TransactionController#createTransaction(TransactionRequest)
2025-07-01 21:48:09 - Mapped to com.banking.controller.TransactionController#createTransaction(TransactionRequest)
2025-07-01 21:48:09 - Writing [{data=com.banking.dto.TransactionResponse@50283904, success=true, message=交易创建成功}]
2025-07-01 21:48:09 - Mapped to com.banking.controller.TransactionController#createTransaction(TransactionRequest)
2025-07-01 21:48:09 - Mapped to com.banking.controller.TransactionController#createTransaction(TransactionRequest)
2025-07-01 21:48:09 - Read "application/json;charset=UTF-8" to [com.banking.dto.TransactionRequest@34ac8811]
2025-07-01 21:48:09 - Read "application/json;charset=UTF-8" to [com.banking.dto.TransactionRequest@2bdcde25]
2025-07-01 21:48:09 - Read "application/json;charset=UTF-8" to [com.banking.dto.TransactionRequest@e3141b]
2025-07-01 21:48:09 - Using 'application/json', given [*/*] and supported [application/json, application/*+json]
2025-07-01 21:48:09 - Read "application/json;charset=UTF-8" to [com.banking.dto.TransactionRequest@656dd156]
2025-07-01 21:48:09 - Writing [{data=com.banking.dto.TransactionResponse@5b8ac704, success=true, message=交易创建成功}]
2025-07-01 21:48:09 - Mapped to com.banking.controller.TransactionController#createTransaction(TransactionRequest)
2025-07-01 21:48:09 - Read "application/json;charset=UTF-8" to [com.banking.dto.TransactionRequest@fdbf789]
2025-07-01 21:48:09 - Mapped to com.banking.controller.TransactionController#createTransaction(TransactionRequest)
2025-07-01 21:48:09 - Using 'application/json', given [*/*] and supported [application/json, application/*+json]
2025-07-01 21:48:09 - Mapped to com.banking.controller.TransactionController#createTransaction(TransactionRequest)
2025-07-01 21:48:09 - Writing [{data=com.banking.dto.TransactionResponse@2bc1a2d9, success=true, message=交易创建成功}]
2025-07-01 21:48:09 - Read "application/json;charset=UTF-8" to [com.banking.dto.TransactionRequest@2ce092f7]
2025-07-01 21:48:09 - Read "application/json;charset=UTF-8" to [com.banking.dto.TransactionRequest@778f65d1]
2025-07-01 21:48:09 - Read "application/json;charset=UTF-8" to [com.banking.dto.TransactionRequest@2c3deeaf]
2025-07-01 21:48:09 - Using 'application/json', given [*/*] and supported [application/json, application/*+json]
2025-07-01 21:48:09 - Writing [{data=com.banking.dto.TransactionResponse@5dc8ede7, success=true, message=交易创建成功}]
2025-07-01 21:48:09 - Mapped to com.banking.controller.TransactionController#createTransaction(TransactionRequest)
2025-07-01 21:48:09 - Using 'application/json', given [*/*] and supported [application/json, application/*+json]
2025-07-01 21:48:09 - Using 'application/json', given [*/*] and supported [application/json, application/*+json]
2025-07-01 21:48:09 - Writing [{data=com.banking.dto.TransactionResponse@7092c437, success=true, message=交易创建成功}]
2025-07-01 21:48:09 - Mapped to com.banking.controller.TransactionController#createTransaction(TransactionRequest)
2025-07-01 21:48:09 - Using 'application/json', given [*/*] and supported [application/json, application/*+json]
2025-07-01 21:48:09 - Writing [{data=com.banking.dto.TransactionResponse@1168054f, success=true, message=交易创建成功}]
2025-07-01 21:48:09 - Mapped to com.banking.controller.TransactionController#createTransaction(TransactionRequest)
2025-07-01 21:48:09 - Writing [{data=com.banking.dto.TransactionResponse@6ee3ed2, success=true, message=交易创建成功}]
2025-07-01 21:48:09 - Read "application/json;charset=UTF-8" to [com.banking.dto.TransactionRequest@5d7ed5eb]
2025-07-01 21:48:09 - Mapped to com.banking.controller.TransactionController#createTransaction(TransactionRequest)
2025-07-01 21:48:09 - Read "application/json;charset=UTF-8" to [com.banking.dto.TransactionRequest@b4d3be9]
2025-07-01 21:48:09 - Read "application/json;charset=UTF-8" to [com.banking.dto.TransactionRequest@5a983172]
2025-07-01 21:48:09 - Mapped to com.banking.controller.TransactionController#createTransaction(TransactionRequest)
2025-07-01 21:48:09 - Read "application/json;charset=UTF-8" to [com.banking.dto.TransactionRequest@2daaa8e4]
2025-07-01 21:48:09 - Mapped to com.banking.controller.TransactionController#createTransaction(TransactionRequest)
2025-07-01 21:48:09 - Mapped to com.banking.controller.TransactionController#createTransaction(TransactionRequest)
2025-07-01 21:48:09 - Mapped to com.banking.controller.TransactionController#createTransaction(TransactionRequest)
2025-07-01 21:48:09 - Mapped to com.banking.controller.TransactionController#createTransaction(TransactionRequest)
2025-07-01 21:48:09 - Read "application/json;charset=UTF-8" to [com.banking.dto.TransactionRequest@51527b70]
2025-07-01 21:48:09 - Read "application/json;charset=UTF-8" to [com.banking.dto.TransactionRequest@6b3f807a]
2025-07-01 21:48:09 - Using 'application/json', given [*/*] and supported [application/json, application/*+json]
2025-07-01 21:48:09 - Mapped to com.banking.controller.TransactionController#createTransaction(TransactionRequest)
2025-07-01 21:48:09 - Mapped to com.banking.controller.TransactionController#createTransaction(TransactionRequest)
2025-07-01 21:48:09 - Mapped to com.banking.controller.TransactionController#createTransaction(TransactionRequest)
2025-07-01 21:48:09 - Mapped to com.banking.controller.TransactionController#createTransaction(TransactionRequest)
2025-07-01 21:48:09 - Read "application/json;charset=UTF-8" to [com.banking.dto.TransactionRequest@3f001aa5]
2025-07-01 21:48:09 - Using 'application/json', given [*/*] and supported [application/json, application/*+json]
2025-07-01 21:48:09 - Writing [{data=com.banking.dto.TransactionResponse@5d764d74, success=true, message=交易创建成功}]
2025-07-01 21:48:09 - Using 'application/json', given [*/*] and supported [application/json, application/*+json]
2025-07-01 21:48:09 - Writing [{data=com.banking.dto.TransactionResponse@6d982e25, success=true, message=交易创建成功}]
2025-07-01 21:48:09 - Writing [{data=com.banking.dto.TransactionResponse@1f435728, success=true, message=交易创建成功}]
2025-07-01 21:48:09 - Read "application/json;charset=UTF-8" to [com.banking.dto.TransactionRequest@8be44d]
2025-07-01 21:48:09 - Read "application/json;charset=UTF-8" to [com.banking.dto.TransactionRequest@35245e8b]
2025-07-01 21:48:09 - Read "application/json;charset=UTF-8" to [com.banking.dto.TransactionRequest@4155168f]
2025-07-01 21:48:09 - Read "application/json;charset=UTF-8" to [com.banking.dto.TransactionRequest@2a4782b1]
2025-07-01 21:48:09 - Read "application/json;charset=UTF-8" to [com.banking.dto.TransactionRequest@5888048f]
2025-07-01 21:48:09 - Using 'application/json', given [*/*] and supported [application/json, application/*+json]
2025-07-01 21:48:09 - Writing [{data=com.banking.dto.TransactionResponse@257a6c4, success=true, message=交易创建成功}]
2025-07-01 21:48:09 - Using 'application/json', given [*/*] and supported [application/json, application/*+json]
2025-07-01 21:48:09 - Writing [{data=com.banking.dto.TransactionResponse@4a6e0a2a, success=true, message=交易创建成功}]
2025-07-01 21:48:09 - Read "application/json;charset=UTF-8" to [com.banking.dto.TransactionRequest@7f2c083f]
2025-07-01 21:48:09 - Mapped to com.banking.controller.TransactionController#createTransaction(TransactionRequest)
2025-07-01 21:48:09 - Mapped to com.banking.controller.TransactionController#createTransaction(TransactionRequest)
2025-07-01 21:48:09 - Using 'application/json', given [*/*] and supported [application/json, application/*+json]
2025-07-01 21:48:09 - Using 'application/json', given [*/*] and supported [application/json, application/*+json]
2025-07-01 21:48:09 - Writing [{data=com.banking.dto.TransactionResponse@3e6b5639, success=true, message=交易创建成功}]
2025-07-01 21:48:09 - Using 'application/json', given [*/*] and supported [application/json, application/*+json]
2025-07-01 21:48:09 - Using 'application/json', given [*/*] and supported [application/json, application/*+json]
2025-07-01 21:48:09 - Mapped to com.banking.controller.TransactionController#createTransaction(TransactionRequest)
2025-07-01 21:48:09 - Writing [{data=com.banking.dto.TransactionResponse@3609d9fd, success=true, message=交易创建成功}]
2025-07-01 21:48:09 - Writing [{data=com.banking.dto.TransactionResponse@564424ae, success=true, message=交易创建成功}]
2025-07-01 21:48:09 - Using 'application/json', given [*/*] and supported [application/json, application/*+json]
2025-07-01 21:48:09 - Writing [{data=com.banking.dto.TransactionResponse@6ffac3d9, success=true, message=交易创建成功}]
2025-07-01 21:48:09 - Read "application/json;charset=UTF-8" to [com.banking.dto.TransactionRequest@46cae9da]
2025-07-01 21:48:09 - Writing [{data=com.banking.dto.TransactionResponse@54aa9ab4, success=true, message=交易创建成功}]
2025-07-01 21:48:09 - Mapped to com.banking.controller.TransactionController#createTransaction(TransactionRequest)
2025-07-01 21:48:09 - Read "application/json;charset=UTF-8" to [com.banking.dto.TransactionRequest@4fc51f88]
2025-07-01 21:48:09 - Mapped to com.banking.controller.TransactionController#createTransaction(TransactionRequest)
2025-07-01 21:48:09 - Mapped to com.banking.controller.TransactionController#createTransaction(TransactionRequest)
2025-07-01 21:48:09 - Read "application/json;charset=UTF-8" to [com.banking.dto.TransactionRequest@5d09bce3]
2025-07-01 21:48:09 - Read "application/json;charset=UTF-8" to [com.banking.dto.TransactionRequest@20fe5612]
2025-07-01 21:48:09 - Read "application/json;charset=UTF-8" to [com.banking.dto.TransactionRequest@755c134c]
2025-07-01 21:48:09 - Mapped to com.banking.controller.TransactionController#createTransaction(TransactionRequest)
2025-07-01 21:48:09 - Mapped to com.banking.controller.TransactionController#createTransaction(TransactionRequest)
2025-07-01 21:48:09 - Mapped to com.banking.controller.TransactionController#createTransaction(TransactionRequest)
2025-07-01 21:48:09 - Read "application/json;charset=UTF-8" to [com.banking.dto.TransactionRequest@25e7d957]
2025-07-01 21:48:09 - Read "application/json;charset=UTF-8" to [com.banking.dto.TransactionRequest@13ff06a3]
2025-07-01 21:48:09 - Read "application/json;charset=UTF-8" to [com.banking.dto.TransactionRequest@78438211]
2025-07-01 21:48:09 - Read "application/json;charset=UTF-8" to [com.banking.dto.TransactionRequest@500e7a3c]
2025-07-01 21:48:09 - Mapped to com.banking.controller.TransactionController#createTransaction(TransactionRequest)
2025-07-01 21:48:09 - Mapped to com.banking.controller.TransactionController#createTransaction(TransactionRequest)
2025-07-01 21:48:09 - Mapped to com.banking.controller.TransactionController#createTransaction(TransactionRequest)
2025-07-01 21:48:09 - Mapped to com.banking.controller.TransactionController#createTransaction(TransactionRequest)
2025-07-01 21:48:09 - Mapped to com.banking.controller.TransactionController#createTransaction(TransactionRequest)
2025-07-01 21:48:09 - Read "application/json;charset=UTF-8" to [com.banking.dto.TransactionRequest@79f4e779]
2025-07-01 21:48:09 - Read "application/json;charset=UTF-8" to [com.banking.dto.TransactionRequest@6e7a14a8]
2025-07-01 21:48:09 - Read "application/json;charset=UTF-8" to [com.banking.dto.TransactionRequest@38896bd1]
2025-07-01 21:48:09 - Using 'application/json', given [*/*] and supported [application/json, application/*+json]
2025-07-01 21:48:09 - Mapped to com.banking.controller.TransactionController#createTransaction(TransactionRequest)
2025-07-01 21:48:09 - Read "application/json;charset=UTF-8" to [com.banking.dto.TransactionRequest@6817a00c]
2025-07-01 21:48:09 - Read "application/json;charset=UTF-8" to [com.banking.dto.TransactionRequest@73f66589]
2025-07-01 21:48:09 - Writing [{data=com.banking.dto.TransactionResponse@2aa6ae77, success=true, message=交易创建成功}]
2025-07-01 21:48:09 - Using 'application/json', given [*/*] and supported [application/json, application/*+json]
2025-07-01 21:48:09 - Using 'application/json', given [*/*] and supported [application/json, application/*+json]
2025-07-01 21:48:09 - Writing [{data=com.banking.dto.TransactionResponse@6b39f4f7, success=true, message=交易创建成功}]
2025-07-01 21:48:09 - Writing [{data=com.banking.dto.TransactionResponse@73789219, success=true, message=交易创建成功}]
2025-07-01 21:48:09 - Read "application/json;charset=UTF-8" to [com.banking.dto.TransactionRequest@5740efd1]
2025-07-01 21:48:09 - Using 'application/json', given [*/*] and supported [application/json, application/*+json]
2025-07-01 21:48:09 - Using 'application/json', given [*/*] and supported [application/json, application/*+json]
2025-07-01 21:48:09 - Writing [{data=com.banking.dto.TransactionResponse@4b0b0e05, success=true, message=交易创建成功}]
2025-07-01 21:48:09 - Writing [{data=com.banking.dto.TransactionResponse@4dc8856c, success=true, message=交易创建成功}]
2025-07-01 21:48:09 - Mapped to com.banking.controller.TransactionController#createTransaction(TransactionRequest)
2025-07-01 21:48:09 - Using 'application/json', given [*/*] and supported [application/json, application/*+json]
2025-07-01 21:48:09 - Writing [{data=com.banking.dto.TransactionResponse@6bc8d756, success=true, message=交易创建成功}]
2025-07-01 21:48:09 - Using 'application/json', given [*/*] and supported [application/json, application/*+json]
2025-07-01 21:48:09 - Read "application/json;charset=UTF-8" to [com.banking.dto.TransactionRequest@572fd2b2]
2025-07-01 21:48:09 - Writing [{data=com.banking.dto.TransactionResponse@440c5e8c, success=true, message=交易创建成功}]
2025-07-01 21:48:09 - Using 'application/json', given [*/*] and supported [application/json, application/*+json]
2025-07-01 21:48:09 - Writing [{data=com.banking.dto.TransactionResponse@6128e6ab, success=true, message=交易创建成功}]
2025-07-01 21:48:09 - Using 'application/json', given [*/*] and supported [application/json, application/*+json]
2025-07-01 21:48:09 - Writing [{data=com.banking.dto.TransactionResponse@89c9e28, success=true, message=交易创建成功}]
2025-07-01 21:48:09 - Mapped to com.banking.controller.TransactionController#createTransaction(TransactionRequest)
2025-07-01 21:48:09 - Mapped to com.banking.controller.TransactionController#createTransaction(TransactionRequest)
2025-07-01 21:48:09 - Mapped to com.banking.controller.TransactionController#createTransaction(TransactionRequest)
2025-07-01 21:48:09 - Mapped to com.banking.controller.TransactionController#createTransaction(TransactionRequest)
2025-07-01 21:48:09 - Mapped to com.banking.controller.TransactionController#createTransaction(TransactionRequest)
2025-07-01 21:48:09 - Using 'application/json', given [*/*] and supported [application/json, application/*+json]
2025-07-01 21:48:09 - Writing [{data=com.banking.dto.TransactionResponse@486dbb94, success=true, message=交易创建成功}]
2025-07-01 21:48:09 - Using 'application/json', given [*/*] and supported [application/json, application/*+json]
2025-07-01 21:48:09 - Mapped to com.banking.controller.TransactionController#createTransaction(TransactionRequest)
2025-07-01 21:48:09 - Writing [{data=com.banking.dto.TransactionResponse@b4b56df, success=true, message=交易创建成功}]
2025-07-01 21:48:09 - Read "application/json;charset=UTF-8" to [com.banking.dto.TransactionRequest@435f6d63]
2025-07-01 21:48:09 - Read "application/json;charset=UTF-8" to [com.banking.dto.TransactionRequest@6b00d6bf]
2025-07-01 21:48:09 - Read "application/json;charset=UTF-8" to [com.banking.dto.TransactionRequest@499c334b]
2025-07-01 21:48:09 - Read "application/json;charset=UTF-8" to [com.banking.dto.TransactionRequest@647d675]
2025-07-01 21:48:09 - Using 'application/json', given [*/*] and supported [application/json, application/*+json]
2025-07-01 21:48:09 - Writing [{data=com.banking.dto.TransactionResponse@5da8e2ec, success=true, message=交易创建成功}]
2025-07-01 21:48:09 - Mapped to com.banking.controller.TransactionController#createTransaction(TransactionRequest)
2025-07-01 21:48:09 - Using 'application/json', given [*/*] and supported [application/json, application/*+json]
2025-07-01 21:48:09 - Mapped to com.banking.controller.TransactionController#createTransaction(TransactionRequest)
2025-07-01 21:48:09 - Writing [{data=com.banking.dto.TransactionResponse@3a7428, success=true, message=交易创建成功}]
2025-07-01 21:48:09 - Using 'application/json', given [*/*] and supported [application/json, application/*+json]
2025-07-01 21:48:09 - Writing [{data=com.banking.dto.TransactionResponse@53d9fe8c, success=true, message=交易创建成功}]
2025-07-01 21:48:09 - Mapped to com.banking.controller.TransactionController#createTransaction(TransactionRequest)
2025-07-01 21:48:09 - Read "application/json;charset=UTF-8" to [com.banking.dto.TransactionRequest@12b565eb]
2025-07-01 21:48:09 - Mapped to com.banking.controller.TransactionController#createTransaction(TransactionRequest)
2025-07-01 21:48:09 - Mapped to com.banking.controller.TransactionController#createTransaction(TransactionRequest)
2025-07-01 21:48:09 - Read "application/json;charset=UTF-8" to [com.banking.dto.TransactionRequest@752e689a]
2025-07-01 21:48:09 - Mapped to com.banking.controller.TransactionController#createTransaction(TransactionRequest)
2025-07-01 21:48:09 - Read "application/json;charset=UTF-8" to [com.banking.dto.TransactionRequest@5e95f3af]
2025-07-01 21:48:09 - Read "application/json;charset=UTF-8" to [com.banking.dto.TransactionRequest@325e948b]
2025-07-01 21:48:09 - Mapped to com.banking.controller.TransactionController#createTransaction(TransactionRequest)
2025-07-01 21:48:09 - Using 'application/json', given [*/*] and supported [application/json, application/*+json]
2025-07-01 21:48:09 - Writing [{data=com.banking.dto.TransactionResponse@1f5edf9b, success=true, message=交易创建成功}]
2025-07-01 21:48:09 - Read "application/json;charset=UTF-8" to [com.banking.dto.TransactionRequest@39714825]
2025-07-01 21:48:09 - Read "application/json;charset=UTF-8" to [com.banking.dto.TransactionRequest@614c172a]
2025-07-01 21:48:09 - Read "application/json;charset=UTF-8" to [com.banking.dto.TransactionRequest@353edf91]
2025-07-01 21:48:09 - Using 'application/json', given [*/*] and supported [application/json, application/*+json]
2025-07-01 21:48:09 - Read "application/json;charset=UTF-8" to [com.banking.dto.TransactionRequest@7c0a93fd]
2025-07-01 21:48:09 - Mapped to com.banking.controller.TransactionController#createTransaction(TransactionRequest)
2025-07-01 21:48:09 - Using 'application/json', given [*/*] and supported [application/json, application/*+json]
2025-07-01 21:48:09 - Writing [{data=com.banking.dto.TransactionResponse@18399bb7, success=true, message=交易创建成功}]
2025-07-01 21:48:09 - Writing [{data=com.banking.dto.TransactionResponse@b880ff0, success=true, message=交易创建成功}]
2025-07-01 21:48:09 - Read "application/json;charset=UTF-8" to [com.banking.dto.TransactionRequest@2d97462a]
2025-07-01 21:48:09 - Using 'application/json', given [*/*] and supported [application/json, application/*+json]
2025-07-01 21:48:09 - Mapped to com.banking.controller.TransactionController#createTransaction(TransactionRequest)
2025-07-01 21:48:09 - Writing [{data=com.banking.dto.TransactionResponse@6d6fa42e, success=true, message=交易创建成功}]
2025-07-01 21:48:09 - Mapped to com.banking.controller.TransactionController#createTransaction(TransactionRequest)
2025-07-01 21:48:09 - Mapped to com.banking.controller.TransactionController#createTransaction(TransactionRequest)
2025-07-01 21:48:09 - Read "application/json;charset=UTF-8" to [com.banking.dto.TransactionRequest@227c926f]
2025-07-01 21:48:09 - Read "application/json;charset=UTF-8" to [com.banking.dto.TransactionRequest@7f5bbb9b]
2025-07-01 21:48:09 - Using 'application/json', given [*/*] and supported [application/json, application/*+json]
2025-07-01 21:48:09 - Read "application/json;charset=UTF-8" to [com.banking.dto.TransactionRequest@11f0b3c7]
2025-07-01 21:48:09 - Read "application/json;charset=UTF-8" to [com.banking.dto.TransactionRequest@14c823f3]
2025-07-01 21:48:09 - Mapped to com.banking.controller.TransactionController#createTransaction(TransactionRequest)
2025-07-01 21:48:09 - Using 'application/json', given [*/*] and supported [application/json, application/*+json]
2025-07-01 21:48:09 - Writing [{data=com.banking.dto.TransactionResponse@3c0ba8df, success=true, message=交易创建成功}]
2025-07-01 21:48:09 - Writing [{data=com.banking.dto.TransactionResponse@55ee0628, success=true, message=交易创建成功}]
2025-07-01 21:48:09 - Mapped to com.banking.controller.TransactionController#createTransaction(TransactionRequest)
2025-07-01 21:48:09 - Using 'application/json', given [*/*] and supported [application/json, application/*+json]
2025-07-01 21:48:09 - Using 'application/json', given [*/*] and supported [application/json, application/*+json]
2025-07-01 21:48:09 - Writing [{data=com.banking.dto.TransactionResponse@40326e42, success=true, message=交易创建成功}]
2025-07-01 21:48:09 - Read "application/json;charset=UTF-8" to [com.banking.dto.TransactionRequest@65ddb695]
2025-07-01 21:48:09 - Read "application/json;charset=UTF-8" to [com.banking.dto.TransactionRequest@592a5cab]
2025-07-01 21:48:09 - Using 'application/json', given [*/*] and supported [application/json, application/*+json]
2025-07-01 21:48:09 - Writing [{data=com.banking.dto.TransactionResponse@2fe53942, success=true, message=交易创建成功}]
2025-07-01 21:48:09 - Writing [{data=com.banking.dto.TransactionResponse@7703682a, success=true, message=交易创建成功}]
2025-07-01 21:48:09 - Mapped to com.banking.controller.TransactionController#createTransaction(TransactionRequest)
2025-07-01 21:48:09 - Using 'application/json', given [*/*] and supported [application/json, application/*+json]
2025-07-01 21:48:09 - Using 'application/json', given [*/*] and supported [application/json, application/*+json]
2025-07-01 21:48:09 - Mapped to com.banking.controller.TransactionController#createTransaction(TransactionRequest)
2025-07-01 21:48:09 - Mapped to com.banking.controller.TransactionController#createTransaction(TransactionRequest)
2025-07-01 21:48:09 - Using 'application/json', given [*/*] and supported [application/json, application/*+json]
2025-07-01 21:48:09 - Writing [{data=com.banking.dto.TransactionResponse@1ffbaad1, success=true, message=交易创建成功}]
2025-07-01 21:48:09 - Writing [{data=com.banking.dto.TransactionResponse@4edca445, success=true, message=交易创建成功}]
2025-07-01 21:48:09 - Writing [{data=com.banking.dto.TransactionResponse@4f09fab1, success=true, message=交易创建成功}]
2025-07-01 21:48:09 - Read "application/json;charset=UTF-8" to [com.banking.dto.TransactionRequest@6bc907a1]
2025-07-01 21:48:09 - Read "application/json;charset=UTF-8" to [com.banking.dto.TransactionRequest@5ba22691]
2025-07-01 21:48:09 - Mapped to com.banking.controller.TransactionController#createTransaction(TransactionRequest)
2025-07-01 21:48:09 - Mapped to com.banking.controller.TransactionController#createTransaction(TransactionRequest)
2025-07-01 21:48:09 - Mapped to com.banking.controller.TransactionController#createTransaction(TransactionRequest)
2025-07-01 21:48:09 - Read "application/json;charset=UTF-8" to [com.banking.dto.TransactionRequest@542ceae4]
2025-07-01 21:48:09 - Read "application/json;charset=UTF-8" to [com.banking.dto.TransactionRequest@3b74d056]
2025-07-01 21:48:09 - Read "application/json;charset=UTF-8" to [com.banking.dto.TransactionRequest@2ae2e052]
2025-07-01 21:48:09 - Mapped to com.banking.controller.TransactionController#createTransaction(TransactionRequest)
2025-07-01 21:48:09 - Mapped to com.banking.controller.TransactionController#createTransaction(TransactionRequest)
2025-07-01 21:48:09 - Using 'application/json', given [*/*] and supported [application/json, application/*+json]
2025-07-01 21:48:09 - Mapped to com.banking.controller.TransactionController#createTransaction(TransactionRequest)
2025-07-01 21:48:09 - Mapped to com.banking.controller.TransactionController#createTransaction(TransactionRequest)
2025-07-01 21:48:09 - Read "application/json;charset=UTF-8" to [com.banking.dto.TransactionRequest@7369e378]
2025-07-01 21:48:09 - Writing [{data=com.banking.dto.TransactionResponse@788f5d22, success=true, message=交易创建成功}]
2025-07-01 21:48:09 - Mapped to com.banking.controller.TransactionController#createTransaction(TransactionRequest)
2025-07-01 21:48:09 - Read "application/json;charset=UTF-8" to [com.banking.dto.TransactionRequest@52c7e178]
2025-07-01 21:48:09 - Read "application/json;charset=UTF-8" to [com.banking.dto.TransactionRequest@7b97ba5f]
2025-07-01 21:48:09 - Mapped to com.banking.controller.TransactionController#createTransaction(TransactionRequest)
2025-07-01 21:48:09 - Mapped to com.banking.controller.TransactionController#createTransaction(TransactionRequest)
2025-07-01 21:48:09 - Using 'application/json', given [*/*] and supported [application/json, application/*+json]
2025-07-01 21:48:09 - Mapped to com.banking.controller.TransactionController#createTransaction(TransactionRequest)
2025-07-01 21:48:09 - Read "application/json;charset=UTF-8" to [com.banking.dto.TransactionRequest@2448571f]
2025-07-01 21:48:09 - Read "application/json;charset=UTF-8" to [com.banking.dto.TransactionRequest@3c18bccd]
2025-07-01 21:48:09 - Writing [{data=com.banking.dto.TransactionResponse@19b8c7ed, success=true, message=交易创建成功}]
2025-07-01 21:48:09 - Mapped to com.banking.controller.TransactionController#createTransaction(TransactionRequest)
2025-07-01 21:48:09 - Mapped to com.banking.controller.TransactionController#createTransaction(TransactionRequest)
2025-07-01 21:48:09 - Read "application/json;charset=UTF-8" to [com.banking.dto.TransactionRequest@4b762a04]
2025-07-01 21:48:09 - Read "application/json;charset=UTF-8" to [com.banking.dto.TransactionRequest@26aafa23]
2025-07-01 21:48:09 - Mapped to com.banking.controller.TransactionController#createTransaction(TransactionRequest)
2025-07-01 21:48:09 - Mapped to com.banking.controller.TransactionController#createTransaction(TransactionRequest)
2025-07-01 21:48:09 - Read "application/json;charset=UTF-8" to [com.banking.dto.TransactionRequest@3174bcd5]
2025-07-01 21:48:09 - Read "application/json;charset=UTF-8" to [com.banking.dto.TransactionRequest@23505540]
2025-07-01 21:48:09 - Read "application/json;charset=UTF-8" to [com.banking.dto.TransactionRequest@1e61f287]
2025-07-01 21:48:09 - Mapped to com.banking.controller.TransactionController#createTransaction(TransactionRequest)
2025-07-01 21:48:09 - Using 'application/json', given [*/*] and supported [application/json, application/*+json]
2025-07-01 21:48:09 - Writing [{data=com.banking.dto.TransactionResponse@22b9a09, success=true, message=交易创建成功}]
2025-07-01 21:48:09 - Read "application/json;charset=UTF-8" to [com.banking.dto.TransactionRequest@3829b970]
2025-07-01 21:48:09 - Read "application/json;charset=UTF-8" to [com.banking.dto.TransactionRequest@7da8a1d1]
2025-07-01 21:48:09 - Mapped to com.banking.controller.TransactionController#createTransaction(TransactionRequest)
2025-07-01 21:48:09 - Mapped to com.banking.controller.TransactionController#createTransaction(TransactionRequest)
2025-07-01 21:48:09 - Using 'application/json', given [*/*] and supported [application/json, application/*+json]
2025-07-01 21:48:09 - Mapped to com.banking.controller.TransactionController#createTransaction(TransactionRequest)
2025-07-01 21:48:09 - Read "application/json;charset=UTF-8" to [com.banking.dto.TransactionRequest@45959a44]
2025-07-01 21:48:09 - Writing [{data=com.banking.dto.TransactionResponse@7030868e, success=true, message=交易创建成功}]
2025-07-01 21:48:09 - Read "application/json;charset=UTF-8" to [com.banking.dto.TransactionRequest@69263b9d]
2025-07-01 21:48:09 - Read "application/json;charset=UTF-8" to [com.banking.dto.TransactionRequest@63caf646]
2025-07-01 21:48:09 - Read "application/json;charset=UTF-8" to [com.banking.dto.TransactionRequest@40e1829b]
2025-07-01 21:48:09 - Read "application/json;charset=UTF-8" to [com.banking.dto.TransactionRequest@4bf83eb9]
2025-07-01 21:48:09 - Using 'application/json', given [*/*] and supported [application/json, application/*+json]
2025-07-01 21:48:09 - Mapped to com.banking.controller.TransactionController#createTransaction(TransactionRequest)
2025-07-01 21:48:09 - Writing [{data=com.banking.dto.TransactionResponse@75effc71, success=true, message=交易创建成功}]
2025-07-01 21:48:09 - Using 'application/json', given [*/*] and supported [application/json, application/*+json]
2025-07-01 21:48:09 - Using 'application/json', given [*/*] and supported [application/json, application/*+json]
2025-07-01 21:48:09 - Using 'application/json', given [*/*] and supported [application/json, application/*+json]
2025-07-01 21:48:09 - Writing [{data=com.banking.dto.TransactionResponse@454c6f6a, success=true, message=交易创建成功}]
2025-07-01 21:48:09 - Writing [{data=com.banking.dto.TransactionResponse@4202e534, success=true, message=交易创建成功}]
2025-07-01 21:48:09 - Writing [{data=com.banking.dto.TransactionResponse@15474c9f, success=true, message=交易创建成功}]
2025-07-01 21:48:09 - Using 'application/json', given [*/*] and supported [application/json, application/*+json]
2025-07-01 21:48:09 - Read "application/json;charset=UTF-8" to [com.banking.dto.TransactionRequest@19b14487]
2025-07-01 21:48:09 - Using 'application/json', given [*/*] and supported [application/json, application/*+json]
2025-07-01 21:48:09 - Using 'application/json', given [*/*] and supported [application/json, application/*+json]
2025-07-01 21:48:09 - Writing [{data=com.banking.dto.TransactionResponse@36b1435c, success=true, message=交易创建成功}]
2025-07-01 21:48:09 - Mapped to com.banking.controller.TransactionController#createTransaction(TransactionRequest)
2025-07-01 21:48:09 - Mapped to com.banking.controller.TransactionController#createTransaction(TransactionRequest)
2025-07-01 21:48:09 - Writing [{data=com.banking.dto.TransactionResponse@4cb28e03, success=true, message=交易创建成功}]
2025-07-01 21:48:09 - Writing [{data=com.banking.dto.TransactionResponse@4b65aa50, success=true, message=交易创建成功}]
2025-07-01 21:48:09 - Mapped to com.banking.controller.TransactionController#createTransaction(TransactionRequest)
2025-07-01 21:48:09 - Using 'application/json', given [*/*] and supported [application/json, application/*+json]
2025-07-01 21:48:09 - Writing [{data=com.banking.dto.TransactionResponse@5df64f4f, success=true, message=交易创建成功}]
2025-07-01 21:48:09 - Read "application/json;charset=UTF-8" to [com.banking.dto.TransactionRequest@5790c792]
2025-07-01 21:48:09 - Read "application/json;charset=UTF-8" to [com.banking.dto.TransactionRequest@43fc7ffd]
2025-07-01 21:48:09 - Read "application/json;charset=UTF-8" to [com.banking.dto.TransactionRequest@44bbe5d1]
2025-07-01 21:48:09 - Mapped to com.banking.controller.TransactionController#createTransaction(TransactionRequest)
2025-07-01 21:48:09 - Mapped to com.banking.controller.TransactionController#createTransaction(TransactionRequest)
2025-07-01 21:48:09 - Mapped to com.banking.controller.TransactionController#createTransaction(TransactionRequest)
2025-07-01 21:48:09 - Mapped to com.banking.controller.TransactionController#createTransaction(TransactionRequest)
2025-07-01 21:48:09 - Mapped to com.banking.controller.TransactionController#createTransaction(TransactionRequest)
2025-07-01 21:48:09 - Mapped to com.banking.controller.TransactionController#createTransaction(TransactionRequest)
2025-07-01 21:48:09 - Mapped to com.banking.controller.TransactionController#createTransaction(TransactionRequest)
2025-07-01 21:48:09 - Using 'application/json', given [*/*] and supported [application/json, application/*+json]
2025-07-01 21:48:09 - Writing [{data=com.banking.dto.TransactionResponse@14351ec0, success=true, message=交易创建成功}]
2025-07-01 21:48:09 - Read "application/json;charset=UTF-8" to [com.banking.dto.TransactionRequest@745dbc7d]
2025-07-01 21:48:09 - Read "application/json;charset=UTF-8" to [com.banking.dto.TransactionRequest@47bc9d3b]
2025-07-01 21:48:09 - Mapped to com.banking.controller.TransactionController#createTransaction(TransactionRequest)
2025-07-01 21:48:09 - Mapped to com.banking.controller.TransactionController#createTransaction(TransactionRequest)
2025-07-01 21:48:09 - Read "application/json;charset=UTF-8" to [com.banking.dto.TransactionRequest@668d0a0c]
2025-07-01 21:48:09 - Using 'application/json', given [*/*] and supported [application/json, application/*+json]
2025-07-01 21:48:09 - Read "application/json;charset=UTF-8" to [com.banking.dto.TransactionRequest@77e2b74b]
2025-07-01 21:48:09 - Mapped to com.banking.controller.TransactionController#createTransaction(TransactionRequest)
2025-07-01 21:48:09 - Read "application/json;charset=UTF-8" to [com.banking.dto.TransactionRequest@1da6709f]
2025-07-01 21:48:09 - Read "application/json;charset=UTF-8" to [com.banking.dto.TransactionRequest@626e4583]
2025-07-01 21:48:09 - Writing [{data=com.banking.dto.TransactionResponse@45fb5dda, success=true, message=交易创建成功}]
2025-07-01 21:48:09 - Read "application/json;charset=UTF-8" to [com.banking.dto.TransactionRequest@433410f7]
2025-07-01 21:48:09 - Read "application/json;charset=UTF-8" to [com.banking.dto.TransactionRequest@24fa825d]
2025-07-01 21:48:09 - Read "application/json;charset=UTF-8" to [com.banking.dto.TransactionRequest@331039e4]
2025-07-01 21:48:09 - Read "application/json;charset=UTF-8" to [com.banking.dto.TransactionRequest@40fc4520]
2025-07-01 21:48:09 - Using 'application/json', given [*/*] and supported [application/json, application/*+json]
2025-07-01 21:48:09 - Using 'application/json', given [*/*] and supported [application/json, application/*+json]
2025-07-01 21:48:09 - Writing [{data=com.banking.dto.TransactionResponse@66bc05, success=true, message=交易创建成功}]
2025-07-01 21:48:09 - Using 'application/json', given [*/*] and supported [application/json, application/*+json]
2025-07-01 21:48:09 - Writing [{data=com.banking.dto.TransactionResponse@19c923f5, success=true, message=交易创建成功}]
2025-07-01 21:48:09 - Writing [{data=com.banking.dto.TransactionResponse@655794af, success=true, message=交易创建成功}]
2025-07-01 21:48:09 - Using 'application/json', given [*/*] and supported [application/json, application/*+json]
2025-07-01 21:48:09 - Using 'application/json', given [*/*] and supported [application/json, application/*+json]
2025-07-01 21:48:09 - Using 'application/json', given [*/*] and supported [application/json, application/*+json]
2025-07-01 21:48:09 - Writing [{data=com.banking.dto.TransactionResponse@52439f87, success=true, message=交易创建成功}]
2025-07-01 21:48:09 - Writing [{data=com.banking.dto.TransactionResponse@5c53e860, success=true, message=交易创建成功}]
2025-07-01 21:48:09 - Writing [{data=com.banking.dto.TransactionResponse@75409437, success=true, message=交易创建成功}]
2025-07-01 21:48:09 - Using 'application/json', given [*/*] and supported [application/json, application/*+json]
2025-07-01 21:48:09 - Using 'application/json', given [*/*] and supported [application/json, application/*+json]
2025-07-01 21:48:09 - Writing [{data=com.banking.dto.TransactionResponse@13b99cab, success=true, message=交易创建成功}]
2025-07-01 21:48:09 - Writing [{data=com.banking.dto.TransactionResponse@d694055, success=true, message=交易创建成功}]
2025-07-01 21:48:09 - Mapped to com.banking.controller.TransactionController#createTransaction(TransactionRequest)
2025-07-01 21:48:09 - Using 'application/json', given [*/*] and supported [application/json, application/*+json]
2025-07-01 21:48:09 - Writing [{data=com.banking.dto.TransactionResponse@ed970ce, success=true, message=交易创建成功}]
2025-07-01 21:48:09 - Mapped to com.banking.controller.TransactionController#createTransaction(TransactionRequest)
2025-07-01 21:48:09 - Mapped to com.banking.controller.TransactionController#createTransaction(TransactionRequest)
2025-07-01 21:48:09 - Read "application/json;charset=UTF-8" to [com.banking.dto.TransactionRequest@5193249c]
2025-07-01 21:48:09 - Mapped to com.banking.controller.TransactionController#createTransaction(TransactionRequest)
2025-07-01 21:48:09 - Read "application/json;charset=UTF-8" to [com.banking.dto.TransactionRequest@3762dbf0]
2025-07-01 21:48:09 - Read "application/json;charset=UTF-8" to [com.banking.dto.TransactionRequest@56423ca3]
2025-07-01 21:48:09 - Using 'application/json', given [*/*] and supported [application/json, application/*+json]
2025-07-01 21:48:09 - Mapped to com.banking.controller.TransactionController#createTransaction(TransactionRequest)
2025-07-01 21:48:09 - Writing [{data=com.banking.dto.TransactionResponse@dbdfbf0, success=true, message=交易创建成功}]
2025-07-01 21:48:09 - Mapped to com.banking.controller.TransactionController#createTransaction(TransactionRequest)
2025-07-01 21:48:09 - Mapped to com.banking.controller.TransactionController#createTransaction(TransactionRequest)
2025-07-01 21:48:09 - Mapped to com.banking.controller.TransactionController#createTransaction(TransactionRequest)
2025-07-01 21:48:09 - Read "application/json;charset=UTF-8" to [com.banking.dto.TransactionRequest@73b4e4c1]
2025-07-01 21:48:09 - Mapped to com.banking.controller.TransactionController#createTransaction(TransactionRequest)
2025-07-01 21:48:09 - Mapped to com.banking.controller.TransactionController#createTransaction(TransactionRequest)
2025-07-01 21:48:09 - Read "application/json;charset=UTF-8" to [com.banking.dto.TransactionRequest@241079d1]
2025-07-01 21:48:09 - Read "application/json;charset=UTF-8" to [com.banking.dto.TransactionRequest@1a6ad7ee]
2025-07-01 21:48:09 - Read "application/json;charset=UTF-8" to [com.banking.dto.TransactionRequest@468596a6]
2025-07-01 21:48:09 - Mapped to com.banking.controller.TransactionController#createTransaction(TransactionRequest)
2025-07-01 21:48:09 - Mapped to com.banking.controller.TransactionController#createTransaction(TransactionRequest)
2025-07-01 21:48:09 - Using 'application/json', given [*/*] and supported [application/json, application/*+json]
2025-07-01 21:48:09 - Mapped to com.banking.controller.TransactionController#createTransaction(TransactionRequest)
2025-07-01 21:48:09 - Writing [{data=com.banking.dto.TransactionResponse@1a98fa3f, success=true, message=交易创建成功}]
2025-07-01 21:48:09 - Mapped to com.banking.controller.TransactionController#createTransaction(TransactionRequest)
2025-07-01 21:48:09 - Using 'application/json', given [*/*] and supported [application/json, application/*+json]
2025-07-01 21:48:09 - Writing [{data=com.banking.dto.TransactionResponse@61b126e0, success=true, message=交易创建成功}]
2025-07-01 21:48:09 - Read "application/json;charset=UTF-8" to [com.banking.dto.TransactionRequest@21daf93d]
2025-07-01 21:48:09 - Using 'application/json', given [*/*] and supported [application/json, application/*+json]
2025-07-01 21:48:09 - Read "application/json;charset=UTF-8" to [com.banking.dto.TransactionRequest@3e16fb94]
2025-07-01 21:48:09 - Writing [{data=com.banking.dto.TransactionResponse@45aea012, success=true, message=交易创建成功}]
2025-07-01 21:48:09 - Read "application/json;charset=UTF-8" to [com.banking.dto.TransactionRequest@238cdebf]
2025-07-01 21:48:09 - Mapped to com.banking.controller.TransactionController#createTransaction(TransactionRequest)
2025-07-01 21:48:09 - Read "application/json;charset=UTF-8" to [com.banking.dto.TransactionRequest@63f94b9e]
2025-07-01 21:48:09 - Using 'application/json', given [*/*] and supported [application/json, application/*+json]
2025-07-01 21:48:09 - Using 'application/json', given [*/*] and supported [application/json, application/*+json]
2025-07-01 21:48:09 - Writing [{data=com.banking.dto.TransactionResponse@71584f7c, success=true, message=交易创建成功}]
2025-07-01 21:48:09 - Using 'application/json', given [*/*] and supported [application/json, application/*+json]
2025-07-01 21:48:09 - Writing [{data=com.banking.dto.TransactionResponse@4ed91ff6, success=true, message=交易创建成功}]
2025-07-01 21:48:09 - Writing [{data=com.banking.dto.TransactionResponse@2654e30f, success=true, message=交易创建成功}]
2025-07-01 21:48:09 - Read "application/json;charset=UTF-8" to [com.banking.dto.TransactionRequest@74963780]
2025-07-01 21:48:09 - Read "application/json;charset=UTF-8" to [com.banking.dto.TransactionRequest@7e966bea]
2025-07-01 21:48:09 - Mapped to com.banking.controller.TransactionController#createTransaction(TransactionRequest)
2025-07-01 21:48:09 - Read "application/json;charset=UTF-8" to [com.banking.dto.TransactionRequest@5fcc4df3]
2025-07-01 21:48:09 - Using 'application/json', given [*/*] and supported [application/json, application/*+json]
2025-07-01 21:48:09 - Read "application/json;charset=UTF-8" to [com.banking.dto.TransactionRequest@53ba0e0d]
2025-07-01 21:48:09 - Using 'application/json', given [*/*] and supported [application/json, application/*+json]
2025-07-01 21:48:09 - Writing [{data=com.banking.dto.TransactionResponse@738d384b, success=true, message=交易创建成功}]
2025-07-01 21:48:09 - Writing [{data=com.banking.dto.TransactionResponse@416c623c, success=true, message=交易创建成功}]
2025-07-01 21:48:09 - Using 'application/json', given [*/*] and supported [application/json, application/*+json]
2025-07-01 21:48:09 - Read "application/json;charset=UTF-8" to [com.banking.dto.TransactionRequest@14466395]
2025-07-01 21:48:09 - Using 'application/json', given [*/*] and supported [application/json, application/*+json]
2025-07-01 21:48:09 - Writing [{data=com.banking.dto.TransactionResponse@25094163, success=true, message=交易创建成功}]
2025-07-01 21:48:09 - Writing [{data=com.banking.dto.TransactionResponse@237e1716, success=true, message=交易创建成功}]
2025-07-01 21:48:09 - Mapped to com.banking.controller.TransactionController#createTransaction(TransactionRequest)
2025-07-01 21:48:09 - Mapped to com.banking.controller.TransactionController#createTransaction(TransactionRequest)
2025-07-01 21:48:09 - Mapped to com.banking.controller.TransactionController#createTransaction(TransactionRequest)
2025-07-01 21:48:09 - Mapped to com.banking.controller.TransactionController#createTransaction(TransactionRequest)
2025-07-01 21:48:09 - Mapped to com.banking.controller.TransactionController#createTransaction(TransactionRequest)
2025-07-01 21:48:09 - Mapped to com.banking.controller.TransactionController#createTransaction(TransactionRequest)
2025-07-01 21:48:09 - Mapped to com.banking.controller.TransactionController#createTransaction(TransactionRequest)
2025-07-01 21:48:09 - Mapped to com.banking.controller.TransactionController#createTransaction(TransactionRequest)
2025-07-01 21:48:09 - Read "application/json;charset=UTF-8" to [com.banking.dto.TransactionRequest@69abd777]
2025-07-01 21:48:09 - Read "application/json;charset=UTF-8" to [com.banking.dto.TransactionRequest@1bda1b0f]
2025-07-01 21:48:09 - Read "application/json;charset=UTF-8" to [com.banking.dto.TransactionRequest@7332fa13]
2025-07-01 21:48:09 - Read "application/json;charset=UTF-8" to [com.banking.dto.TransactionRequest@3c1319bb]
2025-07-01 21:48:09 - Read "application/json;charset=UTF-8" to [com.banking.dto.TransactionRequest@3522a692]
2025-07-01 21:48:09 - Read "application/json;charset=UTF-8" to [com.banking.dto.TransactionRequest@490ccd86]
2025-07-01 21:48:09 - Mapped to com.banking.controller.TransactionController#createTransaction(TransactionRequest)
2025-07-01 21:48:09 - Mapped to com.banking.controller.TransactionController#createTransaction(TransactionRequest)
2025-07-01 21:48:09 - Read "application/json;charset=UTF-8" to [com.banking.dto.TransactionRequest@10d8e8c]
2025-07-01 21:48:09 - Read "application/json;charset=UTF-8" to [com.banking.dto.TransactionRequest@66544ecb]
2025-07-01 21:48:09 - Mapped to com.banking.controller.TransactionController#createTransaction(TransactionRequest)
2025-07-01 21:48:09 - Mapped to com.banking.controller.TransactionController#createTransaction(TransactionRequest)
2025-07-01 21:48:09 - Read "application/json;charset=UTF-8" to [com.banking.dto.TransactionRequest@173bd06b]
2025-07-01 21:48:09 - Read "application/json;charset=UTF-8" to [com.banking.dto.TransactionRequest@3477deba]
2025-07-01 21:48:09 - Read "application/json;charset=UTF-8" to [com.banking.dto.TransactionRequest@64c3031f]
2025-07-01 21:48:09 - Mapped to com.banking.controller.TransactionController#createTransaction(TransactionRequest)
2025-07-01 21:48:09 - Read "application/json;charset=UTF-8" to [com.banking.dto.TransactionRequest@438bd0a]
2025-07-01 21:48:09 - Mapped to com.banking.controller.TransactionController#createTransaction(TransactionRequest)
2025-07-01 21:48:09 - Mapped to com.banking.controller.TransactionController#createTransaction(TransactionRequest)
2025-07-01 21:48:09 - Mapped to com.banking.controller.TransactionController#createTransaction(TransactionRequest)
2025-07-01 21:48:09 - Mapped to com.banking.controller.TransactionController#createTransaction(TransactionRequest)
2025-07-01 21:48:09 - Read "application/json;charset=UTF-8" to [com.banking.dto.TransactionRequest@6531f02d]
2025-07-01 21:48:09 - Mapped to com.banking.controller.TransactionController#createTransaction(TransactionRequest)
2025-07-01 21:48:09 - Read "application/json;charset=UTF-8" to [com.banking.dto.TransactionRequest@4cbab957]
2025-07-01 21:48:09 - Using 'application/json', given [*/*] and supported [application/json, application/*+json]
2025-07-01 21:48:09 - Read "application/json;charset=UTF-8" to [com.banking.dto.TransactionRequest@7b091b8]
2025-07-01 21:48:09 - Read "application/json;charset=UTF-8" to [com.banking.dto.TransactionRequest@25c07983]
2025-07-01 21:48:09 - Writing [{data=com.banking.dto.TransactionResponse@60a1376e, success=true, message=交易创建成功}]
2025-07-01 21:48:09 - Read "application/json;charset=UTF-8" to [com.banking.dto.TransactionRequest@122e5a8b]
2025-07-01 21:48:09 - Using 'application/json', given [*/*] and supported [application/json, application/*+json]
2025-07-01 21:48:09 - Read "application/json;charset=UTF-8" to [com.banking.dto.TransactionRequest@5c7d3276]
2025-07-01 21:48:09 - Using 'application/json', given [*/*] and supported [application/json, application/*+json]
2025-07-01 21:48:09 - Writing [{data=com.banking.dto.TransactionResponse@5657d597, success=true, message=交易创建成功}]
2025-07-01 21:48:09 - Using 'application/json', given [*/*] and supported [application/json, application/*+json]
2025-07-01 21:48:09 - Using 'application/json', given [*/*] and supported [application/json, application/*+json]
2025-07-01 21:48:09 - Mapped to com.banking.controller.TransactionController#createTransaction(TransactionRequest)
2025-07-01 21:48:09 - Writing [{data=com.banking.dto.TransactionResponse@24061c33, success=true, message=交易创建成功}]
2025-07-01 21:48:09 - Writing [{data=com.banking.dto.TransactionResponse@121753b7, success=true, message=交易创建成功}]
2025-07-01 21:48:09 - Using 'application/json', given [*/*] and supported [application/json, application/*+json]
2025-07-01 21:48:09 - Using 'application/json', given [*/*] and supported [application/json, application/*+json]
2025-07-01 21:48:09 - Writing [{data=com.banking.dto.TransactionResponse@b47493b, success=true, message=交易创建成功}]
2025-07-01 21:48:09 - Writing [{data=com.banking.dto.TransactionResponse@5f1308d8, success=true, message=交易创建成功}]
2025-07-01 21:48:09 - Using 'application/json', given [*/*] and supported [application/json, application/*+json]
2025-07-01 21:48:09 - Writing [{data=com.banking.dto.TransactionResponse@5998df1b, success=true, message=交易创建成功}]
2025-07-01 21:48:09 - Writing [{data=com.banking.dto.TransactionResponse@3c17b5f8, success=true, message=交易创建成功}]
2025-07-01 21:48:09 - Read "application/json;charset=UTF-8" to [com.banking.dto.TransactionRequest@76654515]
2025-07-01 21:48:09 - Using 'application/json', given [*/*] and supported [application/json, application/*+json]
2025-07-01 21:48:09 - Using 'application/json', given [*/*] and supported [application/json, application/*+json]
2025-07-01 21:48:09 - Writing [{data=com.banking.dto.TransactionResponse@9629f39, success=true, message=交易创建成功}]
2025-07-01 21:48:09 - Writing [{data=com.banking.dto.TransactionResponse@34e60d50, success=true, message=交易创建成功}]
2025-07-01 21:48:09 - Mapped to com.banking.controller.TransactionController#createTransaction(TransactionRequest)
2025-07-01 21:48:09 - Mapped to com.banking.controller.TransactionController#createTransaction(TransactionRequest)
2025-07-01 21:48:09 - Mapped to com.banking.controller.TransactionController#createTransaction(TransactionRequest)
2025-07-01 21:48:09 - Mapped to com.banking.controller.TransactionController#createTransaction(TransactionRequest)
2025-07-01 21:48:09 - Read "application/json;charset=UTF-8" to [com.banking.dto.TransactionRequest@4c36293a]
2025-07-01 21:48:09 - Read "application/json;charset=UTF-8" to [com.banking.dto.TransactionRequest@4989700b]
2025-07-01 21:48:09 - Read "application/json;charset=UTF-8" to [com.banking.dto.TransactionRequest@67a411be]
2025-07-01 21:48:09 - Using 'application/json', given [*/*] and supported [application/json, application/*+json]
2025-07-01 21:48:09 - Writing [{data=com.banking.dto.TransactionResponse@43c54f3b, success=true, message=交易创建成功}]
2025-07-01 21:48:09 - Read "application/json;charset=UTF-8" to [com.banking.dto.TransactionRequest@31166418]
2025-07-01 21:48:09 - Using 'application/json', given [*/*] and supported [application/json, application/*+json]
2025-07-01 21:48:09 - Using 'application/json', given [*/*] and supported [application/json, application/*+json]
2025-07-01 21:48:09 - Mapped to com.banking.controller.TransactionController#createTransaction(TransactionRequest)
2025-07-01 21:48:09 - Mapped to com.banking.controller.TransactionController#createTransaction(TransactionRequest)
2025-07-01 21:48:09 - Mapped to com.banking.controller.TransactionController#createTransaction(TransactionRequest)
2025-07-01 21:48:09 - Writing [{data=com.banking.dto.TransactionResponse@68d9bb7d, success=true, message=交易创建成功}]
2025-07-01 21:48:09 - Using 'application/json', given [*/*] and supported [application/json, application/*+json]
2025-07-01 21:48:09 - Mapped to com.banking.controller.TransactionController#createTransaction(TransactionRequest)
2025-07-01 21:48:09 - Mapped to com.banking.controller.TransactionController#createTransaction(TransactionRequest)
2025-07-01 21:48:09 - Writing [{data=com.banking.dto.TransactionResponse@715e01ba, success=true, message=交易创建成功}]
2025-07-01 21:48:09 - Writing [{data=com.banking.dto.TransactionResponse@7a754147, success=true, message=交易创建成功}]
2025-07-01 21:48:09 - Mapped to com.banking.controller.TransactionController#createTransaction(TransactionRequest)
2025-07-01 21:48:09 - Using 'application/json', given [*/*] and supported [application/json, application/*+json]
2025-07-01 21:48:09 - Writing [{data=com.banking.dto.TransactionResponse@1bda9436, success=true, message=交易创建成功}]
2025-07-01 21:48:09 - Using 'application/json', given [*/*] and supported [application/json, application/*+json]
2025-07-01 21:48:09 - Read "application/json;charset=UTF-8" to [com.banking.dto.TransactionRequest@33c40892]
2025-07-01 21:48:09 - Read "application/json;charset=UTF-8" to [com.banking.dto.TransactionRequest@171a023]
2025-07-01 21:48:09 - Read "application/json;charset=UTF-8" to [com.banking.dto.TransactionRequest@7cca40d9]
2025-07-01 21:48:09 - Read "application/json;charset=UTF-8" to [com.banking.dto.TransactionRequest@545dfd7a]
2025-07-01 21:48:09 - Read "application/json;charset=UTF-8" to [com.banking.dto.TransactionRequest@29847396]
2025-07-01 21:48:09 - Using 'application/json', given [*/*] and supported [application/json, application/*+json]
2025-07-01 21:48:09 - Read "application/json;charset=UTF-8" to [com.banking.dto.TransactionRequest@4d002a1a]
2025-07-01 21:48:09 - Writing [{data=com.banking.dto.TransactionResponse@39cf68b3, success=true, message=交易创建成功}]
2025-07-01 21:48:09 - Writing [{data=com.banking.dto.TransactionResponse@11595e1c, success=true, message=交易创建成功}]
2025-07-01 21:48:09 - Using 'application/json', given [*/*] and supported [application/json, application/*+json]
2025-07-01 21:48:09 - Writing [{data=com.banking.dto.TransactionResponse@67b1589a, success=true, message=交易创建成功}]
2025-07-01 21:48:09 - Using 'application/json', given [*/*] and supported [application/json, application/*+json]
2025-07-01 21:48:09 - Writing [{data=com.banking.dto.TransactionResponse@38c59366, success=true, message=交易创建成功}]
2025-07-01 21:48:09 - Mapped to com.banking.controller.TransactionController#createTransaction(TransactionRequest)
2025-07-01 21:48:09 - Mapped to com.banking.controller.TransactionController#createTransaction(TransactionRequest)
2025-07-01 21:48:09 - Read "application/json;charset=UTF-8" to [com.banking.dto.TransactionRequest@3c2f1e06]
2025-07-01 21:48:09 - Read "application/json;charset=UTF-8" to [com.banking.dto.TransactionRequest@188333b4]
2025-07-01 21:48:09 - Using 'application/json', given [*/*] and supported [application/json, application/*+json]
2025-07-01 21:48:09 - Writing [{data=com.banking.dto.TransactionResponse@39a7405a, success=true, message=交易创建成功}]
2025-07-01 21:48:09 - Mapped to com.banking.controller.TransactionController#createTransaction(TransactionRequest)
2025-07-01 21:48:09 - Mapped to com.banking.controller.TransactionController#createTransaction(TransactionRequest)
2025-07-01 21:48:09 - Mapped to com.banking.controller.TransactionController#createTransaction(TransactionRequest)
2025-07-01 21:48:09 - Mapped to com.banking.controller.TransactionController#createTransaction(TransactionRequest)
2025-07-01 21:48:09 - Mapped to com.banking.controller.TransactionController#createTransaction(TransactionRequest)
2025-07-01 21:48:09 - Mapped to com.banking.controller.TransactionController#createTransaction(TransactionRequest)
2025-07-01 21:48:09 - Using 'application/json', given [*/*] and supported [application/json, application/*+json]
2025-07-01 21:48:09 - Read "application/json;charset=UTF-8" to [com.banking.dto.TransactionRequest@200216de]
2025-07-01 21:48:09 - Read "application/json;charset=UTF-8" to [com.banking.dto.TransactionRequest@d6091b9]
2025-07-01 21:48:09 - Using 'application/json', given [*/*] and supported [application/json, application/*+json]
2025-07-01 21:48:09 - Mapped to com.banking.controller.TransactionController#createTransaction(TransactionRequest)
2025-07-01 21:48:09 - Read "application/json;charset=UTF-8" to [com.banking.dto.TransactionRequest@52abf3e6]
2025-07-01 21:48:09 - Writing [{data=com.banking.dto.TransactionResponse@529985ce, success=true, message=交易创建成功}]
2025-07-01 21:48:09 - Using 'application/json', given [*/*] and supported [application/json, application/*+json]
2025-07-01 21:48:09 - Read "application/json;charset=UTF-8" to [com.banking.dto.TransactionRequest@618e3e51]
2025-07-01 21:48:09 - Writing [{data=com.banking.dto.TransactionResponse@7ba8416, success=true, message=交易创建成功}]
2025-07-01 21:48:09 - Read "application/json;charset=UTF-8" to [com.banking.dto.TransactionRequest@1590b25c]
2025-07-01 21:48:09 - Using 'application/json', given [*/*] and supported [application/json, application/*+json]
2025-07-01 21:48:09 - Writing [{data=com.banking.dto.TransactionResponse@4e2d650b, success=true, message=交易创建成功}]
2025-07-01 21:48:09 - Read "application/json;charset=UTF-8" to [com.banking.dto.TransactionRequest@4dbc758]
2025-07-01 21:48:09 - Using 'application/json', given [*/*] and supported [application/json, application/*+json]
2025-07-01 21:48:09 - Writing [{data=com.banking.dto.TransactionResponse@63ce67c0, success=true, message=交易创建成功}]
2025-07-01 21:48:09 - Mapped to com.banking.controller.TransactionController#createTransaction(TransactionRequest)
2025-07-01 21:48:09 - Using 'application/json', given [*/*] and supported [application/json, application/*+json]
2025-07-01 21:48:09 - Writing [{data=com.banking.dto.TransactionResponse@56f51d53, success=true, message=交易创建成功}]
2025-07-01 21:48:09 - Writing [{data=com.banking.dto.TransactionResponse@3a2bf259, success=true, message=交易创建成功}]
2025-07-01 21:48:09 - Read "application/json;charset=UTF-8" to [com.banking.dto.TransactionRequest@6c35d606]
2025-07-01 21:48:09 - Mapped to com.banking.controller.TransactionController#createTransaction(TransactionRequest)
2025-07-01 21:48:09 - Read "application/json;charset=UTF-8" to [com.banking.dto.TransactionRequest@62244e43]
2025-07-01 21:48:09 - Using 'application/json', given [*/*] and supported [application/json, application/*+json]
2025-07-01 21:48:09 - Using 'application/json', given [*/*] and supported [application/json, application/*+json]
2025-07-01 21:48:09 - Writing [{data=com.banking.dto.TransactionResponse@7fddca0b, success=true, message=交易创建成功}]
2025-07-01 21:48:09 - Using 'application/json', given [*/*] and supported [application/json, application/*+json]
2025-07-01 21:48:09 - Writing [{data=com.banking.dto.TransactionResponse@29750241, success=true, message=交易创建成功}]
2025-07-01 21:48:09 - Writing [{data=com.banking.dto.TransactionResponse@594f6682, success=true, message=交易创建成功}]
2025-07-01 21:48:09 - Read "application/json;charset=UTF-8" to [com.banking.dto.TransactionRequest@2dacece5]
2025-07-01 21:48:09 - Mapped to com.banking.controller.TransactionController#createTransaction(TransactionRequest)
2025-07-01 21:48:09 - Mapped to com.banking.controller.TransactionController#createTransaction(TransactionRequest)
2025-07-01 21:48:09 - Mapped to com.banking.controller.TransactionController#createTransaction(TransactionRequest)
2025-07-01 21:48:09 - Mapped to com.banking.controller.TransactionController#createTransaction(TransactionRequest)
2025-07-01 21:48:09 - Read "application/json;charset=UTF-8" to [com.banking.dto.TransactionRequest@536ede0b]
2025-07-01 21:48:09 - Read "application/json;charset=UTF-8" to [com.banking.dto.TransactionRequest@27d65aeb]
2025-07-01 21:48:09 - Read "application/json;charset=UTF-8" to [com.banking.dto.TransactionRequest@67b04aeb]
2025-07-01 21:48:09 - Read "application/json;charset=UTF-8" to [com.banking.dto.TransactionRequest@3e167635]
2025-07-01 21:48:09 - Using 'application/json', given [*/*] and supported [application/json, application/*+json]
2025-07-01 21:48:09 - Mapped to com.banking.controller.TransactionController#createTransaction(TransactionRequest)
2025-07-01 21:48:09 - Mapped to com.banking.controller.TransactionController#createTransaction(TransactionRequest)
2025-07-01 21:48:09 - Mapped to com.banking.controller.TransactionController#createTransaction(TransactionRequest)
2025-07-01 21:48:09 - Writing [{data=com.banking.dto.TransactionResponse@2bb2e09b, success=true, message=交易创建成功}]
2025-07-01 21:48:09 - Read "application/json;charset=UTF-8" to [com.banking.dto.TransactionRequest@4ee078e7]
2025-07-01 21:48:09 - Mapped to com.banking.controller.TransactionController#createTransaction(TransactionRequest)
2025-07-01 21:48:09 - Read "application/json;charset=UTF-8" to [com.banking.dto.TransactionRequest@4c4d9736]
2025-07-01 21:48:09 - Mapped to com.banking.controller.TransactionController#createTransaction(TransactionRequest)
2025-07-01 21:48:09 - Read "application/json;charset=UTF-8" to [com.banking.dto.TransactionRequest@76ed6ee6]
2025-07-01 21:48:09 - Using 'application/json', given [*/*] and supported [application/json, application/*+json]
2025-07-01 21:48:09 - Using 'application/json', given [*/*] and supported [application/json, application/*+json]
2025-07-01 21:48:09 - Writing [{data=com.banking.dto.TransactionResponse@2bb84eb4, success=true, message=交易创建成功}]
2025-07-01 21:48:09 - Writing [{data=com.banking.dto.TransactionResponse@5e87e2cc, success=true, message=交易创建成功}]
2025-07-01 21:48:09 - Using 'application/json', given [*/*] and supported [application/json, application/*+json]
2025-07-01 21:48:09 - Read "application/json;charset=UTF-8" to [com.banking.dto.TransactionRequest@3abf1ed3]
2025-07-01 21:48:09 - Writing [{data=com.banking.dto.TransactionResponse@256d50b8, success=true, message=交易创建成功}]
2025-07-01 21:48:09 - Read "application/json;charset=UTF-8" to [com.banking.dto.TransactionRequest@47463f96]
2025-07-01 21:48:09 - Using 'application/json', given [*/*] and supported [application/json, application/*+json]
2025-07-01 21:48:09 - Writing [{data=com.banking.dto.TransactionResponse@2a7f3293, success=true, message=交易创建成功}]
2025-07-01 21:48:09 - Using 'application/json', given [*/*] and supported [application/json, application/*+json]
2025-07-01 21:48:09 - Writing [{data=com.banking.dto.TransactionResponse@44738938, success=true, message=交易创建成功}]
2025-07-01 21:48:09 - Using 'application/json', given [*/*] and supported [application/json, application/*+json]
2025-07-01 21:48:09 - Using 'application/json', given [*/*] and supported [application/json, application/*+json]
2025-07-01 21:48:09 - Using 'application/json', given [*/*] and supported [application/json, application/*+json]
2025-07-01 21:48:09 - Writing [{data=com.banking.dto.TransactionResponse@6323a818, success=true, message=交易创建成功}]
2025-07-01 21:48:09 - Writing [{data=com.banking.dto.TransactionResponse@292edd75, success=true, message=交易创建成功}]
2025-07-01 21:48:09 - Writing [{data=com.banking.dto.TransactionResponse@4281b64c, success=true, message=交易创建成功}]
2025-07-01 21:48:09 - Using 'application/json', given [*/*] and supported [application/json, application/*+json]
2025-07-01 21:48:09 - Writing [{data=com.banking.dto.TransactionResponse@3c725fea, success=true, message=交易创建成功}]
2025-07-01 21:48:09 - Mapped to com.banking.controller.TransactionController#createTransaction(TransactionRequest)
2025-07-01 21:48:09 - Mapped to com.banking.controller.TransactionController#createTransaction(TransactionRequest)
2025-07-01 21:48:09 - Using 'application/json', given [*/*] and supported [application/json, application/*+json]
2025-07-01 21:48:09 - Mapped to com.banking.controller.TransactionController#createTransaction(TransactionRequest)
2025-07-01 21:48:09 - Writing [{data=com.banking.dto.TransactionResponse@22f915cd, success=true, message=交易创建成功}]
2025-07-01 21:48:09 - Mapped to com.banking.controller.TransactionController#createTransaction(TransactionRequest)
2025-07-01 21:48:09 - Mapped to com.banking.controller.TransactionController#createTransaction(TransactionRequest)
2025-07-01 21:48:09 - Read "application/json;charset=UTF-8" to [com.banking.dto.TransactionRequest@2faf91c9]
2025-07-01 21:48:09 - Read "application/json;charset=UTF-8" to [com.banking.dto.TransactionRequest@11267504]
2025-07-01 21:48:09 - Mapped to com.banking.controller.TransactionController#createTransaction(TransactionRequest)
2025-07-01 21:48:09 - Read "application/json;charset=UTF-8" to [com.banking.dto.TransactionRequest@60f67457]
2025-07-01 21:48:09 - Mapped to com.banking.controller.TransactionController#createTransaction(TransactionRequest)
2025-07-01 21:48:09 - Mapped to com.banking.controller.TransactionController#createTransaction(TransactionRequest)
2025-07-01 21:48:09 - Read "application/json;charset=UTF-8" to [com.banking.dto.TransactionRequest@4c89f7d3]
2025-07-01 21:48:09 - Read "application/json;charset=UTF-8" to [com.banking.dto.TransactionRequest@b6488d6]
2025-07-01 21:48:09 - Read "application/json;charset=UTF-8" to [com.banking.dto.TransactionRequest@64d4c918]
2025-07-01 21:48:09 - Using 'application/json', given [*/*] and supported [application/json, application/*+json]
2025-07-01 21:48:09 - Read "application/json;charset=UTF-8" to [com.banking.dto.TransactionRequest@6052dbd6]
2025-07-01 21:48:09 - Read "application/json;charset=UTF-8" to [com.banking.dto.TransactionRequest@75076498]
2025-07-01 21:48:09 - Writing [{data=com.banking.dto.TransactionResponse@c526d6b, success=true, message=交易创建成功}]
2025-07-01 21:48:09 - Mapped to com.banking.controller.TransactionController#createTransaction(TransactionRequest)
2025-07-01 21:48:09 - Mapped to com.banking.controller.TransactionController#createTransaction(TransactionRequest)
2025-07-01 21:48:09 - Using 'application/json', given [*/*] and supported [application/json, application/*+json]
2025-07-01 21:48:09 - Writing [{data=com.banking.dto.TransactionResponse@77bdf0f3, success=true, message=交易创建成功}]
2025-07-01 21:48:09 - Using 'application/json', given [*/*] and supported [application/json, application/*+json]
2025-07-01 21:48:09 - Writing [{data=com.banking.dto.TransactionResponse@4455e778, success=true, message=交易创建成功}]
2025-07-01 21:48:09 - Using 'application/json', given [*/*] and supported [application/json, application/*+json]
2025-07-01 21:48:09 - Using 'application/json', given [*/*] and supported [application/json, application/*+json]
2025-07-01 21:48:09 - Using 'application/json', given [*/*] and supported [application/json, application/*+json]
2025-07-01 21:48:09 - Read "application/json;charset=UTF-8" to [com.banking.dto.TransactionRequest@6d8805a0]
2025-07-01 21:48:09 - Writing [{data=com.banking.dto.TransactionResponse@1cd68cdf, success=true, message=交易创建成功}]
2025-07-01 21:48:09 - Writing [{data=com.banking.dto.TransactionResponse@5b930e56, success=true, message=交易创建成功}]
2025-07-01 21:48:09 - Using 'application/json', given [*/*] and supported [application/json, application/*+json]
2025-07-01 21:48:09 - Writing [{data=com.banking.dto.TransactionResponse@99fbe89, success=true, message=交易创建成功}]
2025-07-01 21:48:09 - Mapped to com.banking.controller.TransactionController#createTransaction(TransactionRequest)
2025-07-01 21:48:09 - Using 'application/json', given [*/*] and supported [application/json, application/*+json]
2025-07-01 21:48:09 - Writing [{data=com.banking.dto.TransactionResponse@566505ab, success=true, message=交易创建成功}]
2025-07-01 21:48:09 - Writing [{data=com.banking.dto.TransactionResponse@1f8baabc, success=true, message=交易创建成功}]
2025-07-01 21:48:09 - Using 'application/json', given [*/*] and supported [application/json, application/*+json]
2025-07-01 21:48:09 - Read "application/json;charset=UTF-8" to [com.banking.dto.TransactionRequest@19a06d1a]
2025-07-01 21:48:09 - Writing [{data=com.banking.dto.TransactionResponse@46aacc00, success=true, message=交易创建成功}]
2025-07-01 21:48:09 - Read "application/json;charset=UTF-8" to [com.banking.dto.TransactionRequest@685688e9]
2025-07-01 21:48:09 - Mapped to com.banking.controller.TransactionController#createTransaction(TransactionRequest)
2025-07-01 21:48:09 - Using 'application/json', given [*/*] and supported [application/json, application/*+json]
2025-07-01 21:48:09 - Writing [{data=com.banking.dto.TransactionResponse@52ac58bd, success=true, message=交易创建成功}]
2025-07-01 21:48:09 - Using 'application/json', given [*/*] and supported [application/json, application/*+json]
2025-07-01 21:48:09 - Read "application/json;charset=UTF-8" to [com.banking.dto.TransactionRequest@6344a8a3]
2025-07-01 21:48:09 - Writing [{data=com.banking.dto.TransactionResponse@58b4db81, success=true, message=交易创建成功}]
2025-07-01 21:48:09 - Mapped to com.banking.controller.TransactionController#createTransaction(TransactionRequest)
2025-07-01 21:48:09 - Mapped to com.banking.controller.TransactionController#createTransaction(TransactionRequest)
2025-07-01 21:48:09 - Mapped to com.banking.controller.TransactionController#createTransaction(TransactionRequest)
2025-07-01 21:48:09 - Mapped to com.banking.controller.TransactionController#createTransaction(TransactionRequest)
2025-07-01 21:48:09 - Mapped to com.banking.controller.TransactionController#createTransaction(TransactionRequest)
2025-07-01 21:48:09 - Mapped to com.banking.controller.TransactionController#createTransaction(TransactionRequest)
2025-07-01 21:48:09 - Mapped to com.banking.controller.TransactionController#createTransaction(TransactionRequest)
2025-07-01 21:48:09 - Mapped to com.banking.controller.TransactionController#createTransaction(TransactionRequest)
2025-07-01 21:48:09 - Read "application/json;charset=UTF-8" to [com.banking.dto.TransactionRequest@e4361a2]
2025-07-01 21:48:09 - Read "application/json;charset=UTF-8" to [com.banking.dto.TransactionRequest@6c1a7c84]
2025-07-01 21:48:09 - Read "application/json;charset=UTF-8" to [com.banking.dto.TransactionRequest@432cc54f]
2025-07-01 21:48:09 - Read "application/json;charset=UTF-8" to [com.banking.dto.TransactionRequest@33b41733]
2025-07-01 21:48:09 - Read "application/json;charset=UTF-8" to [com.banking.dto.TransactionRequest@26c7b0f9]
2025-07-01 21:48:09 - Read "application/json;charset=UTF-8" to [com.banking.dto.TransactionRequest@32f407c9]
2025-07-01 21:48:09 - Read "application/json;charset=UTF-8" to [com.banking.dto.TransactionRequest@7f702621]
2025-07-01 21:48:09 - Read "application/json;charset=UTF-8" to [com.banking.dto.TransactionRequest@5f48fbe6]
2025-07-01 21:48:09 - Using 'application/json', given [*/*] and supported [application/json, application/*+json]
2025-07-01 21:48:09 - Writing [{data=com.banking.dto.TransactionResponse@bdafee0, success=true, message=交易创建成功}]
2025-07-01 21:48:09 - Using 'application/json', given [*/*] and supported [application/json, application/*+json]
2025-07-01 21:48:09 - Using 'application/json', given [*/*] and supported [application/json, application/*+json]
2025-07-01 21:48:09 - Writing [{data=com.banking.dto.TransactionResponse@29a25128, success=true, message=交易创建成功}]
2025-07-01 21:48:09 - Writing [{data=com.banking.dto.TransactionResponse@4ce604a4, success=true, message=交易创建成功}]
2025-07-01 21:48:09 - Using 'application/json', given [*/*] and supported [application/json, application/*+json]
2025-07-01 21:48:09 - Using 'application/json', given [*/*] and supported [application/json, application/*+json]
2025-07-01 21:48:09 - Mapped to com.banking.controller.TransactionController#createTransaction(TransactionRequest)
2025-07-01 21:48:09 - Writing [{data=com.banking.dto.TransactionResponse@90c735d, success=true, message=交易创建成功}]
2025-07-01 21:48:09 - Using 'application/json', given [*/*] and supported [application/json, application/*+json]
2025-07-01 21:48:09 - Writing [{data=com.banking.dto.TransactionResponse@442e8820, success=true, message=交易创建成功}]
2025-07-01 21:48:09 - Writing [{data=com.banking.dto.TransactionResponse@7fe10f83, success=true, message=交易创建成功}]
2025-07-01 21:48:09 - Using 'application/json', given [*/*] and supported [application/json, application/*+json]
2025-07-01 21:48:09 - Writing [{data=com.banking.dto.TransactionResponse@616f70e0, success=true, message=交易创建成功}]
2025-07-01 21:48:09 - Read "application/json;charset=UTF-8" to [com.banking.dto.TransactionRequest@3454476a]
2025-07-01 21:48:09 - Using 'application/json', given [*/*] and supported [application/json, application/*+json]
2025-07-01 21:48:09 - Writing [{data=com.banking.dto.TransactionResponse@61128e5b, success=true, message=交易创建成功}]
2025-07-01 21:48:09 - Using 'application/json', given [*/*] and supported [application/json, application/*+json]
2025-07-01 21:48:09 - Writing [{data=com.banking.dto.TransactionResponse@813029c, success=true, message=交易创建成功}]
2025-07-01 21:48:09 - Mapped to com.banking.controller.TransactionController#createTransaction(TransactionRequest)
2025-07-01 21:48:09 - Using 'application/json', given [*/*] and supported [application/json, application/*+json]
2025-07-01 21:48:09 - Read "application/json;charset=UTF-8" to [com.banking.dto.TransactionRequest@2ba049c8]
2025-07-01 21:48:09 - Writing [{data=com.banking.dto.TransactionResponse@16e7cf23, success=true, message=交易创建成功}]
2025-07-01 21:48:09 - Mapped to com.banking.controller.TransactionController#createTransaction(TransactionRequest)
2025-07-01 21:48:09 - Mapped to com.banking.controller.TransactionController#createTransaction(TransactionRequest)
2025-07-01 21:48:09 - Mapped to com.banking.controller.TransactionController#createTransaction(TransactionRequest)
2025-07-01 21:48:09 - Mapped to com.banking.controller.TransactionController#createTransaction(TransactionRequest)
2025-07-01 21:48:09 - Mapped to com.banking.controller.TransactionController#createTransaction(TransactionRequest)
2025-07-01 21:48:09 - Mapped to com.banking.controller.TransactionController#createTransaction(TransactionRequest)
2025-07-01 21:48:09 - Read "application/json;charset=UTF-8" to [com.banking.dto.TransactionRequest@75672a32]
2025-07-01 21:48:09 - Using 'application/json', given [*/*] and supported [application/json, application/*+json]
2025-07-01 21:48:09 - Read "application/json;charset=UTF-8" to [com.banking.dto.TransactionRequest@de6df7f]
2025-07-01 21:48:09 - Read "application/json;charset=UTF-8" to [com.banking.dto.TransactionRequest@62a0802e]
2025-07-01 21:48:09 - Writing [{data=com.banking.dto.TransactionResponse@1374d059, success=true, message=交易创建成功}]
2025-07-01 21:48:09 - Read "application/json;charset=UTF-8" to [com.banking.dto.TransactionRequest@3411c0f8]
2025-07-01 21:48:09 - Read "application/json;charset=UTF-8" to [com.banking.dto.TransactionRequest@53c079fd]
2025-07-01 21:48:09 - Using 'application/json', given [*/*] and supported [application/json, application/*+json]
2025-07-01 21:48:09 - Mapped to com.banking.controller.TransactionController#createTransaction(TransactionRequest)
2025-07-01 21:48:09 - Mapped to com.banking.controller.TransactionController#createTransaction(TransactionRequest)
2025-07-01 21:48:09 - Writing [{data=com.banking.dto.TransactionResponse@45515974, success=true, message=交易创建成功}]
2025-07-01 21:48:09 - Read "application/json;charset=UTF-8" to [com.banking.dto.TransactionRequest@3aa5780]
2025-07-01 21:48:09 - Using 'application/json', given [*/*] and supported [application/json, application/*+json]
2025-07-01 21:48:09 - Mapped to com.banking.controller.TransactionController#createTransaction(TransactionRequest)
2025-07-01 21:48:09 - Read "application/json;charset=UTF-8" to [com.banking.dto.TransactionRequest@1cadb63a]
2025-07-01 21:48:09 - Using 'application/json', given [*/*] and supported [application/json, application/*+json]
2025-07-01 21:48:09 - Mapped to com.banking.controller.TransactionController#createTransaction(TransactionRequest)
2025-07-01 21:48:09 - Read "application/json;charset=UTF-8" to [com.banking.dto.TransactionRequest@721097a9]
2025-07-01 21:48:09 - Using 'application/json', given [*/*] and supported [application/json, application/*+json]
2025-07-01 21:48:09 - Writing [{data=com.banking.dto.TransactionResponse@3bc87d1d, success=true, message=交易创建成功}]
2025-07-01 21:48:09 - Using 'application/json', given [*/*] and supported [application/json, application/*+json]
2025-07-01 21:48:09 - Writing [{data=com.banking.dto.TransactionResponse@4b90bac, success=true, message=交易创建成功}]
2025-07-01 21:48:09 - Writing [{data=com.banking.dto.TransactionResponse@6c36a11d, success=true, message=交易创建成功}]
2025-07-01 21:48:09 - Read "application/json;charset=UTF-8" to [com.banking.dto.TransactionRequest@5b908064]
2025-07-01 21:48:09 - Read "application/json;charset=UTF-8" to [com.banking.dto.TransactionRequest@2444a54f]
2025-07-01 21:48:09 - Using 'application/json', given [*/*] and supported [application/json, application/*+json]
2025-07-01 21:48:09 - Writing [{data=com.banking.dto.TransactionResponse@34a1ab3a, success=true, message=交易创建成功}]
2025-07-01 21:48:09 - Writing [{data=com.banking.dto.TransactionResponse@10baa410, success=true, message=交易创建成功}]
2025-07-01 21:48:09 - Using 'application/json', given [*/*] and supported [application/json, application/*+json]
2025-07-01 21:48:09 - Writing [{data=com.banking.dto.TransactionResponse@2291a5f2, success=true, message=交易创建成功}]
2025-07-01 21:48:09 - Using 'application/json', given [*/*] and supported [application/json, application/*+json]
2025-07-01 21:48:09 - Writing [{data=com.banking.dto.TransactionResponse@440aa9ec, success=true, message=交易创建成功}]
2025-07-01 21:48:09 - Mapped to com.banking.controller.TransactionController#createTransaction(TransactionRequest)
2025-07-01 21:48:09 - Using 'application/json', given [*/*] and supported [application/json, application/*+json]
2025-07-01 21:48:09 - Writing [{data=com.banking.dto.TransactionResponse@52dde7a, success=true, message=交易创建成功}]
2025-07-01 21:48:09 - Mapped to com.banking.controller.TransactionController#createTransaction(TransactionRequest)
2025-07-01 21:48:09 - Mapped to com.banking.controller.TransactionController#createTransaction(TransactionRequest)
2025-07-01 21:48:09 - Read "application/json;charset=UTF-8" to [com.banking.dto.TransactionRequest@70c8342a]
2025-07-01 21:48:09 - Read "application/json;charset=UTF-8" to [com.banking.dto.TransactionRequest@5718e8d8]
2025-07-01 21:48:09 - Read "application/json;charset=UTF-8" to [com.banking.dto.TransactionRequest@7b31b033]
2025-07-01 21:48:09 - Using 'application/json', given [*/*] and supported [application/json, application/*+json]
2025-07-01 21:48:09 - Writing [{data=com.banking.dto.TransactionResponse@ebd0c3c, success=true, message=交易创建成功}]
2025-07-01 21:48:09 - Using 'application/json', given [*/*] and supported [application/json, application/*+json]
2025-07-01 21:48:09 - Writing [{data=com.banking.dto.TransactionResponse@34b634b3, success=true, message=交易创建成功}]
2025-07-01 21:48:09 - Mapped to com.banking.controller.TransactionController#createTransaction(TransactionRequest)
2025-07-01 21:48:09 - Mapped to com.banking.controller.TransactionController#createTransaction(TransactionRequest)
2025-07-01 21:48:09 - Mapped to com.banking.controller.TransactionController#createTransaction(TransactionRequest)
2025-07-01 21:48:09 - Using 'application/json', given [*/*] and supported [application/json, application/*+json]
2025-07-01 21:48:09 - Mapped to com.banking.controller.TransactionController#createTransaction(TransactionRequest)
2025-07-01 21:48:09 - Mapped to com.banking.controller.TransactionController#createTransaction(TransactionRequest)
2025-07-01 21:48:09 - Writing [{data=com.banking.dto.TransactionResponse@31d9b6ff, success=true, message=交易创建成功}]
2025-07-01 21:48:09 - Mapped to com.banking.controller.TransactionController#createTransaction(TransactionRequest)
2025-07-01 21:48:09 - Using 'application/json', given [*/*] and supported [application/json, application/*+json]
2025-07-01 21:48:09 - Read "application/json;charset=UTF-8" to [com.banking.dto.TransactionRequest@42efad0d]
2025-07-01 21:48:09 - Read "application/json;charset=UTF-8" to [com.banking.dto.TransactionRequest@5b919737]
2025-07-01 21:48:09 - Read "application/json;charset=UTF-8" to [com.banking.dto.TransactionRequest@5a825d6c]
2025-07-01 21:48:09 - Using 'application/json', given [*/*] and supported [application/json, application/*+json]
2025-07-01 21:48:09 - Mapped to com.banking.controller.TransactionController#createTransaction(TransactionRequest)
2025-07-01 21:48:09 - Using 'application/json', given [*/*] and supported [application/json, application/*+json]
2025-07-01 21:48:09 - Writing [{data=com.banking.dto.TransactionResponse@25038982, success=true, message=交易创建成功}]
2025-07-01 21:48:09 - Read "application/json;charset=UTF-8" to [com.banking.dto.TransactionRequest@708e6b40]
2025-07-01 21:48:09 - Read "application/json;charset=UTF-8" to [com.banking.dto.TransactionRequest@5b5b0ee3]
2025-07-01 21:48:09 - Writing [{data=com.banking.dto.TransactionResponse@7b862d9a, success=true, message=交易创建成功}]
2025-07-01 21:48:09 - Using 'application/json', given [*/*] and supported [application/json, application/*+json]
2025-07-01 21:48:09 - Writing [{data=com.banking.dto.TransactionResponse@34387ed6, success=true, message=交易创建成功}]
2025-07-01 21:48:09 - Writing [{data=com.banking.dto.TransactionResponse@2dfe2de4, success=true, message=交易创建成功}]
2025-07-01 21:48:09 - Using 'application/json', given [*/*] and supported [application/json, application/*+json]
2025-07-01 21:48:09 - Writing [{data=com.banking.dto.TransactionResponse@55dbc140, success=true, message=交易创建成功}]
2025-07-01 21:48:09 - Read "application/json;charset=UTF-8" to [com.banking.dto.TransactionRequest@422cfb5c]
2025-07-01 21:48:09 - Using 'application/json', given [*/*] and supported [application/json, application/*+json]
2025-07-01 21:48:09 - Read "application/json;charset=UTF-8" to [com.banking.dto.TransactionRequest@3b4a52e9]
2025-07-01 21:48:09 - Writing [{data=com.banking.dto.TransactionResponse@7c5c926b, success=true, message=交易创建成功}]
2025-07-01 21:48:09 - Using 'application/json', given [*/*] and supported [application/json, application/*+json]
2025-07-01 21:48:09 - Writing [{data=com.banking.dto.TransactionResponse@108db7bb, success=true, message=交易创建成功}]
2025-07-01 21:48:09 - Mapped to com.banking.controller.TransactionController#createTransaction(TransactionRequest)
2025-07-01 21:48:09 - Read "application/json;charset=UTF-8" to [com.banking.dto.TransactionRequest@44322ed1]
2025-07-01 21:48:09 - Mapped to com.banking.controller.TransactionController#createTransaction(TransactionRequest)
2025-07-01 21:48:09 - Mapped to com.banking.controller.TransactionController#createTransaction(TransactionRequest)
2025-07-01 21:48:09 - Read "application/json;charset=UTF-8" to [com.banking.dto.TransactionRequest@2ebfb428]
2025-07-01 21:48:09 - Using 'application/json', given [*/*] and supported [application/json, application/*+json]
2025-07-01 21:48:09 - Using 'application/json', given [*/*] and supported [application/json, application/*+json]
2025-07-01 21:48:09 - Read "application/json;charset=UTF-8" to [com.banking.dto.TransactionRequest@af472c3]
2025-07-01 21:48:09 - Writing [{data=com.banking.dto.TransactionResponse@4674d2a, success=true, message=交易创建成功}]
2025-07-01 21:48:09 - Writing [{data=com.banking.dto.TransactionResponse@43402527, success=true, message=交易创建成功}]
2025-07-01 21:48:09 - Using 'application/json', given [*/*] and supported [application/json, application/*+json]
2025-07-01 21:48:09 - Using 'application/json', given [*/*] and supported [application/json, application/*+json]
2025-07-01 21:48:09 - Writing [{data=com.banking.dto.TransactionResponse@647e73a, success=true, message=交易创建成功}]
2025-07-01 21:48:09 - Writing [{data=com.banking.dto.TransactionResponse@5d92c632, success=true, message=交易创建成功}]
2025-07-01 21:48:09 - Mapped to com.banking.controller.TransactionController#createTransaction(TransactionRequest)
2025-07-01 21:48:09 - Using 'application/json', given [*/*] and supported [application/json, application/*+json]
2025-07-01 21:48:09 - Mapped to com.banking.controller.TransactionController#createTransaction(TransactionRequest)
2025-07-01 21:48:09 - Mapped to com.banking.controller.TransactionController#createTransaction(TransactionRequest)
2025-07-01 21:48:09 - Writing [{data=com.banking.dto.TransactionResponse@78a50484, success=true, message=交易创建成功}]
2025-07-01 21:48:09 - Mapped to com.banking.controller.TransactionController#createTransaction(TransactionRequest)
2025-07-01 21:48:09 - Using 'application/json', given [*/*] and supported [application/json, application/*+json]
2025-07-01 21:48:09 - Using 'application/json', given [*/*] and supported [application/json, application/*+json]
2025-07-01 21:48:09 - Read "application/json;charset=UTF-8" to [com.banking.dto.TransactionRequest@13d88da6]
2025-07-01 21:48:09 - Writing [{data=com.banking.dto.TransactionResponse@66949954, success=true, message=交易创建成功}]
2025-07-01 21:48:09 - Mapped to com.banking.controller.TransactionController#createTransaction(TransactionRequest)
2025-07-01 21:48:09 - Read "application/json;charset=UTF-8" to [com.banking.dto.TransactionRequest@47ea0825]
2025-07-01 21:48:09 - Mapped to com.banking.controller.TransactionController#createTransaction(TransactionRequest)
2025-07-01 21:48:09 - Using 'application/json', given [*/*] and supported [application/json, application/*+json]
2025-07-01 21:48:09 - Read "application/json;charset=UTF-8" to [com.banking.dto.TransactionRequest@73390fb0]
2025-07-01 21:48:09 - Writing [{data=com.banking.dto.TransactionResponse@2daca73a, success=true, message=交易创建成功}]
2025-07-01 21:48:09 - Read "application/json;charset=UTF-8" to [com.banking.dto.TransactionRequest@26b8c82d]
2025-07-01 21:48:09 - Mapped to com.banking.controller.TransactionController#createTransaction(TransactionRequest)
2025-07-01 21:48:09 - Read "application/json;charset=UTF-8" to [com.banking.dto.TransactionRequest@1656c5ef]
2025-07-01 21:48:09 - Writing [{data=com.banking.dto.TransactionResponse@4b7e9445, success=true, message=交易创建成功}]
2025-07-01 21:48:09 - Read "application/json;charset=UTF-8" to [com.banking.dto.TransactionRequest@22e7d5f2]
2025-07-01 21:48:09 - Using 'application/json', given [*/*] and supported [application/json, application/*+json]
2025-07-01 21:48:09 - Writing [{data=com.banking.dto.TransactionResponse@7dc71b31, success=true, message=交易创建成功}]
2025-07-01 21:48:09 - Mapped to com.banking.controller.TransactionController#createTransaction(TransactionRequest)
2025-07-01 21:48:09 - Mapped to com.banking.controller.TransactionController#createTransaction(TransactionRequest)
2025-07-01 21:48:09 - Using 'application/json', given [*/*] and supported [application/json, application/*+json]
2025-07-01 21:48:09 - Mapped to com.banking.controller.TransactionController#createTransaction(TransactionRequest)
2025-07-01 21:48:09 - Mapped to com.banking.controller.TransactionController#createTransaction(TransactionRequest)
2025-07-01 21:48:09 - Mapped to com.banking.controller.TransactionController#createTransaction(TransactionRequest)
2025-07-01 21:48:09 - Read "application/json;charset=UTF-8" to [com.banking.dto.TransactionRequest@7ba1278c]
2025-07-01 21:48:09 - Writing [{data=com.banking.dto.TransactionResponse@7a451aff, success=true, message=交易创建成功}]
2025-07-01 21:48:09 - Read "application/json;charset=UTF-8" to [com.banking.dto.TransactionRequest@2827d66a]
2025-07-01 21:48:09 - Read "application/json;charset=UTF-8" to [com.banking.dto.TransactionRequest@450e78d9]
2025-07-01 21:48:09 - Read "application/json;charset=UTF-8" to [com.banking.dto.TransactionRequest@26d46159]
2025-07-01 21:48:09 - Read "application/json;charset=UTF-8" to [com.banking.dto.TransactionRequest@18e0c76b]
2025-07-01 21:48:09 - Read "application/json;charset=UTF-8" to [com.banking.dto.TransactionRequest@c6d345d]
2025-07-01 21:48:09 - Mapped to com.banking.controller.TransactionController#createTransaction(TransactionRequest)
2025-07-01 21:48:09 - Mapped to com.banking.controller.TransactionController#createTransaction(TransactionRequest)
2025-07-01 21:48:09 - Read "application/json;charset=UTF-8" to [com.banking.dto.TransactionRequest@31683e7]
2025-07-01 21:48:09 - Using 'application/json', given [*/*] and supported [application/json, application/*+json]
2025-07-01 21:48:09 - Using 'application/json', given [*/*] and supported [application/json, application/*+json]
2025-07-01 21:48:09 - Using 'application/json', given [*/*] and supported [application/json, application/*+json]
2025-07-01 21:48:09 - Using 'application/json', given [*/*] and supported [application/json, application/*+json]
2025-07-01 21:48:09 - Read "application/json;charset=UTF-8" to [com.banking.dto.TransactionRequest@8b743b1]
2025-07-01 21:48:09 - Using 'application/json', given [*/*] and supported [application/json, application/*+json]
2025-07-01 21:48:09 - Using 'application/json', given [*/*] and supported [application/json, application/*+json]
2025-07-01 21:48:09 - Writing [{data=com.banking.dto.TransactionResponse@5b103f55, success=true, message=交易创建成功}]
2025-07-01 21:48:09 - Writing [{data=com.banking.dto.TransactionResponse@5c641a83, success=true, message=交易创建成功}]
2025-07-01 21:48:09 - Writing [{data=com.banking.dto.TransactionResponse@56fa5ae4, success=true, message=交易创建成功}]
2025-07-01 21:48:09 - Writing [{data=com.banking.dto.TransactionResponse@484de0c, success=true, message=交易创建成功}]
2025-07-01 21:48:09 - Mapped to com.banking.controller.TransactionController#createTransaction(TransactionRequest)
2025-07-01 21:48:09 - Mapped to com.banking.controller.TransactionController#createTransaction(TransactionRequest)
2025-07-01 21:48:09 - Writing [{data=com.banking.dto.TransactionResponse@1f5df22f, success=true, message=交易创建成功}]
2025-07-01 21:48:09 - Writing [{data=com.banking.dto.TransactionResponse@47a267dd, success=true, message=交易创建成功}]
2025-07-01 21:48:09 - Using 'application/json', given [*/*] and supported [application/json, application/*+json]
2025-07-01 21:48:09 - Using 'application/json', given [*/*] and supported [application/json, application/*+json]
2025-07-01 21:48:09 - Writing [{data=com.banking.dto.TransactionResponse@434918f8, success=true, message=交易创建成功}]
2025-07-01 21:48:09 - Writing [{data=com.banking.dto.TransactionResponse@329a2b6e, success=true, message=交易创建成功}]
2025-07-01 21:48:09 - Using 'application/json', given [*/*] and supported [application/json, application/*+json]
2025-07-01 21:48:09 - Read "application/json;charset=UTF-8" to [com.banking.dto.TransactionRequest@1c21f676]
2025-07-01 21:48:09 - Read "application/json;charset=UTF-8" to [com.banking.dto.TransactionRequest@60b286d3]
2025-07-01 21:48:09 - Writing [{data=com.banking.dto.TransactionResponse@65ecb72a, success=true, message=交易创建成功}]
2025-07-01 21:48:09 - Mapped to com.banking.controller.TransactionController#createTransaction(TransactionRequest)
2025-07-01 21:48:09 - Using 'application/json', given [*/*] and supported [application/json, application/*+json]
2025-07-01 21:48:09 - Mapped to com.banking.controller.TransactionController#createTransaction(TransactionRequest)
2025-07-01 21:48:09 - Writing [{data=com.banking.dto.TransactionResponse@719cdd4c, success=true, message=交易创建成功}]
2025-07-01 21:48:09 - Read "application/json;charset=UTF-8" to [com.banking.dto.TransactionRequest@2ddd9b23]
2025-07-01 21:48:09 - Mapped to com.banking.controller.TransactionController#createTransaction(TransactionRequest)
2025-07-01 21:48:09 - Mapped to com.banking.controller.TransactionController#createTransaction(TransactionRequest)
2025-07-01 21:48:09 - Mapped to com.banking.controller.TransactionController#createTransaction(TransactionRequest)
2025-07-01 21:48:09 - Mapped to com.banking.controller.TransactionController#createTransaction(TransactionRequest)
2025-07-01 21:48:09 - Mapped to com.banking.controller.TransactionController#createTransaction(TransactionRequest)
2025-07-01 21:48:09 - Mapped to com.banking.controller.TransactionController#createTransaction(TransactionRequest)
2025-07-01 21:48:09 - Mapped to com.banking.controller.TransactionController#createTransaction(TransactionRequest)
2025-07-01 21:48:09 - Read "application/json;charset=UTF-8" to [com.banking.dto.TransactionRequest@5ae14e79]
2025-07-01 21:48:09 - Read "application/json;charset=UTF-8" to [com.banking.dto.TransactionRequest@44a1f51b]
2025-07-01 21:48:09 - Mapped to com.banking.controller.TransactionController#createTransaction(TransactionRequest)
2025-07-01 21:48:09 - Read "application/json;charset=UTF-8" to [com.banking.dto.TransactionRequest@f226219]
2025-07-01 21:48:09 - Read "application/json;charset=UTF-8" to [com.banking.dto.TransactionRequest@5286b6ad]
2025-07-01 21:48:09 - Read "application/json;charset=UTF-8" to [com.banking.dto.TransactionRequest@578c0df9]
2025-07-01 21:48:09 - Read "application/json;charset=UTF-8" to [com.banking.dto.TransactionRequest@66e9a104]
2025-07-01 21:48:09 - Read "application/json;charset=UTF-8" to [com.banking.dto.TransactionRequest@59622b66]
2025-07-01 21:48:09 - Using 'application/json', given [*/*] and supported [application/json, application/*+json]
2025-07-01 21:48:09 - Read "application/json;charset=UTF-8" to [com.banking.dto.TransactionRequest@7d4573bf]
2025-07-01 21:48:09 - Writing [{data=com.banking.dto.TransactionResponse@20f1875a, success=true, message=交易创建成功}]
2025-07-01 21:48:09 - Read "application/json;charset=UTF-8" to [com.banking.dto.TransactionRequest@13e9c342]
2025-07-01 21:48:09 - Using 'application/json', given [*/*] and supported [application/json, application/*+json]
2025-07-01 21:48:09 - Using 'application/json', given [*/*] and supported [application/json, application/*+json]
2025-07-01 21:48:09 - Using 'application/json', given [*/*] and supported [application/json, application/*+json]
2025-07-01 21:48:09 - Writing [{data=com.banking.dto.TransactionResponse@2878bd68, success=true, message=交易创建成功}]
2025-07-01 21:48:09 - Using 'application/json', given [*/*] and supported [application/json, application/*+json]
2025-07-01 21:48:09 - Writing [{data=com.banking.dto.TransactionResponse@68f6c219, success=true, message=交易创建成功}]
2025-07-01 21:48:09 - Writing [{data=com.banking.dto.TransactionResponse@6e0764c8, success=true, message=交易创建成功}]
2025-07-01 21:48:09 - Writing [{data=com.banking.dto.TransactionResponse@526567a3, success=true, message=交易创建成功}]
2025-07-01 21:48:09 - Using 'application/json', given [*/*] and supported [application/json, application/*+json]
2025-07-01 21:48:09 - Using 'application/json', given [*/*] and supported [application/json, application/*+json]
2025-07-01 21:48:09 - Writing [{data=com.banking.dto.TransactionResponse@65ad2801, success=true, message=交易创建成功}]
2025-07-01 21:48:09 - Using 'application/json', given [*/*] and supported [application/json, application/*+json]
2025-07-01 21:48:09 - Using 'application/json', given [*/*] and supported [application/json, application/*+json]
2025-07-01 21:48:09 - Writing [{data=com.banking.dto.TransactionResponse@259c7c6c, success=true, message=交易创建成功}]
2025-07-01 21:48:09 - Writing [{data=com.banking.dto.TransactionResponse@4fac0500, success=true, message=交易创建成功}]
2025-07-01 21:48:09 - Mapped to com.banking.controller.TransactionController#createTransaction(TransactionRequest)
2025-07-01 21:48:09 - Writing [{data=com.banking.dto.TransactionResponse@2faca245, success=true, message=交易创建成功}]
2025-07-01 21:48:09 - Mapped to com.banking.controller.TransactionController#createTransaction(TransactionRequest)
2025-07-01 21:48:09 - Read "application/json;charset=UTF-8" to [com.banking.dto.TransactionRequest@6e03c34e]
2025-07-01 21:48:09 - Using 'application/json', given [*/*] and supported [application/json, application/*+json]
2025-07-01 21:48:09 - Writing [{data=com.banking.dto.TransactionResponse@314bb27, success=true, message=交易创建成功}]
2025-07-01 21:48:09 - Mapped to com.banking.controller.TransactionController#createTransaction(TransactionRequest)
2025-07-01 21:48:09 - Mapped to com.banking.controller.TransactionController#createTransaction(TransactionRequest)
2025-07-01 21:48:09 - Mapped to com.banking.controller.TransactionController#createTransaction(TransactionRequest)
2025-07-01 21:48:09 - Read "application/json;charset=UTF-8" to [com.banking.dto.TransactionRequest@49bb5e]
2025-07-01 21:48:09 - Read "application/json;charset=UTF-8" to [com.banking.dto.TransactionRequest@1b853fed]
2025-07-01 21:48:09 - Read "application/json;charset=UTF-8" to [com.banking.dto.TransactionRequest@57577034]
2025-07-01 21:48:09 - Using 'application/json', given [*/*] and supported [application/json, application/*+json]
2025-07-01 21:48:09 - Read "application/json;charset=UTF-8" to [com.banking.dto.TransactionRequest@6fbbb18]
2025-07-01 21:48:09 - Writing [{data=com.banking.dto.TransactionResponse@86c66fd, success=true, message=交易创建成功}]
2025-07-01 21:48:09 - Mapped to com.banking.controller.TransactionController#createTransaction(TransactionRequest)
2025-07-01 21:48:09 - Using 'application/json', given [*/*] and supported [application/json, application/*+json]
2025-07-01 21:48:09 - Mapped to com.banking.controller.TransactionController#createTransaction(TransactionRequest)
2025-07-01 21:48:09 - Using 'application/json', given [*/*] and supported [application/json, application/*+json]
2025-07-01 21:48:09 - Writing [{data=com.banking.dto.TransactionResponse@2f014bfc, success=true, message=交易创建成功}]
2025-07-01 21:48:09 - Writing [{data=com.banking.dto.TransactionResponse@49e8c313, success=true, message=交易创建成功}]
2025-07-01 21:48:09 - Using 'application/json', given [*/*] and supported [application/json, application/*+json]
2025-07-01 21:48:09 - Mapped to com.banking.controller.TransactionController#createTransaction(TransactionRequest)
2025-07-01 21:48:09 - Mapped to com.banking.controller.TransactionController#createTransaction(TransactionRequest)
2025-07-01 21:48:09 - Using 'application/json', given [*/*] and supported [application/json, application/*+json]
2025-07-01 21:48:09 - Mapped to com.banking.controller.TransactionController#createTransaction(TransactionRequest)
2025-07-01 21:48:09 - Writing [{data=com.banking.dto.TransactionResponse@3e84cdef, success=true, message=交易创建成功}]
2025-07-01 21:48:09 - Writing [{data=com.banking.dto.TransactionResponse@57710fe3, success=true, message=交易创建成功}]
2025-07-01 21:48:09 - Read "application/json;charset=UTF-8" to [com.banking.dto.TransactionRequest@45ea5b8f]
2025-07-01 21:48:09 - Read "application/json;charset=UTF-8" to [com.banking.dto.TransactionRequest@731a4e78]
2025-07-01 21:48:09 - Read "application/json;charset=UTF-8" to [com.banking.dto.TransactionRequest@5a26d0b3]
2025-07-01 21:48:09 - Read "application/json;charset=UTF-8" to [com.banking.dto.TransactionRequest@30d59d20]
2025-07-01 21:48:09 - Using 'application/json', given [*/*] and supported [application/json, application/*+json]
2025-07-01 21:48:09 - Using 'application/json', given [*/*] and supported [application/json, application/*+json]
2025-07-01 21:48:09 - Writing [{data=com.banking.dto.TransactionResponse@10ae85aa, success=true, message=交易创建成功}]
2025-07-01 21:48:09 - Writing [{data=com.banking.dto.TransactionResponse@29e4e80d, success=true, message=交易创建成功}]
2025-07-01 21:48:09 - Read "application/json;charset=UTF-8" to [com.banking.dto.TransactionRequest@76cb0811]
2025-07-01 21:48:09 - Using 'application/json', given [*/*] and supported [application/json, application/*+json]
2025-07-01 21:48:09 - Writing [{data=com.banking.dto.TransactionResponse@54927dc7, success=true, message=交易创建成功}]
2025-07-01 21:48:09 - Using 'application/json', given [*/*] and supported [application/json, application/*+json]
2025-07-01 21:48:09 - Mapped to com.banking.controller.TransactionController#createTransaction(TransactionRequest)
2025-07-01 21:48:09 - Writing [{data=com.banking.dto.TransactionResponse@7524bad1, success=true, message=交易创建成功}]
2025-07-01 21:48:09 - Using 'application/json', given [*/*] and supported [application/json, application/*+json]
2025-07-01 21:48:09 - Writing [{data=com.banking.dto.TransactionResponse@4d5e38ad, success=true, message=交易创建成功}]
2025-07-01 21:48:09 - Read "application/json;charset=UTF-8" to [com.banking.dto.TransactionRequest@8a620e3]
2025-07-01 21:48:09 - Using 'application/json', given [*/*] and supported [application/json, application/*+json]
2025-07-01 21:48:09 - Writing [{data=com.banking.dto.TransactionResponse@3fe5e8f6, success=true, message=交易创建成功}]
2025-07-01 21:48:09 - Using 'application/json', given [*/*] and supported [application/json, application/*+json]
2025-07-01 21:48:09 - Mapped to com.banking.controller.TransactionController#createTransaction(TransactionRequest)
2025-07-01 21:48:09 - Mapped to com.banking.controller.TransactionController#createTransaction(TransactionRequest)
2025-07-01 21:48:09 - Using 'application/json', given [*/*] and supported [application/json, application/*+json]
2025-07-01 21:48:09 - Writing [{data=com.banking.dto.TransactionResponse@41d753b3, success=true, message=交易创建成功}]
2025-07-01 21:48:09 - Mapped to com.banking.controller.TransactionController#createTransaction(TransactionRequest)
2025-07-01 21:48:09 - Mapped to com.banking.controller.TransactionController#createTransaction(TransactionRequest)
2025-07-01 21:48:09 - Writing [{data=com.banking.dto.TransactionResponse@6f8c2a73, success=true, message=交易创建成功}]
2025-07-01 21:48:09 - Mapped to com.banking.controller.TransactionController#createTransaction(TransactionRequest)
2025-07-01 21:48:09 - Mapped to com.banking.controller.TransactionController#createTransaction(TransactionRequest)
2025-07-01 21:48:09 - Mapped to com.banking.controller.TransactionController#createTransaction(TransactionRequest)
2025-07-01 21:48:09 - Read "application/json;charset=UTF-8" to [com.banking.dto.TransactionRequest@71bc9bbf]
2025-07-01 21:48:09 - Mapped to com.banking.controller.TransactionController#createTransaction(TransactionRequest)
2025-07-01 21:48:09 - Read "application/json;charset=UTF-8" to [com.banking.dto.TransactionRequest@6f92b4fb]
2025-07-01 21:48:09 - Read "application/json;charset=UTF-8" to [com.banking.dto.TransactionRequest@24231bed]
2025-07-01 21:48:09 - Using 'application/json', given [*/*] and supported [application/json, application/*+json]
2025-07-01 21:48:09 - Using 'application/json', given [*/*] and supported [application/json, application/*+json]
2025-07-01 21:48:09 - Read "application/json;charset=UTF-8" to [com.banking.dto.TransactionRequest@6abeb88b]
2025-07-01 21:48:09 - Read "application/json;charset=UTF-8" to [com.banking.dto.TransactionRequest@3eb9648d]
2025-07-01 21:48:09 - Writing [{data=com.banking.dto.TransactionResponse@5ba3b9fe, success=true, message=交易创建成功}]
2025-07-01 21:48:09 - Writing [{data=com.banking.dto.TransactionResponse@563a373c, success=true, message=交易创建成功}]
2025-07-01 21:48:09 - Read "application/json;charset=UTF-8" to [com.banking.dto.TransactionRequest@d90da3c]
2025-07-01 21:48:09 - Mapped to com.banking.controller.TransactionController#createTransaction(TransactionRequest)
2025-07-01 21:48:09 - Read "application/json;charset=UTF-8" to [com.banking.dto.TransactionRequest@bc4cd11]
2025-07-01 21:48:09 - Read "application/json;charset=UTF-8" to [com.banking.dto.TransactionRequest@e917429]
2025-07-01 21:48:09 - Read "application/json;charset=UTF-8" to [com.banking.dto.TransactionRequest@525e5a4d]
2025-07-01 21:48:09 - Mapped to com.banking.controller.TransactionController#createTransaction(TransactionRequest)
2025-07-01 21:48:09 - Mapped to com.banking.controller.TransactionController#createTransaction(TransactionRequest)
2025-07-01 21:48:09 - Mapped to com.banking.controller.TransactionController#createTransaction(TransactionRequest)
2025-07-01 21:48:09 - Mapped to com.banking.controller.TransactionController#createTransaction(TransactionRequest)
2025-07-01 21:48:09 - Using 'application/json', given [*/*] and supported [application/json, application/*+json]
2025-07-01 21:48:09 - Writing [{data=com.banking.dto.TransactionResponse@197b896e, success=true, message=交易创建成功}]
2025-07-01 21:48:09 - Using 'application/json', given [*/*] and supported [application/json, application/*+json]
2025-07-01 21:48:09 - Writing [{data=com.banking.dto.TransactionResponse@1f3b7753, success=true, message=交易创建成功}]
2025-07-01 21:48:09 - Read "application/json;charset=UTF-8" to [com.banking.dto.TransactionRequest@a9bbe58]
2025-07-01 21:48:09 - Read "application/json;charset=UTF-8" to [com.banking.dto.TransactionRequest@66849953]
2025-07-01 21:48:09 - Read "application/json;charset=UTF-8" to [com.banking.dto.TransactionRequest@189a8600]
2025-07-01 21:48:09 - Read "application/json;charset=UTF-8" to [com.banking.dto.TransactionRequest@687d6405]
2025-07-01 21:48:09 - Using 'application/json', given [*/*] and supported [application/json, application/*+json]
2025-07-01 21:48:09 - Using 'application/json', given [*/*] and supported [application/json, application/*+json]
2025-07-01 21:48:09 - Writing [{data=com.banking.dto.TransactionResponse@ee4009d, success=true, message=交易创建成功}]
2025-07-01 21:48:09 - Writing [{data=com.banking.dto.TransactionResponse@487877b0, success=true, message=交易创建成功}]
2025-07-01 21:48:09 - Using 'application/json', given [*/*] and supported [application/json, application/*+json]
2025-07-01 21:48:09 - Writing [{data=com.banking.dto.TransactionResponse@36a1c942, success=true, message=交易创建成功}]
2025-07-01 21:48:09 - Using 'application/json', given [*/*] and supported [application/json, application/*+json]
2025-07-01 21:48:09 - Writing [{data=com.banking.dto.TransactionResponse@1de96584, success=true, message=交易创建成功}]
2025-07-01 21:48:09 - Using 'application/json', given [*/*] and supported [application/json, application/*+json]
2025-07-01 21:48:09 - Using 'application/json', given [*/*] and supported [application/json, application/*+json]
2025-07-01 21:48:09 - Writing [{data=com.banking.dto.TransactionResponse@418df946, success=true, message=交易创建成功}]
2025-07-01 21:48:09 - Writing [{data=com.banking.dto.TransactionResponse@76e91847, success=true, message=交易创建成功}]
2025-07-01 21:48:09 - Using 'application/json', given [*/*] and supported [application/json, application/*+json]
2025-07-01 21:48:09 - Writing [{data=com.banking.dto.TransactionResponse@1b51255a, success=true, message=交易创建成功}]
2025-07-01 21:48:09 - Mapped to com.banking.controller.TransactionController#createTransaction(TransactionRequest)
2025-07-01 21:48:09 - Using 'application/json', given [*/*] and supported [application/json, application/*+json]
2025-07-01 21:48:09 - Writing [{data=com.banking.dto.TransactionResponse@1bfe846, success=true, message=交易创建成功}]
2025-07-01 21:48:09 - Mapped to com.banking.controller.TransactionController#createTransaction(TransactionRequest)
2025-07-01 21:48:09 - Read "application/json;charset=UTF-8" to [com.banking.dto.TransactionRequest@61841fba]
2025-07-01 21:48:09 - Using 'application/json', given [*/*] and supported [application/json, application/*+json]
2025-07-01 21:48:09 - Mapped to com.banking.controller.TransactionController#createTransaction(TransactionRequest)
2025-07-01 21:48:09 - Writing [{data=com.banking.dto.TransactionResponse@74c2ae9b, success=true, message=交易创建成功}]
2025-07-01 21:48:09 - Using 'application/json', given [*/*] and supported [application/json, application/*+json]
2025-07-01 21:48:09 - Writing [{data=com.banking.dto.TransactionResponse@3de2a1be, success=true, message=交易创建成功}]
2025-07-01 21:48:09 - Mapped to com.banking.controller.TransactionController#createTransaction(TransactionRequest)
2025-07-01 21:48:09 - Mapped to com.banking.controller.TransactionController#createTransaction(TransactionRequest)
2025-07-01 21:48:09 - Mapped to com.banking.controller.TransactionController#createTransaction(TransactionRequest)
2025-07-01 21:48:09 - Mapped to com.banking.controller.TransactionController#createTransaction(TransactionRequest)
2025-07-01 21:48:09 - Mapped to com.banking.controller.TransactionController#createTransaction(TransactionRequest)
2025-07-01 21:48:09 - Read "application/json;charset=UTF-8" to [com.banking.dto.TransactionRequest@4f04ad54]
2025-07-01 21:48:09 - Mapped to com.banking.controller.TransactionController#createTransaction(TransactionRequest)
2025-07-01 21:48:09 - Read "application/json;charset=UTF-8" to [com.banking.dto.TransactionRequest@26d73dd8]
2025-07-01 21:48:09 - Read "application/json;charset=UTF-8" to [com.banking.dto.TransactionRequest@df41bea]
2025-07-01 21:48:09 - Mapped to com.banking.controller.TransactionController#createTransaction(TransactionRequest)
2025-07-01 21:48:09 - Read "application/json;charset=UTF-8" to [com.banking.dto.TransactionRequest@116a837e]
2025-07-01 21:48:09 - Read "application/json;charset=UTF-8" to [com.banking.dto.TransactionRequest@53eb9431]
2025-07-01 21:48:09 - Read "application/json;charset=UTF-8" to [com.banking.dto.TransactionRequest@367522d4]
2025-07-01 21:48:09 - Mapped to com.banking.controller.TransactionController#createTransaction(TransactionRequest)
2025-07-01 21:48:09 - Mapped to com.banking.controller.TransactionController#createTransaction(TransactionRequest)
2025-07-01 21:48:09 - Read "application/json;charset=UTF-8" to [com.banking.dto.TransactionRequest@77958a39]
2025-07-01 21:48:09 - Read "application/json;charset=UTF-8" to [com.banking.dto.TransactionRequest@38206cb7]
2025-07-01 21:48:09 - Read "application/json;charset=UTF-8" to [com.banking.dto.TransactionRequest@7d47d590]
2025-07-01 21:48:09 - Read "application/json;charset=UTF-8" to [com.banking.dto.TransactionRequest@12297aca]
2025-07-01 21:48:09 - Read "application/json;charset=UTF-8" to [com.banking.dto.TransactionRequest@5d4936f]
2025-07-01 21:48:09 - Using 'application/json', given [*/*] and supported [application/json, application/*+json]
2025-07-01 21:48:09 - Using 'application/json', given [*/*] and supported [application/json, application/*+json]
2025-07-01 21:48:09 - Using 'application/json', given [*/*] and supported [application/json, application/*+json]
2025-07-01 21:48:09 - Writing [{data=com.banking.dto.TransactionResponse@352729d5, success=true, message=交易创建成功}]
2025-07-01 21:48:09 - Mapped to com.banking.controller.TransactionController#createTransaction(TransactionRequest)
2025-07-01 21:48:09 - Writing [{data=com.banking.dto.TransactionResponse@554dbb85, success=true, message=交易创建成功}]
2025-07-01 21:48:09 - Using 'application/json', given [*/*] and supported [application/json, application/*+json]
2025-07-01 21:48:09 - Using 'application/json', given [*/*] and supported [application/json, application/*+json]
2025-07-01 21:48:09 - Writing [{data=com.banking.dto.TransactionResponse@778c7b1b, success=true, message=交易创建成功}]
2025-07-01 21:48:09 - Mapped to com.banking.controller.TransactionController#createTransaction(TransactionRequest)
2025-07-01 21:48:09 - Using 'application/json', given [*/*] and supported [application/json, application/*+json]
2025-07-01 21:48:09 - Writing [{data=com.banking.dto.TransactionResponse@2f279b43, success=true, message=交易创建成功}]
2025-07-01 21:48:09 - Writing [{data=com.banking.dto.TransactionResponse@3fc0f10b, success=true, message=交易创建成功}]
2025-07-01 21:48:09 - Using 'application/json', given [*/*] and supported [application/json, application/*+json]
2025-07-01 21:48:09 - Writing [{data=com.banking.dto.TransactionResponse@2aad7633, success=true, message=交易创建成功}]
2025-07-01 21:48:09 - Read "application/json;charset=UTF-8" to [com.banking.dto.TransactionRequest@7513f17]
2025-07-01 21:48:09 - Writing [{data=com.banking.dto.TransactionResponse@2fa7f2b3, success=true, message=交易创建成功}]
2025-07-01 21:48:09 - Using 'application/json', given [*/*] and supported [application/json, application/*+json]
2025-07-01 21:48:09 - Using 'application/json', given [*/*] and supported [application/json, application/*+json]
2025-07-01 21:48:09 - Writing [{data=com.banking.dto.TransactionResponse@876aa79, success=true, message=交易创建成功}]
2025-07-01 21:48:09 - Writing [{data=com.banking.dto.TransactionResponse@f949e79, success=true, message=交易创建成功}]
2025-07-01 21:48:09 - Read "application/json;charset=UTF-8" to [com.banking.dto.TransactionRequest@44b529d1]
2025-07-01 21:48:09 - Using 'application/json', given [*/*] and supported [application/json, application/*+json]
2025-07-01 21:48:09 - Writing [{data=com.banking.dto.TransactionResponse@109a673e, success=true, message=交易创建成功}]
2025-07-01 21:48:09 - Mapped to com.banking.controller.TransactionController#createTransaction(TransactionRequest)
2025-07-01 21:48:09 - Mapped to com.banking.controller.TransactionController#createTransaction(TransactionRequest)
2025-07-01 21:48:09 - Mapped to com.banking.controller.TransactionController#createTransaction(TransactionRequest)
2025-07-01 21:48:09 - Mapped to com.banking.controller.TransactionController#createTransaction(TransactionRequest)
2025-07-01 21:48:09 - Mapped to com.banking.controller.TransactionController#createTransaction(TransactionRequest)
2025-07-01 21:48:09 - Mapped to com.banking.controller.TransactionController#createTransaction(TransactionRequest)
2025-07-01 21:48:09 - Mapped to com.banking.controller.TransactionController#createTransaction(TransactionRequest)
2025-07-01 21:48:09 - Read "application/json;charset=UTF-8" to [com.banking.dto.TransactionRequest@33b767b7]
2025-07-01 21:48:09 - Read "application/json;charset=UTF-8" to [com.banking.dto.TransactionRequest@5e352c97]
2025-07-01 21:48:09 - Read "application/json;charset=UTF-8" to [com.banking.dto.TransactionRequest@43eee659]
2025-07-01 21:48:09 - Mapped to com.banking.controller.TransactionController#createTransaction(TransactionRequest)
2025-07-01 21:48:09 - Read "application/json;charset=UTF-8" to [com.banking.dto.TransactionRequest@27224760]
2025-07-01 21:48:09 - Read "application/json;charset=UTF-8" to [com.banking.dto.TransactionRequest@5b478b09]
2025-07-01 21:48:09 - Read "application/json;charset=UTF-8" to [com.banking.dto.TransactionRequest@6d04e7d5]
2025-07-01 21:48:09 - Read "application/json;charset=UTF-8" to [com.banking.dto.TransactionRequest@6f5edb42]
2025-07-01 21:48:09 - Mapped to com.banking.controller.TransactionController#createTransaction(TransactionRequest)
2025-07-01 21:48:09 - Read "application/json;charset=UTF-8" to [com.banking.dto.TransactionRequest@3d2f6631]
2025-07-01 21:48:09 - Mapped to com.banking.controller.TransactionController#createTransaction(TransactionRequest)
2025-07-01 21:48:09 - Read "application/json;charset=UTF-8" to [com.banking.dto.TransactionRequest@79f4f21e]
2025-07-01 21:48:09 - Read "application/json;charset=UTF-8" to [com.banking.dto.TransactionRequest@4efcf690]
2025-07-01 21:48:09 - Using 'application/json', given [*/*] and supported [application/json, application/*+json]
2025-07-01 21:48:09 - Using 'application/json', given [*/*] and supported [application/json, application/*+json]
2025-07-01 21:48:09 - Writing [{data=com.banking.dto.TransactionResponse@382fe0f3, success=true, message=交易创建成功}]
2025-07-01 21:48:09 - Using 'application/json', given [*/*] and supported [application/json, application/*+json]
2025-07-01 21:48:09 - Using 'application/json', given [*/*] and supported [application/json, application/*+json]
2025-07-01 21:48:09 - Using 'application/json', given [*/*] and supported [application/json, application/*+json]
2025-07-01 21:48:09 - Writing [{data=com.banking.dto.TransactionResponse@5a22d2ad, success=true, message=交易创建成功}]
2025-07-01 21:48:09 - Writing [{data=com.banking.dto.TransactionResponse@47a6524c, success=true, message=交易创建成功}]
2025-07-01 21:48:09 - Writing [{data=com.banking.dto.TransactionResponse@446c86a8, success=true, message=交易创建成功}]
2025-07-01 21:48:09 - Writing [{data=com.banking.dto.TransactionResponse@551f61e3, success=true, message=交易创建成功}]
2025-07-01 21:48:09 - Using 'application/json', given [*/*] and supported [application/json, application/*+json]
2025-07-01 21:48:09 - Using 'application/json', given [*/*] and supported [application/json, application/*+json]
2025-07-01 21:48:09 - Using 'application/json', given [*/*] and supported [application/json, application/*+json]
2025-07-01 21:48:09 - Writing [{data=com.banking.dto.TransactionResponse@6e4478fc, success=true, message=交易创建成功}]
2025-07-01 21:48:09 - Writing [{data=com.banking.dto.TransactionResponse@3080a475, success=true, message=交易创建成功}]
2025-07-01 21:48:09 - Writing [{data=com.banking.dto.TransactionResponse@17748a1f, success=true, message=交易创建成功}]
2025-07-01 21:48:09 - Using 'application/json', given [*/*] and supported [application/json, application/*+json]
2025-07-01 21:48:09 - Writing [{data=com.banking.dto.TransactionResponse@239b3300, success=true, message=交易创建成功}]
2025-07-01 21:48:09 - Using 'application/json', given [*/*] and supported [application/json, application/*+json]
2025-07-01 21:48:10 - Writing [{data=com.banking.dto.TransactionResponse@1c4adaba, success=true, message=交易创建成功}]
2025-07-01 21:48:10 - Mapped to com.banking.controller.TransactionController#createTransaction(TransactionRequest)
2025-07-01 21:48:10 - Mapped to com.banking.controller.TransactionController#createTransaction(TransactionRequest)
2025-07-01 21:48:10 - Mapped to com.banking.controller.TransactionController#createTransaction(TransactionRequest)
2025-07-01 21:48:10 - Mapped to com.banking.controller.TransactionController#createTransaction(TransactionRequest)
2025-07-01 21:48:10 - Mapped to com.banking.controller.TransactionController#createTransaction(TransactionRequest)
2025-07-01 21:48:10 - Mapped to com.banking.controller.TransactionController#createTransaction(TransactionRequest)
2025-07-01 21:48:10 - Mapped to com.banking.controller.TransactionController#createTransaction(TransactionRequest)
2025-07-01 21:48:10 - Read "application/json;charset=UTF-8" to [com.banking.dto.TransactionRequest@37d59147]
2025-07-01 21:48:10 - Read "application/json;charset=UTF-8" to [com.banking.dto.TransactionRequest@207e30aa]
2025-07-01 21:48:10 - Read "application/json;charset=UTF-8" to [com.banking.dto.TransactionRequest@4a5c0c3b]
2025-07-01 21:48:10 - Read "application/json;charset=UTF-8" to [com.banking.dto.TransactionRequest@6e17e137]
2025-07-01 21:48:10 - Read "application/json;charset=UTF-8" to [com.banking.dto.TransactionRequest@5a4dc6a4]
2025-07-01 21:48:10 - Read "application/json;charset=UTF-8" to [com.banking.dto.TransactionRequest@ed8833c]
2025-07-01 21:48:10 - Read "application/json;charset=UTF-8" to [com.banking.dto.TransactionRequest@64a626ee]
2025-07-01 21:48:10 - Mapped to com.banking.controller.TransactionController#createTransaction(TransactionRequest)
2025-07-01 21:48:10 - Using 'application/json', given [*/*] and supported [application/json, application/*+json]
2025-07-01 21:48:10 - Using 'application/json', given [*/*] and supported [application/json, application/*+json]
2025-07-01 21:48:10 - Writing [{data=com.banking.dto.TransactionResponse@3fe43bb9, success=true, message=交易创建成功}]
2025-07-01 21:48:10 - Using 'application/json', given [*/*] and supported [application/json, application/*+json]
2025-07-01 21:48:10 - Using 'application/json', given [*/*] and supported [application/json, application/*+json]
2025-07-01 21:48:10 - Writing [{data=com.banking.dto.TransactionResponse@715c7b39, success=true, message=交易创建成功}]
2025-07-01 21:48:10 - Writing [{data=com.banking.dto.TransactionResponse@2b393e0d, success=true, message=交易创建成功}]
2025-07-01 21:48:10 - Writing [{data=com.banking.dto.TransactionResponse@3826ab52, success=true, message=交易创建成功}]
2025-07-01 21:48:10 - Using 'application/json', given [*/*] and supported [application/json, application/*+json]
2025-07-01 21:48:10 - Using 'application/json', given [*/*] and supported [application/json, application/*+json]
2025-07-01 21:48:10 - Using 'application/json', given [*/*] and supported [application/json, application/*+json]
2025-07-01 21:48:10 - Writing [{data=com.banking.dto.TransactionResponse@68c9a6e3, success=true, message=交易创建成功}]
2025-07-01 21:48:10 - Writing [{data=com.banking.dto.TransactionResponse@1a20f95b, success=true, message=交易创建成功}]
2025-07-01 21:48:10 - Using 'application/json', given [*/*] and supported [application/json, application/*+json]
2025-07-01 21:48:10 - Writing [{data=com.banking.dto.TransactionResponse@5b4b1566, success=true, message=交易创建成功}]
2025-07-01 21:48:10 - Using 'application/json', given [*/*] and supported [application/json, application/*+json]
2025-07-01 21:48:10 - Read "application/json;charset=UTF-8" to [com.banking.dto.TransactionRequest@19a16c6b]
2025-07-01 21:48:10 - Writing [{data=com.banking.dto.TransactionResponse@a412e09, success=true, message=交易创建成功}]
2025-07-01 21:48:10 - Using 'application/json', given [*/*] and supported [application/json, application/*+json]
2025-07-01 21:48:10 - Writing [{data=com.banking.dto.TransactionResponse@40aff032, success=true, message=交易创建成功}]
2025-07-01 21:48:10 - Writing [{data=com.banking.dto.TransactionResponse@5bb29763, success=true, message=交易创建成功}]
2025-07-01 21:48:10 - Mapped to com.banking.controller.TransactionController#createTransaction(TransactionRequest)
2025-07-01 21:48:10 - Mapped to com.banking.controller.TransactionController#createTransaction(TransactionRequest)
2025-07-01 21:48:10 - Mapped to com.banking.controller.TransactionController#createTransaction(TransactionRequest)
2025-07-01 21:48:10 - Mapped to com.banking.controller.TransactionController#createTransaction(TransactionRequest)
2025-07-01 21:48:10 - Mapped to com.banking.controller.TransactionController#createTransaction(TransactionRequest)
2025-07-01 21:48:10 - Mapped to com.banking.controller.TransactionController#createTransaction(TransactionRequest)
2025-07-01 21:48:10 - Mapped to com.banking.controller.TransactionController#createTransaction(TransactionRequest)
2025-07-01 21:48:10 - Read "application/json;charset=UTF-8" to [com.banking.dto.TransactionRequest@9fe12a9]
2025-07-01 21:48:10 - Read "application/json;charset=UTF-8" to [com.banking.dto.TransactionRequest@27f228c6]
2025-07-01 21:48:10 - Read "application/json;charset=UTF-8" to [com.banking.dto.TransactionRequest@ce08a1a]
2025-07-01 21:48:10 - Read "application/json;charset=UTF-8" to [com.banking.dto.TransactionRequest@7f0a0607]
2025-07-01 21:48:10 - Read "application/json;charset=UTF-8" to [com.banking.dto.TransactionRequest@6385e11e]
2025-07-01 21:48:10 - Read "application/json;charset=UTF-8" to [com.banking.dto.TransactionRequest@5452f9df]
2025-07-01 21:48:10 - Mapped to com.banking.controller.TransactionController#createTransaction(TransactionRequest)
2025-07-01 21:48:10 - Mapped to com.banking.controller.TransactionController#createTransaction(TransactionRequest)
2025-07-01 21:48:10 - Mapped to com.banking.controller.TransactionController#createTransaction(TransactionRequest)
2025-07-01 21:48:10 - Mapped to com.banking.controller.TransactionController#createTransaction(TransactionRequest)
2025-07-01 21:48:10 - Mapped to com.banking.controller.TransactionController#createTransaction(TransactionRequest)
2025-07-01 21:48:10 - Read "application/json;charset=UTF-8" to [com.banking.dto.TransactionRequest@6e58d7b7]
2025-07-01 21:48:10 - Read "application/json;charset=UTF-8" to [com.banking.dto.TransactionRequest@4961bd7a]
2025-07-01 21:48:10 - Read "application/json;charset=UTF-8" to [com.banking.dto.TransactionRequest@41698143]
2025-07-01 21:48:10 - Read "application/json;charset=UTF-8" to [com.banking.dto.TransactionRequest@3a7e4433]
2025-07-01 21:48:10 - Read "application/json;charset=UTF-8" to [com.banking.dto.TransactionRequest@26358d39]
2025-07-01 21:48:10 - Read "application/json;charset=UTF-8" to [com.banking.dto.TransactionRequest@7e4f2e0f]
2025-07-01 21:48:10 - Using 'application/json', given [*/*] and supported [application/json, application/*+json]
2025-07-01 21:48:10 - Using 'application/json', given [*/*] and supported [application/json, application/*+json]
2025-07-01 21:48:10 - Using 'application/json', given [*/*] and supported [application/json, application/*+json]
2025-07-01 21:48:10 - Writing [{data=com.banking.dto.TransactionResponse@5a0ba325, success=true, message=交易创建成功}]
2025-07-01 21:48:10 - Writing [{data=com.banking.dto.TransactionResponse@4ba297ea, success=true, message=交易创建成功}]
2025-07-01 21:48:10 - Writing [{data=com.banking.dto.TransactionResponse@60c5bd15, success=true, message=交易创建成功}]
2025-07-01 21:48:10 - Using 'application/json', given [*/*] and supported [application/json, application/*+json]
2025-07-01 21:48:10 - Using 'application/json', given [*/*] and supported [application/json, application/*+json]
2025-07-01 21:48:10 - Writing [{data=com.banking.dto.TransactionResponse@5eea23b0, success=true, message=交易创建成功}]
2025-07-01 21:48:10 - Using 'application/json', given [*/*] and supported [application/json, application/*+json]
2025-07-01 21:48:10 - Using 'application/json', given [*/*] and supported [application/json, application/*+json]
2025-07-01 21:48:10 - Using 'application/json', given [*/*] and supported [application/json, application/*+json]
2025-07-01 21:48:10 - Writing [{data=com.banking.dto.TransactionResponse@3a74e98d, success=true, message=交易创建成功}]
2025-07-01 21:48:10 - Using 'application/json', given [*/*] and supported [application/json, application/*+json]
2025-07-01 21:48:10 - Writing [{data=com.banking.dto.TransactionResponse@616768ee, success=true, message=交易创建成功}]
2025-07-01 21:48:10 - Writing [{data=com.banking.dto.TransactionResponse@53ae270e, success=true, message=交易创建成功}]
2025-07-01 21:48:10 - Writing [{data=com.banking.dto.TransactionResponse@71c84be4, success=true, message=交易创建成功}]
2025-07-01 21:48:10 - Writing [{data=com.banking.dto.TransactionResponse@24b279c1, success=true, message=交易创建成功}]
2025-07-01 21:48:10 - Using 'application/json', given [*/*] and supported [application/json, application/*+json]
2025-07-01 21:48:10 - Writing [{data=com.banking.dto.TransactionResponse@21bf583d, success=true, message=交易创建成功}]
2025-07-01 21:48:10 - Mapped to com.banking.controller.TransactionController#createTransaction(TransactionRequest)
2025-07-01 21:48:10 - Mapped to com.banking.controller.TransactionController#createTransaction(TransactionRequest)
2025-07-01 21:48:10 - Mapped to com.banking.controller.TransactionController#createTransaction(TransactionRequest)
2025-07-01 21:48:10 - Mapped to com.banking.controller.TransactionController#createTransaction(TransactionRequest)
2025-07-01 21:48:10 - Mapped to com.banking.controller.TransactionController#createTransaction(TransactionRequest)
2025-07-01 21:48:10 - Mapped to com.banking.controller.TransactionController#createTransaction(TransactionRequest)
2025-07-01 21:48:10 - Mapped to com.banking.controller.TransactionController#createTransaction(TransactionRequest)
2025-07-01 21:48:10 - Mapped to com.banking.controller.TransactionController#createTransaction(TransactionRequest)
2025-07-01 21:48:10 - Read "application/json;charset=UTF-8" to [com.banking.dto.TransactionRequest@5b9bf8c7]
2025-07-01 21:48:10 - Read "application/json;charset=UTF-8" to [com.banking.dto.TransactionRequest@533555f2]
2025-07-01 21:48:10 - Read "application/json;charset=UTF-8" to [com.banking.dto.TransactionRequest@3d09bbbb]
2025-07-01 21:48:10 - Read "application/json;charset=UTF-8" to [com.banking.dto.TransactionRequest@6604d161]
2025-07-01 21:48:10 - Read "application/json;charset=UTF-8" to [com.banking.dto.TransactionRequest@5c30c803]
2025-07-01 21:48:10 - Read "application/json;charset=UTF-8" to [com.banking.dto.TransactionRequest@4c2d09c1]
2025-07-01 21:48:10 - Mapped to com.banking.controller.TransactionController#createTransaction(TransactionRequest)
2025-07-01 21:48:10 - Using 'application/json', given [*/*] and supported [application/json, application/*+json]
2025-07-01 21:48:10 - Using 'application/json', given [*/*] and supported [application/json, application/*+json]
2025-07-01 21:48:10 - Writing [{data=com.banking.dto.TransactionResponse@1f7b9078, success=true, message=交易创建成功}]
2025-07-01 21:48:10 - Mapped to com.banking.controller.TransactionController#createTransaction(TransactionRequest)
2025-07-01 21:48:10 - Writing [{data=com.banking.dto.TransactionResponse@52dd4313, success=true, message=交易创建成功}]
2025-07-01 21:48:10 - Using 'application/json', given [*/*] and supported [application/json, application/*+json]
2025-07-01 21:48:10 - Read "application/json;charset=UTF-8" to [com.banking.dto.TransactionRequest@17a81bce]
2025-07-01 21:48:10 - Read "application/json;charset=UTF-8" to [com.banking.dto.TransactionRequest@18b33f9f]
2025-07-01 21:48:10 - Using 'application/json', given [*/*] and supported [application/json, application/*+json]
2025-07-01 21:48:10 - Using 'application/json', given [*/*] and supported [application/json, application/*+json]
2025-07-01 21:48:10 - Using 'application/json', given [*/*] and supported [application/json, application/*+json]
2025-07-01 21:48:10 - Writing [{data=com.banking.dto.TransactionResponse@3fd47db5, success=true, message=交易创建成功}]
2025-07-01 21:48:10 - Read "application/json;charset=UTF-8" to [com.banking.dto.TransactionRequest@6082e514]
2025-07-01 21:48:10 - Using 'application/json', given [*/*] and supported [application/json, application/*+json]
2025-07-01 21:48:10 - Writing [{data=com.banking.dto.TransactionResponse@44336b75, success=true, message=交易创建成功}]
2025-07-01 21:48:10 - Writing [{data=com.banking.dto.TransactionResponse@69f46d93, success=true, message=交易创建成功}]
2025-07-01 21:48:10 - Using 'application/json', given [*/*] and supported [application/json, application/*+json]
2025-07-01 21:48:10 - Using 'application/json', given [*/*] and supported [application/json, application/*+json]
2025-07-01 21:48:10 - Writing [{data=com.banking.dto.TransactionResponse@1aa1b307, success=true, message=交易创建成功}]
2025-07-01 21:48:10 - Writing [{data=com.banking.dto.TransactionResponse@55983e4b, success=true, message=交易创建成功}]
2025-07-01 21:48:10 - Writing [{data=com.banking.dto.TransactionResponse@3339697e, success=true, message=交易创建成功}]
2025-07-01 21:48:10 - Writing [{data=com.banking.dto.TransactionResponse@1b792a73, success=true, message=交易创建成功}]
2025-07-01 21:48:10 - Read "application/json;charset=UTF-8" to [com.banking.dto.TransactionRequest@75f33375]
2025-07-01 21:48:10 - Using 'application/json', given [*/*] and supported [application/json, application/*+json]
2025-07-01 21:48:10 - Writing [{data=com.banking.dto.TransactionResponse@6b314d96, success=true, message=交易创建成功}]
2025-07-01 21:48:10 - Mapped to com.banking.controller.TransactionController#createTransaction(TransactionRequest)
2025-07-01 21:48:10 - Mapped to com.banking.controller.TransactionController#createTransaction(TransactionRequest)
2025-07-01 21:48:10 - Mapped to com.banking.controller.TransactionController#createTransaction(TransactionRequest)
2025-07-01 21:48:10 - Mapped to com.banking.controller.TransactionController#createTransaction(TransactionRequest)
2025-07-01 21:48:10 - Read "application/json;charset=UTF-8" to [com.banking.dto.TransactionRequest@6175eb5]
2025-07-01 21:48:10 - Mapped to com.banking.controller.TransactionController#createTransaction(TransactionRequest)
2025-07-01 21:48:10 - Using 'application/json', given [*/*] and supported [application/json, application/*+json]
2025-07-01 21:48:10 - Using 'application/json', given [*/*] and supported [application/json, application/*+json]
2025-07-01 21:48:10 - Mapped to com.banking.controller.TransactionController#createTransaction(TransactionRequest)
2025-07-01 21:48:10 - Read "application/json;charset=UTF-8" to [com.banking.dto.TransactionRequest@2cf22a23]
2025-07-01 21:48:10 - Writing [{data=com.banking.dto.TransactionResponse@5d3e6830, success=true, message=交易创建成功}]
2025-07-01 21:48:10 - Mapped to com.banking.controller.TransactionController#createTransaction(TransactionRequest)
2025-07-01 21:48:10 - Read "application/json;charset=UTF-8" to [com.banking.dto.TransactionRequest@67c1143d]
2025-07-01 21:48:10 - Mapped to com.banking.controller.TransactionController#createTransaction(TransactionRequest)
2025-07-01 21:48:10 - Mapped to com.banking.controller.TransactionController#createTransaction(TransactionRequest)
2025-07-01 21:48:10 - Read "application/json;charset=UTF-8" to [com.banking.dto.TransactionRequest@1da5dfb1]
2025-07-01 21:48:10 - Mapped to com.banking.controller.TransactionController#createTransaction(TransactionRequest)
2025-07-01 21:48:10 - Writing [{data=com.banking.dto.TransactionResponse@5368f8a4, success=true, message=交易创建成功}]
2025-07-01 21:48:10 - Using 'application/json', given [*/*] and supported [application/json, application/*+json]
2025-07-01 21:48:10 - Read "application/json;charset=UTF-8" to [com.banking.dto.TransactionRequest@5480fff6]
2025-07-01 21:48:10 - Read "application/json;charset=UTF-8" to [com.banking.dto.TransactionRequest@52761f1]
2025-07-01 21:48:10 - Writing [{data=com.banking.dto.TransactionResponse@7211533, success=true, message=交易创建成功}]
2025-07-01 21:48:10 - Read "application/json;charset=UTF-8" to [com.banking.dto.TransactionRequest@30b15b55]
2025-07-01 21:48:10 - Read "application/json;charset=UTF-8" to [com.banking.dto.TransactionRequest@79309f65]
2025-07-01 21:48:10 - Using 'application/json', given [*/*] and supported [application/json, application/*+json]
2025-07-01 21:48:10 - Read "application/json;charset=UTF-8" to [com.banking.dto.TransactionRequest@685eef0]
2025-07-01 21:48:10 - Read "application/json;charset=UTF-8" to [com.banking.dto.TransactionRequest@43d19478]
2025-07-01 21:48:10 - Using 'application/json', given [*/*] and supported [application/json, application/*+json]
2025-07-01 21:48:10 - Writing [{data=com.banking.dto.TransactionResponse@7ac0b4ab, success=true, message=交易创建成功}]
2025-07-01 21:48:10 - Writing [{data=com.banking.dto.TransactionResponse@54c2e280, success=true, message=交易创建成功}]
2025-07-01 21:48:10 - Using 'application/json', given [*/*] and supported [application/json, application/*+json]
2025-07-01 21:48:10 - Writing [{data=com.banking.dto.TransactionResponse@4fcf2424, success=true, message=交易创建成功}]
2025-07-01 21:48:10 - Using 'application/json', given [*/*] and supported [application/json, application/*+json]
2025-07-01 21:48:10 - Using 'application/json', given [*/*] and supported [application/json, application/*+json]
2025-07-01 21:48:10 - Using 'application/json', given [*/*] and supported [application/json, application/*+json]
2025-07-01 21:48:10 - Writing [{data=com.banking.dto.TransactionResponse@7edc5974, success=true, message=交易创建成功}]
2025-07-01 21:48:10 - Writing [{data=com.banking.dto.TransactionResponse@32245359, success=true, message=交易创建成功}]
2025-07-01 21:48:10 - Writing [{data=com.banking.dto.TransactionResponse@43d433f6, success=true, message=交易创建成功}]
2025-07-01 21:48:10 - Using 'application/json', given [*/*] and supported [application/json, application/*+json]
2025-07-01 21:48:10 - Writing [{data=com.banking.dto.TransactionResponse@7c02b2b8, success=true, message=交易创建成功}]
2025-07-01 21:48:10 - Mapped to com.banking.controller.TransactionController#createTransaction(TransactionRequest)
2025-07-01 21:48:10 - Mapped to com.banking.controller.TransactionController#createTransaction(TransactionRequest)
2025-07-01 21:48:10 - Using 'application/json', given [*/*] and supported [application/json, application/*+json]
2025-07-01 21:48:10 - Mapped to com.banking.controller.TransactionController#createTransaction(TransactionRequest)
2025-07-01 21:48:10 - Writing [{data=com.banking.dto.TransactionResponse@40d0b52d, success=true, message=交易创建成功}]
2025-07-01 21:48:10 - Using 'application/json', given [*/*] and supported [application/json, application/*+json]
2025-07-01 21:48:10 - Mapped to com.banking.controller.TransactionController#createTransaction(TransactionRequest)
2025-07-01 21:48:10 - Writing [{data=com.banking.dto.TransactionResponse@4c2e89f9, success=true, message=交易创建成功}]
2025-07-01 21:48:10 - Mapped to com.banking.controller.TransactionController#createTransaction(TransactionRequest)
2025-07-01 21:48:10 - Using 'application/json', given [*/*] and supported [application/json, application/*+json]
2025-07-01 21:48:10 - Read "application/json;charset=UTF-8" to [com.banking.dto.TransactionRequest@39d0cc85]
2025-07-01 21:48:10 - Read "application/json;charset=UTF-8" to [com.banking.dto.TransactionRequest@5271e89d]
2025-07-01 21:48:10 - Writing [{data=com.banking.dto.TransactionResponse@226a8f49, success=true, message=交易创建成功}]
2025-07-01 21:48:10 - Read "application/json;charset=UTF-8" to [com.banking.dto.TransactionRequest@203e99ba]
2025-07-01 21:48:10 - Read "application/json;charset=UTF-8" to [com.banking.dto.TransactionRequest@1b255b01]
2025-07-01 21:48:10 - Read "application/json;charset=UTF-8" to [com.banking.dto.TransactionRequest@201ab06a]
2025-07-01 21:48:10 - Using 'application/json', given [*/*] and supported [application/json, application/*+json]
2025-07-01 21:48:10 - Writing [{data=com.banking.dto.TransactionResponse@420faaeb, success=true, message=交易创建成功}]
2025-07-01 21:48:10 - Using 'application/json', given [*/*] and supported [application/json, application/*+json]
2025-07-01 21:48:10 - Mapped to com.banking.controller.TransactionController#createTransaction(TransactionRequest)
2025-07-01 21:48:10 - Writing [{data=com.banking.dto.TransactionResponse@434faa69, success=true, message=交易创建成功}]
2025-07-01 21:48:10 - Mapped to com.banking.controller.TransactionController#createTransaction(TransactionRequest)
2025-07-01 21:48:10 - Mapped to com.banking.controller.TransactionController#createTransaction(TransactionRequest)
2025-07-01 21:48:10 - Mapped to com.banking.controller.TransactionController#createTransaction(TransactionRequest)
2025-07-01 21:48:10 - Mapped to com.banking.controller.TransactionController#createTransaction(TransactionRequest)
2025-07-01 21:48:10 - Read "application/json;charset=UTF-8" to [com.banking.dto.TransactionRequest@36dd5cbd]
2025-07-01 21:48:10 - Read "application/json;charset=UTF-8" to [com.banking.dto.TransactionRequest@1dd2bcdf]
2025-07-01 21:48:10 - Read "application/json;charset=UTF-8" to [com.banking.dto.TransactionRequest@7291caf6]
2025-07-01 21:48:10 - Read "application/json;charset=UTF-8" to [com.banking.dto.TransactionRequest@29d23fd8]
2025-07-01 21:48:10 - Read "application/json;charset=UTF-8" to [com.banking.dto.TransactionRequest@1869d129]
2025-07-01 21:48:10 - Using 'application/json', given [*/*] and supported [application/json, application/*+json]
2025-07-01 21:48:10 - Mapped to com.banking.controller.TransactionController#createTransaction(TransactionRequest)
2025-07-01 21:48:10 - Using 'application/json', given [*/*] and supported [application/json, application/*+json]
2025-07-01 21:48:10 - Writing [{data=com.banking.dto.TransactionResponse@1fa7713b, success=true, message=交易创建成功}]
2025-07-01 21:48:10 - Writing [{data=com.banking.dto.TransactionResponse@7477bd7c, success=true, message=交易创建成功}]
2025-07-01 21:48:10 - Mapped to com.banking.controller.TransactionController#createTransaction(TransactionRequest)
2025-07-01 21:48:10 - Using 'application/json', given [*/*] and supported [application/json, application/*+json]
2025-07-01 21:48:10 - Mapped to com.banking.controller.TransactionController#createTransaction(TransactionRequest)
2025-07-01 21:48:10 - Using 'application/json', given [*/*] and supported [application/json, application/*+json]
2025-07-01 21:48:10 - Mapped to com.banking.controller.TransactionController#createTransaction(TransactionRequest)
2025-07-01 21:48:10 - Read "application/json;charset=UTF-8" to [com.banking.dto.TransactionRequest@17639d41]
2025-07-01 21:48:10 - Mapped to com.banking.controller.TransactionController#createTransaction(TransactionRequest)
2025-07-01 21:48:10 - Using 'application/json', given [*/*] and supported [application/json, application/*+json]
2025-07-01 21:48:10 - Using 'application/json', given [*/*] and supported [application/json, application/*+json]
2025-07-01 21:48:10 - Read "application/json;charset=UTF-8" to [com.banking.dto.TransactionRequest@ec54990]
2025-07-01 21:48:10 - Writing [{data=com.banking.dto.TransactionResponse@1e02a69b, success=true, message=交易创建成功}]
2025-07-01 21:48:10 - Using 'application/json', given [*/*] and supported [application/json, application/*+json]
2025-07-01 21:48:10 - Writing [{data=com.banking.dto.TransactionResponse@6f7ef636, success=true, message=交易创建成功}]
2025-07-01 21:48:10 - Read "application/json;charset=UTF-8" to [com.banking.dto.TransactionRequest@31012771]
2025-07-01 21:48:10 - Using 'application/json', given [*/*] and supported [application/json, application/*+json]
2025-07-01 21:48:10 - Writing [{data=com.banking.dto.TransactionResponse@583ed8b8, success=true, message=交易创建成功}]
2025-07-01 21:48:10 - Writing [{data=com.banking.dto.TransactionResponse@69c8a2dd, success=true, message=交易创建成功}]
2025-07-01 21:48:10 - Writing [{data=com.banking.dto.TransactionResponse@3756b8f4, success=true, message=交易创建成功}]
2025-07-01 21:48:10 - Read "application/json;charset=UTF-8" to [com.banking.dto.TransactionRequest@1451567f]
2025-07-01 21:48:10 - Writing [{data=com.banking.dto.TransactionResponse@2824c16e, success=true, message=交易创建成功}]
2025-07-01 21:48:10 - Read "application/json;charset=UTF-8" to [com.banking.dto.TransactionRequest@4a782efa]
2025-07-01 21:48:10 - Mapped to com.banking.controller.TransactionController#createTransaction(TransactionRequest)
2025-07-01 21:48:10 - Mapped to com.banking.controller.TransactionController#createTransaction(TransactionRequest)
2025-07-01 21:48:10 - Using 'application/json', given [*/*] and supported [application/json, application/*+json]
2025-07-01 21:48:10 - Writing [{data=com.banking.dto.TransactionResponse@374c30b1, success=true, message=交易创建成功}]
2025-07-01 21:48:10 - Using 'application/json', given [*/*] and supported [application/json, application/*+json]
2025-07-01 21:48:10 - Writing [{data=com.banking.dto.TransactionResponse@454387c2, success=true, message=交易创建成功}]
2025-07-01 21:48:10 - Read "application/json;charset=UTF-8" to [com.banking.dto.TransactionRequest@3f204b25]
2025-07-01 21:48:10 - Read "application/json;charset=UTF-8" to [com.banking.dto.TransactionRequest@62442793]
2025-07-01 21:48:10 - Mapped to com.banking.controller.TransactionController#createTransaction(TransactionRequest)
2025-07-01 21:48:10 - Mapped to com.banking.controller.TransactionController#createTransaction(TransactionRequest)
2025-07-01 21:48:10 - Using 'application/json', given [*/*] and supported [application/json, application/*+json]
2025-07-01 21:48:10 - Mapped to com.banking.controller.TransactionController#createTransaction(TransactionRequest)
2025-07-01 21:48:10 - Mapped to com.banking.controller.TransactionController#createTransaction(TransactionRequest)
2025-07-01 21:48:10 - Writing [{data=com.banking.dto.TransactionResponse@163bd99d, success=true, message=交易创建成功}]
2025-07-01 21:48:10 - Mapped to com.banking.controller.TransactionController#createTransaction(TransactionRequest)
2025-07-01 21:48:10 - Mapped to com.banking.controller.TransactionController#createTransaction(TransactionRequest)
2025-07-01 21:48:10 - Using 'application/json', given [*/*] and supported [application/json, application/*+json]
2025-07-01 21:48:10 - Writing [{data=com.banking.dto.TransactionResponse@77002e41, success=true, message=交易创建成功}]
2025-07-01 21:48:10 - Read "application/json;charset=UTF-8" to [com.banking.dto.TransactionRequest@5208cf6e]
2025-07-01 21:48:10 - Read "application/json;charset=UTF-8" to [com.banking.dto.TransactionRequest@5ba094b5]
2025-07-01 21:48:10 - Read "application/json;charset=UTF-8" to [com.banking.dto.TransactionRequest@6beb0be7]
2025-07-01 21:48:10 - Read "application/json;charset=UTF-8" to [com.banking.dto.TransactionRequest@5ac75b6c]
2025-07-01 21:48:10 - Read "application/json;charset=UTF-8" to [com.banking.dto.TransactionRequest@310f2286]
2025-07-01 21:48:10 - Read "application/json;charset=UTF-8" to [com.banking.dto.TransactionRequest@617c86c3]
2025-07-01 21:48:10 - Using 'application/json', given [*/*] and supported [application/json, application/*+json]
2025-07-01 21:48:10 - Using 'application/json', given [*/*] and supported [application/json, application/*+json]
2025-07-01 21:48:10 - Writing [{data=com.banking.dto.TransactionResponse@14456dd9, success=true, message=交易创建成功}]
2025-07-01 21:48:10 - Writing [{data=com.banking.dto.TransactionResponse@11778610, success=true, message=交易创建成功}]
2025-07-01 21:48:10 - Using 'application/json', given [*/*] and supported [application/json, application/*+json]
2025-07-01 21:48:10 - Writing [{data=com.banking.dto.TransactionResponse@b262dd0, success=true, message=交易创建成功}]
2025-07-01 21:48:10 - Mapped to com.banking.controller.TransactionController#createTransaction(TransactionRequest)
2025-07-01 21:48:10 - Using 'application/json', given [*/*] and supported [application/json, application/*+json]
2025-07-01 21:48:10 - Writing [{data=com.banking.dto.TransactionResponse@4f8e5fac, success=true, message=交易创建成功}]
2025-07-01 21:48:10 - Mapped to com.banking.controller.TransactionController#createTransaction(TransactionRequest)
2025-07-01 21:48:10 - Using 'application/json', given [*/*] and supported [application/json, application/*+json]
2025-07-01 21:48:10 - Writing [{data=com.banking.dto.TransactionResponse@21213956, success=true, message=交易创建成功}]
2025-07-01 21:48:10 - Using 'application/json', given [*/*] and supported [application/json, application/*+json]
2025-07-01 21:48:10 - Writing [{data=com.banking.dto.TransactionResponse@294c05b1, success=true, message=交易创建成功}]
2025-07-01 21:48:10 - Read "application/json;charset=UTF-8" to [com.banking.dto.TransactionRequest@11011b21]
2025-07-01 21:48:10 - Read "application/json;charset=UTF-8" to [com.banking.dto.TransactionRequest@7ba638ee]
2025-07-01 21:48:10 - Mapped to com.banking.controller.TransactionController#createTransaction(TransactionRequest)
2025-07-01 21:48:10 - Mapped to com.banking.controller.TransactionController#createTransaction(TransactionRequest)
2025-07-01 21:48:10 - Read "application/json;charset=UTF-8" to [com.banking.dto.TransactionRequest@71b37225]
2025-07-01 21:48:10 - Read "application/json;charset=UTF-8" to [com.banking.dto.TransactionRequest@8bad26]
2025-07-01 21:48:10 - Mapped to com.banking.controller.TransactionController#createTransaction(TransactionRequest)
2025-07-01 21:48:10 - Using 'application/json', given [*/*] and supported [application/json, application/*+json]
2025-07-01 21:48:10 - Mapped to com.banking.controller.TransactionController#createTransaction(TransactionRequest)
2025-07-01 21:48:10 - Mapped to com.banking.controller.TransactionController#createTransaction(TransactionRequest)
2025-07-01 21:48:10 - Writing [{data=com.banking.dto.TransactionResponse@4848ae64, success=true, message=交易创建成功}]
2025-07-01 21:48:10 - Using 'application/json', given [*/*] and supported [application/json, application/*+json]
2025-07-01 21:48:10 - Writing [{data=com.banking.dto.TransactionResponse@69952674, success=true, message=交易创建成功}]
2025-07-01 21:48:10 - Using 'application/json', given [*/*] and supported [application/json, application/*+json]
2025-07-01 21:48:10 - Mapped to com.banking.controller.TransactionController#createTransaction(TransactionRequest)
2025-07-01 21:48:10 - Writing [{data=com.banking.dto.TransactionResponse@94f91fa, success=true, message=交易创建成功}]
2025-07-01 21:48:10 - Read "application/json;charset=UTF-8" to [com.banking.dto.TransactionRequest@6a04d8d5]
2025-07-01 21:48:10 - Read "application/json;charset=UTF-8" to [com.banking.dto.TransactionRequest@14a9d017]
2025-07-01 21:48:10 - Read "application/json;charset=UTF-8" to [com.banking.dto.TransactionRequest@35a2e42e]
2025-07-01 21:48:10 - Mapped to com.banking.controller.TransactionController#createTransaction(TransactionRequest)
2025-07-01 21:48:10 - Read "application/json;charset=UTF-8" to [com.banking.dto.TransactionRequest@6e1c9ec2]
2025-07-01 21:48:10 - Using 'application/json', given [*/*] and supported [application/json, application/*+json]
2025-07-01 21:48:10 - Read "application/json;charset=UTF-8" to [com.banking.dto.TransactionRequest@7f698b94]
2025-07-01 21:48:10 - Writing [{data=com.banking.dto.TransactionResponse@18f6683d, success=true, message=交易创建成功}]
2025-07-01 21:48:10 - Using 'application/json', given [*/*] and supported [application/json, application/*+json]
2025-07-01 21:48:10 - Using 'application/json', given [*/*] and supported [application/json, application/*+json]
2025-07-01 21:48:10 - Writing [{data=com.banking.dto.TransactionResponse@5ab2d7b0, success=true, message=交易创建成功}]
2025-07-01 21:48:10 - Writing [{data=com.banking.dto.TransactionResponse@39642743, success=true, message=交易创建成功}]
2025-07-01 21:48:10 - Using 'application/json', given [*/*] and supported [application/json, application/*+json]
2025-07-01 21:48:10 - Writing [{data=com.banking.dto.TransactionResponse@46c77647, success=true, message=交易创建成功}]
2025-07-01 21:48:10 - Mapped to com.banking.controller.TransactionController#createTransaction(TransactionRequest)
2025-07-01 21:48:10 - Using 'application/json', given [*/*] and supported [application/json, application/*+json]
2025-07-01 21:48:10 - Using 'application/json', given [*/*] and supported [application/json, application/*+json]
2025-07-01 21:48:10 - Using 'application/json', given [*/*] and supported [application/json, application/*+json]
2025-07-01 21:48:10 - Writing [{data=com.banking.dto.TransactionResponse@312b51fc, success=true, message=交易创建成功}]
2025-07-01 21:48:10 - Writing [{data=com.banking.dto.TransactionResponse@2f31efe3, success=true, message=交易创建成功}]
2025-07-01 21:48:10 - Writing [{data=com.banking.dto.TransactionResponse@334d81f9, success=true, message=交易创建成功}]
2025-07-01 21:48:10 - Read "application/json;charset=UTF-8" to [com.banking.dto.TransactionRequest@49c68808]
2025-07-01 21:48:10 - Mapped to com.banking.controller.TransactionController#createTransaction(TransactionRequest)
2025-07-01 21:48:10 - Mapped to com.banking.controller.TransactionController#createTransaction(TransactionRequest)
2025-07-01 21:48:10 - Mapped to com.banking.controller.TransactionController#createTransaction(TransactionRequest)
2025-07-01 21:48:10 - Read "application/json;charset=UTF-8" to [com.banking.dto.TransactionRequest@199f5813]
2025-07-01 21:48:10 - Read "application/json;charset=UTF-8" to [com.banking.dto.TransactionRequest@5ab50939]
2025-07-01 21:48:10 - Read "application/json;charset=UTF-8" to [com.banking.dto.TransactionRequest@dd0cf88]
2025-07-01 21:48:10 - Mapped to com.banking.controller.TransactionController#createTransaction(TransactionRequest)
2025-07-01 21:48:10 - Mapped to com.banking.controller.TransactionController#createTransaction(TransactionRequest)
2025-07-01 21:48:10 - Mapped to com.banking.controller.TransactionController#createTransaction(TransactionRequest)
2025-07-01 21:48:10 - Mapped to com.banking.controller.TransactionController#createTransaction(TransactionRequest)
2025-07-01 21:48:10 - Using 'application/json', given [*/*] and supported [application/json, application/*+json]
2025-07-01 21:48:10 - Using 'application/json', given [*/*] and supported [application/json, application/*+json]
2025-07-01 21:48:10 - Writing [{data=com.banking.dto.TransactionResponse@1e7cd8f8, success=true, message=交易创建成功}]
2025-07-01 21:48:10 - Writing [{data=com.banking.dto.TransactionResponse@3f9066ce, success=true, message=交易创建成功}]
2025-07-01 21:48:10 - Mapped to com.banking.controller.TransactionController#createTransaction(TransactionRequest)
2025-07-01 21:48:10 - Mapped to com.banking.controller.TransactionController#createTransaction(TransactionRequest)
2025-07-01 21:48:10 - Mapped to com.banking.controller.TransactionController#createTransaction(TransactionRequest)
2025-07-01 21:48:10 - Read "application/json;charset=UTF-8" to [com.banking.dto.TransactionRequest@66c97bf6]
2025-07-01 21:48:10 - Read "application/json;charset=UTF-8" to [com.banking.dto.TransactionRequest@6cb365eb]
2025-07-01 21:48:10 - Read "application/json;charset=UTF-8" to [com.banking.dto.TransactionRequest@7660ab4]
2025-07-01 21:48:10 - Read "application/json;charset=UTF-8" to [com.banking.dto.TransactionRequest@7815360d]
2025-07-01 21:48:10 - Using 'application/json', given [*/*] and supported [application/json, application/*+json]
2025-07-01 21:48:10 - Read "application/json;charset=UTF-8" to [com.banking.dto.TransactionRequest@1491578c]
2025-07-01 21:48:10 - Read "application/json;charset=UTF-8" to [com.banking.dto.TransactionRequest@439c6bd9]
2025-07-01 21:48:10 - Using 'application/json', given [*/*] and supported [application/json, application/*+json]
2025-07-01 21:48:10 - Writing [{data=com.banking.dto.TransactionResponse@447bae3c, success=true, message=交易创建成功}]
2025-07-01 21:48:10 - Read "application/json;charset=UTF-8" to [com.banking.dto.TransactionRequest@11e4b511]
2025-07-01 21:48:10 - Using 'application/json', given [*/*] and supported [application/json, application/*+json]
2025-07-01 21:48:10 - Writing [{data=com.banking.dto.TransactionResponse@1a5fab29, success=true, message=交易创建成功}]
2025-07-01 21:48:10 - Using 'application/json', given [*/*] and supported [application/json, application/*+json]
2025-07-01 21:48:10 - Using 'application/json', given [*/*] and supported [application/json, application/*+json]
2025-07-01 21:48:10 - Writing [{data=com.banking.dto.TransactionResponse@35dc6b7, success=true, message=交易创建成功}]
2025-07-01 21:48:10 - Writing [{data=com.banking.dto.TransactionResponse@328a259b, success=true, message=交易创建成功}]
2025-07-01 21:48:10 - Writing [{data=com.banking.dto.TransactionResponse@5fd52720, success=true, message=交易创建成功}]
2025-07-01 21:48:10 - Using 'application/json', given [*/*] and supported [application/json, application/*+json]
2025-07-01 21:48:10 - Using 'application/json', given [*/*] and supported [application/json, application/*+json]
2025-07-01 21:48:10 - Using 'application/json', given [*/*] and supported [application/json, application/*+json]
2025-07-01 21:48:10 - Writing [{data=com.banking.dto.TransactionResponse@7d1273ab, success=true, message=交易创建成功}]
2025-07-01 21:48:10 - Writing [{data=com.banking.dto.TransactionResponse@3e6b865e, success=true, message=交易创建成功}]
2025-07-01 21:48:10 - Writing [{data=com.banking.dto.TransactionResponse@39b5ee58, success=true, message=交易创建成功}]
2025-07-01 21:48:10 - Using 'application/json', given [*/*] and supported [application/json, application/*+json]
2025-07-01 21:48:10 - Writing [{data=com.banking.dto.TransactionResponse@2435d43, success=true, message=交易创建成功}]
2025-07-01 21:48:10 - Mapped to com.banking.controller.TransactionController#createTransaction(TransactionRequest)
2025-07-01 21:48:10 - Mapped to com.banking.controller.TransactionController#createTransaction(TransactionRequest)
2025-07-01 21:48:10 - Mapped to com.banking.controller.TransactionController#createTransaction(TransactionRequest)
2025-07-01 21:48:10 - Mapped to com.banking.controller.TransactionController#createTransaction(TransactionRequest)
2025-07-01 21:48:10 - Mapped to com.banking.controller.TransactionController#createTransaction(TransactionRequest)
2025-07-01 21:48:10 - Read "application/json;charset=UTF-8" to [com.banking.dto.TransactionRequest@16095a8]
2025-07-01 21:48:10 - Mapped to com.banking.controller.TransactionController#createTransaction(TransactionRequest)
2025-07-01 21:48:10 - Using 'application/json', given [*/*] and supported [application/json, application/*+json]
2025-07-01 21:48:10 - Read "application/json;charset=UTF-8" to [com.banking.dto.TransactionRequest@6b40c94a]
2025-07-01 21:48:10 - Writing [{data=com.banking.dto.TransactionResponse@376d0f12, success=true, message=交易创建成功}]
2025-07-01 21:48:10 - Read "application/json;charset=UTF-8" to [com.banking.dto.TransactionRequest@3e83c281]
2025-07-01 21:48:10 - Read "application/json;charset=UTF-8" to [com.banking.dto.TransactionRequest@635d688]
2025-07-01 21:48:10 - Mapped to com.banking.controller.TransactionController#createTransaction(TransactionRequest)
2025-07-01 21:48:10 - Mapped to com.banking.controller.TransactionController#createTransaction(TransactionRequest)
2025-07-01 21:48:10 - Mapped to com.banking.controller.TransactionController#createTransaction(TransactionRequest)
2025-07-01 21:48:10 - Read "application/json;charset=UTF-8" to [com.banking.dto.TransactionRequest@36d5b2c9]
2025-07-01 21:48:10 - Read "application/json;charset=UTF-8" to [com.banking.dto.TransactionRequest@25b890e5]
2025-07-01 21:48:10 - Read "application/json;charset=UTF-8" to [com.banking.dto.TransactionRequest@1faa04ef]
2025-07-01 21:48:10 - Read "application/json;charset=UTF-8" to [com.banking.dto.TransactionRequest@372aa340]
2025-07-01 21:48:10 - Using 'application/json', given [*/*] and supported [application/json, application/*+json]
2025-07-01 21:48:10 - Writing [{data=com.banking.dto.TransactionResponse@6365fb10, success=true, message=交易创建成功}]
2025-07-01 21:48:10 - Using 'application/json', given [*/*] and supported [application/json, application/*+json]
2025-07-01 21:48:10 - Mapped to com.banking.controller.TransactionController#createTransaction(TransactionRequest)
2025-07-01 21:48:10 - Using 'application/json', given [*/*] and supported [application/json, application/*+json]
2025-07-01 21:48:10 - Read "application/json;charset=UTF-8" to [com.banking.dto.TransactionRequest@6211ef9b]
2025-07-01 21:48:10 - Writing [{data=com.banking.dto.TransactionResponse@33144e33, success=true, message=交易创建成功}]
2025-07-01 21:48:10 - Using 'application/json', given [*/*] and supported [application/json, application/*+json]
2025-07-01 21:48:10 - Writing [{data=com.banking.dto.TransactionResponse@3958499d, success=true, message=交易创建成功}]
2025-07-01 21:48:10 - Mapped to com.banking.controller.TransactionController#createTransaction(TransactionRequest)
2025-07-01 21:48:10 - Using 'application/json', given [*/*] and supported [application/json, application/*+json]
2025-07-01 21:48:10 - Writing [{data=com.banking.dto.TransactionResponse@10afb009, success=true, message=交易创建成功}]
2025-07-01 21:48:10 - Using 'application/json', given [*/*] and supported [application/json, application/*+json]
2025-07-01 21:48:10 - Using 'application/json', given [*/*] and supported [application/json, application/*+json]
2025-07-01 21:48:10 - Using 'application/json', given [*/*] and supported [application/json, application/*+json]
2025-07-01 21:48:10 - Writing [{data=com.banking.dto.TransactionResponse@7a82a4d3, success=true, message=交易创建成功}]
2025-07-01 21:48:10 - Writing [{data=com.banking.dto.TransactionResponse@4c634489, success=true, message=交易创建成功}]
2025-07-01 21:48:10 - Writing [{data=com.banking.dto.TransactionResponse@7ad02148, success=true, message=交易创建成功}]
2025-07-01 21:48:10 - Mapped to com.banking.controller.TransactionController#createTransaction(TransactionRequest)
2025-07-01 21:48:10 - Writing [{data=com.banking.dto.TransactionResponse@1ade2db1, success=true, message=交易创建成功}]
2025-07-01 21:48:10 - Read "application/json;charset=UTF-8" to [com.banking.dto.TransactionRequest@5b5dd983]
2025-07-01 21:48:10 - Read "application/json;charset=UTF-8" to [com.banking.dto.TransactionRequest@14e8e645]
2025-07-01 21:48:10 - Read "application/json;charset=UTF-8" to [com.banking.dto.TransactionRequest@1f81b6e1]
2025-07-01 21:48:10 - Using 'application/json', given [*/*] and supported [application/json, application/*+json]
2025-07-01 21:48:10 - Writing [{data=com.banking.dto.TransactionResponse@27212609, success=true, message=交易创建成功}]
2025-07-01 21:48:10 - Using 'application/json', given [*/*] and supported [application/json, application/*+json]
2025-07-01 21:48:10 - Writing [{data=com.banking.dto.TransactionResponse@24fd74f4, success=true, message=交易创建成功}]
2025-07-01 21:48:10 - Mapped to com.banking.controller.TransactionController#createTransaction(TransactionRequest)
2025-07-01 21:48:10 - Mapped to com.banking.controller.TransactionController#createTransaction(TransactionRequest)
2025-07-01 21:48:10 - Mapped to com.banking.controller.TransactionController#createTransaction(TransactionRequest)
2025-07-01 21:48:10 - Mapped to com.banking.controller.TransactionController#createTransaction(TransactionRequest)
2025-07-01 21:48:10 - Mapped to com.banking.controller.TransactionController#createTransaction(TransactionRequest)
2025-07-01 21:48:10 - Mapped to com.banking.controller.TransactionController#createTransaction(TransactionRequest)
2025-07-01 21:48:10 - Mapped to com.banking.controller.TransactionController#createTransaction(TransactionRequest)
2025-07-01 21:48:10 - Read "application/json;charset=UTF-8" to [com.banking.dto.TransactionRequest@49440a3b]
2025-07-01 21:48:10 - Mapped to com.banking.controller.TransactionController#createTransaction(TransactionRequest)
2025-07-01 21:48:10 - Read "application/json;charset=UTF-8" to [com.banking.dto.TransactionRequest@bc2a2ab]
2025-07-01 21:48:10 - Read "application/json;charset=UTF-8" to [com.banking.dto.TransactionRequest@1a57defd]
2025-07-01 21:48:10 - Using 'application/json', given [*/*] and supported [application/json, application/*+json]
2025-07-01 21:48:10 - Read "application/json;charset=UTF-8" to [com.banking.dto.TransactionRequest@6f8062ed]
2025-07-01 21:48:10 - Read "application/json;charset=UTF-8" to [com.banking.dto.TransactionRequest@6363da97]
2025-07-01 21:48:10 - Writing [{data=com.banking.dto.TransactionResponse@2ba7971d, success=true, message=交易创建成功}]
2025-07-01 21:48:10 - Read "application/json;charset=UTF-8" to [com.banking.dto.TransactionRequest@531e9925]
2025-07-01 21:48:10 - Read "application/json;charset=UTF-8" to [com.banking.dto.TransactionRequest@3b5f1aaa]
2025-07-01 21:48:10 - Read "application/json;charset=UTF-8" to [com.banking.dto.TransactionRequest@6f71ec5b]
2025-07-01 21:48:10 - Using 'application/json', given [*/*] and supported [application/json, application/*+json]
2025-07-01 21:48:10 - Using 'application/json', given [*/*] and supported [application/json, application/*+json]
2025-07-01 21:48:10 - Using 'application/json', given [*/*] and supported [application/json, application/*+json]
2025-07-01 21:48:10 - Using 'application/json', given [*/*] and supported [application/json, application/*+json]
2025-07-01 21:48:10 - Using 'application/json', given [*/*] and supported [application/json, application/*+json]
2025-07-01 21:48:10 - Mapped to com.banking.controller.TransactionController#createTransaction(TransactionRequest)
2025-07-01 21:48:10 - Writing [{data=com.banking.dto.TransactionResponse@7e86902c, success=true, message=交易创建成功}]
2025-07-01 21:48:10 - Using 'application/json', given [*/*] and supported [application/json, application/*+json]
2025-07-01 21:48:10 - Writing [{data=com.banking.dto.TransactionResponse@8b852bf, success=true, message=交易创建成功}]
2025-07-01 21:48:10 - Writing [{data=com.banking.dto.TransactionResponse@361b6435, success=true, message=交易创建成功}]
2025-07-01 21:48:10 - Writing [{data=com.banking.dto.TransactionResponse@1db9f147, success=true, message=交易创建成功}]
2025-07-01 21:48:10 - Writing [{data=com.banking.dto.TransactionResponse@306cdfb0, success=true, message=交易创建成功}]
2025-07-01 21:48:10 - Writing [{data=com.banking.dto.TransactionResponse@60132b9f, success=true, message=交易创建成功}]
2025-07-01 21:48:10 - Using 'application/json', given [*/*] and supported [application/json, application/*+json]
2025-07-01 21:48:10 - Mapped to com.banking.controller.TransactionController#createTransaction(TransactionRequest)
2025-07-01 21:48:10 - Writing [{data=com.banking.dto.TransactionResponse@5e90a315, success=true, message=交易创建成功}]
2025-07-01 21:48:10 - Using 'application/json', given [*/*] and supported [application/json, application/*+json]
2025-07-01 21:48:10 - Writing [{data=com.banking.dto.TransactionResponse@6ffc62eb, success=true, message=交易创建成功}]
2025-07-01 21:48:10 - Using 'application/json', given [*/*] and supported [application/json, application/*+json]
2025-07-01 21:48:10 - Writing [{data=com.banking.dto.TransactionResponse@421b5773, success=true, message=交易创建成功}]
2025-07-01 21:48:10 - Read "application/json;charset=UTF-8" to [com.banking.dto.TransactionRequest@41ecb5c9]
2025-07-01 21:48:10 - Read "application/json;charset=UTF-8" to [com.banking.dto.TransactionRequest@2abb7fea]
2025-07-01 21:48:10 - Mapped to com.banking.controller.TransactionController#createTransaction(TransactionRequest)
2025-07-01 21:48:10 - Mapped to com.banking.controller.TransactionController#createTransaction(TransactionRequest)
2025-07-01 21:48:10 - Mapped to com.banking.controller.TransactionController#createTransaction(TransactionRequest)
2025-07-01 21:48:10 - Mapped to com.banking.controller.TransactionController#createTransaction(TransactionRequest)
2025-07-01 21:48:10 - Read "application/json;charset=UTF-8" to [com.banking.dto.TransactionRequest@11c31b52]
2025-07-01 21:48:10 - Read "application/json;charset=UTF-8" to [com.banking.dto.TransactionRequest@20354ca2]
2025-07-01 21:48:10 - Read "application/json;charset=UTF-8" to [com.banking.dto.TransactionRequest@551ab901]
2025-07-01 21:48:10 - Read "application/json;charset=UTF-8" to [com.banking.dto.TransactionRequest@72f19af1]
2025-07-01 21:48:10 - Mapped to com.banking.controller.TransactionController#createTransaction(TransactionRequest)
2025-07-01 21:48:10 - Mapped to com.banking.controller.TransactionController#createTransaction(TransactionRequest)
2025-07-01 21:48:10 - Mapped to com.banking.controller.TransactionController#createTransaction(TransactionRequest)
2025-07-01 21:48:10 - Mapped to com.banking.controller.TransactionController#createTransaction(TransactionRequest)
2025-07-01 21:48:10 - Mapped to com.banking.controller.TransactionController#createTransaction(TransactionRequest)
2025-07-01 21:48:10 - Mapped to com.banking.controller.TransactionController#createTransaction(TransactionRequest)
2025-07-01 21:48:10 - Using 'application/json', given [*/*] and supported [application/json, application/*+json]
2025-07-01 21:48:10 - Using 'application/json', given [*/*] and supported [application/json, application/*+json]
2025-07-01 21:48:10 - Using 'application/json', given [*/*] and supported [application/json, application/*+json]
2025-07-01 21:48:10 - Using 'application/json', given [*/*] and supported [application/json, application/*+json]
2025-07-01 21:48:10 - Writing [{data=com.banking.dto.TransactionResponse@63e17163, success=true, message=交易创建成功}]
2025-07-01 21:48:10 - Writing [{data=com.banking.dto.TransactionResponse@7b09ca8d, success=true, message=交易创建成功}]
2025-07-01 21:48:10 - Using 'application/json', given [*/*] and supported [application/json, application/*+json]
2025-07-01 21:48:10 - Read "application/json;charset=UTF-8" to [com.banking.dto.TransactionRequest@1aa8425a]
2025-07-01 21:48:10 - Using 'application/json', given [*/*] and supported [application/json, application/*+json]
2025-07-01 21:48:10 - Read "application/json;charset=UTF-8" to [com.banking.dto.TransactionRequest@204e9033]
2025-07-01 21:48:10 - Read "application/json;charset=UTF-8" to [com.banking.dto.TransactionRequest@175b3a9a]
2025-07-01 21:48:10 - Writing [{data=com.banking.dto.TransactionResponse@c727df5, success=true, message=交易创建成功}]
2025-07-01 21:48:10 - Read "application/json;charset=UTF-8" to [com.banking.dto.TransactionRequest@2f013d6c]
2025-07-01 21:48:10 - Writing [{data=com.banking.dto.TransactionResponse@33c36017, success=true, message=交易创建成功}]
2025-07-01 21:48:10 - Writing [{data=com.banking.dto.TransactionResponse@37e7dbc9, success=true, message=交易创建成功}]
2025-07-01 21:48:10 - Writing [{data=com.banking.dto.TransactionResponse@48050081, success=true, message=交易创建成功}]
2025-07-01 21:48:10 - Using 'application/json', given [*/*] and supported [application/json, application/*+json]
2025-07-01 21:48:10 - Using 'application/json', given [*/*] and supported [application/json, application/*+json]
2025-07-01 21:48:10 - Writing [{data=com.banking.dto.TransactionResponse@7f1a30d4, success=true, message=交易创建成功}]
2025-07-01 21:48:10 - Read "application/json;charset=UTF-8" to [com.banking.dto.TransactionRequest@2637791]
2025-07-01 21:48:10 - Read "application/json;charset=UTF-8" to [com.banking.dto.TransactionRequest@3a8d3a66]
2025-07-01 21:48:10 - Using 'application/json', given [*/*] and supported [application/json, application/*+json]
2025-07-01 21:48:10 - Writing [{data=com.banking.dto.TransactionResponse@1a603fbd, success=true, message=交易创建成功}]
2025-07-01 21:48:10 - Using 'application/json', given [*/*] and supported [application/json, application/*+json]
2025-07-01 21:48:10 - Writing [{data=com.banking.dto.TransactionResponse@6d2e4f0d, success=true, message=交易创建成功}]
2025-07-01 21:48:10 - Writing [{data=com.banking.dto.TransactionResponse@765ff557, success=true, message=交易创建成功}]
2025-07-01 21:48:10 - Mapped to com.banking.controller.TransactionController#createTransaction(TransactionRequest)
2025-07-01 21:48:10 - Mapped to com.banking.controller.TransactionController#createTransaction(TransactionRequest)
2025-07-01 21:48:10 - Mapped to com.banking.controller.TransactionController#createTransaction(TransactionRequest)
2025-07-01 21:48:10 - Mapped to com.banking.controller.TransactionController#createTransaction(TransactionRequest)
2025-07-01 21:48:10 - Mapped to com.banking.controller.TransactionController#createTransaction(TransactionRequest)
2025-07-01 21:48:10 - Mapped to com.banking.controller.TransactionController#createTransaction(TransactionRequest)
2025-07-01 21:48:10 - Using 'application/json', given [*/*] and supported [application/json, application/*+json]
2025-07-01 21:48:10 - Writing [{data=com.banking.dto.TransactionResponse@6cd4e50a, success=true, message=交易创建成功}]
2025-07-01 21:48:10 - Using 'application/json', given [*/*] and supported [application/json, application/*+json]
2025-07-01 21:48:10 - Read "application/json;charset=UTF-8" to [com.banking.dto.TransactionRequest@35d1f050]
2025-07-01 21:48:10 - Read "application/json;charset=UTF-8" to [com.banking.dto.TransactionRequest@28abd44]
2025-07-01 21:48:10 - Read "application/json;charset=UTF-8" to [com.banking.dto.TransactionRequest@44fa059f]
2025-07-01 21:48:10 - Writing [{data=com.banking.dto.TransactionResponse@7e15b047, success=true, message=交易创建成功}]
2025-07-01 21:48:10 - Using 'application/json', given [*/*] and supported [application/json, application/*+json]
2025-07-01 21:48:10 - Mapped to com.banking.controller.TransactionController#createTransaction(TransactionRequest)
2025-07-01 21:48:10 - Writing [{data=com.banking.dto.TransactionResponse@550204ae, success=true, message=交易创建成功}]
2025-07-01 21:48:10 - Mapped to com.banking.controller.TransactionController#createTransaction(TransactionRequest)
2025-07-01 21:48:10 - Mapped to com.banking.controller.TransactionController#createTransaction(TransactionRequest)
2025-07-01 21:48:10 - Read "application/json;charset=UTF-8" to [com.banking.dto.TransactionRequest@316bf7b6]
2025-07-01 21:48:10 - Read "application/json;charset=UTF-8" to [com.banking.dto.TransactionRequest@221353eb]
2025-07-01 21:48:10 - Using 'application/json', given [*/*] and supported [application/json, application/*+json]
2025-07-01 21:48:10 - Read "application/json;charset=UTF-8" to [com.banking.dto.TransactionRequest@698e5d7d]
2025-07-01 21:48:10 - Writing [{data=com.banking.dto.TransactionResponse@2716919, success=true, message=交易创建成功}]
2025-07-01 21:48:10 - Using 'application/json', given [*/*] and supported [application/json, application/*+json]
2025-07-01 21:48:10 - Using 'application/json', given [*/*] and supported [application/json, application/*+json]
2025-07-01 21:48:10 - Writing [{data=com.banking.dto.TransactionResponse@70bb5f3b, success=true, message=交易创建成功}]
2025-07-01 21:48:10 - Writing [{data=com.banking.dto.TransactionResponse@501858a6, success=true, message=交易创建成功}]
2025-07-01 21:48:10 - Read "application/json;charset=UTF-8" to [com.banking.dto.TransactionRequest@6b34a883]
2025-07-01 21:48:10 - Read "application/json;charset=UTF-8" to [com.banking.dto.TransactionRequest@719e443a]
2025-07-01 21:48:10 - Read "application/json;charset=UTF-8" to [com.banking.dto.TransactionRequest@71e81ef9]
2025-07-01 21:48:10 - Using 'application/json', given [*/*] and supported [application/json, application/*+json]
2025-07-01 21:48:10 - Mapped to com.banking.controller.TransactionController#createTransaction(TransactionRequest)
2025-07-01 21:48:10 - Writing [{data=com.banking.dto.TransactionResponse@2fa32a2, success=true, message=交易创建成功}]
2025-07-01 21:48:10 - Using 'application/json', given [*/*] and supported [application/json, application/*+json]
2025-07-01 21:48:10 - Writing [{data=com.banking.dto.TransactionResponse@7ff5ab4c, success=true, message=交易创建成功}]
2025-07-01 21:48:10 - Using 'application/json', given [*/*] and supported [application/json, application/*+json]
2025-07-01 21:48:10 - Writing [{data=com.banking.dto.TransactionResponse@fde37b0, success=true, message=交易创建成功}]
2025-07-01 21:48:10 - Mapped to com.banking.controller.TransactionController#createTransaction(TransactionRequest)
2025-07-01 21:48:10 - Read "application/json;charset=UTF-8" to [com.banking.dto.TransactionRequest@7fa285d8]
2025-07-01 21:48:10 - Using 'application/json', given [*/*] and supported [application/json, application/*+json]
2025-07-01 21:48:10 - Writing [{data=com.banking.dto.TransactionResponse@ab6e68e, success=true, message=交易创建成功}]
2025-07-01 21:48:10 - Read "application/json;charset=UTF-8" to [com.banking.dto.TransactionRequest@73b14d32]
2025-07-01 21:48:10 - Mapped to com.banking.controller.TransactionController#createTransaction(TransactionRequest)
2025-07-01 21:48:10 - Mapped to com.banking.controller.TransactionController#createTransaction(TransactionRequest)
2025-07-01 21:48:10 - Mapped to com.banking.controller.TransactionController#createTransaction(TransactionRequest)
2025-07-01 21:48:10 - Using 'application/json', given [*/*] and supported [application/json, application/*+json]
2025-07-01 21:48:10 - Using 'application/json', given [*/*] and supported [application/json, application/*+json]
2025-07-01 21:48:10 - Using 'application/json', given [*/*] and supported [application/json, application/*+json]
2025-07-01 21:48:10 - Mapped to com.banking.controller.TransactionController#createTransaction(TransactionRequest)
2025-07-01 21:48:10 - Using 'application/json', given [*/*] and supported [application/json, application/*+json]
2025-07-01 21:48:10 - Mapped to com.banking.controller.TransactionController#createTransaction(TransactionRequest)
2025-07-01 21:48:10 - Writing [{data=com.banking.dto.TransactionResponse@912c229, success=true, message=交易创建成功}]
2025-07-01 21:48:10 - Writing [{data=com.banking.dto.TransactionResponse@8cf9ba1, success=true, message=交易创建成功}]
2025-07-01 21:48:10 - Using 'application/json', given [*/*] and supported [application/json, application/*+json]
2025-07-01 21:48:10 - Writing [{data=com.banking.dto.TransactionResponse@73a2052c, success=true, message=交易创建成功}]
2025-07-01 21:48:10 - Writing [{data=com.banking.dto.TransactionResponse@69110615, success=true, message=交易创建成功}]
2025-07-01 21:48:10 - Writing [{data=com.banking.dto.TransactionResponse@5e48e339, success=true, message=交易创建成功}]
2025-07-01 21:48:10 - Mapped to com.banking.controller.TransactionController#createTransaction(TransactionRequest)
2025-07-01 21:48:10 - Read "application/json;charset=UTF-8" to [com.banking.dto.TransactionRequest@7421b6d9]
2025-07-01 21:48:10 - Read "application/json;charset=UTF-8" to [com.banking.dto.TransactionRequest@34e07f6c]
2025-07-01 21:48:10 - Read "application/json;charset=UTF-8" to [com.banking.dto.TransactionRequest@50fa544d]
2025-07-01 21:48:10 - Read "application/json;charset=UTF-8" to [com.banking.dto.TransactionRequest@6d8d630f]
2025-07-01 21:48:10 - Mapped to com.banking.controller.TransactionController#createTransaction(TransactionRequest)
2025-07-01 21:48:10 - Read "application/json;charset=UTF-8" to [com.banking.dto.TransactionRequest@6ff5d5cf]
2025-07-01 21:48:10 - Read "application/json;charset=UTF-8" to [com.banking.dto.TransactionRequest@7664dcc2]
2025-07-01 21:48:10 - Mapped to com.banking.controller.TransactionController#createTransaction(TransactionRequest)
2025-07-01 21:48:10 - Using 'application/json', given [*/*] and supported [application/json, application/*+json]
2025-07-01 21:48:10 - Read "application/json;charset=UTF-8" to [com.banking.dto.TransactionRequest@1ec01cfc]
2025-07-01 21:48:10 - Writing [{data=com.banking.dto.TransactionResponse@58b40711, success=true, message=交易创建成功}]
2025-07-01 21:48:10 - Mapped to com.banking.controller.TransactionController#createTransaction(TransactionRequest)
2025-07-01 21:48:10 - Read "application/json;charset=UTF-8" to [com.banking.dto.TransactionRequest@757f4598]
2025-07-01 21:48:10 - Read "application/json;charset=UTF-8" to [com.banking.dto.TransactionRequest@5d798360]
2025-07-01 21:48:10 - Using 'application/json', given [*/*] and supported [application/json, application/*+json]
2025-07-01 21:48:10 - Using 'application/json', given [*/*] and supported [application/json, application/*+json]
2025-07-01 21:48:10 - Using 'application/json', given [*/*] and supported [application/json, application/*+json]
2025-07-01 21:48:10 - Writing [{data=com.banking.dto.TransactionResponse@3ad97678, success=true, message=交易创建成功}]
2025-07-01 21:48:10 - Writing [{data=com.banking.dto.TransactionResponse@693df802, success=true, message=交易创建成功}]
2025-07-01 21:48:10 - Using 'application/json', given [*/*] and supported [application/json, application/*+json]
2025-07-01 21:48:10 - Writing [{data=com.banking.dto.TransactionResponse@29d470cd, success=true, message=交易创建成功}]
2025-07-01 21:48:10 - Writing [{data=com.banking.dto.TransactionResponse@133f24c9, success=true, message=交易创建成功}]
2025-07-01 21:48:10 - Mapped to com.banking.controller.TransactionController#createTransaction(TransactionRequest)
2025-07-01 21:48:10 - Mapped to com.banking.controller.TransactionController#createTransaction(TransactionRequest)
2025-07-01 21:48:10 - Mapped to com.banking.controller.TransactionController#createTransaction(TransactionRequest)
2025-07-01 21:48:10 - Mapped to com.banking.controller.TransactionController#createTransaction(TransactionRequest)
2025-07-01 21:48:10 - Read "application/json;charset=UTF-8" to [com.banking.dto.TransactionRequest@5b43867]
2025-07-01 21:48:10 - Read "application/json;charset=UTF-8" to [com.banking.dto.TransactionRequest@37a5d50e]
2025-07-01 21:48:10 - Read "application/json;charset=UTF-8" to [com.banking.dto.TransactionRequest@665d0904]
2025-07-01 21:48:10 - Read "application/json;charset=UTF-8" to [com.banking.dto.TransactionRequest@5d2f4ddd]
2025-07-01 21:48:10 - Using 'application/json', given [*/*] and supported [application/json, application/*+json]
2025-07-01 21:48:10 - Using 'application/json', given [*/*] and supported [application/json, application/*+json]
2025-07-01 21:48:10 - Writing [{data=com.banking.dto.TransactionResponse@4d69356f, success=true, message=交易创建成功}]
2025-07-01 21:48:10 - Writing [{data=com.banking.dto.TransactionResponse@9a840c0, success=true, message=交易创建成功}]
2025-07-01 21:48:10 - Mapped to com.banking.controller.TransactionController#createTransaction(TransactionRequest)
2025-07-01 21:48:10 - Read "application/json;charset=UTF-8" to [com.banking.dto.TransactionRequest@17879112]
2025-07-01 21:48:10 - Using 'application/json', given [*/*] and supported [application/json, application/*+json]
2025-07-01 21:48:10 - Using 'application/json', given [*/*] and supported [application/json, application/*+json]
2025-07-01 21:48:10 - Writing [{data=com.banking.dto.TransactionResponse@473ae390, success=true, message=交易创建成功}]
2025-07-01 21:48:10 - Writing [{data=com.banking.dto.TransactionResponse@4a627e6a, success=true, message=交易创建成功}]
2025-07-01 21:48:10 - Using 'application/json', given [*/*] and supported [application/json, application/*+json]
2025-07-01 21:48:10 - Mapped to com.banking.controller.TransactionController#createTransaction(TransactionRequest)
2025-07-01 21:48:10 - Writing [{data=com.banking.dto.TransactionResponse@70ec9e56, success=true, message=交易创建成功}]
2025-07-01 21:48:10 - Mapped to com.banking.controller.TransactionController#createTransaction(TransactionRequest)
2025-07-01 21:48:10 - Mapped to com.banking.controller.TransactionController#createTransaction(TransactionRequest)
2025-07-01 21:48:10 - Read "application/json;charset=UTF-8" to [com.banking.dto.TransactionRequest@52f4a969]
2025-07-01 21:48:10 - Mapped to com.banking.controller.TransactionController#createTransaction(TransactionRequest)
2025-07-01 21:48:10 - Read "application/json;charset=UTF-8" to [com.banking.dto.TransactionRequest@585b0b74]
2025-07-01 21:48:10 - Read "application/json;charset=UTF-8" to [com.banking.dto.TransactionRequest@2ac76257]
2025-07-01 21:48:10 - Mapped to com.banking.controller.TransactionController#createTransaction(TransactionRequest)
2025-07-01 21:48:10 - Mapped to com.banking.controller.TransactionController#createTransaction(TransactionRequest)
2025-07-01 21:48:10 - Using 'application/json', given [*/*] and supported [application/json, application/*+json]
2025-07-01 21:48:10 - Read "application/json;charset=UTF-8" to [com.banking.dto.TransactionRequest@65bec2b2]
2025-07-01 21:48:10 - Writing [{data=com.banking.dto.TransactionResponse@727ec2ae, success=true, message=交易创建成功}]
2025-07-01 21:48:10 - Read "application/json;charset=UTF-8" to [com.banking.dto.TransactionRequest@57f5515e]
2025-07-01 21:48:10 - Using 'application/json', given [*/*] and supported [application/json, application/*+json]
2025-07-01 21:48:10 - Read "application/json;charset=UTF-8" to [com.banking.dto.TransactionRequest@77019f3c]
2025-07-01 21:48:10 - Writing [{data=com.banking.dto.TransactionResponse@5e80e85e, success=true, message=交易创建成功}]
2025-07-01 21:48:10 - Using 'application/json', given [*/*] and supported [application/json, application/*+json]
2025-07-01 21:48:10 - Using 'application/json', given [*/*] and supported [application/json, application/*+json]
2025-07-01 21:48:10 - Writing [{data=com.banking.dto.TransactionResponse@3857e719, success=true, message=交易创建成功}]
2025-07-01 21:48:10 - Mapped to com.banking.controller.TransactionController#createTransaction(TransactionRequest)
2025-07-01 21:48:10 - Using 'application/json', given [*/*] and supported [application/json, application/*+json]
2025-07-01 21:48:10 - Writing [{data=com.banking.dto.TransactionResponse@4cdd2716, success=true, message=交易创建成功}]
2025-07-01 21:48:10 - Mapped to com.banking.controller.TransactionController#createTransaction(TransactionRequest)
2025-07-01 21:48:10 - Mapped to com.banking.controller.TransactionController#createTransaction(TransactionRequest)
2025-07-01 21:48:10 - Writing [{data=com.banking.dto.TransactionResponse@3cb6e30d, success=true, message=交易创建成功}]
2025-07-01 21:48:10 - Using 'application/json', given [*/*] and supported [application/json, application/*+json]
2025-07-01 21:48:10 - Writing [{data=com.banking.dto.TransactionResponse@20b0ab2c, success=true, message=交易创建成功}]
2025-07-01 21:48:10 - Using 'application/json', given [*/*] and supported [application/json, application/*+json]
2025-07-01 21:48:10 - Writing [{data=com.banking.dto.TransactionResponse@1762a6d6, success=true, message=交易创建成功}]
2025-07-01 21:48:10 - Read "application/json;charset=UTF-8" to [com.banking.dto.TransactionRequest@30e9cf8]
2025-07-01 21:48:10 - Read "application/json;charset=UTF-8" to [com.banking.dto.TransactionRequest@442bb5d4]
2025-07-01 21:48:10 - Read "application/json;charset=UTF-8" to [com.banking.dto.TransactionRequest@503db6a8]
2025-07-01 21:48:10 - Using 'application/json', given [*/*] and supported [application/json, application/*+json]
2025-07-01 21:48:10 - Writing [{data=com.banking.dto.TransactionResponse@d17ec81, success=true, message=交易创建成功}]
2025-07-01 21:48:10 - Mapped to com.banking.controller.TransactionController#createTransaction(TransactionRequest)
2025-07-01 21:48:10 - Mapped to com.banking.controller.TransactionController#createTransaction(TransactionRequest)
2025-07-01 21:48:10 - Using 'application/json', given [*/*] and supported [application/json, application/*+json]
2025-07-01 21:48:10 - Writing [{data=com.banking.dto.TransactionResponse@3cc70ff0, success=true, message=交易创建成功}]
2025-07-01 21:48:10 - Using 'application/json', given [*/*] and supported [application/json, application/*+json]
2025-07-01 21:48:10 - Writing [{data=com.banking.dto.TransactionResponse@5bf365dd, success=true, message=交易创建成功}]
2025-07-01 21:48:10 - Read "application/json;charset=UTF-8" to [com.banking.dto.TransactionRequest@46515b1e]
2025-07-01 21:48:10 - Read "application/json;charset=UTF-8" to [com.banking.dto.TransactionRequest@39b0432c]
2025-07-01 21:48:10 - Using 'application/json', given [*/*] and supported [application/json, application/*+json]
2025-07-01 21:48:10 - Using 'application/json', given [*/*] and supported [application/json, application/*+json]
2025-07-01 21:48:10 - Writing [{data=com.banking.dto.TransactionResponse@7b67b900, success=true, message=交易创建成功}]
2025-07-01 21:48:10 - Writing [{data=com.banking.dto.TransactionResponse@4890f678, success=true, message=交易创建成功}]
2025-07-01 21:48:10 - Using 'application/json', given [*/*] and supported [application/json, application/*+json]
2025-07-01 21:48:10 - Mapped to com.banking.controller.TransactionController#createTransaction(TransactionRequest)
2025-07-01 21:48:10 - Mapped to com.banking.controller.TransactionController#createTransaction(TransactionRequest)
2025-07-01 21:48:10 - Mapped to com.banking.controller.TransactionController#createTransaction(TransactionRequest)
2025-07-01 21:48:10 - Mapped to com.banking.controller.TransactionController#createTransaction(TransactionRequest)
2025-07-01 21:48:10 - Mapped to com.banking.controller.TransactionController#createTransaction(TransactionRequest)
2025-07-01 21:48:10 - Writing [{data=com.banking.dto.TransactionResponse@16b7ac33, success=true, message=交易创建成功}]
2025-07-01 21:48:10 - Using 'application/json', given [*/*] and supported [application/json, application/*+json]
2025-07-01 21:48:10 - Using 'application/json', given [*/*] and supported [application/json, application/*+json]
2025-07-01 21:48:10 - Writing [{data=com.banking.dto.TransactionResponse@59fed23a, success=true, message=交易创建成功}]
2025-07-01 21:48:10 - Writing [{data=com.banking.dto.TransactionResponse@4de79734, success=true, message=交易创建成功}]
2025-07-01 21:48:10 - Read "application/json;charset=UTF-8" to [com.banking.dto.TransactionRequest@a7151c7]
2025-07-01 21:48:10 - Read "application/json;charset=UTF-8" to [com.banking.dto.TransactionRequest@32078d7b]
2025-07-01 21:48:10 - Read "application/json;charset=UTF-8" to [com.banking.dto.TransactionRequest@4ac2b9a8]
2025-07-01 21:48:10 - Using 'application/json', given [*/*] and supported [application/json, application/*+json]
2025-07-01 21:48:10 - Writing [{data=com.banking.dto.TransactionResponse@7996053e, success=true, message=交易创建成功}]
2025-07-01 21:48:10 - Using 'application/json', given [*/*] and supported [application/json, application/*+json]
2025-07-01 21:48:10 - Writing [{data=com.banking.dto.TransactionResponse@67360df5, success=true, message=交易创建成功}]
2025-07-01 21:48:10 - Mapped to com.banking.controller.TransactionController#createTransaction(TransactionRequest)
2025-07-01 21:48:10 - Using 'application/json', given [*/*] and supported [application/json, application/*+json]
2025-07-01 21:48:10 - Using 'application/json', given [*/*] and supported [application/json, application/*+json]
2025-07-01 21:48:10 - Mapped to com.banking.controller.TransactionController#createTransaction(TransactionRequest)
2025-07-01 21:48:10 - Writing [{data=com.banking.dto.TransactionResponse@53dd1bec, success=true, message=交易创建成功}]
2025-07-01 21:48:10 - Writing [{data=com.banking.dto.TransactionResponse@701f57f2, success=true, message=交易创建成功}]
2025-07-01 21:48:10 - Mapped to com.banking.controller.TransactionController#createTransaction(TransactionRequest)
2025-07-01 21:48:10 - Read "application/json;charset=UTF-8" to [com.banking.dto.TransactionRequest@2757f211]
2025-07-01 21:48:10 - Read "application/json;charset=UTF-8" to [com.banking.dto.TransactionRequest@36440b2a]
2025-07-01 21:48:10 - Using 'application/json', given [*/*] and supported [application/json, application/*+json]
2025-07-01 21:48:10 - Writing [{data=com.banking.dto.TransactionResponse@5bf1fdd9, success=true, message=交易创建成功}]
2025-07-01 21:48:10 - Read "application/json;charset=UTF-8" to [com.banking.dto.TransactionRequest@3b6821c0]
2025-07-01 21:48:10 - Read "application/json;charset=UTF-8" to [com.banking.dto.TransactionRequest@1cb5846b]
2025-07-01 21:48:10 - Mapped to com.banking.controller.TransactionController#createTransaction(TransactionRequest)
2025-07-01 21:48:10 - Read "application/json;charset=UTF-8" to [com.banking.dto.TransactionRequest@9a27e49]
2025-07-01 21:48:10 - Mapped to com.banking.controller.TransactionController#createTransaction(TransactionRequest)
2025-07-01 21:48:10 - Mapped to com.banking.controller.TransactionController#createTransaction(TransactionRequest)
2025-07-01 21:48:10 - Mapped to com.banking.controller.TransactionController#createTransaction(TransactionRequest)
2025-07-01 21:48:10 - Mapped to com.banking.controller.TransactionController#createTransaction(TransactionRequest)
2025-07-01 21:48:10 - Mapped to com.banking.controller.TransactionController#createTransaction(TransactionRequest)
2025-07-01 21:48:10 - Read "application/json;charset=UTF-8" to [com.banking.dto.TransactionRequest@6d72edb0]
2025-07-01 21:48:10 - Mapped to com.banking.controller.TransactionController#createTransaction(TransactionRequest)
2025-07-01 21:48:10 - Read "application/json;charset=UTF-8" to [com.banking.dto.TransactionRequest@9c0f755]
2025-07-01 21:48:10 - Read "application/json;charset=UTF-8" to [com.banking.dto.TransactionRequest@1e44c720]
2025-07-01 21:48:10 - Read "application/json;charset=UTF-8" to [com.banking.dto.TransactionRequest@6f6619d1]
2025-07-01 21:48:10 - Read "application/json;charset=UTF-8" to [com.banking.dto.TransactionRequest@3083a090]
2025-07-01 21:48:10 - Mapped to com.banking.controller.TransactionController#createTransaction(TransactionRequest)
2025-07-01 21:48:10 - Read "application/json;charset=UTF-8" to [com.banking.dto.TransactionRequest@7bf593bc]
2025-07-01 21:48:10 - Read "application/json;charset=UTF-8" to [com.banking.dto.TransactionRequest@5758e1ae]
2025-07-01 21:48:10 - Mapped to com.banking.controller.TransactionController#createTransaction(TransactionRequest)
2025-07-01 21:48:10 - Read "application/json;charset=UTF-8" to [com.banking.dto.TransactionRequest@3bb24551]
2025-07-01 21:48:10 - Read "application/json;charset=UTF-8" to [com.banking.dto.TransactionRequest@3ede2ac8]
2025-07-01 21:48:10 - Mapped to com.banking.controller.TransactionController#createTransaction(TransactionRequest)
2025-07-01 21:48:10 - Using 'application/json', given [*/*] and supported [application/json, application/*+json]
2025-07-01 21:48:10 - Using 'application/json', given [*/*] and supported [application/json, application/*+json]
2025-07-01 21:48:10 - Using 'application/json', given [*/*] and supported [application/json, application/*+json]
2025-07-01 21:48:10 - Using 'application/json', given [*/*] and supported [application/json, application/*+json]
2025-07-01 21:48:10 - Using 'application/json', given [*/*] and supported [application/json, application/*+json]
2025-07-01 21:48:10 - Writing [{data=com.banking.dto.TransactionResponse@15e748db, success=true, message=交易创建成功}]
2025-07-01 21:48:10 - Writing [{data=com.banking.dto.TransactionResponse@67b6da56, success=true, message=交易创建成功}]
2025-07-01 21:48:10 - Using 'application/json', given [*/*] and supported [application/json, application/*+json]
2025-07-01 21:48:10 - Writing [{data=com.banking.dto.TransactionResponse@71cbcaf5, success=true, message=交易创建成功}]
2025-07-01 21:48:10 - Writing [{data=com.banking.dto.TransactionResponse@2afb0362, success=true, message=交易创建成功}]
2025-07-01 21:48:10 - Writing [{data=com.banking.dto.TransactionResponse@44fdd2cf, success=true, message=交易创建成功}]
2025-07-01 21:48:10 - Writing [{data=com.banking.dto.TransactionResponse@30a08d57, success=true, message=交易创建成功}]
2025-07-01 21:48:10 - Using 'application/json', given [*/*] and supported [application/json, application/*+json]
2025-07-01 21:48:10 - Read "application/json;charset=UTF-8" to [com.banking.dto.TransactionRequest@4ccfcbdb]
2025-07-01 21:48:10 - Writing [{data=com.banking.dto.TransactionResponse@77d708df, success=true, message=交易创建成功}]
2025-07-01 21:48:10 - Using 'application/json', given [*/*] and supported [application/json, application/*+json]
2025-07-01 21:48:10 - Writing [{data=com.banking.dto.TransactionResponse@2514590f, success=true, message=交易创建成功}]
2025-07-01 21:48:10 - Using 'application/json', given [*/*] and supported [application/json, application/*+json]
2025-07-01 21:48:10 - Writing [{data=com.banking.dto.TransactionResponse@5c7a8ca9, success=true, message=交易创建成功}]
2025-07-01 21:48:10 - Using 'application/json', given [*/*] and supported [application/json, application/*+json]
2025-07-01 21:48:10 - Writing [{data=com.banking.dto.TransactionResponse@2fd8e8a1, success=true, message=交易创建成功}]
2025-07-01 21:48:10 - Mapped to com.banking.controller.TransactionController#createTransaction(TransactionRequest)
2025-07-01 21:48:10 - Mapped to com.banking.controller.TransactionController#createTransaction(TransactionRequest)
2025-07-01 21:48:10 - Mapped to com.banking.controller.TransactionController#createTransaction(TransactionRequest)
2025-07-01 21:48:10 - Mapped to com.banking.controller.TransactionController#createTransaction(TransactionRequest)
2025-07-01 21:48:10 - Mapped to com.banking.controller.TransactionController#createTransaction(TransactionRequest)
2025-07-01 21:48:10 - Mapped to com.banking.controller.TransactionController#createTransaction(TransactionRequest)
2025-07-01 21:48:10 - Mapped to com.banking.controller.TransactionController#createTransaction(TransactionRequest)
2025-07-01 21:48:10 - Mapped to com.banking.controller.TransactionController#createTransaction(TransactionRequest)
2025-07-01 21:48:10 - Mapped to com.banking.controller.TransactionController#createTransaction(TransactionRequest)
2025-07-01 21:48:10 - Read "application/json;charset=UTF-8" to [com.banking.dto.TransactionRequest@5fe74d11]
2025-07-01 21:48:10 - Read "application/json;charset=UTF-8" to [com.banking.dto.TransactionRequest@b77246b]
2025-07-01 21:48:10 - Read "application/json;charset=UTF-8" to [com.banking.dto.TransactionRequest@d4cf0d0]
2025-07-01 21:48:10 - Read "application/json;charset=UTF-8" to [com.banking.dto.TransactionRequest@5033b98a]
2025-07-01 21:48:10 - Read "application/json;charset=UTF-8" to [com.banking.dto.TransactionRequest@4e335add]
2025-07-01 21:48:10 - Read "application/json;charset=UTF-8" to [com.banking.dto.TransactionRequest@3e7f1b1b]
2025-07-01 21:48:10 - Read "application/json;charset=UTF-8" to [com.banking.dto.TransactionRequest@641e1808]
2025-07-01 21:48:10 - Read "application/json;charset=UTF-8" to [com.banking.dto.TransactionRequest@459cd751]
2025-07-01 21:48:10 - Read "application/json;charset=UTF-8" to [com.banking.dto.TransactionRequest@16325c62]
2025-07-01 21:48:10 - Using 'application/json', given [*/*] and supported [application/json, application/*+json]
2025-07-01 21:48:10 - Writing [{data=com.banking.dto.TransactionResponse@1e816f39, success=true, message=交易创建成功}]
2025-07-01 21:48:10 - Mapped to com.banking.controller.TransactionController#createTransaction(TransactionRequest)
2025-07-01 21:48:10 - Using 'application/json', given [*/*] and supported [application/json, application/*+json]
2025-07-01 21:48:10 - Using 'application/json', given [*/*] and supported [application/json, application/*+json]
2025-07-01 21:48:10 - Writing [{data=com.banking.dto.TransactionResponse@24b36eaf, success=true, message=交易创建成功}]
2025-07-01 21:48:10 - Using 'application/json', given [*/*] and supported [application/json, application/*+json]
2025-07-01 21:48:10 - Writing [{data=com.banking.dto.TransactionResponse@75201400, success=true, message=交易创建成功}]
2025-07-01 21:48:10 - Writing [{data=com.banking.dto.TransactionResponse@3df760ed, success=true, message=交易创建成功}]
2025-07-01 21:48:10 - Using 'application/json', given [*/*] and supported [application/json, application/*+json]
2025-07-01 21:48:10 - Using 'application/json', given [*/*] and supported [application/json, application/*+json]
2025-07-01 21:48:10 - Using 'application/json', given [*/*] and supported [application/json, application/*+json]
2025-07-01 21:48:10 - Writing [{data=com.banking.dto.TransactionResponse@33576dfc, success=true, message=交易创建成功}]
2025-07-01 21:48:10 - Writing [{data=com.banking.dto.TransactionResponse@416e8481, success=true, message=交易创建成功}]
2025-07-01 21:48:10 - Writing [{data=com.banking.dto.TransactionResponse@7ce7efe1, success=true, message=交易创建成功}]
2025-07-01 21:48:10 - Using 'application/json', given [*/*] and supported [application/json, application/*+json]
2025-07-01 21:48:10 - Using 'application/json', given [*/*] and supported [application/json, application/*+json]
2025-07-01 21:48:10 - Using 'application/json', given [*/*] and supported [application/json, application/*+json]
2025-07-01 21:48:10 - Writing [{data=com.banking.dto.TransactionResponse@20058cf9, success=true, message=交易创建成功}]
2025-07-01 21:48:10 - Read "application/json;charset=UTF-8" to [com.banking.dto.TransactionRequest@66f199c3]
2025-07-01 21:48:10 - Writing [{data=com.banking.dto.TransactionResponse@44486494, success=true, message=交易创建成功}]
2025-07-01 21:48:10 - Writing [{data=com.banking.dto.TransactionResponse@559c30b6, success=true, message=交易创建成功}]
2025-07-01 21:48:10 - Mapped to com.banking.controller.TransactionController#createTransaction(TransactionRequest)
2025-07-01 21:48:10 - Mapped to com.banking.controller.TransactionController#createTransaction(TransactionRequest)
2025-07-01 21:48:10 - Mapped to com.banking.controller.TransactionController#createTransaction(TransactionRequest)
2025-07-01 21:48:10 - Mapped to com.banking.controller.TransactionController#createTransaction(TransactionRequest)
2025-07-01 21:48:10 - Mapped to com.banking.controller.TransactionController#createTransaction(TransactionRequest)
2025-07-01 21:48:10 - Mapped to com.banking.controller.TransactionController#createTransaction(TransactionRequest)
2025-07-01 21:48:10 - Mapped to com.banking.controller.TransactionController#createTransaction(TransactionRequest)
2025-07-01 21:48:10 - Read "application/json;charset=UTF-8" to [com.banking.dto.TransactionRequest@4c040374]
2025-07-01 21:48:10 - Read "application/json;charset=UTF-8" to [com.banking.dto.TransactionRequest@1aafe2d6]
2025-07-01 21:48:10 - Read "application/json;charset=UTF-8" to [com.banking.dto.TransactionRequest@74b93565]
2025-07-01 21:48:10 - Read "application/json;charset=UTF-8" to [com.banking.dto.TransactionRequest@4559fca6]
2025-07-01 21:48:10 - Read "application/json;charset=UTF-8" to [com.banking.dto.TransactionRequest@6c4e44c]
2025-07-01 21:48:10 - Read "application/json;charset=UTF-8" to [com.banking.dto.TransactionRequest@661e5120]
2025-07-01 21:48:10 - Read "application/json;charset=UTF-8" to [com.banking.dto.TransactionRequest@2e945b97]
2025-07-01 21:48:10 - Mapped to com.banking.controller.TransactionController#createTransaction(TransactionRequest)
2025-07-01 21:48:10 - Mapped to com.banking.controller.TransactionController#createTransaction(TransactionRequest)
2025-07-01 21:48:10 - Mapped to com.banking.controller.TransactionController#createTransaction(TransactionRequest)
2025-07-01 21:48:10 - Using 'application/json', given [*/*] and supported [application/json, application/*+json]
2025-07-01 21:48:10 - Using 'application/json', given [*/*] and supported [application/json, application/*+json]
2025-07-01 21:48:10 - Using 'application/json', given [*/*] and supported [application/json, application/*+json]
2025-07-01 21:48:10 - Writing [{data=com.banking.dto.TransactionResponse@af88d4e, success=true, message=交易创建成功}]
2025-07-01 21:48:10 - Using 'application/json', given [*/*] and supported [application/json, application/*+json]
2025-07-01 21:48:10 - Using 'application/json', given [*/*] and supported [application/json, application/*+json]
2025-07-01 21:48:10 - Writing [{data=com.banking.dto.TransactionResponse@76576ee8, success=true, message=交易创建成功}]
2025-07-01 21:48:10 - Writing [{data=com.banking.dto.TransactionResponse@3dcf4b64, success=true, message=交易创建成功}]
2025-07-01 21:48:10 - Read "application/json;charset=UTF-8" to [com.banking.dto.TransactionRequest@4e55716c]
2025-07-01 21:48:10 - Using 'application/json', given [*/*] and supported [application/json, application/*+json]
2025-07-01 21:48:10 - Writing [{data=com.banking.dto.TransactionResponse@4593cdfd, success=true, message=交易创建成功}]
2025-07-01 21:48:10 - Read "application/json;charset=UTF-8" to [com.banking.dto.TransactionRequest@40760bec]
2025-07-01 21:48:10 - Using 'application/json', given [*/*] and supported [application/json, application/*+json]
2025-07-01 21:48:10 - Using 'application/json', given [*/*] and supported [application/json, application/*+json]
2025-07-01 21:48:10 - Writing [{data=com.banking.dto.TransactionResponse@5634a3e9, success=true, message=交易创建成功}]
2025-07-01 21:48:10 - Read "application/json;charset=UTF-8" to [com.banking.dto.TransactionRequest@278761fa]
2025-07-01 21:48:10 - Writing [{data=com.banking.dto.TransactionResponse@29597ead, success=true, message=交易创建成功}]
2025-07-01 21:48:10 - Using 'application/json', given [*/*] and supported [application/json, application/*+json]
2025-07-01 21:48:10 - Writing [{data=com.banking.dto.TransactionResponse@5d51296, success=true, message=交易创建成功}]
2025-07-01 21:48:10 - Using 'application/json', given [*/*] and supported [application/json, application/*+json]
2025-07-01 21:48:10 - Writing [{data=com.banking.dto.TransactionResponse@747851db, success=true, message=交易创建成功}]
2025-07-01 21:48:10 - Writing [{data=com.banking.dto.TransactionResponse@64f9c4e7, success=true, message=交易创建成功}]
2025-07-01 21:48:10 - Writing [{data=com.banking.dto.TransactionResponse@65b2baf1, success=true, message=交易创建成功}]
2025-07-01 21:48:10 - Mapped to com.banking.controller.TransactionController#createTransaction(TransactionRequest)
2025-07-01 21:48:10 - Mapped to com.banking.controller.TransactionController#createTransaction(TransactionRequest)
2025-07-01 21:48:10 - Mapped to com.banking.controller.TransactionController#createTransaction(TransactionRequest)
2025-07-01 21:48:10 - Mapped to com.banking.controller.TransactionController#createTransaction(TransactionRequest)
2025-07-01 21:48:10 - Mapped to com.banking.controller.TransactionController#createTransaction(TransactionRequest)
2025-07-01 21:48:10 - Mapped to com.banking.controller.TransactionController#createTransaction(TransactionRequest)
2025-07-01 21:48:10 - Using 'application/json', given [*/*] and supported [application/json, application/*+json]
2025-07-01 21:48:10 - Writing [{data=com.banking.dto.TransactionResponse@2ed47a72, success=true, message=交易创建成功}]
2025-07-01 21:48:10 - Read "application/json;charset=UTF-8" to [com.banking.dto.TransactionRequest@7ed0651c]
2025-07-01 21:48:10 - Mapped to com.banking.controller.TransactionController#createTransaction(TransactionRequest)
2025-07-01 21:48:10 - Mapped to com.banking.controller.TransactionController#createTransaction(TransactionRequest)
2025-07-01 21:48:10 - Using 'application/json', given [*/*] and supported [application/json, application/*+json]
2025-07-01 21:48:10 - Read "application/json;charset=UTF-8" to [com.banking.dto.TransactionRequest@2073f375]
2025-07-01 21:48:10 - Mapped to com.banking.controller.TransactionController#createTransaction(TransactionRequest)
2025-07-01 21:48:10 - Writing [{data=com.banking.dto.TransactionResponse@1c94ce4d, success=true, message=交易创建成功}]
2025-07-01 21:48:10 - Using 'application/json', given [*/*] and supported [application/json, application/*+json]
2025-07-01 21:48:10 - Read "application/json;charset=UTF-8" to [com.banking.dto.TransactionRequest@1ea87ee1]
2025-07-01 21:48:10 - Using 'application/json', given [*/*] and supported [application/json, application/*+json]
2025-07-01 21:48:10 - Writing [{data=com.banking.dto.TransactionResponse@6ef2173b, success=true, message=交易创建成功}]
2025-07-01 21:48:10 - Writing [{data=com.banking.dto.TransactionResponse@3087e293, success=true, message=交易创建成功}]
2025-07-01 21:48:10 - Read "application/json;charset=UTF-8" to [com.banking.dto.TransactionRequest@59777610]
2025-07-01 21:48:10 - Read "application/json;charset=UTF-8" to [com.banking.dto.TransactionRequest@889c9a7]
2025-07-01 21:48:10 - Read "application/json;charset=UTF-8" to [com.banking.dto.TransactionRequest@5e15dd62]
2025-07-01 21:48:10 - Read "application/json;charset=UTF-8" to [com.banking.dto.TransactionRequest@2ca173db]
2025-07-01 21:48:10 - Using 'application/json', given [*/*] and supported [application/json, application/*+json]
2025-07-01 21:48:10 - Using 'application/json', given [*/*] and supported [application/json, application/*+json]
2025-07-01 21:48:10 - Mapped to com.banking.controller.TransactionController#createTransaction(TransactionRequest)
2025-07-01 21:48:10 - Writing [{data=com.banking.dto.TransactionResponse@7adbd29b, success=true, message=交易创建成功}]
2025-07-01 21:48:10 - Read "application/json;charset=UTF-8" to [com.banking.dto.TransactionRequest@2c4adb0a]
2025-07-01 21:48:10 - Using 'application/json', given [*/*] and supported [application/json, application/*+json]
2025-07-01 21:48:10 - Read "application/json;charset=UTF-8" to [com.banking.dto.TransactionRequest@48a01b7c]
2025-07-01 21:48:10 - Writing [{data=com.banking.dto.TransactionResponse@40212e1c, success=true, message=交易创建成功}]
2025-07-01 21:48:10 - Writing [{data=com.banking.dto.TransactionResponse@85f1f06, success=true, message=交易创建成功}]
2025-07-01 21:48:10 - Using 'application/json', given [*/*] and supported [application/json, application/*+json]
2025-07-01 21:48:10 - Writing [{data=com.banking.dto.TransactionResponse@1ea43277, success=true, message=交易创建成功}]
2025-07-01 21:48:10 - Read "application/json;charset=UTF-8" to [com.banking.dto.TransactionRequest@2ff21250]
2025-07-01 21:48:10 - Mapped to com.banking.controller.TransactionController#createTransaction(TransactionRequest)
2025-07-01 21:48:10 - Mapped to com.banking.controller.TransactionController#createTransaction(TransactionRequest)
2025-07-01 21:48:10 - Mapped to com.banking.controller.TransactionController#createTransaction(TransactionRequest)
2025-07-01 21:48:10 - Mapped to com.banking.controller.TransactionController#createTransaction(TransactionRequest)
2025-07-01 21:48:10 - Using 'application/json', given [*/*] and supported [application/json, application/*+json]
2025-07-01 21:48:10 - Read "application/json;charset=UTF-8" to [com.banking.dto.TransactionRequest@14df3f56]
2025-07-01 21:48:10 - Writing [{data=com.banking.dto.TransactionResponse@6a99cabd, success=true, message=交易创建成功}]
2025-07-01 21:48:10 - Using 'application/json', given [*/*] and supported [application/json, application/*+json]
2025-07-01 21:48:10 - Read "application/json;charset=UTF-8" to [com.banking.dto.TransactionRequest@2b720e87]
2025-07-01 21:48:10 - Writing [{data=com.banking.dto.TransactionResponse@10baf37d, success=true, message=交易创建成功}]
2025-07-01 21:48:10 - Using 'application/json', given [*/*] and supported [application/json, application/*+json]
2025-07-01 21:48:10 - Using 'application/json', given [*/*] and supported [application/json, application/*+json]
2025-07-01 21:48:10 - Read "application/json;charset=UTF-8" to [com.banking.dto.TransactionRequest@64b16f3c]
2025-07-01 21:48:10 - Writing [{data=com.banking.dto.TransactionResponse@7fbb946c, success=true, message=交易创建成功}]
2025-07-01 21:48:10 - Using 'application/json', given [*/*] and supported [application/json, application/*+json]
2025-07-01 21:48:10 - Writing [{data=com.banking.dto.TransactionResponse@147906ab, success=true, message=交易创建成功}]
2025-07-01 21:48:10 - Mapped to com.banking.controller.TransactionController#createTransaction(TransactionRequest)
2025-07-01 21:48:10 - Read "application/json;charset=UTF-8" to [com.banking.dto.TransactionRequest@47180106]
2025-07-01 21:48:10 - Mapped to com.banking.controller.TransactionController#createTransaction(TransactionRequest)
2025-07-01 21:48:10 - Writing [{data=com.banking.dto.TransactionResponse@5c3c94a0, success=true, message=交易创建成功}]
2025-07-01 21:48:10 - Using 'application/json', given [*/*] and supported [application/json, application/*+json]
2025-07-01 21:48:10 - Writing [{data=com.banking.dto.TransactionResponse@67eac2b9, success=true, message=交易创建成功}]
2025-07-01 21:48:10 - Mapped to com.banking.controller.TransactionController#createTransaction(TransactionRequest)
2025-07-01 21:48:10 - Using 'application/json', given [*/*] and supported [application/json, application/*+json]
2025-07-01 21:48:10 - Writing [{data=com.banking.dto.TransactionResponse@394256de, success=true, message=交易创建成功}]
2025-07-01 21:48:10 - Using 'application/json', given [*/*] and supported [application/json, application/*+json]
2025-07-01 21:48:10 - Read "application/json;charset=UTF-8" to [com.banking.dto.TransactionRequest@715d22d7]
2025-07-01 21:48:10 - Using 'application/json', given [*/*] and supported [application/json, application/*+json]
2025-07-01 21:48:10 - Writing [{data=com.banking.dto.TransactionResponse@753f4046, success=true, message=交易创建成功}]
2025-07-01 21:48:10 - Writing [{data=com.banking.dto.TransactionResponse@5e70b0e1, success=true, message=交易创建成功}]
2025-07-01 21:48:10 - Read "application/json;charset=UTF-8" to [com.banking.dto.TransactionRequest@6a1c28e0]
2025-07-01 21:48:10 - Mapped to com.banking.controller.TransactionController#createTransaction(TransactionRequest)
2025-07-01 21:48:10 - Mapped to com.banking.controller.TransactionController#createTransaction(TransactionRequest)
2025-07-01 21:48:10 - Mapped to com.banking.controller.TransactionController#createTransaction(TransactionRequest)
2025-07-01 21:48:10 - Read "application/json;charset=UTF-8" to [com.banking.dto.TransactionRequest@3833da87]
2025-07-01 21:48:10 - Using 'application/json', given [*/*] and supported [application/json, application/*+json]
2025-07-01 21:48:10 - Writing [{data=com.banking.dto.TransactionResponse@4ed44ae4, success=true, message=交易创建成功}]
2025-07-01 21:48:10 - Mapped to com.banking.controller.TransactionController#createTransaction(TransactionRequest)
2025-07-01 21:48:10 - Mapped to com.banking.controller.TransactionController#createTransaction(TransactionRequest)
2025-07-01 21:48:10 - Read "application/json;charset=UTF-8" to [com.banking.dto.TransactionRequest@4c18550c]
2025-07-01 21:48:10 - Read "application/json;charset=UTF-8" to [com.banking.dto.TransactionRequest@422a99c]
2025-07-01 21:48:10 - Read "application/json;charset=UTF-8" to [com.banking.dto.TransactionRequest@738dfa49]
2025-07-01 21:48:10 - Read "application/json;charset=UTF-8" to [com.banking.dto.TransactionRequest@401d563]
2025-07-01 21:48:10 - Read "application/json;charset=UTF-8" to [com.banking.dto.TransactionRequest@7bacd8fa]
2025-07-01 21:48:10 - Mapped to com.banking.controller.TransactionController#createTransaction(TransactionRequest)
2025-07-01 21:48:10 - Mapped to com.banking.controller.TransactionController#createTransaction(TransactionRequest)
2025-07-01 21:48:10 - Mapped to com.banking.controller.TransactionController#createTransaction(TransactionRequest)
2025-07-01 21:48:10 - Read "application/json;charset=UTF-8" to [com.banking.dto.TransactionRequest@11132bf9]
2025-07-01 21:48:10 - Read "application/json;charset=UTF-8" to [com.banking.dto.TransactionRequest@4ae19324]
2025-07-01 21:48:10 - Read "application/json;charset=UTF-8" to [com.banking.dto.TransactionRequest@12dc6b23]
2025-07-01 21:48:10 - Using 'application/json', given [*/*] and supported [application/json, application/*+json]
2025-07-01 21:48:10 - Using 'application/json', given [*/*] and supported [application/json, application/*+json]
2025-07-01 21:48:10 - Using 'application/json', given [*/*] and supported [application/json, application/*+json]
2025-07-01 21:48:10 - Writing [{data=com.banking.dto.TransactionResponse@62808d25, success=true, message=交易创建成功}]
2025-07-01 21:48:10 - Writing [{data=com.banking.dto.TransactionResponse@2c4ce794, success=true, message=交易创建成功}]
2025-07-01 21:48:10 - Writing [{data=com.banking.dto.TransactionResponse@1e279ec0, success=true, message=交易创建成功}]
2025-07-01 21:48:10 - Mapped to com.banking.controller.TransactionController#createTransaction(TransactionRequest)
2025-07-01 21:48:10 - Mapped to com.banking.controller.TransactionController#createTransaction(TransactionRequest)
2025-07-01 21:48:10 - Using 'application/json', given [*/*] and supported [application/json, application/*+json]
2025-07-01 21:48:10 - Using 'application/json', given [*/*] and supported [application/json, application/*+json]
2025-07-01 21:48:10 - Using 'application/json', given [*/*] and supported [application/json, application/*+json]
2025-07-01 21:48:10 - Writing [{data=com.banking.dto.TransactionResponse@11c66683, success=true, message=交易创建成功}]
2025-07-01 21:48:10 - Using 'application/json', given [*/*] and supported [application/json, application/*+json]
2025-07-01 21:48:10 - Writing [{data=com.banking.dto.TransactionResponse@522cbe91, success=true, message=交易创建成功}]
2025-07-01 21:48:10 - Writing [{data=com.banking.dto.TransactionResponse@5dad292c, success=true, message=交易创建成功}]
2025-07-01 21:48:10 - Using 'application/json', given [*/*] and supported [application/json, application/*+json]
2025-07-01 21:48:10 - Writing [{data=com.banking.dto.TransactionResponse@b32270e, success=true, message=交易创建成功}]
2025-07-01 21:48:10 - Read "application/json;charset=UTF-8" to [com.banking.dto.TransactionRequest@c3c88b2]
2025-07-01 21:48:10 - Writing [{data=com.banking.dto.TransactionResponse@727dd2ca, success=true, message=交易创建成功}]
2025-07-01 21:48:10 - Mapped to com.banking.controller.TransactionController#createTransaction(TransactionRequest)
2025-07-01 21:48:10 - Read "application/json;charset=UTF-8" to [com.banking.dto.TransactionRequest@6fade5e0]
2025-07-01 21:48:10 - Using 'application/json', given [*/*] and supported [application/json, application/*+json]
2025-07-01 21:48:10 - Writing [{data=com.banking.dto.TransactionResponse@4b003218, success=true, message=交易创建成功}]
2025-07-01 21:48:10 - Using 'application/json', given [*/*] and supported [application/json, application/*+json]
2025-07-01 21:48:10 - Read "application/json;charset=UTF-8" to [com.banking.dto.TransactionRequest@7de2278a]
2025-07-01 21:48:10 - Writing [{data=com.banking.dto.TransactionResponse@223f1c0e, success=true, message=交易创建成功}]
2025-07-01 21:48:10 - Mapped to com.banking.controller.TransactionController#createTransaction(TransactionRequest)
2025-07-01 21:48:10 - Mapped to com.banking.controller.TransactionController#createTransaction(TransactionRequest)
2025-07-01 21:48:10 - Mapped to com.banking.controller.TransactionController#createTransaction(TransactionRequest)
2025-07-01 21:48:10 - Mapped to com.banking.controller.TransactionController#createTransaction(TransactionRequest)
2025-07-01 21:48:10 - Mapped to com.banking.controller.TransactionController#createTransaction(TransactionRequest)
2025-07-01 21:48:10 - Mapped to com.banking.controller.TransactionController#createTransaction(TransactionRequest)
2025-07-01 21:48:10 - Read "application/json;charset=UTF-8" to [com.banking.dto.TransactionRequest@61105f94]
2025-07-01 21:48:10 - Read "application/json;charset=UTF-8" to [com.banking.dto.TransactionRequest@12288f72]
2025-07-01 21:48:10 - Read "application/json;charset=UTF-8" to [com.banking.dto.TransactionRequest@16cda9b0]
2025-07-01 21:48:10 - Read "application/json;charset=UTF-8" to [com.banking.dto.TransactionRequest@3b4e4b74]
2025-07-01 21:48:10 - Read "application/json;charset=UTF-8" to [com.banking.dto.TransactionRequest@385e7bea]
2025-07-01 21:48:10 - Read "application/json;charset=UTF-8" to [com.banking.dto.TransactionRequest@a13aa22]
2025-07-01 21:48:10 - Mapped to com.banking.controller.TransactionController#createTransaction(TransactionRequest)
2025-07-01 21:48:10 - Mapped to com.banking.controller.TransactionController#createTransaction(TransactionRequest)
2025-07-01 21:48:10 - Mapped to com.banking.controller.TransactionController#createTransaction(TransactionRequest)
2025-07-01 21:48:10 - Read "application/json;charset=UTF-8" to [com.banking.dto.TransactionRequest@6be68478]
2025-07-01 21:48:10 - Using 'application/json', given [*/*] and supported [application/json, application/*+json]
2025-07-01 21:48:10 - Read "application/json;charset=UTF-8" to [com.banking.dto.TransactionRequest@39828f06]
2025-07-01 21:48:10 - Using 'application/json', given [*/*] and supported [application/json, application/*+json]
2025-07-01 21:48:10 - Writing [{data=com.banking.dto.TransactionResponse@1f6eb781, success=true, message=交易创建成功}]
2025-07-01 21:48:10 - Using 'application/json', given [*/*] and supported [application/json, application/*+json]
2025-07-01 21:48:10 - Writing [{data=com.banking.dto.TransactionResponse@2c30a6b6, success=true, message=交易创建成功}]
2025-07-01 21:48:10 - Writing [{data=com.banking.dto.TransactionResponse@5cc512fb, success=true, message=交易创建成功}]
2025-07-01 21:48:10 - Using 'application/json', given [*/*] and supported [application/json, application/*+json]
2025-07-01 21:48:10 - Read "application/json;charset=UTF-8" to [com.banking.dto.TransactionRequest@51c8d0b]
2025-07-01 21:48:10 - Writing [{data=com.banking.dto.TransactionResponse@35ea11c, success=true, message=交易创建成功}]
2025-07-01 21:48:10 - Using 'application/json', given [*/*] and supported [application/json, application/*+json]
2025-07-01 21:48:10 - Using 'application/json', given [*/*] and supported [application/json, application/*+json]
2025-07-01 21:48:10 - Using 'application/json', given [*/*] and supported [application/json, application/*+json]
2025-07-01 21:48:10 - Writing [{data=com.banking.dto.TransactionResponse@2529ef32, success=true, message=交易创建成功}]
2025-07-01 21:48:10 - Using 'application/json', given [*/*] and supported [application/json, application/*+json]
2025-07-01 21:48:10 - Using 'application/json', given [*/*] and supported [application/json, application/*+json]
2025-07-01 21:48:10 - Writing [{data=com.banking.dto.TransactionResponse@102d0c01, success=true, message=交易创建成功}]
2025-07-01 21:48:10 - Writing [{data=com.banking.dto.TransactionResponse@21454587, success=true, message=交易创建成功}]
2025-07-01 21:48:10 - Writing [{data=com.banking.dto.TransactionResponse@4a845996, success=true, message=交易创建成功}]
2025-07-01 21:48:10 - Writing [{data=com.banking.dto.TransactionResponse@4c684a81, success=true, message=交易创建成功}]
2025-07-01 21:48:10 - Using 'application/json', given [*/*] and supported [application/json, application/*+json]
2025-07-01 21:48:10 - Writing [{data=com.banking.dto.TransactionResponse@4d807eae, success=true, message=交易创建成功}]
2025-07-01 21:48:10 - Mapped to com.banking.controller.TransactionController#createTransaction(TransactionRequest)
2025-07-01 21:48:10 - Mapped to com.banking.controller.TransactionController#createTransaction(TransactionRequest)
2025-07-01 21:48:10 - Mapped to com.banking.controller.TransactionController#createTransaction(TransactionRequest)
2025-07-01 21:48:10 - Mapped to com.banking.controller.TransactionController#createTransaction(TransactionRequest)
2025-07-01 21:48:10 - Mapped to com.banking.controller.TransactionController#createTransaction(TransactionRequest)
2025-07-01 21:48:10 - Mapped to com.banking.controller.TransactionController#createTransaction(TransactionRequest)
2025-07-01 21:48:10 - Read "application/json;charset=UTF-8" to [com.banking.dto.TransactionRequest@3285d9a3]
2025-07-01 21:48:10 - Read "application/json;charset=UTF-8" to [com.banking.dto.TransactionRequest@f1b900]
2025-07-01 21:48:10 - Read "application/json;charset=UTF-8" to [com.banking.dto.TransactionRequest@36254744]
2025-07-01 21:48:10 - Read "application/json;charset=UTF-8" to [com.banking.dto.TransactionRequest@3b8db1bc]
2025-07-01 21:48:10 - Read "application/json;charset=UTF-8" to [com.banking.dto.TransactionRequest@1ad1b0f1]
2025-07-01 21:48:10 - Mapped to com.banking.controller.TransactionController#createTransaction(TransactionRequest)
2025-07-01 21:48:10 - Mapped to com.banking.controller.TransactionController#createTransaction(TransactionRequest)
2025-07-01 21:48:10 - Mapped to com.banking.controller.TransactionController#createTransaction(TransactionRequest)
2025-07-01 21:48:10 - Mapped to com.banking.controller.TransactionController#createTransaction(TransactionRequest)
2025-07-01 21:48:10 - Read "application/json;charset=UTF-8" to [com.banking.dto.TransactionRequest@1f514240]
2025-07-01 21:48:10 - Read "application/json;charset=UTF-8" to [com.banking.dto.TransactionRequest@11f21262]
2025-07-01 21:48:10 - Read "application/json;charset=UTF-8" to [com.banking.dto.TransactionRequest@782e0d76]
2025-07-01 21:48:10 - Read "application/json;charset=UTF-8" to [com.banking.dto.TransactionRequest@6e4c6a10]
2025-07-01 21:48:10 - Read "application/json;charset=UTF-8" to [com.banking.dto.TransactionRequest@6466f53]
2025-07-01 21:48:10 - Using 'application/json', given [*/*] and supported [application/json, application/*+json]
2025-07-01 21:48:10 - Using 'application/json', given [*/*] and supported [application/json, application/*+json]
2025-07-01 21:48:10 - Mapped to com.banking.controller.TransactionController#createTransaction(TransactionRequest)
2025-07-01 21:48:10 - Writing [{data=com.banking.dto.TransactionResponse@480f4d33, success=true, message=交易创建成功}]
2025-07-01 21:48:10 - Writing [{data=com.banking.dto.TransactionResponse@52e84ef2, success=true, message=交易创建成功}]
2025-07-01 21:48:10 - Using 'application/json', given [*/*] and supported [application/json, application/*+json]
2025-07-01 21:48:10 - Using 'application/json', given [*/*] and supported [application/json, application/*+json]
2025-07-01 21:48:10 - Writing [{data=com.banking.dto.TransactionResponse@ede89ec, success=true, message=交易创建成功}]
2025-07-01 21:48:10 - Using 'application/json', given [*/*] and supported [application/json, application/*+json]
2025-07-01 21:48:10 - Writing [{data=com.banking.dto.TransactionResponse@71b4913a, success=true, message=交易创建成功}]
2025-07-01 21:48:10 - Writing [{data=com.banking.dto.TransactionResponse@768fb2a0, success=true, message=交易创建成功}]
2025-07-01 21:48:10 - Read "application/json;charset=UTF-8" to [com.banking.dto.TransactionRequest@2c88adb1]
2025-07-01 21:48:10 - Using 'application/json', given [*/*] and supported [application/json, application/*+json]
2025-07-01 21:48:10 - Using 'application/json', given [*/*] and supported [application/json, application/*+json]
2025-07-01 21:48:10 - Writing [{data=com.banking.dto.TransactionResponse@5a5bac63, success=true, message=交易创建成功}]
2025-07-01 21:48:10 - Using 'application/json', given [*/*] and supported [application/json, application/*+json]
2025-07-01 21:48:10 - Writing [{data=com.banking.dto.TransactionResponse@77d16cd, success=true, message=交易创建成功}]
2025-07-01 21:48:10 - Using 'application/json', given [*/*] and supported [application/json, application/*+json]
2025-07-01 21:48:10 - Using 'application/json', given [*/*] and supported [application/json, application/*+json]
2025-07-01 21:48:10 - Writing [{data=com.banking.dto.TransactionResponse@354a9266, success=true, message=交易创建成功}]
2025-07-01 21:48:10 - Writing [{data=com.banking.dto.TransactionResponse@7e478091, success=true, message=交易创建成功}]
2025-07-01 21:48:10 - Writing [{data=com.banking.dto.TransactionResponse@5dee6ca1, success=true, message=交易创建成功}]
2025-07-01 21:48:10 - Mapped to com.banking.controller.TransactionController#createTransaction(TransactionRequest)
2025-07-01 21:48:10 - Mapped to com.banking.controller.TransactionController#createTransaction(TransactionRequest)
2025-07-01 21:48:10 - Mapped to com.banking.controller.TransactionController#createTransaction(TransactionRequest)
2025-07-01 21:48:10 - Mapped to com.banking.controller.TransactionController#createTransaction(TransactionRequest)
2025-07-01 21:48:10 - Mapped to com.banking.controller.TransactionController#createTransaction(TransactionRequest)
2025-07-01 21:48:10 - Read "application/json;charset=UTF-8" to [com.banking.dto.TransactionRequest@2fd7f272]
2025-07-01 21:48:10 - Mapped to com.banking.controller.TransactionController#createTransaction(TransactionRequest)
2025-07-01 21:48:10 - Mapped to com.banking.controller.TransactionController#createTransaction(TransactionRequest)
2025-07-01 21:48:10 - Read "application/json;charset=UTF-8" to [com.banking.dto.TransactionRequest@68d8667d]
2025-07-01 21:48:10 - Mapped to com.banking.controller.TransactionController#createTransaction(TransactionRequest)
2025-07-01 21:48:10 - Mapped to com.banking.controller.TransactionController#createTransaction(TransactionRequest)
2025-07-01 21:48:10 - Read "application/json;charset=UTF-8" to [com.banking.dto.TransactionRequest@673ef433]
2025-07-01 21:48:10 - Read "application/json;charset=UTF-8" to [com.banking.dto.TransactionRequest@1f7f011d]
2025-07-01 21:48:10 - Using 'application/json', given [*/*] and supported [application/json, application/*+json]
2025-07-01 21:48:10 - Read "application/json;charset=UTF-8" to [com.banking.dto.TransactionRequest@3d14434c]
2025-07-01 21:48:10 - Using 'application/json', given [*/*] and supported [application/json, application/*+json]
2025-07-01 21:48:10 - Writing [{data=com.banking.dto.TransactionResponse@1993a5a1, success=true, message=交易创建成功}]
2025-07-01 21:48:10 - Mapped to com.banking.controller.TransactionController#createTransaction(TransactionRequest)
2025-07-01 21:48:10 - Writing [{data=com.banking.dto.TransactionResponse@4a941658, success=true, message=交易创建成功}]
2025-07-01 21:48:10 - Read "application/json;charset=UTF-8" to [com.banking.dto.TransactionRequest@79dcf8df]
2025-07-01 21:48:10 - Read "application/json;charset=UTF-8" to [com.banking.dto.TransactionRequest@4e34a416]
2025-07-01 21:48:10 - Read "application/json;charset=UTF-8" to [com.banking.dto.TransactionRequest@610d96af]
2025-07-01 21:48:10 - Read "application/json;charset=UTF-8" to [com.banking.dto.TransactionRequest@2b9a459b]
2025-07-01 21:48:10 - Read "application/json;charset=UTF-8" to [com.banking.dto.TransactionRequest@26b2a733]
2025-07-01 21:48:10 - Using 'application/json', given [*/*] and supported [application/json, application/*+json]
2025-07-01 21:48:10 - Using 'application/json', given [*/*] and supported [application/json, application/*+json]
2025-07-01 21:48:10 - Writing [{data=com.banking.dto.TransactionResponse@6543390a, success=true, message=交易创建成功}]
2025-07-01 21:48:10 - Using 'application/json', given [*/*] and supported [application/json, application/*+json]
2025-07-01 21:48:10 - Using 'application/json', given [*/*] and supported [application/json, application/*+json]
2025-07-01 21:48:10 - Using 'application/json', given [*/*] and supported [application/json, application/*+json]
2025-07-01 21:48:10 - Writing [{data=com.banking.dto.TransactionResponse@f53bb6e, success=true, message=交易创建成功}]
2025-07-01 21:48:10 - Using 'application/json', given [*/*] and supported [application/json, application/*+json]
2025-07-01 21:48:10 - Writing [{data=com.banking.dto.TransactionResponse@1196a772, success=true, message=交易创建成功}]
2025-07-01 21:48:10 - Writing [{data=com.banking.dto.TransactionResponse@403a6728, success=true, message=交易创建成功}]
2025-07-01 21:48:10 - Writing [{data=com.banking.dto.TransactionResponse@64a79c71, success=true, message=交易创建成功}]
2025-07-01 21:48:10 - Writing [{data=com.banking.dto.TransactionResponse@7495dc99, success=true, message=交易创建成功}]
2025-07-01 21:48:10 - Using 'application/json', given [*/*] and supported [application/json, application/*+json]
2025-07-01 21:48:10 - Writing [{data=com.banking.dto.TransactionResponse@39fc3dcc, success=true, message=交易创建成功}]
2025-07-01 21:48:10 - Mapped to com.banking.controller.TransactionController#createTransaction(TransactionRequest)
2025-07-01 21:48:10 - Mapped to com.banking.controller.TransactionController#createTransaction(TransactionRequest)
2025-07-01 21:48:10 - Using 'application/json', given [*/*] and supported [application/json, application/*+json]
2025-07-01 21:48:10 - Writing [{data=com.banking.dto.TransactionResponse@63db7439, success=true, message=交易创建成功}]
2025-07-01 21:48:10 - Read "application/json;charset=UTF-8" to [com.banking.dto.TransactionRequest@40a4e38b]
2025-07-01 21:48:10 - Read "application/json;charset=UTF-8" to [com.banking.dto.TransactionRequest@56b6ff0c]
2025-07-01 21:48:10 - Using 'application/json', given [*/*] and supported [application/json, application/*+json]
2025-07-01 21:48:10 - Writing [{data=com.banking.dto.TransactionResponse@239ea96e, success=true, message=交易创建成功}]
2025-07-01 21:48:10 - Using 'application/json', given [*/*] and supported [application/json, application/*+json]
2025-07-01 21:48:10 - Writing [{data=com.banking.dto.TransactionResponse@6a733a3b, success=true, message=交易创建成功}]
2025-07-01 21:48:10 - Mapped to com.banking.controller.TransactionController#createTransaction(TransactionRequest)
2025-07-01 21:48:10 - Mapped to com.banking.controller.TransactionController#createTransaction(TransactionRequest)
2025-07-01 21:48:10 - Mapped to com.banking.controller.TransactionController#createTransaction(TransactionRequest)
2025-07-01 21:48:10 - Mapped to com.banking.controller.TransactionController#createTransaction(TransactionRequest)
2025-07-01 21:48:10 - Mapped to com.banking.controller.TransactionController#createTransaction(TransactionRequest)
2025-07-01 21:48:10 - Mapped to com.banking.controller.TransactionController#createTransaction(TransactionRequest)
2025-07-01 21:48:10 - Read "application/json;charset=UTF-8" to [com.banking.dto.TransactionRequest@452a96d9]
2025-07-01 21:48:10 - Read "application/json;charset=UTF-8" to [com.banking.dto.TransactionRequest@1845e917]
2025-07-01 21:48:10 - Read "application/json;charset=UTF-8" to [com.banking.dto.TransactionRequest@12b74f54]
2025-07-01 21:48:10 - Read "application/json;charset=UTF-8" to [com.banking.dto.TransactionRequest@27e9a385]
2025-07-01 21:48:10 - Mapped to com.banking.controller.TransactionController#createTransaction(TransactionRequest)
2025-07-01 21:48:10 - Using 'application/json', given [*/*] and supported [application/json, application/*+json]
2025-07-01 21:48:10 - Using 'application/json', given [*/*] and supported [application/json, application/*+json]
2025-07-01 21:48:10 - Read "application/json;charset=UTF-8" to [com.banking.dto.TransactionRequest@456d9185]
2025-07-01 21:48:10 - Read "application/json;charset=UTF-8" to [com.banking.dto.TransactionRequest@4c9884c7]
2025-07-01 21:48:10 - Using 'application/json', given [*/*] and supported [application/json, application/*+json]
2025-07-01 21:48:10 - Writing [{data=com.banking.dto.TransactionResponse@350fed82, success=true, message=交易创建成功}]
2025-07-01 21:48:10 - Using 'application/json', given [*/*] and supported [application/json, application/*+json]
2025-07-01 21:48:10 - Writing [{data=com.banking.dto.TransactionResponse@101d7b75, success=true, message=交易创建成功}]
2025-07-01 21:48:10 - Writing [{data=com.banking.dto.TransactionResponse@60035b01, success=true, message=交易创建成功}]
2025-07-01 21:48:10 - Writing [{data=com.banking.dto.TransactionResponse@372324e4, success=true, message=交易创建成功}]
2025-07-01 21:48:10 - Using 'application/json', given [*/*] and supported [application/json, application/*+json]
2025-07-01 21:48:10 - Using 'application/json', given [*/*] and supported [application/json, application/*+json]
2025-07-01 21:48:10 - Writing [{data=com.banking.dto.TransactionResponse@3c722bd1, success=true, message=交易创建成功}]
2025-07-01 21:48:10 - Writing [{data=com.banking.dto.TransactionResponse@2afc2703, success=true, message=交易创建成功}]
2025-07-01 21:48:10 - Using 'application/json', given [*/*] and supported [application/json, application/*+json]
2025-07-01 21:48:10 - Read "application/json;charset=UTF-8" to [com.banking.dto.TransactionRequest@7bac1b83]
2025-07-01 21:48:10 - Writing [{data=com.banking.dto.TransactionResponse@79ae3ed4, success=true, message=交易创建成功}]
2025-07-01 21:48:10 - Using 'application/json', given [*/*] and supported [application/json, application/*+json]
2025-07-01 21:48:10 - Writing [{data=com.banking.dto.TransactionResponse@76299d11, success=true, message=交易创建成功}]
2025-07-01 21:48:10 - Using 'application/json', given [*/*] and supported [application/json, application/*+json]
2025-07-01 21:48:10 - Mapped to com.banking.controller.TransactionController#createTransaction(TransactionRequest)
2025-07-01 21:48:10 - Using 'application/json', given [*/*] and supported [application/json, application/*+json]
2025-07-01 21:48:10 - Writing [{data=com.banking.dto.TransactionResponse@3778bd63, success=true, message=交易创建成功}]
2025-07-01 21:48:10 - Writing [{data=com.banking.dto.TransactionResponse@4121ba29, success=true, message=交易创建成功}]
2025-07-01 21:48:10 - Mapped to com.banking.controller.TransactionController#createTransaction(TransactionRequest)
2025-07-01 21:48:10 - Read "application/json;charset=UTF-8" to [com.banking.dto.TransactionRequest@18ed4163]
2025-07-01 21:48:10 - Mapped to com.banking.controller.TransactionController#createTransaction(TransactionRequest)
2025-07-01 21:48:10 - Mapped to com.banking.controller.TransactionController#createTransaction(TransactionRequest)
2025-07-01 21:48:10 - Mapped to com.banking.controller.TransactionController#createTransaction(TransactionRequest)
2025-07-01 21:48:10 - Mapped to com.banking.controller.TransactionController#createTransaction(TransactionRequest)
2025-07-01 21:48:10 - Read "application/json;charset=UTF-8" to [com.banking.dto.TransactionRequest@4dd3983d]
2025-07-01 21:48:10 - Mapped to com.banking.controller.TransactionController#createTransaction(TransactionRequest)
2025-07-01 21:48:10 - Mapped to com.banking.controller.TransactionController#createTransaction(TransactionRequest)
2025-07-01 21:48:10 - Mapped to com.banking.controller.TransactionController#createTransaction(TransactionRequest)
2025-07-01 21:48:10 - Mapped to com.banking.controller.TransactionController#createTransaction(TransactionRequest)
2025-07-01 21:48:10 - Read "application/json;charset=UTF-8" to [com.banking.dto.TransactionRequest@40fdadcb]
2025-07-01 21:48:10 - Read "application/json;charset=UTF-8" to [com.banking.dto.TransactionRequest@b2f16ef]
2025-07-01 21:48:10 - Read "application/json;charset=UTF-8" to [com.banking.dto.TransactionRequest@2c12384d]
2025-07-01 21:48:10 - Read "application/json;charset=UTF-8" to [com.banking.dto.TransactionRequest@214df18e]
2025-07-01 21:48:10 - Read "application/json;charset=UTF-8" to [com.banking.dto.TransactionRequest@7da21208]
2025-07-01 21:48:10 - Read "application/json;charset=UTF-8" to [com.banking.dto.TransactionRequest@6297dde1]
2025-07-01 21:48:10 - Read "application/json;charset=UTF-8" to [com.banking.dto.TransactionRequest@71a5ed01]
2025-07-01 21:48:10 - Read "application/json;charset=UTF-8" to [com.banking.dto.TransactionRequest@670dd683]
2025-07-01 21:48:10 - Mapped to com.banking.controller.TransactionController#createTransaction(TransactionRequest)
2025-07-01 21:48:10 - Mapped to com.banking.controller.TransactionController#createTransaction(TransactionRequest)
2025-07-01 21:48:10 - Read "application/json;charset=UTF-8" to [com.banking.dto.TransactionRequest@792bb203]
2025-07-01 21:48:10 - Read "application/json;charset=UTF-8" to [com.banking.dto.TransactionRequest@4567b6a6]
2025-07-01 21:48:10 - Using 'application/json', given [*/*] and supported [application/json, application/*+json]
2025-07-01 21:48:10 - Using 'application/json', given [*/*] and supported [application/json, application/*+json]
2025-07-01 21:48:10 - Writing [{data=com.banking.dto.TransactionResponse@5c82152d, success=true, message=交易创建成功}]
2025-07-01 21:48:10 - Using 'application/json', given [*/*] and supported [application/json, application/*+json]
2025-07-01 21:48:10 - Writing [{data=com.banking.dto.TransactionResponse@2a2090b8, success=true, message=交易创建成功}]
2025-07-01 21:48:10 - Writing [{data=com.banking.dto.TransactionResponse@68af3a38, success=true, message=交易创建成功}]
2025-07-01 21:48:10 - Using 'application/json', given [*/*] and supported [application/json, application/*+json]
2025-07-01 21:48:10 - Using 'application/json', given [*/*] and supported [application/json, application/*+json]
2025-07-01 21:48:10 - Writing [{data=com.banking.dto.TransactionResponse@6b91a4ab, success=true, message=交易创建成功}]
2025-07-01 21:48:10 - Using 'application/json', given [*/*] and supported [application/json, application/*+json]
2025-07-01 21:48:10 - Using 'application/json', given [*/*] and supported [application/json, application/*+json]
2025-07-01 21:48:10 - Writing [{data=com.banking.dto.TransactionResponse@4bb0823f, success=true, message=交易创建成功}]
2025-07-01 21:48:10 - Writing [{data=com.banking.dto.TransactionResponse@4e340097, success=true, message=交易创建成功}]
2025-07-01 21:48:10 - Writing [{data=com.banking.dto.TransactionResponse@4b5fa625, success=true, message=交易创建成功}]
2025-07-01 21:48:10 - Using 'application/json', given [*/*] and supported [application/json, application/*+json]
2025-07-01 21:48:10 - Writing [{data=com.banking.dto.TransactionResponse@b073288, success=true, message=交易创建成功}]
2025-07-01 21:48:10 - Using 'application/json', given [*/*] and supported [application/json, application/*+json]
2025-07-01 21:48:10 - Using 'application/json', given [*/*] and supported [application/json, application/*+json]
2025-07-01 21:48:10 - Writing [{data=com.banking.dto.TransactionResponse@33d579ee, success=true, message=交易创建成功}]
2025-07-01 21:48:10 - Writing [{data=com.banking.dto.TransactionResponse@6a90132, success=true, message=交易创建成功}]
2025-07-01 21:48:10 - Mapped to com.banking.controller.TransactionController#createTransaction(TransactionRequest)
2025-07-01 21:48:10 - Mapped to com.banking.controller.TransactionController#createTransaction(TransactionRequest)
2025-07-01 21:48:10 - Mapped to com.banking.controller.TransactionController#createTransaction(TransactionRequest)
2025-07-01 21:48:10 - Mapped to com.banking.controller.TransactionController#createTransaction(TransactionRequest)
2025-07-01 21:48:10 - Mapped to com.banking.controller.TransactionController#createTransaction(TransactionRequest)
2025-07-01 21:48:10 - Mapped to com.banking.controller.TransactionController#createTransaction(TransactionRequest)
2025-07-01 21:48:10 - Mapped to com.banking.controller.TransactionController#createTransaction(TransactionRequest)
2025-07-01 21:48:10 - Using 'application/json', given [*/*] and supported [application/json, application/*+json]
2025-07-01 21:48:10 - Mapped to com.banking.controller.TransactionController#createTransaction(TransactionRequest)
2025-07-01 21:48:10 - Read "application/json;charset=UTF-8" to [com.banking.dto.TransactionRequest@5438397]
2025-07-01 21:48:10 - Writing [{data=com.banking.dto.TransactionResponse@4695dfd9, success=true, message=交易创建成功}]
2025-07-01 21:48:10 - Read "application/json;charset=UTF-8" to [com.banking.dto.TransactionRequest@734ed667]
2025-07-01 21:48:10 - Read "application/json;charset=UTF-8" to [com.banking.dto.TransactionRequest@4a748f9]
2025-07-01 21:48:10 - Read "application/json;charset=UTF-8" to [com.banking.dto.TransactionRequest@65d86319]
2025-07-01 21:48:10 - Read "application/json;charset=UTF-8" to [com.banking.dto.TransactionRequest@b2fd458]
2025-07-01 21:48:10 - Read "application/json;charset=UTF-8" to [com.banking.dto.TransactionRequest@65c3c727]
2025-07-01 21:48:10 - Mapped to com.banking.controller.TransactionController#createTransaction(TransactionRequest)
2025-07-01 21:48:10 - Read "application/json;charset=UTF-8" to [com.banking.dto.TransactionRequest@2a16e190]
2025-07-01 21:48:10 - Read "application/json;charset=UTF-8" to [com.banking.dto.TransactionRequest@35f7d365]
2025-07-01 21:48:10 - Mapped to com.banking.controller.TransactionController#createTransaction(TransactionRequest)
2025-07-01 21:48:10 - Read "application/json;charset=UTF-8" to [com.banking.dto.TransactionRequest@1347fcca]
2025-07-01 21:48:10 - Read "application/json;charset=UTF-8" to [com.banking.dto.TransactionRequest@46f1b1d1]
2025-07-01 21:48:10 - Using 'application/json', given [*/*] and supported [application/json, application/*+json]
2025-07-01 21:48:10 - Using 'application/json', given [*/*] and supported [application/json, application/*+json]
2025-07-01 21:48:10 - Using 'application/json', given [*/*] and supported [application/json, application/*+json]
2025-07-01 21:48:10 - Using 'application/json', given [*/*] and supported [application/json, application/*+json]
2025-07-01 21:48:10 - Writing [{data=com.banking.dto.TransactionResponse@60885f20, success=true, message=交易创建成功}]
2025-07-01 21:48:10 - Using 'application/json', given [*/*] and supported [application/json, application/*+json]
2025-07-01 21:48:10 - Writing [{data=com.banking.dto.TransactionResponse@7f1a10b6, success=true, message=交易创建成功}]
2025-07-01 21:48:10 - Writing [{data=com.banking.dto.TransactionResponse@2b5038f6, success=true, message=交易创建成功}]
2025-07-01 21:48:10 - Writing [{data=com.banking.dto.TransactionResponse@69a2556, success=true, message=交易创建成功}]
2025-07-01 21:48:10 - Using 'application/json', given [*/*] and supported [application/json, application/*+json]
2025-07-01 21:48:10 - Writing [{data=com.banking.dto.TransactionResponse@7f5b57f9, success=true, message=交易创建成功}]
2025-07-01 21:48:10 - Using 'application/json', given [*/*] and supported [application/json, application/*+json]
2025-07-01 21:48:10 - Writing [{data=com.banking.dto.TransactionResponse@2056a532, success=true, message=交易创建成功}]
2025-07-01 21:48:10 - Writing [{data=com.banking.dto.TransactionResponse@4c63a4e3, success=true, message=交易创建成功}]
2025-07-01 21:48:10 - Mapped to com.banking.controller.TransactionController#createTransaction(TransactionRequest)
2025-07-01 21:48:10 - Using 'application/json', given [*/*] and supported [application/json, application/*+json]
2025-07-01 21:48:10 - Using 'application/json', given [*/*] and supported [application/json, application/*+json]
2025-07-01 21:48:10 - Read "application/json;charset=UTF-8" to [com.banking.dto.TransactionRequest@5e859a6f]
2025-07-01 21:48:10 - Writing [{data=com.banking.dto.TransactionResponse@238781c1, success=true, message=交易创建成功}]
2025-07-01 21:48:10 - Writing [{data=com.banking.dto.TransactionResponse@17a39afd, success=true, message=交易创建成功}]
2025-07-01 21:48:10 - Using 'application/json', given [*/*] and supported [application/json, application/*+json]
2025-07-01 21:48:10 - Writing [{data=com.banking.dto.TransactionResponse@74e2bf86, success=true, message=交易创建成功}]
2025-07-01 21:48:10 - Mapped to com.banking.controller.TransactionController#createTransaction(TransactionRequest)
2025-07-01 21:48:10 - Mapped to com.banking.controller.TransactionController#createTransaction(TransactionRequest)
2025-07-01 21:48:10 - Mapped to com.banking.controller.TransactionController#createTransaction(TransactionRequest)
2025-07-01 21:48:10 - Read "application/json;charset=UTF-8" to [com.banking.dto.TransactionRequest@12f64cc4]
2025-07-01 21:48:10 - Mapped to com.banking.controller.TransactionController#createTransaction(TransactionRequest)
2025-07-01 21:48:10 - Mapped to com.banking.controller.TransactionController#createTransaction(TransactionRequest)
2025-07-01 21:48:10 - Mapped to com.banking.controller.TransactionController#createTransaction(TransactionRequest)
2025-07-01 21:48:10 - Mapped to com.banking.controller.TransactionController#createTransaction(TransactionRequest)
2025-07-01 21:48:10 - Mapped to com.banking.controller.TransactionController#createTransaction(TransactionRequest)
2025-07-01 21:48:10 - Mapped to com.banking.controller.TransactionController#createTransaction(TransactionRequest)
2025-07-01 21:48:10 - Read "application/json;charset=UTF-8" to [com.banking.dto.TransactionRequest@1049f444]
2025-07-01 21:48:10 - Read "application/json;charset=UTF-8" to [com.banking.dto.TransactionRequest@1014cb3c]
2025-07-01 21:48:10 - Read "application/json;charset=UTF-8" to [com.banking.dto.TransactionRequest@159ffa32]
2025-07-01 21:48:10 - Read "application/json;charset=UTF-8" to [com.banking.dto.TransactionRequest@76b8ef28]
2025-07-01 21:48:10 - Read "application/json;charset=UTF-8" to [com.banking.dto.TransactionRequest@73904819]
2025-07-01 21:48:10 - Read "application/json;charset=UTF-8" to [com.banking.dto.TransactionRequest@7104d860]
2025-07-01 21:48:10 - Read "application/json;charset=UTF-8" to [com.banking.dto.TransactionRequest@1f74a3da]
2025-07-01 21:48:10 - Read "application/json;charset=UTF-8" to [com.banking.dto.TransactionRequest@3e82c3e1]
2025-07-01 21:48:10 - Mapped to com.banking.controller.TransactionController#createTransaction(TransactionRequest)
2025-07-01 21:48:10 - Read "application/json;charset=UTF-8" to [com.banking.dto.TransactionRequest@34fd7cc5]
2025-07-01 21:48:10 - Using 'application/json', given [*/*] and supported [application/json, application/*+json]
2025-07-01 21:48:10 - Using 'application/json', given [*/*] and supported [application/json, application/*+json]
2025-07-01 21:48:10 - Using 'application/json', given [*/*] and supported [application/json, application/*+json]
2025-07-01 21:48:10 - Writing [{data=com.banking.dto.TransactionResponse@70d42c05, success=true, message=交易创建成功}]
2025-07-01 21:48:10 - Using 'application/json', given [*/*] and supported [application/json, application/*+json]
2025-07-01 21:48:10 - Writing [{data=com.banking.dto.TransactionResponse@734b8583, success=true, message=交易创建成功}]
2025-07-01 21:48:10 - Writing [{data=com.banking.dto.TransactionResponse@16a163be, success=true, message=交易创建成功}]
2025-07-01 21:48:10 - Writing [{data=com.banking.dto.TransactionResponse@4861ecb2, success=true, message=交易创建成功}]
2025-07-01 21:48:10 - Using 'application/json', given [*/*] and supported [application/json, application/*+json]
2025-07-01 21:48:10 - Writing [{data=com.banking.dto.TransactionResponse@5fcff7d7, success=true, message=交易创建成功}]
2025-07-01 21:48:10 - Using 'application/json', given [*/*] and supported [application/json, application/*+json]
2025-07-01 21:48:10 - Writing [{data=com.banking.dto.TransactionResponse@468fe14, success=true, message=交易创建成功}]
2025-07-01 21:48:10 - Using 'application/json', given [*/*] and supported [application/json, application/*+json]
2025-07-01 21:48:10 - Using 'application/json', given [*/*] and supported [application/json, application/*+json]
2025-07-01 21:48:10 - Writing [{data=com.banking.dto.TransactionResponse@7769b56d, success=true, message=交易创建成功}]
2025-07-01 21:48:10 - Writing [{data=com.banking.dto.TransactionResponse@4f0f604a, success=true, message=交易创建成功}]
2025-07-01 21:48:10 - Using 'application/json', given [*/*] and supported [application/json, application/*+json]
2025-07-01 21:48:10 - Using 'application/json', given [*/*] and supported [application/json, application/*+json]
2025-07-01 21:48:10 - Writing [{data=com.banking.dto.TransactionResponse@20747201, success=true, message=交易创建成功}]
2025-07-01 21:48:10 - Writing [{data=com.banking.dto.TransactionResponse@7d107f58, success=true, message=交易创建成功}]
2025-07-01 21:48:10 - Mapped to com.banking.controller.TransactionController#createTransaction(TransactionRequest)
2025-07-01 21:48:10 - Mapped to com.banking.controller.TransactionController#createTransaction(TransactionRequest)
2025-07-01 21:48:10 - Mapped to com.banking.controller.TransactionController#createTransaction(TransactionRequest)
2025-07-01 21:48:10 - Mapped to com.banking.controller.TransactionController#createTransaction(TransactionRequest)
2025-07-01 21:48:10 - Mapped to com.banking.controller.TransactionController#createTransaction(TransactionRequest)
2025-07-01 21:48:10 - Mapped to com.banking.controller.TransactionController#createTransaction(TransactionRequest)
2025-07-01 21:48:10 - Mapped to com.banking.controller.TransactionController#createTransaction(TransactionRequest)
2025-07-01 21:48:10 - Mapped to com.banking.controller.TransactionController#createTransaction(TransactionRequest)
2025-07-01 21:48:10 - Read "application/json;charset=UTF-8" to [com.banking.dto.TransactionRequest@50bdc7a4]
2025-07-01 21:48:10 - Read "application/json;charset=UTF-8" to [com.banking.dto.TransactionRequest@71372c6c]
2025-07-01 21:48:10 - Read "application/json;charset=UTF-8" to [com.banking.dto.TransactionRequest@7a4e434e]
2025-07-01 21:48:10 - Read "application/json;charset=UTF-8" to [com.banking.dto.TransactionRequest@626eaab]
2025-07-01 21:48:10 - Read "application/json;charset=UTF-8" to [com.banking.dto.TransactionRequest@7e238af8]
2025-07-01 21:48:10 - Read "application/json;charset=UTF-8" to [com.banking.dto.TransactionRequest@710c769e]
2025-07-01 21:48:10 - Using 'application/json', given [*/*] and supported [application/json, application/*+json]
2025-07-01 21:48:10 - Read "application/json;charset=UTF-8" to [com.banking.dto.TransactionRequest@24cd8d76]
2025-07-01 21:48:10 - Using 'application/json', given [*/*] and supported [application/json, application/*+json]
2025-07-01 21:48:10 - Writing [{data=com.banking.dto.TransactionResponse@5368dcd9, success=true, message=交易创建成功}]
2025-07-01 21:48:10 - Writing [{data=com.banking.dto.TransactionResponse@58fbcc4c, success=true, message=交易创建成功}]
2025-07-01 21:48:10 - Read "application/json;charset=UTF-8" to [com.banking.dto.TransactionRequest@425bf4d0]
2025-07-01 21:48:10 - Mapped to com.banking.controller.TransactionController#createTransaction(TransactionRequest)
2025-07-01 21:48:10 - Using 'application/json', given [*/*] and supported [application/json, application/*+json]
2025-07-01 21:48:10 - Writing [{data=com.banking.dto.TransactionResponse@13aa229, success=true, message=交易创建成功}]
2025-07-01 21:48:10 - Using 'application/json', given [*/*] and supported [application/json, application/*+json]
2025-07-01 21:48:10 - Writing [{data=com.banking.dto.TransactionResponse@42c2fae, success=true, message=交易创建成功}]
2025-07-01 21:48:10 - Using 'application/json', given [*/*] and supported [application/json, application/*+json]
2025-07-01 21:48:10 - Writing [{data=com.banking.dto.TransactionResponse@5122ae7e, success=true, message=交易创建成功}]
2025-07-01 21:48:10 - Using 'application/json', given [*/*] and supported [application/json, application/*+json]
2025-07-01 21:48:10 - Writing [{data=com.banking.dto.TransactionResponse@3754b25d, success=true, message=交易创建成功}]
2025-07-01 21:48:10 - Using 'application/json', given [*/*] and supported [application/json, application/*+json]
2025-07-01 21:48:10 - Writing [{data=com.banking.dto.TransactionResponse@113d4f07, success=true, message=交易创建成功}]
2025-07-01 21:48:10 - Read "application/json;charset=UTF-8" to [com.banking.dto.TransactionRequest@7230b3e0]
2025-07-01 21:48:10 - Using 'application/json', given [*/*] and supported [application/json, application/*+json]
2025-07-01 21:48:10 - Using 'application/json', given [*/*] and supported [application/json, application/*+json]
2025-07-01 21:48:10 - Using 'application/json', given [*/*] and supported [application/json, application/*+json]
2025-07-01 21:48:10 - Writing [{data=com.banking.dto.TransactionResponse@78fda6b8, success=true, message=交易创建成功}]
2025-07-01 21:48:10 - Writing [{data=com.banking.dto.TransactionResponse@5943ead1, success=true, message=交易创建成功}]
2025-07-01 21:48:10 - Mapped to com.banking.controller.TransactionController#createTransaction(TransactionRequest)
2025-07-01 21:48:10 - Mapped to com.banking.controller.TransactionController#createTransaction(TransactionRequest)
2025-07-01 21:48:10 - Writing [{data=com.banking.dto.TransactionResponse@5ab2cd81, success=true, message=交易创建成功}]
2025-07-01 21:48:10 - Read "application/json;charset=UTF-8" to [com.banking.dto.TransactionRequest@2d75c27f]
2025-07-01 21:48:10 - Read "application/json;charset=UTF-8" to [com.banking.dto.TransactionRequest@60ae61e]
2025-07-01 21:48:10 - Mapped to com.banking.controller.TransactionController#createTransaction(TransactionRequest)
2025-07-01 21:48:10 - Mapped to com.banking.controller.TransactionController#createTransaction(TransactionRequest)
2025-07-01 21:48:10 - Mapped to com.banking.controller.TransactionController#createTransaction(TransactionRequest)
2025-07-01 21:48:10 - Mapped to com.banking.controller.TransactionController#createTransaction(TransactionRequest)
2025-07-01 21:48:10 - Mapped to com.banking.controller.TransactionController#createTransaction(TransactionRequest)
2025-07-01 21:48:10 - Read "application/json;charset=UTF-8" to [com.banking.dto.TransactionRequest@ca80161]
2025-07-01 21:48:10 - Read "application/json;charset=UTF-8" to [com.banking.dto.TransactionRequest@2ee43ba9]
2025-07-01 21:48:10 - Read "application/json;charset=UTF-8" to [com.banking.dto.TransactionRequest@10b2de56]
2025-07-01 21:48:10 - Read "application/json;charset=UTF-8" to [com.banking.dto.TransactionRequest@37c4f857]
2025-07-01 21:48:10 - Read "application/json;charset=UTF-8" to [com.banking.dto.TransactionRequest@2772496f]
2025-07-01 21:48:10 - Using 'application/json', given [*/*] and supported [application/json, application/*+json]
2025-07-01 21:48:10 - Using 'application/json', given [*/*] and supported [application/json, application/*+json]
2025-07-01 21:48:10 - Using 'application/json', given [*/*] and supported [application/json, application/*+json]
2025-07-01 21:48:10 - Mapped to com.banking.controller.TransactionController#createTransaction(TransactionRequest)
2025-07-01 21:48:10 - Mapped to com.banking.controller.TransactionController#createTransaction(TransactionRequest)
2025-07-01 21:48:10 - Using 'application/json', given [*/*] and supported [application/json, application/*+json]
2025-07-01 21:48:10 - Writing [{data=com.banking.dto.TransactionResponse@677b247c, success=true, message=交易创建成功}]
2025-07-01 21:48:10 - Using 'application/json', given [*/*] and supported [application/json, application/*+json]
2025-07-01 21:48:10 - Writing [{data=com.banking.dto.TransactionResponse@6ac3f065, success=true, message=交易创建成功}]
2025-07-01 21:48:10 - Writing [{data=com.banking.dto.TransactionResponse@1c47833f, success=true, message=交易创建成功}]
2025-07-01 21:48:10 - Mapped to com.banking.controller.TransactionController#createTransaction(TransactionRequest)
2025-07-01 21:48:10 - Using 'application/json', given [*/*] and supported [application/json, application/*+json]
2025-07-01 21:48:10 - Writing [{data=com.banking.dto.TransactionResponse@10e59760, success=true, message=交易创建成功}]
2025-07-01 21:48:10 - Using 'application/json', given [*/*] and supported [application/json, application/*+json]
2025-07-01 21:48:10 - Using 'application/json', given [*/*] and supported [application/json, application/*+json]
2025-07-01 21:48:10 - Writing [{data=com.banking.dto.TransactionResponse@26f7ba91, success=true, message=交易创建成功}]
2025-07-01 21:48:10 - Writing [{data=com.banking.dto.TransactionResponse@49c5e122, success=true, message=交易创建成功}]
2025-07-01 21:48:10 - Read "application/json;charset=UTF-8" to [com.banking.dto.TransactionRequest@6f4c742b]
2025-07-01 21:48:10 - Writing [{data=com.banking.dto.TransactionResponse@5a40647e, success=true, message=交易创建成功}]
2025-07-01 21:48:10 - Using 'application/json', given [*/*] and supported [application/json, application/*+json]
2025-07-01 21:48:10 - Writing [{data=com.banking.dto.TransactionResponse@2d30f27d, success=true, message=交易创建成功}]
2025-07-01 21:48:10 - Using 'application/json', given [*/*] and supported [application/json, application/*+json]
2025-07-01 21:48:10 - Writing [{data=com.banking.dto.TransactionResponse@407a543e, success=true, message=交易创建成功}]
2025-07-01 21:48:10 - Writing [{data=com.banking.dto.TransactionResponse@733835ff, success=true, message=交易创建成功}]
2025-07-01 21:48:10 - Read "application/json;charset=UTF-8" to [com.banking.dto.TransactionRequest@322fcecb]
2025-07-01 21:48:10 - Read "application/json;charset=UTF-8" to [com.banking.dto.TransactionRequest@3c7c305c]
2025-07-01 21:48:10 - Mapped to com.banking.controller.TransactionController#createTransaction(TransactionRequest)
2025-07-01 21:48:10 - Mapped to com.banking.controller.TransactionController#createTransaction(TransactionRequest)
2025-07-01 21:48:10 - Mapped to com.banking.controller.TransactionController#createTransaction(TransactionRequest)
2025-07-01 21:48:10 - Mapped to com.banking.controller.TransactionController#createTransaction(TransactionRequest)
2025-07-01 21:48:10 - Mapped to com.banking.controller.TransactionController#createTransaction(TransactionRequest)
2025-07-01 21:48:10 - Mapped to com.banking.controller.TransactionController#createTransaction(TransactionRequest)
2025-07-01 21:48:10 - Read "application/json;charset=UTF-8" to [com.banking.dto.TransactionRequest@33092ed7]
2025-07-01 21:48:10 - Read "application/json;charset=UTF-8" to [com.banking.dto.TransactionRequest@3197d616]
2025-07-01 21:48:10 - Read "application/json;charset=UTF-8" to [com.banking.dto.TransactionRequest@79a0a297]
2025-07-01 21:48:10 - Read "application/json;charset=UTF-8" to [com.banking.dto.TransactionRequest@4971e1b2]
2025-07-01 21:48:10 - Read "application/json;charset=UTF-8" to [com.banking.dto.TransactionRequest@4e25e579]
2025-07-01 21:48:10 - Read "application/json;charset=UTF-8" to [com.banking.dto.TransactionRequest@4193a643]
2025-07-01 21:48:10 - Mapped to com.banking.controller.TransactionController#createTransaction(TransactionRequest)
2025-07-01 21:48:10 - Mapped to com.banking.controller.TransactionController#createTransaction(TransactionRequest)
2025-07-01 21:48:10 - Mapped to com.banking.controller.TransactionController#createTransaction(TransactionRequest)
2025-07-01 21:48:10 - Using 'application/json', given [*/*] and supported [application/json, application/*+json]
2025-07-01 21:48:10 - Writing [{data=com.banking.dto.TransactionResponse@477f0375, success=true, message=交易创建成功}]
2025-07-01 21:48:10 - Read "application/json;charset=UTF-8" to [com.banking.dto.TransactionRequest@6c4ffe9f]
2025-07-01 21:48:10 - Using 'application/json', given [*/*] and supported [application/json, application/*+json]
2025-07-01 21:48:10 - Writing [{data=com.banking.dto.TransactionResponse@4f3c073, success=true, message=交易创建成功}]
2025-07-01 21:48:10 - Read "application/json;charset=UTF-8" to [com.banking.dto.TransactionRequest@3d611507]
2025-07-01 21:48:10 - Using 'application/json', given [*/*] and supported [application/json, application/*+json]
2025-07-01 21:48:10 - Using 'application/json', given [*/*] and supported [application/json, application/*+json]
2025-07-01 21:48:10 - Writing [{data=com.banking.dto.TransactionResponse@42ea7757, success=true, message=交易创建成功}]
2025-07-01 21:48:10 - Read "application/json;charset=UTF-8" to [com.banking.dto.TransactionRequest@4e543125]
2025-07-01 21:48:10 - Writing [{data=com.banking.dto.TransactionResponse@7875b20f, success=true, message=交易创建成功}]
2025-07-01 21:48:10 - Using 'application/json', given [*/*] and supported [application/json, application/*+json]
2025-07-01 21:48:10 - Using 'application/json', given [*/*] and supported [application/json, application/*+json]
2025-07-01 21:48:10 - Writing [{data=com.banking.dto.TransactionResponse@2cf13573, success=true, message=交易创建成功}]
2025-07-01 21:48:10 - Using 'application/json', given [*/*] and supported [application/json, application/*+json]
2025-07-01 21:48:10 - Writing [{data=com.banking.dto.TransactionResponse@2c313421, success=true, message=交易创建成功}]
2025-07-01 21:48:10 - Writing [{data=com.banking.dto.TransactionResponse@56f1fa14, success=true, message=交易创建成功}]
2025-07-01 21:48:10 - Mapped to com.banking.controller.TransactionController#createTransaction(TransactionRequest)
2025-07-01 21:48:10 - Using 'application/json', given [*/*] and supported [application/json, application/*+json]
2025-07-01 21:48:10 - Writing [{data=com.banking.dto.TransactionResponse@6fda1929, success=true, message=交易创建成功}]
2025-07-01 21:48:10 - Read "application/json;charset=UTF-8" to [com.banking.dto.TransactionRequest@2e291d78]
2025-07-01 21:48:10 - Using 'application/json', given [*/*] and supported [application/json, application/*+json]
2025-07-01 21:48:10 - Using 'application/json', given [*/*] and supported [application/json, application/*+json]
2025-07-01 21:48:10 - Writing [{data=com.banking.dto.TransactionResponse@48bd9cfb, success=true, message=交易创建成功}]
2025-07-01 21:48:10 - Writing [{data=com.banking.dto.TransactionResponse@50625e37, success=true, message=交易创建成功}]
2025-07-01 21:48:10 - Mapped to com.banking.controller.TransactionController#createTransaction(TransactionRequest)
2025-07-01 21:48:10 - Mapped to com.banking.controller.TransactionController#createTransaction(TransactionRequest)
2025-07-01 21:48:10 - Mapped to com.banking.controller.TransactionController#createTransaction(TransactionRequest)
2025-07-01 21:48:10 - Mapped to com.banking.controller.TransactionController#createTransaction(TransactionRequest)
2025-07-01 21:48:10 - Mapped to com.banking.controller.TransactionController#createTransaction(TransactionRequest)
2025-07-01 21:48:10 - Mapped to com.banking.controller.TransactionController#createTransaction(TransactionRequest)
2025-07-01 21:48:10 - Read "application/json;charset=UTF-8" to [com.banking.dto.TransactionRequest@36f76e5d]
2025-07-01 21:48:10 - Read "application/json;charset=UTF-8" to [com.banking.dto.TransactionRequest@66eca7f4]
2025-07-01 21:48:10 - Read "application/json;charset=UTF-8" to [com.banking.dto.TransactionRequest@747401b9]
2025-07-01 21:48:10 - Read "application/json;charset=UTF-8" to [com.banking.dto.TransactionRequest@67683118]
2025-07-01 21:48:10 - Read "application/json;charset=UTF-8" to [com.banking.dto.TransactionRequest@7146dc12]
2025-07-01 21:48:10 - Read "application/json;charset=UTF-8" to [com.banking.dto.TransactionRequest@6488059e]
2025-07-01 21:48:10 - Mapped to com.banking.controller.TransactionController#createTransaction(TransactionRequest)
2025-07-01 21:48:10 - Using 'application/json', given [*/*] and supported [application/json, application/*+json]
2025-07-01 21:48:10 - Using 'application/json', given [*/*] and supported [application/json, application/*+json]
2025-07-01 21:48:10 - Writing [{data=com.banking.dto.TransactionResponse@3eb76c35, success=true, message=交易创建成功}]
2025-07-01 21:48:10 - Writing [{data=com.banking.dto.TransactionResponse@6595b35d, success=true, message=交易创建成功}]
2025-07-01 21:48:10 - Using 'application/json', given [*/*] and supported [application/json, application/*+json]
2025-07-01 21:48:10 - Mapped to com.banking.controller.TransactionController#createTransaction(TransactionRequest)
2025-07-01 21:48:10 - Writing [{data=com.banking.dto.TransactionResponse@ca8a12e, success=true, message=交易创建成功}]
2025-07-01 21:48:10 - Read "application/json;charset=UTF-8" to [com.banking.dto.TransactionRequest@14e8ca3f]
2025-07-01 21:48:10 - Mapped to com.banking.controller.TransactionController#createTransaction(TransactionRequest)
2025-07-01 21:48:10 - Using 'application/json', given [*/*] and supported [application/json, application/*+json]
2025-07-01 21:48:10 - Writing [{data=com.banking.dto.TransactionResponse@221bc650, success=true, message=交易创建成功}]
2025-07-01 21:48:10 - Using 'application/json', given [*/*] and supported [application/json, application/*+json]
2025-07-01 21:48:10 - Writing [{data=com.banking.dto.TransactionResponse@788de5e5, success=true, message=交易创建成功}]
2025-07-01 21:48:10 - Using 'application/json', given [*/*] and supported [application/json, application/*+json]
2025-07-01 21:48:10 - Writing [{data=com.banking.dto.TransactionResponse@4123fcc7, success=true, message=交易创建成功}]
2025-07-01 21:48:10 - Read "application/json;charset=UTF-8" to [com.banking.dto.TransactionRequest@48007fad]
2025-07-01 21:48:10 - Using 'application/json', given [*/*] and supported [application/json, application/*+json]
2025-07-01 21:48:10 - Read "application/json;charset=UTF-8" to [com.banking.dto.TransactionRequest@6676c4ca]
2025-07-01 21:48:10 - Writing [{data=com.banking.dto.TransactionResponse@e2e45c, success=true, message=交易创建成功}]
2025-07-01 21:48:10 - Using 'application/json', given [*/*] and supported [application/json, application/*+json]
2025-07-01 21:48:10 - Writing [{data=com.banking.dto.TransactionResponse@71812f96, success=true, message=交易创建成功}]
2025-07-01 21:48:10 - Using 'application/json', given [*/*] and supported [application/json, application/*+json]
2025-07-01 21:48:10 - Using 'application/json', given [*/*] and supported [application/json, application/*+json]
2025-07-01 21:48:10 - Writing [{data=com.banking.dto.TransactionResponse@2df4340c, success=true, message=交易创建成功}]
2025-07-01 21:48:10 - Writing [{data=com.banking.dto.TransactionResponse@1ad3cf21, success=true, message=交易创建成功}]
2025-07-01 21:48:10 - Mapped to com.banking.controller.TransactionController#createTransaction(TransactionRequest)
2025-07-01 21:48:10 - Mapped to com.banking.controller.TransactionController#createTransaction(TransactionRequest)
2025-07-01 21:48:10 - Mapped to com.banking.controller.TransactionController#createTransaction(TransactionRequest)
2025-07-01 21:48:10 - Mapped to com.banking.controller.TransactionController#createTransaction(TransactionRequest)
2025-07-01 21:48:10 - Mapped to com.banking.controller.TransactionController#createTransaction(TransactionRequest)
2025-07-01 21:48:10 - Using 'application/json', given [*/*] and supported [application/json, application/*+json]
2025-07-01 21:48:10 - Using 'application/json', given [*/*] and supported [application/json, application/*+json]
2025-07-01 21:48:10 - Mapped to com.banking.controller.TransactionController#createTransaction(TransactionRequest)
2025-07-01 21:48:10 - Mapped to com.banking.controller.TransactionController#createTransaction(TransactionRequest)
2025-07-01 21:48:10 - Read "application/json;charset=UTF-8" to [com.banking.dto.TransactionRequest@3f77fe0e]
2025-07-01 21:48:10 - Writing [{data=com.banking.dto.TransactionResponse@21d2cbc6, success=true, message=交易创建成功}]
2025-07-01 21:48:10 - Using 'application/json', given [*/*] and supported [application/json, application/*+json]
2025-07-01 21:48:10 - Writing [{data=com.banking.dto.TransactionResponse@5a3d230e, success=true, message=交易创建成功}]
2025-07-01 21:48:10 - Writing [{data=com.banking.dto.TransactionResponse@57d584c8, success=true, message=交易创建成功}]
2025-07-01 21:48:10 - Read "application/json;charset=UTF-8" to [com.banking.dto.TransactionRequest@7ba5898e]
2025-07-01 21:48:10 - Mapped to com.banking.controller.TransactionController#createTransaction(TransactionRequest)
2025-07-01 21:48:10 - Read "application/json;charset=UTF-8" to [com.banking.dto.TransactionRequest@c728c9e]
2025-07-01 21:48:10 - Read "application/json;charset=UTF-8" to [com.banking.dto.TransactionRequest@162431fd]
2025-07-01 21:48:10 - Read "application/json;charset=UTF-8" to [com.banking.dto.TransactionRequest@68de6903]
2025-07-01 21:48:10 - Using 'application/json', given [*/*] and supported [application/json, application/*+json]
2025-07-01 21:48:10 - Read "application/json;charset=UTF-8" to [com.banking.dto.TransactionRequest@7ed1b240]
2025-07-01 21:48:10 - Writing [{data=com.banking.dto.TransactionResponse@723d9e02, success=true, message=交易创建成功}]
2025-07-01 21:48:10 - Read "application/json;charset=UTF-8" to [com.banking.dto.TransactionRequest@473268b4]
2025-07-01 21:48:10 - Using 'application/json', given [*/*] and supported [application/json, application/*+json]
2025-07-01 21:48:10 - Using 'application/json', given [*/*] and supported [application/json, application/*+json]
2025-07-01 21:48:10 - Using 'application/json', given [*/*] and supported [application/json, application/*+json]
2025-07-01 21:48:10 - Using 'application/json', given [*/*] and supported [application/json, application/*+json]
2025-07-01 21:48:10 - Writing [{data=com.banking.dto.TransactionResponse@692cc638, success=true, message=交易创建成功}]
2025-07-01 21:48:10 - Writing [{data=com.banking.dto.TransactionResponse@520e3324, success=true, message=交易创建成功}]
2025-07-01 21:48:10 - Writing [{data=com.banking.dto.TransactionResponse@ae0fe25, success=true, message=交易创建成功}]
2025-07-01 21:48:10 - Writing [{data=com.banking.dto.TransactionResponse@3d6f8ed2, success=true, message=交易创建成功}]
2025-07-01 21:48:10 - Mapped to com.banking.controller.TransactionController#createTransaction(TransactionRequest)
2025-07-01 21:48:10 - Read "application/json;charset=UTF-8" to [com.banking.dto.TransactionRequest@7631b69a]
2025-07-01 21:48:10 - Mapped to com.banking.controller.TransactionController#createTransaction(TransactionRequest)
2025-07-01 21:48:10 - Read "application/json;charset=UTF-8" to [com.banking.dto.TransactionRequest@458ac171]
2025-07-01 21:48:10 - Mapped to com.banking.controller.TransactionController#createTransaction(TransactionRequest)
2025-07-01 21:48:10 - Mapped to com.banking.controller.TransactionController#createTransaction(TransactionRequest)
2025-07-01 21:48:10 - Read "application/json;charset=UTF-8" to [com.banking.dto.TransactionRequest@122b2107]
2025-07-01 21:48:10 - Mapped to com.banking.controller.TransactionController#createTransaction(TransactionRequest)
2025-07-01 21:48:10 - Mapped to com.banking.controller.TransactionController#createTransaction(TransactionRequest)
2025-07-01 21:48:10 - Read "application/json;charset=UTF-8" to [com.banking.dto.TransactionRequest@533ae556]
2025-07-01 21:48:10 - Read "application/json;charset=UTF-8" to [com.banking.dto.TransactionRequest@5e6eeb87]
2025-07-01 21:48:10 - Read "application/json;charset=UTF-8" to [com.banking.dto.TransactionRequest@70cc1e6b]
2025-07-01 21:48:10 - Read "application/json;charset=UTF-8" to [com.banking.dto.TransactionRequest@b743323]
2025-07-01 21:48:10 - Mapped to com.banking.controller.TransactionController#createTransaction(TransactionRequest)
2025-07-01 21:48:10 - Mapped to com.banking.controller.TransactionController#createTransaction(TransactionRequest)
2025-07-01 21:48:10 - Mapped to com.banking.controller.TransactionController#createTransaction(TransactionRequest)
2025-07-01 21:48:10 - Mapped to com.banking.controller.TransactionController#createTransaction(TransactionRequest)
2025-07-01 21:48:10 - Read "application/json;charset=UTF-8" to [com.banking.dto.TransactionRequest@504a70b6]
2025-07-01 21:48:10 - Read "application/json;charset=UTF-8" to [com.banking.dto.TransactionRequest@3a96507a]
2025-07-01 21:48:10 - Read "application/json;charset=UTF-8" to [com.banking.dto.TransactionRequest@de9f8b8]
2025-07-01 21:48:10 - Read "application/json;charset=UTF-8" to [com.banking.dto.TransactionRequest@26601456]
2025-07-01 21:48:10 - Using 'application/json', given [*/*] and supported [application/json, application/*+json]
2025-07-01 21:48:10 - Writing [{data=com.banking.dto.TransactionResponse@4950aa18, success=true, message=交易创建成功}]
2025-07-01 21:48:10 - Using 'application/json', given [*/*] and supported [application/json, application/*+json]
2025-07-01 21:48:10 - Using 'application/json', given [*/*] and supported [application/json, application/*+json]
2025-07-01 21:48:10 - Using 'application/json', given [*/*] and supported [application/json, application/*+json]
2025-07-01 21:48:10 - Writing [{data=com.banking.dto.TransactionResponse@71778741, success=true, message=交易创建成功}]
2025-07-01 21:48:10 - Using 'application/json', given [*/*] and supported [application/json, application/*+json]
2025-07-01 21:48:10 - Writing [{data=com.banking.dto.TransactionResponse@37ff1344, success=true, message=交易创建成功}]
2025-07-01 21:48:10 - Writing [{data=com.banking.dto.TransactionResponse@539bfbaf, success=true, message=交易创建成功}]
2025-07-01 21:48:10 - Writing [{data=com.banking.dto.TransactionResponse@5e09acf9, success=true, message=交易创建成功}]
2025-07-01 21:48:10 - Using 'application/json', given [*/*] and supported [application/json, application/*+json]
2025-07-01 21:48:10 - Writing [{data=com.banking.dto.TransactionResponse@219ea533, success=true, message=交易创建成功}]
2025-07-01 21:48:10 - Using 'application/json', given [*/*] and supported [application/json, application/*+json]
2025-07-01 21:48:10 - Writing [{data=com.banking.dto.TransactionResponse@2c86fdf3, success=true, message=交易创建成功}]
2025-07-01 21:48:10 - Using 'application/json', given [*/*] and supported [application/json, application/*+json]
2025-07-01 21:48:10 - Writing [{data=com.banking.dto.TransactionResponse@3459455a, success=true, message=交易创建成功}]
2025-07-01 21:48:10 - Using 'application/json', given [*/*] and supported [application/json, application/*+json]
2025-07-01 21:48:10 - Writing [{data=com.banking.dto.TransactionResponse@3e9cc0dc, success=true, message=交易创建成功}]
2025-07-01 21:48:10 - Using 'application/json', given [*/*] and supported [application/json, application/*+json]
2025-07-01 21:48:10 - Writing [{data=com.banking.dto.TransactionResponse@153852ee, success=true, message=交易创建成功}]
2025-07-01 21:48:10 - Mapped to com.banking.controller.TransactionController#createTransaction(TransactionRequest)
2025-07-01 21:48:10 - Mapped to com.banking.controller.TransactionController#createTransaction(TransactionRequest)
2025-07-01 21:48:10 - Mapped to com.banking.controller.TransactionController#createTransaction(TransactionRequest)
2025-07-01 21:48:10 - Using 'application/json', given [*/*] and supported [application/json, application/*+json]
2025-07-01 21:48:10 - Mapped to com.banking.controller.TransactionController#createTransaction(TransactionRequest)
2025-07-01 21:48:10 - Mapped to com.banking.controller.TransactionController#createTransaction(TransactionRequest)
2025-07-01 21:48:10 - Mapped to com.banking.controller.TransactionController#createTransaction(TransactionRequest)
2025-07-01 21:48:10 - Writing [{data=com.banking.dto.TransactionResponse@1bca77a1, success=true, message=交易创建成功}]
2025-07-01 21:48:10 - Mapped to com.banking.controller.TransactionController#createTransaction(TransactionRequest)
2025-07-01 21:48:10 - Mapped to com.banking.controller.TransactionController#createTransaction(TransactionRequest)
2025-07-01 21:48:10 - Mapped to com.banking.controller.TransactionController#createTransaction(TransactionRequest)
2025-07-01 21:48:10 - Using 'application/json', given [*/*] and supported [application/json, application/*+json]
2025-07-01 21:48:10 - Using 'application/json', given [*/*] and supported [application/json, application/*+json]
2025-07-01 21:48:10 - Writing [{data=com.banking.dto.TransactionResponse@67eb8904, success=true, message=交易创建成功}]
2025-07-01 21:48:10 - Writing [{data=com.banking.dto.TransactionResponse@1c7c0b5a, success=true, message=交易创建成功}]
2025-07-01 21:48:10 - Using 'application/json', given [*/*] and supported [application/json, application/*+json]
2025-07-01 21:48:10 - Writing [{data=com.banking.dto.TransactionResponse@668ee6e9, success=true, message=交易创建成功}]
2025-07-01 21:48:10 - Read "application/json;charset=UTF-8" to [com.banking.dto.TransactionRequest@2e09afd]
2025-07-01 21:48:10 - Read "application/json;charset=UTF-8" to [com.banking.dto.TransactionRequest@388427f2]
2025-07-01 21:48:10 - Read "application/json;charset=UTF-8" to [com.banking.dto.TransactionRequest@1b845dea]
2025-07-01 21:48:10 - Read "application/json;charset=UTF-8" to [com.banking.dto.TransactionRequest@17dbc524]
2025-07-01 21:48:10 - Read "application/json;charset=UTF-8" to [com.banking.dto.TransactionRequest@7de1ae4a]
2025-07-01 21:48:10 - Read "application/json;charset=UTF-8" to [com.banking.dto.TransactionRequest@4ba482ec]
2025-07-01 21:48:10 - Read "application/json;charset=UTF-8" to [com.banking.dto.TransactionRequest@6d034989]
2025-07-01 21:48:10 - Using 'application/json', given [*/*] and supported [application/json, application/*+json]
2025-07-01 21:48:10 - Writing [{data=com.banking.dto.TransactionResponse@5dcbe7db, success=true, message=交易创建成功}]
2025-07-01 21:48:10 - Using 'application/json', given [*/*] and supported [application/json, application/*+json]
2025-07-01 21:48:10 - Read "application/json;charset=UTF-8" to [com.banking.dto.TransactionRequest@66343132]
2025-07-01 21:48:10 - Read "application/json;charset=UTF-8" to [com.banking.dto.TransactionRequest@4222a07f]
2025-07-01 21:48:10 - Writing [{data=com.banking.dto.TransactionResponse@1ae2c997, success=true, message=交易创建成功}]
2025-07-01 21:48:10 - Mapped to com.banking.controller.TransactionController#createTransaction(TransactionRequest)
2025-07-01 21:48:10 - Mapped to com.banking.controller.TransactionController#createTransaction(TransactionRequest)
2025-07-01 21:48:10 - Mapped to com.banking.controller.TransactionController#createTransaction(TransactionRequest)
2025-07-01 21:48:10 - Mapped to com.banking.controller.TransactionController#createTransaction(TransactionRequest)
2025-07-01 21:48:10 - Using 'application/json', given [*/*] and supported [application/json, application/*+json]
2025-07-01 21:48:10 - Using 'application/json', given [*/*] and supported [application/json, application/*+json]
2025-07-01 21:48:10 - Using 'application/json', given [*/*] and supported [application/json, application/*+json]
2025-07-01 21:48:10 - Using 'application/json', given [*/*] and supported [application/json, application/*+json]
2025-07-01 21:48:10 - Writing [{data=com.banking.dto.TransactionResponse@468f07e2, success=true, message=交易创建成功}]
2025-07-01 21:48:10 - Writing [{data=com.banking.dto.TransactionResponse@1ffc308d, success=true, message=交易创建成功}]
2025-07-01 21:48:10 - Writing [{data=com.banking.dto.TransactionResponse@5137e4ad, success=true, message=交易创建成功}]
2025-07-01 21:48:10 - Writing [{data=com.banking.dto.TransactionResponse@2f01a9f2, success=true, message=交易创建成功}]
2025-07-01 21:48:10 - Read "application/json;charset=UTF-8" to [com.banking.dto.TransactionRequest@5748896c]
2025-07-01 21:48:10 - Read "application/json;charset=UTF-8" to [com.banking.dto.TransactionRequest@24e8e3d6]
2025-07-01 21:48:10 - Read "application/json;charset=UTF-8" to [com.banking.dto.TransactionRequest@16fedad]
2025-07-01 21:48:10 - Read "application/json;charset=UTF-8" to [com.banking.dto.TransactionRequest@2bfee14]
2025-07-01 21:48:10 - Mapped to com.banking.controller.TransactionController#createTransaction(TransactionRequest)
2025-07-01 21:48:10 - Using 'application/json', given [*/*] and supported [application/json, application/*+json]
2025-07-01 21:48:10 - Using 'application/json', given [*/*] and supported [application/json, application/*+json]
2025-07-01 21:48:10 - Writing [{data=com.banking.dto.TransactionResponse@309c1e72, success=true, message=交易创建成功}]
2025-07-01 21:48:10 - Mapped to com.banking.controller.TransactionController#createTransaction(TransactionRequest)
2025-07-01 21:48:10 - Writing [{data=com.banking.dto.TransactionResponse@1721487b, success=true, message=交易创建成功}]
2025-07-01 21:48:10 - Using 'application/json', given [*/*] and supported [application/json, application/*+json]
2025-07-01 21:48:10 - Writing [{data=com.banking.dto.TransactionResponse@180abcc0, success=true, message=交易创建成功}]
2025-07-01 21:48:10 - Using 'application/json', given [*/*] and supported [application/json, application/*+json]
2025-07-01 21:48:10 - Using 'application/json', given [*/*] and supported [application/json, application/*+json]
2025-07-01 21:48:10 - Read "application/json;charset=UTF-8" to [com.banking.dto.TransactionRequest@794fbf83]
2025-07-01 21:48:10 - Writing [{data=com.banking.dto.TransactionResponse@4a02e049, success=true, message=交易创建成功}]
2025-07-01 21:48:10 - Writing [{data=com.banking.dto.TransactionResponse@1ab36aa3, success=true, message=交易创建成功}]
2025-07-01 21:48:10 - Read "application/json;charset=UTF-8" to [com.banking.dto.TransactionRequest@2f214f33]
2025-07-01 21:48:10 - Using 'application/json', given [*/*] and supported [application/json, application/*+json]
2025-07-01 21:48:10 - Writing [{data=com.banking.dto.TransactionResponse@785ebded, success=true, message=交易创建成功}]
2025-07-01 21:48:10 - Mapped to com.banking.controller.TransactionController#createTransaction(TransactionRequest)
2025-07-01 21:48:10 - Mapped to com.banking.controller.TransactionController#createTransaction(TransactionRequest)
2025-07-01 21:48:10 - Mapped to com.banking.controller.TransactionController#createTransaction(TransactionRequest)
2025-07-01 21:48:10 - Mapped to com.banking.controller.TransactionController#createTransaction(TransactionRequest)
2025-07-01 21:48:10 - Read "application/json;charset=UTF-8" to [com.banking.dto.TransactionRequest@f987751]
2025-07-01 21:48:10 - Read "application/json;charset=UTF-8" to [com.banking.dto.TransactionRequest@95ed8a3]
2025-07-01 21:48:10 - Read "application/json;charset=UTF-8" to [com.banking.dto.TransactionRequest@4f6a14ee]
2025-07-01 21:48:10 - Read "application/json;charset=UTF-8" to [com.banking.dto.TransactionRequest@63af3c6a]
2025-07-01 21:48:10 - Mapped to com.banking.controller.TransactionController#createTransaction(TransactionRequest)
2025-07-01 21:48:10 - Mapped to com.banking.controller.TransactionController#createTransaction(TransactionRequest)
2025-07-01 21:48:10 - Mapped to com.banking.controller.TransactionController#createTransaction(TransactionRequest)
2025-07-01 21:48:10 - Mapped to com.banking.controller.TransactionController#createTransaction(TransactionRequest)
2025-07-01 21:48:10 - Mapped to com.banking.controller.TransactionController#createTransaction(TransactionRequest)
2025-07-01 21:48:10 - Mapped to com.banking.controller.TransactionController#createTransaction(TransactionRequest)
2025-07-01 21:48:10 - Read "application/json;charset=UTF-8" to [com.banking.dto.TransactionRequest@75104ec7]
2025-07-01 21:48:10 - Read "application/json;charset=UTF-8" to [com.banking.dto.TransactionRequest@d45db3f]
2025-07-01 21:48:10 - Read "application/json;charset=UTF-8" to [com.banking.dto.TransactionRequest@29f4f68]
2025-07-01 21:48:10 - Read "application/json;charset=UTF-8" to [com.banking.dto.TransactionRequest@2fdc634a]
2025-07-01 21:48:10 - Read "application/json;charset=UTF-8" to [com.banking.dto.TransactionRequest@22deab1d]
2025-07-01 21:48:10 - Read "application/json;charset=UTF-8" to [com.banking.dto.TransactionRequest@454a145b]
2025-07-01 21:48:10 - Using 'application/json', given [*/*] and supported [application/json, application/*+json]
2025-07-01 21:48:10 - Using 'application/json', given [*/*] and supported [application/json, application/*+json]
2025-07-01 21:48:10 - Using 'application/json', given [*/*] and supported [application/json, application/*+json]
2025-07-01 21:48:10 - Writing [{data=com.banking.dto.TransactionResponse@1f87b4af, success=true, message=交易创建成功}]
2025-07-01 21:48:10 - Using 'application/json', given [*/*] and supported [application/json, application/*+json]
2025-07-01 21:48:10 - Writing [{data=com.banking.dto.TransactionResponse@7a471471, success=true, message=交易创建成功}]
2025-07-01 21:48:10 - Using 'application/json', given [*/*] and supported [application/json, application/*+json]
2025-07-01 21:48:10 - Using 'application/json', given [*/*] and supported [application/json, application/*+json]
2025-07-01 21:48:10 - Writing [{data=com.banking.dto.TransactionResponse@2f47f499, success=true, message=交易创建成功}]
2025-07-01 21:48:10 - Writing [{data=com.banking.dto.TransactionResponse@6c88f064, success=true, message=交易创建成功}]
2025-07-01 21:48:10 - Writing [{data=com.banking.dto.TransactionResponse@5ede0807, success=true, message=交易创建成功}]
2025-07-01 21:48:10 - Writing [{data=com.banking.dto.TransactionResponse@76461be1, success=true, message=交易创建成功}]
2025-07-01 21:48:10 - Using 'application/json', given [*/*] and supported [application/json, application/*+json]
2025-07-01 21:48:10 - Using 'application/json', given [*/*] and supported [application/json, application/*+json]
2025-07-01 21:48:10 - Using 'application/json', given [*/*] and supported [application/json, application/*+json]
2025-07-01 21:48:10 - Writing [{data=com.banking.dto.TransactionResponse@39e57eff, success=true, message=交易创建成功}]
2025-07-01 21:48:10 - Writing [{data=com.banking.dto.TransactionResponse@3f76ddff, success=true, message=交易创建成功}]
2025-07-01 21:48:10 - Using 'application/json', given [*/*] and supported [application/json, application/*+json]
2025-07-01 21:48:10 - Writing [{data=com.banking.dto.TransactionResponse@7cbab5bb, success=true, message=交易创建成功}]
2025-07-01 21:48:10 - Writing [{data=com.banking.dto.TransactionResponse@439a6af1, success=true, message=交易创建成功}]
2025-07-01 21:48:10 - Mapped to com.banking.controller.TransactionController#createTransaction(TransactionRequest)
2025-07-01 21:48:10 - Mapped to com.banking.controller.TransactionController#createTransaction(TransactionRequest)
2025-07-01 21:48:10 - Mapped to com.banking.controller.TransactionController#createTransaction(TransactionRequest)
2025-07-01 21:48:10 - Mapped to com.banking.controller.TransactionController#createTransaction(TransactionRequest)
2025-07-01 21:48:10 - Mapped to com.banking.controller.TransactionController#createTransaction(TransactionRequest)
2025-07-01 21:48:10 - Mapped to com.banking.controller.TransactionController#createTransaction(TransactionRequest)
2025-07-01 21:48:10 - Mapped to com.banking.controller.TransactionController#createTransaction(TransactionRequest)
2025-07-01 21:48:10 - Mapped to com.banking.controller.TransactionController#createTransaction(TransactionRequest)
2025-07-01 21:48:10 - Mapped to com.banking.controller.TransactionController#createTransaction(TransactionRequest)
2025-07-01 21:48:10 - Mapped to com.banking.controller.TransactionController#createTransaction(TransactionRequest)
2025-07-01 21:48:10 - Read "application/json;charset=UTF-8" to [com.banking.dto.TransactionRequest@a523a0f]
2025-07-01 21:48:10 - Read "application/json;charset=UTF-8" to [com.banking.dto.TransactionRequest@228239e0]
2025-07-01 21:48:10 - Read "application/json;charset=UTF-8" to [com.banking.dto.TransactionRequest@5a88c536]
2025-07-01 21:48:10 - Read "application/json;charset=UTF-8" to [com.banking.dto.TransactionRequest@2fa4e775]
2025-07-01 21:48:10 - Read "application/json;charset=UTF-8" to [com.banking.dto.TransactionRequest@398c89d3]
2025-07-01 21:48:10 - Read "application/json;charset=UTF-8" to [com.banking.dto.TransactionRequest@21b4b559]
2025-07-01 21:48:10 - Read "application/json;charset=UTF-8" to [com.banking.dto.TransactionRequest@7e27d89b]
2025-07-01 21:48:10 - Read "application/json;charset=UTF-8" to [com.banking.dto.TransactionRequest@5cc14f74]
2025-07-01 21:48:10 - Read "application/json;charset=UTF-8" to [com.banking.dto.TransactionRequest@2989f728]
2025-07-01 21:48:10 - Read "application/json;charset=UTF-8" to [com.banking.dto.TransactionRequest@74e59c3b]
2025-07-01 21:48:10 - Using 'application/json', given [*/*] and supported [application/json, application/*+json]
2025-07-01 21:48:10 - Using 'application/json', given [*/*] and supported [application/json, application/*+json]
2025-07-01 21:48:10 - Using 'application/json', given [*/*] and supported [application/json, application/*+json]
2025-07-01 21:48:10 - Writing [{data=com.banking.dto.TransactionResponse@556ac44f, success=true, message=交易创建成功}]
2025-07-01 21:48:10 - Writing [{data=com.banking.dto.TransactionResponse@6c2790f0, success=true, message=交易创建成功}]
2025-07-01 21:48:10 - Writing [{data=com.banking.dto.TransactionResponse@3ce55224, success=true, message=交易创建成功}]
2025-07-01 21:48:10 - Using 'application/json', given [*/*] and supported [application/json, application/*+json]
2025-07-01 21:48:10 - Writing [{data=com.banking.dto.TransactionResponse@e6a9d58, success=true, message=交易创建成功}]
2025-07-01 21:48:10 - Using 'application/json', given [*/*] and supported [application/json, application/*+json]
2025-07-01 21:48:10 - Writing [{data=com.banking.dto.TransactionResponse@1c6239bd, success=true, message=交易创建成功}]
2025-07-01 21:48:10 - Using 'application/json', given [*/*] and supported [application/json, application/*+json]
2025-07-01 21:48:10 - Writing [{data=com.banking.dto.TransactionResponse@32257078, success=true, message=交易创建成功}]
2025-07-01 21:48:10 - Using 'application/json', given [*/*] and supported [application/json, application/*+json]
2025-07-01 21:48:10 - Using 'application/json', given [*/*] and supported [application/json, application/*+json]
2025-07-01 21:48:10 - Writing [{data=com.banking.dto.TransactionResponse@7a44752a, success=true, message=交易创建成功}]
2025-07-01 21:48:10 - Using 'application/json', given [*/*] and supported [application/json, application/*+json]
2025-07-01 21:48:10 - Writing [{data=com.banking.dto.TransactionResponse@33657e36, success=true, message=交易创建成功}]
2025-07-01 21:48:10 - Writing [{data=com.banking.dto.TransactionResponse@42d69cb5, success=true, message=交易创建成功}]
2025-07-01 21:48:10 - Using 'application/json', given [*/*] and supported [application/json, application/*+json]
2025-07-01 21:48:10 - Writing [{data=com.banking.dto.TransactionResponse@124bd427, success=true, message=交易创建成功}]
2025-07-01 21:48:10 - Mapped to com.banking.controller.TransactionController#createTransaction(TransactionRequest)
2025-07-01 21:48:10 - Mapped to com.banking.controller.TransactionController#createTransaction(TransactionRequest)
2025-07-01 21:48:10 - Mapped to com.banking.controller.TransactionController#createTransaction(TransactionRequest)
2025-07-01 21:48:10 - Read "application/json;charset=UTF-8" to [com.banking.dto.TransactionRequest@67cc29f7]
2025-07-01 21:48:10 - Mapped to com.banking.controller.TransactionController#createTransaction(TransactionRequest)
2025-07-01 21:48:10 - Read "application/json;charset=UTF-8" to [com.banking.dto.TransactionRequest@a49f0e4]
2025-07-01 21:48:10 - Read "application/json;charset=UTF-8" to [com.banking.dto.TransactionRequest@760d2a95]
2025-07-01 21:48:10 - Mapped to com.banking.controller.TransactionController#createTransaction(TransactionRequest)
2025-07-01 21:48:10 - Mapped to com.banking.controller.TransactionController#createTransaction(TransactionRequest)
2025-07-01 21:48:10 - Mapped to com.banking.controller.TransactionController#createTransaction(TransactionRequest)
2025-07-01 21:48:10 - Using 'application/json', given [*/*] and supported [application/json, application/*+json]
2025-07-01 21:48:10 - Using 'application/json', given [*/*] and supported [application/json, application/*+json]
2025-07-01 21:48:10 - Writing [{data=com.banking.dto.TransactionResponse@1b423a53, success=true, message=交易创建成功}]
2025-07-01 21:48:10 - Writing [{data=com.banking.dto.TransactionResponse@4df22f31, success=true, message=交易创建成功}]
2025-07-01 21:48:10 - Read "application/json;charset=UTF-8" to [com.banking.dto.TransactionRequest@45bb3b2d]
2025-07-01 21:48:10 - Mapped to com.banking.controller.TransactionController#createTransaction(TransactionRequest)
2025-07-01 21:48:10 - Read "application/json;charset=UTF-8" to [com.banking.dto.TransactionRequest@72f86e79]
2025-07-01 21:48:10 - Mapped to com.banking.controller.TransactionController#createTransaction(TransactionRequest)
2025-07-01 21:48:10 - Read "application/json;charset=UTF-8" to [com.banking.dto.TransactionRequest@663e7643]
2025-07-01 21:48:10 - Read "application/json;charset=UTF-8" to [com.banking.dto.TransactionRequest@4501f0fd]
2025-07-01 21:48:10 - Mapped to com.banking.controller.TransactionController#createTransaction(TransactionRequest)
2025-07-01 21:48:10 - Read "application/json;charset=UTF-8" to [com.banking.dto.TransactionRequest@6ec13858]
2025-07-01 21:48:10 - Using 'application/json', given [*/*] and supported [application/json, application/*+json]
2025-07-01 21:48:10 - Writing [{data=com.banking.dto.TransactionResponse@6f140fb8, success=true, message=交易创建成功}]
2025-07-01 21:48:10 - Read "application/json;charset=UTF-8" to [com.banking.dto.TransactionRequest@5164437f]
2025-07-01 21:48:10 - Using 'application/json', given [*/*] and supported [application/json, application/*+json]
2025-07-01 21:48:10 - Writing [{data=com.banking.dto.TransactionResponse@1482f9a7, success=true, message=交易创建成功}]
2025-07-01 21:48:10 - Using 'application/json', given [*/*] and supported [application/json, application/*+json]
2025-07-01 21:48:10 - Read "application/json;charset=UTF-8" to [com.banking.dto.TransactionRequest@795208dc]
2025-07-01 21:48:10 - Writing [{data=com.banking.dto.TransactionResponse@6e5adaf8, success=true, message=交易创建成功}]
2025-07-01 21:48:10 - Using 'application/json', given [*/*] and supported [application/json, application/*+json]
2025-07-01 21:48:10 - Writing [{data=com.banking.dto.TransactionResponse@37d9095b, success=true, message=交易创建成功}]
2025-07-01 21:48:10 - Using 'application/json', given [*/*] and supported [application/json, application/*+json]
2025-07-01 21:48:10 - Writing [{data=com.banking.dto.TransactionResponse@3a54c413, success=true, message=交易创建成功}]
2025-07-01 21:48:10 - Using 'application/json', given [*/*] and supported [application/json, application/*+json]
2025-07-01 21:48:10 - Using 'application/json', given [*/*] and supported [application/json, application/*+json]
2025-07-01 21:48:10 - Writing [{data=com.banking.dto.TransactionResponse@4125d5a2, success=true, message=交易创建成功}]
2025-07-01 21:48:10 - Writing [{data=com.banking.dto.TransactionResponse@5b4f163a, success=true, message=交易创建成功}]
2025-07-01 21:48:10 - Mapped to com.banking.controller.TransactionController#createTransaction(TransactionRequest)
2025-07-01 21:48:10 - Using 'application/json', given [*/*] and supported [application/json, application/*+json]
2025-07-01 21:48:10 - Writing [{data=com.banking.dto.TransactionResponse@31d0ddae, success=true, message=交易创建成功}]
2025-07-01 21:48:10 - Mapped to com.banking.controller.TransactionController#createTransaction(TransactionRequest)
2025-07-01 21:48:10 - Mapped to com.banking.controller.TransactionController#createTransaction(TransactionRequest)
2025-07-01 21:48:10 - Mapped to com.banking.controller.TransactionController#createTransaction(TransactionRequest)
2025-07-01 21:48:10 - Using 'application/json', given [*/*] and supported [application/json, application/*+json]
2025-07-01 21:48:10 - Writing [{data=com.banking.dto.TransactionResponse@2a96c797, success=true, message=交易创建成功}]
2025-07-01 21:48:10 - Using 'application/json', given [*/*] and supported [application/json, application/*+json]
2025-07-01 21:48:10 - Writing [{data=com.banking.dto.TransactionResponse@4e74f9f8, success=true, message=交易创建成功}]
2025-07-01 21:48:10 - Read "application/json;charset=UTF-8" to [com.banking.dto.TransactionRequest@372d4b18]
2025-07-01 21:48:10 - Read "application/json;charset=UTF-8" to [com.banking.dto.TransactionRequest@70de8614]
2025-07-01 21:48:10 - Mapped to com.banking.controller.TransactionController#createTransaction(TransactionRequest)
2025-07-01 21:48:10 - Read "application/json;charset=UTF-8" to [com.banking.dto.TransactionRequest@77b71de9]
2025-07-01 21:48:10 - Read "application/json;charset=UTF-8" to [com.banking.dto.TransactionRequest@5f1ffaa4]
2025-07-01 21:48:10 - Mapped to com.banking.controller.TransactionController#createTransaction(TransactionRequest)
2025-07-01 21:48:10 - Read "application/json;charset=UTF-8" to [com.banking.dto.TransactionRequest@b7c00ab]
2025-07-01 21:48:10 - Read "application/json;charset=UTF-8" to [com.banking.dto.TransactionRequest@29edadba]
2025-07-01 21:48:10 - Mapped to com.banking.controller.TransactionController#createTransaction(TransactionRequest)
2025-07-01 21:48:10 - Mapped to com.banking.controller.TransactionController#createTransaction(TransactionRequest)
2025-07-01 21:48:10 - Mapped to com.banking.controller.TransactionController#createTransaction(TransactionRequest)
2025-07-01 21:48:10 - Read "application/json;charset=UTF-8" to [com.banking.dto.TransactionRequest@9d33e55]
2025-07-01 21:48:10 - Read "application/json;charset=UTF-8" to [com.banking.dto.TransactionRequest@2f269617]
2025-07-01 21:48:10 - Using 'application/json', given [*/*] and supported [application/json, application/*+json]
2025-07-01 21:48:10 - Read "application/json;charset=UTF-8" to [com.banking.dto.TransactionRequest@f32d219]
2025-07-01 21:48:10 - Writing [{data=com.banking.dto.TransactionResponse@15cdcde, success=true, message=交易创建成功}]
2025-07-01 21:48:10 - Using 'application/json', given [*/*] and supported [application/json, application/*+json]
2025-07-01 21:48:10 - Writing [{data=com.banking.dto.TransactionResponse@16f13480, success=true, message=交易创建成功}]
2025-07-01 21:48:10 - Using 'application/json', given [*/*] and supported [application/json, application/*+json]
2025-07-01 21:48:10 - Writing [{data=com.banking.dto.TransactionResponse@2f75dba8, success=true, message=交易创建成功}]
2025-07-01 21:48:10 - Using 'application/json', given [*/*] and supported [application/json, application/*+json]
2025-07-01 21:48:10 - Using 'application/json', given [*/*] and supported [application/json, application/*+json]
2025-07-01 21:48:10 - Writing [{data=com.banking.dto.TransactionResponse@360ee9d4, success=true, message=交易创建成功}]
2025-07-01 21:48:10 - Writing [{data=com.banking.dto.TransactionResponse@ebfda17, success=true, message=交易创建成功}]
2025-07-01 21:48:10 - Using 'application/json', given [*/*] and supported [application/json, application/*+json]
2025-07-01 21:48:10 - Using 'application/json', given [*/*] and supported [application/json, application/*+json]
2025-07-01 21:48:10 - Writing [{data=com.banking.dto.TransactionResponse@517b788e, success=true, message=交易创建成功}]
2025-07-01 21:48:10 - Using 'application/json', given [*/*] and supported [application/json, application/*+json]
2025-07-01 21:48:10 - Mapped to com.banking.controller.TransactionController#createTransaction(TransactionRequest)
2025-07-01 21:48:10 - Writing [{data=com.banking.dto.TransactionResponse@8c559ab, success=true, message=交易创建成功}]
2025-07-01 21:48:10 - Using 'application/json', given [*/*] and supported [application/json, application/*+json]
2025-07-01 21:48:10 - Using 'application/json', given [*/*] and supported [application/json, application/*+json]
2025-07-01 21:48:10 - Writing [{data=com.banking.dto.TransactionResponse@6708c043, success=true, message=交易创建成功}]
2025-07-01 21:48:10 - Writing [{data=com.banking.dto.TransactionResponse@1e42aa83, success=true, message=交易创建成功}]
2025-07-01 21:48:10 - Writing [{data=com.banking.dto.TransactionResponse@4c555ad4, success=true, message=交易创建成功}]
2025-07-01 21:48:10 - Read "application/json;charset=UTF-8" to [com.banking.dto.TransactionRequest@1a3bc7e0]
2025-07-01 21:48:10 - Mapped to com.banking.controller.TransactionController#createTransaction(TransactionRequest)
2025-07-01 21:48:10 - Mapped to com.banking.controller.TransactionController#createTransaction(TransactionRequest)
2025-07-01 21:48:10 - Mapped to com.banking.controller.TransactionController#createTransaction(TransactionRequest)
2025-07-01 21:48:10 - Read "application/json;charset=UTF-8" to [com.banking.dto.TransactionRequest@b68650a]
2025-07-01 21:48:10 - Mapped to com.banking.controller.TransactionController#createTransaction(TransactionRequest)
2025-07-01 21:48:10 - Read "application/json;charset=UTF-8" to [com.banking.dto.TransactionRequest@1c21a0cc]
2025-07-01 21:48:10 - Mapped to com.banking.controller.TransactionController#createTransaction(TransactionRequest)
2025-07-01 21:48:10 - Read "application/json;charset=UTF-8" to [com.banking.dto.TransactionRequest@75b4e15a]
2025-07-01 21:48:10 - Read "application/json;charset=UTF-8" to [com.banking.dto.TransactionRequest@526e23ac]
2025-07-01 21:48:10 - Mapped to com.banking.controller.TransactionController#createTransaction(TransactionRequest)
2025-07-01 21:48:10 - Mapped to com.banking.controller.TransactionController#createTransaction(TransactionRequest)
2025-07-01 21:48:10 - Read "application/json;charset=UTF-8" to [com.banking.dto.TransactionRequest@6214be3c]
2025-07-01 21:48:10 - Mapped to com.banking.controller.TransactionController#createTransaction(TransactionRequest)
2025-07-01 21:48:10 - Mapped to com.banking.controller.TransactionController#createTransaction(TransactionRequest)
2025-07-01 21:48:10 - Mapped to com.banking.controller.TransactionController#createTransaction(TransactionRequest)
2025-07-01 21:48:10 - Read "application/json;charset=UTF-8" to [com.banking.dto.TransactionRequest@1eaefa78]
2025-07-01 21:48:10 - Read "application/json;charset=UTF-8" to [com.banking.dto.TransactionRequest@e580df7]
2025-07-01 21:48:10 - Read "application/json;charset=UTF-8" to [com.banking.dto.TransactionRequest@290a433a]
2025-07-01 21:48:10 - Read "application/json;charset=UTF-8" to [com.banking.dto.TransactionRequest@115a6dcb]
2025-07-01 21:48:10 - Read "application/json;charset=UTF-8" to [com.banking.dto.TransactionRequest@7d19845e]
2025-07-01 21:48:10 - Using 'application/json', given [*/*] and supported [application/json, application/*+json]
2025-07-01 21:48:10 - Using 'application/json', given [*/*] and supported [application/json, application/*+json]
2025-07-01 21:48:10 - Writing [{data=com.banking.dto.TransactionResponse@3fa99f8d, success=true, message=交易创建成功}]
2025-07-01 21:48:10 - Writing [{data=com.banking.dto.TransactionResponse@57c8df77, success=true, message=交易创建成功}]
2025-07-01 21:48:10 - Using 'application/json', given [*/*] and supported [application/json, application/*+json]
2025-07-01 21:48:10 - Using 'application/json', given [*/*] and supported [application/json, application/*+json]
2025-07-01 21:48:10 - Using 'application/json', given [*/*] and supported [application/json, application/*+json]
2025-07-01 21:48:10 - Writing [{data=com.banking.dto.TransactionResponse@c417128, success=true, message=交易创建成功}]
2025-07-01 21:48:10 - Writing [{data=com.banking.dto.TransactionResponse@4ab27ef0, success=true, message=交易创建成功}]
2025-07-01 21:48:10 - Using 'application/json', given [*/*] and supported [application/json, application/*+json]
2025-07-01 21:48:10 - Writing [{data=com.banking.dto.TransactionResponse@5d70e623, success=true, message=交易创建成功}]
2025-07-01 21:48:10 - Using 'application/json', given [*/*] and supported [application/json, application/*+json]
2025-07-01 21:48:10 - Writing [{data=com.banking.dto.TransactionResponse@7d080685, success=true, message=交易创建成功}]
2025-07-01 21:48:10 - Writing [{data=com.banking.dto.TransactionResponse@7f6bb0d8, success=true, message=交易创建成功}]
2025-07-01 21:48:10 - Using 'application/json', given [*/*] and supported [application/json, application/*+json]
2025-07-01 21:48:10 - Writing [{data=com.banking.dto.TransactionResponse@4eac8d4a, success=true, message=交易创建成功}]
2025-07-01 21:48:10 - Using 'application/json', given [*/*] and supported [application/json, application/*+json]
2025-07-01 21:48:10 - Writing [{data=com.banking.dto.TransactionResponse@3e124d96, success=true, message=交易创建成功}]
2025-07-01 21:48:10 - Using 'application/json', given [*/*] and supported [application/json, application/*+json]
2025-07-01 21:48:10 - Writing [{data=com.banking.dto.TransactionResponse@515501ec, success=true, message=交易创建成功}]
2025-07-01 21:48:10 - Mapped to com.banking.controller.TransactionController#createTransaction(TransactionRequest)
2025-07-01 21:48:10 - Mapped to com.banking.controller.TransactionController#createTransaction(TransactionRequest)
2025-07-01 21:48:10 - Mapped to com.banking.controller.TransactionController#createTransaction(TransactionRequest)
2025-07-01 21:48:10 - Mapped to com.banking.controller.TransactionController#createTransaction(TransactionRequest)
2025-07-01 21:48:10 - Mapped to com.banking.controller.TransactionController#createTransaction(TransactionRequest)
2025-07-01 21:48:10 - Mapped to com.banking.controller.TransactionController#createTransaction(TransactionRequest)
2025-07-01 21:48:10 - Mapped to com.banking.controller.TransactionController#createTransaction(TransactionRequest)
2025-07-01 21:48:10 - Read "application/json;charset=UTF-8" to [com.banking.dto.TransactionRequest@ab1d8da]
2025-07-01 21:48:10 - Read "application/json;charset=UTF-8" to [com.banking.dto.TransactionRequest@1a852caa]
2025-07-01 21:48:10 - Read "application/json;charset=UTF-8" to [com.banking.dto.TransactionRequest@4dfcbcbf]
2025-07-01 21:48:10 - Read "application/json;charset=UTF-8" to [com.banking.dto.TransactionRequest@75b9f1e0]
2025-07-01 21:48:10 - Read "application/json;charset=UTF-8" to [com.banking.dto.TransactionRequest@77a13000]
2025-07-01 21:48:10 - Read "application/json;charset=UTF-8" to [com.banking.dto.TransactionRequest@47613739]
2025-07-01 21:48:10 - Mapped to com.banking.controller.TransactionController#createTransaction(TransactionRequest)
2025-07-01 21:48:10 - Read "application/json;charset=UTF-8" to [com.banking.dto.TransactionRequest@5c5e9acc]
2025-07-01 21:48:10 - Read "application/json;charset=UTF-8" to [com.banking.dto.TransactionRequest@2942a678]
2025-07-01 21:48:10 - Mapped to com.banking.controller.TransactionController#createTransaction(TransactionRequest)
2025-07-01 21:48:10 - Mapped to com.banking.controller.TransactionController#createTransaction(TransactionRequest)
2025-07-01 21:48:10 - Read "application/json;charset=UTF-8" to [com.banking.dto.TransactionRequest@23d8e610]
2025-07-01 21:48:10 - Read "application/json;charset=UTF-8" to [com.banking.dto.TransactionRequest@1fbcfbdc]
2025-07-01 21:48:10 - Using 'application/json', given [*/*] and supported [application/json, application/*+json]
2025-07-01 21:48:10 - Writing [{data=com.banking.dto.TransactionResponse@749c2fcc, success=true, message=交易创建成功}]
2025-07-01 21:48:10 - Using 'application/json', given [*/*] and supported [application/json, application/*+json]
2025-07-01 21:48:10 - Using 'application/json', given [*/*] and supported [application/json, application/*+json]
2025-07-01 21:48:10 - Writing [{data=com.banking.dto.TransactionResponse@5c6bf59e, success=true, message=交易创建成功}]
2025-07-01 21:48:10 - Writing [{data=com.banking.dto.TransactionResponse@10bd0d30, success=true, message=交易创建成功}]
2025-07-01 21:48:10 - Using 'application/json', given [*/*] and supported [application/json, application/*+json]
2025-07-01 21:48:10 - Using 'application/json', given [*/*] and supported [application/json, application/*+json]
2025-07-01 21:48:10 - Writing [{data=com.banking.dto.TransactionResponse@1df90623, success=true, message=交易创建成功}]
2025-07-01 21:48:10 - Using 'application/json', given [*/*] and supported [application/json, application/*+json]
2025-07-01 21:48:10 - Writing [{data=com.banking.dto.TransactionResponse@5131404c, success=true, message=交易创建成功}]
2025-07-01 21:48:10 - Using 'application/json', given [*/*] and supported [application/json, application/*+json]
2025-07-01 21:48:10 - Using 'application/json', given [*/*] and supported [application/json, application/*+json]
2025-07-01 21:48:10 - Writing [{data=com.banking.dto.TransactionResponse@75a67320, success=true, message=交易创建成功}]
2025-07-01 21:48:10 - Writing [{data=com.banking.dto.TransactionResponse@38062938, success=true, message=交易创建成功}]
2025-07-01 21:48:10 - Using 'application/json', given [*/*] and supported [application/json, application/*+json]
2025-07-01 21:48:10 - Writing [{data=com.banking.dto.TransactionResponse@7a28b154, success=true, message=交易创建成功}]
2025-07-01 21:48:10 - Writing [{data=com.banking.dto.TransactionResponse@62cfd55a, success=true, message=交易创建成功}]
2025-07-01 21:48:10 - Using 'application/json', given [*/*] and supported [application/json, application/*+json]
2025-07-01 21:48:10 - Writing [{data=com.banking.dto.TransactionResponse@2555036c, success=true, message=交易创建成功}]
2025-07-01 21:48:10 - Mapped to com.banking.controller.TransactionController#createTransaction(TransactionRequest)
2025-07-01 21:48:10 - Mapped to com.banking.controller.TransactionController#createTransaction(TransactionRequest)
2025-07-01 21:48:10 - Mapped to com.banking.controller.TransactionController#createTransaction(TransactionRequest)
2025-07-01 21:48:10 - Mapped to com.banking.controller.TransactionController#createTransaction(TransactionRequest)
2025-07-01 21:48:10 - Mapped to com.banking.controller.TransactionController#createTransaction(TransactionRequest)
2025-07-01 21:48:10 - Mapped to com.banking.controller.TransactionController#createTransaction(TransactionRequest)
2025-07-01 21:48:10 - Mapped to com.banking.controller.TransactionController#createTransaction(TransactionRequest)
2025-07-01 21:48:10 - Mapped to com.banking.controller.TransactionController#createTransaction(TransactionRequest)
2025-07-01 21:48:10 - Mapped to com.banking.controller.TransactionController#createTransaction(TransactionRequest)
2025-07-01 21:48:10 - Mapped to com.banking.controller.TransactionController#createTransaction(TransactionRequest)
2025-07-01 21:48:10 - Read "application/json;charset=UTF-8" to [com.banking.dto.TransactionRequest@5cce3510]
2025-07-01 21:48:10 - Read "application/json;charset=UTF-8" to [com.banking.dto.TransactionRequest@36c856fc]
2025-07-01 21:48:10 - Read "application/json;charset=UTF-8" to [com.banking.dto.TransactionRequest@42add42b]
2025-07-01 21:48:10 - Read "application/json;charset=UTF-8" to [com.banking.dto.TransactionRequest@4c86b265]
2025-07-01 21:48:10 - Read "application/json;charset=UTF-8" to [com.banking.dto.TransactionRequest@3bf899fc]
2025-07-01 21:48:10 - Read "application/json;charset=UTF-8" to [com.banking.dto.TransactionRequest@35dc6cce]
2025-07-01 21:48:10 - Read "application/json;charset=UTF-8" to [com.banking.dto.TransactionRequest@28139afc]
2025-07-01 21:48:10 - Read "application/json;charset=UTF-8" to [com.banking.dto.TransactionRequest@46a61879]
2025-07-01 21:48:10 - Read "application/json;charset=UTF-8" to [com.banking.dto.TransactionRequest@480532d7]
2025-07-01 21:48:10 - Read "application/json;charset=UTF-8" to [com.banking.dto.TransactionRequest@6accfb3d]
2025-07-01 21:48:10 - Using 'application/json', given [*/*] and supported [application/json, application/*+json]
2025-07-01 21:48:10 - Using 'application/json', given [*/*] and supported [application/json, application/*+json]
2025-07-01 21:48:10 - Using 'application/json', given [*/*] and supported [application/json, application/*+json]
2025-07-01 21:48:10 - Writing [{data=com.banking.dto.TransactionResponse@510018ca, success=true, message=交易创建成功}]
2025-07-01 21:48:10 - Using 'application/json', given [*/*] and supported [application/json, application/*+json]
2025-07-01 21:48:10 - Using 'application/json', given [*/*] and supported [application/json, application/*+json]
2025-07-01 21:48:10 - Writing [{data=com.banking.dto.TransactionResponse@6cad2a91, success=true, message=交易创建成功}]
2025-07-01 21:48:10 - Using 'application/json', given [*/*] and supported [application/json, application/*+json]
2025-07-01 21:48:10 - Writing [{data=com.banking.dto.TransactionResponse@70a47dd5, success=true, message=交易创建成功}]
2025-07-01 21:48:10 - Using 'application/json', given [*/*] and supported [application/json, application/*+json]
2025-07-01 21:48:10 - Writing [{data=com.banking.dto.TransactionResponse@3c1e4d40, success=true, message=交易创建成功}]
2025-07-01 21:48:10 - Writing [{data=com.banking.dto.TransactionResponse@5f457d5, success=true, message=交易创建成功}]
2025-07-01 21:48:10 - Writing [{data=com.banking.dto.TransactionResponse@7e037c54, success=true, message=交易创建成功}]
2025-07-01 21:48:10 - Using 'application/json', given [*/*] and supported [application/json, application/*+json]
2025-07-01 21:48:10 - Writing [{data=com.banking.dto.TransactionResponse@1466797a, success=true, message=交易创建成功}]
2025-07-01 21:48:10 - Using 'application/json', given [*/*] and supported [application/json, application/*+json]
2025-07-01 21:48:10 - Writing [{data=com.banking.dto.TransactionResponse@76c1a16e, success=true, message=交易创建成功}]
2025-07-01 21:48:10 - Using 'application/json', given [*/*] and supported [application/json, application/*+json]
2025-07-01 21:48:10 - Writing [{data=com.banking.dto.TransactionResponse@12905e24, success=true, message=交易创建成功}]
2025-07-01 21:48:10 - Writing [{data=com.banking.dto.TransactionResponse@4e72fe66, success=true, message=交易创建成功}]
2025-07-01 21:48:10 - Mapped to com.banking.controller.TransactionController#createTransaction(TransactionRequest)
2025-07-01 21:48:10 - Mapped to com.banking.controller.TransactionController#createTransaction(TransactionRequest)
2025-07-01 21:48:10 - Mapped to com.banking.controller.TransactionController#createTransaction(TransactionRequest)
2025-07-01 21:48:10 - Mapped to com.banking.controller.TransactionController#createTransaction(TransactionRequest)
2025-07-01 21:48:10 - Mapped to com.banking.controller.TransactionController#createTransaction(TransactionRequest)
2025-07-01 21:48:10 - Mapped to com.banking.controller.TransactionController#createTransaction(TransactionRequest)
2025-07-01 21:48:10 - Mapped to com.banking.controller.TransactionController#createTransaction(TransactionRequest)
2025-07-01 21:48:10 - Read "application/json;charset=UTF-8" to [com.banking.dto.TransactionRequest@466c19b]
2025-07-01 21:48:10 - Read "application/json;charset=UTF-8" to [com.banking.dto.TransactionRequest@6c189b67]
2025-07-01 21:48:10 - Read "application/json;charset=UTF-8" to [com.banking.dto.TransactionRequest@558cfd92]
2025-07-01 21:48:10 - Using 'application/json', given [*/*] and supported [application/json, application/*+json]
2025-07-01 21:48:10 - Read "application/json;charset=UTF-8" to [com.banking.dto.TransactionRequest@61b1097e]
2025-07-01 21:48:10 - Read "application/json;charset=UTF-8" to [com.banking.dto.TransactionRequest@23f4316c]
2025-07-01 21:48:10 - Read "application/json;charset=UTF-8" to [com.banking.dto.TransactionRequest@143313e5]
2025-07-01 21:48:10 - Using 'application/json', given [*/*] and supported [application/json, application/*+json]
2025-07-01 21:48:10 - Using 'application/json', given [*/*] and supported [application/json, application/*+json]
2025-07-01 21:48:10 - Writing [{data=com.banking.dto.TransactionResponse@635d689d, success=true, message=交易创建成功}]
2025-07-01 21:48:10 - Writing [{data=com.banking.dto.TransactionResponse@4c1fc9c4, success=true, message=交易创建成功}]
2025-07-01 21:48:10 - Mapped to com.banking.controller.TransactionController#createTransaction(TransactionRequest)
2025-07-01 21:48:10 - Read "application/json;charset=UTF-8" to [com.banking.dto.TransactionRequest@1862c1e3]
2025-07-01 21:48:10 - Writing [{data=com.banking.dto.TransactionResponse@18139bbe, success=true, message=交易创建成功}]
2025-07-01 21:48:10 - Using 'application/json', given [*/*] and supported [application/json, application/*+json]
2025-07-01 21:48:10 - Writing [{data=com.banking.dto.TransactionResponse@64cc52af, success=true, message=交易创建成功}]
2025-07-01 21:48:10 - Using 'application/json', given [*/*] and supported [application/json, application/*+json]
2025-07-01 21:48:10 - Using 'application/json', given [*/*] and supported [application/json, application/*+json]
2025-07-01 21:48:10 - Writing [{data=com.banking.dto.TransactionResponse@1c63dabe, success=true, message=交易创建成功}]
2025-07-01 21:48:10 - Writing [{data=com.banking.dto.TransactionResponse@de61eb3, success=true, message=交易创建成功}]
2025-07-01 21:48:10 - Read "application/json;charset=UTF-8" to [com.banking.dto.TransactionRequest@32b276d]
2025-07-01 21:48:10 - Using 'application/json', given [*/*] and supported [application/json, application/*+json]
2025-07-01 21:48:10 - Using 'application/json', given [*/*] and supported [application/json, application/*+json]
2025-07-01 21:48:10 - Writing [{data=com.banking.dto.TransactionResponse@4d01a735, success=true, message=交易创建成功}]
2025-07-01 21:48:10 - Writing [{data=com.banking.dto.TransactionResponse@c527bc9, success=true, message=交易创建成功}]
2025-07-01 21:48:10 - Mapped to com.banking.controller.TransactionController#createTransaction(TransactionRequest)
2025-07-01 21:48:10 - Mapped to com.banking.controller.TransactionController#createTransaction(TransactionRequest)
2025-07-01 21:48:10 - Using 'application/json', given [*/*] and supported [application/json, application/*+json]
2025-07-01 21:48:10 - Writing [{data=com.banking.dto.TransactionResponse@1a153501, success=true, message=交易创建成功}]
2025-07-01 21:48:10 - Mapped to com.banking.controller.TransactionController#createTransaction(TransactionRequest)
2025-07-01 21:48:10 - Using 'application/json', given [*/*] and supported [application/json, application/*+json]
2025-07-01 21:48:10 - Writing [{data=com.banking.dto.TransactionResponse@3b8bf903, success=true, message=交易创建成功}]
2025-07-01 21:48:10 - Mapped to com.banking.controller.TransactionController#createTransaction(TransactionRequest)
2025-07-01 21:48:10 - Mapped to com.banking.controller.TransactionController#createTransaction(TransactionRequest)
2025-07-01 21:48:10 - Read "application/json;charset=UTF-8" to [com.banking.dto.TransactionRequest@64b73270]
2025-07-01 21:48:10 - Read "application/json;charset=UTF-8" to [com.banking.dto.TransactionRequest@201dae36]
2025-07-01 21:48:10 - Read "application/json;charset=UTF-8" to [com.banking.dto.TransactionRequest@5463c77c]
2025-07-01 21:48:10 - Read "application/json;charset=UTF-8" to [com.banking.dto.TransactionRequest@1f11c3ed]
2025-07-01 21:48:10 - Read "application/json;charset=UTF-8" to [com.banking.dto.TransactionRequest@519f5a52]
2025-07-01 21:48:10 - Using 'application/json', given [*/*] and supported [application/json, application/*+json]
2025-07-01 21:48:10 - Writing [{data=com.banking.dto.TransactionResponse@4fccaed6, success=true, message=交易创建成功}]
2025-07-01 21:48:10 - Using 'application/json', given [*/*] and supported [application/json, application/*+json]
2025-07-01 21:48:10 - Writing [{data=com.banking.dto.TransactionResponse@e3f7d8f, success=true, message=交易创建成功}]
2025-07-01 21:48:10 - Using 'application/json', given [*/*] and supported [application/json, application/*+json]
2025-07-01 21:48:10 - Writing [{data=com.banking.dto.TransactionResponse@2cbaab2e, success=true, message=交易创建成功}]
2025-07-01 21:48:10 - Using 'application/json', given [*/*] and supported [application/json, application/*+json]
2025-07-01 21:48:10 - Writing [{data=com.banking.dto.TransactionResponse@2951db1c, success=true, message=交易创建成功}]
2025-07-01 21:48:10 - Mapped to com.banking.controller.TransactionController#createTransaction(TransactionRequest)
2025-07-01 21:48:10 - Mapped to com.banking.controller.TransactionController#createTransaction(TransactionRequest)
2025-07-01 21:48:10 - Using 'application/json', given [*/*] and supported [application/json, application/*+json]
2025-07-01 21:48:10 - Writing [{data=com.banking.dto.TransactionResponse@88965d9, success=true, message=交易创建成功}]
2025-07-01 21:48:10 - Read "application/json;charset=UTF-8" to [com.banking.dto.TransactionRequest@4d3d6373]
2025-07-01 21:48:10 - Using 'application/json', given [*/*] and supported [application/json, application/*+json]
2025-07-01 21:48:10 - Writing [{data=com.banking.dto.TransactionResponse@517b7c55, success=true, message=交易创建成功}]
2025-07-01 21:48:10 - Read "application/json;charset=UTF-8" to [com.banking.dto.TransactionRequest@f2b4902]
2025-07-01 21:48:10 - Mapped to com.banking.controller.TransactionController#createTransaction(TransactionRequest)
2025-07-01 21:48:10 - Mapped to com.banking.controller.TransactionController#createTransaction(TransactionRequest)
2025-07-01 21:48:10 - Read "application/json;charset=UTF-8" to [com.banking.dto.TransactionRequest@5bc6f8ee]
2025-07-01 21:48:10 - Read "application/json;charset=UTF-8" to [com.banking.dto.TransactionRequest@325b3481]
2025-07-01 21:48:10 - Using 'application/json', given [*/*] and supported [application/json, application/*+json]
2025-07-01 21:48:10 - Using 'application/json', given [*/*] and supported [application/json, application/*+json]
2025-07-01 21:48:10 - Mapped to com.banking.controller.TransactionController#createTransaction(TransactionRequest)
2025-07-01 21:48:10 - Mapped to com.banking.controller.TransactionController#createTransaction(TransactionRequest)
2025-07-01 21:48:10 - Mapped to com.banking.controller.TransactionController#createTransaction(TransactionRequest)
2025-07-01 21:48:10 - Using 'application/json', given [*/*] and supported [application/json, application/*+json]
2025-07-01 21:48:10 - Writing [{data=com.banking.dto.TransactionResponse@1cbbeea0, success=true, message=交易创建成功}]
2025-07-01 21:48:10 - Mapped to com.banking.controller.TransactionController#createTransaction(TransactionRequest)
2025-07-01 21:48:10 - Writing [{data=com.banking.dto.TransactionResponse@6e93f452, success=true, message=交易创建成功}]
2025-07-01 21:48:10 - Writing [{data=com.banking.dto.TransactionResponse@68d7ecc, success=true, message=交易创建成功}]
2025-07-01 21:48:10 - Using 'application/json', given [*/*] and supported [application/json, application/*+json]
2025-07-01 21:48:10 - Mapped to com.banking.controller.TransactionController#createTransaction(TransactionRequest)
2025-07-01 21:48:10 - Writing [{data=com.banking.dto.TransactionResponse@5ca4ce63, success=true, message=交易创建成功}]
2025-07-01 21:48:10 - Read "application/json;charset=UTF-8" to [com.banking.dto.TransactionRequest@7115b48b]
2025-07-01 21:48:10 - Using 'application/json', given [*/*] and supported [application/json, application/*+json]
2025-07-01 21:48:10 - Read "application/json;charset=UTF-8" to [com.banking.dto.TransactionRequest@878d62b]
2025-07-01 21:48:10 - Read "application/json;charset=UTF-8" to [com.banking.dto.TransactionRequest@43e83c66]
2025-07-01 21:48:10 - Read "application/json;charset=UTF-8" to [com.banking.dto.TransactionRequest@3846002f]
2025-07-01 21:48:10 - Writing [{data=com.banking.dto.TransactionResponse@6f89dd59, success=true, message=交易创建成功}]
2025-07-01 21:48:10 - Using 'application/json', given [*/*] and supported [application/json, application/*+json]
2025-07-01 21:48:10 - Writing [{data=com.banking.dto.TransactionResponse@412f4c74, success=true, message=交易创建成功}]
2025-07-01 21:48:10 - Read "application/json;charset=UTF-8" to [com.banking.dto.TransactionRequest@17734f34]
2025-07-01 21:48:10 - Using 'application/json', given [*/*] and supported [application/json, application/*+json]
2025-07-01 21:48:10 - Writing [{data=com.banking.dto.TransactionResponse@731042cc, success=true, message=交易创建成功}]
2025-07-01 21:48:10 - Using 'application/json', given [*/*] and supported [application/json, application/*+json]
2025-07-01 21:48:10 - Writing [{data=com.banking.dto.TransactionResponse@1750202e, success=true, message=交易创建成功}]
2025-07-01 21:48:10 - Mapped to com.banking.controller.TransactionController#createTransaction(TransactionRequest)
2025-07-01 21:48:10 - Using 'application/json', given [*/*] and supported [application/json, application/*+json]
2025-07-01 21:48:10 - Mapped to com.banking.controller.TransactionController#createTransaction(TransactionRequest)
2025-07-01 21:48:10 - Using 'application/json', given [*/*] and supported [application/json, application/*+json]
2025-07-01 21:48:10 - Mapped to com.banking.controller.TransactionController#createTransaction(TransactionRequest)
2025-07-01 21:48:10 - Read "application/json;charset=UTF-8" to [com.banking.dto.TransactionRequest@70626206]
2025-07-01 21:48:10 - Writing [{data=com.banking.dto.TransactionResponse@5aabc9a1, success=true, message=交易创建成功}]
2025-07-01 21:48:10 - Writing [{data=com.banking.dto.TransactionResponse@37453525, success=true, message=交易创建成功}]
2025-07-01 21:48:10 - Read "application/json;charset=UTF-8" to [com.banking.dto.TransactionRequest@36c58efc]
2025-07-01 21:48:10 - Read "application/json;charset=UTF-8" to [com.banking.dto.TransactionRequest@3638f2bd]
2025-07-01 21:48:10 - Using 'application/json', given [*/*] and supported [application/json, application/*+json]
2025-07-01 21:48:10 - Using 'application/json', given [*/*] and supported [application/json, application/*+json]
2025-07-01 21:48:10 - Writing [{data=com.banking.dto.TransactionResponse@1f2685ee, success=true, message=交易创建成功}]
2025-07-01 21:48:10 - Writing [{data=com.banking.dto.TransactionResponse@2245f807, success=true, message=交易创建成功}]
2025-07-01 21:48:10 - Mapped to com.banking.controller.TransactionController#createTransaction(TransactionRequest)
2025-07-01 21:48:10 - Using 'application/json', given [*/*] and supported [application/json, application/*+json]
2025-07-01 21:48:10 - Mapped to com.banking.controller.TransactionController#createTransaction(TransactionRequest)
2025-07-01 21:48:10 - Mapped to com.banking.controller.TransactionController#createTransaction(TransactionRequest)
2025-07-01 21:48:10 - Writing [{data=com.banking.dto.TransactionResponse@76aa9191, success=true, message=交易创建成功}]
2025-07-01 21:48:10 - Mapped to com.banking.controller.TransactionController#createTransaction(TransactionRequest)
2025-07-01 21:48:10 - Using 'application/json', given [*/*] and supported [application/json, application/*+json]
2025-07-01 21:48:10 - Using 'application/json', given [*/*] and supported [application/json, application/*+json]
2025-07-01 21:48:10 - Writing [{data=com.banking.dto.TransactionResponse@555a5770, success=true, message=交易创建成功}]
2025-07-01 21:48:10 - Writing [{data=com.banking.dto.TransactionResponse@1ff6cb98, success=true, message=交易创建成功}]
2025-07-01 21:48:10 - Using 'application/json', given [*/*] and supported [application/json, application/*+json]
2025-07-01 21:48:10 - Read "application/json;charset=UTF-8" to [com.banking.dto.TransactionRequest@5bdba6ec]
2025-07-01 21:48:10 - Using 'application/json', given [*/*] and supported [application/json, application/*+json]
2025-07-01 21:48:10 - Read "application/json;charset=UTF-8" to [com.banking.dto.TransactionRequest@7ff546af]
2025-07-01 21:48:10 - Read "application/json;charset=UTF-8" to [com.banking.dto.TransactionRequest@3ce1086f]
2025-07-01 21:48:10 - Writing [{data=com.banking.dto.TransactionResponse@1a8d035b, success=true, message=交易创建成功}]
2025-07-01 21:48:10 - Read "application/json;charset=UTF-8" to [com.banking.dto.TransactionRequest@54d2d9ca]
2025-07-01 21:48:10 - Writing [{data=com.banking.dto.TransactionResponse@10860513, success=true, message=交易创建成功}]
2025-07-01 21:48:10 - Mapped to com.banking.controller.TransactionController#createTransaction(TransactionRequest)
2025-07-01 21:48:10 - Mapped to com.banking.controller.TransactionController#createTransaction(TransactionRequest)
2025-07-01 21:48:10 - Read "application/json;charset=UTF-8" to [com.banking.dto.TransactionRequest@608a232f]
2025-07-01 21:48:10 - Read "application/json;charset=UTF-8" to [com.banking.dto.TransactionRequest@811fcf7]
2025-07-01 21:48:10 - Mapped to com.banking.controller.TransactionController#createTransaction(TransactionRequest)
2025-07-01 21:48:10 - Using 'application/json', given [*/*] and supported [application/json, application/*+json]
2025-07-01 21:48:10 - Writing [{data=com.banking.dto.TransactionResponse@41185d8f, success=true, message=交易创建成功}]
2025-07-01 21:48:10 - Using 'application/json', given [*/*] and supported [application/json, application/*+json]
2025-07-01 21:48:10 - Using 'application/json', given [*/*] and supported [application/json, application/*+json]
2025-07-01 21:48:10 - Mapped to com.banking.controller.TransactionController#createTransaction(TransactionRequest)
2025-07-01 21:48:10 - Mapped to com.banking.controller.TransactionController#createTransaction(TransactionRequest)
2025-07-01 21:48:10 - Using 'application/json', given [*/*] and supported [application/json, application/*+json]
2025-07-01 21:48:10 - Writing [{data=com.banking.dto.TransactionResponse@72bb0920, success=true, message=交易创建成功}]
2025-07-01 21:48:10 - Writing [{data=com.banking.dto.TransactionResponse@3d04149e, success=true, message=交易创建成功}]
2025-07-01 21:48:10 - Using 'application/json', given [*/*] and supported [application/json, application/*+json]
2025-07-01 21:48:10 - Using 'application/json', given [*/*] and supported [application/json, application/*+json]
2025-07-01 21:48:10 - Using 'application/json', given [*/*] and supported [application/json, application/*+json]
2025-07-01 21:48:10 - Read "application/json;charset=UTF-8" to [com.banking.dto.TransactionRequest@109c1758]
2025-07-01 21:48:10 - Using 'application/json', given [*/*] and supported [application/json, application/*+json]
2025-07-01 21:48:10 - Using 'application/json', given [*/*] and supported [application/json, application/*+json]
2025-07-01 21:48:10 - Writing [{data=com.banking.dto.TransactionResponse@247f3b73, success=true, message=交易创建成功}]
2025-07-01 21:48:10 - Writing [{data=com.banking.dto.TransactionResponse@5707e761, success=true, message=交易创建成功}]
2025-07-01 21:48:10 - Writing [{data=com.banking.dto.TransactionResponse@4addedc8, success=true, message=交易创建成功}]
2025-07-01 21:48:10 - Using 'application/json', given [*/*] and supported [application/json, application/*+json]
2025-07-01 21:48:10 - Writing [{data=com.banking.dto.TransactionResponse@4b135c23, success=true, message=交易创建成功}]
2025-07-01 21:48:10 - Writing [{data=com.banking.dto.TransactionResponse@376b9017, success=true, message=交易创建成功}]
2025-07-01 21:48:10 - Read "application/json;charset=UTF-8" to [com.banking.dto.TransactionRequest@20984adc]
2025-07-01 21:48:10 - Read "application/json;charset=UTF-8" to [com.banking.dto.TransactionRequest@63a96d5c]
2025-07-01 21:48:10 - Writing [{data=com.banking.dto.TransactionResponse@36ef002d, success=true, message=交易创建成功}]
2025-07-01 21:48:10 - Writing [{data=com.banking.dto.TransactionResponse@14ed08a5, success=true, message=交易创建成功}]
2025-07-01 21:48:10 - Mapped to com.banking.controller.TransactionController#createTransaction(TransactionRequest)
2025-07-01 21:48:10 - Read "application/json;charset=UTF-8" to [com.banking.dto.TransactionRequest@c7100ff]
2025-07-01 21:48:10 - Mapped to com.banking.controller.TransactionController#createTransaction(TransactionRequest)
2025-07-01 21:48:10 - Mapped to com.banking.controller.TransactionController#createTransaction(TransactionRequest)
2025-07-01 21:48:10 - Mapped to com.banking.controller.TransactionController#createTransaction(TransactionRequest)
2025-07-01 21:48:10 - Mapped to com.banking.controller.TransactionController#createTransaction(TransactionRequest)
2025-07-01 21:48:10 - Mapped to com.banking.controller.TransactionController#createTransaction(TransactionRequest)
2025-07-01 21:48:10 - Mapped to com.banking.controller.TransactionController#createTransaction(TransactionRequest)
2025-07-01 21:48:10 - Mapped to com.banking.controller.TransactionController#createTransaction(TransactionRequest)
2025-07-01 21:48:10 - Read "application/json;charset=UTF-8" to [com.banking.dto.TransactionRequest@4cca2022]
2025-07-01 21:48:10 - Read "application/json;charset=UTF-8" to [com.banking.dto.TransactionRequest@563dc837]
2025-07-01 21:48:10 - Read "application/json;charset=UTF-8" to [com.banking.dto.TransactionRequest@6397a795]
2025-07-01 21:48:10 - Read "application/json;charset=UTF-8" to [com.banking.dto.TransactionRequest@71e5af1b]
2025-07-01 21:48:10 - Read "application/json;charset=UTF-8" to [com.banking.dto.TransactionRequest@30f3902d]
2025-07-01 21:48:10 - Read "application/json;charset=UTF-8" to [com.banking.dto.TransactionRequest@19467bc3]
2025-07-01 21:48:10 - Read "application/json;charset=UTF-8" to [com.banking.dto.TransactionRequest@2d37b6ce]
2025-07-01 21:48:10 - Using 'application/json', given [*/*] and supported [application/json, application/*+json]
2025-07-01 21:48:10 - Writing [{data=com.banking.dto.TransactionResponse@1492ae4, success=true, message=交易创建成功}]
2025-07-01 21:48:10 - Using 'application/json', given [*/*] and supported [application/json, application/*+json]
2025-07-01 21:48:10 - Mapped to com.banking.controller.TransactionController#createTransaction(TransactionRequest)
2025-07-01 21:48:10 - Writing [{data=com.banking.dto.TransactionResponse@1bb9b56a, success=true, message=交易创建成功}]
2025-07-01 21:48:10 - Using 'application/json', given [*/*] and supported [application/json, application/*+json]
2025-07-01 21:48:10 - Writing [{data=com.banking.dto.TransactionResponse@2cae86a, success=true, message=交易创建成功}]
2025-07-01 21:48:10 - Using 'application/json', given [*/*] and supported [application/json, application/*+json]
2025-07-01 21:48:10 - Writing [{data=com.banking.dto.TransactionResponse@71ab504c, success=true, message=交易创建成功}]
2025-07-01 21:48:10 - Read "application/json;charset=UTF-8" to [com.banking.dto.TransactionRequest@50d6152b]
2025-07-01 21:48:10 - Using 'application/json', given [*/*] and supported [application/json, application/*+json]
2025-07-01 21:48:10 - Using 'application/json', given [*/*] and supported [application/json, application/*+json]
2025-07-01 21:48:10 - Using 'application/json', given [*/*] and supported [application/json, application/*+json]
2025-07-01 21:48:10 - Writing [{data=com.banking.dto.TransactionResponse@4f417b28, success=true, message=交易创建成功}]
2025-07-01 21:48:10 - Writing [{data=com.banking.dto.TransactionResponse@31bc6701, success=true, message=交易创建成功}]
2025-07-01 21:48:10 - Using 'application/json', given [*/*] and supported [application/json, application/*+json]
2025-07-01 21:48:10 - Using 'application/json', given [*/*] and supported [application/json, application/*+json]
2025-07-01 21:48:10 - Writing [{data=com.banking.dto.TransactionResponse@586549a6, success=true, message=交易创建成功}]
2025-07-01 21:48:10 - Writing [{data=com.banking.dto.TransactionResponse@69ed2944, success=true, message=交易创建成功}]
2025-07-01 21:48:10 - Using 'application/json', given [*/*] and supported [application/json, application/*+json]
2025-07-01 21:48:10 - Writing [{data=com.banking.dto.TransactionResponse@158a065b, success=true, message=交易创建成功}]
2025-07-01 21:48:10 - Writing [{data=com.banking.dto.TransactionResponse@1b6aeda4, success=true, message=交易创建成功}]
2025-07-01 21:48:10 - Mapped to com.banking.controller.TransactionController#createTransaction(TransactionRequest)
2025-07-01 21:48:10 - Read "application/json;charset=UTF-8" to [com.banking.dto.TransactionRequest@15fe5ec7]
2025-07-01 21:48:10 - Using 'application/json', given [*/*] and supported [application/json, application/*+json]
2025-07-01 21:48:10 - Writing [{data=com.banking.dto.TransactionResponse@4c4263f1, success=true, message=交易创建成功}]
2025-07-01 21:48:10 - Using 'application/json', given [*/*] and supported [application/json, application/*+json]
2025-07-01 21:48:10 - Using 'application/json', given [*/*] and supported [application/json, application/*+json]
2025-07-01 21:48:10 - Writing [{data=com.banking.dto.TransactionResponse@4423883f, success=true, message=交易创建成功}]
2025-07-01 21:48:10 - Mapped to com.banking.controller.TransactionController#createTransaction(TransactionRequest)
2025-07-01 21:48:10 - Mapped to com.banking.controller.TransactionController#createTransaction(TransactionRequest)
2025-07-01 21:48:10 - Writing [{data=com.banking.dto.TransactionResponse@60412ceb, success=true, message=交易创建成功}]
2025-07-01 21:48:10 - Using 'application/json', given [*/*] and supported [application/json, application/*+json]
2025-07-01 21:48:10 - Writing [{data=com.banking.dto.TransactionResponse@5eafc0c7, success=true, message=交易创建成功}]
2025-07-01 21:48:10 - Mapped to com.banking.controller.TransactionController#createTransaction(TransactionRequest)
2025-07-01 21:48:10 - Mapped to com.banking.controller.TransactionController#createTransaction(TransactionRequest)
2025-07-01 21:48:10 - Read "application/json;charset=UTF-8" to [com.banking.dto.TransactionRequest@6210e08c]
2025-07-01 21:48:10 - Read "application/json;charset=UTF-8" to [com.banking.dto.TransactionRequest@45f49d96]
2025-07-01 21:48:10 - Read "application/json;charset=UTF-8" to [com.banking.dto.TransactionRequest@6fbc49c3]
2025-07-01 21:48:10 - Using 'application/json', given [*/*] and supported [application/json, application/*+json]
2025-07-01 21:48:10 - Writing [{data=com.banking.dto.TransactionResponse@3be3ebda, success=true, message=交易创建成功}]
2025-07-01 21:48:10 - Read "application/json;charset=UTF-8" to [com.banking.dto.TransactionRequest@1e7f8efc]
2025-07-01 21:48:10 - Using 'application/json', given [*/*] and supported [application/json, application/*+json]
2025-07-01 21:48:10 - Using 'application/json', given [*/*] and supported [application/json, application/*+json]
2025-07-01 21:48:10 - Mapped to com.banking.controller.TransactionController#createTransaction(TransactionRequest)
2025-07-01 21:48:10 - Writing [{data=com.banking.dto.TransactionResponse@7409f080, success=true, message=交易创建成功}]
2025-07-01 21:48:10 - Writing [{data=com.banking.dto.TransactionResponse@68b60624, success=true, message=交易创建成功}]
2025-07-01 21:48:10 - Using 'application/json', given [*/*] and supported [application/json, application/*+json]
2025-07-01 21:48:10 - Writing [{data=com.banking.dto.TransactionResponse@31b59173, success=true, message=交易创建成功}]
2025-07-01 21:48:10 - Using 'application/json', given [*/*] and supported [application/json, application/*+json]
2025-07-01 21:48:10 - Writing [{data=com.banking.dto.TransactionResponse@57db3b90, success=true, message=交易创建成功}]
2025-07-01 21:48:10 - Using 'application/json', given [*/*] and supported [application/json, application/*+json]
2025-07-01 21:48:10 - Writing [{data=com.banking.dto.TransactionResponse@2d6b2b21, success=true, message=交易创建成功}]
2025-07-01 21:48:10 - Read "application/json;charset=UTF-8" to [com.banking.dto.TransactionRequest@61a0f114]
2025-07-01 21:48:10 - Using 'application/json', given [*/*] and supported [application/json, application/*+json]
2025-07-01 21:48:10 - Writing [{data=com.banking.dto.TransactionResponse@2abf9cdc, success=true, message=交易创建成功}]
2025-07-01 21:48:10 - Using 'application/json', given [*/*] and supported [application/json, application/*+json]
2025-07-01 21:48:10 - Using 'application/json', given [*/*] and supported [application/json, application/*+json]
2025-07-01 21:48:10 - Mapped to com.banking.controller.TransactionController#createTransaction(TransactionRequest)
2025-07-01 21:48:10 - Writing [{data=com.banking.dto.TransactionResponse@7de7be1a, success=true, message=交易创建成功}]
2025-07-01 21:48:10 - Using 'application/json', given [*/*] and supported [application/json, application/*+json]
2025-07-01 21:48:10 - Writing [{data=com.banking.dto.TransactionResponse@6d6928, success=true, message=交易创建成功}]
2025-07-01 21:48:10 - Writing [{data=com.banking.dto.TransactionResponse@4724172c, success=true, message=交易创建成功}]
2025-07-01 21:48:10 - Read "application/json;charset=UTF-8" to [com.banking.dto.TransactionRequest@595c57f6]
2025-07-01 21:48:10 - Mapped to com.banking.controller.TransactionController#createTransaction(TransactionRequest)
2025-07-01 21:48:10 - Mapped to com.banking.controller.TransactionController#createTransaction(TransactionRequest)
2025-07-01 21:48:10 - Mapped to com.banking.controller.TransactionController#createTransaction(TransactionRequest)
2025-07-01 21:48:10 - Mapped to com.banking.controller.TransactionController#createTransaction(TransactionRequest)
2025-07-01 21:48:10 - Using 'application/json', given [*/*] and supported [application/json, application/*+json]
2025-07-01 21:48:10 - Writing [{data=com.banking.dto.TransactionResponse@4d49a494, success=true, message=交易创建成功}]
2025-07-01 21:48:10 - Read "application/json;charset=UTF-8" to [com.banking.dto.TransactionRequest@518bd55c]
2025-07-01 21:48:10 - Read "application/json;charset=UTF-8" to [com.banking.dto.TransactionRequest@187ef9d9]
2025-07-01 21:48:10 - Read "application/json;charset=UTF-8" to [com.banking.dto.TransactionRequest@13e71670]
2025-07-01 21:48:10 - Read "application/json;charset=UTF-8" to [com.banking.dto.TransactionRequest@2070d673]
2025-07-01 21:48:10 - Mapped to com.banking.controller.TransactionController#createTransaction(TransactionRequest)
2025-07-01 21:48:10 - Mapped to com.banking.controller.TransactionController#createTransaction(TransactionRequest)
2025-07-01 21:48:10 - Mapped to com.banking.controller.TransactionController#createTransaction(TransactionRequest)
2025-07-01 21:48:10 - Mapped to com.banking.controller.TransactionController#createTransaction(TransactionRequest)
2025-07-01 21:48:10 - Using 'application/json', given [*/*] and supported [application/json, application/*+json]
2025-07-01 21:48:10 - Read "application/json;charset=UTF-8" to [com.banking.dto.TransactionRequest@3c914fea]
2025-07-01 21:48:10 - Using 'application/json', given [*/*] and supported [application/json, application/*+json]
2025-07-01 21:48:10 - Using 'application/json', given [*/*] and supported [application/json, application/*+json]
2025-07-01 21:48:10 - Using 'application/json', given [*/*] and supported [application/json, application/*+json]
2025-07-01 21:48:10 - Writing [{data=com.banking.dto.TransactionResponse@134e28f3, success=true, message=交易创建成功}]
2025-07-01 21:48:10 - Writing [{data=com.banking.dto.TransactionResponse@62ae96a5, success=true, message=交易创建成功}]
2025-07-01 21:48:10 - Writing [{data=com.banking.dto.TransactionResponse@2b4f3e60, success=true, message=交易创建成功}]
2025-07-01 21:48:10 - Using 'application/json', given [*/*] and supported [application/json, application/*+json]
2025-07-01 21:48:10 - Writing [{data=com.banking.dto.TransactionResponse@31ad5662, success=true, message=交易创建成功}]
2025-07-01 21:48:10 - Read "application/json;charset=UTF-8" to [com.banking.dto.TransactionRequest@c6a77f1]
2025-07-01 21:48:10 - Writing [{data=com.banking.dto.TransactionResponse@11aeeca4, success=true, message=交易创建成功}]
2025-07-01 21:48:10 - Read "application/json;charset=UTF-8" to [com.banking.dto.TransactionRequest@690af268]
2025-07-01 21:48:10 - Mapped to com.banking.controller.TransactionController#createTransaction(TransactionRequest)
2025-07-01 21:48:10 - Using 'application/json', given [*/*] and supported [application/json, application/*+json]
2025-07-01 21:48:10 - Writing [{data=com.banking.dto.TransactionResponse@60bd08ca, success=true, message=交易创建成功}]
2025-07-01 21:48:10 - Read "application/json;charset=UTF-8" to [com.banking.dto.TransactionRequest@32015821]
2025-07-01 21:48:10 - Using 'application/json', given [*/*] and supported [application/json, application/*+json]
2025-07-01 21:48:10 - Using 'application/json', given [*/*] and supported [application/json, application/*+json]
2025-07-01 21:48:10 - Writing [{data=com.banking.dto.TransactionResponse@682f972b, success=true, message=交易创建成功}]
2025-07-01 21:48:10 - Writing [{data=com.banking.dto.TransactionResponse@1c72f7a7, success=true, message=交易创建成功}]
2025-07-01 21:48:10 - Read "application/json;charset=UTF-8" to [com.banking.dto.TransactionRequest@3dbae240]
2025-07-01 21:48:10 - Using 'application/json', given [*/*] and supported [application/json, application/*+json]
2025-07-01 21:48:10 - Writing [{data=com.banking.dto.TransactionResponse@dbcc974, success=true, message=交易创建成功}]
2025-07-01 21:48:10 - Mapped to com.banking.controller.TransactionController#createTransaction(TransactionRequest)
2025-07-01 21:48:10 - Mapped to com.banking.controller.TransactionController#createTransaction(TransactionRequest)
2025-07-01 21:48:10 - Using 'application/json', given [*/*] and supported [application/json, application/*+json]
2025-07-01 21:48:10 - Writing [{data=com.banking.dto.TransactionResponse@784ce2f1, success=true, message=交易创建成功}]
2025-07-01 21:48:10 - Mapped to com.banking.controller.TransactionController#createTransaction(TransactionRequest)
2025-07-01 21:48:10 - Read "application/json;charset=UTF-8" to [com.banking.dto.TransactionRequest@5ff9ff46]
2025-07-01 21:48:10 - Read "application/json;charset=UTF-8" to [com.banking.dto.TransactionRequest@33d6e2e3]
2025-07-01 21:48:10 - Mapped to com.banking.controller.TransactionController#createTransaction(TransactionRequest)
2025-07-01 21:48:10 - Read "application/json;charset=UTF-8" to [com.banking.dto.TransactionRequest@77f71136]
2025-07-01 21:48:10 - Using 'application/json', given [*/*] and supported [application/json, application/*+json]
2025-07-01 21:48:10 - Read "application/json;charset=UTF-8" to [com.banking.dto.TransactionRequest@4e5fcfef]
2025-07-01 21:48:10 - Writing [{data=com.banking.dto.TransactionResponse@12aeb2e1, success=true, message=交易创建成功}]
2025-07-01 21:48:10 - Mapped to com.banking.controller.TransactionController#createTransaction(TransactionRequest)
2025-07-01 21:48:10 - Mapped to com.banking.controller.TransactionController#createTransaction(TransactionRequest)
2025-07-01 21:48:10 - Mapped to com.banking.controller.TransactionController#createTransaction(TransactionRequest)
2025-07-01 21:48:10 - Mapped to com.banking.controller.TransactionController#createTransaction(TransactionRequest)
2025-07-01 21:48:10 - Mapped to com.banking.controller.TransactionController#createTransaction(TransactionRequest)
2025-07-01 21:48:10 - Using 'application/json', given [*/*] and supported [application/json, application/*+json]
2025-07-01 21:48:10 - Read "application/json;charset=UTF-8" to [com.banking.dto.TransactionRequest@770b6d48]
2025-07-01 21:48:10 - Using 'application/json', given [*/*] and supported [application/json, application/*+json]
2025-07-01 21:48:10 - Using 'application/json', given [*/*] and supported [application/json, application/*+json]
2025-07-01 21:48:10 - Read "application/json;charset=UTF-8" to [com.banking.dto.TransactionRequest@76daa966]
2025-07-01 21:48:10 - Read "application/json;charset=UTF-8" to [com.banking.dto.TransactionRequest@45e350b5]
2025-07-01 21:48:10 - Read "application/json;charset=UTF-8" to [com.banking.dto.TransactionRequest@45d14f34]
2025-07-01 21:48:10 - Read "application/json;charset=UTF-8" to [com.banking.dto.TransactionRequest@241704b6]
2025-07-01 21:48:10 - Writing [{data=com.banking.dto.TransactionResponse@31c5db0c, success=true, message=交易创建成功}]
2025-07-01 21:48:10 - Writing [{data=com.banking.dto.TransactionResponse@3b4dd290, success=true, message=交易创建成功}]
2025-07-01 21:48:10 - Writing [{data=com.banking.dto.TransactionResponse@2f7beb63, success=true, message=交易创建成功}]
2025-07-01 21:48:10 - Using 'application/json', given [*/*] and supported [application/json, application/*+json]
2025-07-01 21:48:10 - Using 'application/json', given [*/*] and supported [application/json, application/*+json]
2025-07-01 21:48:10 - Writing [{data=com.banking.dto.TransactionResponse@1a9a4c44, success=true, message=交易创建成功}]
2025-07-01 21:48:10 - Using 'application/json', given [*/*] and supported [application/json, application/*+json]
2025-07-01 21:48:10 - Writing [{data=com.banking.dto.TransactionResponse@3d7d8393, success=true, message=交易创建成功}]
2025-07-01 21:48:10 - Using 'application/json', given [*/*] and supported [application/json, application/*+json]
2025-07-01 21:48:10 - Writing [{data=com.banking.dto.TransactionResponse@35ae0725, success=true, message=交易创建成功}]
2025-07-01 21:48:10 - Writing [{data=com.banking.dto.TransactionResponse@63955807, success=true, message=交易创建成功}]
2025-07-01 21:48:10 - Using 'application/json', given [*/*] and supported [application/json, application/*+json]
2025-07-01 21:48:10 - Writing [{data=com.banking.dto.TransactionResponse@6791c271, success=true, message=交易创建成功}]
2025-07-01 21:48:10 - Using 'application/json', given [*/*] and supported [application/json, application/*+json]
2025-07-01 21:48:10 - Writing [{data=com.banking.dto.TransactionResponse@322afac1, success=true, message=交易创建成功}]
2025-07-01 21:48:10 - Using 'application/json', given [*/*] and supported [application/json, application/*+json]
2025-07-01 21:48:10 - Writing [{data=com.banking.dto.TransactionResponse@34380309, success=true, message=交易创建成功}]
2025-07-01 21:48:10 - Mapped to com.banking.controller.TransactionController#createTransaction(TransactionRequest)
2025-07-01 21:48:10 - Mapped to com.banking.controller.TransactionController#createTransaction(TransactionRequest)
2025-07-01 21:48:10 - Mapped to com.banking.controller.TransactionController#createTransaction(TransactionRequest)
2025-07-01 21:48:10 - Mapped to com.banking.controller.TransactionController#createTransaction(TransactionRequest)
2025-07-01 21:48:10 - Mapped to com.banking.controller.TransactionController#createTransaction(TransactionRequest)
2025-07-01 21:48:10 - Using 'application/json', given [*/*] and supported [application/json, application/*+json]
2025-07-01 21:48:10 - Using 'application/json', given [*/*] and supported [application/json, application/*+json]
2025-07-01 21:48:10 - Read "application/json;charset=UTF-8" to [com.banking.dto.TransactionRequest@1fc02934]
2025-07-01 21:48:10 - Read "application/json;charset=UTF-8" to [com.banking.dto.TransactionRequest@669f2cf9]
2025-07-01 21:48:10 - Writing [{data=com.banking.dto.TransactionResponse@697feb6a, success=true, message=交易创建成功}]
2025-07-01 21:48:10 - Using 'application/json', given [*/*] and supported [application/json, application/*+json]
2025-07-01 21:48:10 - Writing [{data=com.banking.dto.TransactionResponse@22fbbb0, success=true, message=交易创建成功}]
2025-07-01 21:48:10 - Using 'application/json', given [*/*] and supported [application/json, application/*+json]
2025-07-01 21:48:10 - Using 'application/json', given [*/*] and supported [application/json, application/*+json]
2025-07-01 21:48:10 - Writing [{data=com.banking.dto.TransactionResponse@50676315, success=true, message=交易创建成功}]
2025-07-01 21:48:10 - Writing [{data=com.banking.dto.TransactionResponse@64329eb0, success=true, message=交易创建成功}]
2025-07-01 21:48:10 - Mapped to com.banking.controller.TransactionController#createTransaction(TransactionRequest)
2025-07-01 21:48:10 - Read "application/json;charset=UTF-8" to [com.banking.dto.TransactionRequest@27387d9f]
2025-07-01 21:48:10 - Read "application/json;charset=UTF-8" to [com.banking.dto.TransactionRequest@7f160b33]
2025-07-01 21:48:10 - Read "application/json;charset=UTF-8" to [com.banking.dto.TransactionRequest@468d13da]
2025-07-01 21:48:10 - Read "application/json;charset=UTF-8" to [com.banking.dto.TransactionRequest@593a9f07]
2025-07-01 21:48:10 - Using 'application/json', given [*/*] and supported [application/json, application/*+json]
2025-07-01 21:48:10 - Using 'application/json', given [*/*] and supported [application/json, application/*+json]
2025-07-01 21:48:10 - Writing [{data=com.banking.dto.TransactionResponse@5b1c5255, success=true, message=交易创建成功}]
2025-07-01 21:48:10 - Mapped to com.banking.controller.TransactionController#createTransaction(TransactionRequest)
2025-07-01 21:48:10 - Writing [{data=com.banking.dto.TransactionResponse@3743ac95, success=true, message=交易创建成功}]
2025-07-01 21:48:10 - Writing [{data=com.banking.dto.TransactionResponse@71ea1bd3, success=true, message=交易创建成功}]
2025-07-01 21:48:10 - Using 'application/json', given [*/*] and supported [application/json, application/*+json]
2025-07-01 21:48:10 - Writing [{data=com.banking.dto.TransactionResponse@303dcb6e, success=true, message=交易创建成功}]
2025-07-01 21:48:10 - Using 'application/json', given [*/*] and supported [application/json, application/*+json]
2025-07-01 21:48:10 - Mapped to com.banking.controller.TransactionController#createTransaction(TransactionRequest)
2025-07-01 21:48:10 - Writing [{data=com.banking.dto.TransactionResponse@f7a93da, success=true, message=交易创建成功}]
2025-07-01 21:48:10 - Mapped to com.banking.controller.TransactionController#createTransaction(TransactionRequest)
2025-07-01 21:48:10 - Mapped to com.banking.controller.TransactionController#createTransaction(TransactionRequest)
2025-07-01 21:48:10 - Mapped to com.banking.controller.TransactionController#createTransaction(TransactionRequest)
2025-07-01 21:48:10 - Read "application/json;charset=UTF-8" to [com.banking.dto.TransactionRequest@122f3d5]
2025-07-01 21:48:10 - Read "application/json;charset=UTF-8" to [com.banking.dto.TransactionRequest@2a77cebf]
2025-07-01 21:48:10 - Read "application/json;charset=UTF-8" to [com.banking.dto.TransactionRequest@294530f3]
2025-07-01 21:48:10 - Using 'application/json', given [*/*] and supported [application/json, application/*+json]
2025-07-01 21:48:10 - Read "application/json;charset=UTF-8" to [com.banking.dto.TransactionRequest@1e9e6b5c]
2025-07-01 21:48:10 - Mapped to com.banking.controller.TransactionController#createTransaction(TransactionRequest)
2025-07-01 21:48:10 - Read "application/json;charset=UTF-8" to [com.banking.dto.TransactionRequest@2d0a20e3]
2025-07-01 21:48:10 - Writing [{data=com.banking.dto.TransactionResponse@1ee5f3e0, success=true, message=交易创建成功}]
2025-07-01 21:48:10 - Mapped to com.banking.controller.TransactionController#createTransaction(TransactionRequest)
2025-07-01 21:48:10 - Mapped to com.banking.controller.TransactionController#createTransaction(TransactionRequest)
2025-07-01 21:48:10 - Read "application/json;charset=UTF-8" to [com.banking.dto.TransactionRequest@56b03bd5]
2025-07-01 21:48:10 - Using 'application/json', given [*/*] and supported [application/json, application/*+json]
2025-07-01 21:48:10 - Read "application/json;charset=UTF-8" to [com.banking.dto.TransactionRequest@60ed0dd1]
2025-07-01 21:48:10 - Writing [{data=com.banking.dto.TransactionResponse@3406451f, success=true, message=交易创建成功}]
2025-07-01 21:48:10 - Mapped to com.banking.controller.TransactionController#createTransaction(TransactionRequest)
2025-07-01 21:48:10 - Read "application/json;charset=UTF-8" to [com.banking.dto.TransactionRequest@4e92f93c]
2025-07-01 21:48:10 - Using 'application/json', given [*/*] and supported [application/json, application/*+json]
2025-07-01 21:48:10 - Read "application/json;charset=UTF-8" to [com.banking.dto.TransactionRequest@3e854957]
2025-07-01 21:48:10 - Writing [{data=com.banking.dto.TransactionResponse@3ad08b99, success=true, message=交易创建成功}]
2025-07-01 21:48:10 - Using 'application/json', given [*/*] and supported [application/json, application/*+json]
2025-07-01 21:48:10 - Writing [{data=com.banking.dto.TransactionResponse@6730dabb, success=true, message=交易创建成功}]
2025-07-01 21:48:10 - Using 'application/json', given [*/*] and supported [application/json, application/*+json]
2025-07-01 21:48:10 - Using 'application/json', given [*/*] and supported [application/json, application/*+json]
2025-07-01 21:48:10 - Using 'application/json', given [*/*] and supported [application/json, application/*+json]
2025-07-01 21:48:10 - Writing [{data=com.banking.dto.TransactionResponse@2ffcee95, success=true, message=交易创建成功}]
2025-07-01 21:48:10 - Writing [{data=com.banking.dto.TransactionResponse@7996f8bb, success=true, message=交易创建成功}]
2025-07-01 21:48:10 - Using 'application/json', given [*/*] and supported [application/json, application/*+json]
2025-07-01 21:48:10 - Using 'application/json', given [*/*] and supported [application/json, application/*+json]
2025-07-01 21:48:10 - Using 'application/json', given [*/*] and supported [application/json, application/*+json]
2025-07-01 21:48:10 - Writing [{data=com.banking.dto.TransactionResponse@48e49886, success=true, message=交易创建成功}]
2025-07-01 21:48:10 - Writing [{data=com.banking.dto.TransactionResponse@7ba6935a, success=true, message=交易创建成功}]
2025-07-01 21:48:10 - Writing [{data=com.banking.dto.TransactionResponse@6da434ed, success=true, message=交易创建成功}]
2025-07-01 21:48:10 - Writing [{data=com.banking.dto.TransactionResponse@77aac9ba, success=true, message=交易创建成功}]
2025-07-01 21:48:10 - Using 'application/json', given [*/*] and supported [application/json, application/*+json]
2025-07-01 21:48:10 - Writing [{data=com.banking.dto.TransactionResponse@67a51cd0, success=true, message=交易创建成功}]
2025-07-01 21:48:10 - Using 'application/json', given [*/*] and supported [application/json, application/*+json]
2025-07-01 21:48:10 - Writing [{data=com.banking.dto.TransactionResponse@276989f, success=true, message=交易创建成功}]
2025-07-01 21:48:10 - Using 'application/json', given [*/*] and supported [application/json, application/*+json]
2025-07-01 21:48:10 - Writing [{data=com.banking.dto.TransactionResponse@40f91fd4, success=true, message=交易创建成功}]
2025-07-01 21:48:10 - Mapped to com.banking.controller.TransactionController#createTransaction(TransactionRequest)
2025-07-01 21:48:10 - Using 'application/json', given [*/*] and supported [application/json, application/*+json]
2025-07-01 21:48:10 - Writing [{data=com.banking.dto.TransactionResponse@13d50498, success=true, message=交易创建成功}]
2025-07-01 21:48:10 - Mapped to com.banking.controller.TransactionController#createTransaction(TransactionRequest)
2025-07-01 21:48:10 - Mapped to com.banking.controller.TransactionController#createTransaction(TransactionRequest)
2025-07-01 21:48:10 - Mapped to com.banking.controller.TransactionController#createTransaction(TransactionRequest)
2025-07-01 21:48:10 - Mapped to com.banking.controller.TransactionController#createTransaction(TransactionRequest)
2025-07-01 21:48:10 - Mapped to com.banking.controller.TransactionController#createTransaction(TransactionRequest)
2025-07-01 21:48:10 - Read "application/json;charset=UTF-8" to [com.banking.dto.TransactionRequest@24f871e7]
2025-07-01 21:48:10 - Read "application/json;charset=UTF-8" to [com.banking.dto.TransactionRequest@59a2e190]
2025-07-01 21:48:10 - Read "application/json;charset=UTF-8" to [com.banking.dto.TransactionRequest@14412842]
2025-07-01 21:48:10 - Mapped to com.banking.controller.TransactionController#createTransaction(TransactionRequest)
2025-07-01 21:48:10 - Read "application/json;charset=UTF-8" to [com.banking.dto.TransactionRequest@18e2492c]
2025-07-01 21:48:10 - Read "application/json;charset=UTF-8" to [com.banking.dto.TransactionRequest@42f03f78]
2025-07-01 21:48:10 - Using 'application/json', given [*/*] and supported [application/json, application/*+json]
2025-07-01 21:48:10 - Writing [{data=com.banking.dto.TransactionResponse@2bc7f002, success=true, message=交易创建成功}]
2025-07-01 21:48:10 - Using 'application/json', given [*/*] and supported [application/json, application/*+json]
2025-07-01 21:48:10 - Read "application/json;charset=UTF-8" to [com.banking.dto.TransactionRequest@78d6a935]
2025-07-01 21:48:10 - Read "application/json;charset=UTF-8" to [com.banking.dto.TransactionRequest@47a6ebbb]
2025-07-01 21:48:10 - Writing [{data=com.banking.dto.TransactionResponse@56ac8fe, success=true, message=交易创建成功}]
2025-07-01 21:48:10 - Mapped to com.banking.controller.TransactionController#createTransaction(TransactionRequest)
2025-07-01 21:48:10 - Mapped to com.banking.controller.TransactionController#createTransaction(TransactionRequest)
2025-07-01 21:48:10 - Mapped to com.banking.controller.TransactionController#createTransaction(TransactionRequest)
2025-07-01 21:48:10 - Using 'application/json', given [*/*] and supported [application/json, application/*+json]
2025-07-01 21:48:10 - Writing [{data=com.banking.dto.TransactionResponse@62b2fd06, success=true, message=交易创建成功}]
2025-07-01 21:48:10 - Using 'application/json', given [*/*] and supported [application/json, application/*+json]
2025-07-01 21:48:10 - Writing [{data=com.banking.dto.TransactionResponse@684f987d, success=true, message=交易创建成功}]
2025-07-01 21:48:10 - Mapped to com.banking.controller.TransactionController#createTransaction(TransactionRequest)
2025-07-01 21:48:10 - Read "application/json;charset=UTF-8" to [com.banking.dto.TransactionRequest@40fcda52]
2025-07-01 21:48:10 - Read "application/json;charset=UTF-8" to [com.banking.dto.TransactionRequest@48501d54]
2025-07-01 21:48:10 - Read "application/json;charset=UTF-8" to [com.banking.dto.TransactionRequest@66a22a7a]
2025-07-01 21:48:10 - Read "application/json;charset=UTF-8" to [com.banking.dto.TransactionRequest@a16d4d4]
2025-07-01 21:48:10 - Using 'application/json', given [*/*] and supported [application/json, application/*+json]
2025-07-01 21:48:10 - Writing [{data=com.banking.dto.TransactionResponse@9cebb, success=true, message=交易创建成功}]
2025-07-01 21:48:10 - Using 'application/json', given [*/*] and supported [application/json, application/*+json]
2025-07-01 21:48:10 - Using 'application/json', given [*/*] and supported [application/json, application/*+json]
2025-07-01 21:48:10 - Writing [{data=com.banking.dto.TransactionResponse@3037cdc8, success=true, message=交易创建成功}]
2025-07-01 21:48:10 - Writing [{data=com.banking.dto.TransactionResponse@7cd44d84, success=true, message=交易创建成功}]
2025-07-01 21:48:10 - Mapped to com.banking.controller.TransactionController#createTransaction(TransactionRequest)
2025-07-01 21:48:10 - Read "application/json;charset=UTF-8" to [com.banking.dto.TransactionRequest@3dcb84da]
2025-07-01 21:48:10 - Using 'application/json', given [*/*] and supported [application/json, application/*+json]
2025-07-01 21:48:10 - Using 'application/json', given [*/*] and supported [application/json, application/*+json]
2025-07-01 21:48:10 - Using 'application/json', given [*/*] and supported [application/json, application/*+json]
2025-07-01 21:48:10 - Mapped to com.banking.controller.TransactionController#createTransaction(TransactionRequest)
2025-07-01 21:48:10 - Writing [{data=com.banking.dto.TransactionResponse@73d8948b, success=true, message=交易创建成功}]
2025-07-01 21:48:10 - Writing [{data=com.banking.dto.TransactionResponse@2482ba93, success=true, message=交易创建成功}]
2025-07-01 21:48:10 - Writing [{data=com.banking.dto.TransactionResponse@ae78d38, success=true, message=交易创建成功}]
2025-07-01 21:48:10 - Read "application/json;charset=UTF-8" to [com.banking.dto.TransactionRequest@1033d2a2]
2025-07-01 21:48:10 - Using 'application/json', given [*/*] and supported [application/json, application/*+json]
2025-07-01 21:48:10 - Mapped to com.banking.controller.TransactionController#createTransaction(TransactionRequest)
2025-07-01 21:48:10 - Using 'application/json', given [*/*] and supported [application/json, application/*+json]
2025-07-01 21:48:10 - Using 'application/json', given [*/*] and supported [application/json, application/*+json]
2025-07-01 21:48:10 - Writing [{data=com.banking.dto.TransactionResponse@4e58eb6a, success=true, message=交易创建成功}]
2025-07-01 21:48:10 - Writing [{data=com.banking.dto.TransactionResponse@69946e5b, success=true, message=交易创建成功}]
2025-07-01 21:48:10 - Writing [{data=com.banking.dto.TransactionResponse@26fe9d8, success=true, message=交易创建成功}]
2025-07-01 21:48:10 - Using 'application/json', given [*/*] and supported [application/json, application/*+json]
2025-07-01 21:48:10 - Writing [{data=com.banking.dto.TransactionResponse@64eb999c, success=true, message=交易创建成功}]
2025-07-01 21:48:10 - Mapped to com.banking.controller.TransactionController#createTransaction(TransactionRequest)
2025-07-01 21:48:10 - Read "application/json;charset=UTF-8" to [com.banking.dto.TransactionRequest@18358c51]
2025-07-01 21:48:10 - Using 'application/json', given [*/*] and supported [application/json, application/*+json]
2025-07-01 21:48:10 - Mapped to com.banking.controller.TransactionController#createTransaction(TransactionRequest)
2025-07-01 21:48:10 - Writing [{data=com.banking.dto.TransactionResponse@2021f6d6, success=true, message=交易创建成功}]
2025-07-01 21:48:10 - Using 'application/json', given [*/*] and supported [application/json, application/*+json]
2025-07-01 21:48:10 - Read "application/json;charset=UTF-8" to [com.banking.dto.TransactionRequest@56fa21c]
2025-07-01 21:48:10 - Writing [{data=com.banking.dto.TransactionResponse@2e080764, success=true, message=交易创建成功}]
2025-07-01 21:48:10 - Mapped to com.banking.controller.TransactionController#createTransaction(TransactionRequest)
2025-07-01 21:48:10 - Mapped to com.banking.controller.TransactionController#createTransaction(TransactionRequest)
2025-07-01 21:48:10 - Read "application/json;charset=UTF-8" to [com.banking.dto.TransactionRequest@f1bfcab]
2025-07-01 21:48:10 - Read "application/json;charset=UTF-8" to [com.banking.dto.TransactionRequest@4da1ea8b]
2025-07-01 21:48:10 - Read "application/json;charset=UTF-8" to [com.banking.dto.TransactionRequest@7261ded7]
2025-07-01 21:48:10 - Mapped to com.banking.controller.TransactionController#createTransaction(TransactionRequest)
2025-07-01 21:48:10 - Mapped to com.banking.controller.TransactionController#createTransaction(TransactionRequest)
2025-07-01 21:48:10 - Using 'application/json', given [*/*] and supported [application/json, application/*+json]
2025-07-01 21:48:10 - Using 'application/json', given [*/*] and supported [application/json, application/*+json]
2025-07-01 21:48:10 - Read "application/json;charset=UTF-8" to [com.banking.dto.TransactionRequest@581f1ca0]
2025-07-01 21:48:10 - Read "application/json;charset=UTF-8" to [com.banking.dto.TransactionRequest@29921df7]
2025-07-01 21:48:10 - Writing [{data=com.banking.dto.TransactionResponse@6184d7d2, success=true, message=交易创建成功}]
2025-07-01 21:48:10 - Using 'application/json', given [*/*] and supported [application/json, application/*+json]
2025-07-01 21:48:10 - Writing [{data=com.banking.dto.TransactionResponse@16a26eab, success=true, message=交易创建成功}]
2025-07-01 21:48:10 - Using 'application/json', given [*/*] and supported [application/json, application/*+json]
2025-07-01 21:48:10 - Writing [{data=com.banking.dto.TransactionResponse@2e540105, success=true, message=交易创建成功}]
2025-07-01 21:48:10 - Writing [{data=com.banking.dto.TransactionResponse@280e1382, success=true, message=交易创建成功}]
2025-07-01 21:48:10 - Using 'application/json', given [*/*] and supported [application/json, application/*+json]
2025-07-01 21:48:10 - Using 'application/json', given [*/*] and supported [application/json, application/*+json]
2025-07-01 21:48:10 - Writing [{data=com.banking.dto.TransactionResponse@2a1ac82a, success=true, message=交易创建成功}]
2025-07-01 21:48:10 - Writing [{data=com.banking.dto.TransactionResponse@687a3495, success=true, message=交易创建成功}]
2025-07-01 21:48:10 - Using 'application/json', given [*/*] and supported [application/json, application/*+json]
2025-07-01 21:48:10 - Writing [{data=com.banking.dto.TransactionResponse@4f0ef829, success=true, message=交易创建成功}]
2025-07-01 21:48:10 - Using 'application/json', given [*/*] and supported [application/json, application/*+json]
2025-07-01 21:48:10 - Using 'application/json', given [*/*] and supported [application/json, application/*+json]
2025-07-01 21:48:10 - Writing [{data=com.banking.dto.TransactionResponse@43b17d7c, success=true, message=交易创建成功}]
2025-07-01 21:48:10 - Writing [{data=com.banking.dto.TransactionResponse@72e229ab, success=true, message=交易创建成功}]
2025-07-01 21:48:10 - Using 'application/json', given [*/*] and supported [application/json, application/*+json]
2025-07-01 21:48:10 - Writing [{data=com.banking.dto.TransactionResponse@342c55f3, success=true, message=交易创建成功}]
2025-07-01 21:48:10 - Mapped to com.banking.controller.TransactionController#createTransaction(TransactionRequest)
2025-07-01 21:48:10 - Mapped to com.banking.controller.TransactionController#createTransaction(TransactionRequest)
2025-07-01 21:48:10 - Mapped to com.banking.controller.TransactionController#createTransaction(TransactionRequest)
2025-07-01 21:48:10 - Mapped to com.banking.controller.TransactionController#createTransaction(TransactionRequest)
2025-07-01 21:48:10 - Mapped to com.banking.controller.TransactionController#createTransaction(TransactionRequest)
2025-07-01 21:48:10 - Using 'application/json', given [*/*] and supported [application/json, application/*+json]
2025-07-01 21:48:10 - Using 'application/json', given [*/*] and supported [application/json, application/*+json]
2025-07-01 21:48:10 - Writing [{data=com.banking.dto.TransactionResponse@5e0d001b, success=true, message=交易创建成功}]
2025-07-01 21:48:10 - Using 'application/json', given [*/*] and supported [application/json, application/*+json]
2025-07-01 21:48:10 - Writing [{data=com.banking.dto.TransactionResponse@56452249, success=true, message=交易创建成功}]
2025-07-01 21:48:10 - Read "application/json;charset=UTF-8" to [com.banking.dto.TransactionRequest@3b93dcdf]
2025-07-01 21:48:10 - Read "application/json;charset=UTF-8" to [com.banking.dto.TransactionRequest@a93c170]
2025-07-01 21:48:10 - Writing [{data=com.banking.dto.TransactionResponse@5180469f, success=true, message=交易创建成功}]
2025-07-01 21:48:10 - Using 'application/json', given [*/*] and supported [application/json, application/*+json]
2025-07-01 21:48:10 - Using 'application/json', given [*/*] and supported [application/json, application/*+json]
2025-07-01 21:48:10 - Writing [{data=com.banking.dto.TransactionResponse@69d5dee6, success=true, message=交易创建成功}]
2025-07-01 21:48:10 - Read "application/json;charset=UTF-8" to [com.banking.dto.TransactionRequest@9f55f2f]
2025-07-01 21:48:10 - Writing [{data=com.banking.dto.TransactionResponse@41bfa192, success=true, message=交易创建成功}]
2025-07-01 21:48:10 - Using 'application/json', given [*/*] and supported [application/json, application/*+json]
2025-07-01 21:48:10 - Mapped to com.banking.controller.TransactionController#createTransaction(TransactionRequest)
2025-07-01 21:48:10 - Mapped to com.banking.controller.TransactionController#createTransaction(TransactionRequest)
2025-07-01 21:48:10 - Writing [{data=com.banking.dto.TransactionResponse@113c9745, success=true, message=交易创建成功}]
2025-07-01 21:48:10 - Mapped to com.banking.controller.TransactionController#createTransaction(TransactionRequest)
2025-07-01 21:48:10 - Read "application/json;charset=UTF-8" to [com.banking.dto.TransactionRequest@34f8f898]
2025-07-01 21:48:10 - Mapped to com.banking.controller.TransactionController#createTransaction(TransactionRequest)
2025-07-01 21:48:10 - Read "application/json;charset=UTF-8" to [com.banking.dto.TransactionRequest@1e9d884f]
2025-07-01 21:48:10 - Read "application/json;charset=UTF-8" to [com.banking.dto.TransactionRequest@138891c2]
2025-07-01 21:48:10 - Read "application/json;charset=UTF-8" to [com.banking.dto.TransactionRequest@784052fc]
2025-07-01 21:48:10 - Read "application/json;charset=UTF-8" to [com.banking.dto.TransactionRequest@7a68b293]
2025-07-01 21:48:10 - Using 'application/json', given [*/*] and supported [application/json, application/*+json]
2025-07-01 21:48:10 - Read "application/json;charset=UTF-8" to [com.banking.dto.TransactionRequest@398c3849]
2025-07-01 21:48:10 - Writing [{data=com.banking.dto.TransactionResponse@35e2f7c1, success=true, message=交易创建成功}]
2025-07-01 21:48:10 - Mapped to com.banking.controller.TransactionController#createTransaction(TransactionRequest)
2025-07-01 21:48:10 - Using 'application/json', given [*/*] and supported [application/json, application/*+json]
2025-07-01 21:48:10 - Using 'application/json', given [*/*] and supported [application/json, application/*+json]
2025-07-01 21:48:10 - Writing [{data=com.banking.dto.TransactionResponse@31558311, success=true, message=交易创建成功}]
2025-07-01 21:48:10 - Writing [{data=com.banking.dto.TransactionResponse@2b51b236, success=true, message=交易创建成功}]
2025-07-01 21:48:10 - Mapped to com.banking.controller.TransactionController#createTransaction(TransactionRequest)
2025-07-01 21:48:10 - Using 'application/json', given [*/*] and supported [application/json, application/*+json]
2025-07-01 21:48:10 - Read "application/json;charset=UTF-8" to [com.banking.dto.TransactionRequest@449b6a79]
2025-07-01 21:48:10 - Writing [{data=com.banking.dto.TransactionResponse@581fc828, success=true, message=交易创建成功}]
2025-07-01 21:48:10 - Read "application/json;charset=UTF-8" to [com.banking.dto.TransactionRequest@4a328a4a]
2025-07-01 21:48:10 - Using 'application/json', given [*/*] and supported [application/json, application/*+json]
2025-07-01 21:48:10 - Mapped to com.banking.controller.TransactionController#createTransaction(TransactionRequest)
2025-07-01 21:48:10 - Using 'application/json', given [*/*] and supported [application/json, application/*+json]
2025-07-01 21:48:10 - Writing [{data=com.banking.dto.TransactionResponse@502fa7d9, success=true, message=交易创建成功}]
2025-07-01 21:48:10 - Writing [{data=com.banking.dto.TransactionResponse@465aa7e1, success=true, message=交易创建成功}]
2025-07-01 21:48:10 - Using 'application/json', given [*/*] and supported [application/json, application/*+json]
2025-07-01 21:48:10 - Mapped to com.banking.controller.TransactionController#createTransaction(TransactionRequest)
2025-07-01 21:48:10 - Writing [{data=com.banking.dto.TransactionResponse@68854416, success=true, message=交易创建成功}]
2025-07-01 21:48:10 - Read "application/json;charset=UTF-8" to [com.banking.dto.TransactionRequest@51808adf]
2025-07-01 21:48:10 - Using 'application/json', given [*/*] and supported [application/json, application/*+json]
2025-07-01 21:48:10 - Read "application/json;charset=UTF-8" to [com.banking.dto.TransactionRequest@6f10e857]
2025-07-01 21:48:10 - Writing [{data=com.banking.dto.TransactionResponse@491ac7a8, success=true, message=交易创建成功}]
2025-07-01 21:48:10 - Mapped to com.banking.controller.TransactionController#createTransaction(TransactionRequest)
2025-07-01 21:48:10 - Mapped to com.banking.controller.TransactionController#createTransaction(TransactionRequest)
2025-07-01 21:48:10 - Using 'application/json', given [*/*] and supported [application/json, application/*+json]
2025-07-01 21:48:10 - Using 'application/json', given [*/*] and supported [application/json, application/*+json]
2025-07-01 21:48:10 - Writing [{data=com.banking.dto.TransactionResponse@4e8b2728, success=true, message=交易创建成功}]
2025-07-01 21:48:10 - Writing [{data=com.banking.dto.TransactionResponse@2fc2a7ed, success=true, message=交易创建成功}]
2025-07-01 21:48:10 - Mapped to com.banking.controller.TransactionController#createTransaction(TransactionRequest)
2025-07-01 21:48:10 - Mapped to com.banking.controller.TransactionController#createTransaction(TransactionRequest)
2025-07-01 21:48:10 - Mapped to com.banking.controller.TransactionController#createTransaction(TransactionRequest)
2025-07-01 21:48:10 - Using 'application/json', given [*/*] and supported [application/json, application/*+json]
2025-07-01 21:48:10 - Using 'application/json', given [*/*] and supported [application/json, application/*+json]
2025-07-01 21:48:10 - Writing [{data=com.banking.dto.TransactionResponse@7adbc835, success=true, message=交易创建成功}]
2025-07-01 21:48:10 - Using 'application/json', given [*/*] and supported [application/json, application/*+json]
2025-07-01 21:48:10 - Writing [{data=com.banking.dto.TransactionResponse@5ac3ae99, success=true, message=交易创建成功}]
2025-07-01 21:48:10 - Using 'application/json', given [*/*] and supported [application/json, application/*+json]
2025-07-01 21:48:10 - Writing [{data=com.banking.dto.TransactionResponse@1773847a, success=true, message=交易创建成功}]
2025-07-01 21:48:10 - Read "application/json;charset=UTF-8" to [com.banking.dto.TransactionRequest@67cf8233]
2025-07-01 21:48:10 - Writing [{data=com.banking.dto.TransactionResponse@1bfb6e66, success=true, message=交易创建成功}]
2025-07-01 21:48:10 - Read "application/json;charset=UTF-8" to [com.banking.dto.TransactionRequest@d488a76]
2025-07-01 21:48:10 - Using 'application/json', given [*/*] and supported [application/json, application/*+json]
2025-07-01 21:48:10 - Read "application/json;charset=UTF-8" to [com.banking.dto.TransactionRequest@491ee170]
2025-07-01 21:48:10 - Writing [{data=com.banking.dto.TransactionResponse@42742f, success=true, message=交易创建成功}]
2025-07-01 21:48:10 - Using 'application/json', given [*/*] and supported [application/json, application/*+json]
2025-07-01 21:48:10 - Writing [{data=com.banking.dto.TransactionResponse@7d0510f3, success=true, message=交易创建成功}]
2025-07-01 21:48:10 - Read "application/json;charset=UTF-8" to [com.banking.dto.TransactionRequest@389397fc]
2025-07-01 21:48:10 - Using 'application/json', given [*/*] and supported [application/json, application/*+json]
2025-07-01 21:48:10 - Writing [{data=com.banking.dto.TransactionResponse@4a5fc3b9, success=true, message=交易创建成功}]
2025-07-01 21:48:10 - Read "application/json;charset=UTF-8" to [com.banking.dto.TransactionRequest@7d2dd563]
2025-07-01 21:48:10 - Mapped to com.banking.controller.TransactionController#createTransaction(TransactionRequest)
2025-07-01 21:48:10 - Mapped to com.banking.controller.TransactionController#createTransaction(TransactionRequest)
2025-07-01 21:48:10 - Mapped to com.banking.controller.TransactionController#createTransaction(TransactionRequest)
2025-07-01 21:48:10 - Using 'application/json', given [*/*] and supported [application/json, application/*+json]
2025-07-01 21:48:10 - Writing [{data=com.banking.dto.TransactionResponse@455241df, success=true, message=交易创建成功}]
2025-07-01 21:48:10 - Read "application/json;charset=UTF-8" to [com.banking.dto.TransactionRequest@2a92c243]
2025-07-01 21:48:10 - Read "application/json;charset=UTF-8" to [com.banking.dto.TransactionRequest@7a9e9d9a]
2025-07-01 21:48:10 - Read "application/json;charset=UTF-8" to [com.banking.dto.TransactionRequest@7e54002a]
2025-07-01 21:48:10 - Mapped to com.banking.controller.TransactionController#createTransaction(TransactionRequest)
2025-07-01 21:48:10 - Mapped to com.banking.controller.TransactionController#createTransaction(TransactionRequest)
2025-07-01 21:48:10 - Mapped to com.banking.controller.TransactionController#createTransaction(TransactionRequest)
2025-07-01 21:48:10 - Using 'application/json', given [*/*] and supported [application/json, application/*+json]
2025-07-01 21:48:10 - Using 'application/json', given [*/*] and supported [application/json, application/*+json]
2025-07-01 21:48:10 - Writing [{data=com.banking.dto.TransactionResponse@cf5c6f7, success=true, message=交易创建成功}]
2025-07-01 21:48:10 - Writing [{data=com.banking.dto.TransactionResponse@7bd743be, success=true, message=交易创建成功}]
2025-07-01 21:48:10 - Mapped to com.banking.controller.TransactionController#createTransaction(TransactionRequest)
2025-07-01 21:48:10 - Mapped to com.banking.controller.TransactionController#createTransaction(TransactionRequest)
2025-07-01 21:48:10 - Mapped to com.banking.controller.TransactionController#createTransaction(TransactionRequest)
2025-07-01 21:48:10 - Using 'application/json', given [*/*] and supported [application/json, application/*+json]
2025-07-01 21:48:10 - Read "application/json;charset=UTF-8" to [com.banking.dto.TransactionRequest@6ee9d9f4]
2025-07-01 21:48:10 - Writing [{data=com.banking.dto.TransactionResponse@632139ae, success=true, message=交易创建成功}]
2025-07-01 21:48:10 - Using 'application/json', given [*/*] and supported [application/json, application/*+json]
2025-07-01 21:48:10 - Using 'application/json', given [*/*] and supported [application/json, application/*+json]
2025-07-01 21:48:10 - Read "application/json;charset=UTF-8" to [com.banking.dto.TransactionRequest@d427281]
2025-07-01 21:48:10 - Read "application/json;charset=UTF-8" to [com.banking.dto.TransactionRequest@6accc858]
2025-07-01 21:48:10 - Read "application/json;charset=UTF-8" to [com.banking.dto.TransactionRequest@4b77d8ab]
2025-07-01 21:48:10 - Mapped to com.banking.controller.TransactionController#createTransaction(TransactionRequest)
2025-07-01 21:48:10 - Read "application/json;charset=UTF-8" to [com.banking.dto.TransactionRequest@946d844]
2025-07-01 21:48:10 - Using 'application/json', given [*/*] and supported [application/json, application/*+json]
2025-07-01 21:48:10 - Writing [{data=com.banking.dto.TransactionResponse@7f86be04, success=true, message=交易创建成功}]
2025-07-01 21:48:10 - Using 'application/json', given [*/*] and supported [application/json, application/*+json]
2025-07-01 21:48:10 - Writing [{data=com.banking.dto.TransactionResponse@64f3796b, success=true, message=交易创建成功}]
2025-07-01 21:48:10 - Read "application/json;charset=UTF-8" to [com.banking.dto.TransactionRequest@7c80a12e]
2025-07-01 21:48:10 - Writing [{data=com.banking.dto.TransactionResponse@338ab438, success=true, message=交易创建成功}]
2025-07-01 21:48:10 - Writing [{data=com.banking.dto.TransactionResponse@6b7a6ecd, success=true, message=交易创建成功}]
2025-07-01 21:48:10 - Read "application/json;charset=UTF-8" to [com.banking.dto.TransactionRequest@3f689cdd]
2025-07-01 21:48:10 - Mapped to com.banking.controller.TransactionController#createTransaction(TransactionRequest)
2025-07-01 21:48:10 - Using 'application/json', given [*/*] and supported [application/json, application/*+json]
2025-07-01 21:48:10 - Using 'application/json', given [*/*] and supported [application/json, application/*+json]
2025-07-01 21:48:10 - Writing [{data=com.banking.dto.TransactionResponse@a944d85, success=true, message=交易创建成功}]
2025-07-01 21:48:10 - Writing [{data=com.banking.dto.TransactionResponse@788f6fe, success=true, message=交易创建成功}]
2025-07-01 21:48:10 - Mapped to com.banking.controller.TransactionController#createTransaction(TransactionRequest)
2025-07-01 21:48:10 - Read "application/json;charset=UTF-8" to [com.banking.dto.TransactionRequest@4648a014]
2025-07-01 21:48:10 - Read "application/json;charset=UTF-8" to [com.banking.dto.TransactionRequest@39d6180e]
2025-07-01 21:48:10 - Mapped to com.banking.controller.TransactionController#createTransaction(TransactionRequest)
2025-07-01 21:48:10 - Using 'application/json', given [*/*] and supported [application/json, application/*+json]
2025-07-01 21:48:10 - Using 'application/json', given [*/*] and supported [application/json, application/*+json]
2025-07-01 21:48:10 - Writing [{data=com.banking.dto.TransactionResponse@5cdaadf8, success=true, message=交易创建成功}]
2025-07-01 21:48:10 - Using 'application/json', given [*/*] and supported [application/json, application/*+json]
2025-07-01 21:48:10 - Writing [{data=com.banking.dto.TransactionResponse@7460f5ad, success=true, message=交易创建成功}]
2025-07-01 21:48:10 - Writing [{data=com.banking.dto.TransactionResponse@684e8b45, success=true, message=交易创建成功}]
2025-07-01 21:48:10 - Using 'application/json', given [*/*] and supported [application/json, application/*+json]
2025-07-01 21:48:10 - Writing [{data=com.banking.dto.TransactionResponse@44e027e6, success=true, message=交易创建成功}]
2025-07-01 21:48:10 - Using 'application/json', given [*/*] and supported [application/json, application/*+json]
2025-07-01 21:48:10 - Writing [{data=com.banking.dto.TransactionResponse@1442891, success=true, message=交易创建成功}]
2025-07-01 21:48:10 - Read "application/json;charset=UTF-8" to [com.banking.dto.TransactionRequest@2a694663]
2025-07-01 21:48:10 - Using 'application/json', given [*/*] and supported [application/json, application/*+json]
2025-07-01 21:48:10 - Writing [{data=com.banking.dto.TransactionResponse@2851f95a, success=true, message=交易创建成功}]
2025-07-01 21:48:10 - Mapped to com.banking.controller.TransactionController#createTransaction(TransactionRequest)
2025-07-01 21:48:10 - Read "application/json;charset=UTF-8" to [com.banking.dto.TransactionRequest@6834544d]
2025-07-01 21:48:10 - Mapped to com.banking.controller.TransactionController#createTransaction(TransactionRequest)
2025-07-01 21:48:10 - Mapped to com.banking.controller.TransactionController#createTransaction(TransactionRequest)
2025-07-01 21:48:10 - Using 'application/json', given [*/*] and supported [application/json, application/*+json]
2025-07-01 21:48:10 - Writing [{data=com.banking.dto.TransactionResponse@77aa2678, success=true, message=交易创建成功}]
2025-07-01 21:48:10 - Using 'application/json', given [*/*] and supported [application/json, application/*+json]
2025-07-01 21:48:10 - Using 'application/json', given [*/*] and supported [application/json, application/*+json]
2025-07-01 21:48:10 - Using 'application/json', given [*/*] and supported [application/json, application/*+json]
2025-07-01 21:48:10 - Writing [{data=com.banking.dto.TransactionResponse@4a2d85fa, success=true, message=交易创建成功}]
2025-07-01 21:48:10 - Writing [{data=com.banking.dto.TransactionResponse@5ff327a8, success=true, message=交易创建成功}]
2025-07-01 21:48:10 - Writing [{data=com.banking.dto.TransactionResponse@3eb9b95, success=true, message=交易创建成功}]
2025-07-01 21:48:10 - Read "application/json;charset=UTF-8" to [com.banking.dto.TransactionRequest@7db24957]
2025-07-01 21:48:10 - Read "application/json;charset=UTF-8" to [com.banking.dto.TransactionRequest@22bb218c]
2025-07-01 21:48:10 - Mapped to com.banking.controller.TransactionController#createTransaction(TransactionRequest)
2025-07-01 21:48:10 - Mapped to com.banking.controller.TransactionController#createTransaction(TransactionRequest)
2025-07-01 21:48:10 - Mapped to com.banking.controller.TransactionController#createTransaction(TransactionRequest)
2025-07-01 21:48:10 - Mapped to com.banking.controller.TransactionController#createTransaction(TransactionRequest)
2025-07-01 21:48:10 - Read "application/json;charset=UTF-8" to [com.banking.dto.TransactionRequest@1f76d6fd]
2025-07-01 21:48:10 - Read "application/json;charset=UTF-8" to [com.banking.dto.TransactionRequest@15e05a87]
2025-07-01 21:48:10 - Read "application/json;charset=UTF-8" to [com.banking.dto.TransactionRequest@28862b06]
2025-07-01 21:48:10 - Read "application/json;charset=UTF-8" to [com.banking.dto.TransactionRequest@29186d19]
2025-07-01 21:48:10 - Using 'application/json', given [*/*] and supported [application/json, application/*+json]
2025-07-01 21:48:10 - Using 'application/json', given [*/*] and supported [application/json, application/*+json]
2025-07-01 21:48:10 - Using 'application/json', given [*/*] and supported [application/json, application/*+json]
2025-07-01 21:48:10 - Writing [{data=com.banking.dto.TransactionResponse@65c0f852, success=true, message=交易创建成功}]
2025-07-01 21:48:10 - Using 'application/json', given [*/*] and supported [application/json, application/*+json]
2025-07-01 21:48:10 - Writing [{data=com.banking.dto.TransactionResponse@46809bd7, success=true, message=交易创建成功}]
2025-07-01 21:48:10 - Writing [{data=com.banking.dto.TransactionResponse@ef7b38b, success=true, message=交易创建成功}]
2025-07-01 21:48:10 - Writing [{data=com.banking.dto.TransactionResponse@26e907d2, success=true, message=交易创建成功}]
2025-07-01 21:48:10 - Mapped to com.banking.controller.TransactionController#createTransaction(TransactionRequest)
2025-07-01 21:48:10 - Using 'application/json', given [*/*] and supported [application/json, application/*+json]
2025-07-01 21:48:10 - Writing [{data=com.banking.dto.TransactionResponse@153b4142, success=true, message=交易创建成功}]
2025-07-01 21:48:10 - Mapped to com.banking.controller.TransactionController#createTransaction(TransactionRequest)
2025-07-01 21:48:10 - Mapped to com.banking.controller.TransactionController#createTransaction(TransactionRequest)
2025-07-01 21:48:10 - Using 'application/json', given [*/*] and supported [application/json, application/*+json]
2025-07-01 21:48:10 - Writing [{data=com.banking.dto.TransactionResponse@27f6cf95, success=true, message=交易创建成功}]
2025-07-01 21:48:10 - Mapped to com.banking.controller.TransactionController#createTransaction(TransactionRequest)
2025-07-01 21:48:10 - Read "application/json;charset=UTF-8" to [com.banking.dto.TransactionRequest@63ad994a]
2025-07-01 21:48:10 - Read "application/json;charset=UTF-8" to [com.banking.dto.TransactionRequest@36c88983]
2025-07-01 21:48:10 - Read "application/json;charset=UTF-8" to [com.banking.dto.TransactionRequest@561a2dcc]
2025-07-01 21:48:10 - Read "application/json;charset=UTF-8" to [com.banking.dto.TransactionRequest@370ab674]
2025-07-01 21:48:10 - Mapped to com.banking.controller.TransactionController#createTransaction(TransactionRequest)
2025-07-01 21:48:10 - Using 'application/json', given [*/*] and supported [application/json, application/*+json]
2025-07-01 21:48:10 - Mapped to com.banking.controller.TransactionController#createTransaction(TransactionRequest)
2025-07-01 21:48:10 - Mapped to com.banking.controller.TransactionController#createTransaction(TransactionRequest)
2025-07-01 21:48:10 - Writing [{data=com.banking.dto.TransactionResponse@1a537493, success=true, message=交易创建成功}]
2025-07-01 21:48:10 - Read "application/json;charset=UTF-8" to [com.banking.dto.TransactionRequest@49783ee7]
2025-07-01 21:48:10 - Read "application/json;charset=UTF-8" to [com.banking.dto.TransactionRequest@35a62537]
2025-07-01 21:48:10 - Read "application/json;charset=UTF-8" to [com.banking.dto.TransactionRequest@615bca40]
2025-07-01 21:48:10 - Mapped to com.banking.controller.TransactionController#createTransaction(TransactionRequest)
2025-07-01 21:48:10 - Mapped to com.banking.controller.TransactionController#createTransaction(TransactionRequest)
2025-07-01 21:48:10 - Using 'application/json', given [*/*] and supported [application/json, application/*+json]
2025-07-01 21:48:10 - Using 'application/json', given [*/*] and supported [application/json, application/*+json]
2025-07-01 21:48:10 - Using 'application/json', given [*/*] and supported [application/json, application/*+json]
2025-07-01 21:48:10 - Writing [{data=com.banking.dto.TransactionResponse@5ec20934, success=true, message=交易创建成功}]
2025-07-01 21:48:10 - Writing [{data=com.banking.dto.TransactionResponse@3decbcbd, success=true, message=交易创建成功}]
2025-07-01 21:48:10 - Read "application/json;charset=UTF-8" to [com.banking.dto.TransactionRequest@2468b053]
2025-07-01 21:48:10 - Writing [{data=com.banking.dto.TransactionResponse@61d9925f, success=true, message=交易创建成功}]
2025-07-01 21:48:10 - Read "application/json;charset=UTF-8" to [com.banking.dto.TransactionRequest@4d60e85c]
2025-07-01 21:48:10 - Using 'application/json', given [*/*] and supported [application/json, application/*+json]
2025-07-01 21:48:10 - Using 'application/json', given [*/*] and supported [application/json, application/*+json]
2025-07-01 21:48:10 - Writing [{data=com.banking.dto.TransactionResponse@155952b4, success=true, message=交易创建成功}]
2025-07-01 21:48:10 - Writing [{data=com.banking.dto.TransactionResponse@55fe20d7, success=true, message=交易创建成功}]
2025-07-01 21:48:10 - Using 'application/json', given [*/*] and supported [application/json, application/*+json]
2025-07-01 21:48:10 - Writing [{data=com.banking.dto.TransactionResponse@68549ad5, success=true, message=交易创建成功}]
2025-07-01 21:48:10 - Using 'application/json', given [*/*] and supported [application/json, application/*+json]
2025-07-01 21:48:10 - Using 'application/json', given [*/*] and supported [application/json, application/*+json]
2025-07-01 21:48:10 - Writing [{data=com.banking.dto.TransactionResponse@2ed22d3d, success=true, message=交易创建成功}]
2025-07-01 21:48:10 - Writing [{data=com.banking.dto.TransactionResponse@5dd749cf, success=true, message=交易创建成功}]
2025-07-01 21:48:10 - Using 'application/json', given [*/*] and supported [application/json, application/*+json]
2025-07-01 21:48:10 - Writing [{data=com.banking.dto.TransactionResponse@644876f4, success=true, message=交易创建成功}]
2025-07-01 21:48:10 - Using 'application/json', given [*/*] and supported [application/json, application/*+json]
2025-07-01 21:48:10 - Writing [{data=com.banking.dto.TransactionResponse@ae4d05b, success=true, message=交易创建成功}]
2025-07-01 21:48:10 - Using 'application/json', given [*/*] and supported [application/json, application/*+json]
2025-07-01 21:48:10 - Using 'application/json', given [*/*] and supported [application/json, application/*+json]
2025-07-01 21:48:10 - Using 'application/json', given [*/*] and supported [application/json, application/*+json]
2025-07-01 21:48:10 - Writing [{data=com.banking.dto.TransactionResponse@717ee4ef, success=true, message=交易创建成功}]
2025-07-01 21:48:10 - Using 'application/json', given [*/*] and supported [application/json, application/*+json]
2025-07-01 21:48:10 - Writing [{data=com.banking.dto.TransactionResponse@17e71fc1, success=true, message=交易创建成功}]
2025-07-01 21:48:10 - Writing [{data=com.banking.dto.TransactionResponse@6b216927, success=true, message=交易创建成功}]
2025-07-01 21:48:10 - Writing [{data=com.banking.dto.TransactionResponse@17db6037, success=true, message=交易创建成功}]
2025-07-01 21:48:10 - Mapped to com.banking.controller.TransactionController#createTransaction(TransactionRequest)
2025-07-01 21:48:10 - Mapped to com.banking.controller.TransactionController#createTransaction(TransactionRequest)
2025-07-01 21:48:10 - Mapped to com.banking.controller.TransactionController#createTransaction(TransactionRequest)
2025-07-01 21:48:10 - Mapped to com.banking.controller.TransactionController#createTransaction(TransactionRequest)
2025-07-01 21:48:10 - Read "application/json;charset=UTF-8" to [com.banking.dto.TransactionRequest@4bd0dd94]
2025-07-01 21:48:10 - Using 'application/json', given [*/*] and supported [application/json, application/*+json]
2025-07-01 21:48:10 - Read "application/json;charset=UTF-8" to [com.banking.dto.TransactionRequest@7ea66c02]
2025-07-01 21:48:10 - Read "application/json;charset=UTF-8" to [com.banking.dto.TransactionRequest@6d8518ac]
2025-07-01 21:48:10 - Writing [{data=com.banking.dto.TransactionResponse@4f888300, success=true, message=交易创建成功}]
2025-07-01 21:48:10 - Using 'application/json', given [*/*] and supported [application/json, application/*+json]
2025-07-01 21:48:10 - Read "application/json;charset=UTF-8" to [com.banking.dto.TransactionRequest@5238424e]
2025-07-01 21:48:10 - Using 'application/json', given [*/*] and supported [application/json, application/*+json]
2025-07-01 21:48:10 - Writing [{data=com.banking.dto.TransactionResponse@58eaeb82, success=true, message=交易创建成功}]
2025-07-01 21:48:10 - Writing [{data=com.banking.dto.TransactionResponse@62e3fe52, success=true, message=交易创建成功}]
2025-07-01 21:48:10 - Using 'application/json', given [*/*] and supported [application/json, application/*+json]
2025-07-01 21:48:10 - Writing [{data=com.banking.dto.TransactionResponse@4a4bb3c5, success=true, message=交易创建成功}]
2025-07-01 21:48:10 - Mapped to com.banking.controller.TransactionController#createTransaction(TransactionRequest)
2025-07-01 21:48:10 - Mapped to com.banking.controller.TransactionController#createTransaction(TransactionRequest)
2025-07-01 21:48:10 - Using 'application/json', given [*/*] and supported [application/json, application/*+json]
2025-07-01 21:48:10 - Using 'application/json', given [*/*] and supported [application/json, application/*+json]
2025-07-01 21:48:10 - Writing [{data=com.banking.dto.TransactionResponse@183414fa, success=true, message=交易创建成功}]
2025-07-01 21:48:10 - Writing [{data=com.banking.dto.TransactionResponse@28e6654a, success=true, message=交易创建成功}]
2025-07-01 21:48:10 - Read "application/json;charset=UTF-8" to [com.banking.dto.TransactionRequest@2f0c633c]
2025-07-01 21:48:10 - Read "application/json;charset=UTF-8" to [com.banking.dto.TransactionRequest@25380a2f]
2025-07-01 21:48:10 - Using 'application/json', given [*/*] and supported [application/json, application/*+json]
2025-07-01 21:48:10 - Using 'application/json', given [*/*] and supported [application/json, application/*+json]
2025-07-01 21:48:10 - Using 'application/json', given [*/*] and supported [application/json, application/*+json]
2025-07-01 21:48:10 - Writing [{data=com.banking.dto.TransactionResponse@43aa11a7, success=true, message=交易创建成功}]
2025-07-01 21:48:10 - Writing [{data=com.banking.dto.TransactionResponse@1626e0a2, success=true, message=交易创建成功}]
2025-07-01 21:48:10 - Using 'application/json', given [*/*] and supported [application/json, application/*+json]
2025-07-01 21:48:10 - Writing [{data=com.banking.dto.TransactionResponse@75ef2408, success=true, message=交易创建成功}]
2025-07-01 21:48:10 - Mapped to com.banking.controller.TransactionController#createTransaction(TransactionRequest)
2025-07-01 21:48:10 - Mapped to com.banking.controller.TransactionController#createTransaction(TransactionRequest)
2025-07-01 21:48:10 - Writing [{data=com.banking.dto.TransactionResponse@857cefe, success=true, message=交易创建成功}]
2025-07-01 21:48:10 - Using 'application/json', given [*/*] and supported [application/json, application/*+json]
2025-07-01 21:48:10 - Read "application/json;charset=UTF-8" to [com.banking.dto.TransactionRequest@d1ca6a3]
2025-07-01 21:48:10 - Using 'application/json', given [*/*] and supported [application/json, application/*+json]
2025-07-01 21:48:10 - Writing [{data=com.banking.dto.TransactionResponse@20149a9, success=true, message=交易创建成功}]
2025-07-01 21:48:10 - Writing [{data=com.banking.dto.TransactionResponse@63ed6349, success=true, message=交易创建成功}]
2025-07-01 21:48:10 - Read "application/json;charset=UTF-8" to [com.banking.dto.TransactionRequest@cc9b7aa]
2025-07-01 21:48:10 - Using 'application/json', given [*/*] and supported [application/json, application/*+json]
2025-07-01 21:48:10 - Writing [{data=com.banking.dto.TransactionResponse@39689547, success=true, message=交易创建成功}]
2025-07-01 21:48:10 - Using 'application/json', given [*/*] and supported [application/json, application/*+json]
2025-07-01 21:48:10 - Writing [{data=com.banking.dto.TransactionResponse@4d77e394, success=true, message=交易创建成功}]
2025-07-01 21:48:10 - Mapped to com.banking.controller.TransactionController#createTransaction(TransactionRequest)
2025-07-01 21:48:10 - Mapped to com.banking.controller.TransactionController#createTransaction(TransactionRequest)
2025-07-01 21:48:10 - Mapped to com.banking.controller.TransactionController#createTransaction(TransactionRequest)
2025-07-01 21:48:10 - Mapped to com.banking.controller.TransactionController#createTransaction(TransactionRequest)
2025-07-01 21:48:10 - Using 'application/json', given [*/*] and supported [application/json, application/*+json]
2025-07-01 21:48:10 - Using 'application/json', given [*/*] and supported [application/json, application/*+json]
2025-07-01 21:48:10 - Using 'application/json', given [*/*] and supported [application/json, application/*+json]
2025-07-01 21:48:10 - Writing [{data=com.banking.dto.TransactionResponse@4b8d2e42, success=true, message=交易创建成功}]
2025-07-01 21:48:10 - Writing [{data=com.banking.dto.TransactionResponse@e77b481, success=true, message=交易创建成功}]
2025-07-01 21:48:10 - Writing [{data=com.banking.dto.TransactionResponse@4aa8faf, success=true, message=交易创建成功}]
2025-07-01 21:48:10 - Read "application/json;charset=UTF-8" to [com.banking.dto.TransactionRequest@35d0a118]
2025-07-01 21:48:10 - Using 'application/json', given [*/*] and supported [application/json, application/*+json]
2025-07-01 21:48:10 - Using 'application/json', given [*/*] and supported [application/json, application/*+json]
2025-07-01 21:48:10 - Writing [{data=com.banking.dto.TransactionResponse@2b4f3da9, success=true, message=交易创建成功}]
2025-07-01 21:48:10 - Writing [{data=com.banking.dto.TransactionResponse@46ffe41a, success=true, message=交易创建成功}]
2025-07-01 21:48:10 - Read "application/json;charset=UTF-8" to [com.banking.dto.TransactionRequest@3002ecd7]
2025-07-01 21:48:10 - Read "application/json;charset=UTF-8" to [com.banking.dto.TransactionRequest@631ad25c]
2025-07-01 21:48:10 - Read "application/json;charset=UTF-8" to [com.banking.dto.TransactionRequest@55650cdf]
2025-07-01 21:48:10 - Using 'application/json', given [*/*] and supported [application/json, application/*+json]
2025-07-01 21:48:10 - Using 'application/json', given [*/*] and supported [application/json, application/*+json]
2025-07-01 21:48:10 - Writing [{data=com.banking.dto.TransactionResponse@60a6b76a, success=true, message=交易创建成功}]
2025-07-01 21:48:10 - Writing [{data=com.banking.dto.TransactionResponse@1c36158f, success=true, message=交易创建成功}]
2025-07-01 21:48:10 - Using 'application/json', given [*/*] and supported [application/json, application/*+json]
2025-07-01 21:48:10 - Writing [{data=com.banking.dto.TransactionResponse@39e7668b, success=true, message=交易创建成功}]
2025-07-01 21:48:10 - Mapped to com.banking.controller.TransactionController#createTransaction(TransactionRequest)
2025-07-01 21:48:10 - Using 'application/json', given [*/*] and supported [application/json, application/*+json]
2025-07-01 21:48:10 - Read "application/json;charset=UTF-8" to [com.banking.dto.TransactionRequest@4a328c31]
2025-07-01 21:48:10 - Writing [{data=com.banking.dto.TransactionResponse@352bb305, success=true, message=交易创建成功}]
2025-07-01 21:48:10 - Mapped to com.banking.controller.TransactionController#createTransaction(TransactionRequest)
2025-07-01 21:48:10 - Mapped to com.banking.controller.TransactionController#createTransaction(TransactionRequest)
2025-07-01 21:48:10 - Using 'application/json', given [*/*] and supported [application/json, application/*+json]
2025-07-01 21:48:10 - Writing [{data=com.banking.dto.TransactionResponse@27dc165d, success=true, message=交易创建成功}]
2025-07-01 21:48:10 - Mapped to com.banking.controller.TransactionController#createTransaction(TransactionRequest)
2025-07-01 21:48:10 - Read "application/json;charset=UTF-8" to [com.banking.dto.TransactionRequest@339a080f]
2025-07-01 21:48:10 - Mapped to com.banking.controller.TransactionController#createTransaction(TransactionRequest)
2025-07-01 21:48:10 - Mapped to com.banking.controller.TransactionController#createTransaction(TransactionRequest)
2025-07-01 21:48:10 - Read "application/json;charset=UTF-8" to [com.banking.dto.TransactionRequest@5eb192db]
2025-07-01 21:48:10 - Read "application/json;charset=UTF-8" to [com.banking.dto.TransactionRequest@7e668d1e]
2025-07-01 21:48:10 - Read "application/json;charset=UTF-8" to [com.banking.dto.TransactionRequest@2ceffdc4]
2025-07-01 21:48:10 - Read "application/json;charset=UTF-8" to [com.banking.dto.TransactionRequest@2e0b7dd1]
2025-07-01 21:48:10 - Using 'application/json', given [*/*] and supported [application/json, application/*+json]
2025-07-01 21:48:10 - Writing [{data=com.banking.dto.TransactionResponse@38b424ef, success=true, message=交易创建成功}]
2025-07-01 21:48:10 - Using 'application/json', given [*/*] and supported [application/json, application/*+json]
2025-07-01 21:48:10 - Using 'application/json', given [*/*] and supported [application/json, application/*+json]
2025-07-01 21:48:10 - Writing [{data=com.banking.dto.TransactionResponse@3cb2997f, success=true, message=交易创建成功}]
2025-07-01 21:48:10 - Using 'application/json', given [*/*] and supported [application/json, application/*+json]
2025-07-01 21:48:10 - Writing [{data=com.banking.dto.TransactionResponse@455bbaaf, success=true, message=交易创建成功}]
2025-07-01 21:48:10 - Using 'application/json', given [*/*] and supported [application/json, application/*+json]
2025-07-01 21:48:10 - Writing [{data=com.banking.dto.TransactionResponse@36eeafd3, success=true, message=交易创建成功}]
2025-07-01 21:48:10 - Using 'application/json', given [*/*] and supported [application/json, application/*+json]
2025-07-01 21:48:10 - Writing [{data=com.banking.dto.TransactionResponse@19fc517b, success=true, message=交易创建成功}]
2025-07-01 21:48:10 - Writing [{data=com.banking.dto.TransactionResponse@5226319d, success=true, message=交易创建成功}]
2025-07-01 21:48:10 - Using 'application/json', given [*/*] and supported [application/json, application/*+json]
2025-07-01 21:48:10 - Writing [{data=com.banking.dto.TransactionResponse@62a135f5, success=true, message=交易创建成功}]
2025-07-01 21:48:10 - Mapped to com.banking.controller.TransactionController#createTransaction(TransactionRequest)
2025-07-01 21:48:10 - Mapped to com.banking.controller.TransactionController#createTransaction(TransactionRequest)
2025-07-01 21:48:10 - Using 'application/json', given [*/*] and supported [application/json, application/*+json]
2025-07-01 21:48:10 - Writing [{data=com.banking.dto.TransactionResponse@5948735b, success=true, message=交易创建成功}]
2025-07-01 21:48:10 - Read "application/json;charset=UTF-8" to [com.banking.dto.TransactionRequest@35d82257]
2025-07-01 21:48:10 - Read "application/json;charset=UTF-8" to [com.banking.dto.TransactionRequest@3623215e]
2025-07-01 21:48:10 - Using 'application/json', given [*/*] and supported [application/json, application/*+json]
2025-07-01 21:48:10 - Using 'application/json', given [*/*] and supported [application/json, application/*+json]
2025-07-01 21:48:10 - Mapped to com.banking.controller.TransactionController#createTransaction(TransactionRequest)
2025-07-01 21:48:10 - Writing [{data=com.banking.dto.TransactionResponse@6dbcd2fd, success=true, message=交易创建成功}]
2025-07-01 21:48:10 - Writing [{data=com.banking.dto.TransactionResponse@7a515e71, success=true, message=交易创建成功}]
2025-07-01 21:48:10 - Read "application/json;charset=UTF-8" to [com.banking.dto.TransactionRequest@14a31240]
2025-07-01 21:48:10 - Using 'application/json', given [*/*] and supported [application/json, application/*+json]
2025-07-01 21:48:10 - Using 'application/json', given [*/*] and supported [application/json, application/*+json]
2025-07-01 21:48:10 - Using 'application/json', given [*/*] and supported [application/json, application/*+json]
2025-07-01 21:48:10 - Using 'application/json', given [*/*] and supported [application/json, application/*+json]
2025-07-01 21:48:10 - Writing [{data=com.banking.dto.TransactionResponse@6ec4aefa, success=true, message=交易创建成功}]
2025-07-01 21:48:10 - Using 'application/json', given [*/*] and supported [application/json, application/*+json]
2025-07-01 21:48:10 - Writing [{data=com.banking.dto.TransactionResponse@53ad8a5d, success=true, message=交易创建成功}]
2025-07-01 21:48:10 - Mapped to com.banking.controller.TransactionController#createTransaction(TransactionRequest)
2025-07-01 21:48:10 - Using 'application/json', given [*/*] and supported [application/json, application/*+json]
2025-07-01 21:48:10 - Using 'application/json', given [*/*] and supported [application/json, application/*+json]
2025-07-01 21:48:10 - Writing [{data=com.banking.dto.TransactionResponse@18f882d5, success=true, message=交易创建成功}]
2025-07-01 21:48:10 - Writing [{data=com.banking.dto.TransactionResponse@49196b71, success=true, message=交易创建成功}]
2025-07-01 21:48:10 - Writing [{data=com.banking.dto.TransactionResponse@35dada4b, success=true, message=交易创建成功}]
2025-07-01 21:48:10 - Writing [{data=com.banking.dto.TransactionResponse@6cadb103, success=true, message=交易创建成功}]
2025-07-01 21:48:10 - Writing [{data=com.banking.dto.TransactionResponse@3a5d65aa, success=true, message=交易创建成功}]
2025-07-01 21:48:10 - Using 'application/json', given [*/*] and supported [application/json, application/*+json]
2025-07-01 21:48:10 - Writing [{data=com.banking.dto.TransactionResponse@19ed2288, success=true, message=交易创建成功}]
2025-07-01 21:48:10 - Read "application/json;charset=UTF-8" to [com.banking.dto.TransactionRequest@38272165]
2025-07-01 21:48:10 - Mapped to com.banking.controller.TransactionController#createTransaction(TransactionRequest)
2025-07-01 21:48:10 - Using 'application/json', given [*/*] and supported [application/json, application/*+json]
2025-07-01 21:48:10 - Writing [{data=com.banking.dto.TransactionResponse@6c03468, success=true, message=交易创建成功}]
2025-07-01 21:48:10 - Read "application/json;charset=UTF-8" to [com.banking.dto.TransactionRequest@6577a545]
2025-07-01 21:48:10 - Using 'application/json', given [*/*] and supported [application/json, application/*+json]
2025-07-01 21:48:10 - Writing [{data=com.banking.dto.TransactionResponse@9638e42, success=true, message=交易创建成功}]
2025-07-01 21:48:10 - Mapped to com.banking.controller.TransactionController#createTransaction(TransactionRequest)
2025-07-01 21:48:10 - Using 'application/json', given [*/*] and supported [application/json, application/*+json]
2025-07-01 21:48:10 - Using 'application/json', given [*/*] and supported [application/json, application/*+json]
2025-07-01 21:48:10 - Mapped to com.banking.controller.TransactionController#createTransaction(TransactionRequest)
2025-07-01 21:48:10 - Mapped to com.banking.controller.TransactionController#createTransaction(TransactionRequest)
2025-07-01 21:48:10 - Mapped to com.banking.controller.TransactionController#createTransaction(TransactionRequest)
2025-07-01 21:48:10 - Writing [{data=com.banking.dto.TransactionResponse@41ae596f, success=true, message=交易创建成功}]
2025-07-01 21:48:10 - Mapped to com.banking.controller.TransactionController#createTransaction(TransactionRequest)
2025-07-01 21:48:10 - Using 'application/json', given [*/*] and supported [application/json, application/*+json]
2025-07-01 21:48:10 - Writing [{data=com.banking.dto.TransactionResponse@62586c41, success=true, message=交易创建成功}]
2025-07-01 21:48:10 - Writing [{data=com.banking.dto.TransactionResponse@55f6d899, success=true, message=交易创建成功}]
2025-07-01 21:48:10 - Read "application/json;charset=UTF-8" to [com.banking.dto.TransactionRequest@46d534da]
2025-07-01 21:48:10 - Mapped to com.banking.controller.TransactionController#createTransaction(TransactionRequest)
2025-07-01 21:48:10 - Using 'application/json', given [*/*] and supported [application/json, application/*+json]
2025-07-01 21:48:10 - Read "application/json;charset=UTF-8" to [com.banking.dto.TransactionRequest@59f6e10b]
2025-07-01 21:48:10 - Writing [{data=com.banking.dto.TransactionResponse@386941ce, success=true, message=交易创建成功}]
2025-07-01 21:48:10 - Read "application/json;charset=UTF-8" to [com.banking.dto.TransactionRequest@6baff957]
2025-07-01 21:48:10 - Read "application/json;charset=UTF-8" to [com.banking.dto.TransactionRequest@645353af]
2025-07-01 21:48:10 - Read "application/json;charset=UTF-8" to [com.banking.dto.TransactionRequest@63bf8c9]
2025-07-01 21:48:10 - Using 'application/json', given [*/*] and supported [application/json, application/*+json]
2025-07-01 21:48:10 - Read "application/json;charset=UTF-8" to [com.banking.dto.TransactionRequest@68c99985]
2025-07-01 21:48:10 - Writing [{data=com.banking.dto.TransactionResponse@19b6064e, success=true, message=交易创建成功}]
2025-07-01 21:48:10 - Mapped to com.banking.controller.TransactionController#createTransaction(TransactionRequest)
2025-07-01 21:48:10 - Using 'application/json', given [*/*] and supported [application/json, application/*+json]
2025-07-01 21:48:10 - Writing [{data=com.banking.dto.TransactionResponse@212edac0, success=true, message=交易创建成功}]
2025-07-01 21:48:10 - Mapped to com.banking.controller.TransactionController#createTransaction(TransactionRequest)
2025-07-01 21:48:10 - Using 'application/json', given [*/*] and supported [application/json, application/*+json]
2025-07-01 21:48:10 - Read "application/json;charset=UTF-8" to [com.banking.dto.TransactionRequest@5da0a620]
2025-07-01 21:48:10 - Using 'application/json', given [*/*] and supported [application/json, application/*+json]
2025-07-01 21:48:10 - Writing [{data=com.banking.dto.TransactionResponse@702549d6, success=true, message=交易创建成功}]
2025-07-01 21:48:10 - Writing [{data=com.banking.dto.TransactionResponse@5ff2a9c, success=true, message=交易创建成功}]
2025-07-01 21:48:10 - Read "application/json;charset=UTF-8" to [com.banking.dto.TransactionRequest@d738da6]
2025-07-01 21:48:10 - Mapped to com.banking.controller.TransactionController#createTransaction(TransactionRequest)
2025-07-01 21:48:10 - Mapped to com.banking.controller.TransactionController#createTransaction(TransactionRequest)
2025-07-01 21:48:10 - Using 'application/json', given [*/*] and supported [application/json, application/*+json]
2025-07-01 21:48:10 - Read "application/json;charset=UTF-8" to [com.banking.dto.TransactionRequest@5fc043b8]
2025-07-01 21:48:10 - Read "application/json;charset=UTF-8" to [com.banking.dto.TransactionRequest@677b8d0a]
2025-07-01 21:48:10 - Writing [{data=com.banking.dto.TransactionResponse@74c397c1, success=true, message=交易创建成功}]
2025-07-01 21:48:10 - Mapped to com.banking.controller.TransactionController#createTransaction(TransactionRequest)
2025-07-01 21:48:10 - Using 'application/json', given [*/*] and supported [application/json, application/*+json]
2025-07-01 21:48:10 - Writing [{data=com.banking.dto.TransactionResponse@32704557, success=true, message=交易创建成功}]
2025-07-01 21:48:10 - Using 'application/json', given [*/*] and supported [application/json, application/*+json]
2025-07-01 21:48:10 - Using 'application/json', given [*/*] and supported [application/json, application/*+json]
2025-07-01 21:48:10 - Writing [{data=com.banking.dto.TransactionResponse@7eb2952c, success=true, message=交易创建成功}]
2025-07-01 21:48:10 - Read "application/json;charset=UTF-8" to [com.banking.dto.TransactionRequest@6e4dac5]
2025-07-01 21:48:10 - Using 'application/json', given [*/*] and supported [application/json, application/*+json]
2025-07-01 21:48:10 - Using 'application/json', given [*/*] and supported [application/json, application/*+json]
2025-07-01 21:48:10 - Writing [{data=com.banking.dto.TransactionResponse@20fe9e31, success=true, message=交易创建成功}]
2025-07-01 21:48:10 - Writing [{data=com.banking.dto.TransactionResponse@6472b4da, success=true, message=交易创建成功}]
2025-07-01 21:48:10 - Writing [{data=com.banking.dto.TransactionResponse@57bf7c7d, success=true, message=交易创建成功}]
2025-07-01 21:48:10 - Using 'application/json', given [*/*] and supported [application/json, application/*+json]
2025-07-01 21:48:10 - Writing [{data=com.banking.dto.TransactionResponse@1ba2a71f, success=true, message=交易创建成功}]
2025-07-01 21:48:10 - Using 'application/json', given [*/*] and supported [application/json, application/*+json]
2025-07-01 21:48:10 - Using 'application/json', given [*/*] and supported [application/json, application/*+json]
2025-07-01 21:48:10 - Writing [{data=com.banking.dto.TransactionResponse@17048d9b, success=true, message=交易创建成功}]
2025-07-01 21:48:10 - Writing [{data=com.banking.dto.TransactionResponse@15cff317, success=true, message=交易创建成功}]
2025-07-01 21:48:10 - Using 'application/json', given [*/*] and supported [application/json, application/*+json]
2025-07-01 21:48:10 - Writing [{data=com.banking.dto.TransactionResponse@6ef2b45e, success=true, message=交易创建成功}]
2025-07-01 21:48:10 - Mapped to com.banking.controller.TransactionController#createTransaction(TransactionRequest)
2025-07-01 21:48:10 - Using 'application/json', given [*/*] and supported [application/json, application/*+json]
2025-07-01 21:48:10 - Using 'application/json', given [*/*] and supported [application/json, application/*+json]
2025-07-01 21:48:10 - Read "application/json;charset=UTF-8" to [com.banking.dto.TransactionRequest@464e115d]
2025-07-01 21:48:10 - Writing [{data=com.banking.dto.TransactionResponse@362fe63b, success=true, message=交易创建成功}]
2025-07-01 21:48:10 - Writing [{data=com.banking.dto.TransactionResponse@6608d683, success=true, message=交易创建成功}]
2025-07-01 21:48:10 - Mapped to com.banking.controller.TransactionController#createTransaction(TransactionRequest)
2025-07-01 21:48:10 - Mapped to com.banking.controller.TransactionController#createTransaction(TransactionRequest)
2025-07-01 21:48:10 - Using 'application/json', given [*/*] and supported [application/json, application/*+json]
2025-07-01 21:48:10 - Writing [{data=com.banking.dto.TransactionResponse@26a190d2, success=true, message=交易创建成功}]
2025-07-01 21:48:10 - Read "application/json;charset=UTF-8" to [com.banking.dto.TransactionRequest@225eb75e]
2025-07-01 21:48:10 - Read "application/json;charset=UTF-8" to [com.banking.dto.TransactionRequest@487b1cc1]
2025-07-01 21:48:10 - Mapped to com.banking.controller.TransactionController#createTransaction(TransactionRequest)
2025-07-01 21:48:10 - Mapped to com.banking.controller.TransactionController#createTransaction(TransactionRequest)
2025-07-01 21:48:10 - Read "application/json;charset=UTF-8" to [com.banking.dto.TransactionRequest@5b4c5a64]
2025-07-01 21:48:10 - Read "application/json;charset=UTF-8" to [com.banking.dto.TransactionRequest@16e86b63]
2025-07-01 21:48:10 - Mapped to com.banking.controller.TransactionController#createTransaction(TransactionRequest)
2025-07-01 21:48:10 - Read "application/json;charset=UTF-8" to [com.banking.dto.TransactionRequest@7cd6af19]
2025-07-01 21:48:10 - Using 'application/json', given [*/*] and supported [application/json, application/*+json]
2025-07-01 21:48:10 - Using 'application/json', given [*/*] and supported [application/json, application/*+json]
2025-07-01 21:48:10 - Using 'application/json', given [*/*] and supported [application/json, application/*+json]
2025-07-01 21:48:10 - Writing [{data=com.banking.dto.TransactionResponse@61afaafe, success=true, message=交易创建成功}]
2025-07-01 21:48:10 - Writing [{data=com.banking.dto.TransactionResponse@dbbd8ee, success=true, message=交易创建成功}]
2025-07-01 21:48:10 - Writing [{data=com.banking.dto.TransactionResponse@774f2126, success=true, message=交易创建成功}]
2025-07-01 21:48:10 - Using 'application/json', given [*/*] and supported [application/json, application/*+json]
2025-07-01 21:48:10 - Using 'application/json', given [*/*] and supported [application/json, application/*+json]
2025-07-01 21:48:10 - Writing [{data=com.banking.dto.TransactionResponse@6582961d, success=true, message=交易创建成功}]
2025-07-01 21:48:10 - Writing [{data=com.banking.dto.TransactionResponse@3319d788, success=true, message=交易创建成功}]
2025-07-01 21:48:10 - Using 'application/json', given [*/*] and supported [application/json, application/*+json]
2025-07-01 21:48:10 - Writing [{data=com.banking.dto.TransactionResponse@6ba1d62, success=true, message=交易创建成功}]
2025-07-01 21:48:10 - Mapped to com.banking.controller.TransactionController#createTransaction(TransactionRequest)
2025-07-01 21:48:10 - Read "application/json;charset=UTF-8" to [com.banking.dto.TransactionRequest@57ec36b0]
2025-07-01 21:48:10 - Using 'application/json', given [*/*] and supported [application/json, application/*+json]
2025-07-01 21:48:10 - Writing [{data=com.banking.dto.TransactionResponse@6ed3cf66, success=true, message=交易创建成功}]
2025-07-01 21:48:10 - Mapped to com.banking.controller.TransactionController#getStatistics()
2025-07-01 21:48:10 - Using 'application/json', given [*/*] and supported [application/json, application/*+json]
2025-07-01 21:48:10 - Writing [{data={totalTransactions=1050, transactionTypes=[Lcom.banking.model.TransactionType;@36088e16}, succ (truncated)...]
=== 股票交易性能测试结果 ===
总耗时: 837ms
平均每个交易耗时: 0ms
TPS (每秒交易数): 1194
并发性能: 100 用户同时操作
===============================
]]></system-out>
  </testcase>
  <testcase name="testMixedOperationsUnderLoad" classname="com.banking.StressTest" time="3.953">
    <system-out><![CDATA[开始新的压力测试...
2025-07-01 21:48:10 - Mapped to com.banking.controller.TransactionController#createTransaction(TransactionRequest)
2025-07-01 21:48:10 - Read "application/json;charset=UTF-8" to [com.banking.dto.TransactionRequest@c908a8]
2025-07-01 21:48:10 - Using 'application/json', given [*/*] and supported [application/json, application/*+json]
2025-07-01 21:48:10 - Writing [{data=com.banking.dto.TransactionResponse@7e5c8ed2, success=true, message=交易创建成功}]
2025-07-01 21:48:10 - Mapped to com.banking.controller.TransactionController#createTransaction(TransactionRequest)
2025-07-01 21:48:10 - Read "application/json;charset=UTF-8" to [com.banking.dto.TransactionRequest@1aaa73c8]
2025-07-01 21:48:10 - Using 'application/json', given [*/*] and supported [application/json, application/*+json]
2025-07-01 21:48:10 - Writing [{data=com.banking.dto.TransactionResponse@1bc4c44, success=true, message=交易创建成功}]
2025-07-01 21:48:10 - Mapped to com.banking.controller.TransactionController#createTransaction(TransactionRequest)
2025-07-01 21:48:10 - Read "application/json;charset=UTF-8" to [com.banking.dto.TransactionRequest@31c144a6]
2025-07-01 21:48:10 - Using 'application/json', given [*/*] and supported [application/json, application/*+json]
2025-07-01 21:48:10 - Writing [{data=com.banking.dto.TransactionResponse@5c399008, success=true, message=交易创建成功}]
2025-07-01 21:48:10 - Mapped to com.banking.controller.TransactionController#createTransaction(TransactionRequest)
2025-07-01 21:48:10 - Read "application/json;charset=UTF-8" to [com.banking.dto.TransactionRequest@2123416b]
2025-07-01 21:48:10 - Using 'application/json', given [*/*] and supported [application/json, application/*+json]
2025-07-01 21:48:10 - Writing [{data=com.banking.dto.TransactionResponse@24da711, success=true, message=交易创建成功}]
2025-07-01 21:48:10 - Mapped to com.banking.controller.TransactionController#createTransaction(TransactionRequest)
2025-07-01 21:48:10 - Read "application/json;charset=UTF-8" to [com.banking.dto.TransactionRequest@5613eb98]
2025-07-01 21:48:10 - Using 'application/json', given [*/*] and supported [application/json, application/*+json]
2025-07-01 21:48:10 - Writing [{data=com.banking.dto.TransactionResponse@13e5d52b, success=true, message=交易创建成功}]
2025-07-01 21:48:10 - Mapped to com.banking.controller.TransactionController#createTransaction(TransactionRequest)
2025-07-01 21:48:10 - Read "application/json;charset=UTF-8" to [com.banking.dto.TransactionRequest@48add722]
2025-07-01 21:48:10 - Using 'application/json', given [*/*] and supported [application/json, application/*+json]
2025-07-01 21:48:10 - Writing [{data=com.banking.dto.TransactionResponse@6c2c3cdf, success=true, message=交易创建成功}]
2025-07-01 21:48:10 - Mapped to com.banking.controller.TransactionController#createTransaction(TransactionRequest)
2025-07-01 21:48:10 - Read "application/json;charset=UTF-8" to [com.banking.dto.TransactionRequest@1dac3859]
2025-07-01 21:48:10 - Using 'application/json', given [*/*] and supported [application/json, application/*+json]
2025-07-01 21:48:10 - Writing [{data=com.banking.dto.TransactionResponse@1a4db28c, success=true, message=交易创建成功}]
2025-07-01 21:48:10 - Mapped to com.banking.controller.TransactionController#createTransaction(TransactionRequest)
2025-07-01 21:48:10 - Read "application/json;charset=UTF-8" to [com.banking.dto.TransactionRequest@42491d97]
2025-07-01 21:48:10 - Using 'application/json', given [*/*] and supported [application/json, application/*+json]
2025-07-01 21:48:10 - Writing [{data=com.banking.dto.TransactionResponse@46250560, success=true, message=交易创建成功}]
2025-07-01 21:48:10 - Mapped to com.banking.controller.TransactionController#createTransaction(TransactionRequest)
2025-07-01 21:48:10 - Read "application/json;charset=UTF-8" to [com.banking.dto.TransactionRequest@5345cc0a]
2025-07-01 21:48:10 - Using 'application/json', given [*/*] and supported [application/json, application/*+json]
2025-07-01 21:48:10 - Writing [{data=com.banking.dto.TransactionResponse@68fa52b1, success=true, message=交易创建成功}]
2025-07-01 21:48:10 - Mapped to com.banking.controller.TransactionController#createTransaction(TransactionRequest)
2025-07-01 21:48:10 - Read "application/json;charset=UTF-8" to [com.banking.dto.TransactionRequest@7168e312]
2025-07-01 21:48:10 - Using 'application/json', given [*/*] and supported [application/json, application/*+json]
2025-07-01 21:48:10 - Writing [{data=com.banking.dto.TransactionResponse@38621947, success=true, message=交易创建成功}]
2025-07-01 21:48:10 - Mapped to com.banking.controller.TransactionController#createTransaction(TransactionRequest)
2025-07-01 21:48:10 - Read "application/json;charset=UTF-8" to [com.banking.dto.TransactionRequest@7768aa29]
2025-07-01 21:48:10 - Using 'application/json', given [*/*] and supported [application/json, application/*+json]
2025-07-01 21:48:10 - Writing [{data=com.banking.dto.TransactionResponse@24a57e4e, success=true, message=交易创建成功}]
2025-07-01 21:48:10 - Mapped to com.banking.controller.TransactionController#createTransaction(TransactionRequest)
2025-07-01 21:48:10 - Read "application/json;charset=UTF-8" to [com.banking.dto.TransactionRequest@4eb1757d]
2025-07-01 21:48:10 - Using 'application/json', given [*/*] and supported [application/json, application/*+json]
2025-07-01 21:48:10 - Writing [{data=com.banking.dto.TransactionResponse@381f4e86, success=true, message=交易创建成功}]
2025-07-01 21:48:10 - Mapped to com.banking.controller.TransactionController#createTransaction(TransactionRequest)
2025-07-01 21:48:10 - Read "application/json;charset=UTF-8" to [com.banking.dto.TransactionRequest@5081426d]
2025-07-01 21:48:10 - Using 'application/json', given [*/*] and supported [application/json, application/*+json]
2025-07-01 21:48:10 - Writing [{data=com.banking.dto.TransactionResponse@442117e0, success=true, message=交易创建成功}]
2025-07-01 21:48:10 - Mapped to com.banking.controller.TransactionController#createTransaction(TransactionRequest)
2025-07-01 21:48:10 - Read "application/json;charset=UTF-8" to [com.banking.dto.TransactionRequest@389fc62b]
2025-07-01 21:48:10 - Using 'application/json', given [*/*] and supported [application/json, application/*+json]
2025-07-01 21:48:10 - Writing [{data=com.banking.dto.TransactionResponse@222d6997, success=true, message=交易创建成功}]
2025-07-01 21:48:10 - Mapped to com.banking.controller.TransactionController#createTransaction(TransactionRequest)
2025-07-01 21:48:10 - Read "application/json;charset=UTF-8" to [com.banking.dto.TransactionRequest@241ff270]
2025-07-01 21:48:10 - Using 'application/json', given [*/*] and supported [application/json, application/*+json]
2025-07-01 21:48:10 - Writing [{data=com.banking.dto.TransactionResponse@1b2b2a58, success=true, message=交易创建成功}]
2025-07-01 21:48:10 - Mapped to com.banking.controller.TransactionController#createTransaction(TransactionRequest)
2025-07-01 21:48:10 - Read "application/json;charset=UTF-8" to [com.banking.dto.TransactionRequest@159d59d3]
2025-07-01 21:48:10 - Using 'application/json', given [*/*] and supported [application/json, application/*+json]
2025-07-01 21:48:10 - Writing [{data=com.banking.dto.TransactionResponse@6386e131, success=true, message=交易创建成功}]
2025-07-01 21:48:10 - Mapped to com.banking.controller.TransactionController#createTransaction(TransactionRequest)
2025-07-01 21:48:10 - Read "application/json;charset=UTF-8" to [com.banking.dto.TransactionRequest@267c53b]
2025-07-01 21:48:10 - Using 'application/json', given [*/*] and supported [application/json, application/*+json]
2025-07-01 21:48:10 - Writing [{data=com.banking.dto.TransactionResponse@3ea3e3da, success=true, message=交易创建成功}]
2025-07-01 21:48:10 - Mapped to com.banking.controller.TransactionController#createTransaction(TransactionRequest)
2025-07-01 21:48:10 - Read "application/json;charset=UTF-8" to [com.banking.dto.TransactionRequest@3802a862]
2025-07-01 21:48:10 - Using 'application/json', given [*/*] and supported [application/json, application/*+json]
2025-07-01 21:48:10 - Writing [{data=com.banking.dto.TransactionResponse@6868766c, success=true, message=交易创建成功}]
2025-07-01 21:48:10 - Mapped to com.banking.controller.TransactionController#createTransaction(TransactionRequest)
2025-07-01 21:48:10 - Read "application/json;charset=UTF-8" to [com.banking.dto.TransactionRequest@12723878]
2025-07-01 21:48:10 - Using 'application/json', given [*/*] and supported [application/json, application/*+json]
2025-07-01 21:48:10 - Writing [{data=com.banking.dto.TransactionResponse@12aa13ca, success=true, message=交易创建成功}]
2025-07-01 21:48:10 - Mapped to com.banking.controller.TransactionController#createTransaction(TransactionRequest)
2025-07-01 21:48:10 - Read "application/json;charset=UTF-8" to [com.banking.dto.TransactionRequest@76ce93c1]
2025-07-01 21:48:10 - Using 'application/json', given [*/*] and supported [application/json, application/*+json]
2025-07-01 21:48:10 - Writing [{data=com.banking.dto.TransactionResponse@2b6485d7, success=true, message=交易创建成功}]
2025-07-01 21:48:10 - Mapped to com.banking.controller.TransactionController#getTransactions(int, int)
2025-07-01 21:48:10 - Mapped to com.banking.controller.TransactionController#createTransaction(TransactionRequest)
2025-07-01 21:48:10 - Mapped to com.banking.controller.TransactionController#createTransaction(TransactionRequest)
2025-07-01 21:48:10 - Mapped to com.banking.controller.TransactionController#getTransactions(int, int)
2025-07-01 21:48:10 - Read "application/json;charset=UTF-8" to [com.banking.dto.TransactionRequest@2a3def36]
2025-07-01 21:48:10 - Mapped to com.banking.controller.TransactionController#createTransaction(TransactionRequest)
2025-07-01 21:48:10 - Read "application/json;charset=UTF-8" to [com.banking.dto.TransactionRequest@78e21c2e]
2025-07-01 21:48:10 - Read "application/json;charset=UTF-8" to [com.banking.dto.TransactionRequest@242243dd]
2025-07-01 21:48:10 - Mapped to com.banking.controller.TransactionController#getTransactions(int, int)
2025-07-01 21:48:10 - Mapped to com.banking.controller.TransactionController#createTransaction(TransactionRequest)
2025-07-01 21:48:10 - Mapped to com.banking.controller.TransactionController#getTransactions(int, int)
2025-07-01 21:48:10 - Read "application/json;charset=UTF-8" to [com.banking.dto.TransactionRequest@a89a171]
2025-07-01 21:48:10 - Mapped to com.banking.controller.TransactionController#getTransactions(int, int)
2025-07-01 21:48:10 - Mapped to com.banking.controller.TransactionController#createTransaction(TransactionRequest)
2025-07-01 21:48:10 - Read "application/json;charset=UTF-8" to [com.banking.dto.TransactionRequest@478c20ef]
2025-07-01 21:48:10 - Mapped to com.banking.controller.TransactionController#createTransaction(TransactionRequest)
2025-07-01 21:48:10 - Mapped to com.banking.controller.TransactionController#getTransactions(int, int)
2025-07-01 21:48:10 - Read "application/json;charset=UTF-8" to [com.banking.dto.TransactionRequest@5593b3fe]
2025-07-01 21:48:10 - Using 'application/json', given [*/*] and supported [application/json, application/*+json]
2025-07-01 21:48:10 - Writing [{data=com.banking.dto.TransactionResponse@7c6f0d09, success=true, message=交易创建成功}]
2025-07-01 21:48:10 - Mapped to com.banking.controller.TransactionController#createTransaction(TransactionRequest)
2025-07-01 21:48:10 - Read "application/json;charset=UTF-8" to [com.banking.dto.TransactionRequest@4dabf407]
2025-07-01 21:48:10 - Mapped to com.banking.controller.TransactionController#getTransactions(int, int)
2025-07-01 21:48:10 - Using 'application/json', given [*/*] and supported [application/json, application/*+json]
2025-07-01 21:48:10 - Using 'application/json', given [*/*] and supported [application/json, application/*+json]
2025-07-01 21:48:10 - Writing [{data=com.banking.dto.TransactionResponse@35ad70b, success=true, message=交易创建成功}]
2025-07-01 21:48:10 - Writing [{data=com.banking.dto.TransactionResponse@17bb450, success=true, message=交易创建成功}]
2025-07-01 21:48:10 - Mapped to com.banking.controller.TransactionController#getTransactions(int, int)
2025-07-01 21:48:10 - Using 'application/json', given [*/*] and supported [application/json, application/*+json]
2025-07-01 21:48:10 - Writing [{data=com.banking.dto.TransactionResponse@5e9fc785, success=true, message=交易创建成功}]
2025-07-01 21:48:10 - Using 'application/json', given [*/*] and supported [application/json, application/*+json]
2025-07-01 21:48:10 - Writing [{data=com.banking.dto.TransactionResponse@72f27e74, success=true, message=交易创建成功}]
2025-07-01 21:48:10 - Mapped to com.banking.controller.TransactionController#createTransaction(TransactionRequest)
2025-07-01 21:48:10 - Mapped to com.banking.controller.TransactionController#getTransactions(int, int)
2025-07-01 21:48:10 - Mapped to com.banking.controller.TransactionController#getTransactions(int, int)
2025-07-01 21:48:10 - Mapped to com.banking.controller.TransactionController#getTransactions(int, int)
2025-07-01 21:48:10 - Using 'application/json', given [*/*] and supported [application/json, application/*+json]
2025-07-01 21:48:10 - Mapped to com.banking.controller.TransactionController#getTransactions(int, int)
2025-07-01 21:48:10 - Writing [{data=com.banking.dto.TransactionResponse@e846cf6, success=true, message=交易创建成功}]
2025-07-01 21:48:10 - Read "application/json;charset=UTF-8" to [com.banking.dto.TransactionRequest@6f8e0b43]
2025-07-01 21:48:10 - Mapped to com.banking.controller.TransactionController#getTransactions(int, int)
2025-07-01 21:48:10 - Mapped to com.banking.controller.TransactionController#createTransaction(TransactionRequest)
2025-07-01 21:48:10 - Mapped to com.banking.controller.TransactionController#getTransactions(int, int)
2025-07-01 21:48:10 - Using 'application/json', given [*/*] and supported [application/json, application/*+json]
2025-07-01 21:48:10 - Mapped to com.banking.controller.TransactionController#getTransactions(int, int)
2025-07-01 21:48:10 - Read "application/json;charset=UTF-8" to [com.banking.dto.TransactionRequest@73d835de]
2025-07-01 21:48:10 - Writing [{data=com.banking.dto.TransactionResponse@4c61bb1d, success=true, message=交易创建成功}]
2025-07-01 21:48:10 - Mapped to com.banking.controller.TransactionController#getTransactions(int, int)
2025-07-01 21:48:10 - Mapped to com.banking.controller.TransactionController#getTransactions(int, int)
2025-07-01 21:48:10 - Mapped to com.banking.controller.TransactionController#createTransaction(TransactionRequest)
2025-07-01 21:48:10 - Read "application/json;charset=UTF-8" to [com.banking.dto.TransactionRequest@48e90743]
2025-07-01 21:48:10 - Mapped to com.banking.controller.TransactionController#createTransaction(TransactionRequest)
2025-07-01 21:48:10 - Mapped to com.banking.controller.TransactionController#createTransaction(TransactionRequest)
2025-07-01 21:48:10 - Mapped to com.banking.controller.TransactionController#getTransactions(int, int)
2025-07-01 21:48:10 - Mapped to com.banking.controller.TransactionController#getTransactions(int, int)
2025-07-01 21:48:10 - Read "application/json;charset=UTF-8" to [com.banking.dto.TransactionRequest@6127bf58]
2025-07-01 21:48:10 - Mapped to com.banking.controller.TransactionController#createTransaction(TransactionRequest)
2025-07-01 21:48:10 - Mapped to com.banking.controller.TransactionController#createTransaction(TransactionRequest)
2025-07-01 21:48:10 - Read "application/json;charset=UTF-8" to [com.banking.dto.TransactionRequest@1bdc0de7]
2025-07-01 21:48:10 - Read "application/json;charset=UTF-8" to [com.banking.dto.TransactionRequest@79b0bd73]
2025-07-01 21:48:10 - Mapped to com.banking.controller.TransactionController#getTransactions(int, int)
2025-07-01 21:48:10 - Read "application/json;charset=UTF-8" to [com.banking.dto.TransactionRequest@309bdc1c]
2025-07-01 21:48:10 - Mapped to com.banking.controller.TransactionController#createTransaction(TransactionRequest)
2025-07-01 21:48:10 - Mapped to com.banking.controller.TransactionController#createTransaction(TransactionRequest)
2025-07-01 21:48:10 - Mapped to com.banking.controller.TransactionController#createTransaction(TransactionRequest)
2025-07-01 21:48:10 - Read "application/json;charset=UTF-8" to [com.banking.dto.TransactionRequest@22a74670]
2025-07-01 21:48:10 - Mapped to com.banking.controller.TransactionController#getTransactions(int, int)
2025-07-01 21:48:10 - Mapped to com.banking.controller.TransactionController#createTransaction(TransactionRequest)
2025-07-01 21:48:10 - Mapped to com.banking.controller.TransactionController#createTransaction(TransactionRequest)
2025-07-01 21:48:10 - Read "application/json;charset=UTF-8" to [com.banking.dto.TransactionRequest@573e9748]
2025-07-01 21:48:10 - Read "application/json;charset=UTF-8" to [com.banking.dto.TransactionRequest@3be36501]
2025-07-01 21:48:10 - Mapped to com.banking.controller.TransactionController#getTransactions(int, int)
2025-07-01 21:48:10 - Mapped to com.banking.controller.TransactionController#getTransactions(int, int)
2025-07-01 21:48:10 - Mapped to com.banking.controller.TransactionController#createTransaction(TransactionRequest)
2025-07-01 21:48:10 - Mapped to com.banking.controller.TransactionController#getTransactions(int, int)
2025-07-01 21:48:10 - Read "application/json;charset=UTF-8" to [com.banking.dto.TransactionRequest@283f2df5]
2025-07-01 21:48:10 - Mapped to com.banking.controller.TransactionController#getTransactions(int, int)
2025-07-01 21:48:10 - Read "application/json;charset=UTF-8" to [com.banking.dto.TransactionRequest@585d8cf3]
2025-07-01 21:48:10 - Mapped to com.banking.controller.TransactionController#createTransaction(TransactionRequest)
2025-07-01 21:48:10 - Mapped to com.banking.controller.TransactionController#createTransaction(TransactionRequest)
2025-07-01 21:48:10 - Mapped to com.banking.controller.TransactionController#getTransactions(int, int)
2025-07-01 21:48:10 - Mapped to com.banking.controller.TransactionController#getTransactions(int, int)
2025-07-01 21:48:10 - Read "application/json;charset=UTF-8" to [com.banking.dto.TransactionRequest@4f57abbc]
2025-07-01 21:48:10 - Mapped to com.banking.controller.TransactionController#createTransaction(TransactionRequest)
2025-07-01 21:48:10 - Read "application/json;charset=UTF-8" to [com.banking.dto.TransactionRequest@3d134a5c]
2025-07-01 21:48:10 - Mapped to com.banking.controller.TransactionController#getTransactions(int, int)
2025-07-01 21:48:10 - Mapped to com.banking.controller.TransactionController#getTransactions(int, int)
2025-07-01 21:48:10 - Mapped to com.banking.controller.TransactionController#createTransaction(TransactionRequest)
2025-07-01 21:48:10 - Read "application/json;charset=UTF-8" to [com.banking.dto.TransactionRequest@492dba6e]
2025-07-01 21:48:10 - Mapped to com.banking.controller.TransactionController#createTransaction(TransactionRequest)
2025-07-01 21:48:10 - Using 'application/json', given [*/*] and supported [application/json, application/*+json]
2025-07-01 21:48:10 - Writing [{pagination={totalPages=107, page=0, total=1070, size=10}, data=[com.banking.dto.TransactionResponse (truncated)...]
2025-07-01 21:48:10 - Read "application/json;charset=UTF-8" to [com.banking.dto.TransactionRequest@7bf22f35]
2025-07-01 21:48:10 - Read "application/json;charset=UTF-8" to [com.banking.dto.TransactionRequest@6ff636ee]
2025-07-01 21:48:10 - Using 'application/json', given [*/*] and supported [application/json, application/*+json]
2025-07-01 21:48:10 - Writing [{pagination={totalPages=107, page=0, total=1070, size=10}, data=[com.banking.dto.TransactionResponse (truncated)...]
2025-07-01 21:48:10 - Read "application/json;charset=UTF-8" to [com.banking.dto.TransactionRequest@36092275]
2025-07-01 21:48:10 - Mapped to com.banking.controller.TransactionController#createTransaction(TransactionRequest)
2025-07-01 21:48:10 - Mapped to com.banking.controller.TransactionController#getTransactions(int, int)
2025-07-01 21:48:10 - Read "application/json;charset=UTF-8" to [com.banking.dto.TransactionRequest@652c2d32]
2025-07-01 21:48:10 - Mapped to com.banking.controller.TransactionController#getStatistics()
2025-07-01 21:48:10 - Mapped to com.banking.controller.TransactionController#getTransactions(int, int)
2025-07-01 21:48:10 - Mapped to com.banking.controller.TransactionController#getTransactions(int, int)
2025-07-01 21:48:10 - Mapped to com.banking.controller.TransactionController#getStatistics()
2025-07-01 21:48:10 - Using 'application/json', given [*/*] and supported [application/json, application/*+json]
2025-07-01 21:48:10 - Writing [{pagination={totalPages=107, page=0, total=1070, size=10}, data=[com.banking.dto.TransactionResponse (truncated)...]
2025-07-01 21:48:10 - Mapped to com.banking.controller.TransactionController#createTransaction(TransactionRequest)
2025-07-01 21:48:10 - Mapped to com.banking.controller.TransactionController#getTransactions(int, int)
2025-07-01 21:48:10 - Mapped to com.banking.controller.TransactionController#getTransactions(int, int)
2025-07-01 21:48:10 - Read "application/json;charset=UTF-8" to [com.banking.dto.TransactionRequest@6d4dc4ad]
2025-07-01 21:48:10 - Mapped to com.banking.controller.TransactionController#createTransaction(TransactionRequest)
2025-07-01 21:48:10 - Mapped to com.banking.controller.TransactionController#getStatistics()
2025-07-01 21:48:10 - Read "application/json;charset=UTF-8" to [com.banking.dto.TransactionRequest@4e081c66]
2025-07-01 21:48:10 - Mapped to com.banking.controller.TransactionController#getTransactions(int, int)
2025-07-01 21:48:10 - Mapped to com.banking.controller.TransactionController#createTransaction(TransactionRequest)
2025-07-01 21:48:10 - Using 'application/json', given [*/*] and supported [application/json, application/*+json]
2025-07-01 21:48:10 - Writing [{pagination={totalPages=108, page=0, total=1076, size=10}, data=[com.banking.dto.TransactionResponse (truncated)...]
2025-07-01 21:48:10 - Mapped to com.banking.controller.TransactionController#createTransaction(TransactionRequest)
2025-07-01 21:48:10 - Read "application/json;charset=UTF-8" to [com.banking.dto.TransactionRequest@3fec2569]
2025-07-01 21:48:10 - Mapped to com.banking.controller.TransactionController#getStatistics()
2025-07-01 21:48:10 - Mapped to com.banking.controller.TransactionController#getTransactions(int, int)
2025-07-01 21:48:10 - Read "application/json;charset=UTF-8" to [com.banking.dto.TransactionRequest@6e1d06a4]
2025-07-01 21:48:10 - Mapped to com.banking.controller.TransactionController#getTransactions(int, int)
2025-07-01 21:48:10 - Mapped to com.banking.controller.TransactionController#createTransaction(TransactionRequest)
2025-07-01 21:48:10 - Mapped to com.banking.controller.TransactionController#getTransactions(int, int)
2025-07-01 21:48:10 - Read "application/json;charset=UTF-8" to [com.banking.dto.TransactionRequest@17fcdf85]
2025-07-01 21:48:10 - Using 'application/json', given [*/*] and supported [application/json, application/*+json]
2025-07-01 21:48:10 - Writing [{data=com.banking.dto.TransactionResponse@63966319, success=true, message=交易创建成功}]
2025-07-01 21:48:10 - Mapped to com.banking.controller.TransactionController#createTransaction(TransactionRequest)
2025-07-01 21:48:10 - Using 'application/json', given [*/*] and supported [application/json, application/*+json]
2025-07-01 21:48:10 - Mapped to com.banking.controller.TransactionController#getTransactions(int, int)
2025-07-01 21:48:10 - Read "application/json;charset=UTF-8" to [com.banking.dto.TransactionRequest@360caa27]
2025-07-01 21:48:10 - Writing [{pagination={totalPages=108, page=0, total=1076, size=10}, data=[com.banking.dto.TransactionResponse (truncated)...]
2025-07-01 21:48:10 - Mapped to com.banking.controller.TransactionController#createTransaction(TransactionRequest)
2025-07-01 21:48:10 - Mapped to com.banking.controller.TransactionController#createTransaction(TransactionRequest)
2025-07-01 21:48:10 - Mapped to com.banking.controller.TransactionController#getTransactions(int, int)
2025-07-01 21:48:10 - Mapped to com.banking.controller.TransactionController#getStatistics()
2025-07-01 21:48:10 - Read "application/json;charset=UTF-8" to [com.banking.dto.TransactionRequest@3688ebf4]
2025-07-01 21:48:10 - Using 'application/json', given [*/*] and supported [application/json, application/*+json]
2025-07-01 21:48:10 - Writing [{pagination={totalPages=108, page=0, total=1077, size=10}, data=[com.banking.dto.TransactionResponse (truncated)...]
2025-07-01 21:48:10 - Mapped to com.banking.controller.TransactionController#getStatistics()
2025-07-01 21:48:10 - Read "application/json;charset=UTF-8" to [com.banking.dto.TransactionRequest@2fa3a0cf]
2025-07-01 21:48:10 - Mapped to com.banking.controller.TransactionController#createTransaction(TransactionRequest)
2025-07-01 21:48:10 - Using 'application/json', given [*/*] and supported [application/json, application/*+json]
2025-07-01 21:48:10 - Mapped to com.banking.controller.TransactionController#createTransaction(TransactionRequest)
2025-07-01 21:48:10 - Using 'application/json', given [*/*] and supported [application/json, application/*+json]
2025-07-01 21:48:10 - Writing [{data=com.banking.dto.TransactionResponse@765109ba, success=true, message=交易创建成功}]
2025-07-01 21:48:10 - Writing [{pagination={totalPages=108, page=0, total=1077, size=10}, data=[com.banking.dto.TransactionResponse (truncated)...]
2025-07-01 21:48:10 - Using 'application/json', given [*/*] and supported [application/json, application/*+json]
2025-07-01 21:48:10 - Writing [{pagination={totalPages=107, page=0, total=1070, size=10}, data=[com.banking.dto.TransactionResponse (truncated)...]
2025-07-01 21:48:10 - Mapped to com.banking.controller.TransactionController#createTransaction(TransactionRequest)
2025-07-01 21:48:10 - Read "application/json;charset=UTF-8" to [com.banking.dto.TransactionRequest@4ca798bc]
2025-07-01 21:48:10 - Using 'application/json', given [*/*] and supported [application/json, application/*+json]
2025-07-01 21:48:10 - Writing [{pagination={totalPages=107, page=0, total=1070, size=10}, data=[com.banking.dto.TransactionResponse (truncated)...]
2025-07-01 21:48:10 - Read "application/json;charset=UTF-8" to [com.banking.dto.TransactionRequest@229ff75f]
2025-07-01 21:48:10 - Read "application/json;charset=UTF-8" to [com.banking.dto.TransactionRequest@45e1df6b]
2025-07-01 21:48:10 - Mapped to com.banking.controller.TransactionController#getTransactions(int, int)
2025-07-01 21:48:10 - Mapped to com.banking.controller.TransactionController#getTransactions(int, int)
2025-07-01 21:48:10 - Mapped to com.banking.controller.TransactionController#getTransactions(int, int)
2025-07-01 21:48:10 - Mapped to com.banking.controller.TransactionController#getStatistics()
2025-07-01 21:48:10 - Mapped to com.banking.controller.TransactionController#getStatistics()
2025-07-01 21:48:10 - Mapped to com.banking.controller.TransactionController#getStatistics()
2025-07-01 21:48:10 - Using 'application/json', given [*/*] and supported [application/json, application/*+json]
2025-07-01 21:48:10 - Mapped to com.banking.controller.TransactionController#createTransaction(TransactionRequest)
2025-07-01 21:48:10 - Writing [{data=com.banking.dto.TransactionResponse@524fbbaa, success=true, message=交易创建成功}]
2025-07-01 21:48:10 - Mapped to com.banking.controller.TransactionController#createTransaction(TransactionRequest)
2025-07-01 21:48:10 - Read "application/json;charset=UTF-8" to [com.banking.dto.TransactionRequest@4a5db730]
2025-07-01 21:48:10 - Mapped to com.banking.controller.TransactionController#getTransactions(int, int)
2025-07-01 21:48:10 - Mapped to com.banking.controller.TransactionController#createTransaction(TransactionRequest)
2025-07-01 21:48:10 - Mapped to com.banking.controller.TransactionController#getTransactions(int, int)
2025-07-01 21:48:10 - Using 'application/json', given [*/*] and supported [application/json, application/*+json]
2025-07-01 21:48:10 - Using 'application/json', given [*/*] and supported [application/json, application/*+json]
2025-07-01 21:48:10 - Writing [{data=com.banking.dto.TransactionResponse@2f6607cd, success=true, message=交易创建成功}]
2025-07-01 21:48:10 - Writing [{pagination={totalPages=108, page=0, total=1077, size=10}, data=[com.banking.dto.TransactionResponse (truncated)...]
2025-07-01 21:48:10 - Using 'application/json', given [*/*] and supported [application/json, application/*+json]
2025-07-01 21:48:10 - Mapped to com.banking.controller.TransactionController#getTransactions(int, int)
2025-07-01 21:48:10 - Writing [{pagination={totalPages=108, page=0, total=1076, size=10}, data=[com.banking.dto.TransactionResponse (truncated)...]
2025-07-01 21:48:10 - Mapped to com.banking.controller.TransactionController#createTransaction(TransactionRequest)
2025-07-01 21:48:10 - Read "application/json;charset=UTF-8" to [com.banking.dto.TransactionRequest@538e3569]
2025-07-01 21:48:10 - Mapped to com.banking.controller.TransactionController#getTransactions(int, int)
2025-07-01 21:48:10 - Read "application/json;charset=UTF-8" to [com.banking.dto.TransactionRequest@66275a25]
2025-07-01 21:48:10 - Mapped to com.banking.controller.TransactionController#createTransaction(TransactionRequest)
2025-07-01 21:48:10 - Read "application/json;charset=UTF-8" to [com.banking.dto.TransactionRequest@187ee176]
2025-07-01 21:48:10 - Mapped to com.banking.controller.TransactionController#getStatistics()
2025-07-01 21:48:10 - Mapped to com.banking.controller.TransactionController#getTransactions(int, int)
2025-07-01 21:48:10 - Read "application/json;charset=UTF-8" to [com.banking.dto.TransactionRequest@6892344d]
2025-07-01 21:48:10 - Mapped to com.banking.controller.TransactionController#getTransactions(int, int)
2025-07-01 21:48:10 - Using 'application/json', given [*/*] and supported [application/json, application/*+json]
2025-07-01 21:48:10 - Writing [{pagination={totalPages=108, page=0, total=1077, size=10}, data=[com.banking.dto.TransactionResponse (truncated)...]
2025-07-01 21:48:10 - Using 'application/json', given [*/*] and supported [application/json, application/*+json]
2025-07-01 21:48:10 - Writing [{data=com.banking.dto.TransactionResponse@2ef53d70, success=true, message=交易创建成功}]
2025-07-01 21:48:11 - Mapped to com.banking.controller.TransactionController#getTransactions(int, int)
2025-07-01 21:48:11 - Mapped to com.banking.controller.TransactionController#createTransaction(TransactionRequest)
2025-07-01 21:48:11 - Mapped to com.banking.controller.TransactionController#getTransactions(int, int)
2025-07-01 21:48:11 - Mapped to com.banking.controller.TransactionController#getStatistics()
2025-07-01 21:48:11 - Read "application/json;charset=UTF-8" to [com.banking.dto.TransactionRequest@44548e34]
2025-07-01 21:48:11 - Using 'application/json', given [*/*] and supported [application/json, application/*+json]
2025-07-01 21:48:11 - Mapped to com.banking.controller.TransactionController#createTransaction(TransactionRequest)
2025-07-01 21:48:11 - Writing [{data=com.banking.dto.TransactionResponse@73c7d267, success=true, message=交易创建成功}]
2025-07-01 21:48:11 - Using 'application/json', given [*/*] and supported [application/json, application/*+json]
2025-07-01 21:48:11 - Writing [{data=com.banking.dto.TransactionResponse@16c474b3, success=true, message=交易创建成功}]
2025-07-01 21:48:11 - Read "application/json;charset=UTF-8" to [com.banking.dto.TransactionRequest@655bceb5]
2025-07-01 21:48:11 - Mapped to com.banking.controller.TransactionController#getTransactions(int, int)
2025-07-01 21:48:11 - Mapped to com.banking.controller.TransactionController#getStatistics()
2025-07-01 21:48:11 - Mapped to com.banking.controller.TransactionController#getTransactions(int, int)
2025-07-01 21:48:11 - Mapped to com.banking.controller.TransactionController#getTransactions(int, int)
2025-07-01 21:48:11 - Using 'application/json', given [*/*] and supported [application/json, application/*+json]
2025-07-01 21:48:11 - Writing [{pagination={totalPages=108, page=0, total=1077, size=10}, data=[com.banking.dto.TransactionResponse (truncated)...]
2025-07-01 21:48:11 - Using 'application/json', given [*/*] and supported [application/json, application/*+json]
2025-07-01 21:48:11 - Writing [{data=com.banking.dto.TransactionResponse@4d5de6f2, success=true, message=交易创建成功}]
2025-07-01 21:48:11 - Using 'application/json', given [*/*] and supported [application/json, application/*+json]
2025-07-01 21:48:11 - Mapped to com.banking.controller.TransactionController#createTransaction(TransactionRequest)
2025-07-01 21:48:11 - Mapped to com.banking.controller.TransactionController#getTransactions(int, int)
2025-07-01 21:48:11 - Read "application/json;charset=UTF-8" to [com.banking.dto.TransactionRequest@138897ab]
2025-07-01 21:48:11 - Mapped to com.banking.controller.TransactionController#getTransactions(int, int)
2025-07-01 21:48:11 - Using 'application/json', given [*/*] and supported [application/json, application/*+json]
2025-07-01 21:48:11 - Writing [{data=com.banking.dto.TransactionResponse@29f8f7a8, success=true, message=交易创建成功}]
2025-07-01 21:48:11 - Mapped to com.banking.controller.TransactionController#getTransactions(int, int)
2025-07-01 21:48:11 - Writing [{pagination={totalPages=108, page=0, total=1078, size=10}, data=[com.banking.dto.TransactionResponse (truncated)...]
2025-07-01 21:48:11 - Mapped to com.banking.controller.TransactionController#getTransactions(int, int)
2025-07-01 21:48:11 - Mapped to com.banking.controller.TransactionController#getTransactions(int, int)
2025-07-01 21:48:11 - Using 'application/json', given [*/*] and supported [application/json, application/*+json]
2025-07-01 21:48:11 - Writing [{data=com.banking.dto.TransactionResponse@674adbfe, success=true, message=交易创建成功}]
2025-07-01 21:48:11 - Mapped to com.banking.controller.TransactionController#getStatistics()
2025-07-01 21:48:11 - Using 'application/json', given [*/*] and supported [application/json, application/*+json]
2025-07-01 21:48:11 - Writing [{pagination={totalPages=108, page=0, total=1079, size=10}, data=[com.banking.dto.TransactionResponse (truncated)...]
2025-07-01 21:48:11 - Mapped to com.banking.controller.TransactionController#getTransactions(int, int)
2025-07-01 21:48:11 - Mapped to com.banking.controller.TransactionController#getTransactions(int, int)
2025-07-01 21:48:11 - Mapped to com.banking.controller.TransactionController#getStatistics()
2025-07-01 21:48:11 - Mapped to com.banking.controller.TransactionController#getStatistics()
2025-07-01 21:48:11 - Using 'application/json', given [*/*] and supported [application/json, application/*+json]
2025-07-01 21:48:11 - Writing [{data={totalTransactions=1087, transactionTypes=[Lcom.banking.model.TransactionType;@1ca72dde}, succ (truncated)...]
2025-07-01 21:48:11 - Mapped to com.banking.controller.TransactionController#getTransactions(int, int)
2025-07-01 21:48:11 - Mapped to com.banking.controller.TransactionController#getTransactionsByType(TransactionType)
2025-07-01 21:48:11 - Mapped to com.banking.controller.TransactionController#createTransaction(TransactionRequest)
2025-07-01 21:48:11 - Using 'application/json', given [*/*] and supported [application/json, application/*+json]
2025-07-01 21:48:11 - Writing [{pagination={totalPages=109, page=0, total=1082, size=10}, data=[com.banking.dto.TransactionResponse (truncated)...]
2025-07-01 21:48:11 - Using 'application/json', given [*/*] and supported [application/json, application/*+json]
2025-07-01 21:48:11 - Writing [{data=com.banking.dto.TransactionResponse@6aed8101, success=true, message=交易创建成功}]
2025-07-01 21:48:11 - Read "application/json;charset=UTF-8" to [com.banking.dto.TransactionRequest@15ff9133]
2025-07-01 21:48:11 - Mapped to com.banking.controller.TransactionController#getStatistics()
2025-07-01 21:48:11 - Using 'application/json', given [*/*] and supported [application/json, application/*+json]
2025-07-01 21:48:11 - Using 'application/json', given [*/*] and supported [application/json, application/*+json]
2025-07-01 21:48:11 - Mapped to com.banking.controller.TransactionController#getTransactions(int, int)
2025-07-01 21:48:11 - Writing [{pagination={totalPages=109, page=0, total=1081, size=10}, data=[com.banking.dto.TransactionResponse (truncated)...]
2025-07-01 21:48:11 - Using 'application/json', given [*/*] and supported [application/json, application/*+json]
2025-07-01 21:48:11 - Writing [{pagination={totalPages=108, page=0, total=1079, size=10}, data=[com.banking.dto.TransactionResponse (truncated)...]
2025-07-01 21:48:11 - Writing [{pagination={totalPages=109, page=0, total=1085, size=10}, data=[com.banking.dto.TransactionResponse (truncated)...]
2025-07-01 21:48:11 - Using 'application/json', given [*/*] and supported [application/json, application/*+json]
2025-07-01 21:48:11 - Writing [{data={totalTransactions=1088, transactionTypes=[Lcom.banking.model.TransactionType;@1a3b8d0e}, succ (truncated)...]
2025-07-01 21:48:11 - Mapped to com.banking.controller.TransactionController#getTransactions(int, int)
2025-07-01 21:48:11 - Mapped to com.banking.controller.TransactionController#getTransactionsByType(TransactionType)
2025-07-01 21:48:11 - Mapped to com.banking.controller.TransactionController#getStatistics()
2025-07-01 21:48:11 - Using 'application/json', given [*/*] and supported [application/json, application/*+json]
2025-07-01 21:48:11 - Using 'application/json', given [*/*] and supported [application/json, application/*+json]
2025-07-01 21:48:11 - Writing [{pagination={totalPages=109, page=0, total=1087, size=10}, data=[com.banking.dto.TransactionResponse (truncated)...]
2025-07-01 21:48:11 - Writing [{data=com.banking.dto.TransactionResponse@6f33b2ee, success=true, message=交易创建成功}]
2025-07-01 21:48:11 - Using 'application/json', given [*/*] and supported [application/json, application/*+json]
2025-07-01 21:48:11 - Writing [{data=com.banking.dto.TransactionResponse@2efcfc2d, success=true, message=交易创建成功}]
2025-07-01 21:48:11 - Mapped to com.banking.controller.TransactionController#createTransaction(TransactionRequest)
2025-07-01 21:48:11 - Read "application/json;charset=UTF-8" to [com.banking.dto.TransactionRequest@5d2a2f84]
2025-07-01 21:48:11 - Mapped to com.banking.controller.TransactionController#getTransactions(int, int)
2025-07-01 21:48:11 - Mapped to com.banking.controller.TransactionController#getStatistics()
2025-07-01 21:48:11 - Using 'application/json', given [*/*] and supported [application/json, application/*+json]
2025-07-01 21:48:11 - Mapped to com.banking.controller.TransactionController#getTransactions(int, int)
2025-07-01 21:48:11 - Using 'application/json', given [*/*] and supported [application/json, application/*+json]
2025-07-01 21:48:11 - Writing [{pagination={totalPages=109, page=0, total=1086, size=10}, data=[com.banking.dto.TransactionResponse (truncated)...]
2025-07-01 21:48:11 - Using 'application/json', given [*/*] and supported [application/json, application/*+json]
2025-07-01 21:48:11 - Mapped to com.banking.controller.TransactionController#getTransactions(int, int)
2025-07-01 21:48:11 - Writing [{pagination={totalPages=108, page=0, total=1079, size=10}, data=[com.banking.dto.TransactionResponse (truncated)...]
2025-07-01 21:48:11 - Writing [{data=com.banking.dto.TransactionResponse@9265163, success=true, message=交易创建成功}]
2025-07-01 21:48:11 - Mapped to com.banking.controller.TransactionController#createTransaction(TransactionRequest)
2025-07-01 21:48:11 - Read "application/json;charset=UTF-8" to [com.banking.dto.TransactionRequest@67f10f94]
2025-07-01 21:48:11 - Using 'application/json', given [*/*] and supported [application/json, application/*+json]
2025-07-01 21:48:11 - Writing [{pagination={totalPages=109, page=0, total=1087, size=10}, data=[com.banking.dto.TransactionResponse (truncated)...]
2025-07-01 21:48:11 - Using 'application/json', given [*/*] and supported [application/json, application/*+json]
2025-07-01 21:48:11 - Writing [{pagination={totalPages=109, page=0, total=1086, size=10}, data=[com.banking.dto.TransactionResponse (truncated)...]
2025-07-01 21:48:11 - Mapped to com.banking.controller.TransactionController#getStatistics()
2025-07-01 21:48:11 - Mapped to com.banking.controller.TransactionController#getStatistics()
2025-07-01 21:48:11 - Mapped to com.banking.controller.TransactionController#getTransactions(int, int)
2025-07-01 21:48:11 - Mapped to com.banking.controller.TransactionController#getTransactions(int, int)
2025-07-01 21:48:11 - Mapped to com.banking.controller.TransactionController#getStatistics()
2025-07-01 21:48:11 - Mapped to com.banking.controller.TransactionController#getStatistics()
2025-07-01 21:48:11 - Mapped to com.banking.controller.TransactionController#getStatistics()
2025-07-01 21:48:11 - Mapped to com.banking.controller.TransactionController#createTransaction(TransactionRequest)
2025-07-01 21:48:11 - Mapped to com.banking.controller.TransactionController#getStatistics()
2025-07-01 21:48:11 - Using 'application/json', given [*/*] and supported [application/json, application/*+json]
2025-07-01 21:48:11 - Read "application/json;charset=UTF-8" to [com.banking.dto.TransactionRequest@2908b4ea]
2025-07-01 21:48:11 - Writing [{data=com.banking.dto.TransactionResponse@223a0619, success=true, message=交易创建成功}]
2025-07-01 21:48:11 - Using 'application/json', given [*/*] and supported [application/json, application/*+json]
2025-07-01 21:48:11 - Writing [{data={totalTransactions=1091, transactionTypes=[Lcom.banking.model.TransactionType;@167439a4}, succ (truncated)...]
2025-07-01 21:48:11 - Using 'application/json', given [*/*] and supported [application/json, application/*+json]
2025-07-01 21:48:11 - Writing [{data=com.banking.dto.TransactionResponse@723efa28, success=true, message=交易创建成功}]
2025-07-01 21:48:11 - Mapped to com.banking.controller.TransactionController#getTransactions(int, int)
2025-07-01 21:48:11 - Using 'application/json', given [*/*] and supported [application/json, application/*+json]
2025-07-01 21:48:11 - Using 'application/json', given [*/*] and supported [application/json, application/*+json]
2025-07-01 21:48:11 - Mapped to com.banking.controller.TransactionController#getTransactions(int, int)
2025-07-01 21:48:11 - Writing [{data={totalTransactions=1095, transactionTypes=[Lcom.banking.model.TransactionType;@2dfbd413}, succ (truncated)...]
2025-07-01 21:48:11 - Mapped to com.banking.controller.TransactionController#getTransactions(int, int)
2025-07-01 21:48:11 - Writing [{data=com.banking.dto.TransactionResponse@5a3fdb2a, success=true, message=交易创建成功}]
2025-07-01 21:48:11 - Mapped to com.banking.controller.TransactionController#getTransactionsByType(TransactionType)
2025-07-01 21:48:11 - Using 'application/json', given [*/*] and supported [application/json, application/*+json]
2025-07-01 21:48:11 - Writing [{pagination={totalPages=109, page=0, total=1088, size=10}, data=[com.banking.dto.TransactionResponse (truncated)...]
2025-07-01 21:48:11 - Mapped to com.banking.controller.TransactionController#getTransactionsByType(TransactionType)
2025-07-01 21:48:11 - Using 'application/json', given [*/*] and supported [application/json, application/*+json]
2025-07-01 21:48:11 - Writing [{data=com.banking.dto.TransactionResponse@7e2404d5, success=true, message=交易创建成功}]
2025-07-01 21:48:11 - Mapped to com.banking.controller.TransactionController#getTransactions(int, int)
2025-07-01 21:48:11 - Mapped to com.banking.controller.TransactionController#getStatistics()
2025-07-01 21:48:11 - Mapped to com.banking.controller.TransactionController#getTransactions(int, int)
2025-07-01 21:48:11 - Mapped to com.banking.controller.TransactionController#createTransaction(TransactionRequest)
2025-07-01 21:48:11 - Read "application/json;charset=UTF-8" to [com.banking.dto.TransactionRequest@387fd7b7]
2025-07-01 21:48:11 - Mapped to com.banking.controller.TransactionController#getTransactions(int, int)
2025-07-01 21:48:11 - Using 'application/json', given [*/*] and supported [application/json, application/*+json]
2025-07-01 21:48:11 - Writing [{pagination={totalPages=110, page=0, total=1091, size=10}, data=[com.banking.dto.TransactionResponse (truncated)...]
2025-07-01 21:48:11 - Using 'application/json', given [*/*] and supported [application/json, application/*+json]
2025-07-01 21:48:11 - Writing [{data=com.banking.dto.TransactionResponse@569890c9, success=true, message=交易创建成功}]
2025-07-01 21:48:11 - Mapped to com.banking.controller.TransactionController#getStatistics()
2025-07-01 21:48:11 - Mapped to com.banking.controller.TransactionController#getTransactions(int, int)
2025-07-01 21:48:11 - Using 'application/json', given [*/*] and supported [application/json, application/*+json]
2025-07-01 21:48:11 - Writing [{pagination={totalPages=110, page=0, total=1091, size=10}, data=[com.banking.dto.TransactionResponse (truncated)...]
2025-07-01 21:48:11 - Mapped to com.banking.controller.TransactionController#getStatistics()
2025-07-01 21:48:11 - Using 'application/json', given [*/*] and supported [application/json, application/*+json]
2025-07-01 21:48:11 - Writing [{pagination={totalPages=110, page=0, total=1091, size=10}, data=[com.banking.dto.TransactionResponse (truncated)...]
2025-07-01 21:48:11 - Using 'application/json', given [*/*] and supported [application/json, application/*+json]
2025-07-01 21:48:11 - Writing [{data={totalTransactions=1096, transactionTypes=[Lcom.banking.model.TransactionType;@9786d8b}, succe (truncated)...]
2025-07-01 21:48:11 - Using 'application/json', given [*/*] and supported [application/json, application/*+json]
2025-07-01 21:48:11 - Writing [{pagination={totalPages=110, page=0, total=1091, size=10}, data=[com.banking.dto.TransactionResponse (truncated)...]
2025-07-01 21:48:11 - Mapped to com.banking.controller.TransactionController#getStatistics()
2025-07-01 21:48:11 - Mapped to com.banking.controller.TransactionController#getTransactionsByType(TransactionType)
2025-07-01 21:48:11 - Mapped to com.banking.controller.TransactionController#getStatistics()
2025-07-01 21:48:11 - Using 'application/json', given [*/*] and supported [application/json, application/*+json]
2025-07-01 21:48:11 - Using 'application/json', given [*/*] and supported [application/json, application/*+json]
2025-07-01 21:48:11 - Writing [{data=com.banking.dto.TransactionResponse@72a66233, success=true, message=交易创建成功}]
2025-07-01 21:48:11 - Writing [{data=com.banking.dto.TransactionResponse@7b60b5b1, success=true, message=交易创建成功}]
2025-07-01 21:48:11 - Using 'application/json', given [*/*] and supported [application/json, application/*+json]
2025-07-01 21:48:11 - Writing [{pagination={totalPages=110, page=0, total=1095, size=10}, data=[com.banking.dto.TransactionResponse (truncated)...]
2025-07-01 21:48:11 - Using 'application/json', given [*/*] and supported [application/json, application/*+json]
2025-07-01 21:48:11 - Writing [{pagination={totalPages=110, page=0, total=1095, size=10}, data=[com.banking.dto.TransactionResponse (truncated)...]
2025-07-01 21:48:11 - Mapped to com.banking.controller.TransactionController#getTransactions(int, int)
2025-07-01 21:48:11 - Using 'application/json', given [*/*] and supported [application/json, application/*+json]
2025-07-01 21:48:11 - Writing [{pagination={totalPages=110, page=0, total=1095, size=10}, data=[com.banking.dto.TransactionResponse (truncated)...]
2025-07-01 21:48:11 - Mapped to com.banking.controller.TransactionController#getTransactions(int, int)
2025-07-01 21:48:11 - Using 'application/json', given [*/*] and supported [application/json, application/*+json]
2025-07-01 21:48:11 - Mapped to com.banking.controller.TransactionController#getStatistics()
2025-07-01 21:48:11 - Mapped to com.banking.controller.TransactionController#getStatistics()
2025-07-01 21:48:11 - Writing [{pagination={totalPages=110, page=0, total=1095, size=10}, data=[com.banking.dto.TransactionResponse (truncated)...]
2025-07-01 21:48:11 - Using 'application/json', given [*/*] and supported [application/json, application/*+json]
2025-07-01 21:48:11 - Writing [{pagination={totalPages=110, page=0, total=1096, size=10}, data=[com.banking.dto.TransactionResponse (truncated)...]
2025-07-01 21:48:11 - Mapped to com.banking.controller.TransactionController#getStatistics()
2025-07-01 21:48:11 - Using 'application/json', given [*/*] and supported [application/json, application/*+json]
2025-07-01 21:48:11 - Writing [{data={totalTransactions=1098, transactionTypes=[Lcom.banking.model.TransactionType;@679e5ceb}, succ (truncated)...]
2025-07-01 21:48:11 - Mapped to com.banking.controller.TransactionController#getStatistics()
2025-07-01 21:48:11 - Using 'application/json', given [*/*] and supported [application/json, application/*+json]
2025-07-01 21:48:11 - Writing [{data={totalTransactions=1098, transactionTypes=[Lcom.banking.model.TransactionType;@e751010}, succe (truncated)...]
2025-07-01 21:48:11 - Using 'application/json', given [*/*] and supported [application/json, application/*+json]
2025-07-01 21:48:11 - Writing [{pagination={totalPages=110, page=0, total=1096, size=10}, data=[com.banking.dto.TransactionResponse (truncated)...]
2025-07-01 21:48:11 - Using 'application/json', given [*/*] and supported [application/json, application/*+json]
2025-07-01 21:48:11 - Mapped to com.banking.controller.TransactionController#getTransactionsByType(TransactionType)
2025-07-01 21:48:11 - Writing [{data=com.banking.dto.TransactionResponse@75def54e, success=true, message=交易创建成功}]
2025-07-01 21:48:11 - Using 'application/json', given [*/*] and supported [application/json, application/*+json]
2025-07-01 21:48:11 - Writing [{data=com.banking.dto.TransactionResponse@547d1fa2, success=true, message=交易创建成功}]
2025-07-01 21:48:11 - Using 'application/json', given [*/*] and supported [application/json, application/*+json]
2025-07-01 21:48:11 - Writing [{data={totalTransactions=1099, transactionTypes=[Lcom.banking.model.TransactionType;@4af66877}, succ (truncated)...]
2025-07-01 21:48:11 - Mapped to com.banking.controller.TransactionController#getStatistics()
2025-07-01 21:48:11 - Mapped to com.banking.controller.TransactionController#getTransactions(int, int)
2025-07-01 21:48:11 - Mapped to com.banking.controller.TransactionController#getTransactions(int, int)
2025-07-01 21:48:11 - Mapped to com.banking.controller.TransactionController#getTransactionsByType(TransactionType)
2025-07-01 21:48:11 - Using 'application/json', given [*/*] and supported [application/json, application/*+json]
2025-07-01 21:48:11 - Writing [{pagination={totalPages=110, page=0, total=1096, size=10}, data=[com.banking.dto.TransactionResponse (truncated)...]
2025-07-01 21:48:11 - Using 'application/json', given [*/*] and supported [application/json, application/*+json]
2025-07-01 21:48:11 - Writing [{pagination={totalPages=110, page=0, total=1098, size=10}, data=[com.banking.dto.TransactionResponse (truncated)...]
2025-07-01 21:48:11 - Mapped to com.banking.controller.TransactionController#getStatistics()
2025-07-01 21:48:11 - Mapped to com.banking.controller.TransactionController#getStatistics()
2025-07-01 21:48:11 - Mapped to com.banking.controller.TransactionController#getTransactionsByType(TransactionType)
2025-07-01 21:48:11 - Using 'application/json', given [*/*] and supported [application/json, application/*+json]
2025-07-01 21:48:11 - Writing [{data=com.banking.dto.TransactionResponse@5be9447d, success=true, message=交易创建成功}]
2025-07-01 21:48:11 - Using 'application/json', given [*/*] and supported [application/json, application/*+json]
2025-07-01 21:48:11 - Writing [{data={totalTransactions=1100, transactionTypes=[Lcom.banking.model.TransactionType;@417bc35}, succe (truncated)...]
2025-07-01 21:48:11 - Mapped to com.banking.controller.TransactionController#getTransactions(int, int)
2025-07-01 21:48:11 - Mapped to com.banking.controller.TransactionController#getTransactionsByType(TransactionType)
2025-07-01 21:48:11 - Using 'application/json', given [*/*] and supported [application/json, application/*+json]
2025-07-01 21:48:11 - Writing [{pagination={totalPages=110, page=0, total=1098, size=10}, data=[com.banking.dto.TransactionResponse (truncated)...]
2025-07-01 21:48:11 - Using 'application/json', given [*/*] and supported [application/json, application/*+json]
2025-07-01 21:48:11 - Writing [{pagination={totalPages=110, page=0, total=1098, size=10}, data=[com.banking.dto.TransactionResponse (truncated)...]
2025-07-01 21:48:11 - Using 'application/json', given [*/*] and supported [application/json, application/*+json]
2025-07-01 21:48:11 - Writing [{data={totalTransactions=1101, transactionTypes=[Lcom.banking.model.TransactionType;@4c03ece3}, succ (truncated)...]
2025-07-01 21:48:11 - Mapped to com.banking.controller.TransactionController#getStatistics()
2025-07-01 21:48:11 - Using 'application/json', given [*/*] and supported [application/json, application/*+json]
2025-07-01 21:48:11 - Writing [{pagination={totalPages=110, page=0, total=1100, size=10}, data=[com.banking.dto.TransactionResponse (truncated)...]
2025-07-01 21:48:11 - Mapped to com.banking.controller.TransactionController#getStatistics()
2025-07-01 21:48:11 - Using 'application/json', given [*/*] and supported [application/json, application/*+json]
2025-07-01 21:48:11 - Writing [{data={totalTransactions=1101, transactionTypes=[Lcom.banking.model.TransactionType;@4e2dc551}, succ (truncated)...]
2025-07-01 21:48:11 - Using 'application/json', given [*/*] and supported [application/json, application/*+json]
2025-07-01 21:48:11 - Writing [{data={totalTransactions=1101, transactionTypes=[Lcom.banking.model.TransactionType;@27c3e0bb}, succ (truncated)...]
2025-07-01 21:48:11 - Mapped to com.banking.controller.TransactionController#getTransactionsByType(TransactionType)
2025-07-01 21:48:11 - Mapped to com.banking.controller.TransactionController#getStatistics()
2025-07-01 21:48:11 - Mapped to com.banking.controller.TransactionController#getTransactionsByType(TransactionType)
2025-07-01 21:48:11 - Mapped to com.banking.controller.TransactionController#getTransactionsByType(TransactionType)
2025-07-01 21:48:11 - Using 'application/json', given [*/*] and supported [application/json, application/*+json]
2025-07-01 21:48:11 - Using 'application/json', given [*/*] and supported [application/json, application/*+json]
2025-07-01 21:48:11 - Writing [{data={totalTransactions=1101, transactionTypes=[Lcom.banking.model.TransactionType;@71b34fe4}, succ (truncated)...]
2025-07-01 21:48:11 - Writing [{data=com.banking.dto.TransactionResponse@7ecdfd55, success=true, message=交易创建成功}]
2025-07-01 21:48:11 - Mapped to com.banking.controller.TransactionController#getTransactionsByType(TransactionType)
2025-07-01 21:48:11 - Mapped to com.banking.controller.TransactionController#getTransactions(int, int)
2025-07-01 21:48:11 - Using 'application/json', given [*/*] and supported [application/json, application/*+json]
2025-07-01 21:48:11 - Writing [{pagination={totalPages=110, page=0, total=1100, size=10}, data=[com.banking.dto.TransactionResponse (truncated)...]
2025-07-01 21:48:11 - Using 'application/json', given [*/*] and supported [application/json, application/*+json]
2025-07-01 21:48:11 - Writing [{pagination={totalPages=110, page=0, total=1099, size=10}, data=[com.banking.dto.TransactionResponse (truncated)...]
2025-07-01 21:48:11 - Using 'application/json', given [*/*] and supported [application/json, application/*+json]
2025-07-01 21:48:11 - Writing [{pagination={totalPages=110, page=0, total=1100, size=10}, data=[com.banking.dto.TransactionResponse (truncated)...]
2025-07-01 21:48:11 - Mapped to com.banking.controller.TransactionController#getStatistics()
2025-07-01 21:48:11 - Using 'application/json', given [*/*] and supported [application/json, application/*+json]
2025-07-01 21:48:11 - Mapped to com.banking.controller.TransactionController#getStatistics()
2025-07-01 21:48:11 - Mapped to com.banking.controller.TransactionController#getStatistics()
2025-07-01 21:48:11 - Writing [{pagination={totalPages=111, page=0, total=1101, size=10}, data=[com.banking.dto.TransactionResponse (truncated)...]
2025-07-01 21:48:11 - Using 'application/json', given [*/*] and supported [application/json, application/*+json]
2025-07-01 21:48:11 - Writing [{data=com.banking.dto.TransactionResponse@295e7988, success=true, message=交易创建成功}]
2025-07-01 21:48:11 - Mapped to com.banking.controller.TransactionController#getStatistics()
2025-07-01 21:48:11 - Using 'application/json', given [*/*] and supported [application/json, application/*+json]
2025-07-01 21:48:11 - Writing [{data={totalTransactions=1103, transactionTypes=[Lcom.banking.model.TransactionType;@4e816a77}, succ (truncated)...]
2025-07-01 21:48:11 - Mapped to com.banking.controller.TransactionController#getTransactions(int, int)
2025-07-01 21:48:11 - Using 'application/json', given [*/*] and supported [application/json, application/*+json]
2025-07-01 21:48:11 - Writing [{data=com.banking.dto.TransactionResponse@62da6646, success=true, message=交易创建成功}]
2025-07-01 21:48:11 - Mapped to com.banking.controller.TransactionController#getTransactionsByType(TransactionType)
2025-07-01 21:48:11 - Mapped to com.banking.controller.TransactionController#getStatistics()
2025-07-01 21:48:11 - Using 'application/json', given [*/*] and supported [application/json, application/*+json]
2025-07-01 21:48:11 - Using 'application/json', given [*/*] and supported [application/json, application/*+json]
2025-07-01 21:48:11 - Writing [{data=com.banking.dto.TransactionResponse@64b79d4f, success=true, message=交易创建成功}]
2025-07-01 21:48:11 - Writing [{pagination={totalPages=111, page=0, total=1102, size=10}, data=[com.banking.dto.TransactionResponse (truncated)...]
2025-07-01 21:48:11 - Mapped to com.banking.controller.TransactionController#getTransactions(int, int)
2025-07-01 21:48:11 - Using 'application/json', given [*/*] and supported [application/json, application/*+json]
2025-07-01 21:48:11 - Writing [{data={totalTransactions=1105, transactionTypes=[Lcom.banking.model.TransactionType;@38354c5b}, succ (truncated)...]
2025-07-01 21:48:11 - Mapped to com.banking.controller.TransactionController#getTransactionsByType(TransactionType)
2025-07-01 21:48:11 - Mapped to com.banking.controller.TransactionController#getStatistics()
2025-07-01 21:48:11 - Mapped to com.banking.controller.TransactionController#getTransactions(int, int)
2025-07-01 21:48:11 - Using 'application/json', given [*/*] and supported [application/json, application/*+json]
2025-07-01 21:48:11 - Writing [{data=com.banking.dto.TransactionResponse@2086c61, success=true, message=交易创建成功}]
2025-07-01 21:48:11 - Using 'application/json', given [*/*] and supported [application/json, application/*+json]
2025-07-01 21:48:11 - Using 'application/json', given [*/*] and supported [application/json, application/*+json]
2025-07-01 21:48:11 - Writing [{pagination={totalPages=111, page=0, total=1101, size=10}, data=[com.banking.dto.TransactionResponse (truncated)...]
2025-07-01 21:48:11 - Writing [{data=com.banking.dto.TransactionResponse@37c29364, success=true, message=交易创建成功}]
2025-07-01 21:48:11 - Mapped to com.banking.controller.TransactionController#getTransactions(int, int)
2025-07-01 21:48:11 - Mapped to com.banking.controller.TransactionController#getTransactions(int, int)
2025-07-01 21:48:11 - Mapped to com.banking.controller.TransactionController#getStatistics()
2025-07-01 21:48:11 - Using 'application/json', given [*/*] and supported [application/json, application/*+json]
2025-07-01 21:48:11 - Writing [{data={totalTransactions=1107, transactionTypes=[Lcom.banking.model.TransactionType;@781558cd}, succ (truncated)...]
2025-07-01 21:48:11 - Using 'application/json', given [*/*] and supported [application/json, application/*+json]
2025-07-01 21:48:11 - Using 'application/json', given [*/*] and supported [application/json, application/*+json]
2025-07-01 21:48:11 - Writing [{pagination={totalPages=111, page=0, total=1103, size=10}, data=[com.banking.dto.TransactionResponse (truncated)...]
2025-07-01 21:48:11 - Writing [{pagination={totalPages=111, page=0, total=1104, size=10}, data=[com.banking.dto.TransactionResponse (truncated)...]
2025-07-01 21:48:11 - Using 'application/json', given [*/*] and supported [application/json, application/*+json]
2025-07-01 21:48:11 - Using 'application/json', given [*/*] and supported [application/json, application/*+json]
2025-07-01 21:48:11 - Writing [{pagination={totalPages=111, page=0, total=1104, size=10}, data=[com.banking.dto.TransactionResponse (truncated)...]
2025-07-01 21:48:11 - Writing [{data=com.banking.dto.TransactionResponse@4d1d3e70, success=true, message=交易创建成功}]
2025-07-01 21:48:11 - Mapped to com.banking.controller.TransactionController#getTransactionsByType(TransactionType)
2025-07-01 21:48:11 - Mapped to com.banking.controller.TransactionController#getStatistics()
2025-07-01 21:48:11 - Mapped to com.banking.controller.TransactionController#getTransactions(int, int)
2025-07-01 21:48:11 - Mapped to com.banking.controller.TransactionController#getStatistics()
2025-07-01 21:48:11 - Using 'application/json', given [*/*] and supported [application/json, application/*+json]
2025-07-01 21:48:11 - Writing [{data={totalTransactions=1108, transactionTypes=[Lcom.banking.model.TransactionType;@62082376}, succ (truncated)...]
2025-07-01 21:48:11 - Mapped to com.banking.controller.TransactionController#getStatistics()
2025-07-01 21:48:11 - Mapped to com.banking.controller.TransactionController#getTransactionsByType(TransactionType)
2025-07-01 21:48:11 - Using 'application/json', given [*/*] and supported [application/json, application/*+json]
2025-07-01 21:48:11 - Using 'application/json', given [*/*] and supported [application/json, application/*+json]
2025-07-01 21:48:11 - Writing [{pagination={totalPages=111, page=0, total=1105, size=10}, data=[com.banking.dto.TransactionResponse (truncated)...]
2025-07-01 21:48:11 - Writing [{data={totalTransactions=1108, transactionTypes=[Lcom.banking.model.TransactionType;@61b2d598}, succ (truncated)...]
2025-07-01 21:48:11 - Mapped to com.banking.controller.TransactionController#getStatistics()
2025-07-01 21:48:11 - Mapped to com.banking.controller.TransactionController#getTransactionsByType(TransactionType)
2025-07-01 21:48:11 - Using 'application/json', given [*/*] and supported [application/json, application/*+json]
2025-07-01 21:48:11 - Writing [{data=[com.banking.dto.TransactionResponse@3d2823ad, com.banking.dto.TransactionResponse@21bdd4d1, c (truncated)...]
2025-07-01 21:48:11 - Using 'application/json', given [*/*] and supported [application/json, application/*+json]
2025-07-01 21:48:11 - Writing [{pagination={totalPages=111, page=0, total=1108, size=10}, data=[com.banking.dto.TransactionResponse (truncated)...]
2025-07-01 21:48:11 - Using 'application/json', given [*/*] and supported [application/json, application/*+json]
2025-07-01 21:48:11 - Using 'application/json', given [*/*] and supported [application/json, application/*+json]
2025-07-01 21:48:11 - Writing [{pagination={totalPages=111, page=0, total=1108, size=10}, data=[com.banking.dto.TransactionResponse (truncated)...]
2025-07-01 21:48:11 - Writing [{pagination={totalPages=111, page=0, total=1107, size=10}, data=[com.banking.dto.TransactionResponse (truncated)...]
2025-07-01 21:48:11 - Using 'application/json', given [*/*] and supported [application/json, application/*+json]
2025-07-01 21:48:11 - Mapped to com.banking.controller.TransactionController#getStatistics()
2025-07-01 21:48:11 - Using 'application/json', given [*/*] and supported [application/json, application/*+json]
2025-07-01 21:48:11 - Writing [{pagination={totalPages=111, page=0, total=1108, size=10}, data=[com.banking.dto.TransactionResponse (truncated)...]
2025-07-01 21:48:11 - Mapped to com.banking.controller.TransactionController#getStatistics()
2025-07-01 21:48:11 - Writing [{data=[com.banking.dto.TransactionResponse@61096eac, com.banking.dto.TransactionResponse@1920b0ba, c (truncated)...]
2025-07-01 21:48:11 - Using 'application/json', given [*/*] and supported [application/json, application/*+json]
2025-07-01 21:48:11 - Using 'application/json', given [*/*] and supported [application/json, application/*+json]
2025-07-01 21:48:11 - Writing [{pagination={totalPages=111, page=0, total=1108, size=10}, data=[com.banking.dto.TransactionResponse (truncated)...]
2025-07-01 21:48:11 - Writing [{data={totalTransactions=1108, transactionTypes=[Lcom.banking.model.TransactionType;@41abc4eb}, succ (truncated)...]
2025-07-01 21:48:11 - Mapped to com.banking.controller.TransactionController#getStatistics()
2025-07-01 21:48:11 - Using 'application/json', given [*/*] and supported [application/json, application/*+json]
2025-07-01 21:48:11 - Writing [{data={totalTransactions=1108, transactionTypes=[Lcom.banking.model.TransactionType;@99d17f4}, succe (truncated)...]
2025-07-01 21:48:11 - Mapped to com.banking.controller.TransactionController#getStatistics()
2025-07-01 21:48:11 - Mapped to com.banking.controller.TransactionController#getTransactionsByType(TransactionType)
2025-07-01 21:48:11 - Mapped to com.banking.controller.TransactionController#getTransactionsByType(TransactionType)
2025-07-01 21:48:11 - Using 'application/json', given [*/*] and supported [application/json, application/*+json]
2025-07-01 21:48:11 - Using 'application/json', given [*/*] and supported [application/json, application/*+json]
2025-07-01 21:48:11 - Writing [{data={totalTransactions=1108, transactionTypes=[Lcom.banking.model.TransactionType;@a35f570}, succe (truncated)...]
2025-07-01 21:48:11 - Writing [{pagination={totalPages=111, page=0, total=1108, size=10}, data=[com.banking.dto.TransactionResponse (truncated)...]
2025-07-01 21:48:11 - Mapped to com.banking.controller.TransactionController#getStatistics()
2025-07-01 21:48:11 - Using 'application/json', given [*/*] and supported [application/json, application/*+json]
2025-07-01 21:48:11 - Using 'application/json', given [*/*] and supported [application/json, application/*+json]
2025-07-01 21:48:11 - Writing [{pagination={totalPages=111, page=0, total=1108, size=10}, data=[com.banking.dto.TransactionResponse (truncated)...]
2025-07-01 21:48:11 - Writing [{pagination={totalPages=111, page=0, total=1108, size=10}, data=[com.banking.dto.TransactionResponse (truncated)...]
2025-07-01 21:48:11 - Mapped to com.banking.controller.TransactionController#getTransactionsByType(TransactionType)
2025-07-01 21:48:11 - Mapped to com.banking.controller.TransactionController#getStatistics()
2025-07-01 21:48:11 - Using 'application/json', given [*/*] and supported [application/json, application/*+json]
2025-07-01 21:48:11 - Writing [{pagination={totalPages=111, page=0, total=1108, size=10}, data=[com.banking.dto.TransactionResponse (truncated)...]
2025-07-01 21:48:11 - Using 'application/json', given [*/*] and supported [application/json, application/*+json]
2025-07-01 21:48:11 - Writing [{pagination={totalPages=111, page=0, total=1108, size=10}, data=[com.banking.dto.TransactionResponse (truncated)...]
2025-07-01 21:48:11 - Mapped to com.banking.controller.TransactionController#getStatistics()
2025-07-01 21:48:11 - Mapped to com.banking.controller.TransactionController#getStatistics()
2025-07-01 21:48:11 - Mapped to com.banking.controller.TransactionController#getStatistics()
2025-07-01 21:48:11 - Using 'application/json', given [*/*] and supported [application/json, application/*+json]
2025-07-01 21:48:11 - Using 'application/json', given [*/*] and supported [application/json, application/*+json]
2025-07-01 21:48:11 - Writing [{data={totalTransactions=1108, transactionTypes=[Lcom.banking.model.TransactionType;@3ca5ac07}, succ (truncated)...]
2025-07-01 21:48:11 - Writing [{pagination={totalPages=111, page=0, total=1108, size=10}, data=[com.banking.dto.TransactionResponse (truncated)...]
2025-07-01 21:48:11 - Mapped to com.banking.controller.TransactionController#getTransactionsByType(TransactionType)
2025-07-01 21:48:11 - Using 'application/json', given [*/*] and supported [application/json, application/*+json]
2025-07-01 21:48:11 - Mapped to com.banking.controller.TransactionController#getStatistics()
2025-07-01 21:48:11 - Writing [{data={totalTransactions=1108, transactionTypes=[Lcom.banking.model.TransactionType;@689c271f}, succ (truncated)...]
2025-07-01 21:48:11 - Mapped to com.banking.controller.TransactionController#getStatistics()
2025-07-01 21:48:11 - Using 'application/json', given [*/*] and supported [application/json, application/*+json]
2025-07-01 21:48:11 - Writing [{pagination={totalPages=111, page=0, total=1108, size=10}, data=[com.banking.dto.TransactionResponse (truncated)...]
2025-07-01 21:48:11 - Mapped to com.banking.controller.TransactionController#getTransactionsByType(TransactionType)
2025-07-01 21:48:11 - Using 'application/json', given [*/*] and supported [application/json, application/*+json]
2025-07-01 21:48:11 - Writing [{data=com.banking.dto.TransactionResponse@42237f87, success=true, message=交易创建成功}]
2025-07-01 21:48:11 - Mapped to com.banking.controller.TransactionController#getStatistics()
2025-07-01 21:48:11 - Using 'application/json', given [*/*] and supported [application/json, application/*+json]
2025-07-01 21:48:11 - Mapped to com.banking.controller.TransactionController#getTransactions(int, int)
2025-07-01 21:48:11 - Using 'application/json', given [*/*] and supported [application/json, application/*+json]
2025-07-01 21:48:11 - Writing [{data={totalTransactions=1109, transactionTypes=[Lcom.banking.model.TransactionType;@4b2d2311}, succ (truncated)...]
2025-07-01 21:48:11 - Writing [{pagination={totalPages=111, page=0, total=1108, size=10}, data=[com.banking.dto.TransactionResponse (truncated)...]
2025-07-01 21:48:11 - Mapped to com.banking.controller.TransactionController#getTransactionsByType(TransactionType)
2025-07-01 21:48:11 - Using 'application/json', given [*/*] and supported [application/json, application/*+json]
2025-07-01 21:48:11 - Writing [{data=com.banking.dto.TransactionResponse@1b409dd0, success=true, message=交易创建成功}]
2025-07-01 21:48:11 - Mapped to com.banking.controller.TransactionController#getStatistics()
2025-07-01 21:48:11 - Using 'application/json', given [*/*] and supported [application/json, application/*+json]
2025-07-01 21:48:11 - Writing [{data={totalTransactions=1110, transactionTypes=[Lcom.banking.model.TransactionType;@54c05873}, succ (truncated)...]
2025-07-01 21:48:11 - Mapped to com.banking.controller.TransactionController#getTransactions(int, int)
2025-07-01 21:48:11 - Mapped to com.banking.controller.TransactionController#getTransactionsByType(TransactionType)
2025-07-01 21:48:11 - Using 'application/json', given [*/*] and supported [application/json, application/*+json]
2025-07-01 21:48:11 - Using 'application/json', given [*/*] and supported [application/json, application/*+json]
2025-07-01 21:48:11 - Writing [{data=com.banking.dto.TransactionResponse@2c014d3, success=true, message=交易创建成功}]
2025-07-01 21:48:11 - Writing [{data=[com.banking.dto.TransactionResponse@73297e95, com.banking.dto.TransactionResponse@7bd03236, c (truncated)...]
2025-07-01 21:48:11 - Using 'application/json', given [*/*] and supported [application/json, application/*+json]
2025-07-01 21:48:11 - Writing [{data={totalTransactions=1111, transactionTypes=[Lcom.banking.model.TransactionType;@73d4624f}, succ (truncated)...]
2025-07-01 21:48:11 - Mapped to com.banking.controller.TransactionController#getTransactions(int, int)
2025-07-01 21:48:11 - Mapped to com.banking.controller.TransactionController#getTransactionsByType(TransactionType)
2025-07-01 21:48:11 - Using 'application/json', given [*/*] and supported [application/json, application/*+json]
2025-07-01 21:48:11 - Writing [{data={totalTransactions=1111, transactionTypes=[Lcom.banking.model.TransactionType;@27967590}, succ (truncated)...]
2025-07-01 21:48:11 - Mapped to com.banking.controller.TransactionController#getTransactionsByType(TransactionType)
2025-07-01 21:48:11 - Using 'application/json', given [*/*] and supported [application/json, application/*+json]
2025-07-01 21:48:11 - Writing [{pagination={totalPages=111, page=0, total=1110, size=10}, data=[com.banking.dto.TransactionResponse (truncated)...]
2025-07-01 21:48:11 - Mapped to com.banking.controller.TransactionController#getStatistics()
2025-07-01 21:48:11 - Using 'application/json', given [*/*] and supported [application/json, application/*+json]
2025-07-01 21:48:11 - Writing [{pagination={totalPages=111, page=0, total=1110, size=10}, data=[com.banking.dto.TransactionResponse (truncated)...]
2025-07-01 21:48:11 - Using 'application/json', given [*/*] and supported [application/json, application/*+json]
2025-07-01 21:48:11 - Writing [{data={totalTransactions=1111, transactionTypes=[Lcom.banking.model.TransactionType;@31808d3e}, succ (truncated)...]
2025-07-01 21:48:11 - Mapped to com.banking.controller.TransactionController#getStatistics()
2025-07-01 21:48:11 - Using 'application/json', given [*/*] and supported [application/json, application/*+json]
2025-07-01 21:48:11 - Writing [{data={totalTransactions=1111, transactionTypes=[Lcom.banking.model.TransactionType;@7944eb12}, succ (truncated)...]
2025-07-01 21:48:11 - Mapped to com.banking.controller.TransactionController#getTransactionsByType(TransactionType)
2025-07-01 21:48:11 - Mapped to com.banking.controller.TransactionController#getTransactionsByType(TransactionType)
2025-07-01 21:48:11 - Using 'application/json', given [*/*] and supported [application/json, application/*+json]
2025-07-01 21:48:11 - Writing [{data={totalTransactions=1111, transactionTypes=[Lcom.banking.model.TransactionType;@3f311680}, succ (truncated)...]
2025-07-01 21:48:11 - Using 'application/json', given [*/*] and supported [application/json, application/*+json]
2025-07-01 21:48:11 - Writing [{pagination={totalPages=112, page=0, total=1111, size=10}, data=[com.banking.dto.TransactionResponse (truncated)...]
2025-07-01 21:48:11 - Mapped to com.banking.controller.TransactionController#getTransactionsByType(TransactionType)
2025-07-01 21:48:11 - Using 'application/json', given [*/*] and supported [application/json, application/*+json]
2025-07-01 21:48:11 - Using 'application/json', given [*/*] and supported [application/json, application/*+json]
2025-07-01 21:48:11 - Writing [{data={totalTransactions=1111, transactionTypes=[Lcom.banking.model.TransactionType;@460a3b12}, succ (truncated)...]
2025-07-01 21:48:11 - Writing [{data=[com.banking.dto.TransactionResponse@4a386e13, com.banking.dto.TransactionResponse@3a52fac8, c (truncated)...]
2025-07-01 21:48:11 - Mapped to com.banking.controller.TransactionController#getStatistics()
2025-07-01 21:48:11 - Mapped to com.banking.controller.TransactionController#getTransactionsByType(TransactionType)
2025-07-01 21:48:11 - Using 'application/json', given [*/*] and supported [application/json, application/*+json]
2025-07-01 21:48:11 - Writing [{pagination={totalPages=112, page=0, total=1111, size=10}, data=[com.banking.dto.TransactionResponse (truncated)...]
2025-07-01 21:48:11 - Mapped to com.banking.controller.TransactionController#getStatistics()
2025-07-01 21:48:11 - Using 'application/json', given [*/*] and supported [application/json, application/*+json]
2025-07-01 21:48:11 - Writing [{data=[com.banking.dto.TransactionResponse@62c8b97e, com.banking.dto.TransactionResponse@6a8ea70b, c (truncated)...]
2025-07-01 21:48:11 - Using 'application/json', given [*/*] and supported [application/json, application/*+json]
2025-07-01 21:48:11 - Writing [{pagination={totalPages=112, page=0, total=1111, size=10}, data=[com.banking.dto.TransactionResponse (truncated)...]
2025-07-01 21:48:11 - Mapped to com.banking.controller.TransactionController#getStatistics()
2025-07-01 21:48:11 - Using 'application/json', given [*/*] and supported [application/json, application/*+json]
2025-07-01 21:48:11 - Writing [{data=com.banking.dto.TransactionResponse@7d752eb9, success=true, message=交易创建成功}]
2025-07-01 21:48:11 - Mapped to com.banking.controller.TransactionController#getTransactions(int, int)
2025-07-01 21:48:11 - Using 'application/json', given [*/*] and supported [application/json, application/*+json]
2025-07-01 21:48:11 - Using 'application/json', given [*/*] and supported [application/json, application/*+json]
2025-07-01 21:48:11 - Writing [{data=[com.banking.dto.TransactionResponse@6583f982, com.banking.dto.TransactionResponse@24987913, c (truncated)...]
2025-07-01 21:48:11 - Mapped to com.banking.controller.TransactionController#getSecurityStatistics(String, String)
2025-07-01 21:48:11 - Using 'application/json', given [*/*] and supported [application/json, application/*+json]
2025-07-01 21:48:11 - Writing [{pagination={totalPages=112, page=0, total=1112, size=10}, data=[com.banking.dto.TransactionResponse (truncated)...]
2025-07-01 21:48:11 - Mapped to com.banking.controller.TransactionController#getSecurityStatistics(String, String)
2025-07-01 21:48:11 - Writing [{data=[com.banking.dto.TransactionResponse@3d9c6c44, com.banking.dto.TransactionResponse@4933ff0f, c (truncated)...]
2025-07-01 21:48:11 - Mapped to com.banking.controller.TransactionController#getStatistics()
2025-07-01 21:48:11 - Using 'application/json', given [*/*] and supported [application/json, application/*+json]
2025-07-01 21:48:11 - Using 'application/json', given [*/*] and supported [application/json, application/*+json]
2025-07-01 21:48:11 - Writing [{data=com.banking.dto.TransactionResponse@6da88353, success=true, message=交易创建成功}]
2025-07-01 21:48:11 - Writing [{data=[com.banking.dto.TransactionResponse@453323dd, com.banking.dto.TransactionResponse@3d8385fa, c (truncated)...]
2025-07-01 21:48:11 - Mapped to com.banking.controller.TransactionController#getTransactions(int, int)
2025-07-01 21:48:11 - Using 'application/json', given [*/*] and supported [application/json, application/*+json]
2025-07-01 21:48:11 - Writing [{data=com.banking.dto.TransactionResponse@533e53b5, success=true, message=交易创建成功}]
2025-07-01 21:48:11 - Using 'application/json', given [*/*] and supported [application/json, application/*+json]
2025-07-01 21:48:11 - Writing [{pagination={totalPages=112, page=0, total=1112, size=10}, data=[com.banking.dto.TransactionResponse (truncated)...]
2025-07-01 21:48:11 - Mapped to com.banking.controller.TransactionController#getTransactions(int, int)
2025-07-01 21:48:11 - Using 'application/json', given [*/*] and supported [application/json, application/*+json]
2025-07-01 21:48:11 - Writing [{data={totalTransactions=1114, transactionTypes=[Lcom.banking.model.TransactionType;@40d9d0cc}, succ (truncated)...]
2025-07-01 21:48:11 - Using 'application/json', given [*/*] and supported [application/json, application/*+json]
2025-07-01 21:48:11 - Writing [{pagination={totalPages=112, page=0, total=1113, size=10}, data=[com.banking.dto.TransactionResponse (truncated)...]
2025-07-01 21:48:11 - Using 'application/json', given [*/*] and supported [application/json, application/*+json]
2025-07-01 21:48:11 - Mapped to com.banking.controller.TransactionController#getTransactionsByType(TransactionType)
2025-07-01 21:48:11 - Mapped to com.banking.controller.TransactionController#getStatistics()
2025-07-01 21:48:11 - Writing [{data=[com.banking.dto.TransactionResponse@30fe4f9b, com.banking.dto.TransactionResponse@239f18f9, c (truncated)...]
2025-07-01 21:48:11 - Using 'application/json', given [*/*] and supported [application/json, application/*+json]
2025-07-01 21:48:11 - Writing [{data={totalTransactions=1114, transactionTypes=[Lcom.banking.model.TransactionType;@5b17cb29}, succ (truncated)...]
2025-07-01 21:48:11 - Using 'application/json', given [*/*] and supported [application/json, application/*+json]
2025-07-01 21:48:11 - Writing [{data={totalTransactions=1114, transactionTypes=[Lcom.banking.model.TransactionType;@42fbcbc1}, succ (truncated)...]
2025-07-01 21:48:11 - Mapped to com.banking.controller.TransactionController#getStatistics()
2025-07-01 21:48:11 - Using 'application/json', given [*/*] and supported [application/json, application/*+json]
2025-07-01 21:48:11 - Writing [{data={totalTransactions=1114, transactionTypes=[Lcom.banking.model.TransactionType;@11dcf5e4}, succ (truncated)...]
2025-07-01 21:48:11 - Mapped to com.banking.controller.TransactionController#getTransactionsByType(TransactionType)
2025-07-01 21:48:11 - Mapped to com.banking.controller.TransactionController#getTransactionsByType(TransactionType)
2025-07-01 21:48:11 - Mapped to com.banking.controller.TransactionController#getTransactionsByType(TransactionType)
2025-07-01 21:48:11 - Using 'application/json', given [*/*] and supported [application/json, application/*+json]
2025-07-01 21:48:11 - Writing [{pagination={totalPages=112, page=0, total=1114, size=10}, data=[com.banking.dto.TransactionResponse (truncated)...]
2025-07-01 21:48:11 - Using 'application/json', given [*/*] and supported [application/json, application/*+json]
2025-07-01 21:48:11 - Writing [{pagination={totalPages=112, page=0, total=1114, size=10}, data=[com.banking.dto.TransactionResponse (truncated)...]
2025-07-01 21:48:11 - Mapped to com.banking.controller.TransactionController#getStatistics()
2025-07-01 21:48:11 - Mapped to com.banking.controller.TransactionController#getStatistics()
2025-07-01 21:48:11 - Using 'application/json', given [*/*] and supported [application/json, application/*+json]
2025-07-01 21:48:11 - Writing [{data={totalTransactions=1114, transactionTypes=[Lcom.banking.model.TransactionType;@6d8edc74}, succ (truncated)...]
2025-07-01 21:48:11 - Mapped to com.banking.controller.TransactionController#getTransactionsByType(TransactionType)
2025-07-01 21:48:11 - Using 'application/json', given [*/*] and supported [application/json, application/*+json]
2025-07-01 21:48:11 - Writing [{data={totalTransactions=1114, transactionTypes=[Lcom.banking.model.TransactionType;@6746474b}, succ (truncated)...]
2025-07-01 21:48:11 - Using 'application/json', given [*/*] and supported [application/json, application/*+json]
2025-07-01 21:48:11 - Writing [{data={totalTransactions=1114, transactionTypes=[Lcom.banking.model.TransactionType;@630843ab}, succ (truncated)...]
2025-07-01 21:48:11 - Mapped to com.banking.controller.TransactionController#getTransactionsByType(TransactionType)
2025-07-01 21:48:11 - Mapped to com.banking.controller.TransactionController#getTransactionsByType(TransactionType)
2025-07-01 21:48:11 - Using 'application/json', given [*/*] and supported [application/json, application/*+json]
2025-07-01 21:48:11 - Writing [{data={totalTransactions=1114, transactionTypes=[Lcom.banking.model.TransactionType;@1f48dae9}, succ (truncated)...]
2025-07-01 21:48:11 - Using 'application/json', given [*/*] and supported [application/json, application/*+json]
2025-07-01 21:48:11 - Writing [{pagination={totalPages=112, page=0, total=1114, size=10}, data=[com.banking.dto.TransactionResponse (truncated)...]
2025-07-01 21:48:11 - Using 'application/json', given [*/*] and supported [application/json, application/*+json]
2025-07-01 21:48:11 - Writing [{data=[com.banking.dto.TransactionResponse@7a10b6d, com.banking.dto.TransactionResponse@15a635b9, co (truncated)...]
2025-07-01 21:48:11 - Mapped to com.banking.controller.TransactionController#getTransactionsByType(TransactionType)
2025-07-01 21:48:11 - Using 'application/json', given [*/*] and supported [application/json, application/*+json]
2025-07-01 21:48:11 - Writing [{data=com.banking.dto.TransactionResponse@e67bf49, success=true, message=交易创建成功}]
2025-07-01 21:48:11 - Mapped to com.banking.controller.TransactionController#getStatistics()
2025-07-01 21:48:11 - Mapped to com.banking.controller.TransactionController#getTransactions(int, int)
2025-07-01 21:48:11 - Using 'application/json', given [*/*] and supported [application/json, application/*+json]
2025-07-01 21:48:11 - Writing [{data=com.banking.dto.TransactionResponse@6c34a6f8, success=true, message=交易创建成功}]
2025-07-01 21:48:11 - Mapped to com.banking.controller.TransactionController#getTransactions(int, int)
2025-07-01 21:48:11 - Using 'application/json', given [*/*] and supported [application/json, application/*+json]
2025-07-01 21:48:11 - Writing [{data=com.banking.dto.TransactionResponse@1d63c03c, success=true, message=交易创建成功}]
2025-07-01 21:48:11 - Mapped to com.banking.controller.TransactionController#getTransactions(int, int)
2025-07-01 21:48:11 - Using 'application/json', given [*/*] and supported [application/json, application/*+json]
2025-07-01 21:48:11 - Writing [{data={totalTransactions=1117, transactionTypes=[Lcom.banking.model.TransactionType;@540bf5f1}, succ (truncated)...]
2025-07-01 21:48:11 - Mapped to com.banking.controller.TransactionController#getSecurityStatistics(String, String)
2025-07-01 21:48:11 - Mapped to com.banking.controller.TransactionController#getTransactionsByType(TransactionType)
2025-07-01 21:48:11 - Using 'application/json', given [*/*] and supported [application/json, application/*+json]
2025-07-01 21:48:11 - Using 'application/json', given [*/*] and supported [application/json, application/*+json]
2025-07-01 21:48:11 - Writing [{pagination={totalPages=112, page=0, total=1117, size=10}, data=[com.banking.dto.TransactionResponse (truncated)...]
2025-07-01 21:48:11 - Writing [{pagination={totalPages=112, page=0, total=1117, size=10}, data=[com.banking.dto.TransactionResponse (truncated)...]
2025-07-01 21:48:11 - Mapped to com.banking.controller.TransactionController#getStatistics()
2025-07-01 21:48:11 - Mapped to com.banking.controller.TransactionController#getStatistics()
2025-07-01 21:48:11 - Using 'application/json', given [*/*] and supported [application/json, application/*+json]
2025-07-01 21:48:11 - Using 'application/json', given [*/*] and supported [application/json, application/*+json]
2025-07-01 21:48:11 - Writing [{data={totalTransactions=1117, transactionTypes=[Lcom.banking.model.TransactionType;@3577a83a}, succ (truncated)...]
2025-07-01 21:48:11 - Writing [{data={totalTransactions=1117, transactionTypes=[Lcom.banking.model.TransactionType;@4968069a}, succ (truncated)...]
2025-07-01 21:48:11 - Mapped to com.banking.controller.TransactionController#getTransactionsByType(TransactionType)
2025-07-01 21:48:11 - Mapped to com.banking.controller.TransactionController#getTransactionsByType(TransactionType)
2025-07-01 21:48:11 - Using 'application/json', given [*/*] and supported [application/json, application/*+json]
2025-07-01 21:48:11 - Writing [{data=[com.banking.dto.TransactionResponse@1daaa3a4, com.banking.dto.TransactionResponse@3d5ae7a5, c (truncated)...]
2025-07-01 21:48:11 - Using 'application/json', given [*/*] and supported [application/json, application/*+json]
2025-07-01 21:48:11 - Writing [{pagination={totalPages=112, page=0, total=1117, size=10}, data=[com.banking.dto.TransactionResponse (truncated)...]
2025-07-01 21:48:11 - Mapped to com.banking.controller.TransactionController#getStatistics()
2025-07-01 21:48:11 - Using 'application/json', given [*/*] and supported [application/json, application/*+json]
2025-07-01 21:48:11 - Writing [{pagination={totalPages=112, page=0, total=1117, size=10}, data=[com.banking.dto.TransactionResponse (truncated)...]
2025-07-01 21:48:11 - Mapped to com.banking.controller.TransactionController#getStatistics()
2025-07-01 21:48:11 - Using 'application/json', given [*/*] and supported [application/json, application/*+json]
2025-07-01 21:48:11 - Writing [{data=[com.banking.dto.TransactionResponse@4242a18f, com.banking.dto.TransactionResponse@3f9fa5c2, c (truncated)...]
2025-07-01 21:48:11 - Using 'application/json', given [*/*] and supported [application/json, application/*+json]
2025-07-01 21:48:11 - Writing [{data=[com.banking.dto.TransactionResponse@440c3e77, com.banking.dto.TransactionResponse@205bcff5, c (truncated)...]
2025-07-01 21:48:11 - Mapped to com.banking.controller.TransactionController#getSecurityStatistics(String, String)
2025-07-01 21:48:11 - Mapped to com.banking.controller.TransactionController#getSecurityStatistics(String, String)
2025-07-01 21:48:11 - Mapped to com.banking.controller.TransactionController#getSecurityStatistics(String, String)
2025-07-01 21:48:11 - Mapped to com.banking.controller.TransactionController#getSecurityStatistics(String, String)
2025-07-01 21:48:11 - Using 'application/json', given [*/*] and supported [application/json, application/*+json]
2025-07-01 21:48:11 - Writing [{data={totalTransactions=1117, transactionTypes=[Lcom.banking.model.TransactionType;@7f8de93a}, succ (truncated)...]
2025-07-01 21:48:11 - Mapped to com.banking.controller.TransactionController#getTransactionsByType(TransactionType)
2025-07-01 21:48:11 - Using 'application/json', given [*/*] and supported [application/json, application/*+json]
2025-07-01 21:48:11 - Writing [{pagination={totalPages=112, page=0, total=1117, size=10}, data=[com.banking.dto.TransactionResponse (truncated)...]
2025-07-01 21:48:11 - Mapped to com.banking.controller.TransactionController#getStatistics()
2025-07-01 21:48:11 - Using 'application/json', given [*/*] and supported [application/json, application/*+json]
2025-07-01 21:48:11 - Writing [{data={totalTransactions=1117, transactionTypes=[Lcom.banking.model.TransactionType;@6b158297}, succ (truncated)...]
2025-07-01 21:48:11 - Mapped to com.banking.controller.TransactionController#getTransactionsByType(TransactionType)
2025-07-01 21:48:11 - Using 'application/json', given [*/*] and supported [application/json, application/*+json]
2025-07-01 21:48:11 - Writing [{data={totalTransactions=1117, transactionTypes=[Lcom.banking.model.TransactionType;@39c17ce8}, succ (truncated)...]
2025-07-01 21:48:11 - Mapped to com.banking.controller.TransactionController#getTransactionsByType(TransactionType)
2025-07-01 21:48:11 - Using 'application/json', given [*/*] and supported [application/json, application/*+json]
2025-07-01 21:48:11 - Writing [{data={totalTransactions=1117, transactionTypes=[Lcom.banking.model.TransactionType;@1da1821f}, succ (truncated)...]
2025-07-01 21:48:11 - Mapped to com.banking.controller.TransactionController#getTransactionsByType(TransactionType)
2025-07-01 21:48:11 - Using 'application/json', given [*/*] and supported [application/json, application/*+json]
2025-07-01 21:48:11 - Writing [{data=[com.banking.dto.TransactionResponse@7a9acb7b, com.banking.dto.TransactionResponse@3017136, co (truncated)...]
2025-07-01 21:48:11 - Using 'application/json', given [*/*] and supported [application/json, application/*+json]
2025-07-01 21:48:11 - Writing [{pagination={totalPages=112, page=0, total=1117, size=10}, data=[com.banking.dto.TransactionResponse (truncated)...]
2025-07-01 21:48:11 - Using 'application/json', given [*/*] and supported [application/json, application/*+json]
2025-07-01 21:48:11 - Writing [{data=[com.banking.dto.TransactionResponse@160abc46, com.banking.dto.TransactionResponse@7545d665, c (truncated)...]
2025-07-01 21:48:11 - Using 'application/json', given [*/*] and supported [application/json, application/*+json]
2025-07-01 21:48:11 - Writing [{data=[com.banking.dto.TransactionResponse@40b3743f, com.banking.dto.TransactionResponse@2797e239, c (truncated)...]
2025-07-01 21:48:11 - Using 'application/json', given [*/*] and supported [application/json, application/*+json]
2025-07-01 21:48:11 - Writing [{data={totalTransactions=1117, transactionTypes=[Lcom.banking.model.TransactionType;@2611e5f1}, succ (truncated)...]
2025-07-01 21:48:11 - Mapped to com.banking.controller.TransactionController#getStatistics()
2025-07-01 21:48:11 - Mapped to com.banking.controller.TransactionController#getTransactionsByType(TransactionType)
2025-07-01 21:48:11 - Mapped to com.banking.controller.TransactionController#getSecurityStatistics(String, String)
2025-07-01 21:48:11 - Mapped to com.banking.controller.TransactionController#getSecurityStatistics(String, String)
2025-07-01 21:48:11 - Using 'application/json', given [*/*] and supported [application/json, application/*+json]
2025-07-01 21:48:11 - Writing [{data={totalTransactions=1117, transactionTypes=[Lcom.banking.model.TransactionType;@4c57a9b7}, succ (truncated)...]
2025-07-01 21:48:11 - Using 'application/json', given [*/*] and supported [application/json, application/*+json]
2025-07-01 21:48:11 - Writing [{pagination={totalPages=112, page=0, total=1117, size=10}, data=[com.banking.dto.TransactionResponse (truncated)...]
2025-07-01 21:48:11 - Mapped to com.banking.controller.TransactionController#getTransactionsByType(TransactionType)
2025-07-01 21:48:11 - Mapped to com.banking.controller.TransactionController#getStatistics()
2025-07-01 21:48:11 - Using 'application/json', given [*/*] and supported [application/json, application/*+json]
2025-07-01 21:48:11 - Writing [{pagination={totalPages=112, page=0, total=1117, size=10}, data=[com.banking.dto.TransactionResponse (truncated)...]
2025-07-01 21:48:11 - Mapped to com.banking.controller.TransactionController#getStatistics()
2025-07-01 21:48:11 - Using 'application/json', given [*/*] and supported [application/json, application/*+json]
2025-07-01 21:48:11 - Writing [{data=[com.banking.dto.TransactionResponse@4ede1ce6, com.banking.dto.TransactionResponse@7df334a2, c (truncated)...]
2025-07-01 21:48:11 - Using 'application/json', given [*/*] and supported [application/json, application/*+json]
2025-07-01 21:48:11 - Writing [{pagination={totalPages=112, page=0, total=1117, size=10}, data=[com.banking.dto.TransactionResponse (truncated)...]
2025-07-01 21:48:11 - Mapped to com.banking.controller.TransactionController#getStatistics()
2025-07-01 21:48:11 - Using 'application/json', given [*/*] and supported [application/json, application/*+json]
2025-07-01 21:48:11 - Writing [{data=[com.banking.dto.TransactionResponse@22b18a97, com.banking.dto.TransactionResponse@6c6bcdc, co (truncated)...]
2025-07-01 21:48:11 - Using 'application/json', given [*/*] and supported [application/json, application/*+json]
2025-07-01 21:48:11 - Writing [{pagination={totalPages=112, page=0, total=1117, size=10}, data=[com.banking.dto.TransactionResponse (truncated)...]
2025-07-01 21:48:11 - Mapped to com.banking.controller.TransactionController#getStatistics()
2025-07-01 21:48:11 - Using 'application/json', given [*/*] and supported [application/json, application/*+json]
2025-07-01 21:48:11 - Writing [{data={totalTransactions=1117, transactionTypes=[Lcom.banking.model.TransactionType;@e3dbd1a}, succe (truncated)...]
2025-07-01 21:48:11 - Mapped to com.banking.controller.TransactionController#getTransactionsByType(TransactionType)
2025-07-01 21:48:11 - Mapped to com.banking.controller.TransactionController#getSecurityStatistics(String, String)
2025-07-01 21:48:11 - Using 'application/json', given [*/*] and supported [application/json, application/*+json]
2025-07-01 21:48:11 - Writing [{pagination={totalPages=112, page=0, total=1117, size=10}, data=[com.banking.dto.TransactionResponse (truncated)...]
2025-07-01 21:48:11 - Mapped to com.banking.controller.TransactionController#getSecurityStatistics(String, String)
2025-07-01 21:48:11 - Using 'application/json', given [*/*] and supported [application/json, application/*+json]
2025-07-01 21:48:11 - Writing [{data=com.banking.dto.TransactionResponse@57b9205e, success=true, message=交易创建成功}]
2025-07-01 21:48:11 - Using 'application/json', given [*/*] and supported [application/json, application/*+json]
2025-07-01 21:48:11 - Writing [{data={totalTransactions=1118, transactionTypes=[Lcom.banking.model.TransactionType;@48e36ed2}, succ (truncated)...]
2025-07-01 21:48:11 - Mapped to com.banking.controller.TransactionController#getTransactions(int, int)
2025-07-01 21:48:11 - Mapped to com.banking.controller.TransactionController#getTransactionsByType(TransactionType)
2025-07-01 21:48:11 - Mapped to com.banking.controller.TransactionController#getStatistics()
2025-07-01 21:48:11 - Mapped to com.banking.controller.TransactionController#getSecurityStatistics(String, String)
2025-07-01 21:48:11 - Using 'application/json', given [*/*] and supported [application/json, application/*+json]
2025-07-01 21:48:11 - Writing [{data={totalTransactions=1118, transactionTypes=[Lcom.banking.model.TransactionType;@55fec467}, succ (truncated)...]
2025-07-01 21:48:11 - Mapped to com.banking.controller.TransactionController#getTransactionsByType(TransactionType)
2025-07-01 21:48:11 - Using 'application/json', given [*/*] and supported [application/json, application/*+json]
2025-07-01 21:48:11 - Writing [{data=com.banking.dto.TransactionResponse@85ba56b, success=true, message=交易创建成功}]
2025-07-01 21:48:11 - Mapped to com.banking.controller.TransactionController#getTransactions(int, int)
2025-07-01 21:48:11 - Using 'application/json', given [*/*] and supported [application/json, application/*+json]
2025-07-01 21:48:11 - Writing [{data={totalTransactions=1119, transactionTypes=[Lcom.banking.model.TransactionType;@261dddf}, succe (truncated)...]
2025-07-01 21:48:11 - Mapped to com.banking.controller.TransactionController#getTransactionsByType(TransactionType)
2025-07-01 21:48:11 - Using 'application/json', given [*/*] and supported [application/json, application/*+json]
2025-07-01 21:48:11 - Writing [{data={totalTransactions=1119, transactionTypes=[Lcom.banking.model.TransactionType;@3aa66402}, succ (truncated)...]
2025-07-01 21:48:11 - Mapped to com.banking.controller.TransactionController#getTransactionsByType(TransactionType)
2025-07-01 21:48:11 - Using 'application/json', given [*/*] and supported [application/json, application/*+json]
2025-07-01 21:48:11 - Writing [{data={totalTransactions=1119, transactionTypes=[Lcom.banking.model.TransactionType;@3dca9043}, succ (truncated)...]
2025-07-01 21:48:11 - Using 'application/json', given [*/*] and supported [application/json, application/*+json]
2025-07-01 21:48:11 - Writing [{data=[com.banking.dto.TransactionResponse@6997d64a, com.banking.dto.TransactionResponse@8ad7e40, co (truncated)...]
2025-07-01 21:48:11 - Mapped to com.banking.controller.TransactionController#getTransactionsByType(TransactionType)
2025-07-01 21:48:11 - Using 'application/json', given [*/*] and supported [application/json, application/*+json]
2025-07-01 21:48:11 - Writing [{data=com.banking.dto.TransactionResponse@7f00395f, success=true, message=交易创建成功}]
2025-07-01 21:48:11 - Mapped to com.banking.controller.TransactionController#getTransactions(int, int)
2025-07-01 21:48:11 - Using 'application/json', given [*/*] and supported [application/json, application/*+json]
2025-07-01 21:48:11 - Writing [{data={totalTransactions=1120, transactionTypes=[Lcom.banking.model.TransactionType;@b585709}, succe (truncated)...]
2025-07-01 21:48:11 - Mapped to com.banking.controller.TransactionController#getTransactionsByType(TransactionType)
2025-07-01 21:48:11 - Using 'application/json', given [*/*] and supported [application/json, application/*+json]
2025-07-01 21:48:11 - Writing [{data=[com.banking.dto.TransactionResponse@7571ffac, com.banking.dto.TransactionResponse@33786235, c (truncated)...]
2025-07-01 21:48:11 - Using 'application/json', given [*/*] and supported [application/json, application/*+json]
2025-07-01 21:48:11 - Writing [{data=[com.banking.dto.TransactionResponse@5d8dd656, com.banking.dto.TransactionResponse@15e153c0, c (truncated)...]
2025-07-01 21:48:11 - Using 'application/json', given [*/*] and supported [application/json, application/*+json]
2025-07-01 21:48:11 - Writing [{data=[com.banking.dto.TransactionResponse@27aaa574, com.banking.dto.TransactionResponse@23e5fd9c, c (truncated)...]
2025-07-01 21:48:11 - Mapped to com.banking.controller.TransactionController#getSecurityStatistics(String, String)
2025-07-01 21:48:11 - Using 'application/json', given [*/*] and supported [application/json, application/*+json]
2025-07-01 21:48:11 - Writing [{pagination={totalPages=112, page=0, total=1120, size=10}, data=[com.banking.dto.TransactionResponse (truncated)...]
2025-07-01 21:48:11 - Using 'application/json', given [*/*] and supported [application/json, application/*+json]
2025-07-01 21:48:11 - Writing [{data={totalTransactions=1120, transactionTypes=[Lcom.banking.model.TransactionType;@617dce59}, succ (truncated)...]
2025-07-01 21:48:11 - Mapped to com.banking.controller.TransactionController#getStatistics()
2025-07-01 21:48:11 - Mapped to com.banking.controller.TransactionController#getTransactionsByType(TransactionType)
2025-07-01 21:48:11 - Using 'application/json', given [*/*] and supported [application/json, application/*+json]
2025-07-01 21:48:11 - Writing [{data=[com.banking.dto.TransactionResponse@27b06c4f, com.banking.dto.TransactionResponse@74f68f9f, c (truncated)...]
2025-07-01 21:48:11 - Using 'application/json', given [*/*] and supported [application/json, application/*+json]
2025-07-01 21:48:11 - Mapped to com.banking.controller.TransactionController#getSecurityStatistics(String, String)
2025-07-01 21:48:11 - Writing [{data={totalTransactions=1120, transactionTypes=[Lcom.banking.model.TransactionType;@6b8984e9}, succ (truncated)...]
2025-07-01 21:48:11 - Mapped to com.banking.controller.TransactionController#getTransactionsByType(TransactionType)
2025-07-01 21:48:11 - Using 'application/json', given [*/*] and supported [application/json, application/*+json]
2025-07-01 21:48:11 - Writing [{data={totalTransactions=1120, transactionTypes=[Lcom.banking.model.TransactionType;@27d45261}, succ (truncated)...]
2025-07-01 21:48:11 - Mapped to com.banking.controller.TransactionController#getTransactionsByType(TransactionType)
2025-07-01 21:48:11 - Using 'application/json', given [*/*] and supported [application/json, application/*+json]
2025-07-01 21:48:11 - Writing [{data={totalTransactions=1120, transactionTypes=[Lcom.banking.model.TransactionType;@3254860}, succe (truncated)...]
2025-07-01 21:48:11 - Using 'application/json', given [*/*] and supported [application/json, application/*+json]
2025-07-01 21:48:11 - Writing [{data={totalTransactions=1120, transactionTypes=[Lcom.banking.model.TransactionType;@2faabff5}, succ (truncated)...]
2025-07-01 21:48:11 - Mapped to com.banking.controller.TransactionController#getTransactionsByType(TransactionType)
2025-07-01 21:48:11 - Mapped to com.banking.controller.TransactionController#getTransactionsByType(TransactionType)
2025-07-01 21:48:11 - Mapped to com.banking.controller.TransactionController#getSecurityStatistics(String, String)
2025-07-01 21:48:11 - Using 'application/json', given [*/*] and supported [application/json, application/*+json]
2025-07-01 21:48:11 - Using 'application/json', given [*/*] and supported [application/json, application/*+json]
2025-07-01 21:48:11 - Writing [{pagination={totalPages=112, page=0, total=1120, size=10}, data=[com.banking.dto.TransactionResponse (truncated)...]
2025-07-01 21:48:11 - Writing [{pagination={totalPages=112, page=0, total=1120, size=10}, data=[com.banking.dto.TransactionResponse (truncated)...]
2025-07-01 21:48:11 - Mapped to com.banking.controller.TransactionController#getSecurityStatistics(String, String)
2025-07-01 21:48:11 - Mapped to com.banking.controller.TransactionController#getStatistics()
2025-07-01 21:48:11 - Mapped to com.banking.controller.TransactionController#getStatistics()
2025-07-01 21:48:11 - Using 'application/json', given [*/*] and supported [application/json, application/*+json]
2025-07-01 21:48:11 - Writing [{data={totalTransactions=1120, transactionTypes=[Lcom.banking.model.TransactionType;@711bb92f}, succ (truncated)...]
2025-07-01 21:48:11 - Mapped to com.banking.controller.TransactionController#getTransactionsByType(TransactionType)
2025-07-01 21:48:11 - Using 'application/json', given [*/*] and supported [application/json, application/*+json]
2025-07-01 21:48:11 - Writing [{data={totalTransactions=1120, transactionTypes=[Lcom.banking.model.TransactionType;@754178c0}, succ (truncated)...]
2025-07-01 21:48:11 - Mapped to com.banking.controller.TransactionController#getTransactionsByType(TransactionType)
2025-07-01 21:48:11 - Using 'application/json', given [*/*] and supported [application/json, application/*+json]
2025-07-01 21:48:11 - Writing [{pagination={totalPages=112, page=0, total=1120, size=10}, data=[com.banking.dto.TransactionResponse (truncated)...]
2025-07-01 21:48:11 - Using 'application/json', given [*/*] and supported [application/json, application/*+json]
2025-07-01 21:48:11 - Writing [{pagination={totalPages=112, page=0, total=1120, size=10}, data=[com.banking.dto.TransactionResponse (truncated)...]
2025-07-01 21:48:11 - Mapped to com.banking.controller.TransactionController#getStatistics()
2025-07-01 21:48:11 - Mapped to com.banking.controller.TransactionController#getStatistics()
2025-07-01 21:48:11 - Mapped to com.banking.controller.TransactionController#getSecurityStatistics(String, String)
2025-07-01 21:48:11 - Using 'application/json', given [*/*] and supported [application/json, application/*+json]
2025-07-01 21:48:11 - Writing [{data={totalTransactions=1120, transactionTypes=[Lcom.banking.model.TransactionType;@23683aee}, succ (truncated)...]
2025-07-01 21:48:11 - Mapped to com.banking.controller.TransactionController#getSecurityStatistics(String, String)
2025-07-01 21:48:11 - Mapped to com.banking.controller.TransactionController#getTransactionsByType(TransactionType)
2025-07-01 21:48:11 - Using 'application/json', given [*/*] and supported [application/json, application/*+json]
2025-07-01 21:48:11 - Writing [{data=[com.banking.dto.TransactionResponse@e619869, com.banking.dto.TransactionResponse@7cb23b61, co (truncated)...]
2025-07-01 21:48:11 - Using 'application/json', given [*/*] and supported [application/json, application/*+json]
2025-07-01 21:48:11 - Writing [{pagination={totalPages=112, page=0, total=1120, size=10}, data=[com.banking.dto.TransactionResponse (truncated)...]
2025-07-01 21:48:11 - Mapped to com.banking.controller.TransactionController#getStatistics()
2025-07-01 21:48:11 - Using 'application/json', given [*/*] and supported [application/json, application/*+json]
2025-07-01 21:48:11 - Writing [{data={totalTransactions=1120, transactionTypes=[Lcom.banking.model.TransactionType;@7d2da0b0}, succ (truncated)...]
2025-07-01 21:48:11 - Mapped to com.banking.controller.TransactionController#getTransactionsByType(TransactionType)
2025-07-01 21:48:11 - Using 'application/json', given [*/*] and supported [application/json, application/*+json]
2025-07-01 21:48:11 - Writing [{data={totalTransactions=1120, transactionTypes=[Lcom.banking.model.TransactionType;@4bb7969}, succe (truncated)...]
2025-07-01 21:48:11 - Mapped to com.banking.controller.TransactionController#getTransactionsByType(TransactionType)
2025-07-01 21:48:11 - Using 'application/json', given [*/*] and supported [application/json, application/*+json]
2025-07-01 21:48:11 - Writing [{data={totalTransactions=1120, transactionTypes=[Lcom.banking.model.TransactionType;@15701491}, succ (truncated)...]
2025-07-01 21:48:11 - Mapped to com.banking.controller.TransactionController#getTransactionsByType(TransactionType)
2025-07-01 21:48:11 - Using 'application/json', given [*/*] and supported [application/json, application/*+json]
2025-07-01 21:48:11 - Writing [{data=[com.banking.dto.TransactionResponse@4a48cf3e, com.banking.dto.TransactionResponse@fd2bbc0, co (truncated)...]
2025-07-01 21:48:11 - Using 'application/json', given [*/*] and supported [application/json, application/*+json]
2025-07-01 21:48:11 - Writing [{data=[com.banking.dto.TransactionResponse@1b397fed, com.banking.dto.TransactionResponse@71a151f7, c (truncated)...]
2025-07-01 21:48:11 - Mapped to com.banking.controller.TransactionController#getSecurityStatistics(String, String)
2025-07-01 21:48:11 - Using 'application/json', given [*/*] and supported [application/json, application/*+json]
2025-07-01 21:48:11 - Writing [{data=[com.banking.dto.TransactionResponse@751cf0ff, com.banking.dto.TransactionResponse@40416619, c (truncated)...]
2025-07-01 21:48:11 - Using 'application/json', given [*/*] and supported [application/json, application/*+json]
2025-07-01 21:48:11 - Writing [{data=[com.banking.dto.TransactionResponse@52c09b6e, com.banking.dto.TransactionResponse@2d7c4cd3, c (truncated)...]
2025-07-01 21:48:11 - Using 'application/json', given [*/*] and supported [application/json, application/*+json]
2025-07-01 21:48:11 - Writing [{data=[com.banking.dto.TransactionResponse@422ff93b, com.banking.dto.TransactionResponse@31399603, c (truncated)...]
2025-07-01 21:48:11 - Mapped to com.banking.controller.TransactionController#getSecurityStatistics(String, String)
2025-07-01 21:48:11 - Mapped to com.banking.controller.TransactionController#getSecurityStatistics(String, String)
2025-07-01 21:48:12 - Using 'application/json', given [*/*] and supported [application/json, application/*+json]
2025-07-01 21:48:12 - Writing [{data={totalTransactions=1120, transactionTypes=[Lcom.banking.model.TransactionType;@11c3c320}, succ (truncated)...]
2025-07-01 21:48:12 - Mapped to com.banking.controller.TransactionController#getTransactionsByType(TransactionType)
2025-07-01 21:48:12 - Using 'application/json', given [*/*] and supported [application/json, application/*+json]
2025-07-01 21:48:12 - Mapped to com.banking.controller.TransactionController#getSecurityStatistics(String, String)
2025-07-01 21:48:12 - Writing [{data={totalTransactions=1120, transactionTypes=[Lcom.banking.model.TransactionType;@36055ecf}, succ (truncated)...]
2025-07-01 21:48:12 - Mapped to com.banking.controller.TransactionController#getTransactionsByType(TransactionType)
2025-07-01 21:48:12 - Using 'application/json', given [*/*] and supported [application/json, application/*+json]
2025-07-01 21:48:12 - Writing [{data=[com.banking.dto.TransactionResponse@3ea4d5cb, com.banking.dto.TransactionResponse@6f2a5a76, c (truncated)...]
2025-07-01 21:48:12 - Using 'application/json', given [*/*] and supported [application/json, application/*+json]
2025-07-01 21:48:12 - Using 'application/json', given [*/*] and supported [application/json, application/*+json]
2025-07-01 21:48:12 - Writing [{pagination={totalPages=112, page=0, total=1120, size=10}, data=[com.banking.dto.TransactionResponse (truncated)...]
2025-07-01 21:48:12 - Writing [{data=[com.banking.dto.TransactionResponse@51d1e516, com.banking.dto.TransactionResponse@51671a5e, c (truncated)...]
2025-07-01 21:48:12 - Mapped to com.banking.controller.TransactionController#getStatistics()
2025-07-01 21:48:12 - Using 'application/json', given [*/*] and supported [application/json, application/*+json]
2025-07-01 21:48:12 - Writing [{data={transDate=2025-07-01, securityCode=000001, buyStatistics={averagePrice=10.0000, totalAmount=1 (truncated)...]
2025-07-01 21:48:12 - Mapped to com.banking.controller.TransactionController#getTransactionsByAccount(String)
2025-07-01 21:48:12 - Using 'application/json', given [*/*] and supported [application/json, application/*+json]
2025-07-01 21:48:12 - Writing [{data={transDate=2025-07-01, securityCode=000001, buyStatistics={averagePrice=10.0000, totalAmount=1 (truncated)...]
2025-07-01 21:48:12 - Mapped to com.banking.controller.TransactionController#getTransactionsByAccount(String)
2025-07-01 21:48:12 - Using 'application/json', given [*/*] and supported [application/json, application/*+json]
2025-07-01 21:48:12 - Writing [{data={totalTransactions=1120, transactionTypes=[Lcom.banking.model.TransactionType;@4ee13566}, succ (truncated)...]
2025-07-01 21:48:12 - Mapped to com.banking.controller.TransactionController#getTransactionsByType(TransactionType)
2025-07-01 21:48:12 - Using 'application/json', given [*/*] and supported [application/json, application/*+json]
2025-07-01 21:48:12 - Writing [{pagination={totalPages=112, page=0, total=1120, size=10}, data=[com.banking.dto.TransactionResponse (truncated)...]
2025-07-01 21:48:12 - Mapped to com.banking.controller.TransactionController#getStatistics()
2025-07-01 21:48:12 - Using 'application/json', given [*/*] and supported [application/json, application/*+json]
2025-07-01 21:48:12 - Writing [{data={totalTransactions=1120, transactionTypes=[Lcom.banking.model.TransactionType;@4828b883}, succ (truncated)...]
2025-07-01 21:48:12 - Mapped to com.banking.controller.TransactionController#getSecurityStatistics(String, String)
2025-07-01 21:48:12 - Mapped to com.banking.controller.TransactionController#getTransactionsByType(TransactionType)
2025-07-01 21:48:12 - Using 'application/json', given [*/*] and supported [application/json, application/*+json]
2025-07-01 21:48:12 - Writing [{data={transDate=2025-07-01, securityCode=000001, buyStatistics={averagePrice=10.0000, totalAmount=1 (truncated)...]
2025-07-01 21:48:12 - Using 'application/json', given [*/*] and supported [application/json, application/*+json]
2025-07-01 21:48:12 - Writing [{pagination={totalPages=112, page=0, total=1120, size=10}, data=[com.banking.dto.TransactionResponse (truncated)...]
2025-07-01 21:48:12 - Mapped to com.banking.controller.TransactionController#getTransactionsByAccount(String)
2025-07-01 21:48:12 - Mapped to com.banking.controller.TransactionController#getStatistics()
2025-07-01 21:48:12 - Using 'application/json', given [*/*] and supported [application/json, application/*+json]
2025-07-01 21:48:12 - Writing [{data={totalTransactions=1120, transactionTypes=[Lcom.banking.model.TransactionType;@30e1ecba}, succ (truncated)...]
2025-07-01 21:48:12 - Mapped to com.banking.controller.TransactionController#getTransactionsByType(TransactionType)
2025-07-01 21:48:12 - Using 'application/json', given [*/*] and supported [application/json, application/*+json]
2025-07-01 21:48:12 - Writing [{data=[com.banking.dto.TransactionResponse@4e03efd2, com.banking.dto.TransactionResponse@73471964, c (truncated)...]
2025-07-01 21:48:12 - Using 'application/json', given [*/*] and supported [application/json, application/*+json]
2025-07-01 21:48:12 - Writing [{data=[com.banking.dto.TransactionResponse@7f797989, com.banking.dto.TransactionResponse@3ae2fa33, c (truncated)...]
2025-07-01 21:48:12 - Mapped to com.banking.controller.TransactionController#getSecurityStatistics(String, String)
2025-07-01 21:48:12 - Using 'application/json', given [*/*] and supported [application/json, application/*+json]
2025-07-01 21:48:12 - Writing [{data={transDate=2025-07-01, securityCode=000001, buyStatistics={averagePrice=10.0000, totalAmount=1 (truncated)...]
2025-07-01 21:48:12 - Mapped to com.banking.controller.TransactionController#getSecurityStatistics(String, String)
2025-07-01 21:48:12 - Mapped to com.banking.controller.TransactionController#getTransactionsByAccount(String)
2025-07-01 21:48:12 - Using 'application/json', given [*/*] and supported [application/json, application/*+json]
2025-07-01 21:48:12 - Writing [{data={transDate=2025-07-01, securityCode=000001, buyStatistics={averagePrice=10.0000, totalAmount=1 (truncated)...]
2025-07-01 21:48:12 - Mapped to com.banking.controller.TransactionController#getTransactionsByAccount(String)
2025-07-01 21:48:12 - Using 'application/json', given [*/*] and supported [application/json, application/*+json]
2025-07-01 21:48:12 - Writing [{data=[com.banking.dto.TransactionResponse@11cb846d, com.banking.dto.TransactionResponse@1f7eaf80, c (truncated)...]
2025-07-01 21:48:12 - Using 'application/json', given [*/*] and supported [application/json, application/*+json]
2025-07-01 21:48:12 - Writing [{data={totalTransactions=1120, transactionTypes=[Lcom.banking.model.TransactionType;@36e8039d}, succ (truncated)...]
2025-07-01 21:48:12 - Using 'application/json', given [*/*] and supported [application/json, application/*+json]
2025-07-01 21:48:12 - Mapped to com.banking.controller.TransactionController#getSecurityStatistics(String, String)
2025-07-01 21:48:12 - Writing [{data=[com.banking.dto.TransactionResponse@6295df13, com.banking.dto.TransactionResponse@4d610bab, c (truncated)...]
2025-07-01 21:48:12 - Using 'application/json', given [*/*] and supported [application/json, application/*+json]
2025-07-01 21:48:12 - Writing [{data={transDate=2025-07-01, securityCode=000001, buyStatistics={averagePrice=10.0000, totalAmount=1 (truncated)...]
2025-07-01 21:48:12 - Using 'application/json', given [*/*] and supported [application/json, application/*+json]
2025-07-01 21:48:12 - Mapped to com.banking.controller.TransactionController#getTransactionsByType(TransactionType)
2025-07-01 21:48:12 - Writing [{data={totalTransactions=1120, transactionTypes=[Lcom.banking.model.TransactionType;@50746286}, succ (truncated)...]
2025-07-01 21:48:12 - Mapped to com.banking.controller.TransactionController#getTransactionsByType(TransactionType)
2025-07-01 21:48:12 - Mapped to com.banking.controller.TransactionController#getTransactionsByAccount(String)
2025-07-01 21:48:12 - Using 'application/json', given [*/*] and supported [application/json, application/*+json]
2025-07-01 21:48:12 - Writing [{data=[com.banking.dto.TransactionResponse@69a70c4b, com.banking.dto.TransactionResponse@1365998c, c (truncated)...]
2025-07-01 21:48:12 - Mapped to com.banking.controller.TransactionController#getSecurityStatistics(String, String)
2025-07-01 21:48:12 - Using 'application/json', given [*/*] and supported [application/json, application/*+json]
2025-07-01 21:48:12 - Writing [{data={transDate=2025-07-01, securityCode=000001, buyStatistics={averagePrice=10.0000, totalAmount=1 (truncated)...]
2025-07-01 21:48:12 - Mapped to com.banking.controller.TransactionController#getTransactionsByAccount(String)
2025-07-01 21:48:12 - Mapped to com.banking.controller.TransactionController#getSecurityStatistics(String, String)
2025-07-01 21:48:12 - Using 'application/json', given [*/*] and supported [application/json, application/*+json]
2025-07-01 21:48:12 - Writing [{data={transDate=2025-07-01, securityCode=000001, buyStatistics={averagePrice=10.0000, totalAmount=1 (truncated)...]
2025-07-01 21:48:12 - Mapped to com.banking.controller.TransactionController#getTransactionsByAccount(String)
2025-07-01 21:48:12 - Using 'application/json', given [*/*] and supported [application/json, application/*+json]
2025-07-01 21:48:12 - Writing [{data=[com.banking.dto.TransactionResponse@23214683, com.banking.dto.TransactionResponse@323124e2, c (truncated)...]
2025-07-01 21:48:12 - Using 'application/json', given [*/*] and supported [application/json, application/*+json]
2025-07-01 21:48:12 - Writing [{data=[com.banking.dto.TransactionResponse@528cc65d, com.banking.dto.TransactionResponse@2acb83a4, c (truncated)...]
2025-07-01 21:48:12 - Mapped to com.banking.controller.TransactionController#getSecurityStatistics(String, String)
2025-07-01 21:48:12 - Using 'application/json', given [*/*] and supported [application/json, application/*+json]
2025-07-01 21:48:12 - Writing [{data={transDate=2025-07-01, securityCode=000001, buyStatistics={averagePrice=10.0000, totalAmount=1 (truncated)...]
2025-07-01 21:48:12 - Mapped to com.banking.controller.TransactionController#getTransactionsByAccount(String)
2025-07-01 21:48:12 - Using 'application/json', given [*/*] and supported [application/json, application/*+json]
2025-07-01 21:48:12 - Writing [{data=[com.banking.dto.TransactionResponse@110d8df9, com.banking.dto.TransactionResponse@3bef8399, c (truncated)...]
2025-07-01 21:48:12 - Using 'application/json', given [*/*] and supported [application/json, application/*+json]
2025-07-01 21:48:12 - Writing [{data={totalTransactions=1120, transactionTypes=[Lcom.banking.model.TransactionType;@4b9562bc}, succ (truncated)...]
2025-07-01 21:48:12 - Mapped to com.banking.controller.TransactionController#getTransactionsByType(TransactionType)
2025-07-01 21:48:12 - Mapped to com.banking.controller.TransactionController#getSecurityStatistics(String, String)
2025-07-01 21:48:12 - Using 'application/json', given [*/*] and supported [application/json, application/*+json]
2025-07-01 21:48:12 - Writing [{data={transDate=2025-07-01, securityCode=000001, buyStatistics={averagePrice=10.0000, totalAmount=1 (truncated)...]
2025-07-01 21:48:12 - Using 'application/json', given [*/*] and supported [application/json, application/*+json]
2025-07-01 21:48:12 - Writing [{pagination={totalPages=112, page=0, total=1120, size=10}, data=[com.banking.dto.TransactionResponse (truncated)...]
2025-07-01 21:48:12 - Mapped to com.banking.controller.TransactionController#getTransactionsByAccount(String)
2025-07-01 21:48:12 - Mapped to com.banking.controller.TransactionController#getStatistics()
2025-07-01 21:48:12 - Using 'application/json', given [*/*] and supported [application/json, application/*+json]
2025-07-01 21:48:12 - Writing [{pagination={totalPages=112, page=0, total=1120, size=10}, data=[com.banking.dto.TransactionResponse (truncated)...]
2025-07-01 21:48:12 - Mapped to com.banking.controller.TransactionController#getStatistics()
2025-07-01 21:48:12 - Using 'application/json', given [*/*] and supported [application/json, application/*+json]
2025-07-01 21:48:12 - Writing [{pagination={totalPages=112, page=0, total=1120, size=10}, data=[com.banking.dto.TransactionResponse (truncated)...]
2025-07-01 21:48:12 - Mapped to com.banking.controller.TransactionController#getStatistics()
2025-07-01 21:48:12 - Using 'application/json', given [*/*] and supported [application/json, application/*+json]
2025-07-01 21:48:12 - Writing [{data={transDate=2025-07-01, securityCode=000001, buyStatistics={averagePrice=10.0000, totalAmount=1 (truncated)...]
2025-07-01 21:48:12 - Mapped to com.banking.controller.TransactionController#getTransactionsByAccount(String)
2025-07-01 21:48:12 - Using 'application/json', given [*/*] and supported [application/json, application/*+json]
2025-07-01 21:48:12 - Writing [{data=[com.banking.dto.TransactionResponse@184ea190, com.banking.dto.TransactionResponse@45345c3f, c (truncated)...]
2025-07-01 21:48:12 - Mapped to com.banking.controller.TransactionController#getSecurityStatistics(String, String)
2025-07-01 21:48:12 - Using 'application/json', given [*/*] and supported [application/json, application/*+json]
2025-07-01 21:48:12 - Writing [{data={totalTransactions=1120, transactionTypes=[Lcom.banking.model.TransactionType;@6f44f211}, succ (truncated)...]
2025-07-01 21:48:12 - Using 'application/json', given [*/*] and supported [application/json, application/*+json]
2025-07-01 21:48:12 - Writing [{data={transDate=2025-07-01, securityCode=000001, buyStatistics={averagePrice=10.0000, totalAmount=1 (truncated)...]
2025-07-01 21:48:12 - Mapped to com.banking.controller.TransactionController#getTransactionsByType(TransactionType)
2025-07-01 21:48:12 - Using 'application/json', given [*/*] and supported [application/json, application/*+json]
2025-07-01 21:48:12 - Mapped to com.banking.controller.TransactionController#getTransactionsByAccount(String)
2025-07-01 21:48:12 - Writing [{data={totalTransactions=1120, transactionTypes=[Lcom.banking.model.TransactionType;@ff9386d}, succe (truncated)...]
2025-07-01 21:48:12 - Mapped to com.banking.controller.TransactionController#getTransactionsByType(TransactionType)
2025-07-01 21:48:12 - Using 'application/json', given [*/*] and supported [application/json, application/*+json]
2025-07-01 21:48:12 - Writing [{data=[com.banking.dto.TransactionResponse@44bb48b3, com.banking.dto.TransactionResponse@3f43a2c4, c (truncated)...]
2025-07-01 21:48:12 - Mapped to com.banking.controller.TransactionController#getSecurityStatistics(String, String)
2025-07-01 21:48:12 - Using 'application/json', given [*/*] and supported [application/json, application/*+json]
2025-07-01 21:48:12 - Writing [{data={transDate=2025-07-01, securityCode=000001, buyStatistics={averagePrice=10.0000, totalAmount=1 (truncated)...]
2025-07-01 21:48:12 - Mapped to com.banking.controller.TransactionController#getTransactionsByAccount(String)
2025-07-01 21:48:12 - Using 'application/json', given [*/*] and supported [application/json, application/*+json]
2025-07-01 21:48:12 - Mapped to com.banking.controller.TransactionController#getSecurityStatistics(String, String)
2025-07-01 21:48:12 - Using 'application/json', given [*/*] and supported [application/json, application/*+json]
2025-07-01 21:48:12 - Writing [{data={totalTransactions=1120, transactionTypes=[Lcom.banking.model.TransactionType;@3e9b4b59}, succ (truncated)...]
2025-07-01 21:48:12 - Writing [{data=[com.banking.dto.TransactionResponse@762009ca, com.banking.dto.TransactionResponse@3eccbd2a, c (truncated)...]
2025-07-01 21:48:12 - Using 'application/json', given [*/*] and supported [application/json, application/*+json]
2025-07-01 21:48:12 - Writing [{data={transDate=2025-07-01, securityCode=000001, buyStatistics={averagePrice=10.0000, totalAmount=1 (truncated)...]
2025-07-01 21:48:12 - Mapped to com.banking.controller.TransactionController#getTransactionsByType(TransactionType)
2025-07-01 21:48:12 - Mapped to com.banking.controller.TransactionController#getSecurityStatistics(String, String)
2025-07-01 21:48:12 - Using 'application/json', given [*/*] and supported [application/json, application/*+json]
2025-07-01 21:48:12 - Writing [{data={totalTransactions=1120, transactionTypes=[Lcom.banking.model.TransactionType;@596f1791}, succ (truncated)...]
2025-07-01 21:48:12 - Mapped to com.banking.controller.TransactionController#getTransactionsByAccount(String)
2025-07-01 21:48:12 - Using 'application/json', given [*/*] and supported [application/json, application/*+json]
2025-07-01 21:48:12 - Writing [{data={transDate=2025-07-01, securityCode=000001, buyStatistics={averagePrice=10.0000, totalAmount=1 (truncated)...]
2025-07-01 21:48:12 - Mapped to com.banking.controller.TransactionController#getTransactionsByType(TransactionType)
2025-07-01 21:48:12 - Mapped to com.banking.controller.TransactionController#getTransactionsByAccount(String)
2025-07-01 21:48:12 - Using 'application/json', given [*/*] and supported [application/json, application/*+json]
2025-07-01 21:48:12 - Using 'application/json', given [*/*] and supported [application/json, application/*+json]
2025-07-01 21:48:12 - Writing [{data={transDate=2025-07-01, securityCode=000001, buyStatistics={averagePrice=10.0000, totalAmount=1 (truncated)...]
2025-07-01 21:48:12 - Writing [{data={transDate=2025-07-01, securityCode=000001, buyStatistics={averagePrice=10.0000, totalAmount=1 (truncated)...]
2025-07-01 21:48:12 - Mapped to com.banking.controller.TransactionController#getTransactionsByAccount(String)
2025-07-01 21:48:12 - Mapped to com.banking.controller.TransactionController#getTransactionsByAccount(String)
2025-07-01 21:48:12 - Mapped to com.banking.controller.TransactionController#getSecurityStatistics(String, String)
2025-07-01 21:48:12 - Using 'application/json', given [*/*] and supported [application/json, application/*+json]
2025-07-01 21:48:12 - Writing [{data={transDate=2025-07-01, securityCode=000001, buyStatistics={averagePrice=10.0000, totalAmount=1 (truncated)...]
2025-07-01 21:48:12 - Mapped to com.banking.controller.TransactionController#getTransactionsByAccount(String)
2025-07-01 21:48:12 - Using 'application/json', given [*/*] and supported [application/json, application/*+json]
2025-07-01 21:48:12 - Writing [{data=[com.banking.dto.TransactionResponse@5d4decb5, com.banking.dto.TransactionResponse@4fce6128, c (truncated)...]
2025-07-01 21:48:12 - Using 'application/json', given [*/*] and supported [application/json, application/*+json]
2025-07-01 21:48:12 - Writing [{data={transDate=2025-07-01, securityCode=000001, buyStatistics={averagePrice=10.0000, totalAmount=1 (truncated)...]
2025-07-01 21:48:12 - Mapped to com.banking.controller.TransactionController#getSecurityStatistics(String, String)
2025-07-01 21:48:12 - Mapped to com.banking.controller.TransactionController#getTransactionsByAccount(String)
2025-07-01 21:48:12 - Using 'application/json', given [*/*] and supported [application/json, application/*+json]
2025-07-01 21:48:12 - Using 'application/json', given [*/*] and supported [application/json, application/*+json]
2025-07-01 21:48:12 - Writing [{data={transDate=2025-07-01, securityCode=000001, buyStatistics={averagePrice=10.0000, totalAmount=1 (truncated)...]
2025-07-01 21:48:12 - Writing [{data={totalTransactions=1120, transactionTypes=[Lcom.banking.model.TransactionType;@2d757c7c}, succ (truncated)...]
2025-07-01 21:48:12 - Mapped to com.banking.controller.TransactionController#getTransactionsByType(TransactionType)
2025-07-01 21:48:12 - Mapped to com.banking.controller.TransactionController#getTransactionsByAccount(String)
2025-07-01 21:48:12 - Using 'application/json', given [*/*] and supported [application/json, application/*+json]
2025-07-01 21:48:12 - Writing [{data=[com.banking.dto.TransactionResponse@2e8e628c], success=true, message=获取账户交易成功}]
2025-07-01 21:48:12 - Mapped to com.banking.controller.TransactionController#getSecurityStatistics(String, String)
2025-07-01 21:48:12 - Using 'application/json', given [*/*] and supported [application/json, application/*+json]
2025-07-01 21:48:12 - Writing [{data={totalTransactions=1120, transactionTypes=[Lcom.banking.model.TransactionType;@1225b83b}, succ (truncated)...]
2025-07-01 21:48:12 - Using 'application/json', given [*/*] and supported [application/json, application/*+json]
2025-07-01 21:48:12 - Writing [{data={transDate=2025-07-01, securityCode=000001, buyStatistics={averagePrice=10.0000, totalAmount=1 (truncated)...]
2025-07-01 21:48:12 - Mapped to com.banking.controller.TransactionController#getTransactionsByType(TransactionType)
2025-07-01 21:48:12 - Mapped to com.banking.controller.TransactionController#getTransactionsByAccount(String)
2025-07-01 21:48:12 - Using 'application/json', given [*/*] and supported [application/json, application/*+json]
2025-07-01 21:48:12 - Writing [{data={transDate=2025-07-01, securityCode=000001, buyStatistics={averagePrice=10.0000, totalAmount=1 (truncated)...]
2025-07-01 21:48:12 - Mapped to com.banking.controller.TransactionController#getSecurityStatistics(String, String)
2025-07-01 21:48:12 - Mapped to com.banking.controller.TransactionController#getTransactionsByAccount(String)
2025-07-01 21:48:12 - Using 'application/json', given [*/*] and supported [application/json, application/*+json]
2025-07-01 21:48:12 - Writing [{data={transDate=2025-07-01, securityCode=000001, buyStatistics={averagePrice=10.0000, totalAmount=1 (truncated)...]
2025-07-01 21:48:12 - Mapped to com.banking.controller.TransactionController#getTransactionsByAccount(String)
2025-07-01 21:48:12 - Using 'application/json', given [*/*] and supported [application/json, application/*+json]
2025-07-01 21:48:12 - Writing [{data=[com.banking.dto.TransactionResponse@2340f8b8, com.banking.dto.TransactionResponse@48089818, c (truncated)...]
2025-07-01 21:48:12 - Using 'application/json', given [*/*] and supported [application/json, application/*+json]
2025-07-01 21:48:12 - Writing [{data=[com.banking.dto.TransactionResponse@7b0af3de, com.banking.dto.TransactionResponse@297da492, c (truncated)...]
2025-07-01 21:48:12 - Using 'application/json', given [*/*] and supported [application/json, application/*+json]
2025-07-01 21:48:12 - Writing [{data=[com.banking.dto.TransactionResponse@4e257e06, com.banking.dto.TransactionResponse@51302e6e, c (truncated)...]
2025-07-01 21:48:12 - Using 'application/json', given [*/*] and supported [application/json, application/*+json]
2025-07-01 21:48:12 - Writing [{data={transDate=2025-07-01, securityCode=000001, buyStatistics={averagePrice=10.0000, totalAmount=1 (truncated)...]
2025-07-01 21:48:12 - Mapped to com.banking.controller.TransactionController#getTransactionsByAccount(String)
2025-07-01 21:48:12 - Using 'application/json', given [*/*] and supported [application/json, application/*+json]
2025-07-01 21:48:12 - Writing [{data={transDate=2025-07-01, securityCode=000001, buyStatistics={averagePrice=10.0000, totalAmount=1 (truncated)...]
2025-07-01 21:48:12 - Mapped to com.banking.controller.TransactionController#getTransactionsByAccount(String)
2025-07-01 21:48:12 - Using 'application/json', given [*/*] and supported [application/json, application/*+json]
2025-07-01 21:48:12 - Writing [{data={totalTransactions=1120, transactionTypes=[Lcom.banking.model.TransactionType;@9854dea}, succe (truncated)...]
2025-07-01 21:48:12 - Using 'application/json', given [*/*] and supported [application/json, application/*+json]
2025-07-01 21:48:12 - Writing [{data={totalTransactions=1120, transactionTypes=[Lcom.banking.model.TransactionType;@45ef565f}, succ (truncated)...]
2025-07-01 21:48:12 - Mapped to com.banking.controller.TransactionController#getTransactionsByType(TransactionType)
2025-07-01 21:48:12 - Mapped to com.banking.controller.TransactionController#getTransactionsByType(TransactionType)
2025-07-01 21:48:12 - Using 'application/json', given [*/*] and supported [application/json, application/*+json]
2025-07-01 21:48:12 - Writing [{data=[com.banking.dto.TransactionResponse@46926adc, com.banking.dto.TransactionResponse@7197c4a2, c (truncated)...]
2025-07-01 21:48:12 - Using 'application/json', given [*/*] and supported [application/json, application/*+json]
2025-07-01 21:48:12 - Writing [{data={totalTransactions=1120, transactionTypes=[Lcom.banking.model.TransactionType;@41bfbb4}, succe (truncated)...]
2025-07-01 21:48:12 - Using 'application/json', given [*/*] and supported [application/json, application/*+json]
2025-07-01 21:48:12 - Writing [{data={totalTransactions=1120, transactionTypes=[Lcom.banking.model.TransactionType;@68f8c5ec}, succ (truncated)...]
2025-07-01 21:48:12 - Mapped to com.banking.controller.TransactionController#getTransactionsByType(TransactionType)
2025-07-01 21:48:12 - Mapped to com.banking.controller.TransactionController#getTransactionsByType(TransactionType)
2025-07-01 21:48:12 - Mapped to com.banking.controller.TransactionController#getSecurityStatistics(String, String)
2025-07-01 21:48:12 - Using 'application/json', given [*/*] and supported [application/json, application/*+json]
2025-07-01 21:48:12 - Writing [{data=[com.banking.dto.TransactionResponse@79b3629c, com.banking.dto.TransactionResponse@3e7824a1, c (truncated)...]
2025-07-01 21:48:12 - Using 'application/json', given [*/*] and supported [application/json, application/*+json]
2025-07-01 21:48:12 - Writing [{data={transDate=2025-07-01, securityCode=000001, buyStatistics={averagePrice=10.0000, totalAmount=1 (truncated)...]
2025-07-01 21:48:12 - Mapped to com.banking.controller.TransactionController#getTransactionsByAccount(String)
2025-07-01 21:48:12 - Using 'application/json', given [*/*] and supported [application/json, application/*+json]
2025-07-01 21:48:12 - Writing [{data={transDate=2025-07-01, securityCode=000001, buyStatistics={averagePrice=10.0000, totalAmount=1 (truncated)...]
2025-07-01 21:48:12 - Mapped to com.banking.controller.TransactionController#getTransactionsByAccount(String)
2025-07-01 21:48:12 - Using 'application/json', given [*/*] and supported [application/json, application/*+json]
2025-07-01 21:48:12 - Writing [{data={transDate=2025-07-01, securityCode=000001, buyStatistics={averagePrice=10.0000, totalAmount=1 (truncated)...]
2025-07-01 21:48:12 - Mapped to com.banking.controller.TransactionController#getTransactionsByAccount(String)
2025-07-01 21:48:12 - Using 'application/json', given [*/*] and supported [application/json, application/*+json]
2025-07-01 21:48:12 - Writing [{data={totalTransactions=1120, transactionTypes=[Lcom.banking.model.TransactionType;@4991cb26}, succ (truncated)...]
2025-07-01 21:48:12 - Mapped to com.banking.controller.TransactionController#getTransactionsByType(TransactionType)
2025-07-01 21:48:12 - Using 'application/json', given [*/*] and supported [application/json, application/*+json]
2025-07-01 21:48:12 - Writing [{pagination={totalPages=112, page=0, total=1120, size=10}, data=[com.banking.dto.TransactionResponse (truncated)...]
2025-07-01 21:48:12 - Mapped to com.banking.controller.TransactionController#getStatistics()
2025-07-01 21:48:12 - Mapped to com.banking.controller.TransactionController#getSecurityStatistics(String, String)
2025-07-01 21:48:12 - Using 'application/json', given [*/*] and supported [application/json, application/*+json]
2025-07-01 21:48:12 - Writing [{data={transDate=2025-07-01, securityCode=000001, buyStatistics={averagePrice=10.0000, totalAmount=1 (truncated)...]
2025-07-01 21:48:12 - Mapped to com.banking.controller.TransactionController#getTransactionsByAccount(String)
2025-07-01 21:48:12 - Using 'application/json', given [*/*] and supported [application/json, application/*+json]
2025-07-01 21:48:12 - Writing [{data=[com.banking.dto.TransactionResponse@4968650f, com.banking.dto.TransactionResponse@24874fe4, c (truncated)...]
2025-07-01 21:48:12 - Using 'application/json', given [*/*] and supported [application/json, application/*+json]
2025-07-01 21:48:12 - Writing [{data={transDate=2025-07-01, securityCode=000001, buyStatistics={averagePrice=10.0000, totalAmount=1 (truncated)...]
2025-07-01 21:48:12 - Mapped to com.banking.controller.TransactionController#getTransactionsByAccount(String)
2025-07-01 21:48:12 - Mapped to com.banking.controller.TransactionController#getSecurityStatistics(String, String)
2025-07-01 21:48:12 - Using 'application/json', given [*/*] and supported [application/json, application/*+json]
2025-07-01 21:48:12 - Writing [{data={transDate=2025-07-01, securityCode=000001, buyStatistics={averagePrice=10.0000, totalAmount=1 (truncated)...]
2025-07-01 21:48:12 - Mapped to com.banking.controller.TransactionController#getSecurityStatistics(String, String)
2025-07-01 21:48:12 - Using 'application/json', given [*/*] and supported [application/json, application/*+json]
2025-07-01 21:48:12 - Writing [{data={transDate=2025-07-01, securityCode=000001, buyStatistics={averagePrice=10.0000, totalAmount=1 (truncated)...]
2025-07-01 21:48:12 - Mapped to com.banking.controller.TransactionController#getTransactionsByAccount(String)
2025-07-01 21:48:12 - Mapped to com.banking.controller.TransactionController#getTransactionsByAccount(String)
2025-07-01 21:48:12 - Using 'application/json', given [*/*] and supported [application/json, application/*+json]
2025-07-01 21:48:12 - Writing [{data=[com.banking.dto.TransactionResponse@4442fd9f, com.banking.dto.TransactionResponse@56b63772, c (truncated)...]
2025-07-01 21:48:12 - Using 'application/json', given [*/*] and supported [application/json, application/*+json]
2025-07-01 21:48:12 - Writing [{pagination={totalPages=112, page=0, total=1120, size=10}, data=[com.banking.dto.TransactionResponse (truncated)...]
2025-07-01 21:48:12 - Using 'application/json', given [*/*] and supported [application/json, application/*+json]
2025-07-01 21:48:12 - Writing [{data=[com.banking.dto.TransactionResponse@150cd8de, com.banking.dto.TransactionResponse@6fc7e59b, c (truncated)...]
2025-07-01 21:48:12 - Mapped to com.banking.controller.TransactionController#getStatistics()
2025-07-01 21:48:12 - Using 'application/json', given [*/*] and supported [application/json, application/*+json]
2025-07-01 21:48:12 - Writing [{data=[com.banking.dto.TransactionResponse@1d8eea16, com.banking.dto.TransactionResponse@2de41aff, c (truncated)...]
2025-07-01 21:48:12 - Mapped to com.banking.controller.TransactionController#getSecurityStatistics(String, String)
2025-07-01 21:48:12 - Using 'application/json', given [*/*] and supported [application/json, application/*+json]
2025-07-01 21:48:12 - Writing [{data={transDate=2025-07-01, securityCode=000001, buyStatistics={averagePrice=10.0000, totalAmount=1 (truncated)...]
2025-07-01 21:48:12 - Using 'application/json', given [*/*] and supported [application/json, application/*+json]
2025-07-01 21:48:12 - Writing [{data=[com.banking.dto.TransactionResponse@32076dae, com.banking.dto.TransactionResponse@60d71e6a, c (truncated)...]
2025-07-01 21:48:12 - Mapped to com.banking.controller.TransactionController#getTransactionsByAccount(String)
2025-07-01 21:48:12 - Mapped to com.banking.controller.TransactionController#getSecurityStatistics(String, String)
2025-07-01 21:48:12 - Using 'application/json', given [*/*] and supported [application/json, application/*+json]
2025-07-01 21:48:12 - Writing [{data={transDate=2025-07-01, securityCode=000001, buyStatistics={averagePrice=10.0000, totalAmount=1 (truncated)...]
2025-07-01 21:48:12 - Mapped to com.banking.controller.TransactionController#getTransactionsByAccount(String)
2025-07-01 21:48:12 - Using 'application/json', given [*/*] and supported [application/json, application/*+json]
2025-07-01 21:48:12 - Writing [{pagination={totalPages=112, page=0, total=1120, size=10}, data=[com.banking.dto.TransactionResponse (truncated)...]
2025-07-01 21:48:12 - Mapped to com.banking.controller.TransactionController#getStatistics()
2025-07-01 21:48:12 - Mapped to com.banking.controller.TransactionController#getSecurityStatistics(String, String)
2025-07-01 21:48:12 - Using 'application/json', given [*/*] and supported [application/json, application/*+json]
2025-07-01 21:48:12 - Writing [{data={transDate=2025-07-01, securityCode=000001, buyStatistics={averagePrice=10.0000, totalAmount=1 (truncated)...]
2025-07-01 21:48:12 - Mapped to com.banking.controller.TransactionController#getTransactionsByAccount(String)
2025-07-01 21:48:12 - Mapped to com.banking.controller.TransactionController#getSecurityStatistics(String, String)
2025-07-01 21:48:12 - Using 'application/json', given [*/*] and supported [application/json, application/*+json]
2025-07-01 21:48:12 - Using 'application/json', given [*/*] and supported [application/json, application/*+json]
2025-07-01 21:48:12 - Writing [{data={totalTransactions=1120, transactionTypes=[Lcom.banking.model.TransactionType;@2c548f1f}, succ (truncated)...]
2025-07-01 21:48:12 - Writing [{data=[com.banking.dto.TransactionResponse@2b53ba66, com.banking.dto.TransactionResponse@756aa678, c (truncated)...]
2025-07-01 21:48:12 - Using 'application/json', given [*/*] and supported [application/json, application/*+json]
2025-07-01 21:48:12 - Writing [{data={transDate=2025-07-01, securityCode=000001, buyStatistics={averagePrice=10.0000, totalAmount=1 (truncated)...]
2025-07-01 21:48:12 - Mapped to com.banking.controller.TransactionController#getTransactionsByType(TransactionType)
2025-07-01 21:48:12 - Mapped to com.banking.controller.TransactionController#getTransactionsByAccount(String)
2025-07-01 21:48:12 - Mapped to com.banking.controller.TransactionController#getSecurityStatistics(String, String)
2025-07-01 21:48:12 - Using 'application/json', given [*/*] and supported [application/json, application/*+json]
2025-07-01 21:48:12 - Writing [{data={transDate=2025-07-01, securityCode=000001, buyStatistics={averagePrice=10.0000, totalAmount=1 (truncated)...]
2025-07-01 21:48:12 - Mapped to com.banking.controller.TransactionController#getTransactionsByAccount(String)
2025-07-01 21:48:12 - Using 'application/json', given [*/*] and supported [application/json, application/*+json]
2025-07-01 21:48:12 - Writing [{data=[com.banking.dto.TransactionResponse@4e382ee6, com.banking.dto.TransactionResponse@2f0cfa09, c (truncated)...]
2025-07-01 21:48:12 - Using 'application/json', given [*/*] and supported [application/json, application/*+json]
2025-07-01 21:48:12 - Writing [{data={transDate=2025-07-01, securityCode=000001, buyStatistics={averagePrice=10.0000, totalAmount=1 (truncated)...]
2025-07-01 21:48:12 - Using 'application/json', given [*/*] and supported [application/json, application/*+json]
2025-07-01 21:48:12 - Writing [{data={transDate=2025-07-01, securityCode=000001, buyStatistics={averagePrice=10.0000, totalAmount=1 (truncated)...]
2025-07-01 21:48:12 - Mapped to com.banking.controller.TransactionController#getTransactionsByAccount(String)
2025-07-01 21:48:12 - Mapped to com.banking.controller.TransactionController#getTransactionsByAccount(String)
2025-07-01 21:48:12 - Using 'application/json', given [*/*] and supported [application/json, application/*+json]
2025-07-01 21:48:12 - Writing [{data=[com.banking.dto.TransactionResponse@7b81f9ac, com.banking.dto.TransactionResponse@41b45987, c (truncated)...]
2025-07-01 21:48:12 - Using 'application/json', given [*/*] and supported [application/json, application/*+json]
2025-07-01 21:48:12 - Writing [{data=[com.banking.dto.TransactionResponse@ba636de, com.banking.dto.TransactionResponse@622d860b, co (truncated)...]
2025-07-01 21:48:13 - Using 'application/json', given [*/*] and supported [application/json, application/*+json]
2025-07-01 21:48:13 - Mapped to com.banking.controller.TransactionController#getSecurityStatistics(String, String)
2025-07-01 21:48:13 - Writing [{data=[com.banking.dto.TransactionResponse@5d2b418a, com.banking.dto.TransactionResponse@3857ae72, c (truncated)...]
2025-07-01 21:48:13 - Using 'application/json', given [*/*] and supported [application/json, application/*+json]
2025-07-01 21:48:13 - Writing [{data={transDate=2025-07-01, securityCode=000001, buyStatistics={averagePrice=10.0000, totalAmount=1 (truncated)...]
2025-07-01 21:48:13 - Mapped to com.banking.controller.TransactionController#getTransactionsByAccount(String)
2025-07-01 21:48:13 - Mapped to com.banking.controller.TransactionController#getSecurityStatistics(String, String)
2025-07-01 21:48:13 - Using 'application/json', given [*/*] and supported [application/json, application/*+json]
2025-07-01 21:48:13 - Writing [{data={transDate=2025-07-01, securityCode=000001, buyStatistics={averagePrice=10.0000, totalAmount=1 (truncated)...]
2025-07-01 21:48:13 - Mapped to com.banking.controller.TransactionController#getTransactionsByAccount(String)
2025-07-01 21:48:13 - Mapped to com.banking.controller.TransactionController#getSecurityStatistics(String, String)
2025-07-01 21:48:13 - Using 'application/json', given [*/*] and supported [application/json, application/*+json]
2025-07-01 21:48:13 - Writing [{data={transDate=2025-07-01, securityCode=000001, buyStatistics={averagePrice=10.0000, totalAmount=1 (truncated)...]
2025-07-01 21:48:13 - Mapped to com.banking.controller.TransactionController#getTransactionsByAccount(String)
2025-07-01 21:48:13 - Using 'application/json', given [*/*] and supported [application/json, application/*+json]
2025-07-01 21:48:13 - Writing [{data=[com.banking.dto.TransactionResponse@3ed45fba, com.banking.dto.TransactionResponse@7961c3bc, c (truncated)...]
2025-07-01 21:48:13 - Using 'application/json', given [*/*] and supported [application/json, application/*+json]
2025-07-01 21:48:13 - Writing [{data={transDate=2025-07-01, securityCode=000001, buyStatistics={averagePrice=10.0000, totalAmount=1 (truncated)...]
2025-07-01 21:48:13 - Mapped to com.banking.controller.TransactionController#getTransactionsByAccount(String)
2025-07-01 21:48:13 - Using 'application/json', given [*/*] and supported [application/json, application/*+json]
2025-07-01 21:48:13 - Writing [{data={totalTransactions=1120, transactionTypes=[Lcom.banking.model.TransactionType;@1533d30b}, succ (truncated)...]
2025-07-01 21:48:13 - Mapped to com.banking.controller.TransactionController#getTransactionsByType(TransactionType)
2025-07-01 21:48:13 - Using 'application/json', given [*/*] and supported [application/json, application/*+json]
2025-07-01 21:48:13 - Writing [{data={totalTransactions=1120, transactionTypes=[Lcom.banking.model.TransactionType;@5af0fabe}, succ (truncated)...]
2025-07-01 21:48:13 - Mapped to com.banking.controller.TransactionController#getSecurityStatistics(String, String)
2025-07-01 21:48:13 - Mapped to com.banking.controller.TransactionController#getTransactionsByType(TransactionType)
2025-07-01 21:48:13 - Using 'application/json', given [*/*] and supported [application/json, application/*+json]
2025-07-01 21:48:13 - Writing [{data={transDate=2025-07-01, securityCode=000001, buyStatistics={averagePrice=10.0000, totalAmount=1 (truncated)...]
2025-07-01 21:48:13 - Mapped to com.banking.controller.TransactionController#getTransactionsByAccount(String)
2025-07-01 21:48:13 - Using 'application/json', given [*/*] and supported [application/json, application/*+json]
2025-07-01 21:48:13 - Writing [{data=[com.banking.dto.TransactionResponse@2119495e, com.banking.dto.TransactionResponse@7d2709e4, c (truncated)...]
2025-07-01 21:48:13 - Using 'application/json', given [*/*] and supported [application/json, application/*+json]
2025-07-01 21:48:13 - Writing [{data={transDate=2025-07-01, securityCode=000001, buyStatistics={averagePrice=10.0000, totalAmount=1 (truncated)...]
2025-07-01 21:48:13 - Mapped to com.banking.controller.TransactionController#getTransactionsByAccount(String)
2025-07-01 21:48:13 - Using 'application/json', given [*/*] and supported [application/json, application/*+json]
2025-07-01 21:48:13 - Writing [{data=[com.banking.dto.TransactionResponse@35f8aba0, com.banking.dto.TransactionResponse@3fe7e5be, c (truncated)...]
2025-07-01 21:48:13 - Using 'application/json', given [*/*] and supported [application/json, application/*+json]
2025-07-01 21:48:13 - Mapped to com.banking.controller.TransactionController#getSecurityStatistics(String, String)
2025-07-01 21:48:13 - Writing [{data={totalTransactions=1120, transactionTypes=[Lcom.banking.model.TransactionType;@220fedda}, succ (truncated)...]
2025-07-01 21:48:13 - Using 'application/json', given [*/*] and supported [application/json, application/*+json]
2025-07-01 21:48:13 - Writing [{data={transDate=2025-07-01, securityCode=000001, buyStatistics={averagePrice=10.0000, totalAmount=1 (truncated)...]
2025-07-01 21:48:13 - Mapped to com.banking.controller.TransactionController#getTransactionsByType(TransactionType)
2025-07-01 21:48:13 - Using 'application/json', given [*/*] and supported [application/json, application/*+json]
2025-07-01 21:48:13 - Mapped to com.banking.controller.TransactionController#getTransactionsByAccount(String)
2025-07-01 21:48:13 - Writing [{data={totalTransactions=1120, transactionTypes=[Lcom.banking.model.TransactionType;@73d857a8}, succ (truncated)...]
2025-07-01 21:48:13 - Mapped to com.banking.controller.TransactionController#getTransactionsByType(TransactionType)
2025-07-01 21:48:13 - Using 'application/json', given [*/*] and supported [application/json, application/*+json]
2025-07-01 21:48:13 - Writing [{data={transDate=2025-07-01, securityCode=000001, buyStatistics={averagePrice=10.0000, totalAmount=1 (truncated)...]
2025-07-01 21:48:13 - Mapped to com.banking.controller.TransactionController#getTransactionsByAccount(String)
2025-07-01 21:48:13 - Using 'application/json', given [*/*] and supported [application/json, application/*+json]
2025-07-01 21:48:13 - Writing [{data={transDate=2025-07-01, securityCode=000001, buyStatistics={averagePrice=10.0000, totalAmount=1 (truncated)...]
2025-07-01 21:48:13 - Mapped to com.banking.controller.TransactionController#getTransactionsByAccount(String)
2025-07-01 21:48:13 - Mapped to com.banking.controller.TransactionController#getSecurityStatistics(String, String)
2025-07-01 21:48:13 - Using 'application/json', given [*/*] and supported [application/json, application/*+json]
2025-07-01 21:48:13 - Writing [{data={totalTransactions=1120, transactionTypes=[Lcom.banking.model.TransactionType;@512b77e4}, succ (truncated)...]
2025-07-01 21:48:13 - Mapped to com.banking.controller.TransactionController#getTransactionsByType(TransactionType)
2025-07-01 21:48:13 - Using 'application/json', given [*/*] and supported [application/json, application/*+json]
2025-07-01 21:48:13 - Writing [{data={transDate=2025-07-01, securityCode=000001, buyStatistics={averagePrice=10.0000, totalAmount=1 (truncated)...]
2025-07-01 21:48:13 - Mapped to com.banking.controller.TransactionController#getTransactionsByAccount(String)
2025-07-01 21:48:13 - Using 'application/json', given [*/*] and supported [application/json, application/*+json]
2025-07-01 21:48:13 - Writing [{data=[com.banking.dto.TransactionResponse@68109595, com.banking.dto.TransactionResponse@35fea72e, c (truncated)...]
2025-07-01 21:48:13 - Using 'application/json', given [*/*] and supported [application/json, application/*+json]
2025-07-01 21:48:13 - Writing [{data=[com.banking.dto.TransactionResponse@110f2c44, com.banking.dto.TransactionResponse@7efc3e1f, c (truncated)...]
2025-07-01 21:48:13 - Mapped to com.banking.controller.TransactionController#getSecurityStatistics(String, String)
2025-07-01 21:48:13 - Using 'application/json', given [*/*] and supported [application/json, application/*+json]
2025-07-01 21:48:13 - Writing [{data={transDate=2025-07-01, securityCode=000001, buyStatistics={averagePrice=10.0000, totalAmount=1 (truncated)...]
2025-07-01 21:48:13 - Using 'application/json', given [*/*] and supported [application/json, application/*+json]
2025-07-01 21:48:13 - Writing [{data=[com.banking.dto.TransactionResponse@5ee78343, com.banking.dto.TransactionResponse@5d5b7b33, c (truncated)...]
2025-07-01 21:48:13 - Mapped to com.banking.controller.TransactionController#getTransactionsByAccount(String)
2025-07-01 21:48:13 - Mapped to com.banking.controller.TransactionController#getSecurityStatistics(String, String)
2025-07-01 21:48:13 - Using 'application/json', given [*/*] and supported [application/json, application/*+json]
2025-07-01 21:48:13 - Using 'application/json', given [*/*] and supported [application/json, application/*+json]
2025-07-01 21:48:13 - Writing [{data={transDate=2025-07-01, securityCode=000001, buyStatistics={averagePrice=10.0000, totalAmount=1 (truncated)...]
2025-07-01 21:48:13 - Writing [{data=[com.banking.dto.TransactionResponse@7212a875, com.banking.dto.TransactionResponse@57c53c8d, c (truncated)...]
2025-07-01 21:48:13 - Mapped to com.banking.controller.TransactionController#getTransactionsByAccount(String)
2025-07-01 21:48:13 - Mapped to com.banking.controller.TransactionController#getSecurityStatistics(String, String)
2025-07-01 21:48:13 - Using 'application/json', given [*/*] and supported [application/json, application/*+json]
2025-07-01 21:48:13 - Writing [{data={transDate=2025-07-01, securityCode=000001, buyStatistics={averagePrice=10.0000, totalAmount=1 (truncated)...]
2025-07-01 21:48:13 - Mapped to com.banking.controller.TransactionController#getTransactionsByAccount(String)
2025-07-01 21:48:13 - Using 'application/json', given [*/*] and supported [application/json, application/*+json]
2025-07-01 21:48:13 - Writing [{data={transDate=2025-07-01, securityCode=000001, buyStatistics={averagePrice=10.0000, totalAmount=1 (truncated)...]
2025-07-01 21:48:13 - Mapped to com.banking.controller.TransactionController#getTransactionsByAccount(String)
2025-07-01 21:48:13 - Using 'application/json', given [*/*] and supported [application/json, application/*+json]
2025-07-01 21:48:13 - Writing [{data={transDate=2025-07-01, securityCode=000001, buyStatistics={averagePrice=10.0000, totalAmount=1 (truncated)...]
2025-07-01 21:48:13 - Mapped to com.banking.controller.TransactionController#getSecurityStatistics(String, String)
2025-07-01 21:48:13 - Using 'application/json', given [*/*] and supported [application/json, application/*+json]
2025-07-01 21:48:13 - Mapped to com.banking.controller.TransactionController#getTransactionsByAccount(String)
2025-07-01 21:48:13 - Writing [{data={transDate=2025-07-01, securityCode=000001, buyStatistics={averagePrice=10.0000, totalAmount=1 (truncated)...]
2025-07-01 21:48:13 - Mapped to com.banking.controller.TransactionController#getTransactionsByAccount(String)
2025-07-01 21:48:13 - Using 'application/json', given [*/*] and supported [application/json, application/*+json]
2025-07-01 21:48:13 - Writing [{data=[com.banking.dto.TransactionResponse@669ab638, com.banking.dto.TransactionResponse@61d69ab3, c (truncated)...]
2025-07-01 21:48:13 - Using 'application/json', given [*/*] and supported [application/json, application/*+json]
2025-07-01 21:48:13 - Writing [{data={transDate=2025-07-01, securityCode=000001, buyStatistics={averagePrice=10.0000, totalAmount=1 (truncated)...]
2025-07-01 21:48:13 - Mapped to com.banking.controller.TransactionController#getTransactionsByAccount(String)
2025-07-01 21:48:13 - Using 'application/json', given [*/*] and supported [application/json, application/*+json]
2025-07-01 21:48:13 - Writing [{data={transDate=2025-07-01, securityCode=000001, buyStatistics={averagePrice=10.0000, totalAmount=1 (truncated)...]
2025-07-01 21:48:13 - Mapped to com.banking.controller.TransactionController#getTransactionsByAccount(String)
2025-07-01 21:48:13 - Using 'application/json', given [*/*] and supported [application/json, application/*+json]
2025-07-01 21:48:13 - Writing [{data=[com.banking.dto.TransactionResponse@75740e, com.banking.dto.TransactionResponse@16232358, com (truncated)...]
2025-07-01 21:48:13 - Using 'application/json', given [*/*] and supported [application/json, application/*+json]
2025-07-01 21:48:13 - Writing [{data={totalTransactions=1120, transactionTypes=[Lcom.banking.model.TransactionType;@215b410e}, succ (truncated)...]
2025-07-01 21:48:13 - Mapped to com.banking.controller.TransactionController#getTransactionsByType(TransactionType)
2025-07-01 21:48:13 - Using 'application/json', given [*/*] and supported [application/json, application/*+json]
2025-07-01 21:48:13 - Writing [{data=[], success=true, message=获取账户交易成功}]
2025-07-01 21:48:13 - Mapped to com.banking.controller.TransactionController#getSecurityStatistics(String, String)
2025-07-01 21:48:13 - Using 'application/json', given [*/*] and supported [application/json, application/*+json]
2025-07-01 21:48:13 - Writing [{data={transDate=2025-07-01, securityCode=000001, buyStatistics={averagePrice=10.0000, totalAmount=1 (truncated)...]
2025-07-01 21:48:13 - Mapped to com.banking.controller.TransactionController#getTransactionsByAccount(String)
2025-07-01 21:48:13 - Using 'application/json', given [*/*] and supported [application/json, application/*+json]
2025-07-01 21:48:13 - Writing [{data=[com.banking.dto.TransactionResponse@4035bf0b, com.banking.dto.TransactionResponse@29737a1b, c (truncated)...]
2025-07-01 21:48:13 - Using 'application/json', given [*/*] and supported [application/json, application/*+json]
2025-07-01 21:48:13 - Writing [{data=[], success=true, message=获取账户交易成功}]
2025-07-01 21:48:13 - Using 'application/json', given [*/*] and supported [application/json, application/*+json]
2025-07-01 21:48:13 - Writing [{data={totalTransactions=1120, transactionTypes=[Lcom.banking.model.TransactionType;@1c3151bd}, succ (truncated)...]
2025-07-01 21:48:13 - Mapped to com.banking.controller.TransactionController#getTransactionsByType(TransactionType)
2025-07-01 21:48:13 - Mapped to com.banking.controller.TransactionController#getSecurityStatistics(String, String)
2025-07-01 21:48:13 - Using 'application/json', given [*/*] and supported [application/json, application/*+json]
2025-07-01 21:48:13 - Using 'application/json', given [*/*] and supported [application/json, application/*+json]
2025-07-01 21:48:13 - Writing [{data={totalTransactions=1120, transactionTypes=[Lcom.banking.model.TransactionType;@193f8dc2}, succ (truncated)...]
2025-07-01 21:48:13 - Using 'application/json', given [*/*] and supported [application/json, application/*+json]
2025-07-01 21:48:13 - Mapped to com.banking.controller.TransactionController#getSecurityStatistics(String, String)
2025-07-01 21:48:13 - Writing [{data=[com.banking.dto.TransactionResponse@554acfd], success=true, message=获取账户交易成功}]
2025-07-01 21:48:13 - Writing [{data={transDate=2025-07-01, securityCode=000001, buyStatistics={averagePrice=10.0000, totalAmount=1 (truncated)...]
2025-07-01 21:48:13 - Mapped to com.banking.controller.TransactionController#getTransactionsByType(TransactionType)
2025-07-01 21:48:13 - Using 'application/json', given [*/*] and supported [application/json, application/*+json]
2025-07-01 21:48:13 - Mapped to com.banking.controller.TransactionController#getSecurityStatistics(String, String)
2025-07-01 21:48:13 - Using 'application/json', given [*/*] and supported [application/json, application/*+json]
2025-07-01 21:48:13 - Writing [{data={transDate=2025-07-01, securityCode=000001, buyStatistics={averagePrice=10.0000, totalAmount=1 (truncated)...]
2025-07-01 21:48:13 - Using 'application/json', given [*/*] and supported [application/json, application/*+json]
2025-07-01 21:48:13 - Writing [{data={transDate=2025-07-01, securityCode=000001, buyStatistics={averagePrice=10.0000, totalAmount=1 (truncated)...]
2025-07-01 21:48:13 - Writing [{data=[com.banking.dto.TransactionResponse@37b993d6, com.banking.dto.TransactionResponse@359c4b3f, c (truncated)...]
2025-07-01 21:48:13 - Using 'application/json', given [*/*] and supported [application/json, application/*+json]
2025-07-01 21:48:13 - Writing [{data=[], success=true, message=获取账户交易成功}]
2025-07-01 21:48:13 - Mapped to com.banking.controller.TransactionController#getTransactionsByAccount(String)
2025-07-01 21:48:13 - Mapped to com.banking.controller.TransactionController#getTransactionsByAccount(String)
2025-07-01 21:48:13 - Using 'application/json', given [*/*] and supported [application/json, application/*+json]
2025-07-01 21:48:13 - Writing [{data=[], success=true, message=获取账户交易成功}]
2025-07-01 21:48:13 - Mapped to com.banking.controller.TransactionController#getTransactionsByAccount(String)
2025-07-01 21:48:13 - Using 'application/json', given [*/*] and supported [application/json, application/*+json]
2025-07-01 21:48:13 - Using 'application/json', given [*/*] and supported [application/json, application/*+json]
2025-07-01 21:48:13 - Writing [{data=[com.banking.dto.TransactionResponse@1eb396cf, com.banking.dto.TransactionResponse@b2c3cd1, co (truncated)...]
2025-07-01 21:48:13 - Writing [{data=[com.banking.dto.TransactionResponse@58415859, com.banking.dto.TransactionResponse@5d9cc7bb, c (truncated)...]
2025-07-01 21:48:13 - Using 'application/json', given [*/*] and supported [application/json, application/*+json]
2025-07-01 21:48:13 - Writing [{data=[], success=true, message=获取账户交易成功}]
2025-07-01 21:48:13 - Mapped to com.banking.controller.TransactionController#getSecurityStatistics(String, String)
2025-07-01 21:48:13 - Using 'application/json', given [*/*] and supported [application/json, application/*+json]
2025-07-01 21:48:13 - Writing [{data={transDate=2025-07-01, securityCode=000001, buyStatistics={averagePrice=10.0000, totalAmount=1 (truncated)...]
2025-07-01 21:48:13 - Mapped to com.banking.controller.TransactionController#getTransactionsByAccount(String)
2025-07-01 21:48:13 - Using 'application/json', given [*/*] and supported [application/json, application/*+json]
2025-07-01 21:48:13 - Writing [{data=[com.banking.dto.TransactionResponse@28dbefaa, com.banking.dto.TransactionResponse@957b56b, co (truncated)...]
2025-07-01 21:48:13 - Using 'application/json', given [*/*] and supported [application/json, application/*+json]
2025-07-01 21:48:13 - Writing [{data=[], success=true, message=获取账户交易成功}]
2025-07-01 21:48:13 - Mapped to com.banking.controller.TransactionController#getSecurityStatistics(String, String)
2025-07-01 21:48:13 - Using 'application/json', given [*/*] and supported [application/json, application/*+json]
2025-07-01 21:48:13 - Writing [{data=[], success=true, message=获取账户交易成功}]
2025-07-01 21:48:13 - Using 'application/json', given [*/*] and supported [application/json, application/*+json]
2025-07-01 21:48:13 - Writing [{data={transDate=2025-07-01, securityCode=000001, buyStatistics={averagePrice=10.0000, totalAmount=1 (truncated)...]
2025-07-01 21:48:13 - Using 'application/json', given [*/*] and supported [application/json, application/*+json]
2025-07-01 21:48:13 - Writing [{data=[], success=true, message=获取账户交易成功}]
2025-07-01 21:48:13 - Mapped to com.banking.controller.TransactionController#getTransactionsByAccount(String)
2025-07-01 21:48:13 - Using 'application/json', given [*/*] and supported [application/json, application/*+json]
2025-07-01 21:48:13 - Writing [{data=[], success=true, message=获取账户交易成功}]
2025-07-01 21:48:13 - Using 'application/json', given [*/*] and supported [application/json, application/*+json]
2025-07-01 21:48:13 - Mapped to com.banking.controller.TransactionController#getSecurityStatistics(String, String)
2025-07-01 21:48:13 - Writing [{data={totalTransactions=1120, transactionTypes=[Lcom.banking.model.TransactionType;@6ac6291a}, succ (truncated)...]
2025-07-01 21:48:13 - Using 'application/json', given [*/*] and supported [application/json, application/*+json]
2025-07-01 21:48:13 - Writing [{data={transDate=2025-07-01, securityCode=000001, buyStatistics={averagePrice=10.0000, totalAmount=1 (truncated)...]
2025-07-01 21:48:13 - Mapped to com.banking.controller.TransactionController#getTransactionsByType(TransactionType)
2025-07-01 21:48:13 - Using 'application/json', given [*/*] and supported [application/json, application/*+json]
2025-07-01 21:48:13 - Writing [{data={totalTransactions=1120, transactionTypes=[Lcom.banking.model.TransactionType;@9b02570}, succe (truncated)...]
2025-07-01 21:48:13 - Using 'application/json', given [*/*] and supported [application/json, application/*+json]
2025-07-01 21:48:13 - Mapped to com.banking.controller.TransactionController#getTransactionsByAccount(String)
2025-07-01 21:48:13 - Mapped to com.banking.controller.TransactionController#getTransactionsByType(TransactionType)
2025-07-01 21:48:13 - Writing [{data=[com.banking.dto.TransactionResponse@272969a4, com.banking.dto.TransactionResponse@1eb4fdd3, c (truncated)...]
2025-07-01 21:48:13 - Using 'application/json', given [*/*] and supported [application/json, application/*+json]
2025-07-01 21:48:13 - Writing [{data={totalTransactions=1120, transactionTypes=[Lcom.banking.model.TransactionType;@a387aef}, succe (truncated)...]
2025-07-01 21:48:13 - Mapped to com.banking.controller.TransactionController#getTransactionsByType(TransactionType)
2025-07-01 21:48:13 - Using 'application/json', given [*/*] and supported [application/json, application/*+json]
2025-07-01 21:48:13 - Writing [{data=[], success=true, message=获取账户交易成功}]
2025-07-01 21:48:13 - Using 'application/json', given [*/*] and supported [application/json, application/*+json]
2025-07-01 21:48:13 - Writing [{data=[com.banking.dto.TransactionResponse@6fafbc38, com.banking.dto.TransactionResponse@4546079c, c (truncated)...]
2025-07-01 21:48:13 - Mapped to com.banking.controller.TransactionController#getSecurityStatistics(String, String)
2025-07-01 21:48:13 - Using 'application/json', given [*/*] and supported [application/json, application/*+json]
2025-07-01 21:48:13 - Using 'application/json', given [*/*] and supported [application/json, application/*+json]
2025-07-01 21:48:13 - Writing [{data={transDate=2025-07-01, securityCode=000001, buyStatistics={averagePrice=10.0000, totalAmount=1 (truncated)...]
2025-07-01 21:48:13 - Writing [{data=[], success=true, message=获取账户交易成功}]
2025-07-01 21:48:13 - Mapped to com.banking.controller.TransactionController#getTransactionsByAccount(String)
2025-07-01 21:48:13 - Using 'application/json', given [*/*] and supported [application/json, application/*+json]
2025-07-01 21:48:13 - Writing [{data=[com.banking.dto.TransactionResponse@1f348f20, com.banking.dto.TransactionResponse@358fb43e, c (truncated)...]
2025-07-01 21:48:13 - Mapped to com.banking.controller.TransactionController#getSecurityStatistics(String, String)
2025-07-01 21:48:13 - Using 'application/json', given [*/*] and supported [application/json, application/*+json]
2025-07-01 21:48:13 - Using 'application/json', given [*/*] and supported [application/json, application/*+json]
2025-07-01 21:48:13 - Writing [{data=[], success=true, message=获取账户交易成功}]
2025-07-01 21:48:13 - Writing [{data={transDate=2025-07-01, securityCode=000001, buyStatistics={averagePrice=10.0000, totalAmount=1 (truncated)...]
2025-07-01 21:48:13 - Mapped to com.banking.controller.TransactionController#getTransactionsByAccount(String)
2025-07-01 21:48:13 - Using 'application/json', given [*/*] and supported [application/json, application/*+json]
2025-07-01 21:48:13 - Writing [{data=[], success=true, message=获取账户交易成功}]
2025-07-01 21:48:13 - Using 'application/json', given [*/*] and supported [application/json, application/*+json]
2025-07-01 21:48:13 - Writing [{data=[com.banking.dto.TransactionResponse@776e0543, com.banking.dto.TransactionResponse@3977b052, c (truncated)...]
2025-07-01 21:48:13 - Mapped to com.banking.controller.TransactionController#getSecurityStatistics(String, String)
2025-07-01 21:48:13 - Using 'application/json', given [*/*] and supported [application/json, application/*+json]
2025-07-01 21:48:13 - Writing [{data={transDate=2025-07-01, securityCode=000001, buyStatistics={averagePrice=10.0000, totalAmount=1 (truncated)...]
2025-07-01 21:48:13 - Using 'application/json', given [*/*] and supported [application/json, application/*+json]
2025-07-01 21:48:13 - Writing [{data=[com.banking.dto.TransactionResponse@5a57cb60, com.banking.dto.TransactionResponse@1ba370e, co (truncated)...]
2025-07-01 21:48:13 - Mapped to com.banking.controller.TransactionController#getTransactionsByAccount(String)
2025-07-01 21:48:13 - Using 'application/json', given [*/*] and supported [application/json, application/*+json]
2025-07-01 21:48:13 - Writing [{data=[com.banking.dto.TransactionResponse@6e869782], success=true, message=获取账户交易成功}]
2025-07-01 21:48:13 - Mapped to com.banking.controller.TransactionController#getSecurityStatistics(String, String)
2025-07-01 21:48:13 - Using 'application/json', given [*/*] and supported [application/json, application/*+json]
2025-07-01 21:48:13 - Writing [{data={transDate=2025-07-01, securityCode=000001, buyStatistics={averagePrice=10.0000, totalAmount=1 (truncated)...]
2025-07-01 21:48:13 - Using 'application/json', given [*/*] and supported [application/json, application/*+json]
2025-07-01 21:48:13 - Writing [{data=[], success=true, message=获取账户交易成功}]
2025-07-01 21:48:13 - Mapped to com.banking.controller.TransactionController#getTransactionsByAccount(String)
2025-07-01 21:48:13 - Using 'application/json', given [*/*] and supported [application/json, application/*+json]
2025-07-01 21:48:13 - Writing [{data=[com.banking.dto.TransactionResponse@2bd8d1cb], success=true, message=获取账户交易成功}]
2025-07-01 21:48:13 - Mapped to com.banking.controller.TransactionController#getSecurityStatistics(String, String)
2025-07-01 21:48:13 - Using 'application/json', given [*/*] and supported [application/json, application/*+json]
2025-07-01 21:48:13 - Writing [{data={transDate=2025-07-01, securityCode=000001, buyStatistics={averagePrice=10.0000, totalAmount=1 (truncated)...]
2025-07-01 21:48:13 - Using 'application/json', given [*/*] and supported [application/json, application/*+json]
2025-07-01 21:48:13 - Writing [{data=[com.banking.dto.TransactionResponse@3669bb14], success=true, message=获取账户交易成功}]
2025-07-01 21:48:13 - Using 'application/json', given [*/*] and supported [application/json, application/*+json]
2025-07-01 21:48:13 - Writing [{data=[], success=true, message=获取账户交易成功}]
2025-07-01 21:48:13 - Mapped to com.banking.controller.TransactionController#getTransactionsByAccount(String)
2025-07-01 21:48:13 - Using 'application/json', given [*/*] and supported [application/json, application/*+json]
2025-07-01 21:48:13 - Writing [{data=[com.banking.dto.TransactionResponse@4ac990f4, com.banking.dto.TransactionResponse@cb678b8, co (truncated)...]
2025-07-01 21:48:13 - Using 'application/json', given [*/*] and supported [application/json, application/*+json]
2025-07-01 21:48:13 - Writing [{data=[com.banking.dto.TransactionResponse@65ab11cf, com.banking.dto.TransactionResponse@16a2b153, c (truncated)...]
2025-07-01 21:48:13 - Mapped to com.banking.controller.TransactionController#getSecurityStatistics(String, String)
2025-07-01 21:48:13 - Using 'application/json', given [*/*] and supported [application/json, application/*+json]
2025-07-01 21:48:13 - Writing [{data=[com.banking.dto.TransactionResponse@6f22a116, com.banking.dto.TransactionResponse@1765d1f8, c (truncated)...]
2025-07-01 21:48:13 - Using 'application/json', given [*/*] and supported [application/json, application/*+json]
2025-07-01 21:48:13 - Writing [{data={transDate=2025-07-01, securityCode=000001, buyStatistics={averagePrice=10.0000, totalAmount=1 (truncated)...]
2025-07-01 21:48:13 - Mapped to com.banking.controller.TransactionController#getTransactionsByAccount(String)
2025-07-01 21:48:13 - Mapped to com.banking.controller.TransactionController#getSecurityStatistics(String, String)
2025-07-01 21:48:13 - Using 'application/json', given [*/*] and supported [application/json, application/*+json]
2025-07-01 21:48:13 - Writing [{data=[], success=true, message=获取账户交易成功}]
2025-07-01 21:48:13 - Using 'application/json', given [*/*] and supported [application/json, application/*+json]
2025-07-01 21:48:13 - Writing [{data={transDate=2025-07-01, securityCode=000001, buyStatistics={averagePrice=10.0000, totalAmount=1 (truncated)...]
2025-07-01 21:48:13 - Using 'application/json', given [*/*] and supported [application/json, application/*+json]
2025-07-01 21:48:13 - Writing [{data=[], success=true, message=获取账户交易成功}]
2025-07-01 21:48:13 - Mapped to com.banking.controller.TransactionController#getTransactionsByAccount(String)
2025-07-01 21:48:13 - Using 'application/json', given [*/*] and supported [application/json, application/*+json]
2025-07-01 21:48:13 - Writing [{data=[], success=true, message=获取账户交易成功}]
2025-07-01 21:48:13 - Using 'application/json', given [*/*] and supported [application/json, application/*+json]
2025-07-01 21:48:13 - Writing [{data=[com.banking.dto.TransactionResponse@5a7be023], success=true, message=获取账户交易成功}]
2025-07-01 21:48:13 - Using 'application/json', given [*/*] and supported [application/json, application/*+json]
2025-07-01 21:48:13 - Writing [{data=[], success=true, message=获取账户交易成功}]
2025-07-01 21:48:13 - Mapped to com.banking.controller.TransactionController#getSecurityStatistics(String, String)
2025-07-01 21:48:13 - Using 'application/json', given [*/*] and supported [application/json, application/*+json]
2025-07-01 21:48:13 - Using 'application/json', given [*/*] and supported [application/json, application/*+json]
2025-07-01 21:48:13 - Writing [{data=[com.banking.dto.TransactionResponse@64e25d32, com.banking.dto.TransactionResponse@4f532715, c (truncated)...]
2025-07-01 21:48:13 - Writing [{data={transDate=2025-07-01, securityCode=000001, buyStatistics={averagePrice=10.0000, totalAmount=1 (truncated)...]
2025-07-01 21:48:13 - Mapped to com.banking.controller.TransactionController#getTransactionsByAccount(String)
2025-07-01 21:48:13 - Using 'application/json', given [*/*] and supported [application/json, application/*+json]
2025-07-01 21:48:13 - Writing [{data=[com.banking.dto.TransactionResponse@14e57d99, com.banking.dto.TransactionResponse@444b44ee, c (truncated)...]
2025-07-01 21:48:13 - Mapped to com.banking.controller.TransactionController#getSecurityStatistics(String, String)
2025-07-01 21:48:13 - Using 'application/json', given [*/*] and supported [application/json, application/*+json]
2025-07-01 21:48:13 - Writing [{data={transDate=2025-07-01, securityCode=000001, buyStatistics={averagePrice=10.0000, totalAmount=1 (truncated)...]
2025-07-01 21:48:13 - Mapped to com.banking.controller.TransactionController#getTransactionsByAccount(String)
2025-07-01 21:48:13 - Using 'application/json', given [*/*] and supported [application/json, application/*+json]
2025-07-01 21:48:13 - Writing [{data=[com.banking.dto.TransactionResponse@2436d41f, com.banking.dto.TransactionResponse@7db1127a, c (truncated)...]
2025-07-01 21:48:13 - Mapped to com.banking.controller.TransactionController#getSecurityStatistics(String, String)
2025-07-01 21:48:13 - Using 'application/json', given [*/*] and supported [application/json, application/*+json]
2025-07-01 21:48:13 - Writing [{data={transDate=2025-07-01, securityCode=000001, buyStatistics={averagePrice=10.0000, totalAmount=1 (truncated)...]
2025-07-01 21:48:13 - Mapped to com.banking.controller.TransactionController#getTransactionsByAccount(String)
2025-07-01 21:48:13 - Using 'application/json', given [*/*] and supported [application/json, application/*+json]
2025-07-01 21:48:13 - Writing [{data=[com.banking.dto.TransactionResponse@273fafcd, com.banking.dto.TransactionResponse@2b45f215, c (truncated)...]
2025-07-01 21:48:13 - Using 'application/json', given [*/*] and supported [application/json, application/*+json]
2025-07-01 21:48:13 - Writing [{data=[], success=true, message=获取账户交易成功}]
2025-07-01 21:48:13 - Mapped to com.banking.controller.TransactionController#getSecurityStatistics(String, String)
2025-07-01 21:48:13 - Using 'application/json', given [*/*] and supported [application/json, application/*+json]
2025-07-01 21:48:13 - Writing [{data={transDate=2025-07-01, securityCode=000001, buyStatistics={averagePrice=10.0000, totalAmount=1 (truncated)...]
2025-07-01 21:48:13 - Using 'application/json', given [*/*] and supported [application/json, application/*+json]
2025-07-01 21:48:13 - Writing [{data=[com.banking.dto.TransactionResponse@5c93827a], success=true, message=获取账户交易成功}]
2025-07-01 21:48:13 - Mapped to com.banking.controller.TransactionController#getTransactionsByAccount(String)
2025-07-01 21:48:13 - Using 'application/json', given [*/*] and supported [application/json, application/*+json]
2025-07-01 21:48:13 - Writing [{data=[], success=true, message=获取账户交易成功}]
2025-07-01 21:48:13 - Using 'application/json', given [*/*] and supported [application/json, application/*+json]
2025-07-01 21:48:13 - Writing [{data=[com.banking.dto.TransactionResponse@7144aaf2, com.banking.dto.TransactionResponse@2f2b4cd0, c (truncated)...]
2025-07-01 21:48:13 - Using 'application/json', given [*/*] and supported [application/json, application/*+json]
2025-07-01 21:48:13 - Mapped to com.banking.controller.TransactionController#getSecurityStatistics(String, String)
2025-07-01 21:48:13 - Writing [{data={totalTransactions=1120, transactionTypes=[Lcom.banking.model.TransactionType;@64b755ca}, succ (truncated)...]
2025-07-01 21:48:13 - Using 'application/json', given [*/*] and supported [application/json, application/*+json]
2025-07-01 21:48:13 - Writing [{data={transDate=2025-07-01, securityCode=000001, buyStatistics={averagePrice=10.0000, totalAmount=1 (truncated)...]
2025-07-01 21:48:13 - Mapped to com.banking.controller.TransactionController#getTransactionsByType(TransactionType)
2025-07-01 21:48:13 - Using 'application/json', given [*/*] and supported [application/json, application/*+json]
2025-07-01 21:48:13 - Writing [{data=[com.banking.dto.TransactionResponse@143673d8], success=true, message=获取账户交易成功}]
2025-07-01 21:48:13 - Mapped to com.banking.controller.TransactionController#getTransactionsByAccount(String)
2025-07-01 21:48:13 - Using 'application/json', given [*/*] and supported [application/json, application/*+json]
2025-07-01 21:48:13 - Writing [{data=[], success=true, message=获取账户交易成功}]
2025-07-01 21:48:13 - Using 'application/json', given [*/*] and supported [application/json, application/*+json]
2025-07-01 21:48:13 - Writing [{data=[], success=true, message=获取账户交易成功}]
2025-07-01 21:48:13 - Using 'application/json', given [*/*] and supported [application/json, application/*+json]
2025-07-01 21:48:13 - Writing [{data=[], success=true, message=获取账户交易成功}]
2025-07-01 21:48:13 - Using 'application/json', given [*/*] and supported [application/json, application/*+json]
2025-07-01 21:48:13 - Writing [{data={totalTransactions=1120, transactionTypes=[Lcom.banking.model.TransactionType;@3bcae64c}, succ (truncated)...]
2025-07-01 21:48:13 - Mapped to com.banking.controller.TransactionController#getTransactionsByType(TransactionType)
2025-07-01 21:48:13 - Using 'application/json', given [*/*] and supported [application/json, application/*+json]
2025-07-01 21:48:13 - Writing [{data=[], success=true, message=获取账户交易成功}]
2025-07-01 21:48:13 - Using 'application/json', given [*/*] and supported [application/json, application/*+json]
2025-07-01 21:48:14 - Writing [{data=[], success=true, message=获取账户交易成功}]
2025-07-01 21:48:14 - Mapped to com.banking.controller.TransactionController#getSecurityStatistics(String, String)
2025-07-01 21:48:14 - Using 'application/json', given [*/*] and supported [application/json, application/*+json]
2025-07-01 21:48:14 - Using 'application/json', given [*/*] and supported [application/json, application/*+json]
2025-07-01 21:48:14 - Writing [{data={totalTransactions=1120, transactionTypes=[Lcom.banking.model.TransactionType;@5f015671}, succ (truncated)...]
2025-07-01 21:48:14 - Writing [{data={transDate=2025-07-01, securityCode=000001, buyStatistics={averagePrice=10.0000, totalAmount=1 (truncated)...]
2025-07-01 21:48:14 - Using 'application/json', given [*/*] and supported [application/json, application/*+json]
2025-07-01 21:48:14 - Writing [{data=[com.banking.dto.TransactionResponse@62ba4720], success=true, message=获取账户交易成功}]
2025-07-01 21:48:14 - Mapped to com.banking.controller.TransactionController#getTransactionsByType(TransactionType)
2025-07-01 21:48:14 - Mapped to com.banking.controller.TransactionController#getTransactionsByAccount(String)
2025-07-01 21:48:14 - Using 'application/json', given [*/*] and supported [application/json, application/*+json]
2025-07-01 21:48:14 - Writing [{data=[], success=true, message=获取账户交易成功}]
2025-07-01 21:48:14 - Using 'application/json', given [*/*] and supported [application/json, application/*+json]
2025-07-01 21:48:14 - Writing [{data=[], success=true, message=获取账户交易成功}]
2025-07-01 21:48:14 - Using 'application/json', given [*/*] and supported [application/json, application/*+json]
2025-07-01 21:48:14 - Writing [{data=[com.banking.dto.TransactionResponse@54560be], success=true, message=获取账户交易成功}]
2025-07-01 21:48:14 - Using 'application/json', given [*/*] and supported [application/json, application/*+json]
2025-07-01 21:48:14 - Writing [{data=[com.banking.dto.TransactionResponse@36fda182, com.banking.dto.TransactionResponse@5f76bf2c, c (truncated)...]
2025-07-01 21:48:14 - Using 'application/json', given [*/*] and supported [application/json, application/*+json]
2025-07-01 21:48:14 - Writing [{data=[com.banking.dto.TransactionResponse@21eb107d], success=true, message=获取账户交易成功}]
2025-07-01 21:48:14 - Using 'application/json', given [*/*] and supported [application/json, application/*+json]
2025-07-01 21:48:14 - Writing [{data=[], success=true, message=获取账户交易成功}]
2025-07-01 21:48:14 - Using 'application/json', given [*/*] and supported [application/json, application/*+json]
2025-07-01 21:48:14 - Writing [{data=[], success=true, message=获取账户交易成功}]
2025-07-01 21:48:14 - Using 'application/json', given [*/*] and supported [application/json, application/*+json]
2025-07-01 21:48:14 - Writing [{data=[com.banking.dto.TransactionResponse@58b17308], success=true, message=获取账户交易成功}]
2025-07-01 21:48:14 - Using 'application/json', given [*/*] and supported [application/json, application/*+json]
2025-07-01 21:48:14 - Writing [{data=[com.banking.dto.TransactionResponse@5f95c8b4], success=true, message=获取账户交易成功}]
2025-07-01 21:48:14 - Using 'application/json', given [*/*] and supported [application/json, application/*+json]
2025-07-01 21:48:14 - Writing [{data=[com.banking.dto.TransactionResponse@52e1b7a7, com.banking.dto.TransactionResponse@2e484ab7, c (truncated)...]
2025-07-01 21:48:14 - Mapped to com.banking.controller.TransactionController#getSecurityStatistics(String, String)
2025-07-01 21:48:14 - Using 'application/json', given [*/*] and supported [application/json, application/*+json]
2025-07-01 21:48:14 - Writing [{data={transDate=2025-07-01, securityCode=000001, buyStatistics={averagePrice=10.0000, totalAmount=1 (truncated)...]
2025-07-01 21:48:14 - Mapped to com.banking.controller.TransactionController#getTransactionsByAccount(String)
2025-07-01 21:48:14 - Using 'application/json', given [*/*] and supported [application/json, application/*+json]
2025-07-01 21:48:14 - Writing [{data=[com.banking.dto.TransactionResponse@c5ceccd, com.banking.dto.TransactionResponse@3e2a6be3, co (truncated)...]
2025-07-01 21:48:14 - Using 'application/json', given [*/*] and supported [application/json, application/*+json]
2025-07-01 21:48:14 - Writing [{data=[], success=true, message=获取账户交易成功}]
2025-07-01 21:48:14 - Mapped to com.banking.controller.TransactionController#getSecurityStatistics(String, String)
2025-07-01 21:48:14 - Using 'application/json', given [*/*] and supported [application/json, application/*+json]
2025-07-01 21:48:14 - Writing [{data=[], success=true, message=获取账户交易成功}]
2025-07-01 21:48:14 - Using 'application/json', given [*/*] and supported [application/json, application/*+json]
2025-07-01 21:48:14 - Writing [{data={transDate=2025-07-01, securityCode=000001, buyStatistics={averagePrice=10.0000, totalAmount=1 (truncated)...]
2025-07-01 21:48:14 - Mapped to com.banking.controller.TransactionController#getTransactionsByAccount(String)
2025-07-01 21:48:14 - Using 'application/json', given [*/*] and supported [application/json, application/*+json]
2025-07-01 21:48:14 - Using 'application/json', given [*/*] and supported [application/json, application/*+json]
2025-07-01 21:48:14 - Writing [{data=[com.banking.dto.TransactionResponse@6e0d6cf3], success=true, message=获取账户交易成功}]
2025-07-01 21:48:14 - Writing [{data=[com.banking.dto.TransactionResponse@2e87582b, com.banking.dto.TransactionResponse@1795a000, c (truncated)...]
2025-07-01 21:48:14 - Mapped to com.banking.controller.TransactionController#getSecurityStatistics(String, String)
2025-07-01 21:48:14 - Using 'application/json', given [*/*] and supported [application/json, application/*+json]
2025-07-01 21:48:14 - Writing [{data={transDate=2025-07-01, securityCode=000001, buyStatistics={averagePrice=10.0000, totalAmount=1 (truncated)...]
2025-07-01 21:48:14 - Mapped to com.banking.controller.TransactionController#getTransactionsByAccount(String)
2025-07-01 21:48:14 - Using 'application/json', given [*/*] and supported [application/json, application/*+json]
2025-07-01 21:48:14 - Writing [{data=[com.banking.dto.TransactionResponse@4a2649bf, com.banking.dto.TransactionResponse@49edb8, com (truncated)...]
2025-07-01 21:48:14 - Mapped to com.banking.controller.TransactionController#getSecurityStatistics(String, String)
2025-07-01 21:48:14 - Using 'application/json', given [*/*] and supported [application/json, application/*+json]
2025-07-01 21:48:14 - Using 'application/json', given [*/*] and supported [application/json, application/*+json]
2025-07-01 21:48:14 - Writing [{data=[com.banking.dto.TransactionResponse@60f08aa9], success=true, message=获取账户交易成功}]
2025-07-01 21:48:14 - Writing [{data={transDate=2025-07-01, securityCode=000001, buyStatistics={averagePrice=10.0000, totalAmount=1 (truncated)...]
2025-07-01 21:48:14 - Mapped to com.banking.controller.TransactionController#getTransactionsByAccount(String)
2025-07-01 21:48:14 - Using 'application/json', given [*/*] and supported [application/json, application/*+json]
2025-07-01 21:48:14 - Writing [{data=[], success=true, message=获取账户交易成功}]
2025-07-01 21:48:14 - Mapped to com.banking.controller.TransactionController#getSecurityStatistics(String, String)
2025-07-01 21:48:14 - Using 'application/json', given [*/*] and supported [application/json, application/*+json]
2025-07-01 21:48:14 - Writing [{data={transDate=2025-07-01, securityCode=000001, buyStatistics={averagePrice=10.0000, totalAmount=1 (truncated)...]
2025-07-01 21:48:14 - Using 'application/json', given [*/*] and supported [application/json, application/*+json]
2025-07-01 21:48:14 - Writing [{data=[], success=true, message=获取账户交易成功}]
2025-07-01 21:48:14 - Mapped to com.banking.controller.TransactionController#getTransactionsByAccount(String)
2025-07-01 21:48:14 - Using 'application/json', given [*/*] and supported [application/json, application/*+json]
2025-07-01 21:48:14 - Writing [{data=[com.banking.dto.TransactionResponse@283ada36], success=true, message=获取账户交易成功}]
2025-07-01 21:48:14 - Using 'application/json', given [*/*] and supported [application/json, application/*+json]
2025-07-01 21:48:14 - Writing [{data=[com.banking.dto.TransactionResponse@4ebd2402, com.banking.dto.TransactionResponse@3bef2015, c (truncated)...]
2025-07-01 21:48:14 - Using 'application/json', given [*/*] and supported [application/json, application/*+json]
2025-07-01 21:48:14 - Writing [{data=[com.banking.dto.TransactionResponse@33caacda], success=true, message=获取账户交易成功}]
2025-07-01 21:48:14 - Using 'application/json', given [*/*] and supported [application/json, application/*+json]
2025-07-01 21:48:14 - Writing [{data=[], success=true, message=获取账户交易成功}]
2025-07-01 21:48:14 - Using 'application/json', given [*/*] and supported [application/json, application/*+json]
2025-07-01 21:48:14 - Writing [{data=[com.banking.dto.TransactionResponse@309c5a1], success=true, message=获取账户交易成功}]
2025-07-01 21:48:14 - Using 'application/json', given [*/*] and supported [application/json, application/*+json]
2025-07-01 21:48:14 - Writing [{data=[], success=true, message=获取账户交易成功}]
2025-07-01 21:48:14 - Using 'application/json', given [*/*] and supported [application/json, application/*+json]
2025-07-01 21:48:14 - Writing [{data=[com.banking.dto.TransactionResponse@4cda15a7], success=true, message=获取账户交易成功}]
2025-07-01 21:48:14 - Using 'application/json', given [*/*] and supported [application/json, application/*+json]
2025-07-01 21:48:14 - Writing [{data=[com.banking.dto.TransactionResponse@6d00e0cc], success=true, message=获取账户交易成功}]
2025-07-01 21:48:14 - Using 'application/json', given [*/*] and supported [application/json, application/*+json]
2025-07-01 21:48:14 - Writing [{data=[], success=true, message=获取账户交易成功}]
2025-07-01 21:48:14 - Using 'application/json', given [*/*] and supported [application/json, application/*+json]
2025-07-01 21:48:14 - Writing [{data=[com.banking.dto.TransactionResponse@28c75bb8, com.banking.dto.TransactionResponse@1bde675c, c (truncated)...]
2025-07-01 21:48:14 - Using 'application/json', given [*/*] and supported [application/json, application/*+json]
2025-07-01 21:48:14 - Writing [{data=[], success=true, message=获取账户交易成功}]
2025-07-01 21:48:14 - Mapped to com.banking.controller.TransactionController#getSecurityStatistics(String, String)
2025-07-01 21:48:14 - Using 'application/json', given [*/*] and supported [application/json, application/*+json]
2025-07-01 21:48:14 - Writing [{data={transDate=2025-07-01, securityCode=000001, buyStatistics={averagePrice=10.0000, totalAmount=1 (truncated)...]
2025-07-01 21:48:14 - Mapped to com.banking.controller.TransactionController#getTransactionsByAccount(String)
2025-07-01 21:48:14 - Using 'application/json', given [*/*] and supported [application/json, application/*+json]
2025-07-01 21:48:14 - Writing [{data=[com.banking.dto.TransactionResponse@322366c, com.banking.dto.TransactionResponse@57f0e1cb, co (truncated)...]
2025-07-01 21:48:14 - Mapped to com.banking.controller.TransactionController#getSecurityStatistics(String, String)
2025-07-01 21:48:14 - Using 'application/json', given [*/*] and supported [application/json, application/*+json]
2025-07-01 21:48:14 - Writing [{data={transDate=2025-07-01, securityCode=000001, buyStatistics={averagePrice=10.0000, totalAmount=1 (truncated)...]
2025-07-01 21:48:14 - Mapped to com.banking.controller.TransactionController#getTransactionsByAccount(String)
2025-07-01 21:48:14 - Using 'application/json', given [*/*] and supported [application/json, application/*+json]
2025-07-01 21:48:14 - Writing [{data=[com.banking.dto.TransactionResponse@9541ab1, com.banking.dto.TransactionResponse@3ad381e1, co (truncated)...]
2025-07-01 21:48:14 - Mapped to com.banking.controller.TransactionController#getSecurityStatistics(String, String)
2025-07-01 21:48:14 - Using 'application/json', given [*/*] and supported [application/json, application/*+json]
2025-07-01 21:48:14 - Writing [{data=[], success=true, message=获取账户交易成功}]
2025-07-01 21:48:14 - Using 'application/json', given [*/*] and supported [application/json, application/*+json]
2025-07-01 21:48:14 - Writing [{data={transDate=2025-07-01, securityCode=000001, buyStatistics={averagePrice=10.0000, totalAmount=1 (truncated)...]
2025-07-01 21:48:14 - Using 'application/json', given [*/*] and supported [application/json, application/*+json]
2025-07-01 21:48:14 - Writing [{data=[com.banking.dto.TransactionResponse@2ffae9c9], success=true, message=获取账户交易成功}]
2025-07-01 21:48:14 - Mapped to com.banking.controller.TransactionController#getTransactionsByAccount(String)
2025-07-01 21:48:14 - Using 'application/json', given [*/*] and supported [application/json, application/*+json]
2025-07-01 21:48:14 - Writing [{data=[], success=true, message=获取账户交易成功}]
2025-07-01 21:48:14 - Using 'application/json', given [*/*] and supported [application/json, application/*+json]
2025-07-01 21:48:14 - Writing [{data=[com.banking.dto.TransactionResponse@7c8bae23], success=true, message=获取账户交易成功}]
2025-07-01 21:48:14 - Using 'application/json', given [*/*] and supported [application/json, application/*+json]
2025-07-01 21:48:14 - Writing [{data=[], success=true, message=获取账户交易成功}]
2025-07-01 21:48:14 - Using 'application/json', given [*/*] and supported [application/json, application/*+json]
2025-07-01 21:48:14 - Writing [{data=[com.banking.dto.TransactionResponse@6e8847ad, com.banking.dto.TransactionResponse@649e59d7, c (truncated)...]
2025-07-01 21:48:14 - Mapped to com.banking.controller.TransactionController#getSecurityStatistics(String, String)
2025-07-01 21:48:14 - Using 'application/json', given [*/*] and supported [application/json, application/*+json]
2025-07-01 21:48:14 - Writing [{data={transDate=2025-07-01, securityCode=000001, buyStatistics={averagePrice=10.0000, totalAmount=1 (truncated)...]
2025-07-01 21:48:14 - Mapped to com.banking.controller.TransactionController#getTransactionsByAccount(String)
2025-07-01 21:48:14 - Using 'application/json', given [*/*] and supported [application/json, application/*+json]
2025-07-01 21:48:14 - Writing [{data=[com.banking.dto.TransactionResponse@3b87547f, com.banking.dto.TransactionResponse@531f4a97, c (truncated)...]
2025-07-01 21:48:14 - Using 'application/json', given [*/*] and supported [application/json, application/*+json]
2025-07-01 21:48:14 - Writing [{data=[], success=true, message=获取账户交易成功}]
2025-07-01 21:48:14 - Mapped to com.banking.controller.TransactionController#getSecurityStatistics(String, String)
2025-07-01 21:48:14 - Using 'application/json', given [*/*] and supported [application/json, application/*+json]
2025-07-01 21:48:14 - Writing [{data={transDate=2025-07-01, securityCode=000001, buyStatistics={averagePrice=10.0000, totalAmount=1 (truncated)...]
2025-07-01 21:48:14 - Mapped to com.banking.controller.TransactionController#getTransactionsByAccount(String)
2025-07-01 21:48:14 - Using 'application/json', given [*/*] and supported [application/json, application/*+json]
2025-07-01 21:48:14 - Writing [{data=[com.banking.dto.TransactionResponse@3e49e872, com.banking.dto.TransactionResponse@685ad460, c (truncated)...]
2025-07-01 21:48:14 - Using 'application/json', given [*/*] and supported [application/json, application/*+json]
2025-07-01 21:48:14 - Writing [{data=[], success=true, message=获取账户交易成功}]
2025-07-01 21:48:14 - Using 'application/json', given [*/*] and supported [application/json, application/*+json]
2025-07-01 21:48:14 - Writing [{data=[], success=true, message=获取账户交易成功}]
2025-07-01 21:48:14 - Mapped to com.banking.controller.TransactionController#getSecurityStatistics(String, String)
2025-07-01 21:48:14 - Using 'application/json', given [*/*] and supported [application/json, application/*+json]
2025-07-01 21:48:14 - Writing [{data=[], success=true, message=获取账户交易成功}]
2025-07-01 21:48:14 - Using 'application/json', given [*/*] and supported [application/json, application/*+json]
2025-07-01 21:48:14 - Writing [{data={transDate=2025-07-01, securityCode=000001, buyStatistics={averagePrice=10.0000, totalAmount=1 (truncated)...]
2025-07-01 21:48:14 - Using 'application/json', given [*/*] and supported [application/json, application/*+json]
2025-07-01 21:48:14 - Mapped to com.banking.controller.TransactionController#getTransactionsByAccount(String)
2025-07-01 21:48:14 - Writing [{data=[com.banking.dto.TransactionResponse@105f244b], success=true, message=获取账户交易成功}]
2025-07-01 21:48:14 - Using 'application/json', given [*/*] and supported [application/json, application/*+json]
2025-07-01 21:48:14 - Writing [{data=[com.banking.dto.TransactionResponse@3608a13e], success=true, message=获取账户交易成功}]
2025-07-01 21:48:14 - Using 'application/json', given [*/*] and supported [application/json, application/*+json]
2025-07-01 21:48:14 - Writing [{data=[com.banking.dto.TransactionResponse@bdd2123], success=true, message=获取账户交易成功}]
2025-07-01 21:48:14 - Using 'application/json', given [*/*] and supported [application/json, application/*+json]
2025-07-01 21:48:14 - Writing [{data=[], success=true, message=获取账户交易成功}]
2025-07-01 21:48:14 - Using 'application/json', given [*/*] and supported [application/json, application/*+json]
2025-07-01 21:48:14 - Writing [{data=[], success=true, message=获取账户交易成功}]
2025-07-01 21:48:14 - Using 'application/json', given [*/*] and supported [application/json, application/*+json]
2025-07-01 21:48:14 - Writing [{data=[com.banking.dto.TransactionResponse@3f23b5f9], success=true, message=获取账户交易成功}]
2025-07-01 21:48:14 - Using 'application/json', given [*/*] and supported [application/json, application/*+json]
2025-07-01 21:48:14 - Writing [{data=[com.banking.dto.TransactionResponse@1361248e], success=true, message=获取账户交易成功}]
2025-07-01 21:48:14 - Using 'application/json', given [*/*] and supported [application/json, application/*+json]
2025-07-01 21:48:14 - Writing [{data=[com.banking.dto.TransactionResponse@2626e627], success=true, message=获取账户交易成功}]
2025-07-01 21:48:14 - Using 'application/json', given [*/*] and supported [application/json, application/*+json]
2025-07-01 21:48:14 - Writing [{data=[com.banking.dto.TransactionResponse@1e5b41e1, com.banking.dto.TransactionResponse@3d4776f4, c (truncated)...]
2025-07-01 21:48:14 - Mapped to com.banking.controller.TransactionController#getSecurityStatistics(String, String)
2025-07-01 21:48:14 - Using 'application/json', given [*/*] and supported [application/json, application/*+json]
2025-07-01 21:48:14 - Writing [{data=[com.banking.dto.TransactionResponse@18551578], success=true, message=获取账户交易成功}]
2025-07-01 21:48:14 - Using 'application/json', given [*/*] and supported [application/json, application/*+json]
2025-07-01 21:48:14 - Writing [{data={transDate=2025-07-01, securityCode=000001, buyStatistics={averagePrice=10.0000, totalAmount=1 (truncated)...]
2025-07-01 21:48:14 - Mapped to com.banking.controller.TransactionController#getTransactionsByAccount(String)
2025-07-01 21:48:14 - Using 'application/json', given [*/*] and supported [application/json, application/*+json]
2025-07-01 21:48:14 - Writing [{data=[com.banking.dto.TransactionResponse@f527994, com.banking.dto.TransactionResponse@6fdf4871, co (truncated)...]
2025-07-01 21:48:14 - Using 'application/json', given [*/*] and supported [application/json, application/*+json]
2025-07-01 21:48:14 - Mapped to com.banking.controller.TransactionController#getSecurityStatistics(String, String)
2025-07-01 21:48:14 - Writing [{data=[com.banking.dto.TransactionResponse@3343e332], success=true, message=获取账户交易成功}]
2025-07-01 21:48:14 - Using 'application/json', given [*/*] and supported [application/json, application/*+json]
2025-07-01 21:48:14 - Writing [{data={transDate=2025-07-01, securityCode=000001, buyStatistics={averagePrice=10.0000, totalAmount=1 (truncated)...]
2025-07-01 21:48:14 - Mapped to com.banking.controller.TransactionController#getTransactionsByAccount(String)
2025-07-01 21:48:14 - Using 'application/json', given [*/*] and supported [application/json, application/*+json]
2025-07-01 21:48:14 - Writing [{data=[com.banking.dto.TransactionResponse@4991ea1a, com.banking.dto.TransactionResponse@ddffcfe, co (truncated)...]
2025-07-01 21:48:14 - Mapped to com.banking.controller.TransactionController#getSecurityStatistics(String, String)
2025-07-01 21:48:14 - Using 'application/json', given [*/*] and supported [application/json, application/*+json]
2025-07-01 21:48:14 - Writing [{data={transDate=2025-07-01, securityCode=000001, buyStatistics={averagePrice=10.0000, totalAmount=1 (truncated)...]
2025-07-01 21:48:14 - Using 'application/json', given [*/*] and supported [application/json, application/*+json]
2025-07-01 21:48:14 - Writing [{data=[], success=true, message=获取账户交易成功}]
2025-07-01 21:48:14 - Mapped to com.banking.controller.TransactionController#getTransactionsByAccount(String)
2025-07-01 21:48:14 - Using 'application/json', given [*/*] and supported [application/json, application/*+json]
2025-07-01 21:48:14 - Writing [{data=[com.banking.dto.TransactionResponse@9793595], success=true, message=获取账户交易成功}]
2025-07-01 21:48:14 - Using 'application/json', given [*/*] and supported [application/json, application/*+json]
2025-07-01 21:48:14 - Writing [{data=[com.banking.dto.TransactionResponse@7011a96a], success=true, message=获取账户交易成功}]
2025-07-01 21:48:14 - Using 'application/json', given [*/*] and supported [application/json, application/*+json]
2025-07-01 21:48:14 - Writing [{data=[com.banking.dto.TransactionResponse@1bd5fafc], success=true, message=获取账户交易成功}]
2025-07-01 21:48:14 - Using 'application/json', given [*/*] and supported [application/json, application/*+json]
2025-07-01 21:48:14 - Writing [{data=[com.banking.dto.TransactionResponse@429bf01b], success=true, message=获取账户交易成功}]
2025-07-01 21:48:14 - Using 'application/json', given [*/*] and supported [application/json, application/*+json]
2025-07-01 21:48:14 - Writing [{data=[com.banking.dto.TransactionResponse@79da8b13], success=true, message=获取账户交易成功}]
2025-07-01 21:48:14 - Using 'application/json', given [*/*] and supported [application/json, application/*+json]
2025-07-01 21:48:14 - Writing [{data=[com.banking.dto.TransactionResponse@24529fff], success=true, message=获取账户交易成功}]
2025-07-01 21:48:14 - Using 'application/json', given [*/*] and supported [application/json, application/*+json]
2025-07-01 21:48:14 - Writing [{data=[com.banking.dto.TransactionResponse@6d0ade21], success=true, message=获取账户交易成功}]
2025-07-01 21:48:14 - Using 'application/json', given [*/*] and supported [application/json, application/*+json]
2025-07-01 21:48:14 - Writing [{data=[], success=true, message=获取账户交易成功}]
2025-07-01 21:48:14 - Using 'application/json', given [*/*] and supported [application/json, application/*+json]
2025-07-01 21:48:14 - Writing [{data=[], success=true, message=获取账户交易成功}]
2025-07-01 21:48:14 - Using 'application/json', given [*/*] and supported [application/json, application/*+json]
2025-07-01 21:48:14 - Writing [{data=[com.banking.dto.TransactionResponse@8e3f022], success=true, message=获取账户交易成功}]
2025-07-01 21:48:14 - Using 'application/json', given [*/*] and supported [application/json, application/*+json]
2025-07-01 21:48:14 - Writing [{data=[com.banking.dto.TransactionResponse@1de2a2e0], success=true, message=获取账户交易成功}]
2025-07-01 21:48:14 - Using 'application/json', given [*/*] and supported [application/json, application/*+json]
2025-07-01 21:48:14 - Writing [{data=[com.banking.dto.TransactionResponse@215091c9], success=true, message=获取账户交易成功}]
2025-07-01 21:48:14 - Using 'application/json', given [*/*] and supported [application/json, application/*+json]
2025-07-01 21:48:14 - Writing [{data=[com.banking.dto.TransactionResponse@691f4bb1], success=true, message=获取账户交易成功}]
2025-07-01 21:48:14 - Mapped to com.banking.controller.TransactionController#getSecurityStatistics(String, String)
2025-07-01 21:48:14 - Using 'application/json', given [*/*] and supported [application/json, application/*+json]
2025-07-01 21:48:14 - Writing [{data={transDate=2025-07-01, securityCode=000001, buyStatistics={averagePrice=10.0000, totalAmount=1 (truncated)...]
2025-07-01 21:48:14 - Mapped to com.banking.controller.TransactionController#getTransactionsByAccount(String)
2025-07-01 21:48:14 - Using 'application/json', given [*/*] and supported [application/json, application/*+json]
2025-07-01 21:48:14 - Writing [{data=[com.banking.dto.TransactionResponse@3d615054], success=true, message=获取账户交易成功}]
2025-07-01 21:48:14 - Mapped to com.banking.controller.TransactionController#getSecurityStatistics(String, String)
2025-07-01 21:48:14 - Using 'application/json', given [*/*] and supported [application/json, application/*+json]
2025-07-01 21:48:14 - Writing [{data={transDate=2025-07-01, securityCode=000001, buyStatistics={averagePrice=10.0000, totalAmount=1 (truncated)...]
2025-07-01 21:48:14 - Mapped to com.banking.controller.TransactionController#getTransactionsByAccount(String)
2025-07-01 21:48:14 - Mapped to com.banking.controller.TransactionController#getSecurityStatistics(String, String)
2025-07-01 21:48:14 - Using 'application/json', given [*/*] and supported [application/json, application/*+json]
2025-07-01 21:48:14 - Writing [{data={transDate=2025-07-01, securityCode=000001, buyStatistics={averagePrice=10.0000, totalAmount=1 (truncated)...]
2025-07-01 21:48:14 - Mapped to com.banking.controller.TransactionController#getTransactionsByAccount(String)
2025-07-01 21:48:14 - Using 'application/json', given [*/*] and supported [application/json, application/*+json]
2025-07-01 21:48:14 - Writing [{data=[com.banking.dto.TransactionResponse@2d64a45b], success=true, message=获取账户交易成功}]
2025-07-01 21:48:14 - Using 'application/json', given [*/*] and supported [application/json, application/*+json]
2025-07-01 21:48:14 - Writing [{data=[com.banking.dto.TransactionResponse@2ae82c86], success=true, message=获取账户交易成功}]
2025-07-01 21:48:14 - Mapped to com.banking.controller.TransactionController#getSecurityStatistics(String, String)
2025-07-01 21:48:14 - Using 'application/json', given [*/*] and supported [application/json, application/*+json]
2025-07-01 21:48:14 - Writing [{data={transDate=2025-07-01, securityCode=000001, buyStatistics={averagePrice=10.0000, totalAmount=1 (truncated)...]
2025-07-01 21:48:14 - Mapped to com.banking.controller.TransactionController#getTransactionsByAccount(String)
2025-07-01 21:48:14 - Using 'application/json', given [*/*] and supported [application/json, application/*+json]
2025-07-01 21:48:14 - Writing [{data=[com.banking.dto.TransactionResponse@2401ada9], success=true, message=获取账户交易成功}]
2025-07-01 21:48:14 - Mapped to com.banking.controller.TransactionController#getSecurityStatistics(String, String)
2025-07-01 21:48:14 - Using 'application/json', given [*/*] and supported [application/json, application/*+json]
2025-07-01 21:48:14 - Writing [{data={transDate=2025-07-01, securityCode=000001, buyStatistics={averagePrice=10.0000, totalAmount=1 (truncated)...]
2025-07-01 21:48:14 - Mapped to com.banking.controller.TransactionController#getTransactionsByAccount(String)
2025-07-01 21:48:14 - Using 'application/json', given [*/*] and supported [application/json, application/*+json]
2025-07-01 21:48:14 - Writing [{data=[com.banking.dto.TransactionResponse@5ee0ad1c], success=true, message=获取账户交易成功}]
2025-07-01 21:48:14 - Mapped to com.banking.controller.TransactionController#getSecurityStatistics(String, String)
2025-07-01 21:48:14 - Using 'application/json', given [*/*] and supported [application/json, application/*+json]
2025-07-01 21:48:14 - Writing [{data={transDate=2025-07-01, securityCode=000001, buyStatistics={averagePrice=10.0000, totalAmount=1 (truncated)...]
2025-07-01 21:48:14 - Mapped to com.banking.controller.TransactionController#getTransactionsByAccount(String)
2025-07-01 21:48:14 - Using 'application/json', given [*/*] and supported [application/json, application/*+json]
2025-07-01 21:48:14 - Writing [{data=[com.banking.dto.TransactionResponse@eb9ac51], success=true, message=获取账户交易成功}]
2025-07-01 21:48:14 - Mapped to com.banking.controller.TransactionController#getSecurityStatistics(String, String)
2025-07-01 21:48:14 - Using 'application/json', given [*/*] and supported [application/json, application/*+json]
2025-07-01 21:48:14 - Writing [{data={transDate=2025-07-01, securityCode=000001, buyStatistics={averagePrice=10.0000, totalAmount=1 (truncated)...]
2025-07-01 21:48:14 - Mapped to com.banking.controller.TransactionController#getSecurityStatistics(String, String)
2025-07-01 21:48:14 - Mapped to com.banking.controller.TransactionController#getTransactionsByAccount(String)
2025-07-01 21:48:14 - Using 'application/json', given [*/*] and supported [application/json, application/*+json]
2025-07-01 21:48:14 - Mapped to com.banking.controller.TransactionController#getSecurityStatistics(String, String)
2025-07-01 21:48:14 - Writing [{data={transDate=2025-07-01, securityCode=000001, buyStatistics={averagePrice=10.0000, totalAmount=1 (truncated)...]
2025-07-01 21:48:14 - Using 'application/json', given [*/*] and supported [application/json, application/*+json]
2025-07-01 21:48:14 - Writing [{data={transDate=2025-07-01, securityCode=000001, buyStatistics={averagePrice=10.0000, totalAmount=1 (truncated)...]
2025-07-01 21:48:14 - Mapped to com.banking.controller.TransactionController#getTransactionsByAccount(String)
2025-07-01 21:48:14 - Mapped to com.banking.controller.TransactionController#getTransactionsByAccount(String)
2025-07-01 21:48:14 - Using 'application/json', given [*/*] and supported [application/json, application/*+json]
2025-07-01 21:48:14 - Writing [{data=[com.banking.dto.TransactionResponse@1f4d0d3f], success=true, message=获取账户交易成功}]
2025-07-01 21:48:14 - Using 'application/json', given [*/*] and supported [application/json, application/*+json]
2025-07-01 21:48:14 - Using 'application/json', given [*/*] and supported [application/json, application/*+json]
2025-07-01 21:48:14 - Writing [{data=[com.banking.dto.TransactionResponse@417a92db], success=true, message=获取账户交易成功}]
2025-07-01 21:48:14 - Writing [{data=[com.banking.dto.TransactionResponse@7b67f92], success=true, message=获取账户交易成功}]
=== 混合操作测试结果 ===
并发用户数: 100
总耗时: 3703ms
========================
]]></system-out>
  </testcase>
</testsuite>