<?xml version="1.0" encoding="UTF-8"?>
<testsuite xmlns:xsi="http://www.w3.org/2001/XMLSchema-instance" xsi:noNamespaceSchemaLocation="https://maven.apache.org/surefire/maven-surefire-plugin/xsd/surefire-test-report-3.0.xsd" version="3.0" name="com.banking.StressTest" time="28.469" tests="3" errors="0" skipped="0" failures="0">
  <properties>
    <property name="java.specification.version" value="21"/>
    <property name="sun.cpu.isalist" value="amd64"/>
    <property name="sun.jnu.encoding" value="GBK"/>
    <property name="java.class.path" value="C:\Users\JBY\My Python\My Java\TransManagement\backend\target\test-classes;C:\Users\JBY\My Python\My Java\TransManagement\backend\target\classes;C:\Users\JBY\.m2\repository\org\springframework\boot\spring-boot-starter-web\3.2.0\spring-boot-starter-web-3.2.0.jar;C:\Users\JBY\.m2\repository\org\springframework\boot\spring-boot-starter\3.2.0\spring-boot-starter-3.2.0.jar;C:\Users\JBY\.m2\repository\org\springframework\boot\spring-boot\3.2.0\spring-boot-3.2.0.jar;C:\Users\JBY\.m2\repository\org\springframework\boot\spring-boot-autoconfigure\3.2.0\spring-boot-autoconfigure-3.2.0.jar;C:\Users\JBY\.m2\repository\org\springframework\boot\spring-boot-starter-logging\3.2.0\spring-boot-starter-logging-3.2.0.jar;C:\Users\JBY\.m2\repository\ch\qos\logback\logback-classic\1.4.11\logback-classic-1.4.11.jar;C:\Users\JBY\.m2\repository\ch\qos\logback\logback-core\1.4.11\logback-core-1.4.11.jar;C:\Users\JBY\.m2\repository\org\apache\logging\log4j\log4j-to-slf4j\2.21.1\log4j-to-slf4j-2.21.1.jar;C:\Users\JBY\.m2\repository\org\apache\logging\log4j\log4j-api\2.21.1\log4j-api-2.21.1.jar;C:\Users\JBY\.m2\repository\org\slf4j\jul-to-slf4j\2.0.9\jul-to-slf4j-2.0.9.jar;C:\Users\JBY\.m2\repository\jakarta\annotation\jakarta.annotation-api\2.1.1\jakarta.annotation-api-2.1.1.jar;C:\Users\JBY\.m2\repository\org\yaml\snakeyaml\2.2\snakeyaml-2.2.jar;C:\Users\JBY\.m2\repository\org\springframework\boot\spring-boot-starter-json\3.2.0\spring-boot-starter-json-3.2.0.jar;C:\Users\JBY\.m2\repository\com\fasterxml\jackson\datatype\jackson-datatype-jdk8\2.15.3\jackson-datatype-jdk8-2.15.3.jar;C:\Users\JBY\.m2\repository\com\fasterxml\jackson\datatype\jackson-datatype-jsr310\2.15.3\jackson-datatype-jsr310-2.15.3.jar;C:\Users\JBY\.m2\repository\com\fasterxml\jackson\module\jackson-module-parameter-names\2.15.3\jackson-module-parameter-names-2.15.3.jar;C:\Users\JBY\.m2\repository\org\springframework\boot\spring-boot-starter-tomcat\3.2.0\spring-boot-starter-tomcat-3.2.0.jar;C:\Users\JBY\.m2\repository\org\apache\tomcat\embed\tomcat-embed-core\10.1.16\tomcat-embed-core-10.1.16.jar;C:\Users\JBY\.m2\repository\org\apache\tomcat\embed\tomcat-embed-websocket\10.1.16\tomcat-embed-websocket-10.1.16.jar;C:\Users\JBY\.m2\repository\org\springframework\spring-web\6.1.1\spring-web-6.1.1.jar;C:\Users\JBY\.m2\repository\org\springframework\spring-beans\6.1.1\spring-beans-6.1.1.jar;C:\Users\JBY\.m2\repository\org\springframework\spring-webmvc\6.1.1\spring-webmvc-6.1.1.jar;C:\Users\JBY\.m2\repository\org\springframework\spring-aop\6.1.1\spring-aop-6.1.1.jar;C:\Users\JBY\.m2\repository\org\springframework\spring-context\6.1.1\spring-context-6.1.1.jar;C:\Users\JBY\.m2\repository\org\springframework\spring-expression\6.1.1\spring-expression-6.1.1.jar;C:\Users\JBY\.m2\repository\org\springframework\boot\spring-boot-starter-validation\3.2.0\spring-boot-starter-validation-3.2.0.jar;C:\Users\JBY\.m2\repository\org\apache\tomcat\embed\tomcat-embed-el\10.1.16\tomcat-embed-el-10.1.16.jar;C:\Users\JBY\.m2\repository\org\hibernate\validator\hibernate-validator\8.0.1.Final\hibernate-validator-8.0.1.Final.jar;C:\Users\JBY\.m2\repository\jakarta\validation\jakarta.validation-api\3.0.2\jakarta.validation-api-3.0.2.jar;C:\Users\JBY\.m2\repository\org\jboss\logging\jboss-logging\3.5.3.Final\jboss-logging-3.5.3.Final.jar;C:\Users\JBY\.m2\repository\com\fasterxml\classmate\1.6.0\classmate-1.6.0.jar;C:\Users\JBY\.m2\repository\org\springframework\boot\spring-boot-starter-cache\3.2.0\spring-boot-starter-cache-3.2.0.jar;C:\Users\JBY\.m2\repository\org\springframework\spring-context-support\6.1.1\spring-context-support-6.1.1.jar;C:\Users\JBY\.m2\repository\org\springframework\boot\spring-boot-starter-data-jpa\3.2.0\spring-boot-starter-data-jpa-3.2.0.jar;C:\Users\JBY\.m2\repository\org\springframework\boot\spring-boot-starter-aop\3.2.0\spring-boot-starter-aop-3.2.0.jar;C:\Users\JBY\.m2\repository\org\aspectj\aspectjweaver\1.9.20.1\aspectjweaver-1.9.20.1.jar;C:\Users\JBY\.m2\repository\org\springframework\boot\spring-boot-starter-jdbc\3.2.0\spring-boot-starter-jdbc-3.2.0.jar;C:\Users\JBY\.m2\repository\com\zaxxer\HikariCP\5.0.1\HikariCP-5.0.1.jar;C:\Users\JBY\.m2\repository\org\springframework\spring-jdbc\6.1.1\spring-jdbc-6.1.1.jar;C:\Users\JBY\.m2\repository\org\hibernate\orm\hibernate-core\6.3.1.Final\hibernate-core-6.3.1.Final.jar;C:\Users\JBY\.m2\repository\jakarta\persistence\jakarta.persistence-api\3.1.0\jakarta.persistence-api-3.1.0.jar;C:\Users\JBY\.m2\repository\jakarta\transaction\jakarta.transaction-api\2.0.1\jakarta.transaction-api-2.0.1.jar;C:\Users\JBY\.m2\repository\org\hibernate\common\hibernate-commons-annotations\6.0.6.Final\hibernate-commons-annotations-6.0.6.Final.jar;C:\Users\JBY\.m2\repository\io\smallrye\jandex\3.1.2\jandex-3.1.2.jar;C:\Users\JBY\.m2\repository\org\glassfish\jaxb\jaxb-runtime\4.0.4\jaxb-runtime-4.0.4.jar;C:\Users\JBY\.m2\repository\org\glassfish\jaxb\jaxb-core\4.0.4\jaxb-core-4.0.4.jar;C:\Users\JBY\.m2\repository\org\eclipse\angus\angus-activation\2.0.1\angus-activation-2.0.1.jar;C:\Users\JBY\.m2\repository\org\glassfish\jaxb\txw2\4.0.4\txw2-4.0.4.jar;C:\Users\JBY\.m2\repository\com\sun\istack\istack-commons-runtime\4.1.2\istack-commons-runtime-4.1.2.jar;C:\Users\JBY\.m2\repository\jakarta\inject\jakarta.inject-api\2.0.1\jakarta.inject-api-2.0.1.jar;C:\Users\JBY\.m2\repository\org\antlr\antlr4-runtime\4.10.1\antlr4-runtime-4.10.1.jar;C:\Users\JBY\.m2\repository\org\springframework\data\spring-data-jpa\3.2.0\spring-data-jpa-3.2.0.jar;C:\Users\JBY\.m2\repository\org\springframework\data\spring-data-commons\3.2.0\spring-data-commons-3.2.0.jar;C:\Users\JBY\.m2\repository\org\springframework\spring-orm\6.1.1\spring-orm-6.1.1.jar;C:\Users\JBY\.m2\repository\org\springframework\spring-tx\6.1.1\spring-tx-6.1.1.jar;C:\Users\JBY\.m2\repository\org\slf4j\slf4j-api\2.0.9\slf4j-api-2.0.9.jar;C:\Users\JBY\.m2\repository\org\springframework\spring-aspects\6.1.1\spring-aspects-6.1.1.jar;C:\Users\JBY\.m2\repository\com\h2database\h2\2.2.224\h2-2.2.224.jar;C:\Users\JBY\.m2\repository\org\springframework\boot\spring-boot-starter-actuator\3.2.0\spring-boot-starter-actuator-3.2.0.jar;C:\Users\JBY\.m2\repository\org\springframework\boot\spring-boot-actuator-autoconfigure\3.2.0\spring-boot-actuator-autoconfigure-3.2.0.jar;C:\Users\JBY\.m2\repository\org\springframework\boot\spring-boot-actuator\3.2.0\spring-boot-actuator-3.2.0.jar;C:\Users\JBY\.m2\repository\io\micrometer\micrometer-observation\1.12.0\micrometer-observation-1.12.0.jar;C:\Users\JBY\.m2\repository\io\micrometer\micrometer-jakarta9\1.12.0\micrometer-jakarta9-1.12.0.jar;C:\Users\JBY\.m2\repository\com\github\ben-manes\caffeine\caffeine\3.1.8\caffeine-3.1.8.jar;C:\Users\JBY\.m2\repository\org\checkerframework\checker-qual\3.37.0\checker-qual-3.37.0.jar;C:\Users\JBY\.m2\repository\com\google\errorprone\error_prone_annotations\2.21.1\error_prone_annotations-2.21.1.jar;C:\Users\JBY\.m2\repository\org\springframework\boot\spring-boot-starter-test\3.2.0\spring-boot-starter-test-3.2.0.jar;C:\Users\JBY\.m2\repository\org\springframework\boot\spring-boot-test\3.2.0\spring-boot-test-3.2.0.jar;C:\Users\JBY\.m2\repository\org\springframework\boot\spring-boot-test-autoconfigure\3.2.0\spring-boot-test-autoconfigure-3.2.0.jar;C:\Users\JBY\.m2\repository\com\jayway\jsonpath\json-path\2.8.0\json-path-2.8.0.jar;C:\Users\JBY\.m2\repository\jakarta\xml\bind\jakarta.xml.bind-api\4.0.1\jakarta.xml.bind-api-4.0.1.jar;C:\Users\JBY\.m2\repository\jakarta\activation\jakarta.activation-api\2.1.2\jakarta.activation-api-2.1.2.jar;C:\Users\JBY\.m2\repository\net\minidev\json-smart\2.5.0\json-smart-2.5.0.jar;C:\Users\JBY\.m2\repository\net\minidev\accessors-smart\2.5.0\accessors-smart-2.5.0.jar;C:\Users\JBY\.m2\repository\org\ow2\asm\asm\9.3\asm-9.3.jar;C:\Users\JBY\.m2\repository\org\awaitility\awaitility\4.2.0\awaitility-4.2.0.jar;C:\Users\JBY\.m2\repository\org\hamcrest\hamcrest\2.2\hamcrest-2.2.jar;C:\Users\JBY\.m2\repository\org\junit\jupiter\junit-jupiter\5.10.1\junit-jupiter-5.10.1.jar;C:\Users\JBY\.m2\repository\org\junit\jupiter\junit-jupiter-api\5.10.1\junit-jupiter-api-5.10.1.jar;C:\Users\JBY\.m2\repository\org\opentest4j\opentest4j\1.3.0\opentest4j-1.3.0.jar;C:\Users\JBY\.m2\repository\org\junit\platform\junit-platform-commons\1.10.1\junit-platform-commons-1.10.1.jar;C:\Users\JBY\.m2\repository\org\apiguardian\apiguardian-api\1.1.2\apiguardian-api-1.1.2.jar;C:\Users\JBY\.m2\repository\org\junit\jupiter\junit-jupiter-params\5.10.1\junit-jupiter-params-5.10.1.jar;C:\Users\JBY\.m2\repository\org\junit\jupiter\junit-jupiter-engine\5.10.1\junit-jupiter-engine-5.10.1.jar;C:\Users\JBY\.m2\repository\org\junit\platform\junit-platform-engine\1.10.1\junit-platform-engine-1.10.1.jar;C:\Users\JBY\.m2\repository\org\mockito\mockito-core\5.7.0\mockito-core-5.7.0.jar;C:\Users\JBY\.m2\repository\net\bytebuddy\byte-buddy-agent\1.14.10\byte-buddy-agent-1.14.10.jar;C:\Users\JBY\.m2\repository\org\objenesis\objenesis\3.3\objenesis-3.3.jar;C:\Users\JBY\.m2\repository\org\mockito\mockito-junit-jupiter\5.7.0\mockito-junit-jupiter-5.7.0.jar;C:\Users\JBY\.m2\repository\org\skyscreamer\jsonassert\1.5.1\jsonassert-1.5.1.jar;C:\Users\JBY\.m2\repository\com\vaadin\external\google\android-json\0.0.20131108.vaadin1\android-json-0.0.20131108.vaadin1.jar;C:\Users\JBY\.m2\repository\org\springframework\spring-core\6.1.1\spring-core-6.1.1.jar;C:\Users\JBY\.m2\repository\org\springframework\spring-jcl\6.1.1\spring-jcl-6.1.1.jar;C:\Users\JBY\.m2\repository\org\springframework\spring-test\6.1.1\spring-test-6.1.1.jar;C:\Users\JBY\.m2\repository\org\xmlunit\xmlunit-core\2.9.1\xmlunit-core-2.9.1.jar;C:\Users\JBY\.m2\repository\org\springdoc\springdoc-openapi-starter-webmvc-ui\2.2.0\springdoc-openapi-starter-webmvc-ui-2.2.0.jar;C:\Users\JBY\.m2\repository\org\springdoc\springdoc-openapi-starter-webmvc-api\2.2.0\springdoc-openapi-starter-webmvc-api-2.2.0.jar;C:\Users\JBY\.m2\repository\org\springdoc\springdoc-openapi-starter-common\2.2.0\springdoc-openapi-starter-common-2.2.0.jar;C:\Users\JBY\.m2\repository\io\swagger\core\v3\swagger-core-jakarta\2.2.15\swagger-core-jakarta-2.2.15.jar;C:\Users\JBY\.m2\repository\io\swagger\core\v3\swagger-annotations-jakarta\2.2.15\swagger-annotations-jakarta-2.2.15.jar;C:\Users\JBY\.m2\repository\io\swagger\core\v3\swagger-models-jakarta\2.2.15\swagger-models-jakarta-2.2.15.jar;C:\Users\JBY\.m2\repository\com\fasterxml\jackson\dataformat\jackson-dataformat-yaml\2.15.3\jackson-dataformat-yaml-2.15.3.jar;C:\Users\JBY\.m2\repository\org\webjars\swagger-ui\5.2.0\swagger-ui-5.2.0.jar;C:\Users\JBY\.m2\repository\com\fasterxml\jackson\core\jackson-databind\2.15.3\jackson-databind-2.15.3.jar;C:\Users\JBY\.m2\repository\com\fasterxml\jackson\core\jackson-annotations\2.15.3\jackson-annotations-2.15.3.jar;C:\Users\JBY\.m2\repository\com\fasterxml\jackson\core\jackson-core\2.15.3\jackson-core-2.15.3.jar;C:\Users\JBY\.m2\repository\org\apache\commons\commons-lang3\3.13.0\commons-lang3-3.13.0.jar;C:\Users\JBY\.m2\repository\io\micrometer\micrometer-core\1.12.0\micrometer-core-1.12.0.jar;C:\Users\JBY\.m2\repository\io\micrometer\micrometer-commons\1.12.0\micrometer-commons-1.12.0.jar;C:\Users\JBY\.m2\repository\org\hdrhistogram\HdrHistogram\2.1.12\HdrHistogram-2.1.12.jar;C:\Users\JBY\.m2\repository\org\latencyutils\LatencyUtils\2.0.3\LatencyUtils-2.0.3.jar;C:\Users\JBY\.m2\repository\org\testcontainers\junit-jupiter\1.19.3\junit-jupiter-1.19.3.jar;C:\Users\JBY\.m2\repository\org\testcontainers\testcontainers\1.19.3\testcontainers-1.19.3.jar;C:\Users\JBY\.m2\repository\junit\junit\4.13.2\junit-4.13.2.jar;C:\Users\JBY\.m2\repository\org\hamcrest\hamcrest-core\2.2\hamcrest-core-2.2.jar;C:\Users\JBY\.m2\repository\org\apache\commons\commons-compress\1.24.0\commons-compress-1.24.0.jar;C:\Users\JBY\.m2\repository\org\rnorth\duct-tape\duct-tape\1.0.8\duct-tape-1.0.8.jar;C:\Users\JBY\.m2\repository\org\jetbrains\annotations\17.0.0\annotations-17.0.0.jar;C:\Users\JBY\.m2\repository\com\github\docker-java\docker-java-api\3.3.4\docker-java-api-3.3.4.jar;C:\Users\JBY\.m2\repository\com\github\docker-java\docker-java-transport-zerodep\3.3.4\docker-java-transport-zerodep-3.3.4.jar;C:\Users\JBY\.m2\repository\com\github\docker-java\docker-java-transport\3.3.4\docker-java-transport-3.3.4.jar;C:\Users\JBY\.m2\repository\net\java\dev\jna\jna\5.13.0\jna-5.13.0.jar;C:\Users\JBY\.m2\repository\org\assertj\assertj-core\3.24.2\assertj-core-3.24.2.jar;C:\Users\JBY\.m2\repository\net\bytebuddy\byte-buddy\1.14.10\byte-buddy-1.14.10.jar;"/>
    <property name="java.vm.vendor" value="Oracle Corporation"/>
    <property name="sun.arch.data.model" value="64"/>
    <property name="user.variant" value=""/>
    <property name="java.vendor.url" value="https://java.oracle.com/"/>
    <property name="user.timezone" value="Asia/Shanghai"/>
    <property name="org.jboss.logging.provider" value="slf4j"/>
    <property name="os.name" value="Windows 11"/>
    <property name="java.vm.specification.version" value="21"/>
    <property name="sun.java.launcher" value="SUN_STANDARD"/>
    <property name="user.country" value="CN"/>
    <property name="sun.boot.library.path" value="D:\Program Files\Java\jdk-21\bin"/>
    <property name="sun.java.command" value="D:\Temp\surefire581991044454058544\surefirebooter-20250702011115485_3.jar D:\Temp\surefire581991044454058544 2025-07-02T01-11-15_200-jvmRun1 surefire-20250702011115485_1tmp surefire_0-20250702011115485_2tmp"/>
    <property name="jdk.debug" value="release"/>
    <property name="surefire.test.class.path" value="C:\Users\JBY\My Python\My Java\TransManagement\backend\target\test-classes;C:\Users\JBY\My Python\My Java\TransManagement\backend\target\classes;C:\Users\JBY\.m2\repository\org\springframework\boot\spring-boot-starter-web\3.2.0\spring-boot-starter-web-3.2.0.jar;C:\Users\JBY\.m2\repository\org\springframework\boot\spring-boot-starter\3.2.0\spring-boot-starter-3.2.0.jar;C:\Users\JBY\.m2\repository\org\springframework\boot\spring-boot\3.2.0\spring-boot-3.2.0.jar;C:\Users\JBY\.m2\repository\org\springframework\boot\spring-boot-autoconfigure\3.2.0\spring-boot-autoconfigure-3.2.0.jar;C:\Users\JBY\.m2\repository\org\springframework\boot\spring-boot-starter-logging\3.2.0\spring-boot-starter-logging-3.2.0.jar;C:\Users\JBY\.m2\repository\ch\qos\logback\logback-classic\1.4.11\logback-classic-1.4.11.jar;C:\Users\JBY\.m2\repository\ch\qos\logback\logback-core\1.4.11\logback-core-1.4.11.jar;C:\Users\JBY\.m2\repository\org\apache\logging\log4j\log4j-to-slf4j\2.21.1\log4j-to-slf4j-2.21.1.jar;C:\Users\JBY\.m2\repository\org\apache\logging\log4j\log4j-api\2.21.1\log4j-api-2.21.1.jar;C:\Users\JBY\.m2\repository\org\slf4j\jul-to-slf4j\2.0.9\jul-to-slf4j-2.0.9.jar;C:\Users\JBY\.m2\repository\jakarta\annotation\jakarta.annotation-api\2.1.1\jakarta.annotation-api-2.1.1.jar;C:\Users\JBY\.m2\repository\org\yaml\snakeyaml\2.2\snakeyaml-2.2.jar;C:\Users\JBY\.m2\repository\org\springframework\boot\spring-boot-starter-json\3.2.0\spring-boot-starter-json-3.2.0.jar;C:\Users\JBY\.m2\repository\com\fasterxml\jackson\datatype\jackson-datatype-jdk8\2.15.3\jackson-datatype-jdk8-2.15.3.jar;C:\Users\JBY\.m2\repository\com\fasterxml\jackson\datatype\jackson-datatype-jsr310\2.15.3\jackson-datatype-jsr310-2.15.3.jar;C:\Users\JBY\.m2\repository\com\fasterxml\jackson\module\jackson-module-parameter-names\2.15.3\jackson-module-parameter-names-2.15.3.jar;C:\Users\JBY\.m2\repository\org\springframework\boot\spring-boot-starter-tomcat\3.2.0\spring-boot-starter-tomcat-3.2.0.jar;C:\Users\JBY\.m2\repository\org\apache\tomcat\embed\tomcat-embed-core\10.1.16\tomcat-embed-core-10.1.16.jar;C:\Users\JBY\.m2\repository\org\apache\tomcat\embed\tomcat-embed-websocket\10.1.16\tomcat-embed-websocket-10.1.16.jar;C:\Users\JBY\.m2\repository\org\springframework\spring-web\6.1.1\spring-web-6.1.1.jar;C:\Users\JBY\.m2\repository\org\springframework\spring-beans\6.1.1\spring-beans-6.1.1.jar;C:\Users\JBY\.m2\repository\org\springframework\spring-webmvc\6.1.1\spring-webmvc-6.1.1.jar;C:\Users\JBY\.m2\repository\org\springframework\spring-aop\6.1.1\spring-aop-6.1.1.jar;C:\Users\JBY\.m2\repository\org\springframework\spring-context\6.1.1\spring-context-6.1.1.jar;C:\Users\JBY\.m2\repository\org\springframework\spring-expression\6.1.1\spring-expression-6.1.1.jar;C:\Users\JBY\.m2\repository\org\springframework\boot\spring-boot-starter-validation\3.2.0\spring-boot-starter-validation-3.2.0.jar;C:\Users\JBY\.m2\repository\org\apache\tomcat\embed\tomcat-embed-el\10.1.16\tomcat-embed-el-10.1.16.jar;C:\Users\JBY\.m2\repository\org\hibernate\validator\hibernate-validator\8.0.1.Final\hibernate-validator-8.0.1.Final.jar;C:\Users\JBY\.m2\repository\jakarta\validation\jakarta.validation-api\3.0.2\jakarta.validation-api-3.0.2.jar;C:\Users\JBY\.m2\repository\org\jboss\logging\jboss-logging\3.5.3.Final\jboss-logging-3.5.3.Final.jar;C:\Users\JBY\.m2\repository\com\fasterxml\classmate\1.6.0\classmate-1.6.0.jar;C:\Users\JBY\.m2\repository\org\springframework\boot\spring-boot-starter-cache\3.2.0\spring-boot-starter-cache-3.2.0.jar;C:\Users\JBY\.m2\repository\org\springframework\spring-context-support\6.1.1\spring-context-support-6.1.1.jar;C:\Users\JBY\.m2\repository\org\springframework\boot\spring-boot-starter-data-jpa\3.2.0\spring-boot-starter-data-jpa-3.2.0.jar;C:\Users\JBY\.m2\repository\org\springframework\boot\spring-boot-starter-aop\3.2.0\spring-boot-starter-aop-3.2.0.jar;C:\Users\JBY\.m2\repository\org\aspectj\aspectjweaver\1.9.20.1\aspectjweaver-1.9.20.1.jar;C:\Users\JBY\.m2\repository\org\springframework\boot\spring-boot-starter-jdbc\3.2.0\spring-boot-starter-jdbc-3.2.0.jar;C:\Users\JBY\.m2\repository\com\zaxxer\HikariCP\5.0.1\HikariCP-5.0.1.jar;C:\Users\JBY\.m2\repository\org\springframework\spring-jdbc\6.1.1\spring-jdbc-6.1.1.jar;C:\Users\JBY\.m2\repository\org\hibernate\orm\hibernate-core\6.3.1.Final\hibernate-core-6.3.1.Final.jar;C:\Users\JBY\.m2\repository\jakarta\persistence\jakarta.persistence-api\3.1.0\jakarta.persistence-api-3.1.0.jar;C:\Users\JBY\.m2\repository\jakarta\transaction\jakarta.transaction-api\2.0.1\jakarta.transaction-api-2.0.1.jar;C:\Users\JBY\.m2\repository\org\hibernate\common\hibernate-commons-annotations\6.0.6.Final\hibernate-commons-annotations-6.0.6.Final.jar;C:\Users\JBY\.m2\repository\io\smallrye\jandex\3.1.2\jandex-3.1.2.jar;C:\Users\JBY\.m2\repository\org\glassfish\jaxb\jaxb-runtime\4.0.4\jaxb-runtime-4.0.4.jar;C:\Users\JBY\.m2\repository\org\glassfish\jaxb\jaxb-core\4.0.4\jaxb-core-4.0.4.jar;C:\Users\JBY\.m2\repository\org\eclipse\angus\angus-activation\2.0.1\angus-activation-2.0.1.jar;C:\Users\JBY\.m2\repository\org\glassfish\jaxb\txw2\4.0.4\txw2-4.0.4.jar;C:\Users\JBY\.m2\repository\com\sun\istack\istack-commons-runtime\4.1.2\istack-commons-runtime-4.1.2.jar;C:\Users\JBY\.m2\repository\jakarta\inject\jakarta.inject-api\2.0.1\jakarta.inject-api-2.0.1.jar;C:\Users\JBY\.m2\repository\org\antlr\antlr4-runtime\4.10.1\antlr4-runtime-4.10.1.jar;C:\Users\JBY\.m2\repository\org\springframework\data\spring-data-jpa\3.2.0\spring-data-jpa-3.2.0.jar;C:\Users\JBY\.m2\repository\org\springframework\data\spring-data-commons\3.2.0\spring-data-commons-3.2.0.jar;C:\Users\JBY\.m2\repository\org\springframework\spring-orm\6.1.1\spring-orm-6.1.1.jar;C:\Users\JBY\.m2\repository\org\springframework\spring-tx\6.1.1\spring-tx-6.1.1.jar;C:\Users\JBY\.m2\repository\org\slf4j\slf4j-api\2.0.9\slf4j-api-2.0.9.jar;C:\Users\JBY\.m2\repository\org\springframework\spring-aspects\6.1.1\spring-aspects-6.1.1.jar;C:\Users\JBY\.m2\repository\com\h2database\h2\2.2.224\h2-2.2.224.jar;C:\Users\JBY\.m2\repository\org\springframework\boot\spring-boot-starter-actuator\3.2.0\spring-boot-starter-actuator-3.2.0.jar;C:\Users\JBY\.m2\repository\org\springframework\boot\spring-boot-actuator-autoconfigure\3.2.0\spring-boot-actuator-autoconfigure-3.2.0.jar;C:\Users\JBY\.m2\repository\org\springframework\boot\spring-boot-actuator\3.2.0\spring-boot-actuator-3.2.0.jar;C:\Users\JBY\.m2\repository\io\micrometer\micrometer-observation\1.12.0\micrometer-observation-1.12.0.jar;C:\Users\JBY\.m2\repository\io\micrometer\micrometer-jakarta9\1.12.0\micrometer-jakarta9-1.12.0.jar;C:\Users\JBY\.m2\repository\com\github\ben-manes\caffeine\caffeine\3.1.8\caffeine-3.1.8.jar;C:\Users\JBY\.m2\repository\org\checkerframework\checker-qual\3.37.0\checker-qual-3.37.0.jar;C:\Users\JBY\.m2\repository\com\google\errorprone\error_prone_annotations\2.21.1\error_prone_annotations-2.21.1.jar;C:\Users\JBY\.m2\repository\org\springframework\boot\spring-boot-starter-test\3.2.0\spring-boot-starter-test-3.2.0.jar;C:\Users\JBY\.m2\repository\org\springframework\boot\spring-boot-test\3.2.0\spring-boot-test-3.2.0.jar;C:\Users\JBY\.m2\repository\org\springframework\boot\spring-boot-test-autoconfigure\3.2.0\spring-boot-test-autoconfigure-3.2.0.jar;C:\Users\JBY\.m2\repository\com\jayway\jsonpath\json-path\2.8.0\json-path-2.8.0.jar;C:\Users\JBY\.m2\repository\jakarta\xml\bind\jakarta.xml.bind-api\4.0.1\jakarta.xml.bind-api-4.0.1.jar;C:\Users\JBY\.m2\repository\jakarta\activation\jakarta.activation-api\2.1.2\jakarta.activation-api-2.1.2.jar;C:\Users\JBY\.m2\repository\net\minidev\json-smart\2.5.0\json-smart-2.5.0.jar;C:\Users\JBY\.m2\repository\net\minidev\accessors-smart\2.5.0\accessors-smart-2.5.0.jar;C:\Users\JBY\.m2\repository\org\ow2\asm\asm\9.3\asm-9.3.jar;C:\Users\JBY\.m2\repository\org\awaitility\awaitility\4.2.0\awaitility-4.2.0.jar;C:\Users\JBY\.m2\repository\org\hamcrest\hamcrest\2.2\hamcrest-2.2.jar;C:\Users\JBY\.m2\repository\org\junit\jupiter\junit-jupiter\5.10.1\junit-jupiter-5.10.1.jar;C:\Users\JBY\.m2\repository\org\junit\jupiter\junit-jupiter-api\5.10.1\junit-jupiter-api-5.10.1.jar;C:\Users\JBY\.m2\repository\org\opentest4j\opentest4j\1.3.0\opentest4j-1.3.0.jar;C:\Users\JBY\.m2\repository\org\junit\platform\junit-platform-commons\1.10.1\junit-platform-commons-1.10.1.jar;C:\Users\JBY\.m2\repository\org\apiguardian\apiguardian-api\1.1.2\apiguardian-api-1.1.2.jar;C:\Users\JBY\.m2\repository\org\junit\jupiter\junit-jupiter-params\5.10.1\junit-jupiter-params-5.10.1.jar;C:\Users\JBY\.m2\repository\org\junit\jupiter\junit-jupiter-engine\5.10.1\junit-jupiter-engine-5.10.1.jar;C:\Users\JBY\.m2\repository\org\junit\platform\junit-platform-engine\1.10.1\junit-platform-engine-1.10.1.jar;C:\Users\JBY\.m2\repository\org\mockito\mockito-core\5.7.0\mockito-core-5.7.0.jar;C:\Users\JBY\.m2\repository\net\bytebuddy\byte-buddy-agent\1.14.10\byte-buddy-agent-1.14.10.jar;C:\Users\JBY\.m2\repository\org\objenesis\objenesis\3.3\objenesis-3.3.jar;C:\Users\JBY\.m2\repository\org\mockito\mockito-junit-jupiter\5.7.0\mockito-junit-jupiter-5.7.0.jar;C:\Users\JBY\.m2\repository\org\skyscreamer\jsonassert\1.5.1\jsonassert-1.5.1.jar;C:\Users\JBY\.m2\repository\com\vaadin\external\google\android-json\0.0.20131108.vaadin1\android-json-0.0.20131108.vaadin1.jar;C:\Users\JBY\.m2\repository\org\springframework\spring-core\6.1.1\spring-core-6.1.1.jar;C:\Users\JBY\.m2\repository\org\springframework\spring-jcl\6.1.1\spring-jcl-6.1.1.jar;C:\Users\JBY\.m2\repository\org\springframework\spring-test\6.1.1\spring-test-6.1.1.jar;C:\Users\JBY\.m2\repository\org\xmlunit\xmlunit-core\2.9.1\xmlunit-core-2.9.1.jar;C:\Users\JBY\.m2\repository\org\springdoc\springdoc-openapi-starter-webmvc-ui\2.2.0\springdoc-openapi-starter-webmvc-ui-2.2.0.jar;C:\Users\JBY\.m2\repository\org\springdoc\springdoc-openapi-starter-webmvc-api\2.2.0\springdoc-openapi-starter-webmvc-api-2.2.0.jar;C:\Users\JBY\.m2\repository\org\springdoc\springdoc-openapi-starter-common\2.2.0\springdoc-openapi-starter-common-2.2.0.jar;C:\Users\JBY\.m2\repository\io\swagger\core\v3\swagger-core-jakarta\2.2.15\swagger-core-jakarta-2.2.15.jar;C:\Users\JBY\.m2\repository\io\swagger\core\v3\swagger-annotations-jakarta\2.2.15\swagger-annotations-jakarta-2.2.15.jar;C:\Users\JBY\.m2\repository\io\swagger\core\v3\swagger-models-jakarta\2.2.15\swagger-models-jakarta-2.2.15.jar;C:\Users\JBY\.m2\repository\com\fasterxml\jackson\dataformat\jackson-dataformat-yaml\2.15.3\jackson-dataformat-yaml-2.15.3.jar;C:\Users\JBY\.m2\repository\org\webjars\swagger-ui\5.2.0\swagger-ui-5.2.0.jar;C:\Users\JBY\.m2\repository\com\fasterxml\jackson\core\jackson-databind\2.15.3\jackson-databind-2.15.3.jar;C:\Users\JBY\.m2\repository\com\fasterxml\jackson\core\jackson-annotations\2.15.3\jackson-annotations-2.15.3.jar;C:\Users\JBY\.m2\repository\com\fasterxml\jackson\core\jackson-core\2.15.3\jackson-core-2.15.3.jar;C:\Users\JBY\.m2\repository\org\apache\commons\commons-lang3\3.13.0\commons-lang3-3.13.0.jar;C:\Users\JBY\.m2\repository\io\micrometer\micrometer-core\1.12.0\micrometer-core-1.12.0.jar;C:\Users\JBY\.m2\repository\io\micrometer\micrometer-commons\1.12.0\micrometer-commons-1.12.0.jar;C:\Users\JBY\.m2\repository\org\hdrhistogram\HdrHistogram\2.1.12\HdrHistogram-2.1.12.jar;C:\Users\JBY\.m2\repository\org\latencyutils\LatencyUtils\2.0.3\LatencyUtils-2.0.3.jar;C:\Users\JBY\.m2\repository\org\testcontainers\junit-jupiter\1.19.3\junit-jupiter-1.19.3.jar;C:\Users\JBY\.m2\repository\org\testcontainers\testcontainers\1.19.3\testcontainers-1.19.3.jar;C:\Users\JBY\.m2\repository\junit\junit\4.13.2\junit-4.13.2.jar;C:\Users\JBY\.m2\repository\org\hamcrest\hamcrest-core\2.2\hamcrest-core-2.2.jar;C:\Users\JBY\.m2\repository\org\apache\commons\commons-compress\1.24.0\commons-compress-1.24.0.jar;C:\Users\JBY\.m2\repository\org\rnorth\duct-tape\duct-tape\1.0.8\duct-tape-1.0.8.jar;C:\Users\JBY\.m2\repository\org\jetbrains\annotations\17.0.0\annotations-17.0.0.jar;C:\Users\JBY\.m2\repository\com\github\docker-java\docker-java-api\3.3.4\docker-java-api-3.3.4.jar;C:\Users\JBY\.m2\repository\com\github\docker-java\docker-java-transport-zerodep\3.3.4\docker-java-transport-zerodep-3.3.4.jar;C:\Users\JBY\.m2\repository\com\github\docker-java\docker-java-transport\3.3.4\docker-java-transport-3.3.4.jar;C:\Users\JBY\.m2\repository\net\java\dev\jna\jna\5.13.0\jna-5.13.0.jar;C:\Users\JBY\.m2\repository\org\assertj\assertj-core\3.24.2\assertj-core-3.24.2.jar;C:\Users\JBY\.m2\repository\net\bytebuddy\byte-buddy\1.14.10\byte-buddy-1.14.10.jar;"/>
    <property name="test" value="StressTest"/>
    <property name="sun.cpu.endian" value="little"/>
    <property name="user.home" value="C:\Users\JBY"/>
    <property name="user.language" value="zh"/>
    <property name="java.specification.vendor" value="Oracle Corporation"/>
    <property name="java.version.date" value="2025-04-15"/>
    <property name="java.home" value="D:\Program Files\Java\jdk-21"/>
    <property name="file.separator" value="\"/>
    <property name="basedir" value="C:\Users\JBY\My Python\My Java\TransManagement\backend"/>
    <property name="java.vm.compressedOopsMode" value="Zero based"/>
    <property name="line.separator" value="&#10;"/>
    <property name="java.vm.specification.vendor" value="Oracle Corporation"/>
    <property name="java.specification.name" value="Java Platform API Specification"/>
    <property name="FILE_LOG_CHARSET" value="UTF-8"/>
    <property name="java.awt.headless" value="true"/>
    <property name="surefire.real.class.path" value="D:\Temp\surefire581991044454058544\surefirebooter-20250702011115485_3.jar"/>
    <property name="user.script" value=""/>
    <property name="sun.management.compiler" value="HotSpot 64-Bit Tiered Compilers"/>
    <property name="java.runtime.version" value="21.0.7+8-LTS-245"/>
    <property name="user.name" value="JBY"/>
    <property name="stdout.encoding" value="GBK"/>
    <property name="path.separator" value=";"/>
    <property name="os.version" value="10.0"/>
    <property name="java.runtime.name" value="Java(TM) SE Runtime Environment"/>
    <property name="file.encoding" value="UTF-8"/>
    <property name="java.vm.name" value="Java HotSpot(TM) 64-Bit Server VM"/>
    <property name="localRepository" value="C:\Users\JBY\.m2\repository"/>
    <property name="java.vendor.url.bug" value="https://bugreport.java.com/bugreport/"/>
    <property name="java.io.tmpdir" value="D:\Temp\"/>
    <property name="com.zaxxer.hikari.pool_number" value="1"/>
    <property name="java.version" value="21.0.7"/>
    <property name="user.dir" value="C:\Users\JBY\My Python\My Java\TransManagement\backend"/>
    <property name="os.arch" value="amd64"/>
    <property name="java.vm.specification.name" value="Java Virtual Machine Specification"/>
    <property name="PID" value="24296"/>
    <property name="sun.os.patch.level" value=""/>
    <property name="CONSOLE_LOG_CHARSET" value="UTF-8"/>
    <property name="native.encoding" value="GBK"/>
    <property name="java.library.path" value="D:\Program Files\Java\jdk-21\bin;C:\WINDOWS\Sun\Java\bin;C:\WINDOWS\system32;C:\WINDOWS;D:\Program Files\Java\jdk-21\bin;%JAVA_HOME%\bin;D:\Download Tools\maven\apache-maven-3.9.10\bin;C:\WINDOWS\system32;C:\WINDOWS;C:\WINDOWS\System32\Wbem;C:\WINDOWS\System32\WindowsPowerShell\v1.0\;C:\WINDOWS\System32\OpenSSH\;C:\Users\JBY\AppData\Roaming\vipcode\student\plugins\codeblocks\MinGW\bin;C:\Users\JBY\AppData\Roaming\vipcode\student\plugins\codeblocks\MinGW\mingw32\bin;C:\Program Files\dotnet\;C:\Program Files\MySQL\MySQL Server 8.0\bin;C:\Program Files\Git\cmd;D:\Program Files\Gittortoise\bin;%ANDROD_HOME%;%ANDROID_HOME%\emulator;%ANDROID_HOME%\tools;%ANDROID_HOME%\tools\bin;%ANDROID_HOME%\platform-tools;D:\Program Files\nodejs\;C:\ProgramData\chocolatey\bin;D:\Tool\Android\Sdk\build-tools\35.0.1;D:\Download Tools\maven\apache-maven-3.9.10\bin;;C:\Program Files\Docker\Docker\resources\bin;D:\Users\JBY\anaconda3;D:\Users\JBY\anaconda3\Library\mingw-w64\bin;D:\Users\JBY\anaconda3\Library\usr\bin;D:\Users\JBY\anaconda3\Library\bin;D:\Users\JBY\anaconda3\Scripts;C:\Program Files\MySQL\MySQL Shell 8.3\bin\;C:\Users\JBY\AppData\Local\Microsoft\WindowsApps;C:\Program Files (x86)\Tencent\QQGameTempest\Hall.57986\;C:\Program Files\MySQL\MySQL Server 8.0\bin;C:\Users\JBY\AppData\Local\Muse Hub\lib;D:\Tool\Android\Sdk\platform-tools;D:\Tool\Android\Sdk\tools\bin;D:\Tool\Android\Sdk\tools;C:\Users\JBY\AppData\Roaming\npm;C:\Users\JBY\AppData\Roaming\Python\Python313\Scripts;D:\Download Tools\maven\apache-maven-3.9.10\bin;;."/>
    <property name="java.vm.info" value="mixed mode, sharing"/>
    <property name="stderr.encoding" value="GBK"/>
    <property name="java.vendor" value="Oracle Corporation"/>
    <property name="java.vm.version" value="21.0.7+8-LTS-245"/>
    <property name="sun.io.unicode.encoding" value="UnicodeLittle"/>
    <property name="java.class.version" value="65.0"/>
    <property name="CONSOLE_LOG_PATTERN" value="%d{yyyy-MM-dd HH:mm:ss} - %msg%n"/>
    <property name="LOGGED_APPLICATION_NAME" value="[Banking Transaction Management System - Test] "/>
  </properties>
  <testcase name="testConcurrentReadOperations" classname="com.banking.StressTest" time="4.517">
    <system-out><![CDATA[01:11:18.814 [main] INFO org.springframework.test.context.support.AnnotationConfigContextLoaderUtils -- Could not detect default configuration classes for test class [com.banking.StressTest]: StressTest does not declare any static, non-private, non-final, nested classes annotated with @Configuration.
01:11:19.169 [main] INFO org.springframework.boot.test.context.SpringBootTestContextBootstrapper -- Found @SpringBootConfiguration com.banking.TransactionManagementApplication for test class com.banking.StressTest

  .   ____          _            __ _ _
 /\\ / ___'_ __ _ _(_)_ __  __ _ \ \ \ \
( ( )\___ | '_ | '_| | '_ \/ _` | \ \ \ \
 \\/  ___)| |_)| | | | | || (_| |  ) ) ) )
  '  |____| .__|_| |_|_| |_\__, | / / / /
 =========|_|==============|___/=/_/_/_/
 :: Spring Boot ::                (v3.2.0)

2025-07-02 01:11:20 - Starting StressTest using Java 21.0.7 with PID 24296 (started by JBY in C:\Users\JBY\My Python\My Java\TransManagement\backend)
2025-07-02 01:11:20 - Running with Spring Boot v3.2.0, Spring v6.1.1
2025-07-02 01:11:20 - The following 1 profile is active: "test"
2025-07-02 01:11:20 - Refreshing org.springframework.web.context.support.GenericWebApplicationContext@d3e3085
2025-07-02 01:11:24 - Bootstrapping Spring Data JPA repositories in DEFAULT mode.
2025-07-02 01:11:24 - Finished Spring Data repository scanning in 164 ms. Found 1 JPA repository interface.
2025-07-02 01:11:26 - HHH000204: Processing PersistenceUnitInfo [name: default]
2025-07-02 01:11:26 - HHH000412: Hibernate ORM core version 6.3.1.Final
2025-07-02 01:11:26 - HHH000026: Second-level cache disabled
2025-07-02 01:11:27 - No LoadTimeWeaver setup: ignoring JPA class transformer
2025-07-02 01:11:27 - HikariPool-1 - Starting...
2025-07-02 01:11:28 - HikariPool-1 - Added connection conn0: url=jdbc:h2:mem:testdb user=SA
2025-07-02 01:11:28 - HikariPool-1 - Start completed.
2025-07-02 01:11:28 - HHH90000025: H2Dialect does not need to be specified explicitly using 'hibernate.dialect' (remove the property setting and it will be selected by default)
2025-07-02 01:11:31 - HHH000489: No JTA platform available (set 'hibernate.transaction.jta.platform' to enable JTA platform integration)
2025-07-02 01:11:31 - Initialized JPA EntityManagerFactory for persistence unit 'default'
2025-07-02 01:11:32 - Hibernate is in classpath; If applicable, HQL parser will be used.
2025-07-02 01:11:34 - spring.jpa.open-in-view is enabled by default. Therefore, database queries may be performed during view rendering. Explicitly configure spring.jpa.open-in-view to disable this warning
2025-07-02 01:11:35 - 15 mappings in 'requestMappingHandlerMapping'
2025-07-02 01:11:35 - Patterns [/webjars/**, /**, /swagger-ui*/*swagger-initializer.js, /swagger-ui*/**] in 'resourceHandlerMapping'
2025-07-02 01:11:35 - ControllerAdvice beans: 0 @ModelAttribute, 0 @InitBinder, 1 RequestBodyAdvice, 1 ResponseBodyAdvice
2025-07-02 01:11:35 - ControllerAdvice beans: 2 @ExceptionHandler, 1 ResponseBodyAdvice
2025-07-02 01:11:37 - Filter 'webMvcObservationFilter' configured for use
2025-07-02 01:11:37 - Initializing Spring TestDispatcherServlet ''
2025-07-02 01:11:37 - Initializing Servlet ''
2025-07-02 01:11:37 - Exposing 3 endpoint(s) beneath base path '/actuator'
2025-07-02 01:11:37 - Completed initialization in 49 ms
2025-07-02 01:11:37 - Started StressTest in 17.752 seconds (process running for 20.933)
开始新的压力测试...
2025-07-02 01:11:39 - Mapped to com.banking.controller.TransactionController#createTransaction(TransactionRequest)
2025-07-02 01:11:39 - Read "application/json;charset=UTF-8" to [com.banking.dto.TransactionRequest@474c5d3]
2025-07-02 01:11:40 - Using 'application/json', given [*/*] and supported [application/json, application/*+json]
2025-07-02 01:11:40 - Writing [{data=com.banking.dto.TransactionResponse@4ff2ad84, success=true, message=交易创建成功}]
2025-07-02 01:11:40 - Mapped to com.banking.controller.TransactionController#createTransaction(TransactionRequest)
2025-07-02 01:11:40 - Read "application/json;charset=UTF-8" to [com.banking.dto.TransactionRequest@6ea50137]
2025-07-02 01:11:40 - Using 'application/json', given [*/*] and supported [application/json, application/*+json]
2025-07-02 01:11:40 - Writing [{data=com.banking.dto.TransactionResponse@2e367da0, success=true, message=交易创建成功}]
2025-07-02 01:11:40 - Mapped to com.banking.controller.TransactionController#createTransaction(TransactionRequest)
2025-07-02 01:11:40 - Read "application/json;charset=UTF-8" to [com.banking.dto.TransactionRequest@41e537cb]
2025-07-02 01:11:40 - Using 'application/json', given [*/*] and supported [application/json, application/*+json]
2025-07-02 01:11:40 - Writing [{data=com.banking.dto.TransactionResponse@6cc53274, success=true, message=交易创建成功}]
2025-07-02 01:11:40 - Mapped to com.banking.controller.TransactionController#createTransaction(TransactionRequest)
2025-07-02 01:11:40 - Read "application/json;charset=UTF-8" to [com.banking.dto.TransactionRequest@518e24d]
2025-07-02 01:11:40 - Using 'application/json', given [*/*] and supported [application/json, application/*+json]
2025-07-02 01:11:40 - Writing [{data=com.banking.dto.TransactionResponse@778f3f29, success=true, message=交易创建成功}]
2025-07-02 01:11:40 - Mapped to com.banking.controller.TransactionController#createTransaction(TransactionRequest)
2025-07-02 01:11:40 - Read "application/json;charset=UTF-8" to [com.banking.dto.TransactionRequest@7713192a]
2025-07-02 01:11:40 - Using 'application/json', given [*/*] and supported [application/json, application/*+json]
2025-07-02 01:11:40 - Writing [{data=com.banking.dto.TransactionResponse@6906586b, success=true, message=交易创建成功}]
2025-07-02 01:11:40 - Mapped to com.banking.controller.TransactionController#createTransaction(TransactionRequest)
2025-07-02 01:11:40 - Read "application/json;charset=UTF-8" to [com.banking.dto.TransactionRequest@5d9a0ec4]
2025-07-02 01:11:40 - Using 'application/json', given [*/*] and supported [application/json, application/*+json]
2025-07-02 01:11:40 - Writing [{data=com.banking.dto.TransactionResponse@364a4ec5, success=true, message=交易创建成功}]
2025-07-02 01:11:40 - Mapped to com.banking.controller.TransactionController#createTransaction(TransactionRequest)
2025-07-02 01:11:40 - Read "application/json;charset=UTF-8" to [com.banking.dto.TransactionRequest@11c131d1]
2025-07-02 01:11:40 - Using 'application/json', given [*/*] and supported [application/json, application/*+json]
2025-07-02 01:11:40 - Writing [{data=com.banking.dto.TransactionResponse@9c1d1ea, success=true, message=交易创建成功}]
2025-07-02 01:11:40 - Mapped to com.banking.controller.TransactionController#createTransaction(TransactionRequest)
2025-07-02 01:11:40 - Read "application/json;charset=UTF-8" to [com.banking.dto.TransactionRequest@3b3374ee]
2025-07-02 01:11:40 - Using 'application/json', given [*/*] and supported [application/json, application/*+json]
2025-07-02 01:11:40 - Writing [{data=com.banking.dto.TransactionResponse@d3afeeb, success=true, message=交易创建成功}]
2025-07-02 01:11:40 - Mapped to com.banking.controller.TransactionController#createTransaction(TransactionRequest)
2025-07-02 01:11:40 - Read "application/json;charset=UTF-8" to [com.banking.dto.TransactionRequest@1ecce04c]
2025-07-02 01:11:40 - Using 'application/json', given [*/*] and supported [application/json, application/*+json]
2025-07-02 01:11:40 - Writing [{data=com.banking.dto.TransactionResponse@2dd7e5fb, success=true, message=交易创建成功}]
2025-07-02 01:11:40 - Mapped to com.banking.controller.TransactionController#createTransaction(TransactionRequest)
2025-07-02 01:11:40 - Read "application/json;charset=UTF-8" to [com.banking.dto.TransactionRequest@2b3222b1]
2025-07-02 01:11:40 - Using 'application/json', given [*/*] and supported [application/json, application/*+json]
2025-07-02 01:11:40 - Writing [{data=com.banking.dto.TransactionResponse@3580929c, success=true, message=交易创建成功}]
2025-07-02 01:11:40 - Mapped to com.banking.controller.TransactionController#createTransaction(TransactionRequest)
2025-07-02 01:11:40 - Read "application/json;charset=UTF-8" to [com.banking.dto.TransactionRequest@54cb29d2]
2025-07-02 01:11:40 - Using 'application/json', given [*/*] and supported [application/json, application/*+json]
2025-07-02 01:11:40 - Writing [{data=com.banking.dto.TransactionResponse@449df5c, success=true, message=交易创建成功}]
2025-07-02 01:11:40 - Mapped to com.banking.controller.TransactionController#createTransaction(TransactionRequest)
2025-07-02 01:11:40 - Read "application/json;charset=UTF-8" to [com.banking.dto.TransactionRequest@420989af]
2025-07-02 01:11:40 - Using 'application/json', given [*/*] and supported [application/json, application/*+json]
2025-07-02 01:11:40 - Writing [{data=com.banking.dto.TransactionResponse@7502268d, success=true, message=交易创建成功}]
2025-07-02 01:11:40 - Mapped to com.banking.controller.TransactionController#createTransaction(TransactionRequest)
2025-07-02 01:11:40 - Read "application/json;charset=UTF-8" to [com.banking.dto.TransactionRequest@2ea11079]
2025-07-02 01:11:40 - Using 'application/json', given [*/*] and supported [application/json, application/*+json]
2025-07-02 01:11:40 - Writing [{data=com.banking.dto.TransactionResponse@72ff2641, success=true, message=交易创建成功}]
2025-07-02 01:11:40 - Mapped to com.banking.controller.TransactionController#createTransaction(TransactionRequest)
2025-07-02 01:11:40 - Read "application/json;charset=UTF-8" to [com.banking.dto.TransactionRequest@52b3b9d2]
2025-07-02 01:11:40 - Using 'application/json', given [*/*] and supported [application/json, application/*+json]
2025-07-02 01:11:40 - Writing [{data=com.banking.dto.TransactionResponse@19f0b3b6, success=true, message=交易创建成功}]
2025-07-02 01:11:40 - Mapped to com.banking.controller.TransactionController#createTransaction(TransactionRequest)
2025-07-02 01:11:40 - Read "application/json;charset=UTF-8" to [com.banking.dto.TransactionRequest@188decfd]
2025-07-02 01:11:40 - Using 'application/json', given [*/*] and supported [application/json, application/*+json]
2025-07-02 01:11:40 - Writing [{data=com.banking.dto.TransactionResponse@317f8e37, success=true, message=交易创建成功}]
2025-07-02 01:11:40 - Mapped to com.banking.controller.TransactionController#createTransaction(TransactionRequest)
2025-07-02 01:11:40 - Read "application/json;charset=UTF-8" to [com.banking.dto.TransactionRequest@5feb391e]
2025-07-02 01:11:40 - Using 'application/json', given [*/*] and supported [application/json, application/*+json]
2025-07-02 01:11:40 - Writing [{data=com.banking.dto.TransactionResponse@41b923e4, success=true, message=交易创建成功}]
2025-07-02 01:11:40 - Mapped to com.banking.controller.TransactionController#createTransaction(TransactionRequest)
2025-07-02 01:11:40 - Read "application/json;charset=UTF-8" to [com.banking.dto.TransactionRequest@6b8b7c68]
2025-07-02 01:11:40 - Using 'application/json', given [*/*] and supported [application/json, application/*+json]
2025-07-02 01:11:40 - Writing [{data=com.banking.dto.TransactionResponse@24358851, success=true, message=交易创建成功}]
2025-07-02 01:11:40 - Mapped to com.banking.controller.TransactionController#createTransaction(TransactionRequest)
2025-07-02 01:11:40 - Read "application/json;charset=UTF-8" to [com.banking.dto.TransactionRequest@74c35a9f]
2025-07-02 01:11:40 - Using 'application/json', given [*/*] and supported [application/json, application/*+json]
2025-07-02 01:11:40 - Writing [{data=com.banking.dto.TransactionResponse@3916cffd, success=true, message=交易创建成功}]
2025-07-02 01:11:40 - Mapped to com.banking.controller.TransactionController#createTransaction(TransactionRequest)
2025-07-02 01:11:40 - Read "application/json;charset=UTF-8" to [com.banking.dto.TransactionRequest@1503d32]
2025-07-02 01:11:40 - Using 'application/json', given [*/*] and supported [application/json, application/*+json]
2025-07-02 01:11:40 - Writing [{data=com.banking.dto.TransactionResponse@13e38696, success=true, message=交易创建成功}]
2025-07-02 01:11:40 - Mapped to com.banking.controller.TransactionController#createTransaction(TransactionRequest)
2025-07-02 01:11:40 - Read "application/json;charset=UTF-8" to [com.banking.dto.TransactionRequest@7be3679b]
2025-07-02 01:11:40 - Using 'application/json', given [*/*] and supported [application/json, application/*+json]
2025-07-02 01:11:40 - Writing [{data=com.banking.dto.TransactionResponse@1c859d63, success=true, message=交易创建成功}]
2025-07-02 01:11:40 - Mapped to com.banking.controller.TransactionController#createTransaction(TransactionRequest)
2025-07-02 01:11:40 - Read "application/json;charset=UTF-8" to [com.banking.dto.TransactionRequest@54aa0d24]
2025-07-02 01:11:40 - Using 'application/json', given [*/*] and supported [application/json, application/*+json]
2025-07-02 01:11:40 - Writing [{data=com.banking.dto.TransactionResponse@2fb6fb6a, success=true, message=交易创建成功}]
2025-07-02 01:11:40 - Mapped to com.banking.controller.TransactionController#createTransaction(TransactionRequest)
2025-07-02 01:11:40 - Read "application/json;charset=UTF-8" to [com.banking.dto.TransactionRequest@5644249e]
2025-07-02 01:11:40 - Using 'application/json', given [*/*] and supported [application/json, application/*+json]
2025-07-02 01:11:40 - Writing [{data=com.banking.dto.TransactionResponse@64a8a6c5, success=true, message=交易创建成功}]
2025-07-02 01:11:40 - Mapped to com.banking.controller.TransactionController#createTransaction(TransactionRequest)
2025-07-02 01:11:40 - Read "application/json;charset=UTF-8" to [com.banking.dto.TransactionRequest@4dae3c69]
2025-07-02 01:11:40 - Using 'application/json', given [*/*] and supported [application/json, application/*+json]
2025-07-02 01:11:40 - Writing [{data=com.banking.dto.TransactionResponse@753c9fde, success=true, message=交易创建成功}]
2025-07-02 01:11:40 - Mapped to com.banking.controller.TransactionController#createTransaction(TransactionRequest)
2025-07-02 01:11:40 - Read "application/json;charset=UTF-8" to [com.banking.dto.TransactionRequest@6cd430e]
2025-07-02 01:11:40 - Using 'application/json', given [*/*] and supported [application/json, application/*+json]
2025-07-02 01:11:40 - Writing [{data=com.banking.dto.TransactionResponse@26f8a3a3, success=true, message=交易创建成功}]
2025-07-02 01:11:40 - Mapped to com.banking.controller.TransactionController#createTransaction(TransactionRequest)
2025-07-02 01:11:40 - Read "application/json;charset=UTF-8" to [com.banking.dto.TransactionRequest@6a7920c1]
2025-07-02 01:11:40 - Using 'application/json', given [*/*] and supported [application/json, application/*+json]
2025-07-02 01:11:40 - Writing [{data=com.banking.dto.TransactionResponse@45267035, success=true, message=交易创建成功}]
2025-07-02 01:11:40 - Mapped to com.banking.controller.TransactionController#createTransaction(TransactionRequest)
2025-07-02 01:11:40 - Read "application/json;charset=UTF-8" to [com.banking.dto.TransactionRequest@5655e036]
2025-07-02 01:11:40 - Using 'application/json', given [*/*] and supported [application/json, application/*+json]
2025-07-02 01:11:40 - Writing [{data=com.banking.dto.TransactionResponse@e991ee5, success=true, message=交易创建成功}]
2025-07-02 01:11:40 - Mapped to com.banking.controller.TransactionController#createTransaction(TransactionRequest)
2025-07-02 01:11:40 - Read "application/json;charset=UTF-8" to [com.banking.dto.TransactionRequest@5927762f]
2025-07-02 01:11:40 - Using 'application/json', given [*/*] and supported [application/json, application/*+json]
2025-07-02 01:11:40 - Writing [{data=com.banking.dto.TransactionResponse@31686695, success=true, message=交易创建成功}]
2025-07-02 01:11:40 - Mapped to com.banking.controller.TransactionController#createTransaction(TransactionRequest)
2025-07-02 01:11:40 - Read "application/json;charset=UTF-8" to [com.banking.dto.TransactionRequest@39aa73fb]
2025-07-02 01:11:40 - Using 'application/json', given [*/*] and supported [application/json, application/*+json]
2025-07-02 01:11:40 - Writing [{data=com.banking.dto.TransactionResponse@411d9acf, success=true, message=交易创建成功}]
2025-07-02 01:11:40 - Mapped to com.banking.controller.TransactionController#createTransaction(TransactionRequest)
2025-07-02 01:11:40 - Read "application/json;charset=UTF-8" to [com.banking.dto.TransactionRequest@6b0445d4]
2025-07-02 01:11:40 - Using 'application/json', given [*/*] and supported [application/json, application/*+json]
2025-07-02 01:11:40 - Writing [{data=com.banking.dto.TransactionResponse@42f4a89f, success=true, message=交易创建成功}]
2025-07-02 01:11:40 - Mapped to com.banking.controller.TransactionController#createTransaction(TransactionRequest)
2025-07-02 01:11:40 - Read "application/json;charset=UTF-8" to [com.banking.dto.TransactionRequest@517db93d]
2025-07-02 01:11:40 - Using 'application/json', given [*/*] and supported [application/json, application/*+json]
2025-07-02 01:11:40 - Writing [{data=com.banking.dto.TransactionResponse@67831c51, success=true, message=交易创建成功}]
2025-07-02 01:11:40 - Mapped to com.banking.controller.TransactionController#createTransaction(TransactionRequest)
2025-07-02 01:11:40 - Read "application/json;charset=UTF-8" to [com.banking.dto.TransactionRequest@7478e3d2]
2025-07-02 01:11:40 - Using 'application/json', given [*/*] and supported [application/json, application/*+json]
2025-07-02 01:11:40 - Writing [{data=com.banking.dto.TransactionResponse@39d7b917, success=true, message=交易创建成功}]
2025-07-02 01:11:40 - Mapped to com.banking.controller.TransactionController#createTransaction(TransactionRequest)
2025-07-02 01:11:40 - Read "application/json;charset=UTF-8" to [com.banking.dto.TransactionRequest@5f7a81bb]
2025-07-02 01:11:40 - Using 'application/json', given [*/*] and supported [application/json, application/*+json]
2025-07-02 01:11:40 - Writing [{data=com.banking.dto.TransactionResponse@c2c9bb8, success=true, message=交易创建成功}]
2025-07-02 01:11:40 - Mapped to com.banking.controller.TransactionController#createTransaction(TransactionRequest)
2025-07-02 01:11:40 - Read "application/json;charset=UTF-8" to [com.banking.dto.TransactionRequest@221488b3]
2025-07-02 01:11:40 - Using 'application/json', given [*/*] and supported [application/json, application/*+json]
2025-07-02 01:11:40 - Writing [{data=com.banking.dto.TransactionResponse@15136c9a, success=true, message=交易创建成功}]
2025-07-02 01:11:40 - Mapped to com.banking.controller.TransactionController#createTransaction(TransactionRequest)
2025-07-02 01:11:40 - Read "application/json;charset=UTF-8" to [com.banking.dto.TransactionRequest@97539b3]
2025-07-02 01:11:40 - Using 'application/json', given [*/*] and supported [application/json, application/*+json]
2025-07-02 01:11:40 - Writing [{data=com.banking.dto.TransactionResponse@490804cc, success=true, message=交易创建成功}]
2025-07-02 01:11:40 - Mapped to com.banking.controller.TransactionController#createTransaction(TransactionRequest)
2025-07-02 01:11:40 - Read "application/json;charset=UTF-8" to [com.banking.dto.TransactionRequest@7bdd00a3]
2025-07-02 01:11:40 - Using 'application/json', given [*/*] and supported [application/json, application/*+json]
2025-07-02 01:11:40 - Writing [{data=com.banking.dto.TransactionResponse@307f83b5, success=true, message=交易创建成功}]
2025-07-02 01:11:40 - Mapped to com.banking.controller.TransactionController#createTransaction(TransactionRequest)
2025-07-02 01:11:40 - Read "application/json;charset=UTF-8" to [com.banking.dto.TransactionRequest@6d531b0e]
2025-07-02 01:11:40 - Using 'application/json', given [*/*] and supported [application/json, application/*+json]
2025-07-02 01:11:40 - Writing [{data=com.banking.dto.TransactionResponse@9f34b7d, success=true, message=交易创建成功}]
2025-07-02 01:11:40 - Mapped to com.banking.controller.TransactionController#createTransaction(TransactionRequest)
2025-07-02 01:11:40 - Read "application/json;charset=UTF-8" to [com.banking.dto.TransactionRequest@70484d71]
2025-07-02 01:11:40 - Using 'application/json', given [*/*] and supported [application/json, application/*+json]
2025-07-02 01:11:40 - Writing [{data=com.banking.dto.TransactionResponse@4662b1a0, success=true, message=交易创建成功}]
2025-07-02 01:11:40 - Mapped to com.banking.controller.TransactionController#createTransaction(TransactionRequest)
2025-07-02 01:11:40 - Read "application/json;charset=UTF-8" to [com.banking.dto.TransactionRequest@1489e104]
2025-07-02 01:11:40 - Using 'application/json', given [*/*] and supported [application/json, application/*+json]
2025-07-02 01:11:40 - Writing [{data=com.banking.dto.TransactionResponse@16f28ccf, success=true, message=交易创建成功}]
2025-07-02 01:11:40 - Mapped to com.banking.controller.TransactionController#createTransaction(TransactionRequest)
2025-07-02 01:11:40 - Read "application/json;charset=UTF-8" to [com.banking.dto.TransactionRequest@3767369d]
2025-07-02 01:11:40 - Using 'application/json', given [*/*] and supported [application/json, application/*+json]
2025-07-02 01:11:40 - Writing [{data=com.banking.dto.TransactionResponse@3991900e, success=true, message=交易创建成功}]
2025-07-02 01:11:40 - Mapped to com.banking.controller.TransactionController#createTransaction(TransactionRequest)
2025-07-02 01:11:40 - Read "application/json;charset=UTF-8" to [com.banking.dto.TransactionRequest@5ceacac2]
2025-07-02 01:11:40 - Using 'application/json', given [*/*] and supported [application/json, application/*+json]
2025-07-02 01:11:40 - Writing [{data=com.banking.dto.TransactionResponse@4b018d62, success=true, message=交易创建成功}]
2025-07-02 01:11:40 - Mapped to com.banking.controller.TransactionController#createTransaction(TransactionRequest)
2025-07-02 01:11:40 - Read "application/json;charset=UTF-8" to [com.banking.dto.TransactionRequest@7d2f0161]
2025-07-02 01:11:40 - Using 'application/json', given [*/*] and supported [application/json, application/*+json]
2025-07-02 01:11:40 - Writing [{data=com.banking.dto.TransactionResponse@9ea0ce9, success=true, message=交易创建成功}]
2025-07-02 01:11:40 - Mapped to com.banking.controller.TransactionController#createTransaction(TransactionRequest)
2025-07-02 01:11:40 - Read "application/json;charset=UTF-8" to [com.banking.dto.TransactionRequest@54a82d25]
2025-07-02 01:11:40 - Using 'application/json', given [*/*] and supported [application/json, application/*+json]
2025-07-02 01:11:40 - Writing [{data=com.banking.dto.TransactionResponse@3a7c8718, success=true, message=交易创建成功}]
2025-07-02 01:11:40 - Mapped to com.banking.controller.TransactionController#createTransaction(TransactionRequest)
2025-07-02 01:11:40 - Read "application/json;charset=UTF-8" to [com.banking.dto.TransactionRequest@7c9a60a7]
2025-07-02 01:11:40 - Using 'application/json', given [*/*] and supported [application/json, application/*+json]
2025-07-02 01:11:40 - Writing [{data=com.banking.dto.TransactionResponse@6cd829b5, success=true, message=交易创建成功}]
2025-07-02 01:11:40 - Mapped to com.banking.controller.TransactionController#createTransaction(TransactionRequest)
2025-07-02 01:11:40 - Read "application/json;charset=UTF-8" to [com.banking.dto.TransactionRequest@49111a6]
2025-07-02 01:11:40 - Using 'application/json', given [*/*] and supported [application/json, application/*+json]
2025-07-02 01:11:40 - Writing [{data=com.banking.dto.TransactionResponse@12f06cb, success=true, message=交易创建成功}]
2025-07-02 01:11:40 - Mapped to com.banking.controller.TransactionController#createTransaction(TransactionRequest)
2025-07-02 01:11:40 - Read "application/json;charset=UTF-8" to [com.banking.dto.TransactionRequest@5f143fc]
2025-07-02 01:11:40 - Using 'application/json', given [*/*] and supported [application/json, application/*+json]
2025-07-02 01:11:40 - Writing [{data=com.banking.dto.TransactionResponse@6ddb9a2e, success=true, message=交易创建成功}]
2025-07-02 01:11:40 - Mapped to com.banking.controller.TransactionController#createTransaction(TransactionRequest)
2025-07-02 01:11:40 - Read "application/json;charset=UTF-8" to [com.banking.dto.TransactionRequest@1c86b6c]
2025-07-02 01:11:40 - Using 'application/json', given [*/*] and supported [application/json, application/*+json]
2025-07-02 01:11:40 - Writing [{data=com.banking.dto.TransactionResponse@93e25a3, success=true, message=交易创建成功}]
2025-07-02 01:11:40 - Mapped to com.banking.controller.TransactionController#createTransaction(TransactionRequest)
2025-07-02 01:11:40 - Read "application/json;charset=UTF-8" to [com.banking.dto.TransactionRequest@203dff48]
2025-07-02 01:11:40 - Using 'application/json', given [*/*] and supported [application/json, application/*+json]
2025-07-02 01:11:40 - Writing [{data=com.banking.dto.TransactionResponse@49d0c30a, success=true, message=交易创建成功}]
2025-07-02 01:11:40 - Mapped to com.banking.controller.TransactionController#createTransaction(TransactionRequest)
2025-07-02 01:11:40 - Read "application/json;charset=UTF-8" to [com.banking.dto.TransactionRequest@6cf21a44]
2025-07-02 01:11:40 - Using 'application/json', given [*/*] and supported [application/json, application/*+json]
2025-07-02 01:11:40 - Writing [{data=com.banking.dto.TransactionResponse@61fb9707, success=true, message=交易创建成功}]
2025-07-02 01:11:40 - Mapped to com.banking.controller.TransactionController#createTransaction(TransactionRequest)
2025-07-02 01:11:40 - Read "application/json;charset=UTF-8" to [com.banking.dto.TransactionRequest@32620f7e]
2025-07-02 01:11:40 - Using 'application/json', given [*/*] and supported [application/json, application/*+json]
2025-07-02 01:11:40 - Writing [{data=com.banking.dto.TransactionResponse@326fb1d1, success=true, message=交易创建成功}]
2025-07-02 01:11:40 - Mapped to com.banking.controller.TransactionController#createTransaction(TransactionRequest)
2025-07-02 01:11:40 - Read "application/json;charset=UTF-8" to [com.banking.dto.TransactionRequest@78f1c92a]
2025-07-02 01:11:40 - Using 'application/json', given [*/*] and supported [application/json, application/*+json]
2025-07-02 01:11:40 - Writing [{data=com.banking.dto.TransactionResponse@7d03051a, success=true, message=交易创建成功}]
2025-07-02 01:11:40 - Mapped to com.banking.controller.TransactionController#getTransactions(int, int)
2025-07-02 01:11:40 - Mapped to com.banking.controller.TransactionController#getTransactions(int, int)
2025-07-02 01:11:40 - Mapped to com.banking.controller.TransactionController#getTransactions(int, int)
2025-07-02 01:11:40 - Mapped to com.banking.controller.TransactionController#getTransactions(int, int)
2025-07-02 01:11:40 - Mapped to com.banking.controller.TransactionController#getTransactions(int, int)
2025-07-02 01:11:40 - Mapped to com.banking.controller.TransactionController#getTransactions(int, int)
2025-07-02 01:11:40 - Mapped to com.banking.controller.TransactionController#getTransactions(int, int)
2025-07-02 01:11:40 - Mapped to com.banking.controller.TransactionController#getTransactions(int, int)
2025-07-02 01:11:40 - Mapped to com.banking.controller.TransactionController#getTransactions(int, int)
2025-07-02 01:11:40 - Mapped to com.banking.controller.TransactionController#getTransactions(int, int)
2025-07-02 01:11:40 - Mapped to com.banking.controller.TransactionController#getTransactions(int, int)
2025-07-02 01:11:40 - Mapped to com.banking.controller.TransactionController#getTransactions(int, int)
2025-07-02 01:11:40 - Mapped to com.banking.controller.TransactionController#getTransactions(int, int)
2025-07-02 01:11:40 - Mapped to com.banking.controller.TransactionController#getTransactions(int, int)
2025-07-02 01:11:40 - Mapped to com.banking.controller.TransactionController#getTransactions(int, int)
2025-07-02 01:11:40 - Mapped to com.banking.controller.TransactionController#getTransactions(int, int)
2025-07-02 01:11:40 - Mapped to com.banking.controller.TransactionController#getTransactions(int, int)
2025-07-02 01:11:40 - Mapped to com.banking.controller.TransactionController#getTransactions(int, int)
2025-07-02 01:11:40 - Mapped to com.banking.controller.TransactionController#getTransactions(int, int)
2025-07-02 01:11:40 - Mapped to com.banking.controller.TransactionController#getTransactions(int, int)
2025-07-02 01:11:40 - Mapped to com.banking.controller.TransactionController#getTransactions(int, int)
2025-07-02 01:11:40 - Mapped to com.banking.controller.TransactionController#getTransactions(int, int)
2025-07-02 01:11:40 - Mapped to com.banking.controller.TransactionController#getTransactions(int, int)
2025-07-02 01:11:40 - Mapped to com.banking.controller.TransactionController#getTransactions(int, int)
2025-07-02 01:11:40 - Mapped to com.banking.controller.TransactionController#getTransactions(int, int)
2025-07-02 01:11:40 - Mapped to com.banking.controller.TransactionController#getTransactions(int, int)
2025-07-02 01:11:40 - Mapped to com.banking.controller.TransactionController#getTransactions(int, int)
2025-07-02 01:11:40 - Mapped to com.banking.controller.TransactionController#getTransactions(int, int)
2025-07-02 01:11:40 - Mapped to com.banking.controller.TransactionController#getTransactions(int, int)
2025-07-02 01:11:40 - Mapped to com.banking.controller.TransactionController#getTransactions(int, int)
2025-07-02 01:11:40 - Mapped to com.banking.controller.TransactionController#getTransactions(int, int)
2025-07-02 01:11:40 - Mapped to com.banking.controller.TransactionController#getTransactions(int, int)
2025-07-02 01:11:40 - Mapped to com.banking.controller.TransactionController#getTransactions(int, int)
2025-07-02 01:11:40 - Mapped to com.banking.controller.TransactionController#getTransactions(int, int)
2025-07-02 01:11:40 - Mapped to com.banking.controller.TransactionController#getTransactions(int, int)
2025-07-02 01:11:40 - Mapped to com.banking.controller.TransactionController#getTransactions(int, int)
2025-07-02 01:11:40 - Mapped to com.banking.controller.TransactionController#getTransactions(int, int)
2025-07-02 01:11:40 - Mapped to com.banking.controller.TransactionController#getTransactions(int, int)
2025-07-02 01:11:40 - Mapped to com.banking.controller.TransactionController#getTransactions(int, int)
2025-07-02 01:11:40 - Mapped to com.banking.controller.TransactionController#getTransactions(int, int)
2025-07-02 01:11:40 - Mapped to com.banking.controller.TransactionController#getTransactions(int, int)
2025-07-02 01:11:40 - Mapped to com.banking.controller.TransactionController#getTransactions(int, int)
2025-07-02 01:11:40 - Mapped to com.banking.controller.TransactionController#getTransactions(int, int)
2025-07-02 01:11:40 - Mapped to com.banking.controller.TransactionController#getTransactions(int, int)
2025-07-02 01:11:40 - Mapped to com.banking.controller.TransactionController#getTransactions(int, int)
2025-07-02 01:11:40 - Mapped to com.banking.controller.TransactionController#getTransactions(int, int)
2025-07-02 01:11:40 - Mapped to com.banking.controller.TransactionController#getTransactions(int, int)
2025-07-02 01:11:40 - Mapped to com.banking.controller.TransactionController#getTransactions(int, int)
2025-07-02 01:11:40 - Mapped to com.banking.controller.TransactionController#getTransactions(int, int)
2025-07-02 01:11:40 - Mapped to com.banking.controller.TransactionController#getTransactions(int, int)
2025-07-02 01:11:40 - Mapped to com.banking.controller.TransactionController#getTransactions(int, int)
2025-07-02 01:11:40 - Mapped to com.banking.controller.TransactionController#getTransactions(int, int)
2025-07-02 01:11:40 - Mapped to com.banking.controller.TransactionController#getTransactions(int, int)
2025-07-02 01:11:40 - Mapped to com.banking.controller.TransactionController#getTransactions(int, int)
2025-07-02 01:11:40 - Mapped to com.banking.controller.TransactionController#getTransactions(int, int)
2025-07-02 01:11:40 - Mapped to com.banking.controller.TransactionController#getTransactions(int, int)
2025-07-02 01:11:40 - Mapped to com.banking.controller.TransactionController#getTransactions(int, int)
2025-07-02 01:11:40 - Mapped to com.banking.controller.TransactionController#getTransactions(int, int)
2025-07-02 01:11:40 - Mapped to com.banking.controller.TransactionController#getTransactions(int, int)
2025-07-02 01:11:40 - Mapped to com.banking.controller.TransactionController#getTransactions(int, int)
2025-07-02 01:11:40 - Mapped to com.banking.controller.TransactionController#getTransactions(int, int)
2025-07-02 01:11:40 - Mapped to com.banking.controller.TransactionController#getTransactions(int, int)
2025-07-02 01:11:40 - Mapped to com.banking.controller.TransactionController#getTransactions(int, int)
2025-07-02 01:11:40 - Mapped to com.banking.controller.TransactionController#getTransactions(int, int)
2025-07-02 01:11:40 - Mapped to com.banking.controller.TransactionController#getTransactions(int, int)
2025-07-02 01:11:40 - Mapped to com.banking.controller.TransactionController#getTransactions(int, int)
2025-07-02 01:11:40 - Mapped to com.banking.controller.TransactionController#getTransactions(int, int)
2025-07-02 01:11:40 - Mapped to com.banking.controller.TransactionController#getTransactions(int, int)
2025-07-02 01:11:40 - Mapped to com.banking.controller.TransactionController#getTransactions(int, int)
2025-07-02 01:11:40 - Mapped to com.banking.controller.TransactionController#getTransactions(int, int)
2025-07-02 01:11:40 - Mapped to com.banking.controller.TransactionController#getTransactions(int, int)
2025-07-02 01:11:40 - Mapped to com.banking.controller.TransactionController#getTransactions(int, int)
2025-07-02 01:11:40 - Mapped to com.banking.controller.TransactionController#getTransactions(int, int)
2025-07-02 01:11:40 - Mapped to com.banking.controller.TransactionController#getTransactions(int, int)
2025-07-02 01:11:40 - Mapped to com.banking.controller.TransactionController#getTransactions(int, int)
2025-07-02 01:11:40 - Mapped to com.banking.controller.TransactionController#getTransactions(int, int)
2025-07-02 01:11:40 - Mapped to com.banking.controller.TransactionController#getTransactions(int, int)
2025-07-02 01:11:40 - Mapped to com.banking.controller.TransactionController#getTransactions(int, int)
2025-07-02 01:11:40 - Mapped to com.banking.controller.TransactionController#getTransactions(int, int)
2025-07-02 01:11:40 - Mapped to com.banking.controller.TransactionController#getTransactions(int, int)
2025-07-02 01:11:40 - Mapped to com.banking.controller.TransactionController#getTransactions(int, int)
2025-07-02 01:11:40 - Mapped to com.banking.controller.TransactionController#getTransactions(int, int)
2025-07-02 01:11:40 - Mapped to com.banking.controller.TransactionController#getTransactions(int, int)
2025-07-02 01:11:40 - Mapped to com.banking.controller.TransactionController#getTransactions(int, int)
2025-07-02 01:11:40 - Mapped to com.banking.controller.TransactionController#getTransactions(int, int)
2025-07-02 01:11:40 - Mapped to com.banking.controller.TransactionController#getTransactions(int, int)
2025-07-02 01:11:40 - Mapped to com.banking.controller.TransactionController#getTransactions(int, int)
2025-07-02 01:11:40 - Mapped to com.banking.controller.TransactionController#getTransactions(int, int)
2025-07-02 01:11:40 - Mapped to com.banking.controller.TransactionController#getTransactions(int, int)
2025-07-02 01:11:40 - Mapped to com.banking.controller.TransactionController#getTransactions(int, int)
2025-07-02 01:11:40 - Mapped to com.banking.controller.TransactionController#getTransactions(int, int)
2025-07-02 01:11:40 - Mapped to com.banking.controller.TransactionController#getTransactions(int, int)
2025-07-02 01:11:40 - Mapped to com.banking.controller.TransactionController#getTransactions(int, int)
2025-07-02 01:11:40 - Mapped to com.banking.controller.TransactionController#getTransactions(int, int)
2025-07-02 01:11:40 - Mapped to com.banking.controller.TransactionController#getTransactions(int, int)
2025-07-02 01:11:40 - Mapped to com.banking.controller.TransactionController#getTransactions(int, int)
2025-07-02 01:11:40 - Mapped to com.banking.controller.TransactionController#getTransactions(int, int)
2025-07-02 01:11:40 - Mapped to com.banking.controller.TransactionController#getTransactions(int, int)
2025-07-02 01:11:40 - Mapped to com.banking.controller.TransactionController#getTransactions(int, int)
2025-07-02 01:11:40 - Mapped to com.banking.controller.TransactionController#getTransactions(int, int)
2025-07-02 01:11:41 - Using 'application/json', given [*/*] and supported [application/json, application/*+json]
2025-07-02 01:11:41 - Using 'application/json', given [*/*] and supported [application/json, application/*+json]
2025-07-02 01:11:41 - Using 'application/json', given [*/*] and supported [application/json, application/*+json]
2025-07-02 01:11:41 - Using 'application/json', given [*/*] and supported [application/json, application/*+json]
2025-07-02 01:11:41 - Using 'application/json', given [*/*] and supported [application/json, application/*+json]
2025-07-02 01:11:41 - Using 'application/json', given [*/*] and supported [application/json, application/*+json]
2025-07-02 01:11:41 - Using 'application/json', given [*/*] and supported [application/json, application/*+json]
2025-07-02 01:11:41 - Using 'application/json', given [*/*] and supported [application/json, application/*+json]
2025-07-02 01:11:41 - Using 'application/json', given [*/*] and supported [application/json, application/*+json]
2025-07-02 01:11:41 - Using 'application/json', given [*/*] and supported [application/json, application/*+json]
2025-07-02 01:11:41 - Writing [{pagination={totalPages=5, size=10, total=50, page=0}, data=[com.banking.dto.TransactionResponse@3b3 (truncated)...]
2025-07-02 01:11:41 - Writing [{pagination={totalPages=5, size=10, total=50, page=0}, data=[com.banking.dto.TransactionResponse@16d (truncated)...]
2025-07-02 01:11:41 - Writing [{pagination={totalPages=5, size=10, total=50, page=0}, data=[com.banking.dto.TransactionResponse@7df (truncated)...]
2025-07-02 01:11:41 - Writing [{pagination={totalPages=5, size=10, total=50, page=0}, data=[com.banking.dto.TransactionResponse@635 (truncated)...]
2025-07-02 01:11:41 - Writing [{pagination={totalPages=5, size=10, total=50, page=0}, data=[com.banking.dto.TransactionResponse@24e (truncated)...]
2025-07-02 01:11:41 - Writing [{pagination={totalPages=5, size=10, total=50, page=0}, data=[com.banking.dto.TransactionResponse@4ed (truncated)...]
2025-07-02 01:11:41 - Writing [{pagination={totalPages=5, size=10, total=50, page=0}, data=[com.banking.dto.TransactionResponse@7ae (truncated)...]
2025-07-02 01:11:41 - Writing [{pagination={totalPages=5, size=10, total=50, page=0}, data=[com.banking.dto.TransactionResponse@55d (truncated)...]
2025-07-02 01:11:41 - Writing [{pagination={totalPages=5, size=10, total=50, page=0}, data=[com.banking.dto.TransactionResponse@f4f (truncated)...]
2025-07-02 01:11:41 - Writing [{pagination={totalPages=5, size=10, total=50, page=0}, data=[com.banking.dto.TransactionResponse@9b9 (truncated)...]
2025-07-02 01:11:41 - Mapped to com.banking.controller.TransactionController#getStatistics()
2025-07-02 01:11:41 - Mapped to com.banking.controller.TransactionController#getStatistics()
2025-07-02 01:11:41 - Mapped to com.banking.controller.TransactionController#getStatistics()
2025-07-02 01:11:41 - Mapped to com.banking.controller.TransactionController#getStatistics()
2025-07-02 01:11:41 - Mapped to com.banking.controller.TransactionController#getStatistics()
2025-07-02 01:11:41 - Mapped to com.banking.controller.TransactionController#getStatistics()
2025-07-02 01:11:41 - Mapped to com.banking.controller.TransactionController#getStatistics()
2025-07-02 01:11:41 - Mapped to com.banking.controller.TransactionController#getStatistics()
2025-07-02 01:11:41 - Using 'application/json', given [*/*] and supported [application/json, application/*+json]
2025-07-02 01:11:41 - Using 'application/json', given [*/*] and supported [application/json, application/*+json]
2025-07-02 01:11:41 - Using 'application/json', given [*/*] and supported [application/json, application/*+json]
2025-07-02 01:11:41 - Using 'application/json', given [*/*] and supported [application/json, application/*+json]
2025-07-02 01:11:41 - Writing [{data={totalTransactions=50, transactionTypes=[Lcom.banking.model.TransactionType;@66c3ad27}, succes (truncated)...]
2025-07-02 01:11:41 - Writing [{data={totalTransactions=50, transactionTypes=[Lcom.banking.model.TransactionType;@1a6545a2}, succes (truncated)...]
2025-07-02 01:11:41 - Writing [{data={totalTransactions=50, transactionTypes=[Lcom.banking.model.TransactionType;@60eca0ba}, succes (truncated)...]
2025-07-02 01:11:41 - Writing [{data={totalTransactions=50, transactionTypes=[Lcom.banking.model.TransactionType;@636364a}, success (truncated)...]
2025-07-02 01:11:41 - Mapped to com.banking.controller.TransactionController#getStatistics()
2025-07-02 01:11:41 - Mapped to com.banking.controller.TransactionController#getStatistics()
2025-07-02 01:11:41 - Using 'application/json', given [*/*] and supported [application/json, application/*+json]
2025-07-02 01:11:41 - Using 'application/json', given [*/*] and supported [application/json, application/*+json]
2025-07-02 01:11:41 - Using 'application/json', given [*/*] and supported [application/json, application/*+json]
2025-07-02 01:11:41 - Using 'application/json', given [*/*] and supported [application/json, application/*+json]
2025-07-02 01:11:41 - Writing [{pagination={totalPages=5, size=10, total=50, page=0}, data=[com.banking.dto.TransactionResponse@560 (truncated)...]
2025-07-02 01:11:41 - Writing [{pagination={totalPages=5, size=10, total=50, page=0}, data=[com.banking.dto.TransactionResponse@3cd (truncated)...]
2025-07-02 01:11:41 - Using 'application/json', given [*/*] and supported [application/json, application/*+json]
2025-07-02 01:11:41 - Using 'application/json', given [*/*] and supported [application/json, application/*+json]
2025-07-02 01:11:41 - Writing [{pagination={totalPages=5, size=10, total=50, page=0}, data=[com.banking.dto.TransactionResponse@1a5 (truncated)...]
2025-07-02 01:11:41 - Writing [{pagination={totalPages=5, size=10, total=50, page=0}, data=[com.banking.dto.TransactionResponse@560 (truncated)...]
2025-07-02 01:11:41 - Writing [{pagination={totalPages=5, size=10, total=50, page=0}, data=[com.banking.dto.TransactionResponse@554 (truncated)...]
2025-07-02 01:11:41 - Writing [{pagination={totalPages=5, size=10, total=50, page=0}, data=[com.banking.dto.TransactionResponse@77e (truncated)...]
2025-07-02 01:11:41 - Mapped to com.banking.controller.TransactionController#getStatistics()
2025-07-02 01:11:41 - Mapped to com.banking.controller.TransactionController#getStatistics()
2025-07-02 01:11:41 - Mapped to com.banking.controller.TransactionController#getStatistics()
2025-07-02 01:11:41 - Mapped to com.banking.controller.TransactionController#getStatistics()
2025-07-02 01:11:41 - Mapped to com.banking.controller.TransactionController#getStatistics()
2025-07-02 01:11:41 - Mapped to com.banking.controller.TransactionController#getStatistics()
2025-07-02 01:11:41 - Using 'application/json', given [*/*] and supported [application/json, application/*+json]
2025-07-02 01:11:41 - Using 'application/json', given [*/*] and supported [application/json, application/*+json]
2025-07-02 01:11:41 - Using 'application/json', given [*/*] and supported [application/json, application/*+json]
2025-07-02 01:11:41 - Using 'application/json', given [*/*] and supported [application/json, application/*+json]
2025-07-02 01:11:41 - Writing [{pagination={totalPages=5, size=10, total=50, page=0}, data=[com.banking.dto.TransactionResponse@1dc (truncated)...]
2025-07-02 01:11:41 - Writing [{pagination={totalPages=5, size=10, total=50, page=0}, data=[com.banking.dto.TransactionResponse@2b6 (truncated)...]
2025-07-02 01:11:41 - Using 'application/json', given [*/*] and supported [application/json, application/*+json]
2025-07-02 01:11:41 - Writing [{pagination={totalPages=5, size=10, total=50, page=0}, data=[com.banking.dto.TransactionResponse@35f (truncated)...]
2025-07-02 01:11:41 - Using 'application/json', given [*/*] and supported [application/json, application/*+json]
2025-07-02 01:11:41 - Writing [{pagination={totalPages=5, size=10, total=50, page=0}, data=[com.banking.dto.TransactionResponse@7e6 (truncated)...]
2025-07-02 01:11:41 - Writing [{pagination={totalPages=5, size=10, total=50, page=0}, data=[com.banking.dto.TransactionResponse@782 (truncated)...]
2025-07-02 01:11:41 - Writing [{pagination={totalPages=5, size=10, total=50, page=0}, data=[com.banking.dto.TransactionResponse@211 (truncated)...]
2025-07-02 01:11:41 - Mapped to com.banking.controller.TransactionController#getStatistics()
2025-07-02 01:11:41 - Mapped to com.banking.controller.TransactionController#getStatistics()
2025-07-02 01:11:41 - Using 'application/json', given [*/*] and supported [application/json, application/*+json]
2025-07-02 01:11:41 - Writing [{data={totalTransactions=50, transactionTypes=[Lcom.banking.model.TransactionType;@337782e6}, succes (truncated)...]
2025-07-02 01:11:41 - Mapped to com.banking.controller.TransactionController#getStatistics()
2025-07-02 01:11:41 - Mapped to com.banking.controller.TransactionController#getTransactionsByType(TransactionType)
2025-07-02 01:11:41 - Mapped to com.banking.controller.TransactionController#getStatistics()
2025-07-02 01:11:41 - Mapped to com.banking.controller.TransactionController#getTransactionsByType(TransactionType)
2025-07-02 01:11:41 - Mapped to com.banking.controller.TransactionController#getStatistics()
2025-07-02 01:11:41 - Mapped to com.banking.controller.TransactionController#getStatistics()
2025-07-02 01:11:41 - Using 'application/json', given [*/*] and supported [application/json, application/*+json]
2025-07-02 01:11:41 - Mapped to com.banking.controller.TransactionController#getTransactionsByType(TransactionType)
2025-07-02 01:11:41 - Writing [{data={totalTransactions=50, transactionTypes=[Lcom.banking.model.TransactionType;@76cdf8bc}, succes (truncated)...]
2025-07-02 01:11:41 - Mapped to com.banking.controller.TransactionController#getTransactionsByType(TransactionType)
2025-07-02 01:11:41 - Mapped to com.banking.controller.TransactionController#getTransactionsByType(TransactionType)
2025-07-02 01:11:41 - Mapped to com.banking.controller.TransactionController#getTransactionsByType(TransactionType)
2025-07-02 01:11:41 - Using 'application/json', given [*/*] and supported [application/json, application/*+json]
2025-07-02 01:11:41 - Writing [{pagination={totalPages=5, size=10, total=50, page=0}, data=[com.banking.dto.TransactionResponse@240 (truncated)...]
2025-07-02 01:11:41 - Using 'application/json', given [*/*] and supported [application/json, application/*+json]
2025-07-02 01:11:41 - Using 'application/json', given [*/*] and supported [application/json, application/*+json]
2025-07-02 01:11:41 - Using 'application/json', given [*/*] and supported [application/json, application/*+json]
2025-07-02 01:11:41 - Writing [{pagination={totalPages=5, size=10, total=50, page=0}, data=[com.banking.dto.TransactionResponse@58f (truncated)...]
2025-07-02 01:11:41 - Using 'application/json', given [*/*] and supported [application/json, application/*+json]
2025-07-02 01:11:41 - Writing [{pagination={totalPages=5, size=10, total=50, page=0}, data=[com.banking.dto.TransactionResponse@136 (truncated)...]
2025-07-02 01:11:41 - Writing [{pagination={totalPages=5, size=10, total=50, page=0}, data=[com.banking.dto.TransactionResponse@19c (truncated)...]
2025-07-02 01:11:41 - Using 'application/json', given [*/*] and supported [application/json, application/*+json]
2025-07-02 01:11:41 - Writing [{pagination={totalPages=5, size=10, total=50, page=0}, data=[com.banking.dto.TransactionResponse@6c7 (truncated)...]
2025-07-02 01:11:41 - Writing [{pagination={totalPages=5, size=10, total=50, page=0}, data=[com.banking.dto.TransactionResponse@73a (truncated)...]
2025-07-02 01:11:41 - Using 'application/json', given [*/*] and supported [application/json, application/*+json]
2025-07-02 01:11:41 - Using 'application/json', given [*/*] and supported [application/json, application/*+json]
2025-07-02 01:11:41 - Writing [{pagination={totalPages=5, size=10, total=50, page=0}, data=[com.banking.dto.TransactionResponse@906 (truncated)...]
2025-07-02 01:11:41 - Mapped to com.banking.controller.TransactionController#getStatistics()
2025-07-02 01:11:41 - Writing [{pagination={totalPages=5, size=10, total=50, page=0}, data=[com.banking.dto.TransactionResponse@243 (truncated)...]
2025-07-02 01:11:41 - Using 'application/json', given [*/*] and supported [application/json, application/*+json]
2025-07-02 01:11:41 - Writing [{pagination={totalPages=5, size=10, total=50, page=0}, data=[com.banking.dto.TransactionResponse@68e (truncated)...]
2025-07-02 01:11:41 - Using 'application/json', given [*/*] and supported [application/json, application/*+json]
2025-07-02 01:11:41 - Writing [{pagination={totalPages=5, size=10, total=50, page=0}, data=[com.banking.dto.TransactionResponse@47e (truncated)...]
2025-07-02 01:11:41 - Mapped to com.banking.controller.TransactionController#getStatistics()
2025-07-02 01:11:41 - Mapped to com.banking.controller.TransactionController#getStatistics()
2025-07-02 01:11:41 - Mapped to com.banking.controller.TransactionController#getStatistics()
2025-07-02 01:11:41 - Mapped to com.banking.controller.TransactionController#getStatistics()
2025-07-02 01:11:41 - Mapped to com.banking.controller.TransactionController#getStatistics()
2025-07-02 01:11:41 - Using 'application/json', given [*/*] and supported [application/json, application/*+json]
2025-07-02 01:11:41 - Mapped to com.banking.controller.TransactionController#getStatistics()
2025-07-02 01:11:41 - Mapped to com.banking.controller.TransactionController#getStatistics()
2025-07-02 01:11:41 - Mapped to com.banking.controller.TransactionController#getStatistics()
2025-07-02 01:11:41 - Mapped to com.banking.controller.TransactionController#getStatistics()
2025-07-02 01:11:41 - Using 'application/json', given [*/*] and supported [application/json, application/*+json]
2025-07-02 01:11:41 - Using 'application/json', given [*/*] and supported [application/json, application/*+json]
2025-07-02 01:11:41 - Writing [{data={totalTransactions=50, transactionTypes=[Lcom.banking.model.TransactionType;@4639bf2d}, succes (truncated)...]
2025-07-02 01:11:41 - Using 'application/json', given [*/*] and supported [application/json, application/*+json]
2025-07-02 01:11:41 - Writing [{data={totalTransactions=50, transactionTypes=[Lcom.banking.model.TransactionType;@74a1fd46}, succes (truncated)...]
2025-07-02 01:11:41 - Writing [{data={totalTransactions=50, transactionTypes=[Lcom.banking.model.TransactionType;@134dac35}, succes (truncated)...]
2025-07-02 01:11:41 - Using 'application/json', given [*/*] and supported [application/json, application/*+json]
2025-07-02 01:11:41 - Writing [{data={totalTransactions=50, transactionTypes=[Lcom.banking.model.TransactionType;@3c5f8d0a}, succes (truncated)...]
2025-07-02 01:11:41 - Mapped to com.banking.controller.TransactionController#getTransactionsByType(TransactionType)
2025-07-02 01:11:41 - Using 'application/json', given [*/*] and supported [application/json, application/*+json]
2025-07-02 01:11:41 - Writing [{data={totalTransactions=50, transactionTypes=[Lcom.banking.model.TransactionType;@243dfc6a}, succes (truncated)...]
2025-07-02 01:11:41 - Writing [{pagination={totalPages=5, size=10, total=50, page=0}, data=[com.banking.dto.TransactionResponse@4e8 (truncated)...]
2025-07-02 01:11:41 - Mapped to com.banking.controller.TransactionController#getTransactionsByType(TransactionType)
2025-07-02 01:11:41 - Mapped to com.banking.controller.TransactionController#getTransactionsByType(TransactionType)
2025-07-02 01:11:41 - Using 'application/json', given [*/*] and supported [application/json, application/*+json]
2025-07-02 01:11:41 - Writing [{pagination={totalPages=5, size=10, total=50, page=0}, data=[com.banking.dto.TransactionResponse@70a (truncated)...]
2025-07-02 01:11:41 - Using 'application/json', given [*/*] and supported [application/json, application/*+json]
2025-07-02 01:11:41 - Using 'application/json', given [*/*] and supported [application/json, application/*+json]
2025-07-02 01:11:41 - Writing [{pagination={totalPages=5, size=10, total=50, page=0}, data=[com.banking.dto.TransactionResponse@7ae (truncated)...]
2025-07-02 01:11:41 - Writing [{pagination={totalPages=5, size=10, total=50, page=0}, data=[com.banking.dto.TransactionResponse@21d (truncated)...]
2025-07-02 01:11:41 - Using 'application/json', given [*/*] and supported [application/json, application/*+json]
2025-07-02 01:11:41 - Writing [{pagination={totalPages=5, size=10, total=50, page=0}, data=[com.banking.dto.TransactionResponse@672 (truncated)...]
2025-07-02 01:11:41 - Mapped to com.banking.controller.TransactionController#getTransactionsByType(TransactionType)
2025-07-02 01:11:41 - Mapped to com.banking.controller.TransactionController#getTransactionsByType(TransactionType)
2025-07-02 01:11:41 - Mapped to com.banking.controller.TransactionController#getStatistics()
2025-07-02 01:11:41 - Mapped to com.banking.controller.TransactionController#getStatistics()
2025-07-02 01:11:41 - Mapped to com.banking.controller.TransactionController#getStatistics()
2025-07-02 01:11:41 - Mapped to com.banking.controller.TransactionController#getStatistics()
2025-07-02 01:11:41 - Mapped to com.banking.controller.TransactionController#getStatistics()
2025-07-02 01:11:41 - Using 'application/json', given [*/*] and supported [application/json, application/*+json]
2025-07-02 01:11:41 - Writing [{pagination={totalPages=5, size=10, total=50, page=0}, data=[com.banking.dto.TransactionResponse@277 (truncated)...]
2025-07-02 01:11:41 - Using 'application/json', given [*/*] and supported [application/json, application/*+json]
2025-07-02 01:11:41 - Using 'application/json', given [*/*] and supported [application/json, application/*+json]
2025-07-02 01:11:41 - Writing [{pagination={totalPages=5, size=10, total=50, page=0}, data=[com.banking.dto.TransactionResponse@766 (truncated)...]
2025-07-02 01:11:41 - Writing [{pagination={totalPages=5, size=10, total=50, page=0}, data=[com.banking.dto.TransactionResponse@762 (truncated)...]
2025-07-02 01:11:41 - Mapped to com.banking.controller.TransactionController#getStatistics()
2025-07-02 01:11:41 - Using 'application/json', given [*/*] and supported [application/json, application/*+json]
2025-07-02 01:11:41 - Mapped to com.banking.controller.TransactionController#getStatistics()
2025-07-02 01:11:41 - Writing [{pagination={totalPages=5, size=10, total=50, page=0}, data=[com.banking.dto.TransactionResponse@263 (truncated)...]
2025-07-02 01:11:41 - Using 'application/json', given [*/*] and supported [application/json, application/*+json]
2025-07-02 01:11:41 - Using 'application/json', given [*/*] and supported [application/json, application/*+json]
2025-07-02 01:11:41 - Mapped to com.banking.controller.TransactionController#getStatistics()
2025-07-02 01:11:41 - Writing [{pagination={totalPages=5, size=10, total=50, page=0}, data=[com.banking.dto.TransactionResponse@173 (truncated)...]
2025-07-02 01:11:41 - Using 'application/json', given [*/*] and supported [application/json, application/*+json]
2025-07-02 01:11:41 - Writing [{pagination={totalPages=5, size=10, total=50, page=0}, data=[com.banking.dto.TransactionResponse@7cc (truncated)...]
2025-07-02 01:11:41 - Writing [{pagination={totalPages=5, size=10, total=50, page=0}, data=[com.banking.dto.TransactionResponse@283 (truncated)...]
2025-07-02 01:11:41 - Mapped to com.banking.controller.TransactionController#getStatistics()
2025-07-02 01:11:41 - Using 'application/json', given [*/*] and supported [application/json, application/*+json]
2025-07-02 01:11:41 - Writing [{pagination={totalPages=5, size=10, total=50, page=0}, data=[com.banking.dto.TransactionResponse@9a7 (truncated)...]
2025-07-02 01:11:41 - Using 'application/json', given [*/*] and supported [application/json, application/*+json]
2025-07-02 01:11:41 - Using 'application/json', given [*/*] and supported [application/json, application/*+json]
2025-07-02 01:11:41 - Writing [{pagination={totalPages=5, size=10, total=50, page=0}, data=[com.banking.dto.TransactionResponse@5c1 (truncated)...]
2025-07-02 01:11:41 - Using 'application/json', given [*/*] and supported [application/json, application/*+json]
2025-07-02 01:11:41 - Mapped to com.banking.controller.TransactionController#getStatistics()
2025-07-02 01:11:41 - Writing [{pagination={totalPages=5, size=10, total=50, page=0}, data=[com.banking.dto.TransactionResponse@25b (truncated)...]
2025-07-02 01:11:41 - Writing [{data={totalTransactions=50, transactionTypes=[Lcom.banking.model.TransactionType;@23d864d9}, succes (truncated)...]
2025-07-02 01:11:41 - Using 'application/json', given [*/*] and supported [application/json, application/*+json]
2025-07-02 01:11:41 - Mapped to com.banking.controller.TransactionController#getStatistics()
2025-07-02 01:11:41 - Writing [{pagination={totalPages=5, size=10, total=50, page=0}, data=[com.banking.dto.TransactionResponse@29f (truncated)...]
2025-07-02 01:11:41 - Using 'application/json', given [*/*] and supported [application/json, application/*+json]
2025-07-02 01:11:41 - Writing [{pagination={totalPages=5, size=10, total=50, page=0}, data=[com.banking.dto.TransactionResponse@467 (truncated)...]
2025-07-02 01:11:41 - Using 'application/json', given [*/*] and supported [application/json, application/*+json]
2025-07-02 01:11:41 - Writing [{pagination={totalPages=5, size=10, total=50, page=0}, data=[com.banking.dto.TransactionResponse@183 (truncated)...]
2025-07-02 01:11:41 - Mapped to com.banking.controller.TransactionController#getStatistics()
2025-07-02 01:11:41 - Mapped to com.banking.controller.TransactionController#getStatistics()
2025-07-02 01:11:41 - Mapped to com.banking.controller.TransactionController#getStatistics()
2025-07-02 01:11:41 - Mapped to com.banking.controller.TransactionController#getTransactionsByType(TransactionType)
2025-07-02 01:11:41 - Mapped to com.banking.controller.TransactionController#getStatistics()
2025-07-02 01:11:41 - Mapped to com.banking.controller.TransactionController#getStatistics()
2025-07-02 01:11:41 - Mapped to com.banking.controller.TransactionController#getStatistics()
2025-07-02 01:11:41 - Mapped to com.banking.controller.TransactionController#getStatistics()
2025-07-02 01:11:41 - Using 'application/json', given [*/*] and supported [application/json, application/*+json]
2025-07-02 01:11:41 - Writing [{data={totalTransactions=50, transactionTypes=[Lcom.banking.model.TransactionType;@6c7c3b5f}, succes (truncated)...]
2025-07-02 01:11:41 - Using 'application/json', given [*/*] and supported [application/json, application/*+json]
2025-07-02 01:11:41 - Writing [{data={totalTransactions=50, transactionTypes=[Lcom.banking.model.TransactionType;@3e496f6e}, succes (truncated)...]
2025-07-02 01:11:41 - Using 'application/json', given [*/*] and supported [application/json, application/*+json]
2025-07-02 01:11:41 - Writing [{pagination={totalPages=5, size=10, total=50, page=0}, data=[com.banking.dto.TransactionResponse@1da (truncated)...]
2025-07-02 01:11:41 - Using 'application/json', given [*/*] and supported [application/json, application/*+json]
2025-07-02 01:11:41 - Mapped to com.banking.controller.TransactionController#getTransactionsByType(TransactionType)
2025-07-02 01:11:41 - Writing [{pagination={totalPages=5, size=10, total=50, page=0}, data=[com.banking.dto.TransactionResponse@48b (truncated)...]
2025-07-02 01:11:41 - Mapped to com.banking.controller.TransactionController#getTransactionsByType(TransactionType)
2025-07-02 01:11:41 - Mapped to com.banking.controller.TransactionController#getStatistics()
2025-07-02 01:11:41 - Using 'application/json', given [*/*] and supported [application/json, application/*+json]
2025-07-02 01:11:41 - Using 'application/json', given [*/*] and supported [application/json, application/*+json]
2025-07-02 01:11:41 - Mapped to com.banking.controller.TransactionController#getStatistics()
2025-07-02 01:11:41 - Writing [{pagination={totalPages=5, size=10, total=50, page=0}, data=[com.banking.dto.TransactionResponse@458 (truncated)...]
2025-07-02 01:11:41 - Writing [{pagination={totalPages=5, size=10, total=50, page=0}, data=[com.banking.dto.TransactionResponse@53f (truncated)...]
2025-07-02 01:11:41 - Using 'application/json', given [*/*] and supported [application/json, application/*+json]
2025-07-02 01:11:41 - Writing [{pagination={totalPages=5, size=10, total=50, page=0}, data=[com.banking.dto.TransactionResponse@2a4 (truncated)...]
2025-07-02 01:11:41 - Using 'application/json', given [*/*] and supported [application/json, application/*+json]
2025-07-02 01:11:41 - Writing [{pagination={totalPages=5, size=10, total=50, page=0}, data=[com.banking.dto.TransactionResponse@6e0 (truncated)...]
2025-07-02 01:11:41 - Using 'application/json', given [*/*] and supported [application/json, application/*+json]
2025-07-02 01:11:41 - Writing [{pagination={totalPages=5, size=10, total=50, page=0}, data=[com.banking.dto.TransactionResponse@678 (truncated)...]
2025-07-02 01:11:41 - Using 'application/json', given [*/*] and supported [application/json, application/*+json]
2025-07-02 01:11:41 - Writing [{pagination={totalPages=5, size=10, total=50, page=0}, data=[com.banking.dto.TransactionResponse@2ac (truncated)...]
2025-07-02 01:11:41 - Mapped to com.banking.controller.TransactionController#getStatistics()
2025-07-02 01:11:41 - Using 'application/json', given [*/*] and supported [application/json, application/*+json]
2025-07-02 01:11:41 - Writing [{pagination={totalPages=5, size=10, total=50, page=0}, data=[com.banking.dto.TransactionResponse@55b (truncated)...]
2025-07-02 01:11:41 - Mapped to com.banking.controller.TransactionController#getStatistics()
2025-07-02 01:11:41 - Mapped to com.banking.controller.TransactionController#getStatistics()
2025-07-02 01:11:41 - Mapped to com.banking.controller.TransactionController#getStatistics()
2025-07-02 01:11:41 - Using 'application/json', given [*/*] and supported [application/json, application/*+json]
2025-07-02 01:11:41 - Mapped to com.banking.controller.TransactionController#getStatistics()
2025-07-02 01:11:41 - Using 'application/json', given [*/*] and supported [application/json, application/*+json]
2025-07-02 01:11:41 - Writing [{pagination={totalPages=5, size=10, total=50, page=0}, data=[com.banking.dto.TransactionResponse@295 (truncated)...]
2025-07-02 01:11:41 - Writing [{pagination={totalPages=5, size=10, total=50, page=0}, data=[com.banking.dto.TransactionResponse@be2 (truncated)...]
2025-07-02 01:11:41 - Mapped to com.banking.controller.TransactionController#getStatistics()
2025-07-02 01:11:41 - Mapped to com.banking.controller.TransactionController#getStatistics()
2025-07-02 01:11:41 - Using 'application/json', given [*/*] and supported [application/json, application/*+json]
2025-07-02 01:11:41 - Writing [{pagination={totalPages=5, size=10, total=50, page=0}, data=[com.banking.dto.TransactionResponse@29d (truncated)...]
2025-07-02 01:11:41 - Using 'application/json', given [*/*] and supported [application/json, application/*+json]
2025-07-02 01:11:41 - Writing [{pagination={totalPages=5, size=10, total=50, page=0}, data=[com.banking.dto.TransactionResponse@151 (truncated)...]
2025-07-02 01:11:41 - Mapped to com.banking.controller.TransactionController#getStatistics()
2025-07-02 01:11:41 - Mapped to com.banking.controller.TransactionController#getStatistics()
2025-07-02 01:11:41 - Using 'application/json', given [*/*] and supported [application/json, application/*+json]
2025-07-02 01:11:41 - Using 'application/json', given [*/*] and supported [application/json, application/*+json]
2025-07-02 01:11:41 - Mapped to com.banking.controller.TransactionController#getStatistics()
2025-07-02 01:11:41 - Writing [{pagination={totalPages=5, size=10, total=50, page=0}, data=[com.banking.dto.TransactionResponse@443 (truncated)...]
2025-07-02 01:11:41 - Writing [{pagination={totalPages=5, size=10, total=50, page=0}, data=[com.banking.dto.TransactionResponse@6c0 (truncated)...]
2025-07-02 01:11:41 - Using 'application/json', given [*/*] and supported [application/json, application/*+json]
2025-07-02 01:11:41 - Mapped to com.banking.controller.TransactionController#getStatistics()
2025-07-02 01:11:41 - Using 'application/json', given [*/*] and supported [application/json, application/*+json]
2025-07-02 01:11:41 - Writing [{data={totalTransactions=50, transactionTypes=[Lcom.banking.model.TransactionType;@6d21ec3e}, succes (truncated)...]
2025-07-02 01:11:41 - Using 'application/json', given [*/*] and supported [application/json, application/*+json]
2025-07-02 01:11:41 - Writing [{pagination={totalPages=5, size=10, total=50, page=0}, data=[com.banking.dto.TransactionResponse@2f0 (truncated)...]
2025-07-02 01:11:41 - Writing [{pagination={totalPages=5, size=10, total=50, page=0}, data=[com.banking.dto.TransactionResponse@2f1 (truncated)...]
2025-07-02 01:11:41 - Using 'application/json', given [*/*] and supported [application/json, application/*+json]
2025-07-02 01:11:41 - Using 'application/json', given [*/*] and supported [application/json, application/*+json]
2025-07-02 01:11:41 - Writing [{pagination={totalPages=5, size=10, total=50, page=0}, data=[com.banking.dto.TransactionResponse@819 (truncated)...]
2025-07-02 01:11:41 - Writing [{pagination={totalPages=5, size=10, total=50, page=0}, data=[com.banking.dto.TransactionResponse@398 (truncated)...]
2025-07-02 01:11:41 - Mapped to com.banking.controller.TransactionController#getTransactionsByType(TransactionType)
2025-07-02 01:11:41 - Mapped to com.banking.controller.TransactionController#getStatistics()
2025-07-02 01:11:41 - Mapped to com.banking.controller.TransactionController#getStatistics()
2025-07-02 01:11:41 - Using 'application/json', given [*/*] and supported [application/json, application/*+json]
2025-07-02 01:11:41 - Mapped to com.banking.controller.TransactionController#getStatistics()
2025-07-02 01:11:41 - Writing [{pagination={totalPages=5, size=10, total=50, page=0}, data=[com.banking.dto.TransactionResponse@71c (truncated)...]
2025-07-02 01:11:41 - Using 'application/json', given [*/*] and supported [application/json, application/*+json]
2025-07-02 01:11:41 - Writing [{data={totalTransactions=50, transactionTypes=[Lcom.banking.model.TransactionType;@38384cd7}, succes (truncated)...]
2025-07-02 01:11:41 - Mapped to com.banking.controller.TransactionController#getStatistics()
2025-07-02 01:11:41 - Using 'application/json', given [*/*] and supported [application/json, application/*+json]
2025-07-02 01:11:41 - Writing [{data={totalTransactions=50, transactionTypes=[Lcom.banking.model.TransactionType;@1a6eda16}, succes (truncated)...]
2025-07-02 01:11:41 - Mapped to com.banking.controller.TransactionController#getStatistics()
2025-07-02 01:11:41 - Using 'application/json', given [*/*] and supported [application/json, application/*+json]
2025-07-02 01:11:41 - Writing [{pagination={totalPages=5, size=10, total=50, page=0}, data=[com.banking.dto.TransactionResponse@388 (truncated)...]
2025-07-02 01:11:41 - Mapped to com.banking.controller.TransactionController#getStatistics()
2025-07-02 01:11:41 - Mapped to com.banking.controller.TransactionController#getStatistics()
2025-07-02 01:11:41 - Mapped to com.banking.controller.TransactionController#getTransactionsByType(TransactionType)
2025-07-02 01:11:41 - Mapped to com.banking.controller.TransactionController#getTransactionsByType(TransactionType)
2025-07-02 01:11:41 - Using 'application/json', given [*/*] and supported [application/json, application/*+json]
2025-07-02 01:11:41 - Writing [{data={totalTransactions=50, transactionTypes=[Lcom.banking.model.TransactionType;@6c17b997}, succes (truncated)...]
2025-07-02 01:11:41 - Using 'application/json', given [*/*] and supported [application/json, application/*+json]
2025-07-02 01:11:41 - Writing [{pagination={totalPages=5, size=10, total=50, page=0}, data=[com.banking.dto.TransactionResponse@633 (truncated)...]
2025-07-02 01:11:41 - Mapped to com.banking.controller.TransactionController#getStatistics()
2025-07-02 01:11:41 - Using 'application/json', given [*/*] and supported [application/json, application/*+json]
2025-07-02 01:11:41 - Writing [{data={totalTransactions=50, transactionTypes=[Lcom.banking.model.TransactionType;@25a2d5ca}, succes (truncated)...]
2025-07-02 01:11:41 - Mapped to com.banking.controller.TransactionController#getTransactionsByType(TransactionType)
2025-07-02 01:11:41 - Using 'application/json', given [*/*] and supported [application/json, application/*+json]
2025-07-02 01:11:41 - Writing [{pagination={totalPages=5, size=10, total=50, page=0}, data=[com.banking.dto.TransactionResponse@37f (truncated)...]
2025-07-02 01:11:41 - Using 'application/json', given [*/*] and supported [application/json, application/*+json]
2025-07-02 01:11:41 - Writing [{pagination={totalPages=5, size=10, total=50, page=0}, data=[com.banking.dto.TransactionResponse@7eb (truncated)...]
2025-07-02 01:11:41 - Mapped to com.banking.controller.TransactionController#getTransactionsByType(TransactionType)
2025-07-02 01:11:41 - Using 'application/json', given [*/*] and supported [application/json, application/*+json]
2025-07-02 01:11:41 - Mapped to com.banking.controller.TransactionController#getStatistics()
2025-07-02 01:11:41 - Writing [{pagination={totalPages=5, size=10, total=50, page=0}, data=[com.banking.dto.TransactionResponse@6ed (truncated)...]
2025-07-02 01:11:41 - Using 'application/json', given [*/*] and supported [application/json, application/*+json]
2025-07-02 01:11:41 - Writing [{pagination={totalPages=5, size=10, total=50, page=0}, data=[com.banking.dto.TransactionResponse@467 (truncated)...]
2025-07-02 01:11:41 - Using 'application/json', given [*/*] and supported [application/json, application/*+json]
2025-07-02 01:11:41 - Writing [{data={totalTransactions=50, transactionTypes=[Lcom.banking.model.TransactionType;@24bfe736}, succes (truncated)...]
2025-07-02 01:11:41 - Using 'application/json', given [*/*] and supported [application/json, application/*+json]
2025-07-02 01:11:41 - Writing [{pagination={totalPages=5, size=10, total=50, page=0}, data=[com.banking.dto.TransactionResponse@5ea (truncated)...]
2025-07-02 01:11:41 - Using 'application/json', given [*/*] and supported [application/json, application/*+json]
2025-07-02 01:11:41 - Writing [{pagination={totalPages=5, size=10, total=50, page=0}, data=[com.banking.dto.TransactionResponse@158 (truncated)...]
2025-07-02 01:11:41 - Mapped to com.banking.controller.TransactionController#getTransactionsByType(TransactionType)
2025-07-02 01:11:41 - Using 'application/json', given [*/*] and supported [application/json, application/*+json]
2025-07-02 01:11:41 - Mapped to com.banking.controller.TransactionController#getStatistics()
2025-07-02 01:11:41 - Writing [{pagination={totalPages=5, size=10, total=50, page=0}, data=[com.banking.dto.TransactionResponse@301 (truncated)...]
2025-07-02 01:11:41 - Mapped to com.banking.controller.TransactionController#getStatistics()
2025-07-02 01:11:41 - Mapped to com.banking.controller.TransactionController#getStatistics()
2025-07-02 01:11:41 - Using 'application/json', given [*/*] and supported [application/json, application/*+json]
2025-07-02 01:11:41 - Mapped to com.banking.controller.TransactionController#getStatistics()
2025-07-02 01:11:41 - Writing [{pagination={totalPages=5, size=10, total=50, page=0}, data=[com.banking.dto.TransactionResponse@3aa (truncated)...]
2025-07-02 01:11:41 - Mapped to com.banking.controller.TransactionController#getStatistics()
2025-07-02 01:11:41 - Using 'application/json', given [*/*] and supported [application/json, application/*+json]
2025-07-02 01:11:41 - Using 'application/json', given [*/*] and supported [application/json, application/*+json]
2025-07-02 01:11:41 - Using 'application/json', given [*/*] and supported [application/json, application/*+json]
2025-07-02 01:11:41 - Writing [{data={totalTransactions=50, transactionTypes=[Lcom.banking.model.TransactionType;@1fac2482}, succes (truncated)...]
2025-07-02 01:11:41 - Writing [{data={totalTransactions=50, transactionTypes=[Lcom.banking.model.TransactionType;@59fe42d7}, succes (truncated)...]
2025-07-02 01:11:41 - Writing [{data={totalTransactions=50, transactionTypes=[Lcom.banking.model.TransactionType;@a27bfc6}, success (truncated)...]
2025-07-02 01:11:41 - Mapped to com.banking.controller.TransactionController#getStatistics()
2025-07-02 01:11:41 - Using 'application/json', given [*/*] and supported [application/json, application/*+json]
2025-07-02 01:11:41 - Writing [{data={totalTransactions=50, transactionTypes=[Lcom.banking.model.TransactionType;@2dff2336}, succes (truncated)...]
2025-07-02 01:11:41 - Using 'application/json', given [*/*] and supported [application/json, application/*+json]
2025-07-02 01:11:41 - Writing [{pagination={totalPages=5, size=10, total=50, page=0}, data=[com.banking.dto.TransactionResponse@3bc (truncated)...]
2025-07-02 01:11:41 - Mapped to com.banking.controller.TransactionController#getStatistics()
2025-07-02 01:11:41 - Mapped to com.banking.controller.TransactionController#getTransactionsByType(TransactionType)
2025-07-02 01:11:41 - Mapped to com.banking.controller.TransactionController#getTransactionsByType(TransactionType)
2025-07-02 01:11:41 - Using 'application/json', given [*/*] and supported [application/json, application/*+json]
2025-07-02 01:11:41 - Mapped to com.banking.controller.TransactionController#getTransactionsByType(TransactionType)
2025-07-02 01:11:41 - Writing [{data={totalTransactions=50, transactionTypes=[Lcom.banking.model.TransactionType;@2ad58e42}, succes (truncated)...]
2025-07-02 01:11:41 - Using 'application/json', given [*/*] and supported [application/json, application/*+json]
2025-07-02 01:11:41 - Mapped to com.banking.controller.TransactionController#getTransactionsByType(TransactionType)
2025-07-02 01:11:41 - Mapped to com.banking.controller.TransactionController#getStatistics()
2025-07-02 01:11:41 - Using 'application/json', given [*/*] and supported [application/json, application/*+json]
2025-07-02 01:11:41 - Using 'application/json', given [*/*] and supported [application/json, application/*+json]
2025-07-02 01:11:41 - Writing [{data={totalTransactions=50, transactionTypes=[Lcom.banking.model.TransactionType;@6620ea90}, succes (truncated)...]
2025-07-02 01:11:41 - Using 'application/json', given [*/*] and supported [application/json, application/*+json]
2025-07-02 01:11:41 - Using 'application/json', given [*/*] and supported [application/json, application/*+json]
2025-07-02 01:11:41 - Writing [{data={totalTransactions=50, transactionTypes=[Lcom.banking.model.TransactionType;@54dc11fe}, succes (truncated)...]
2025-07-02 01:11:41 - Writing [{data={totalTransactions=50, transactionTypes=[Lcom.banking.model.TransactionType;@4b41f03c}, succes (truncated)...]
2025-07-02 01:11:41 - Writing [{data={totalTransactions=50, transactionTypes=[Lcom.banking.model.TransactionType;@2ce82939}, succes (truncated)...]
2025-07-02 01:11:41 - Writing [{data={totalTransactions=50, transactionTypes=[Lcom.banking.model.TransactionType;@6fd56515}, succes (truncated)...]
2025-07-02 01:11:41 - Mapped to com.banking.controller.TransactionController#getTransactionsByType(TransactionType)
2025-07-02 01:11:41 - Mapped to com.banking.controller.TransactionController#getStatistics()
2025-07-02 01:11:41 - Using 'application/json', given [*/*] and supported [application/json, application/*+json]
2025-07-02 01:11:41 - Using 'application/json', given [*/*] and supported [application/json, application/*+json]
2025-07-02 01:11:41 - Writing [{data={totalTransactions=50, transactionTypes=[Lcom.banking.model.TransactionType;@7e70c43d}, succes (truncated)...]
2025-07-02 01:11:41 - Writing [{data={totalTransactions=50, transactionTypes=[Lcom.banking.model.TransactionType;@4da40e60}, succes (truncated)...]
2025-07-02 01:11:41 - Using 'application/json', given [*/*] and supported [application/json, application/*+json]
2025-07-02 01:11:41 - Using 'application/json', given [*/*] and supported [application/json, application/*+json]
2025-07-02 01:11:41 - Mapped to com.banking.controller.TransactionController#getTransactionsByType(TransactionType)
2025-07-02 01:11:41 - Mapped to com.banking.controller.TransactionController#getTransactionsByType(TransactionType)
2025-07-02 01:11:41 - Mapped to com.banking.controller.TransactionController#getTransactionsByType(TransactionType)
2025-07-02 01:11:41 - Writing [{pagination={totalPages=5, size=10, total=50, page=0}, data=[com.banking.dto.TransactionResponse@17e (truncated)...]
2025-07-02 01:11:41 - Using 'application/json', given [*/*] and supported [application/json, application/*+json]
2025-07-02 01:11:41 - Writing [{data={totalTransactions=50, transactionTypes=[Lcom.banking.model.TransactionType;@70708703}, succes (truncated)...]
2025-07-02 01:11:41 - Mapped to com.banking.controller.TransactionController#getTransactionsByType(TransactionType)
2025-07-02 01:11:41 - Writing [{pagination={totalPages=5, size=10, total=50, page=0}, data=[com.banking.dto.TransactionResponse@4d5 (truncated)...]
2025-07-02 01:11:41 - Mapped to com.banking.controller.TransactionController#getTransactionsByType(TransactionType)
2025-07-02 01:11:41 - Mapped to com.banking.controller.TransactionController#getTransactionsByType(TransactionType)
2025-07-02 01:11:41 - Using 'application/json', given [*/*] and supported [application/json, application/*+json]
2025-07-02 01:11:41 - Using 'application/json', given [*/*] and supported [application/json, application/*+json]
2025-07-02 01:11:41 - Mapped to com.banking.controller.TransactionController#getTransactionsByType(TransactionType)
2025-07-02 01:11:41 - Using 'application/json', given [*/*] and supported [application/json, application/*+json]
2025-07-02 01:11:41 - Writing [{data={totalTransactions=50, transactionTypes=[Lcom.banking.model.TransactionType;@6a97a876}, succes (truncated)...]
2025-07-02 01:11:41 - Writing [{pagination={totalPages=5, size=10, total=50, page=0}, data=[com.banking.dto.TransactionResponse@464 (truncated)...]
2025-07-02 01:11:41 - Writing [{data={totalTransactions=50, transactionTypes=[Lcom.banking.model.TransactionType;@4a098d00}, succes (truncated)...]
2025-07-02 01:11:41 - Using 'application/json', given [*/*] and supported [application/json, application/*+json]
2025-07-02 01:11:41 - Mapped to com.banking.controller.TransactionController#getTransactionsByType(TransactionType)
2025-07-02 01:11:41 - Writing [{data={totalTransactions=50, transactionTypes=[Lcom.banking.model.TransactionType;@d12035}, success= (truncated)...]
2025-07-02 01:11:41 - Mapped to com.banking.controller.TransactionController#getTransactionsByType(TransactionType)
2025-07-02 01:11:41 - Using 'application/json', given [*/*] and supported [application/json, application/*+json]
2025-07-02 01:11:41 - Writing [{data={totalTransactions=50, transactionTypes=[Lcom.banking.model.TransactionType;@4d2df24b}, succes (truncated)...]
2025-07-02 01:11:41 - Mapped to com.banking.controller.TransactionController#getTransactionsByType(TransactionType)
2025-07-02 01:11:41 - Mapped to com.banking.controller.TransactionController#getStatistics()
2025-07-02 01:11:41 - Mapped to com.banking.controller.TransactionController#getStatistics()
2025-07-02 01:11:41 - Mapped to com.banking.controller.TransactionController#getStatistics()
2025-07-02 01:11:41 - Using 'application/json', given [*/*] and supported [application/json, application/*+json]
2025-07-02 01:11:41 - Using 'application/json', given [*/*] and supported [application/json, application/*+json]
2025-07-02 01:11:41 - Writing [{data={totalTransactions=50, transactionTypes=[Lcom.banking.model.TransactionType;@51b19c51}, succes (truncated)...]
2025-07-02 01:11:41 - Writing [{data={totalTransactions=50, transactionTypes=[Lcom.banking.model.TransactionType;@402078e9}, succes (truncated)...]
2025-07-02 01:11:41 - Mapped to com.banking.controller.TransactionController#getTransactionsByType(TransactionType)
2025-07-02 01:11:41 - Using 'application/json', given [*/*] and supported [application/json, application/*+json]
2025-07-02 01:11:41 - Using 'application/json', given [*/*] and supported [application/json, application/*+json]
2025-07-02 01:11:41 - Writing [{data={totalTransactions=50, transactionTypes=[Lcom.banking.model.TransactionType;@3e7f66e5}, succes (truncated)...]
2025-07-02 01:11:41 - Writing [{data={totalTransactions=50, transactionTypes=[Lcom.banking.model.TransactionType;@55d21639}, succes (truncated)...]
2025-07-02 01:11:41 - Mapped to com.banking.controller.TransactionController#getTransactionsByType(TransactionType)
2025-07-02 01:11:41 - Mapped to com.banking.controller.TransactionController#getTransactionsByType(TransactionType)
2025-07-02 01:11:41 - Using 'application/json', given [*/*] and supported [application/json, application/*+json]
2025-07-02 01:11:41 - Writing [{data={totalTransactions=50, transactionTypes=[Lcom.banking.model.TransactionType;@25805c6}, success (truncated)...]
2025-07-02 01:11:41 - Mapped to com.banking.controller.TransactionController#getTransactionsByType(TransactionType)
2025-07-02 01:11:41 - Using 'application/json', given [*/*] and supported [application/json, application/*+json]
2025-07-02 01:11:41 - Writing [{data={totalTransactions=50, transactionTypes=[Lcom.banking.model.TransactionType;@7a1eae35}, succes (truncated)...]
2025-07-02 01:11:41 - Mapped to com.banking.controller.TransactionController#getTransactionsByType(TransactionType)
2025-07-02 01:11:41 - Mapped to com.banking.controller.TransactionController#getTransactionsByType(TransactionType)
2025-07-02 01:11:41 - Using 'application/json', given [*/*] and supported [application/json, application/*+json]
2025-07-02 01:11:41 - Mapped to com.banking.controller.TransactionController#getTransactionsByType(TransactionType)
2025-07-02 01:11:41 - Writing [{data={totalTransactions=50, transactionTypes=[Lcom.banking.model.TransactionType;@2e476a85}, succes (truncated)...]
2025-07-02 01:11:41 - Using 'application/json', given [*/*] and supported [application/json, application/*+json]
2025-07-02 01:11:41 - Using 'application/json', given [*/*] and supported [application/json, application/*+json]
2025-07-02 01:11:41 - Using 'application/json', given [*/*] and supported [application/json, application/*+json]
2025-07-02 01:11:41 - Writing [{pagination={totalPages=5, size=10, total=50, page=0}, data=[com.banking.dto.TransactionResponse@2ce (truncated)...]
2025-07-02 01:11:41 - Writing [{data={totalTransactions=50, transactionTypes=[Lcom.banking.model.TransactionType;@6083065}, success (truncated)...]
2025-07-02 01:11:41 - Writing [{pagination={totalPages=5, size=10, total=50, page=0}, data=[com.banking.dto.TransactionResponse@29f (truncated)...]
2025-07-02 01:11:41 - Mapped to com.banking.controller.TransactionController#getTransactionsByType(TransactionType)
2025-07-02 01:11:41 - Using 'application/json', given [*/*] and supported [application/json, application/*+json]
2025-07-02 01:11:41 - Using 'application/json', given [*/*] and supported [application/json, application/*+json]
2025-07-02 01:11:41 - Using 'application/json', given [*/*] and supported [application/json, application/*+json]
2025-07-02 01:11:41 - Writing [{data={totalTransactions=50, transactionTypes=[Lcom.banking.model.TransactionType;@3ef66ea7}, succes (truncated)...]
2025-07-02 01:11:41 - Writing [{pagination={totalPages=5, size=10, total=50, page=0}, data=[com.banking.dto.TransactionResponse@70f (truncated)...]
2025-07-02 01:11:41 - Writing [{pagination={totalPages=5, size=10, total=50, page=0}, data=[com.banking.dto.TransactionResponse@123 (truncated)...]
2025-07-02 01:11:41 - Mapped to com.banking.controller.TransactionController#getTransactionsByType(TransactionType)
2025-07-02 01:11:41 - Using 'application/json', given [*/*] and supported [application/json, application/*+json]
2025-07-02 01:11:41 - Using 'application/json', given [*/*] and supported [application/json, application/*+json]
2025-07-02 01:11:41 - Mapped to com.banking.controller.TransactionController#getTransactionsByType(TransactionType)
2025-07-02 01:11:41 - Writing [{data={totalTransactions=50, transactionTypes=[Lcom.banking.model.TransactionType;@282fbda9}, succes (truncated)...]
2025-07-02 01:11:41 - Writing [{pagination={totalPages=5, size=10, total=50, page=0}, data=[com.banking.dto.TransactionResponse@314 (truncated)...]
2025-07-02 01:11:41 - Using 'application/json', given [*/*] and supported [application/json, application/*+json]
2025-07-02 01:11:41 - Writing [{data={totalTransactions=50, transactionTypes=[Lcom.banking.model.TransactionType;@31745cd7}, succes (truncated)...]
2025-07-02 01:11:41 - Mapped to com.banking.controller.TransactionController#getTransactionsByType(TransactionType)
2025-07-02 01:11:41 - Using 'application/json', given [*/*] and supported [application/json, application/*+json]
2025-07-02 01:11:41 - Mapped to com.banking.controller.TransactionController#getStatistics()
2025-07-02 01:11:41 - Writing [{data={totalTransactions=50, transactionTypes=[Lcom.banking.model.TransactionType;@19174967}, succes (truncated)...]
2025-07-02 01:11:41 - Mapped to com.banking.controller.TransactionController#getStatistics()
2025-07-02 01:11:41 - Mapped to com.banking.controller.TransactionController#getTransactionsByType(TransactionType)
2025-07-02 01:11:41 - Mapped to com.banking.controller.TransactionController#getStatistics()
2025-07-02 01:11:41 - Mapped to com.banking.controller.TransactionController#getStatistics()
2025-07-02 01:11:41 - Mapped to com.banking.controller.TransactionController#getTransactionsByType(TransactionType)
2025-07-02 01:11:41 - Using 'application/json', given [*/*] and supported [application/json, application/*+json]
2025-07-02 01:11:41 - Writing [{data={totalTransactions=50, transactionTypes=[Lcom.banking.model.TransactionType;@7bb56861}, succes (truncated)...]
2025-07-02 01:11:41 - Mapped to com.banking.controller.TransactionController#getStatistics()
2025-07-02 01:11:41 - Mapped to com.banking.controller.TransactionController#getTransactionsByType(TransactionType)
2025-07-02 01:11:41 - Using 'application/json', given [*/*] and supported [application/json, application/*+json]
2025-07-02 01:11:41 - Using 'application/json', given [*/*] and supported [application/json, application/*+json]
2025-07-02 01:11:41 - Using 'application/json', given [*/*] and supported [application/json, application/*+json]
2025-07-02 01:11:41 - Writing [{data={totalTransactions=50, transactionTypes=[Lcom.banking.model.TransactionType;@5a6a8f90}, succes (truncated)...]
2025-07-02 01:11:41 - Using 'application/json', given [*/*] and supported [application/json, application/*+json]
2025-07-02 01:11:41 - Writing [{data={totalTransactions=50, transactionTypes=[Lcom.banking.model.TransactionType;@74261a17}, succes (truncated)...]
2025-07-02 01:11:41 - Writing [{data={totalTransactions=50, transactionTypes=[Lcom.banking.model.TransactionType;@3c96d995}, succes (truncated)...]
2025-07-02 01:11:41 - Writing [{data={totalTransactions=50, transactionTypes=[Lcom.banking.model.TransactionType;@345d8883}, succes (truncated)...]
2025-07-02 01:11:41 - Mapped to com.banking.controller.TransactionController#getTransactionsByType(TransactionType)
2025-07-02 01:11:41 - Using 'application/json', given [*/*] and supported [application/json, application/*+json]
2025-07-02 01:11:41 - Writing [{data={totalTransactions=50, transactionTypes=[Lcom.banking.model.TransactionType;@1a38e374}, succes (truncated)...]
2025-07-02 01:11:41 - Mapped to com.banking.controller.TransactionController#getTransactionsByType(TransactionType)
2025-07-02 01:11:41 - Mapped to com.banking.controller.TransactionController#getTransactionsByType(TransactionType)
2025-07-02 01:11:41 - Mapped to com.banking.controller.TransactionController#getTransactionsByType(TransactionType)
2025-07-02 01:11:41 - Using 'application/json', given [*/*] and supported [application/json, application/*+json]
2025-07-02 01:11:41 - Using 'application/json', given [*/*] and supported [application/json, application/*+json]
2025-07-02 01:11:41 - Mapped to com.banking.controller.TransactionController#getTransactionsByType(TransactionType)
2025-07-02 01:11:41 - Writing [{data={totalTransactions=50, transactionTypes=[Lcom.banking.model.TransactionType;@73756bee}, succes (truncated)...]
2025-07-02 01:11:41 - Writing [{data={totalTransactions=50, transactionTypes=[Lcom.banking.model.TransactionType;@6ecf0bed}, succes (truncated)...]
2025-07-02 01:11:41 - Using 'application/json', given [*/*] and supported [application/json, application/*+json]
2025-07-02 01:11:41 - Using 'application/json', given [*/*] and supported [application/json, application/*+json]
2025-07-02 01:11:41 - Writing [{data={totalTransactions=50, transactionTypes=[Lcom.banking.model.TransactionType;@1fb898ed}, succes (truncated)...]
2025-07-02 01:11:41 - Writing [{data={totalTransactions=50, transactionTypes=[Lcom.banking.model.TransactionType;@6fc275bb}, succes (truncated)...]
2025-07-02 01:11:41 - Mapped to com.banking.controller.TransactionController#getTransactionsByType(TransactionType)
2025-07-02 01:11:41 - Using 'application/json', given [*/*] and supported [application/json, application/*+json]
2025-07-02 01:11:41 - Writing [{data={totalTransactions=50, transactionTypes=[Lcom.banking.model.TransactionType;@77c8a741}, succes (truncated)...]
2025-07-02 01:11:41 - Mapped to com.banking.controller.TransactionController#getTransactionsByType(TransactionType)
2025-07-02 01:11:41 - Using 'application/json', given [*/*] and supported [application/json, application/*+json]
2025-07-02 01:11:41 - Mapped to com.banking.controller.TransactionController#getTransactionsByType(TransactionType)
2025-07-02 01:11:41 - Writing [{data={totalTransactions=50, transactionTypes=[Lcom.banking.model.TransactionType;@cb0e52f}, success (truncated)...]
2025-07-02 01:11:41 - Using 'application/json', given [*/*] and supported [application/json, application/*+json]
2025-07-02 01:11:41 - Mapped to com.banking.controller.TransactionController#getTransactionsByType(TransactionType)
2025-07-02 01:11:41 - Using 'application/json', given [*/*] and supported [application/json, application/*+json]
2025-07-02 01:11:41 - Using 'application/json', given [*/*] and supported [application/json, application/*+json]
2025-07-02 01:11:41 - Mapped to com.banking.controller.TransactionController#getTransactionsByType(TransactionType)
2025-07-02 01:11:41 - Writing [{pagination={totalPages=5, size=10, total=50, page=0}, data=[com.banking.dto.TransactionResponse@2e4 (truncated)...]
2025-07-02 01:11:41 - Writing [{data={totalTransactions=50, transactionTypes=[Lcom.banking.model.TransactionType;@526c385c}, succes (truncated)...]
2025-07-02 01:11:41 - Writing [{data={totalTransactions=50, transactionTypes=[Lcom.banking.model.TransactionType;@325f2fc3}, succes (truncated)...]
2025-07-02 01:11:41 - Using 'application/json', given [*/*] and supported [application/json, application/*+json]
2025-07-02 01:11:41 - Writing [{pagination={totalPages=5, size=10, total=50, page=0}, data=[com.banking.dto.TransactionResponse@68b (truncated)...]
2025-07-02 01:11:41 - Mapped to com.banking.controller.TransactionController#getTransactionsByType(TransactionType)
2025-07-02 01:11:41 - Using 'application/json', given [*/*] and supported [application/json, application/*+json]
2025-07-02 01:11:41 - Writing [{data={totalTransactions=50, transactionTypes=[Lcom.banking.model.TransactionType;@62f48ee3}, succes (truncated)...]
2025-07-02 01:11:41 - Using 'application/json', given [*/*] and supported [application/json, application/*+json]
2025-07-02 01:11:41 - Mapped to com.banking.controller.TransactionController#getTransactionsByType(TransactionType)
2025-07-02 01:11:41 - Using 'application/json', given [*/*] and supported [application/json, application/*+json]
2025-07-02 01:11:41 - Writing [{data={totalTransactions=50, transactionTypes=[Lcom.banking.model.TransactionType;@3e131fbc}, succes (truncated)...]
2025-07-02 01:11:41 - Writing [{data={totalTransactions=50, transactionTypes=[Lcom.banking.model.TransactionType;@43078286}, succes (truncated)...]
2025-07-02 01:11:41 - Mapped to com.banking.controller.TransactionController#getTransactionsByType(TransactionType)
2025-07-02 01:11:41 - Mapped to com.banking.controller.TransactionController#getTransactionsByType(TransactionType)
2025-07-02 01:11:41 - Using 'application/json', given [*/*] and supported [application/json, application/*+json]
2025-07-02 01:11:41 - Writing [{data={totalTransactions=50, transactionTypes=[Lcom.banking.model.TransactionType;@1f174e47}, succes (truncated)...]
2025-07-02 01:11:41 - Mapped to com.banking.controller.TransactionController#getStatistics()
2025-07-02 01:11:41 - Mapped to com.banking.controller.TransactionController#getTransactionsByType(TransactionType)
2025-07-02 01:11:41 - Using 'application/json', given [*/*] and supported [application/json, application/*+json]
2025-07-02 01:11:41 - Mapped to com.banking.controller.TransactionController#getStatistics()
2025-07-02 01:11:41 - Using 'application/json', given [*/*] and supported [application/json, application/*+json]
2025-07-02 01:11:41 - Writing [{data={totalTransactions=50, transactionTypes=[Lcom.banking.model.TransactionType;@49842a2f}, succes (truncated)...]
2025-07-02 01:11:41 - Mapped to com.banking.controller.TransactionController#getTransactionsByType(TransactionType)
2025-07-02 01:11:41 - Writing [{data={totalTransactions=50, transactionTypes=[Lcom.banking.model.TransactionType;@33c81ac2}, succes (truncated)...]
2025-07-02 01:11:41 - Mapped to com.banking.controller.TransactionController#getTransactionsByType(TransactionType)
2025-07-02 01:11:41 - Using 'application/json', given [*/*] and supported [application/json, application/*+json]
2025-07-02 01:11:41 - Writing [{data={totalTransactions=50, transactionTypes=[Lcom.banking.model.TransactionType;@62211275}, succes (truncated)...]
2025-07-02 01:11:41 - Mapped to com.banking.controller.TransactionController#getTransactionsByType(TransactionType)
2025-07-02 01:11:41 - Mapped to com.banking.controller.TransactionController#getTransactionsByType(TransactionType)
2025-07-02 01:11:41 - Mapped to com.banking.controller.TransactionController#getTransactionsByType(TransactionType)
2025-07-02 01:11:41 - Using 'application/json', given [*/*] and supported [application/json, application/*+json]
2025-07-02 01:11:41 - Writing [{data={totalTransactions=50, transactionTypes=[Lcom.banking.model.TransactionType;@17e176ac}, succes (truncated)...]
2025-07-02 01:11:41 - Mapped to com.banking.controller.TransactionController#getTransactionsByType(TransactionType)
2025-07-02 01:11:41 - Using 'application/json', given [*/*] and supported [application/json, application/*+json]
2025-07-02 01:11:41 - Writing [{data={totalTransactions=50, transactionTypes=[Lcom.banking.model.TransactionType;@566f009}, success (truncated)...]
2025-07-02 01:11:41 - Mapped to com.banking.controller.TransactionController#getTransactionsByType(TransactionType)
2025-07-02 01:11:41 - Using 'application/json', given [*/*] and supported [application/json, application/*+json]
2025-07-02 01:11:41 - Using 'application/json', given [*/*] and supported [application/json, application/*+json]
2025-07-02 01:11:41 - Using 'application/json', given [*/*] and supported [application/json, application/*+json]
2025-07-02 01:11:41 - Writing [{data={totalTransactions=50, transactionTypes=[Lcom.banking.model.TransactionType;@2d2c57f7}, succes (truncated)...]
2025-07-02 01:11:41 - Writing [{data={totalTransactions=50, transactionTypes=[Lcom.banking.model.TransactionType;@6bd6d147}, succes (truncated)...]
2025-07-02 01:11:41 - Writing [{data={totalTransactions=50, transactionTypes=[Lcom.banking.model.TransactionType;@4202f786}, succes (truncated)...]
2025-07-02 01:11:41 - Mapped to com.banking.controller.TransactionController#getTransactionsByType(TransactionType)
2025-07-02 01:11:41 - Using 'application/json', given [*/*] and supported [application/json, application/*+json]
2025-07-02 01:11:41 - Writing [{pagination={totalPages=5, size=10, total=50, page=0}, data=[com.banking.dto.TransactionResponse@6cf (truncated)...]
2025-07-02 01:11:41 - Using 'application/json', given [*/*] and supported [application/json, application/*+json]
2025-07-02 01:11:41 - Writing [{data={totalTransactions=50, transactionTypes=[Lcom.banking.model.TransactionType;@2af67870}, succes (truncated)...]
2025-07-02 01:11:41 - Using 'application/json', given [*/*] and supported [application/json, application/*+json]
2025-07-02 01:11:41 - Using 'application/json', given [*/*] and supported [application/json, application/*+json]
2025-07-02 01:11:41 - Writing [{pagination={totalPages=5, size=10, total=50, page=0}, data=[com.banking.dto.TransactionResponse@940 (truncated)...]
2025-07-02 01:11:41 - Writing [{pagination={totalPages=5, size=10, total=50, page=0}, data=[com.banking.dto.TransactionResponse@76a (truncated)...]
2025-07-02 01:11:41 - Using 'application/json', given [*/*] and supported [application/json, application/*+json]
2025-07-02 01:11:41 - Mapped to com.banking.controller.TransactionController#getTransactionsByType(TransactionType)
2025-07-02 01:11:41 - Using 'application/json', given [*/*] and supported [application/json, application/*+json]
2025-07-02 01:11:41 - Using 'application/json', given [*/*] and supported [application/json, application/*+json]
2025-07-02 01:11:41 - Writing [{data={totalTransactions=50, transactionTypes=[Lcom.banking.model.TransactionType;@586bf328}, succes (truncated)...]
2025-07-02 01:11:41 - Mapped to com.banking.controller.TransactionController#getTransactionsByType(TransactionType)
2025-07-02 01:11:41 - Writing [{data={totalTransactions=50, transactionTypes=[Lcom.banking.model.TransactionType;@13829232}, succes (truncated)...]
2025-07-02 01:11:41 - Using 'application/json', given [*/*] and supported [application/json, application/*+json]
2025-07-02 01:11:41 - Mapped to com.banking.controller.TransactionController#getTransactionsByType(TransactionType)
2025-07-02 01:11:41 - Writing [{pagination={totalPages=5, size=10, total=50, page=0}, data=[com.banking.dto.TransactionResponse@745 (truncated)...]
2025-07-02 01:11:41 - Writing [{pagination={totalPages=5, size=10, total=50, page=0}, data=[com.banking.dto.TransactionResponse@599 (truncated)...]
2025-07-02 01:11:41 - Using 'application/json', given [*/*] and supported [application/json, application/*+json]
2025-07-02 01:11:41 - Writing [{pagination={totalPages=5, size=10, total=50, page=0}, data=[com.banking.dto.TransactionResponse@752 (truncated)...]
2025-07-02 01:11:41 - Mapped to com.banking.controller.TransactionController#getTransactionsByType(TransactionType)
2025-07-02 01:11:41 - Mapped to com.banking.controller.TransactionController#getStatistics()
2025-07-02 01:11:41 - Using 'application/json', given [*/*] and supported [application/json, application/*+json]
2025-07-02 01:11:41 - Using 'application/json', given [*/*] and supported [application/json, application/*+json]
2025-07-02 01:11:41 - Writing [{data={totalTransactions=50, transactionTypes=[Lcom.banking.model.TransactionType;@a7b4fb1}, success (truncated)...]
2025-07-02 01:11:41 - Writing [{data={totalTransactions=50, transactionTypes=[Lcom.banking.model.TransactionType;@2b29fada}, succes (truncated)...]
2025-07-02 01:11:41 - Mapped to com.banking.controller.TransactionController#getStatistics()
2025-07-02 01:11:41 - Using 'application/json', given [*/*] and supported [application/json, application/*+json]
2025-07-02 01:11:41 - Writing [{data={totalTransactions=50, transactionTypes=[Lcom.banking.model.TransactionType;@7af12113}, succes (truncated)...]
2025-07-02 01:11:41 - Mapped to com.banking.controller.TransactionController#getTransactionsByType(TransactionType)
2025-07-02 01:11:41 - Mapped to com.banking.controller.TransactionController#getTransactionsByType(TransactionType)
2025-07-02 01:11:41 - Mapped to com.banking.controller.TransactionController#getStatistics()
2025-07-02 01:11:41 - Using 'application/json', given [*/*] and supported [application/json, application/*+json]
2025-07-02 01:11:41 - Using 'application/json', given [*/*] and supported [application/json, application/*+json]
2025-07-02 01:11:41 - Writing [{data={totalTransactions=50, transactionTypes=[Lcom.banking.model.TransactionType;@2a9c3b94}, succes (truncated)...]
2025-07-02 01:11:41 - Writing [{data={totalTransactions=50, transactionTypes=[Lcom.banking.model.TransactionType;@31a73c51}, succes (truncated)...]
2025-07-02 01:11:41 - Mapped to com.banking.controller.TransactionController#getTransactionsByType(TransactionType)
2025-07-02 01:11:41 - Using 'application/json', given [*/*] and supported [application/json, application/*+json]
2025-07-02 01:11:41 - Writing [{data={totalTransactions=50, transactionTypes=[Lcom.banking.model.TransactionType;@1e69898d}, succes (truncated)...]
2025-07-02 01:11:41 - Mapped to com.banking.controller.TransactionController#getTransactionsByType(TransactionType)
2025-07-02 01:11:41 - Using 'application/json', given [*/*] and supported [application/json, application/*+json]
2025-07-02 01:11:41 - Writing [{data={totalTransactions=50, transactionTypes=[Lcom.banking.model.TransactionType;@7986ab44}, succes (truncated)...]
2025-07-02 01:11:41 - Mapped to com.banking.controller.TransactionController#getTransactionsByType(TransactionType)
2025-07-02 01:11:41 - Mapped to com.banking.controller.TransactionController#getTransactionsByType(TransactionType)
2025-07-02 01:11:41 - Mapped to com.banking.controller.TransactionController#getTransactionsByType(TransactionType)
2025-07-02 01:11:41 - Mapped to com.banking.controller.TransactionController#getStatistics()
2025-07-02 01:11:41 - Mapped to com.banking.controller.TransactionController#getStatistics()
2025-07-02 01:11:41 - Using 'application/json', given [*/*] and supported [application/json, application/*+json]
2025-07-02 01:11:41 - Mapped to com.banking.controller.TransactionController#getTransactionsByType(TransactionType)
2025-07-02 01:11:41 - Writing [{data={totalTransactions=50, transactionTypes=[Lcom.banking.model.TransactionType;@5d6e7aa6}, succes (truncated)...]
2025-07-02 01:11:41 - Mapped to com.banking.controller.TransactionController#getStatistics()
2025-07-02 01:11:41 - Mapped to com.banking.controller.TransactionController#getTransactionsByType(TransactionType)
2025-07-02 01:11:41 - Using 'application/json', given [*/*] and supported [application/json, application/*+json]
2025-07-02 01:11:41 - Using 'application/json', given [*/*] and supported [application/json, application/*+json]
2025-07-02 01:11:41 - Writing [{data={totalTransactions=50, transactionTypes=[Lcom.banking.model.TransactionType;@38a480c8}, succes (truncated)...]
2025-07-02 01:11:41 - Writing [{data={totalTransactions=50, transactionTypes=[Lcom.banking.model.TransactionType;@19261815}, succes (truncated)...]
2025-07-02 01:11:41 - Using 'application/json', given [*/*] and supported [application/json, application/*+json]
2025-07-02 01:11:41 - Using 'application/json', given [*/*] and supported [application/json, application/*+json]
2025-07-02 01:11:41 - Writing [{pagination={totalPages=5, size=10, total=50, page=0}, data=[com.banking.dto.TransactionResponse@547 (truncated)...]
2025-07-02 01:11:41 - Writing [{data={totalTransactions=50, transactionTypes=[Lcom.banking.model.TransactionType;@56eb38d5}, succes (truncated)...]
2025-07-02 01:11:41 - Using 'application/json', given [*/*] and supported [application/json, application/*+json]
2025-07-02 01:11:41 - Writing [{data={totalTransactions=50, transactionTypes=[Lcom.banking.model.TransactionType;@355e215b}, succes (truncated)...]
2025-07-02 01:11:41 - Using 'application/json', given [*/*] and supported [application/json, application/*+json]
2025-07-02 01:11:41 - Writing [{data={totalTransactions=50, transactionTypes=[Lcom.banking.model.TransactionType;@3d1eb80d}, succes (truncated)...]
2025-07-02 01:11:41 - Using 'application/json', given [*/*] and supported [application/json, application/*+json]
2025-07-02 01:11:41 - Mapped to com.banking.controller.TransactionController#getTransactionsByType(TransactionType)
2025-07-02 01:11:41 - Writing [{data={totalTransactions=50, transactionTypes=[Lcom.banking.model.TransactionType;@300313e7}, succes (truncated)...]
2025-07-02 01:11:41 - Mapped to com.banking.controller.TransactionController#getTransactionsByType(TransactionType)
2025-07-02 01:11:41 - Mapped to com.banking.controller.TransactionController#getTransactionsByType(TransactionType)
2025-07-02 01:11:41 - Mapped to com.banking.controller.TransactionController#getTransactionsByType(TransactionType)
2025-07-02 01:11:41 - Using 'application/json', given [*/*] and supported [application/json, application/*+json]
2025-07-02 01:11:41 - Mapped to com.banking.controller.TransactionController#getTransactionsByType(TransactionType)
2025-07-02 01:11:41 - Writing [{data={totalTransactions=50, transactionTypes=[Lcom.banking.model.TransactionType;@27b78257}, succes (truncated)...]
2025-07-02 01:11:41 - Using 'application/json', given [*/*] and supported [application/json, application/*+json]
2025-07-02 01:11:41 - Using 'application/json', given [*/*] and supported [application/json, application/*+json]
2025-07-02 01:11:41 - Writing [{data={totalTransactions=50, transactionTypes=[Lcom.banking.model.TransactionType;@6f9a0ea}, success (truncated)...]
2025-07-02 01:11:41 - Writing [{data={totalTransactions=50, transactionTypes=[Lcom.banking.model.TransactionType;@5fa3460a}, succes (truncated)...]
2025-07-02 01:11:41 - Using 'application/json', given [*/*] and supported [application/json, application/*+json]
2025-07-02 01:11:41 - Mapped to com.banking.controller.TransactionController#getStatistics()
2025-07-02 01:11:41 - Writing [{data={totalTransactions=50, transactionTypes=[Lcom.banking.model.TransactionType;@143861a4}, succes (truncated)...]
2025-07-02 01:11:41 - Mapped to com.banking.controller.TransactionController#getTransactionsByType(TransactionType)
2025-07-02 01:11:41 - Mapped to com.banking.controller.TransactionController#getTransactionsByType(TransactionType)
2025-07-02 01:11:41 - Mapped to com.banking.controller.TransactionController#getTransactionsByType(TransactionType)
2025-07-02 01:11:41 - Mapped to com.banking.controller.TransactionController#getTransactionsByType(TransactionType)
2025-07-02 01:11:41 - Mapped to com.banking.controller.TransactionController#getTransactionsByType(TransactionType)
2025-07-02 01:11:41 - Using 'application/json', given [*/*] and supported [application/json, application/*+json]
2025-07-02 01:11:41 - Using 'application/json', given [*/*] and supported [application/json, application/*+json]
2025-07-02 01:11:41 - Writing [{pagination={totalPages=5, size=10, total=50, page=0}, data=[com.banking.dto.TransactionResponse@39f (truncated)...]
2025-07-02 01:11:41 - Writing [{pagination={totalPages=5, size=10, total=50, page=0}, data=[com.banking.dto.TransactionResponse@732 (truncated)...]
2025-07-02 01:11:41 - Mapped to com.banking.controller.TransactionController#getTransactionsByType(TransactionType)
2025-07-02 01:11:41 - Using 'application/json', given [*/*] and supported [application/json, application/*+json]
2025-07-02 01:11:41 - Writing [{data={totalTransactions=50, transactionTypes=[Lcom.banking.model.TransactionType;@4c564c0c}, succes (truncated)...]
2025-07-02 01:11:41 - Using 'application/json', given [*/*] and supported [application/json, application/*+json]
2025-07-02 01:11:41 - Mapped to com.banking.controller.TransactionController#getStatistics()
2025-07-02 01:11:41 - Mapped to com.banking.controller.TransactionController#getStatistics()
2025-07-02 01:11:41 - Mapped to com.banking.controller.TransactionController#getTransactionsByType(TransactionType)
2025-07-02 01:11:41 - Writing [{data={totalTransactions=50, transactionTypes=[Lcom.banking.model.TransactionType;@5bb4b509}, succes (truncated)...]
2025-07-02 01:11:41 - Using 'application/json', given [*/*] and supported [application/json, application/*+json]
2025-07-02 01:11:41 - Mapped to com.banking.controller.TransactionController#getTransactionsByType(TransactionType)
2025-07-02 01:11:41 - Using 'application/json', given [*/*] and supported [application/json, application/*+json]
2025-07-02 01:11:41 - Writing [{data={totalTransactions=50, transactionTypes=[Lcom.banking.model.TransactionType;@4a3aaae4}, succes (truncated)...]
2025-07-02 01:11:41 - Writing [{data={totalTransactions=50, transactionTypes=[Lcom.banking.model.TransactionType;@7bcc21e9}, succes (truncated)...]
2025-07-02 01:11:41 - Mapped to com.banking.controller.TransactionController#getTransactionsByType(TransactionType)
2025-07-02 01:11:41 - Mapped to com.banking.controller.TransactionController#getTransactionsByType(TransactionType)
2025-07-02 01:11:41 - Using 'application/json', given [*/*] and supported [application/json, application/*+json]
2025-07-02 01:11:41 - Using 'application/json', given [*/*] and supported [application/json, application/*+json]
2025-07-02 01:11:41 - Using 'application/json', given [*/*] and supported [application/json, application/*+json]
2025-07-02 01:11:41 - Using 'application/json', given [*/*] and supported [application/json, application/*+json]
2025-07-02 01:11:41 - Writing [{data=[com.banking.dto.TransactionResponse@be7e71b, com.banking.dto.TransactionResponse@38189f7c, co (truncated)...]
2025-07-02 01:11:41 - Using 'application/json', given [*/*] and supported [application/json, application/*+json]
2025-07-02 01:11:41 - Writing [{data=[com.banking.dto.TransactionResponse@4ac0b8a3, com.banking.dto.TransactionResponse@509e70c2, c (truncated)...]
2025-07-02 01:11:41 - Using 'application/json', given [*/*] and supported [application/json, application/*+json]
2025-07-02 01:11:41 - Using 'application/json', given [*/*] and supported [application/json, application/*+json]
2025-07-02 01:11:41 - Using 'application/json', given [*/*] and supported [application/json, application/*+json]
2025-07-02 01:11:41 - Writing [{data=[com.banking.dto.TransactionResponse@6753f13c, com.banking.dto.TransactionResponse@60e61981, c (truncated)...]
2025-07-02 01:11:41 - Using 'application/json', given [*/*] and supported [application/json, application/*+json]
2025-07-02 01:11:41 - Writing [{data=[com.banking.dto.TransactionResponse@20f9e2a8, com.banking.dto.TransactionResponse@5f7e2940, c (truncated)...]
2025-07-02 01:11:41 - Writing [{data=[com.banking.dto.TransactionResponse@23a65f7c, com.banking.dto.TransactionResponse@224ed449, c (truncated)...]
2025-07-02 01:11:41 - Writing [{data=[com.banking.dto.TransactionResponse@44f5c187, com.banking.dto.TransactionResponse@5fd21cd4, c (truncated)...]
2025-07-02 01:11:41 - Writing [{data=[com.banking.dto.TransactionResponse@4b55bbfb, com.banking.dto.TransactionResponse@53184e31, c (truncated)...]
2025-07-02 01:11:41 - Writing [{data=[com.banking.dto.TransactionResponse@547ac415, com.banking.dto.TransactionResponse@27f36ee3, c (truncated)...]
2025-07-02 01:11:41 - Writing [{data=[com.banking.dto.TransactionResponse@2023af02, com.banking.dto.TransactionResponse@7cbabdad, c (truncated)...]
2025-07-02 01:11:41 - Using 'application/json', given [*/*] and supported [application/json, application/*+json]
2025-07-02 01:11:41 - Writing [{data=[com.banking.dto.TransactionResponse@2e3938ff, com.banking.dto.TransactionResponse@2f1fb5aa, c (truncated)...]
2025-07-02 01:11:41 - Mapped to com.banking.controller.TransactionController#getSecurityStatistics(String, String)
2025-07-02 01:11:41 - Mapped to com.banking.controller.TransactionController#getSecurityStatistics(String, String)
2025-07-02 01:11:41 - Mapped to com.banking.controller.TransactionController#getSecurityStatistics(String, String)
2025-07-02 01:11:41 - Mapped to com.banking.controller.TransactionController#getSecurityStatistics(String, String)
2025-07-02 01:11:41 - Mapped to com.banking.controller.TransactionController#getSecurityStatistics(String, String)
2025-07-02 01:11:41 - Mapped to com.banking.controller.TransactionController#getSecurityStatistics(String, String)
2025-07-02 01:11:41 - Mapped to com.banking.controller.TransactionController#getSecurityStatistics(String, String)
2025-07-02 01:11:41 - Mapped to com.banking.controller.TransactionController#getSecurityStatistics(String, String)
2025-07-02 01:11:41 - Mapped to com.banking.controller.TransactionController#getSecurityStatistics(String, String)
2025-07-02 01:11:41 - Mapped to com.banking.controller.TransactionController#getSecurityStatistics(String, String)
2025-07-02 01:11:41 - Using 'application/json', given [*/*] and supported [application/json, application/*+json]
2025-07-02 01:11:41 - Using 'application/json', given [*/*] and supported [application/json, application/*+json]
2025-07-02 01:11:41 - Writing [{data=[com.banking.dto.TransactionResponse@2dd13f8, com.banking.dto.TransactionResponse@5c90788e, co (truncated)...]
2025-07-02 01:11:41 - Using 'application/json', given [*/*] and supported [application/json, application/*+json]
2025-07-02 01:11:41 - Writing [{data=[com.banking.dto.TransactionResponse@4dd381d4, com.banking.dto.TransactionResponse@1a9b8b63, c (truncated)...]
2025-07-02 01:11:41 - Using 'application/json', given [*/*] and supported [application/json, application/*+json]
2025-07-02 01:11:41 - Writing [{data=[com.banking.dto.TransactionResponse@7ac9d54e, com.banking.dto.TransactionResponse@28e4a6c, co (truncated)...]
2025-07-02 01:11:41 - Writing [{data=[com.banking.dto.TransactionResponse@69c29412, com.banking.dto.TransactionResponse@433a0415, c (truncated)...]
2025-07-02 01:11:41 - Using 'application/json', given [*/*] and supported [application/json, application/*+json]
2025-07-02 01:11:41 - Using 'application/json', given [*/*] and supported [application/json, application/*+json]
2025-07-02 01:11:41 - Writing [{data=[com.banking.dto.TransactionResponse@606d4d09, com.banking.dto.TransactionResponse@10bb6ee1, c (truncated)...]
2025-07-02 01:11:41 - Writing [{data=[com.banking.dto.TransactionResponse@1b4d0be9, com.banking.dto.TransactionResponse@4fe3316, co (truncated)...]
2025-07-02 01:11:41 - Using 'application/json', given [*/*] and supported [application/json, application/*+json]
2025-07-02 01:11:41 - Writing [{data=[com.banking.dto.TransactionResponse@46b5c539, com.banking.dto.TransactionResponse@45439790, c (truncated)...]
2025-07-02 01:11:41 - Using 'application/json', given [*/*] and supported [application/json, application/*+json]
2025-07-02 01:11:41 - Writing [{data=[com.banking.dto.TransactionResponse@1c51ce61, com.banking.dto.TransactionResponse@32f43f59, c (truncated)...]
2025-07-02 01:11:41 - Using 'application/json', given [*/*] and supported [application/json, application/*+json]
2025-07-02 01:11:41 - Writing [{data=[com.banking.dto.TransactionResponse@83cf62f, com.banking.dto.TransactionResponse@860b0, com.b (truncated)...]
2025-07-02 01:11:41 - Using 'application/json', given [*/*] and supported [application/json, application/*+json]
2025-07-02 01:11:41 - Writing [{data=[com.banking.dto.TransactionResponse@7e6ce9a6, com.banking.dto.TransactionResponse@307745ba, c (truncated)...]
2025-07-02 01:11:41 - Mapped to com.banking.controller.TransactionController#getSecurityStatistics(String, String)
2025-07-02 01:11:41 - Mapped to com.banking.controller.TransactionController#getSecurityStatistics(String, String)
2025-07-02 01:11:41 - Mapped to com.banking.controller.TransactionController#getSecurityStatistics(String, String)
2025-07-02 01:11:41 - Using 'application/json', given [*/*] and supported [application/json, application/*+json]
2025-07-02 01:11:41 - Mapped to com.banking.controller.TransactionController#getSecurityStatistics(String, String)
2025-07-02 01:11:41 - Writing [{data=[com.banking.dto.TransactionResponse@643593ff, com.banking.dto.TransactionResponse@1161a7c8, c (truncated)...]
2025-07-02 01:11:41 - Mapped to com.banking.controller.TransactionController#getSecurityStatistics(String, String)
2025-07-02 01:11:41 - Mapped to com.banking.controller.TransactionController#getSecurityStatistics(String, String)
2025-07-02 01:11:41 - Mapped to com.banking.controller.TransactionController#getSecurityStatistics(String, String)
2025-07-02 01:11:41 - Using 'application/json', given [*/*] and supported [application/json, application/*+json]
2025-07-02 01:11:41 - Mapped to com.banking.controller.TransactionController#getSecurityStatistics(String, String)
2025-07-02 01:11:41 - Writing [{data=[com.banking.dto.TransactionResponse@7d32ed8e, com.banking.dto.TransactionResponse@5e6a60a4, c (truncated)...]
2025-07-02 01:11:41 - Using 'application/json', given [*/*] and supported [application/json, application/*+json]
2025-07-02 01:11:41 - Mapped to com.banking.controller.TransactionController#getSecurityStatistics(String, String)
2025-07-02 01:11:41 - Writing [{data=[com.banking.dto.TransactionResponse@28c4f748, com.banking.dto.TransactionResponse@4a478cb1, c (truncated)...]
2025-07-02 01:11:41 - Mapped to com.banking.controller.TransactionController#getSecurityStatistics(String, String)
2025-07-02 01:11:41 - Mapped to com.banking.controller.TransactionController#getSecurityStatistics(String, String)
2025-07-02 01:11:41 - Using 'application/json', given [*/*] and supported [application/json, application/*+json]
2025-07-02 01:11:41 - Writing [{data=[com.banking.dto.TransactionResponse@1340fe5f, com.banking.dto.TransactionResponse@50beffb8, c (truncated)...]
2025-07-02 01:11:41 - Using 'application/json', given [*/*] and supported [application/json, application/*+json]
2025-07-02 01:11:41 - Writing [{data=[com.banking.dto.TransactionResponse@3eed05, com.banking.dto.TransactionResponse@9a37f32, com. (truncated)...]
2025-07-02 01:11:41 - Using 'application/json', given [*/*] and supported [application/json, application/*+json]
2025-07-02 01:11:41 - Writing [{data=[com.banking.dto.TransactionResponse@334486a2, com.banking.dto.TransactionResponse@2c46ba54, c (truncated)...]
2025-07-02 01:11:41 - Using 'application/json', given [*/*] and supported [application/json, application/*+json]
2025-07-02 01:11:41 - Writing [{data=[com.banking.dto.TransactionResponse@361b32, com.banking.dto.TransactionResponse@4c43fba1, com (truncated)...]
2025-07-02 01:11:41 - Using 'application/json', given [*/*] and supported [application/json, application/*+json]
2025-07-02 01:11:41 - Using 'application/json', given [*/*] and supported [application/json, application/*+json]
2025-07-02 01:11:41 - Writing [{data=[com.banking.dto.TransactionResponse@412ebc4d, com.banking.dto.TransactionResponse@446f64c, co (truncated)...]
2025-07-02 01:11:41 - Writing [{data=[com.banking.dto.TransactionResponse@5ae163fc, com.banking.dto.TransactionResponse@1fab0a9f, c (truncated)...]
2025-07-02 01:11:41 - Using 'application/json', given [*/*] and supported [application/json, application/*+json]
2025-07-02 01:11:41 - Writing [{data=[com.banking.dto.TransactionResponse@2c39c05, com.banking.dto.TransactionResponse@33889777, co (truncated)...]
2025-07-02 01:11:41 - Using 'application/json', given [*/*] and supported [application/json, application/*+json]
2025-07-02 01:11:41 - Writing [{data=[com.banking.dto.TransactionResponse@14ca3274, com.banking.dto.TransactionResponse@13bdb4b2, c (truncated)...]
2025-07-02 01:11:41 - Mapped to com.banking.controller.TransactionController#getSecurityStatistics(String, String)
2025-07-02 01:11:41 - Using 'application/json', given [*/*] and supported [application/json, application/*+json]
2025-07-02 01:11:41 - Writing [{data=[com.banking.dto.TransactionResponse@368f2b45, com.banking.dto.TransactionResponse@7604a003, c (truncated)...]
2025-07-02 01:11:41 - Mapped to com.banking.controller.TransactionController#getSecurityStatistics(String, String)
2025-07-02 01:11:41 - Mapped to com.banking.controller.TransactionController#getSecurityStatistics(String, String)
2025-07-02 01:11:41 - Mapped to com.banking.controller.TransactionController#getSecurityStatistics(String, String)
2025-07-02 01:11:41 - Mapped to com.banking.controller.TransactionController#getSecurityStatistics(String, String)
2025-07-02 01:11:41 - Mapped to com.banking.controller.TransactionController#getSecurityStatistics(String, String)
2025-07-02 01:11:41 - Mapped to com.banking.controller.TransactionController#getSecurityStatistics(String, String)
2025-07-02 01:11:41 - Mapped to com.banking.controller.TransactionController#getSecurityStatistics(String, String)
2025-07-02 01:11:41 - Mapped to com.banking.controller.TransactionController#getSecurityStatistics(String, String)
2025-07-02 01:11:41 - Mapped to com.banking.controller.TransactionController#getSecurityStatistics(String, String)
2025-07-02 01:11:41 - Using 'application/json', given [*/*] and supported [application/json, application/*+json]
2025-07-02 01:11:41 - Mapped to com.banking.controller.TransactionController#getSecurityStatistics(String, String)
2025-07-02 01:11:41 - Writing [{data=[com.banking.dto.TransactionResponse@56ac7cbd, com.banking.dto.TransactionResponse@1d3b2dd6, c (truncated)...]
2025-07-02 01:11:41 - Using 'application/json', given [*/*] and supported [application/json, application/*+json]
2025-07-02 01:11:41 - Writing [{data=[com.banking.dto.TransactionResponse@51b442c4, com.banking.dto.TransactionResponse@789a4b99, c (truncated)...]
2025-07-02 01:11:41 - Using 'application/json', given [*/*] and supported [application/json, application/*+json]
2025-07-02 01:11:41 - Using 'application/json', given [*/*] and supported [application/json, application/*+json]
2025-07-02 01:11:41 - Writing [{data=[com.banking.dto.TransactionResponse@7797d83c, com.banking.dto.TransactionResponse@2f9b1a16, c (truncated)...]
2025-07-02 01:11:41 - Writing [{data=[com.banking.dto.TransactionResponse@59f1f93f, com.banking.dto.TransactionResponse@244c9460, c (truncated)...]
2025-07-02 01:11:41 - Using 'application/json', given [*/*] and supported [application/json, application/*+json]
2025-07-02 01:11:41 - Writing [{data=[com.banking.dto.TransactionResponse@36199bcc, com.banking.dto.TransactionResponse@4890b5d4, c (truncated)...]
2025-07-02 01:11:41 - Mapped to com.banking.controller.TransactionController#getSecurityStatistics(String, String)
2025-07-02 01:11:41 - Mapped to com.banking.controller.TransactionController#getSecurityStatistics(String, String)
2025-07-02 01:11:41 - Using 'application/json', given [*/*] and supported [application/json, application/*+json]
2025-07-02 01:11:41 - Using 'application/json', given [*/*] and supported [application/json, application/*+json]
2025-07-02 01:11:41 - Writing [{data=[com.banking.dto.TransactionResponse@ad7828, com.banking.dto.TransactionResponse@3a60ef38, com (truncated)...]
2025-07-02 01:11:41 - Writing [{data=[com.banking.dto.TransactionResponse@55b41ce2, com.banking.dto.TransactionResponse@4cfe6225, c (truncated)...]
2025-07-02 01:11:41 - Using 'application/json', given [*/*] and supported [application/json, application/*+json]
2025-07-02 01:11:41 - Writing [{data=[com.banking.dto.TransactionResponse@7763cb1c, com.banking.dto.TransactionResponse@5c4ae1a7, c (truncated)...]
2025-07-02 01:11:41 - Using 'application/json', given [*/*] and supported [application/json, application/*+json]
2025-07-02 01:11:41 - Writing [{data=[com.banking.dto.TransactionResponse@54d2d40d, com.banking.dto.TransactionResponse@6b047370, c (truncated)...]
2025-07-02 01:11:41 - Using 'application/json', given [*/*] and supported [application/json, application/*+json]
2025-07-02 01:11:41 - Writing [{data=[com.banking.dto.TransactionResponse@297f683c, com.banking.dto.TransactionResponse@665a770d, c (truncated)...]
2025-07-02 01:11:41 - Using 'application/json', given [*/*] and supported [application/json, application/*+json]
2025-07-02 01:11:41 - Writing [{data=[com.banking.dto.TransactionResponse@2f5b020, com.banking.dto.TransactionResponse@2d4577ca, co (truncated)...]
2025-07-02 01:11:41 - Mapped to com.banking.controller.TransactionController#getSecurityStatistics(String, String)
2025-07-02 01:11:41 - Mapped to com.banking.controller.TransactionController#getSecurityStatistics(String, String)
2025-07-02 01:11:41 - Using 'application/json', given [*/*] and supported [application/json, application/*+json]
2025-07-02 01:11:41 - Writing [{data=[com.banking.dto.TransactionResponse@270fe195, com.banking.dto.TransactionResponse@45b5a02, co (truncated)...]
2025-07-02 01:11:41 - Mapped to com.banking.controller.TransactionController#getSecurityStatistics(String, String)
2025-07-02 01:11:41 - Using 'application/json', given [*/*] and supported [application/json, application/*+json]
2025-07-02 01:11:41 - Writing [{data=[com.banking.dto.TransactionResponse@5d3838ff, com.banking.dto.TransactionResponse@46186fc1, c (truncated)...]
2025-07-02 01:11:41 - Mapped to com.banking.controller.TransactionController#getSecurityStatistics(String, String)
2025-07-02 01:11:41 - Using 'application/json', given [*/*] and supported [application/json, application/*+json]
2025-07-02 01:11:41 - Writing [{data=[com.banking.dto.TransactionResponse@18b23910, com.banking.dto.TransactionResponse@5884e3d2, c (truncated)...]
2025-07-02 01:11:41 - Mapped to com.banking.controller.TransactionController#getSecurityStatistics(String, String)
2025-07-02 01:11:41 - Using 'application/json', given [*/*] and supported [application/json, application/*+json]
2025-07-02 01:11:41 - Writing [{data=[com.banking.dto.TransactionResponse@6c1bba3a, com.banking.dto.TransactionResponse@3eef3f56, c (truncated)...]
2025-07-02 01:11:41 - Using 'application/json', given [*/*] and supported [application/json, application/*+json]
2025-07-02 01:11:41 - Writing [{data=[com.banking.dto.TransactionResponse@624a2eda, com.banking.dto.TransactionResponse@140cb3f4, c (truncated)...]
2025-07-02 01:11:41 - Mapped to com.banking.controller.TransactionController#getSecurityStatistics(String, String)
2025-07-02 01:11:41 - Mapped to com.banking.controller.TransactionController#getSecurityStatistics(String, String)
2025-07-02 01:11:41 - Mapped to com.banking.controller.TransactionController#getSecurityStatistics(String, String)
2025-07-02 01:11:41 - Mapped to com.banking.controller.TransactionController#getSecurityStatistics(String, String)
2025-07-02 01:11:41 - Mapped to com.banking.controller.TransactionController#getSecurityStatistics(String, String)
2025-07-02 01:11:41 - Using 'application/json', given [*/*] and supported [application/json, application/*+json]
2025-07-02 01:11:41 - Mapped to com.banking.controller.TransactionController#getSecurityStatistics(String, String)
2025-07-02 01:11:41 - Writing [{data=[com.banking.dto.TransactionResponse@28b26171, com.banking.dto.TransactionResponse@12abe44e, c (truncated)...]
2025-07-02 01:11:41 - Mapped to com.banking.controller.TransactionController#getSecurityStatistics(String, String)
2025-07-02 01:11:41 - Mapped to com.banking.controller.TransactionController#getSecurityStatistics(String, String)
2025-07-02 01:11:41 - Mapped to com.banking.controller.TransactionController#getSecurityStatistics(String, String)
2025-07-02 01:11:41 - Using 'application/json', given [*/*] and supported [application/json, application/*+json]
2025-07-02 01:11:41 - Using 'application/json', given [*/*] and supported [application/json, application/*+json]
2025-07-02 01:11:41 - Writing [{data=[com.banking.dto.TransactionResponse@624a93a9, com.banking.dto.TransactionResponse@70db2839, c (truncated)...]
2025-07-02 01:11:41 - Writing [{data=[com.banking.dto.TransactionResponse@77cb7293, com.banking.dto.TransactionResponse@3fd6b8a8, c (truncated)...]
2025-07-02 01:11:41 - Using 'application/json', given [*/*] and supported [application/json, application/*+json]
2025-07-02 01:11:41 - Writing [{data=[com.banking.dto.TransactionResponse@2621effa, com.banking.dto.TransactionResponse@442c2dfb, c (truncated)...]
2025-07-02 01:11:41 - Using 'application/json', given [*/*] and supported [application/json, application/*+json]
2025-07-02 01:11:41 - Writing [{data=[com.banking.dto.TransactionResponse@3f1dde97, com.banking.dto.TransactionResponse@54504fab, c (truncated)...]
2025-07-02 01:11:41 - Mapped to com.banking.controller.TransactionController#getSecurityStatistics(String, String)
2025-07-02 01:11:41 - Using 'application/json', given [*/*] and supported [application/json, application/*+json]
2025-07-02 01:11:41 - Writing [{data=[com.banking.dto.TransactionResponse@3823b50b, com.banking.dto.TransactionResponse@443f2b20, c (truncated)...]
2025-07-02 01:11:41 - Using 'application/json', given [*/*] and supported [application/json, application/*+json]
2025-07-02 01:11:41 - Using 'application/json', given [*/*] and supported [application/json, application/*+json]
2025-07-02 01:11:41 - Writing [{data=[com.banking.dto.TransactionResponse@1b217666, com.banking.dto.TransactionResponse@1f7179b6, c (truncated)...]
2025-07-02 01:11:41 - Writing [{data=[com.banking.dto.TransactionResponse@32c4e90f, com.banking.dto.TransactionResponse@4cf30d3e, c (truncated)...]
2025-07-02 01:11:41 - Mapped to com.banking.controller.TransactionController#getSecurityStatistics(String, String)
2025-07-02 01:11:41 - Mapped to com.banking.controller.TransactionController#getSecurityStatistics(String, String)
2025-07-02 01:11:41 - Mapped to com.banking.controller.TransactionController#getSecurityStatistics(String, String)
2025-07-02 01:11:41 - Mapped to com.banking.controller.TransactionController#getSecurityStatistics(String, String)
2025-07-02 01:11:41 - Using 'application/json', given [*/*] and supported [application/json, application/*+json]
2025-07-02 01:11:41 - Writing [{data=[com.banking.dto.TransactionResponse@421ecb3e, com.banking.dto.TransactionResponse@21fee4bf, c (truncated)...]
2025-07-02 01:11:41 - Using 'application/json', given [*/*] and supported [application/json, application/*+json]
2025-07-02 01:11:41 - Writing [{data=[com.banking.dto.TransactionResponse@11d8baad, com.banking.dto.TransactionResponse@44290b8b, c (truncated)...]
2025-07-02 01:11:41 - Mapped to com.banking.controller.TransactionController#getSecurityStatistics(String, String)
2025-07-02 01:11:41 - Mapped to com.banking.controller.TransactionController#getSecurityStatistics(String, String)
2025-07-02 01:11:41 - Mapped to com.banking.controller.TransactionController#getSecurityStatistics(String, String)
2025-07-02 01:11:41 - Using 'application/json', given [*/*] and supported [application/json, application/*+json]
2025-07-02 01:11:41 - Writing [{data=[com.banking.dto.TransactionResponse@77da818e, com.banking.dto.TransactionResponse@4666b257, c (truncated)...]
2025-07-02 01:11:41 - Using 'application/json', given [*/*] and supported [application/json, application/*+json]
2025-07-02 01:11:41 - Using 'application/json', given [*/*] and supported [application/json, application/*+json]
2025-07-02 01:11:41 - Using 'application/json', given [*/*] and supported [application/json, application/*+json]
2025-07-02 01:11:41 - Using 'application/json', given [*/*] and supported [application/json, application/*+json]
2025-07-02 01:11:41 - Writing [{data=[com.banking.dto.TransactionResponse@39701fff, com.banking.dto.TransactionResponse@22f1d564, c (truncated)...]
2025-07-02 01:11:41 - Writing [{data=[com.banking.dto.TransactionResponse@1da89a41, com.banking.dto.TransactionResponse@4745e130, c (truncated)...]
2025-07-02 01:11:41 - Writing [{data=[com.banking.dto.TransactionResponse@45fa2671, com.banking.dto.TransactionResponse@36f69307, c (truncated)...]
2025-07-02 01:11:41 - Writing [{data=[com.banking.dto.TransactionResponse@7d972926, com.banking.dto.TransactionResponse@558337a3, c (truncated)...]
2025-07-02 01:11:41 - Mapped to com.banking.controller.TransactionController#getSecurityStatistics(String, String)
2025-07-02 01:11:41 - Mapped to com.banking.controller.TransactionController#getSecurityStatistics(String, String)
2025-07-02 01:11:41 - Mapped to com.banking.controller.TransactionController#getSecurityStatistics(String, String)
2025-07-02 01:11:41 - Using 'application/json', given [*/*] and supported [application/json, application/*+json]
2025-07-02 01:11:41 - Writing [{data=[com.banking.dto.TransactionResponse@4b7696bc, com.banking.dto.TransactionResponse@55f8765f, c (truncated)...]
2025-07-02 01:11:41 - Using 'application/json', given [*/*] and supported [application/json, application/*+json]
2025-07-02 01:11:41 - Using 'application/json', given [*/*] and supported [application/json, application/*+json]
2025-07-02 01:11:41 - Writing [{data=[com.banking.dto.TransactionResponse@3aec451c, com.banking.dto.TransactionResponse@79e4562f, c (truncated)...]
2025-07-02 01:11:41 - Writing [{data=[com.banking.dto.TransactionResponse@66037d0c, com.banking.dto.TransactionResponse@304b721a, c (truncated)...]
2025-07-02 01:11:41 - Using 'application/json', given [*/*] and supported [application/json, application/*+json]
2025-07-02 01:11:41 - Using 'application/json', given [*/*] and supported [application/json, application/*+json]
2025-07-02 01:11:41 - Writing [{data={transDate=2025-07-02, securityCode=000001, buyStatistics={transactionCount=0, totalUnits=0, t (truncated)...]
2025-07-02 01:11:41 - Using 'application/json', given [*/*] and supported [application/json, application/*+json]
2025-07-02 01:11:41 - Writing [{data={transDate=2025-07-02, securityCode=000001, buyStatistics={transactionCount=0, totalUnits=0, t (truncated)...]
2025-07-02 01:11:41 - Using 'application/json', given [*/*] and supported [application/json, application/*+json]
2025-07-02 01:11:41 - Writing [{data={transDate=2025-07-02, securityCode=000001, buyStatistics={transactionCount=0, totalUnits=0, t (truncated)...]
2025-07-02 01:11:41 - Mapped to com.banking.controller.TransactionController#getSecurityStatistics(String, String)
2025-07-02 01:11:41 - Using 'application/json', given [*/*] and supported [application/json, application/*+json]
2025-07-02 01:11:41 - Using 'application/json', given [*/*] and supported [application/json, application/*+json]
2025-07-02 01:11:41 - Writing [{data={transDate=2025-07-02, securityCode=000001, buyStatistics={transactionCount=0, totalUnits=0, t (truncated)...]
2025-07-02 01:11:41 - Writing [{data={transDate=2025-07-02, securityCode=000001, buyStatistics={transactionCount=0, totalUnits=0, t (truncated)...]
2025-07-02 01:11:41 - Using 'application/json', given [*/*] and supported [application/json, application/*+json]
2025-07-02 01:11:41 - Using 'application/json', given [*/*] and supported [application/json, application/*+json]
2025-07-02 01:11:41 - Using 'application/json', given [*/*] and supported [application/json, application/*+json]
2025-07-02 01:11:41 - Writing [{data={transDate=2025-07-02, securityCode=000001, buyStatistics={transactionCount=0, totalUnits=0, t (truncated)...]
2025-07-02 01:11:41 - Writing [{data={transDate=2025-07-02, securityCode=000001, buyStatistics={transactionCount=0, totalUnits=0, t (truncated)...]
2025-07-02 01:11:41 - Writing [{data={transDate=2025-07-02, securityCode=000001, buyStatistics={transactionCount=0, totalUnits=0, t (truncated)...]
2025-07-02 01:11:41 - Using 'application/json', given [*/*] and supported [application/json, application/*+json]
2025-07-02 01:11:41 - Writing [{data={transDate=2025-07-02, securityCode=000001, buyStatistics={transactionCount=0, totalUnits=0, t (truncated)...]
2025-07-02 01:11:41 - Mapped to com.banking.controller.TransactionController#getSecurityStatistics(String, String)
2025-07-02 01:11:41 - Using 'application/json', given [*/*] and supported [application/json, application/*+json]
2025-07-02 01:11:41 - Using 'application/json', given [*/*] and supported [application/json, application/*+json]
2025-07-02 01:11:41 - Writing [{data={transDate=2025-07-02, securityCode=000001, buyStatistics={transactionCount=0, totalUnits=0, t (truncated)...]
2025-07-02 01:11:41 - Writing [{data={transDate=2025-07-02, securityCode=000001, buyStatistics={transactionCount=0, totalUnits=0, t (truncated)...]
2025-07-02 01:11:41 - Mapped to com.banking.controller.TransactionController#getSecurityStatistics(String, String)
2025-07-02 01:11:41 - Using 'application/json', given [*/*] and supported [application/json, application/*+json]
2025-07-02 01:11:41 - Mapped to com.banking.controller.TransactionController#getSecurityStatistics(String, String)
2025-07-02 01:11:41 - Writing [{data={transDate=2025-07-02, securityCode=000001, buyStatistics={transactionCount=0, totalUnits=0, t (truncated)...]
2025-07-02 01:11:41 - Using 'application/json', given [*/*] and supported [application/json, application/*+json]
2025-07-02 01:11:41 - Using 'application/json', given [*/*] and supported [application/json, application/*+json]
2025-07-02 01:11:41 - Mapped to com.banking.controller.TransactionController#getSecurityStatistics(String, String)
2025-07-02 01:11:41 - Mapped to com.banking.controller.TransactionController#getSecurityStatistics(String, String)
2025-07-02 01:11:41 - Writing [{data=[com.banking.dto.TransactionResponse@21f4b0cb, com.banking.dto.TransactionResponse@593bbb83, c (truncated)...]
2025-07-02 01:11:41 - Mapped to com.banking.controller.TransactionController#getSecurityStatistics(String, String)
2025-07-02 01:11:41 - Using 'application/json', given [*/*] and supported [application/json, application/*+json]
2025-07-02 01:11:41 - Using 'application/json', given [*/*] and supported [application/json, application/*+json]
2025-07-02 01:11:41 - Writing [{data={transDate=2025-07-02, securityCode=000001, buyStatistics={transactionCount=0, totalUnits=0, t (truncated)...]
2025-07-02 01:11:41 - Writing [{data=[com.banking.dto.TransactionResponse@1785632e, com.banking.dto.TransactionResponse@7d76b9b0, c (truncated)...]
2025-07-02 01:11:41 - Using 'application/json', given [*/*] and supported [application/json, application/*+json]
2025-07-02 01:11:41 - Using 'application/json', given [*/*] and supported [application/json, application/*+json]
2025-07-02 01:11:41 - Writing [{data={transDate=2025-07-02, securityCode=000001, buyStatistics={transactionCount=0, totalUnits=0, t (truncated)...]
2025-07-02 01:11:41 - Writing [{data={transDate=2025-07-02, securityCode=000001, buyStatistics={transactionCount=0, totalUnits=0, t (truncated)...]
2025-07-02 01:11:41 - Using 'application/json', given [*/*] and supported [application/json, application/*+json]
2025-07-02 01:11:41 - Using 'application/json', given [*/*] and supported [application/json, application/*+json]
2025-07-02 01:11:41 - Writing [{data=[com.banking.dto.TransactionResponse@6638d40b, com.banking.dto.TransactionResponse@5678e62, co (truncated)...]
2025-07-02 01:11:41 - Writing [{data=[com.banking.dto.TransactionResponse@50bb8954, com.banking.dto.TransactionResponse@1538ef4f, c (truncated)...]
2025-07-02 01:11:41 - Using 'application/json', given [*/*] and supported [application/json, application/*+json]
2025-07-02 01:11:41 - Writing [{data=[com.banking.dto.TransactionResponse@7eed3727, com.banking.dto.TransactionResponse@47705a90, c (truncated)...]
2025-07-02 01:11:41 - Mapped to com.banking.controller.TransactionController#getSecurityStatistics(String, String)
2025-07-02 01:11:41 - Using 'application/json', given [*/*] and supported [application/json, application/*+json]
2025-07-02 01:11:41 - Writing [{data=[com.banking.dto.TransactionResponse@7ef3c3ca, com.banking.dto.TransactionResponse@339b06ec, c (truncated)...]
2025-07-02 01:11:41 - Mapped to com.banking.controller.TransactionController#getSecurityStatistics(String, String)
2025-07-02 01:11:41 - Using 'application/json', given [*/*] and supported [application/json, application/*+json]
2025-07-02 01:11:41 - Using 'application/json', given [*/*] and supported [application/json, application/*+json]
2025-07-02 01:11:41 - Writing [{data={transDate=2025-07-02, securityCode=000001, buyStatistics={transactionCount=0, totalUnits=0, t (truncated)...]
2025-07-02 01:11:41 - Writing [{data=[com.banking.dto.TransactionResponse@455128ca, com.banking.dto.TransactionResponse@762b05ac, c (truncated)...]
2025-07-02 01:11:41 - Using 'application/json', given [*/*] and supported [application/json, application/*+json]
2025-07-02 01:11:41 - Writing [{data={transDate=2025-07-02, securityCode=000001, buyStatistics={transactionCount=0, totalUnits=0, t (truncated)...]
2025-07-02 01:11:41 - Using 'application/json', given [*/*] and supported [application/json, application/*+json]
2025-07-02 01:11:41 - Writing [{data={transDate=2025-07-02, securityCode=000001, buyStatistics={transactionCount=0, totalUnits=0, t (truncated)...]
2025-07-02 01:11:41 - Mapped to com.banking.controller.TransactionController#getSecurityStatistics(String, String)
2025-07-02 01:11:41 - Writing [{data=[com.banking.dto.TransactionResponse@51e00042, com.banking.dto.TransactionResponse@1595f01f, c (truncated)...]
2025-07-02 01:11:41 - Using 'application/json', given [*/*] and supported [application/json, application/*+json]
2025-07-02 01:11:41 - Using 'application/json', given [*/*] and supported [application/json, application/*+json]
2025-07-02 01:11:41 - Using 'application/json', given [*/*] and supported [application/json, application/*+json]
2025-07-02 01:11:41 - Writing [{data=[com.banking.dto.TransactionResponse@4880f104, com.banking.dto.TransactionResponse@4a6e28f, co (truncated)...]
2025-07-02 01:11:41 - Using 'application/json', given [*/*] and supported [application/json, application/*+json]
2025-07-02 01:11:41 - Using 'application/json', given [*/*] and supported [application/json, application/*+json]
2025-07-02 01:11:41 - Writing [{data={transDate=2025-07-02, securityCode=000001, buyStatistics={transactionCount=0, totalUnits=0, t (truncated)...]
2025-07-02 01:11:41 - Writing [{data=[com.banking.dto.TransactionResponse@7d7ab7af, com.banking.dto.TransactionResponse@3bd956c5, c (truncated)...]
2025-07-02 01:11:41 - Mapped to com.banking.controller.TransactionController#getSecurityStatistics(String, String)
2025-07-02 01:11:41 - Writing [{data={transDate=2025-07-02, securityCode=000001, buyStatistics={transactionCount=0, totalUnits=0, t (truncated)...]
2025-07-02 01:11:41 - Writing [{data={transDate=2025-07-02, securityCode=000001, buyStatistics={transactionCount=0, totalUnits=0, t (truncated)...]
2025-07-02 01:11:41 - Using 'application/json', given [*/*] and supported [application/json, application/*+json]
2025-07-02 01:11:41 - Using 'application/json', given [*/*] and supported [application/json, application/*+json]
2025-07-02 01:11:41 - Using 'application/json', given [*/*] and supported [application/json, application/*+json]
2025-07-02 01:11:41 - Writing [{data={transDate=2025-07-02, securityCode=000001, buyStatistics={transactionCount=0, totalUnits=0, t (truncated)...]
2025-07-02 01:11:41 - Writing [{data=[com.banking.dto.TransactionResponse@6529b3f1, com.banking.dto.TransactionResponse@4ce4e4f6, c (truncated)...]
2025-07-02 01:11:41 - Using 'application/json', given [*/*] and supported [application/json, application/*+json]
2025-07-02 01:11:41 - Writing [{data=[com.banking.dto.TransactionResponse@5b224aab, com.banking.dto.TransactionResponse@1f86021f, c (truncated)...]
2025-07-02 01:11:41 - Writing [{data={transDate=2025-07-02, securityCode=000001, buyStatistics={transactionCount=0, totalUnits=0, t (truncated)...]
2025-07-02 01:11:41 - Mapped to com.banking.controller.TransactionController#getSecurityStatistics(String, String)
2025-07-02 01:11:41 - Using 'application/json', given [*/*] and supported [application/json, application/*+json]
2025-07-02 01:11:41 - Writing [{data=[com.banking.dto.TransactionResponse@7e4035d5, com.banking.dto.TransactionResponse@61fa9a40, c (truncated)...]
2025-07-02 01:11:41 - Using 'application/json', given [*/*] and supported [application/json, application/*+json]
2025-07-02 01:11:41 - Writing [{data={transDate=2025-07-02, securityCode=000001, buyStatistics={transactionCount=0, totalUnits=0, t (truncated)...]
2025-07-02 01:11:41 - Writing [{data=[com.banking.dto.TransactionResponse@6de2335a, com.banking.dto.TransactionResponse@56cb3569, c (truncated)...]
2025-07-02 01:11:41 - Using 'application/json', given [*/*] and supported [application/json, application/*+json]
2025-07-02 01:11:41 - Writing [{data=[com.banking.dto.TransactionResponse@4fa1970c, com.banking.dto.TransactionResponse@1b9a23bc, c (truncated)...]
2025-07-02 01:11:41 - Mapped to com.banking.controller.TransactionController#getSecurityStatistics(String, String)
2025-07-02 01:11:42 - Using 'application/json', given [*/*] and supported [application/json, application/*+json]
2025-07-02 01:11:42 - Writing [{data={transDate=2025-07-02, securityCode=000001, buyStatistics={transactionCount=0, totalUnits=0, t (truncated)...]
2025-07-02 01:11:42 - Mapped to com.banking.controller.TransactionController#getSecurityStatistics(String, String)
2025-07-02 01:11:42 - Mapped to com.banking.controller.TransactionController#getSecurityStatistics(String, String)
2025-07-02 01:11:42 - Using 'application/json', given [*/*] and supported [application/json, application/*+json]
2025-07-02 01:11:42 - Mapped to com.banking.controller.TransactionController#getSecurityStatistics(String, String)
2025-07-02 01:11:42 - Writing [{data=[com.banking.dto.TransactionResponse@179fc400, com.banking.dto.TransactionResponse@313a8eb8, c (truncated)...]
2025-07-02 01:11:42 - Using 'application/json', given [*/*] and supported [application/json, application/*+json]
2025-07-02 01:11:42 - Writing [{data=[com.banking.dto.TransactionResponse@6a828f6, com.banking.dto.TransactionResponse@7e452a52, co (truncated)...]
2025-07-02 01:11:42 - Mapped to com.banking.controller.TransactionController#getSecurityStatistics(String, String)
2025-07-02 01:11:42 - Using 'application/json', given [*/*] and supported [application/json, application/*+json]
2025-07-02 01:11:42 - Writing [{data={transDate=2025-07-02, securityCode=000001, buyStatistics={transactionCount=0, totalUnits=0, t (truncated)...]
2025-07-02 01:11:42 - Using 'application/json', given [*/*] and supported [application/json, application/*+json]
2025-07-02 01:11:42 - Using 'application/json', given [*/*] and supported [application/json, application/*+json]
2025-07-02 01:11:42 - Using 'application/json', given [*/*] and supported [application/json, application/*+json]
2025-07-02 01:11:42 - Writing [{data=[com.banking.dto.TransactionResponse@76b09c39, com.banking.dto.TransactionResponse@692dd198, c (truncated)...]
2025-07-02 01:11:42 - Writing [{data={transDate=2025-07-02, securityCode=000001, buyStatistics={transactionCount=0, totalUnits=0, t (truncated)...]
2025-07-02 01:11:42 - Writing [{data={transDate=2025-07-02, securityCode=000001, buyStatistics={transactionCount=0, totalUnits=0, t (truncated)...]
2025-07-02 01:11:42 - Using 'application/json', given [*/*] and supported [application/json, application/*+json]
2025-07-02 01:11:42 - Using 'application/json', given [*/*] and supported [application/json, application/*+json]
2025-07-02 01:11:42 - Mapped to com.banking.controller.TransactionController#getSecurityStatistics(String, String)
2025-07-02 01:11:42 - Writing [{data=[com.banking.dto.TransactionResponse@7152d720, com.banking.dto.TransactionResponse@6e1e553a, c (truncated)...]
2025-07-02 01:11:42 - Writing [{data={transDate=2025-07-02, securityCode=000001, buyStatistics={transactionCount=0, totalUnits=0, t (truncated)...]
2025-07-02 01:11:42 - Mapped to com.banking.controller.TransactionController#getSecurityStatistics(String, String)
2025-07-02 01:11:42 - Using 'application/json', given [*/*] and supported [application/json, application/*+json]
2025-07-02 01:11:42 - Writing [{data=[com.banking.dto.TransactionResponse@1f8217e1, com.banking.dto.TransactionResponse@67037115, c (truncated)...]
2025-07-02 01:11:42 - Using 'application/json', given [*/*] and supported [application/json, application/*+json]
2025-07-02 01:11:42 - Writing [{data={transDate=2025-07-02, securityCode=000001, buyStatistics={transactionCount=0, totalUnits=0, t (truncated)...]
2025-07-02 01:11:42 - Mapped to com.banking.controller.TransactionController#getSecurityStatistics(String, String)
2025-07-02 01:11:42 - Mapped to com.banking.controller.TransactionController#getSecurityStatistics(String, String)
2025-07-02 01:11:42 - Using 'application/json', given [*/*] and supported [application/json, application/*+json]
2025-07-02 01:11:42 - Writing [{data=[com.banking.dto.TransactionResponse@6a368ac, com.banking.dto.TransactionResponse@561e0aaf, co (truncated)...]
2025-07-02 01:11:42 - Using 'application/json', given [*/*] and supported [application/json, application/*+json]
2025-07-02 01:11:42 - Writing [{data=[com.banking.dto.TransactionResponse@3fd20ae9, com.banking.dto.TransactionResponse@5f70f0dc, c (truncated)...]
2025-07-02 01:11:42 - Using 'application/json', given [*/*] and supported [application/json, application/*+json]
2025-07-02 01:11:42 - Using 'application/json', given [*/*] and supported [application/json, application/*+json]
2025-07-02 01:11:42 - Writing [{data={transDate=2025-07-02, securityCode=000001, buyStatistics={transactionCount=0, totalUnits=0, t (truncated)...]
2025-07-02 01:11:42 - Mapped to com.banking.controller.TransactionController#getSecurityStatistics(String, String)
2025-07-02 01:11:42 - Using 'application/json', given [*/*] and supported [application/json, application/*+json]
2025-07-02 01:11:42 - Writing [{data=[com.banking.dto.TransactionResponse@695b7f30, com.banking.dto.TransactionResponse@31ee9056, c (truncated)...]
2025-07-02 01:11:42 - Writing [{data={transDate=2025-07-02, securityCode=000001, buyStatistics={transactionCount=0, totalUnits=0, t (truncated)...]
2025-07-02 01:11:42 - Mapped to com.banking.controller.TransactionController#getSecurityStatistics(String, String)
2025-07-02 01:11:42 - Mapped to com.banking.controller.TransactionController#getSecurityStatistics(String, String)
2025-07-02 01:11:42 - Using 'application/json', given [*/*] and supported [application/json, application/*+json]
2025-07-02 01:11:42 - Using 'application/json', given [*/*] and supported [application/json, application/*+json]
2025-07-02 01:11:42 - Using 'application/json', given [*/*] and supported [application/json, application/*+json]
2025-07-02 01:11:42 - Writing [{data={transDate=2025-07-02, securityCode=000001, buyStatistics={transactionCount=0, totalUnits=0, t (truncated)...]
2025-07-02 01:11:42 - Writing [{data=[com.banking.dto.TransactionResponse@34b20535, com.banking.dto.TransactionResponse@6c40e7f7, c (truncated)...]
2025-07-02 01:11:42 - Using 'application/json', given [*/*] and supported [application/json, application/*+json]
2025-07-02 01:11:42 - Writing [{data=[com.banking.dto.TransactionResponse@30f37527, com.banking.dto.TransactionResponse@44458e2d, c (truncated)...]
2025-07-02 01:11:42 - Writing [{data={transDate=2025-07-02, securityCode=000001, buyStatistics={transactionCount=0, totalUnits=0, t (truncated)...]
2025-07-02 01:11:42 - Using 'application/json', given [*/*] and supported [application/json, application/*+json]
2025-07-02 01:11:42 - Using 'application/json', given [*/*] and supported [application/json, application/*+json]
2025-07-02 01:11:42 - Writing [{data={transDate=2025-07-02, securityCode=000001, buyStatistics={transactionCount=0, totalUnits=0, t (truncated)...]
2025-07-02 01:11:42 - Writing [{data={transDate=2025-07-02, securityCode=000001, buyStatistics={transactionCount=0, totalUnits=0, t (truncated)...]
2025-07-02 01:11:42 - Using 'application/json', given [*/*] and supported [application/json, application/*+json]
2025-07-02 01:11:42 - Writing [{data=[com.banking.dto.TransactionResponse@1c1a836c, com.banking.dto.TransactionResponse@6b5dc3b9, c (truncated)...]
2025-07-02 01:11:42 - Mapped to com.banking.controller.TransactionController#getSecurityStatistics(String, String)
2025-07-02 01:11:42 - Using 'application/json', given [*/*] and supported [application/json, application/*+json]
2025-07-02 01:11:42 - Writing [{data=[com.banking.dto.TransactionResponse@5ed1c7f1, com.banking.dto.TransactionResponse@74e85257, c (truncated)...]
2025-07-02 01:11:42 - Mapped to com.banking.controller.TransactionController#getSecurityStatistics(String, String)
2025-07-02 01:11:42 - Using 'application/json', given [*/*] and supported [application/json, application/*+json]
2025-07-02 01:11:42 - Using 'application/json', given [*/*] and supported [application/json, application/*+json]
2025-07-02 01:11:42 - Writing [{data={transDate=2025-07-02, securityCode=000001, buyStatistics={transactionCount=0, totalUnits=0, t (truncated)...]
2025-07-02 01:11:42 - Writing [{data={transDate=2025-07-02, securityCode=000001, buyStatistics={transactionCount=0, totalUnits=0, t (truncated)...]
2025-07-02 01:11:42 - Mapped to com.banking.controller.TransactionController#getSecurityStatistics(String, String)
2025-07-02 01:11:42 - Mapped to com.banking.controller.TransactionController#getSecurityStatistics(String, String)
2025-07-02 01:11:42 - Using 'application/json', given [*/*] and supported [application/json, application/*+json]
2025-07-02 01:11:42 - Writing [{data=[com.banking.dto.TransactionResponse@7336318f, com.banking.dto.TransactionResponse@1afd0e9f, c (truncated)...]
2025-07-02 01:11:42 - Using 'application/json', given [*/*] and supported [application/json, application/*+json]
2025-07-02 01:11:42 - Writing [{data={transDate=2025-07-02, securityCode=000001, buyStatistics={transactionCount=0, totalUnits=0, t (truncated)...]
2025-07-02 01:11:42 - Mapped to com.banking.controller.TransactionController#getSecurityStatistics(String, String)
2025-07-02 01:11:42 - Using 'application/json', given [*/*] and supported [application/json, application/*+json]
2025-07-02 01:11:42 - Writing [{data=[com.banking.dto.TransactionResponse@7cfcd377, com.banking.dto.TransactionResponse@3631ca0d, c (truncated)...]
2025-07-02 01:11:42 - Using 'application/json', given [*/*] and supported [application/json, application/*+json]
2025-07-02 01:11:42 - Writing [{data={transDate=2025-07-02, securityCode=000001, buyStatistics={transactionCount=0, totalUnits=0, t (truncated)...]
2025-07-02 01:11:42 - Using 'application/json', given [*/*] and supported [application/json, application/*+json]
2025-07-02 01:11:42 - Writing [{data=[com.banking.dto.TransactionResponse@644b8fa1, com.banking.dto.TransactionResponse@6d7371ad, c (truncated)...]
2025-07-02 01:11:42 - Mapped to com.banking.controller.TransactionController#getSecurityStatistics(String, String)
2025-07-02 01:11:42 - Mapped to com.banking.controller.TransactionController#getSecurityStatistics(String, String)
2025-07-02 01:11:42 - Using 'application/json', given [*/*] and supported [application/json, application/*+json]
2025-07-02 01:11:42 - Mapped to com.banking.controller.TransactionController#getSecurityStatistics(String, String)
2025-07-02 01:11:42 - Writing [{data={transDate=2025-07-02, securityCode=000001, buyStatistics={transactionCount=0, totalUnits=0, t (truncated)...]
2025-07-02 01:11:42 - Using 'application/json', given [*/*] and supported [application/json, application/*+json]
2025-07-02 01:11:42 - Using 'application/json', given [*/*] and supported [application/json, application/*+json]
2025-07-02 01:11:42 - Writing [{data={transDate=2025-07-02, securityCode=000001, buyStatistics={transactionCount=0, totalUnits=0, t (truncated)...]
2025-07-02 01:11:42 - Writing [{data={transDate=2025-07-02, securityCode=000001, buyStatistics={transactionCount=0, totalUnits=0, t (truncated)...]
2025-07-02 01:11:42 - Using 'application/json', given [*/*] and supported [application/json, application/*+json]
2025-07-02 01:11:42 - Writing [{data={transDate=2025-07-02, securityCode=000001, buyStatistics={transactionCount=0, totalUnits=0, t (truncated)...]
2025-07-02 01:11:42 - Mapped to com.banking.controller.TransactionController#getSecurityStatistics(String, String)
2025-07-02 01:11:42 - Using 'application/json', given [*/*] and supported [application/json, application/*+json]
2025-07-02 01:11:42 - Writing [{data={transDate=2025-07-02, securityCode=000001, buyStatistics={transactionCount=0, totalUnits=0, t (truncated)...]
2025-07-02 01:11:42 - Mapped to com.banking.controller.TransactionController#getSecurityStatistics(String, String)
2025-07-02 01:11:42 - Using 'application/json', given [*/*] and supported [application/json, application/*+json]
2025-07-02 01:11:42 - Writing [{data={transDate=2025-07-02, securityCode=000001, buyStatistics={transactionCount=0, totalUnits=0, t (truncated)...]
2025-07-02 01:11:42 - Using 'application/json', given [*/*] and supported [application/json, application/*+json]
2025-07-02 01:11:42 - Writing [{data=[com.banking.dto.TransactionResponse@2355e54, com.banking.dto.TransactionResponse@51a184fa, co (truncated)...]
2025-07-02 01:11:42 - Mapped to com.banking.controller.TransactionController#getSecurityStatistics(String, String)
2025-07-02 01:11:42 - Mapped to com.banking.controller.TransactionController#getSecurityStatistics(String, String)
2025-07-02 01:11:42 - Mapped to com.banking.controller.TransactionController#getSecurityStatistics(String, String)
2025-07-02 01:11:42 - Using 'application/json', given [*/*] and supported [application/json, application/*+json]
2025-07-02 01:11:42 - Using 'application/json', given [*/*] and supported [application/json, application/*+json]
2025-07-02 01:11:42 - Writing [{data={transDate=2025-07-02, securityCode=000001, buyStatistics={transactionCount=0, totalUnits=0, t (truncated)...]
2025-07-02 01:11:42 - Writing [{data={transDate=2025-07-02, securityCode=000001, buyStatistics={transactionCount=0, totalUnits=0, t (truncated)...]
2025-07-02 01:11:42 - Using 'application/json', given [*/*] and supported [application/json, application/*+json]
2025-07-02 01:11:42 - Using 'application/json', given [*/*] and supported [application/json, application/*+json]
2025-07-02 01:11:42 - Using 'application/json', given [*/*] and supported [application/json, application/*+json]
2025-07-02 01:11:42 - Writing [{data={transDate=2025-07-02, securityCode=000001, buyStatistics={transactionCount=0, totalUnits=0, t (truncated)...]
2025-07-02 01:11:42 - Writing [{data={transDate=2025-07-02, securityCode=000001, buyStatistics={transactionCount=0, totalUnits=0, t (truncated)...]
2025-07-02 01:11:42 - Writing [{data={transDate=2025-07-02, securityCode=000001, buyStatistics={transactionCount=0, totalUnits=0, t (truncated)...]
2025-07-02 01:11:42 - Using 'application/json', given [*/*] and supported [application/json, application/*+json]
2025-07-02 01:11:42 - Writing [{data={transDate=2025-07-02, securityCode=000001, buyStatistics={transactionCount=0, totalUnits=0, t (truncated)...]
2025-07-02 01:11:42 - Using 'application/json', given [*/*] and supported [application/json, application/*+json]
2025-07-02 01:11:42 - Writing [{data={transDate=2025-07-02, securityCode=000001, buyStatistics={transactionCount=0, totalUnits=0, t (truncated)...]
2025-07-02 01:11:42 - Mapped to com.banking.controller.TransactionController#getSecurityStatistics(String, String)
2025-07-02 01:11:42 - Using 'application/json', given [*/*] and supported [application/json, application/*+json]
2025-07-02 01:11:42 - Using 'application/json', given [*/*] and supported [application/json, application/*+json]
2025-07-02 01:11:42 - Writing [{data={transDate=2025-07-02, securityCode=000001, buyStatistics={transactionCount=0, totalUnits=0, t (truncated)...]
2025-07-02 01:11:42 - Writing [{data={transDate=2025-07-02, securityCode=000001, buyStatistics={transactionCount=0, totalUnits=0, t (truncated)...]
2025-07-02 01:11:42 - Using 'application/json', given [*/*] and supported [application/json, application/*+json]
2025-07-02 01:11:42 - Writing [{data={transDate=2025-07-02, securityCode=000001, buyStatistics={transactionCount=0, totalUnits=0, t (truncated)...]
2025-07-02 01:11:42 - Using 'application/json', given [*/*] and supported [application/json, application/*+json]
2025-07-02 01:11:42 - Writing [{data={transDate=2025-07-02, securityCode=000001, buyStatistics={transactionCount=0, totalUnits=0, t (truncated)...]
2025-07-02 01:11:42 - Using 'application/json', given [*/*] and supported [application/json, application/*+json]
2025-07-02 01:11:42 - Using 'application/json', given [*/*] and supported [application/json, application/*+json]
2025-07-02 01:11:42 - Writing [{data={transDate=2025-07-02, securityCode=000001, buyStatistics={transactionCount=0, totalUnits=0, t (truncated)...]
2025-07-02 01:11:42 - Using 'application/json', given [*/*] and supported [application/json, application/*+json]
2025-07-02 01:11:42 - Writing [{data={transDate=2025-07-02, securityCode=000001, buyStatistics={transactionCount=0, totalUnits=0, t (truncated)...]
2025-07-02 01:11:42 - Writing [{data={transDate=2025-07-02, securityCode=000001, buyStatistics={transactionCount=0, totalUnits=0, t (truncated)...]
2025-07-02 01:11:42 - Using 'application/json', given [*/*] and supported [application/json, application/*+json]
2025-07-02 01:11:42 - Writing [{data={transDate=2025-07-02, securityCode=000001, buyStatistics={transactionCount=0, totalUnits=0, t (truncated)...]
2025-07-02 01:11:42 - Using 'application/json', given [*/*] and supported [application/json, application/*+json]
2025-07-02 01:11:42 - Writing [{data={transDate=2025-07-02, securityCode=000001, buyStatistics={transactionCount=0, totalUnits=0, t (truncated)...]
2025-07-02 01:11:42 - Using 'application/json', given [*/*] and supported [application/json, application/*+json]
2025-07-02 01:11:42 - Using 'application/json', given [*/*] and supported [application/json, application/*+json]
2025-07-02 01:11:42 - Writing [{data={transDate=2025-07-02, securityCode=000001, buyStatistics={transactionCount=0, totalUnits=0, t (truncated)...]
2025-07-02 01:11:42 - Writing [{data={transDate=2025-07-02, securityCode=000001, buyStatistics={transactionCount=0, totalUnits=0, t (truncated)...]
2025-07-02 01:11:42 - Using 'application/json', given [*/*] and supported [application/json, application/*+json]
2025-07-02 01:11:42 - Writing [{data={transDate=2025-07-02, securityCode=000001, buyStatistics={transactionCount=0, totalUnits=0, t (truncated)...]
2025-07-02 01:11:42 - Using 'application/json', given [*/*] and supported [application/json, application/*+json]
2025-07-02 01:11:42 - Writing [{data={transDate=2025-07-02, securityCode=000001, buyStatistics={transactionCount=0, totalUnits=0, t (truncated)...]
2025-07-02 01:11:42 - Using 'application/json', given [*/*] and supported [application/json, application/*+json]
2025-07-02 01:11:42 - Writing [{data={transDate=2025-07-02, securityCode=000001, buyStatistics={transactionCount=0, totalUnits=0, t (truncated)...]
2025-07-02 01:11:42 - Using 'application/json', given [*/*] and supported [application/json, application/*+json]
2025-07-02 01:11:42 - Using 'application/json', given [*/*] and supported [application/json, application/*+json]
2025-07-02 01:11:42 - Writing [{data={transDate=2025-07-02, securityCode=000001, buyStatistics={transactionCount=0, totalUnits=0, t (truncated)...]
2025-07-02 01:11:42 - Writing [{data={transDate=2025-07-02, securityCode=000001, buyStatistics={transactionCount=0, totalUnits=0, t (truncated)...]
2025-07-02 01:11:42 - Using 'application/json', given [*/*] and supported [application/json, application/*+json]
2025-07-02 01:11:42 - Writing [{data={transDate=2025-07-02, securityCode=000001, buyStatistics={transactionCount=0, totalUnits=0, t (truncated)...]
2025-07-02 01:11:42 - Using 'application/json', given [*/*] and supported [application/json, application/*+json]
2025-07-02 01:11:42 - Writing [{data={transDate=2025-07-02, securityCode=000001, buyStatistics={transactionCount=0, totalUnits=0, t (truncated)...]
2025-07-02 01:11:42 - Using 'application/json', given [*/*] and supported [application/json, application/*+json]
2025-07-02 01:11:42 - Writing [{data={transDate=2025-07-02, securityCode=000001, buyStatistics={transactionCount=0, totalUnits=0, t (truncated)...]
2025-07-02 01:11:42 - Using 'application/json', given [*/*] and supported [application/json, application/*+json]
2025-07-02 01:11:42 - Writing [{data={transDate=2025-07-02, securityCode=000001, buyStatistics={transactionCount=0, totalUnits=0, t (truncated)...]
2025-07-02 01:11:42 - Using 'application/json', given [*/*] and supported [application/json, application/*+json]
2025-07-02 01:11:42 - Writing [{data={transDate=2025-07-02, securityCode=000001, buyStatistics={transactionCount=0, totalUnits=0, t (truncated)...]
2025-07-02 01:11:42 - Using 'application/json', given [*/*] and supported [application/json, application/*+json]
2025-07-02 01:11:42 - Writing [{data={transDate=2025-07-02, securityCode=000001, buyStatistics={transactionCount=0, totalUnits=0, t (truncated)...]
2025-07-02 01:11:42 - Using 'application/json', given [*/*] and supported [application/json, application/*+json]
2025-07-02 01:11:42 - Writing [{data={transDate=2025-07-02, securityCode=000001, buyStatistics={transactionCount=0, totalUnits=0, t (truncated)...]
2025-07-02 01:11:42 - Using 'application/json', given [*/*] and supported [application/json, application/*+json]
2025-07-02 01:11:42 - Writing [{data={transDate=2025-07-02, securityCode=000001, buyStatistics={transactionCount=0, totalUnits=0, t (truncated)...]
2025-07-02 01:11:42 - Using 'application/json', given [*/*] and supported [application/json, application/*+json]
2025-07-02 01:11:42 - Writing [{data={transDate=2025-07-02, securityCode=000001, buyStatistics={transactionCount=0, totalUnits=0, t (truncated)...]
2025-07-02 01:11:42 - Using 'application/json', given [*/*] and supported [application/json, application/*+json]
2025-07-02 01:11:42 - Using 'application/json', given [*/*] and supported [application/json, application/*+json]
2025-07-02 01:11:42 - Writing [{data={transDate=2025-07-02, securityCode=000001, buyStatistics={transactionCount=0, totalUnits=0, t (truncated)...]
2025-07-02 01:11:42 - Writing [{data={transDate=2025-07-02, securityCode=000001, buyStatistics={transactionCount=0, totalUnits=0, t (truncated)...]
2025-07-02 01:11:42 - Using 'application/json', given [*/*] and supported [application/json, application/*+json]
2025-07-02 01:11:42 - Using 'application/json', given [*/*] and supported [application/json, application/*+json]
2025-07-02 01:11:42 - Writing [{data={transDate=2025-07-02, securityCode=000001, buyStatistics={transactionCount=0, totalUnits=0, t (truncated)...]
2025-07-02 01:11:42 - Writing [{data={transDate=2025-07-02, securityCode=000001, buyStatistics={transactionCount=0, totalUnits=0, t (truncated)...]
2025-07-02 01:11:42 - Using 'application/json', given [*/*] and supported [application/json, application/*+json]
2025-07-02 01:11:42 - Writing [{data={transDate=2025-07-02, securityCode=000001, buyStatistics={transactionCount=0, totalUnits=0, t (truncated)...]
2025-07-02 01:11:42 - Using 'application/json', given [*/*] and supported [application/json, application/*+json]
2025-07-02 01:11:42 - Using 'application/json', given [*/*] and supported [application/json, application/*+json]
2025-07-02 01:11:42 - Writing [{data={transDate=2025-07-02, securityCode=000001, buyStatistics={transactionCount=0, totalUnits=0, t (truncated)...]
2025-07-02 01:11:42 - Writing [{data={transDate=2025-07-02, securityCode=000001, buyStatistics={transactionCount=0, totalUnits=0, t (truncated)...]
2025-07-02 01:11:42 - Using 'application/json', given [*/*] and supported [application/json, application/*+json]
2025-07-02 01:11:42 - Using 'application/json', given [*/*] and supported [application/json, application/*+json]
2025-07-02 01:11:42 - Writing [{data=[com.banking.dto.TransactionResponse@218e29e5, com.banking.dto.TransactionResponse@49ac6ac1, c (truncated)...]
2025-07-02 01:11:42 - Writing [{data={transDate=2025-07-02, securityCode=000001, buyStatistics={transactionCount=0, totalUnits=0, t (truncated)...]
2025-07-02 01:11:42 - Using 'application/json', given [*/*] and supported [application/json, application/*+json]
2025-07-02 01:11:42 - Writing [{data={transDate=2025-07-02, securityCode=000001, buyStatistics={transactionCount=0, totalUnits=0, t (truncated)...]
2025-07-02 01:11:42 - Using 'application/json', given [*/*] and supported [application/json, application/*+json]
2025-07-02 01:11:42 - Writing [{data={transDate=2025-07-02, securityCode=000001, buyStatistics={transactionCount=0, totalUnits=0, t (truncated)...]
2025-07-02 01:11:42 - Using 'application/json', given [*/*] and supported [application/json, application/*+json]
2025-07-02 01:11:42 - Using 'application/json', given [*/*] and supported [application/json, application/*+json]
2025-07-02 01:11:42 - Writing [{data={transDate=2025-07-02, securityCode=000001, buyStatistics={transactionCount=0, totalUnits=0, t (truncated)...]
2025-07-02 01:11:42 - Writing [{data={transDate=2025-07-02, securityCode=000001, buyStatistics={transactionCount=0, totalUnits=0, t (truncated)...]
2025-07-02 01:11:42 - Using 'application/json', given [*/*] and supported [application/json, application/*+json]
2025-07-02 01:11:42 - Writing [{data={transDate=2025-07-02, securityCode=000001, buyStatistics={transactionCount=0, totalUnits=0, t (truncated)...]
2025-07-02 01:11:42 - Mapped to com.banking.controller.TransactionController#getSecurityStatistics(String, String)
2025-07-02 01:11:42 - Using 'application/json', given [*/*] and supported [application/json, application/*+json]
2025-07-02 01:11:42 - Writing [{data={transDate=2025-07-02, securityCode=000001, buyStatistics={transactionCount=0, totalUnits=0, t (truncated)...]
2025-07-02 01:11:42 - Using 'application/json', given [*/*] and supported [application/json, application/*+json]
2025-07-02 01:11:42 - Writing [{data={transDate=2025-07-02, securityCode=000001, buyStatistics={transactionCount=0, totalUnits=0, t (truncated)...]
2025-07-02 01:11:42 - Using 'application/json', given [*/*] and supported [application/json, application/*+json]
2025-07-02 01:11:42 - Writing [{data=[com.banking.dto.TransactionResponse@45ce2502, com.banking.dto.TransactionResponse@3e3c470f, c (truncated)...]
2025-07-02 01:11:42 - Using 'application/json', given [*/*] and supported [application/json, application/*+json]
2025-07-02 01:11:42 - Using 'application/json', given [*/*] and supported [application/json, application/*+json]
2025-07-02 01:11:42 - Using 'application/json', given [*/*] and supported [application/json, application/*+json]
2025-07-02 01:11:42 - Using 'application/json', given [*/*] and supported [application/json, application/*+json]
2025-07-02 01:11:42 - Writing [{data={transDate=2025-07-02, securityCode=000001, buyStatistics={transactionCount=0, totalUnits=0, t (truncated)...]
2025-07-02 01:11:42 - Writing [{data=[com.banking.dto.TransactionResponse@25600f62, com.banking.dto.TransactionResponse@6ce664a0, c (truncated)...]
2025-07-02 01:11:42 - Writing [{data={transDate=2025-07-02, securityCode=000001, buyStatistics={transactionCount=0, totalUnits=0, t (truncated)...]
2025-07-02 01:11:42 - Writing [{data={transDate=2025-07-02, securityCode=000001, buyStatistics={transactionCount=0, totalUnits=0, t (truncated)...]
2025-07-02 01:11:42 - Using 'application/json', given [*/*] and supported [application/json, application/*+json]
2025-07-02 01:11:42 - Using 'application/json', given [*/*] and supported [application/json, application/*+json]
2025-07-02 01:11:42 - Writing [{data={transDate=2025-07-02, securityCode=000001, buyStatistics={transactionCount=0, totalUnits=0, t (truncated)...]
2025-07-02 01:11:42 - Writing [{data={transDate=2025-07-02, securityCode=000001, buyStatistics={transactionCount=0, totalUnits=0, t (truncated)...]
2025-07-02 01:11:42 - Mapped to com.banking.controller.TransactionController#getSecurityStatistics(String, String)
2025-07-02 01:11:42 - Using 'application/json', given [*/*] and supported [application/json, application/*+json]
2025-07-02 01:11:42 - Writing [{data={transDate=2025-07-02, securityCode=000001, buyStatistics={transactionCount=0, totalUnits=0, t (truncated)...]
2025-07-02 01:11:42 - Mapped to com.banking.controller.TransactionController#getSecurityStatistics(String, String)
2025-07-02 01:11:42 - Using 'application/json', given [*/*] and supported [application/json, application/*+json]
2025-07-02 01:11:42 - Writing [{data={transDate=2025-07-02, securityCode=000001, buyStatistics={transactionCount=0, totalUnits=0, t (truncated)...]
=== 并发读取测试结果 ===
并发用户数: 100
总耗时: 1407ms
平均每用户耗时: 14ms
]]></system-out>
    <system-err><![CDATA[WARNING: A Java agent has been loaded dynamically (C:\Users\JBY\.m2\repository\net\bytebuddy\byte-buddy-agent\1.14.10\byte-buddy-agent-1.14.10.jar)
WARNING: If a serviceability tool is in use, please run with -XX:+EnableDynamicAgentLoading to hide this warning
WARNING: If a serviceability tool is not in use, please run with -Djdk.instrument.traceUsage for more information
WARNING: Dynamic loading of agents will be disallowed by default in a future release
]]></system-err>
  </testcase>
  <testcase name="testConcurrentStockTransactionCreation" classname="com.banking.StressTest" time="1.001">
    <system-out><![CDATA[开始新的压力测试...
2025-07-02 01:11:42 - Mapped to com.banking.controller.TransactionController#getStatistics()
2025-07-02 01:11:42 - Using 'application/json', given [*/*] and supported [application/json, application/*+json]
2025-07-02 01:11:42 - Writing [{data={totalTransactions=50, transactionTypes=[Lcom.banking.model.TransactionType;@67ba1123}, succes (truncated)...]
2025-07-02 01:11:42 - Mapped to com.banking.controller.TransactionController#createTransaction(TransactionRequest)
2025-07-02 01:11:42 - Mapped to com.banking.controller.TransactionController#createTransaction(TransactionRequest)
2025-07-02 01:11:42 - Mapped to com.banking.controller.TransactionController#createTransaction(TransactionRequest)
2025-07-02 01:11:42 - Mapped to com.banking.controller.TransactionController#createTransaction(TransactionRequest)
2025-07-02 01:11:42 - Mapped to com.banking.controller.TransactionController#createTransaction(TransactionRequest)
2025-07-02 01:11:42 - Mapped to com.banking.controller.TransactionController#createTransaction(TransactionRequest)
2025-07-02 01:11:42 - Mapped to com.banking.controller.TransactionController#createTransaction(TransactionRequest)
2025-07-02 01:11:42 - Mapped to com.banking.controller.TransactionController#createTransaction(TransactionRequest)
2025-07-02 01:11:42 - Mapped to com.banking.controller.TransactionController#createTransaction(TransactionRequest)
2025-07-02 01:11:42 - Mapped to com.banking.controller.TransactionController#createTransaction(TransactionRequest)
2025-07-02 01:11:42 - Mapped to com.banking.controller.TransactionController#createTransaction(TransactionRequest)
2025-07-02 01:11:42 - Read "application/json;charset=UTF-8" to [com.banking.dto.TransactionRequest@7f8f80d2]
2025-07-02 01:11:42 - Read "application/json;charset=UTF-8" to [com.banking.dto.TransactionRequest@3849f734]
2025-07-02 01:11:42 - Mapped to com.banking.controller.TransactionController#createTransaction(TransactionRequest)
2025-07-02 01:11:42 - Mapped to com.banking.controller.TransactionController#createTransaction(TransactionRequest)
2025-07-02 01:11:42 - Read "application/json;charset=UTF-8" to [com.banking.dto.TransactionRequest@4aa45908]
2025-07-02 01:11:42 - Mapped to com.banking.controller.TransactionController#createTransaction(TransactionRequest)
2025-07-02 01:11:42 - Mapped to com.banking.controller.TransactionController#createTransaction(TransactionRequest)
2025-07-02 01:11:42 - Read "application/json;charset=UTF-8" to [com.banking.dto.TransactionRequest@38c3a3f4]
2025-07-02 01:11:42 - Read "application/json;charset=UTF-8" to [com.banking.dto.TransactionRequest@bb4d75a]
2025-07-02 01:11:42 - Read "application/json;charset=UTF-8" to [com.banking.dto.TransactionRequest@512b95db]
2025-07-02 01:11:42 - Read "application/json;charset=UTF-8" to [com.banking.dto.TransactionRequest@2e2a9c22]
2025-07-02 01:11:42 - Read "application/json;charset=UTF-8" to [com.banking.dto.TransactionRequest@5f4c2a95]
2025-07-02 01:11:42 - Read "application/json;charset=UTF-8" to [com.banking.dto.TransactionRequest@4701abee]
2025-07-02 01:11:42 - Read "application/json;charset=UTF-8" to [com.banking.dto.TransactionRequest@6c6c9ca0]
2025-07-02 01:11:42 - Read "application/json;charset=UTF-8" to [com.banking.dto.TransactionRequest@713991a8]
2025-07-02 01:11:42 - Read "application/json;charset=UTF-8" to [com.banking.dto.TransactionRequest@529b25d2]
2025-07-02 01:11:42 - Read "application/json;charset=UTF-8" to [com.banking.dto.TransactionRequest@69011f70]
2025-07-02 01:11:42 - Mapped to com.banking.controller.TransactionController#createTransaction(TransactionRequest)
2025-07-02 01:11:42 - Read "application/json;charset=UTF-8" to [com.banking.dto.TransactionRequest@4fe9640c]
2025-07-02 01:11:42 - Read "application/json;charset=UTF-8" to [com.banking.dto.TransactionRequest@7f9a2afc]
2025-07-02 01:11:42 - Mapped to com.banking.controller.TransactionController#createTransaction(TransactionRequest)
2025-07-02 01:11:42 - Read "application/json;charset=UTF-8" to [com.banking.dto.TransactionRequest@50b77e07]
2025-07-02 01:11:42 - Read "application/json;charset=UTF-8" to [com.banking.dto.TransactionRequest@748dcb41]
2025-07-02 01:11:42 - Mapped to com.banking.controller.TransactionController#createTransaction(TransactionRequest)
2025-07-02 01:11:42 - Mapped to com.banking.controller.TransactionController#createTransaction(TransactionRequest)
2025-07-02 01:11:42 - Mapped to com.banking.controller.TransactionController#createTransaction(TransactionRequest)
2025-07-02 01:11:42 - Mapped to com.banking.controller.TransactionController#createTransaction(TransactionRequest)
2025-07-02 01:11:42 - Mapped to com.banking.controller.TransactionController#createTransaction(TransactionRequest)
2025-07-02 01:11:42 - Mapped to com.banking.controller.TransactionController#createTransaction(TransactionRequest)
2025-07-02 01:11:42 - Mapped to com.banking.controller.TransactionController#createTransaction(TransactionRequest)
2025-07-02 01:11:42 - Mapped to com.banking.controller.TransactionController#createTransaction(TransactionRequest)
2025-07-02 01:11:42 - Mapped to com.banking.controller.TransactionController#createTransaction(TransactionRequest)
2025-07-02 01:11:42 - Read "application/json;charset=UTF-8" to [com.banking.dto.TransactionRequest@5967cd27]
2025-07-02 01:11:42 - Read "application/json;charset=UTF-8" to [com.banking.dto.TransactionRequest@1aeb3e9c]
2025-07-02 01:11:42 - Read "application/json;charset=UTF-8" to [com.banking.dto.TransactionRequest@4f5f62a1]
2025-07-02 01:11:42 - Read "application/json;charset=UTF-8" to [com.banking.dto.TransactionRequest@2501e4e5]
2025-07-02 01:11:42 - Read "application/json;charset=UTF-8" to [com.banking.dto.TransactionRequest@47e3250a]
2025-07-02 01:11:42 - Read "application/json;charset=UTF-8" to [com.banking.dto.TransactionRequest@7bd689da]
2025-07-02 01:11:42 - Read "application/json;charset=UTF-8" to [com.banking.dto.TransactionRequest@6b86cc1d]
2025-07-02 01:11:42 - Read "application/json;charset=UTF-8" to [com.banking.dto.TransactionRequest@6b687024]
2025-07-02 01:11:42 - Read "application/json;charset=UTF-8" to [com.banking.dto.TransactionRequest@1853f247]
2025-07-02 01:11:42 - Mapped to com.banking.controller.TransactionController#createTransaction(TransactionRequest)
2025-07-02 01:11:42 - Mapped to com.banking.controller.TransactionController#createTransaction(TransactionRequest)
2025-07-02 01:11:42 - Mapped to com.banking.controller.TransactionController#createTransaction(TransactionRequest)
2025-07-02 01:11:42 - Read "application/json;charset=UTF-8" to [com.banking.dto.TransactionRequest@3731f152]
2025-07-02 01:11:42 - Read "application/json;charset=UTF-8" to [com.banking.dto.TransactionRequest@63e512da]
2025-07-02 01:11:42 - Read "application/json;charset=UTF-8" to [com.banking.dto.TransactionRequest@762b06be]
2025-07-02 01:11:42 - Mapped to com.banking.controller.TransactionController#createTransaction(TransactionRequest)
2025-07-02 01:11:42 - Mapped to com.banking.controller.TransactionController#createTransaction(TransactionRequest)
2025-07-02 01:11:42 - Read "application/json;charset=UTF-8" to [com.banking.dto.TransactionRequest@3e6f8983]
2025-07-02 01:11:42 - Mapped to com.banking.controller.TransactionController#createTransaction(TransactionRequest)
2025-07-02 01:11:42 - Mapped to com.banking.controller.TransactionController#createTransaction(TransactionRequest)
2025-07-02 01:11:42 - Read "application/json;charset=UTF-8" to [com.banking.dto.TransactionRequest@66c66820]
2025-07-02 01:11:42 - Mapped to com.banking.controller.TransactionController#createTransaction(TransactionRequest)
2025-07-02 01:11:42 - Mapped to com.banking.controller.TransactionController#createTransaction(TransactionRequest)
2025-07-02 01:11:42 - Read "application/json;charset=UTF-8" to [com.banking.dto.TransactionRequest@225937f]
2025-07-02 01:11:42 - Read "application/json;charset=UTF-8" to [com.banking.dto.TransactionRequest@2a242b5e]
2025-07-02 01:11:42 - Read "application/json;charset=UTF-8" to [com.banking.dto.TransactionRequest@54d4fa95]
2025-07-02 01:11:42 - Mapped to com.banking.controller.TransactionController#createTransaction(TransactionRequest)
2025-07-02 01:11:42 - Read "application/json;charset=UTF-8" to [com.banking.dto.TransactionRequest@18d3cbf8]
2025-07-02 01:11:42 - Mapped to com.banking.controller.TransactionController#createTransaction(TransactionRequest)
2025-07-02 01:11:42 - Mapped to com.banking.controller.TransactionController#createTransaction(TransactionRequest)
2025-07-02 01:11:42 - Mapped to com.banking.controller.TransactionController#createTransaction(TransactionRequest)
2025-07-02 01:11:42 - Mapped to com.banking.controller.TransactionController#createTransaction(TransactionRequest)
2025-07-02 01:11:42 - Read "application/json;charset=UTF-8" to [com.banking.dto.TransactionRequest@481ec965]
2025-07-02 01:11:42 - Using 'application/json', given [*/*] and supported [application/json, application/*+json]
2025-07-02 01:11:42 - Using 'application/json', given [*/*] and supported [application/json, application/*+json]
2025-07-02 01:11:42 - Using 'application/json', given [*/*] and supported [application/json, application/*+json]
2025-07-02 01:11:42 - Using 'application/json', given [*/*] and supported [application/json, application/*+json]
2025-07-02 01:11:42 - Writing [{data=com.banking.dto.TransactionResponse@1e462ee4, success=true, message=交易创建成功}]
2025-07-02 01:11:42 - Writing [{data=com.banking.dto.TransactionResponse@47c8b1a9, success=true, message=交易创建成功}]
2025-07-02 01:11:42 - Writing [{data=com.banking.dto.TransactionResponse@5fe34aea, success=true, message=交易创建成功}]
2025-07-02 01:11:42 - Using 'application/json', given [*/*] and supported [application/json, application/*+json]
2025-07-02 01:11:42 - Writing [{data=com.banking.dto.TransactionResponse@35c40fe5, success=true, message=交易创建成功}]
2025-07-02 01:11:42 - Mapped to com.banking.controller.TransactionController#createTransaction(TransactionRequest)
2025-07-02 01:11:42 - Using 'application/json', given [*/*] and supported [application/json, application/*+json]
2025-07-02 01:11:42 - Using 'application/json', given [*/*] and supported [application/json, application/*+json]
2025-07-02 01:11:42 - Writing [{data=com.banking.dto.TransactionResponse@77bea7f1, success=true, message=交易创建成功}]
2025-07-02 01:11:42 - Writing [{data=com.banking.dto.TransactionResponse@7aac89be, success=true, message=交易创建成功}]
2025-07-02 01:11:42 - Read "application/json;charset=UTF-8" to [com.banking.dto.TransactionRequest@30285ae7]
2025-07-02 01:11:42 - Using 'application/json', given [*/*] and supported [application/json, application/*+json]
2025-07-02 01:11:42 - Read "application/json;charset=UTF-8" to [com.banking.dto.TransactionRequest@1a8e8bff]
2025-07-02 01:11:42 - Using 'application/json', given [*/*] and supported [application/json, application/*+json]
2025-07-02 01:11:42 - Using 'application/json', given [*/*] and supported [application/json, application/*+json]
2025-07-02 01:11:42 - Writing [{data=com.banking.dto.TransactionResponse@6f563793, success=true, message=交易创建成功}]
2025-07-02 01:11:42 - Writing [{data=com.banking.dto.TransactionResponse@3173ac6d, success=true, message=交易创建成功}]
2025-07-02 01:11:42 - Writing [{data=com.banking.dto.TransactionResponse@e6919e3, success=true, message=交易创建成功}]
2025-07-02 01:11:42 - Read "application/json;charset=UTF-8" to [com.banking.dto.TransactionRequest@52341e7a]
2025-07-02 01:11:42 - Writing [{data=com.banking.dto.TransactionResponse@7239bd6f, success=true, message=交易创建成功}]
2025-07-02 01:11:42 - Read "application/json;charset=UTF-8" to [com.banking.dto.TransactionRequest@73342079]
2025-07-02 01:11:42 - Mapped to com.banking.controller.TransactionController#createTransaction(TransactionRequest)
2025-07-02 01:11:42 - Mapped to com.banking.controller.TransactionController#createTransaction(TransactionRequest)
2025-07-02 01:11:42 - Mapped to com.banking.controller.TransactionController#createTransaction(TransactionRequest)
2025-07-02 01:11:42 - Mapped to com.banking.controller.TransactionController#createTransaction(TransactionRequest)
2025-07-02 01:11:42 - Mapped to com.banking.controller.TransactionController#createTransaction(TransactionRequest)
2025-07-02 01:11:42 - Read "application/json;charset=UTF-8" to [com.banking.dto.TransactionRequest@451a8feb]
2025-07-02 01:11:42 - Mapped to com.banking.controller.TransactionController#createTransaction(TransactionRequest)
2025-07-02 01:11:42 - Mapped to com.banking.controller.TransactionController#createTransaction(TransactionRequest)
2025-07-02 01:11:42 - Read "application/json;charset=UTF-8" to [com.banking.dto.TransactionRequest@4930501b]
2025-07-02 01:11:42 - Mapped to com.banking.controller.TransactionController#createTransaction(TransactionRequest)
2025-07-02 01:11:42 - Mapped to com.banking.controller.TransactionController#createTransaction(TransactionRequest)
2025-07-02 01:11:42 - Read "application/json;charset=UTF-8" to [com.banking.dto.TransactionRequest@b7612df]
2025-07-02 01:11:42 - Read "application/json;charset=UTF-8" to [com.banking.dto.TransactionRequest@646b0056]
2025-07-02 01:11:42 - Read "application/json;charset=UTF-8" to [com.banking.dto.TransactionRequest@5465d84e]
2025-07-02 01:11:42 - Read "application/json;charset=UTF-8" to [com.banking.dto.TransactionRequest@6c4e5d4b]
2025-07-02 01:11:42 - Mapped to com.banking.controller.TransactionController#createTransaction(TransactionRequest)
2025-07-02 01:11:42 - Mapped to com.banking.controller.TransactionController#createTransaction(TransactionRequest)
2025-07-02 01:11:42 - Read "application/json;charset=UTF-8" to [com.banking.dto.TransactionRequest@3f62127e]
2025-07-02 01:11:42 - Read "application/json;charset=UTF-8" to [com.banking.dto.TransactionRequest@6ff83373]
2025-07-02 01:11:42 - Read "application/json;charset=UTF-8" to [com.banking.dto.TransactionRequest@5ad34f9a]
2025-07-02 01:11:42 - Read "application/json;charset=UTF-8" to [com.banking.dto.TransactionRequest@2ee8fc21]
2025-07-02 01:11:42 - Using 'application/json', given [*/*] and supported [application/json, application/*+json]
2025-07-02 01:11:42 - Using 'application/json', given [*/*] and supported [application/json, application/*+json]
2025-07-02 01:11:42 - Using 'application/json', given [*/*] and supported [application/json, application/*+json]
2025-07-02 01:11:42 - Writing [{data=com.banking.dto.TransactionResponse@4a76ba9e, success=true, message=交易创建成功}]
2025-07-02 01:11:42 - Writing [{data=com.banking.dto.TransactionResponse@4f70d166, success=true, message=交易创建成功}]
2025-07-02 01:11:42 - Writing [{data=com.banking.dto.TransactionResponse@58f6a3, success=true, message=交易创建成功}]
2025-07-02 01:11:42 - Read "application/json;charset=UTF-8" to [com.banking.dto.TransactionRequest@1d9f2bf8]
2025-07-02 01:11:42 - Read "application/json;charset=UTF-8" to [com.banking.dto.TransactionRequest@7a10c51e]
2025-07-02 01:11:42 - Mapped to com.banking.controller.TransactionController#createTransaction(TransactionRequest)
2025-07-02 01:11:42 - Mapped to com.banking.controller.TransactionController#createTransaction(TransactionRequest)
2025-07-02 01:11:42 - Mapped to com.banking.controller.TransactionController#createTransaction(TransactionRequest)
2025-07-02 01:11:42 - Using 'application/json', given [*/*] and supported [application/json, application/*+json]
2025-07-02 01:11:42 - Writing [{data=com.banking.dto.TransactionResponse@28c8ee1e, success=true, message=交易创建成功}]
2025-07-02 01:11:42 - Read "application/json;charset=UTF-8" to [com.banking.dto.TransactionRequest@5dde2369]
2025-07-02 01:11:42 - Read "application/json;charset=UTF-8" to [com.banking.dto.TransactionRequest@625d4438]
2025-07-02 01:11:42 - Read "application/json;charset=UTF-8" to [com.banking.dto.TransactionRequest@13060ac7]
2025-07-02 01:11:42 - Mapped to com.banking.controller.TransactionController#createTransaction(TransactionRequest)
2025-07-02 01:11:42 - Using 'application/json', given [*/*] and supported [application/json, application/*+json]
2025-07-02 01:11:42 - Mapped to com.banking.controller.TransactionController#createTransaction(TransactionRequest)
2025-07-02 01:11:42 - Writing [{data=com.banking.dto.TransactionResponse@a259924, success=true, message=交易创建成功}]
2025-07-02 01:11:42 - Mapped to com.banking.controller.TransactionController#createTransaction(TransactionRequest)
2025-07-02 01:11:42 - Using 'application/json', given [*/*] and supported [application/json, application/*+json]
2025-07-02 01:11:42 - Using 'application/json', given [*/*] and supported [application/json, application/*+json]
2025-07-02 01:11:42 - Writing [{data=com.banking.dto.TransactionResponse@4c5d56ae, success=true, message=交易创建成功}]
2025-07-02 01:11:42 - Mapped to com.banking.controller.TransactionController#createTransaction(TransactionRequest)
2025-07-02 01:11:42 - Writing [{data=com.banking.dto.TransactionResponse@7d937012, success=true, message=交易创建成功}]
2025-07-02 01:11:42 - Read "application/json;charset=UTF-8" to [com.banking.dto.TransactionRequest@6f25dc6a]
2025-07-02 01:11:42 - Read "application/json;charset=UTF-8" to [com.banking.dto.TransactionRequest@f7232da]
2025-07-02 01:11:42 - Mapped to com.banking.controller.TransactionController#createTransaction(TransactionRequest)
2025-07-02 01:11:42 - Read "application/json;charset=UTF-8" to [com.banking.dto.TransactionRequest@209373c8]
2025-07-02 01:11:42 - Mapped to com.banking.controller.TransactionController#createTransaction(TransactionRequest)
2025-07-02 01:11:42 - Mapped to com.banking.controller.TransactionController#createTransaction(TransactionRequest)
2025-07-02 01:11:42 - Using 'application/json', given [*/*] and supported [application/json, application/*+json]
2025-07-02 01:11:42 - Using 'application/json', given [*/*] and supported [application/json, application/*+json]
2025-07-02 01:11:42 - Writing [{data=com.banking.dto.TransactionResponse@6a038d39, success=true, message=交易创建成功}]
2025-07-02 01:11:42 - Writing [{data=com.banking.dto.TransactionResponse@67e2e3e7, success=true, message=交易创建成功}]
2025-07-02 01:11:42 - Mapped to com.banking.controller.TransactionController#createTransaction(TransactionRequest)
2025-07-02 01:11:42 - Read "application/json;charset=UTF-8" to [com.banking.dto.TransactionRequest@7be0e5f9]
2025-07-02 01:11:42 - Read "application/json;charset=UTF-8" to [com.banking.dto.TransactionRequest@728ab52]
2025-07-02 01:11:42 - Read "application/json;charset=UTF-8" to [com.banking.dto.TransactionRequest@6d73f91c]
2025-07-02 01:11:42 - Read "application/json;charset=UTF-8" to [com.banking.dto.TransactionRequest@77c74f96]
2025-07-02 01:11:42 - Using 'application/json', given [*/*] and supported [application/json, application/*+json]
2025-07-02 01:11:42 - Writing [{data=com.banking.dto.TransactionResponse@77687499, success=true, message=交易创建成功}]
2025-07-02 01:11:42 - Read "application/json;charset=UTF-8" to [com.banking.dto.TransactionRequest@7477fc3f]
2025-07-02 01:11:42 - Using 'application/json', given [*/*] and supported [application/json, application/*+json]
2025-07-02 01:11:42 - Writing [{data=com.banking.dto.TransactionResponse@7f0747a2, success=true, message=交易创建成功}]
2025-07-02 01:11:42 - Using 'application/json', given [*/*] and supported [application/json, application/*+json]
2025-07-02 01:11:42 - Writing [{data=com.banking.dto.TransactionResponse@3a75fdf9, success=true, message=交易创建成功}]
2025-07-02 01:11:42 - Mapped to com.banking.controller.TransactionController#createTransaction(TransactionRequest)
2025-07-02 01:11:42 - Mapped to com.banking.controller.TransactionController#createTransaction(TransactionRequest)
2025-07-02 01:11:42 - Mapped to com.banking.controller.TransactionController#createTransaction(TransactionRequest)
2025-07-02 01:11:42 - Using 'application/json', given [*/*] and supported [application/json, application/*+json]
2025-07-02 01:11:42 - Writing [{data=com.banking.dto.TransactionResponse@2752fb9b, success=true, message=交易创建成功}]
2025-07-02 01:11:42 - Mapped to com.banking.controller.TransactionController#createTransaction(TransactionRequest)
2025-07-02 01:11:42 - Mapped to com.banking.controller.TransactionController#createTransaction(TransactionRequest)
2025-07-02 01:11:42 - Mapped to com.banking.controller.TransactionController#createTransaction(TransactionRequest)
2025-07-02 01:11:42 - Read "application/json;charset=UTF-8" to [com.banking.dto.TransactionRequest@51d18703]
2025-07-02 01:11:42 - Read "application/json;charset=UTF-8" to [com.banking.dto.TransactionRequest@62bfca3e]
2025-07-02 01:11:42 - Read "application/json;charset=UTF-8" to [com.banking.dto.TransactionRequest@7e140b46]
2025-07-02 01:11:42 - Mapped to com.banking.controller.TransactionController#createTransaction(TransactionRequest)
2025-07-02 01:11:42 - Read "application/json;charset=UTF-8" to [com.banking.dto.TransactionRequest@708ac7dc]
2025-07-02 01:11:42 - Mapped to com.banking.controller.TransactionController#createTransaction(TransactionRequest)
2025-07-02 01:11:42 - Read "application/json;charset=UTF-8" to [com.banking.dto.TransactionRequest@4683cda0]
2025-07-02 01:11:42 - Mapped to com.banking.controller.TransactionController#createTransaction(TransactionRequest)
2025-07-02 01:11:42 - Mapped to com.banking.controller.TransactionController#createTransaction(TransactionRequest)
2025-07-02 01:11:42 - Mapped to com.banking.controller.TransactionController#createTransaction(TransactionRequest)
2025-07-02 01:11:42 - Read "application/json;charset=UTF-8" to [com.banking.dto.TransactionRequest@974336b]
2025-07-02 01:11:42 - Mapped to com.banking.controller.TransactionController#createTransaction(TransactionRequest)
2025-07-02 01:11:42 - Read "application/json;charset=UTF-8" to [com.banking.dto.TransactionRequest@f7a0dc4]
2025-07-02 01:11:42 - Mapped to com.banking.controller.TransactionController#createTransaction(TransactionRequest)
2025-07-02 01:11:42 - Mapped to com.banking.controller.TransactionController#createTransaction(TransactionRequest)
2025-07-02 01:11:42 - Read "application/json;charset=UTF-8" to [com.banking.dto.TransactionRequest@12a3376]
2025-07-02 01:11:42 - Read "application/json;charset=UTF-8" to [com.banking.dto.TransactionRequest@75eb1667]
2025-07-02 01:11:42 - Read "application/json;charset=UTF-8" to [com.banking.dto.TransactionRequest@3fd2a1b6]
2025-07-02 01:11:42 - Read "application/json;charset=UTF-8" to [com.banking.dto.TransactionRequest@6a469213]
2025-07-02 01:11:42 - Read "application/json;charset=UTF-8" to [com.banking.dto.TransactionRequest@2a3de70b]
2025-07-02 01:11:42 - Read "application/json;charset=UTF-8" to [com.banking.dto.TransactionRequest@35fdc8e]
2025-07-02 01:11:42 - Read "application/json;charset=UTF-8" to [com.banking.dto.TransactionRequest@3c296921]
2025-07-02 01:11:42 - Using 'application/json', given [*/*] and supported [application/json, application/*+json]
2025-07-02 01:11:42 - Using 'application/json', given [*/*] and supported [application/json, application/*+json]
2025-07-02 01:11:42 - Using 'application/json', given [*/*] and supported [application/json, application/*+json]
2025-07-02 01:11:42 - Writing [{data=com.banking.dto.TransactionResponse@3d7132f9, success=true, message=交易创建成功}]
2025-07-02 01:11:42 - Using 'application/json', given [*/*] and supported [application/json, application/*+json]
2025-07-02 01:11:42 - Writing [{data=com.banking.dto.TransactionResponse@3b8e83a0, success=true, message=交易创建成功}]
2025-07-02 01:11:42 - Writing [{data=com.banking.dto.TransactionResponse@256e2df1, success=true, message=交易创建成功}]
2025-07-02 01:11:42 - Writing [{data=com.banking.dto.TransactionResponse@cc62cff, success=true, message=交易创建成功}]
2025-07-02 01:11:42 - Using 'application/json', given [*/*] and supported [application/json, application/*+json]
2025-07-02 01:11:42 - Using 'application/json', given [*/*] and supported [application/json, application/*+json]
2025-07-02 01:11:42 - Using 'application/json', given [*/*] and supported [application/json, application/*+json]
2025-07-02 01:11:42 - Writing [{data=com.banking.dto.TransactionResponse@2f3b10bf, success=true, message=交易创建成功}]
2025-07-02 01:11:42 - Using 'application/json', given [*/*] and supported [application/json, application/*+json]
2025-07-02 01:11:42 - Writing [{data=com.banking.dto.TransactionResponse@4bc8454a, success=true, message=交易创建成功}]
2025-07-02 01:11:42 - Writing [{data=com.banking.dto.TransactionResponse@3202ee41, success=true, message=交易创建成功}]
2025-07-02 01:11:42 - Writing [{data=com.banking.dto.TransactionResponse@2047a150, success=true, message=交易创建成功}]
2025-07-02 01:11:42 - Using 'application/json', given [*/*] and supported [application/json, application/*+json]
2025-07-02 01:11:42 - Using 'application/json', given [*/*] and supported [application/json, application/*+json]
2025-07-02 01:11:42 - Writing [{data=com.banking.dto.TransactionResponse@3474befe, success=true, message=交易创建成功}]
2025-07-02 01:11:42 - Writing [{data=com.banking.dto.TransactionResponse@1c615b2a, success=true, message=交易创建成功}]
2025-07-02 01:11:42 - Mapped to com.banking.controller.TransactionController#createTransaction(TransactionRequest)
2025-07-02 01:11:42 - Mapped to com.banking.controller.TransactionController#createTransaction(TransactionRequest)
2025-07-02 01:11:42 - Mapped to com.banking.controller.TransactionController#createTransaction(TransactionRequest)
2025-07-02 01:11:42 - Mapped to com.banking.controller.TransactionController#createTransaction(TransactionRequest)
2025-07-02 01:11:42 - Mapped to com.banking.controller.TransactionController#createTransaction(TransactionRequest)
2025-07-02 01:11:42 - Mapped to com.banking.controller.TransactionController#createTransaction(TransactionRequest)
2025-07-02 01:11:42 - Mapped to com.banking.controller.TransactionController#createTransaction(TransactionRequest)
2025-07-02 01:11:42 - Mapped to com.banking.controller.TransactionController#createTransaction(TransactionRequest)
2025-07-02 01:11:42 - Mapped to com.banking.controller.TransactionController#createTransaction(TransactionRequest)
2025-07-02 01:11:42 - Mapped to com.banking.controller.TransactionController#createTransaction(TransactionRequest)
2025-07-02 01:11:42 - Mapped to com.banking.controller.TransactionController#createTransaction(TransactionRequest)
2025-07-02 01:11:42 - Mapped to com.banking.controller.TransactionController#createTransaction(TransactionRequest)
2025-07-02 01:11:42 - Mapped to com.banking.controller.TransactionController#createTransaction(TransactionRequest)
2025-07-02 01:11:42 - Mapped to com.banking.controller.TransactionController#createTransaction(TransactionRequest)
2025-07-02 01:11:42 - Mapped to com.banking.controller.TransactionController#createTransaction(TransactionRequest)
2025-07-02 01:11:42 - Mapped to com.banking.controller.TransactionController#createTransaction(TransactionRequest)
2025-07-02 01:11:42 - Mapped to com.banking.controller.TransactionController#createTransaction(TransactionRequest)
2025-07-02 01:11:42 - Read "application/json;charset=UTF-8" to [com.banking.dto.TransactionRequest@27bb6fa7]
2025-07-02 01:11:42 - Read "application/json;charset=UTF-8" to [com.banking.dto.TransactionRequest@7d239b7b]
2025-07-02 01:11:42 - Read "application/json;charset=UTF-8" to [com.banking.dto.TransactionRequest@439aa631]
2025-07-02 01:11:42 - Mapped to com.banking.controller.TransactionController#createTransaction(TransactionRequest)
2025-07-02 01:11:42 - Read "application/json;charset=UTF-8" to [com.banking.dto.TransactionRequest@46b9d9e8]
2025-07-02 01:11:42 - Read "application/json;charset=UTF-8" to [com.banking.dto.TransactionRequest@126d7eb4]
2025-07-02 01:11:42 - Read "application/json;charset=UTF-8" to [com.banking.dto.TransactionRequest@5377485a]
2025-07-02 01:11:42 - Read "application/json;charset=UTF-8" to [com.banking.dto.TransactionRequest@6835193c]
2025-07-02 01:11:42 - Mapped to com.banking.controller.TransactionController#createTransaction(TransactionRequest)
2025-07-02 01:11:42 - Mapped to com.banking.controller.TransactionController#createTransaction(TransactionRequest)
2025-07-02 01:11:42 - Using 'application/json', given [*/*] and supported [application/json, application/*+json]
2025-07-02 01:11:42 - Using 'application/json', given [*/*] and supported [application/json, application/*+json]
2025-07-02 01:11:42 - Using 'application/json', given [*/*] and supported [application/json, application/*+json]
2025-07-02 01:11:42 - Writing [{data=com.banking.dto.TransactionResponse@5176298a, success=true, message=交易创建成功}]
2025-07-02 01:11:42 - Using 'application/json', given [*/*] and supported [application/json, application/*+json]
2025-07-02 01:11:42 - Read "application/json;charset=UTF-8" to [com.banking.dto.TransactionRequest@bd4cc0a]
2025-07-02 01:11:42 - Read "application/json;charset=UTF-8" to [com.banking.dto.TransactionRequest@26e2a56]
2025-07-02 01:11:42 - Using 'application/json', given [*/*] and supported [application/json, application/*+json]
2025-07-02 01:11:42 - Writing [{data=com.banking.dto.TransactionResponse@3282ce7a, success=true, message=交易创建成功}]
2025-07-02 01:11:42 - Read "application/json;charset=UTF-8" to [com.banking.dto.TransactionRequest@71f6780d]
2025-07-02 01:11:42 - Writing [{data=com.banking.dto.TransactionResponse@2cdee378, success=true, message=交易创建成功}]
2025-07-02 01:11:42 - Using 'application/json', given [*/*] and supported [application/json, application/*+json]
2025-07-02 01:11:42 - Using 'application/json', given [*/*] and supported [application/json, application/*+json]
2025-07-02 01:11:42 - Writing [{data=com.banking.dto.TransactionResponse@4a6688e1, success=true, message=交易创建成功}]
2025-07-02 01:11:42 - Writing [{data=com.banking.dto.TransactionResponse@1c5e6cb0, success=true, message=交易创建成功}]
2025-07-02 01:11:42 - Read "application/json;charset=UTF-8" to [com.banking.dto.TransactionRequest@44095506]
2025-07-02 01:11:42 - Read "application/json;charset=UTF-8" to [com.banking.dto.TransactionRequest@5354b994]
2025-07-02 01:11:42 - Read "application/json;charset=UTF-8" to [com.banking.dto.TransactionRequest@50cafbee]
2025-07-02 01:11:42 - Writing [{data=com.banking.dto.TransactionResponse@65a665ad, success=true, message=交易创建成功}]
2025-07-02 01:11:42 - Read "application/json;charset=UTF-8" to [com.banking.dto.TransactionRequest@7b5c6b95]
2025-07-02 01:11:42 - Read "application/json;charset=UTF-8" to [com.banking.dto.TransactionRequest@5e512bab]
2025-07-02 01:11:42 - Using 'application/json', given [*/*] and supported [application/json, application/*+json]
2025-07-02 01:11:42 - Read "application/json;charset=UTF-8" to [com.banking.dto.TransactionRequest@66aece8e]
2025-07-02 01:11:42 - Read "application/json;charset=UTF-8" to [com.banking.dto.TransactionRequest@64ebfa1b]
2025-07-02 01:11:42 - Writing [{data=com.banking.dto.TransactionResponse@d0a9987, success=true, message=交易创建成功}]
2025-07-02 01:11:42 - Writing [{data=com.banking.dto.TransactionResponse@5aa61a74, success=true, message=交易创建成功}]
2025-07-02 01:11:42 - Read "application/json;charset=UTF-8" to [com.banking.dto.TransactionRequest@53f36d11]
2025-07-02 01:11:42 - Read "application/json;charset=UTF-8" to [com.banking.dto.TransactionRequest@5750052d]
2025-07-02 01:11:42 - Using 'application/json', given [*/*] and supported [application/json, application/*+json]
2025-07-02 01:11:42 - Writing [{data=com.banking.dto.TransactionResponse@6a999f60, success=true, message=交易创建成功}]
2025-07-02 01:11:42 - Read "application/json;charset=UTF-8" to [com.banking.dto.TransactionRequest@49c060e3]
2025-07-02 01:11:42 - Mapped to com.banking.controller.TransactionController#createTransaction(TransactionRequest)
2025-07-02 01:11:42 - Mapped to com.banking.controller.TransactionController#createTransaction(TransactionRequest)
2025-07-02 01:11:42 - Mapped to com.banking.controller.TransactionController#createTransaction(TransactionRequest)
2025-07-02 01:11:42 - Mapped to com.banking.controller.TransactionController#createTransaction(TransactionRequest)
2025-07-02 01:11:42 - Mapped to com.banking.controller.TransactionController#createTransaction(TransactionRequest)
2025-07-02 01:11:42 - Mapped to com.banking.controller.TransactionController#createTransaction(TransactionRequest)
2025-07-02 01:11:42 - Read "application/json;charset=UTF-8" to [com.banking.dto.TransactionRequest@5668eb9a]
2025-07-02 01:11:42 - Read "application/json;charset=UTF-8" to [com.banking.dto.TransactionRequest@440fb16f]
2025-07-02 01:11:42 - Read "application/json;charset=UTF-8" to [com.banking.dto.TransactionRequest@6d45bf84]
2025-07-02 01:11:42 - Read "application/json;charset=UTF-8" to [com.banking.dto.TransactionRequest@15745200]
2025-07-02 01:11:42 - Read "application/json;charset=UTF-8" to [com.banking.dto.TransactionRequest@4c32b36a]
2025-07-02 01:11:42 - Using 'application/json', given [*/*] and supported [application/json, application/*+json]
2025-07-02 01:11:42 - Read "application/json;charset=UTF-8" to [com.banking.dto.TransactionRequest@5d6933]
2025-07-02 01:11:42 - Writing [{data=com.banking.dto.TransactionResponse@586d03a3, success=true, message=交易创建成功}]
2025-07-02 01:11:42 - Mapped to com.banking.controller.TransactionController#createTransaction(TransactionRequest)
2025-07-02 01:11:42 - Mapped to com.banking.controller.TransactionController#createTransaction(TransactionRequest)
2025-07-02 01:11:42 - Mapped to com.banking.controller.TransactionController#createTransaction(TransactionRequest)
2025-07-02 01:11:42 - Using 'application/json', given [*/*] and supported [application/json, application/*+json]
2025-07-02 01:11:42 - Using 'application/json', given [*/*] and supported [application/json, application/*+json]
2025-07-02 01:11:42 - Writing [{data=com.banking.dto.TransactionResponse@6838d739, success=true, message=交易创建成功}]
2025-07-02 01:11:42 - Writing [{data=com.banking.dto.TransactionResponse@4bed7058, success=true, message=交易创建成功}]
2025-07-02 01:11:42 - Using 'application/json', given [*/*] and supported [application/json, application/*+json]
2025-07-02 01:11:42 - Using 'application/json', given [*/*] and supported [application/json, application/*+json]
2025-07-02 01:11:42 - Using 'application/json', given [*/*] and supported [application/json, application/*+json]
2025-07-02 01:11:42 - Writing [{data=com.banking.dto.TransactionResponse@2657a4b3, success=true, message=交易创建成功}]
2025-07-02 01:11:42 - Writing [{data=com.banking.dto.TransactionResponse@23c65a17, success=true, message=交易创建成功}]
2025-07-02 01:11:42 - Writing [{data=com.banking.dto.TransactionResponse@71af073d, success=true, message=交易创建成功}]
2025-07-02 01:11:42 - Mapped to com.banking.controller.TransactionController#createTransaction(TransactionRequest)
2025-07-02 01:11:42 - Read "application/json;charset=UTF-8" to [com.banking.dto.TransactionRequest@4133d242]
2025-07-02 01:11:42 - Read "application/json;charset=UTF-8" to [com.banking.dto.TransactionRequest@3d8fe3f4]
2025-07-02 01:11:42 - Using 'application/json', given [*/*] and supported [application/json, application/*+json]
2025-07-02 01:11:42 - Using 'application/json', given [*/*] and supported [application/json, application/*+json]
2025-07-02 01:11:42 - Using 'application/json', given [*/*] and supported [application/json, application/*+json]
2025-07-02 01:11:42 - Writing [{data=com.banking.dto.TransactionResponse@473da4c4, success=true, message=交易创建成功}]
2025-07-02 01:11:42 - Mapped to com.banking.controller.TransactionController#createTransaction(TransactionRequest)
2025-07-02 01:11:42 - Using 'application/json', given [*/*] and supported [application/json, application/*+json]
2025-07-02 01:11:42 - Writing [{data=com.banking.dto.TransactionResponse@49e8c8cc, success=true, message=交易创建成功}]
2025-07-02 01:11:42 - Writing [{data=com.banking.dto.TransactionResponse@347dec65, success=true, message=交易创建成功}]
2025-07-02 01:11:42 - Writing [{data=com.banking.dto.TransactionResponse@4a64309f, success=true, message=交易创建成功}]
2025-07-02 01:11:42 - Read "application/json;charset=UTF-8" to [com.banking.dto.TransactionRequest@6b932dfc]
2025-07-02 01:11:42 - Mapped to com.banking.controller.TransactionController#createTransaction(TransactionRequest)
2025-07-02 01:11:42 - Mapped to com.banking.controller.TransactionController#createTransaction(TransactionRequest)
2025-07-02 01:11:42 - Mapped to com.banking.controller.TransactionController#createTransaction(TransactionRequest)
2025-07-02 01:11:42 - Mapped to com.banking.controller.TransactionController#createTransaction(TransactionRequest)
2025-07-02 01:11:42 - Read "application/json;charset=UTF-8" to [com.banking.dto.TransactionRequest@107838]
2025-07-02 01:11:42 - Mapped to com.banking.controller.TransactionController#createTransaction(TransactionRequest)
2025-07-02 01:11:42 - Mapped to com.banking.controller.TransactionController#createTransaction(TransactionRequest)
2025-07-02 01:11:42 - Mapped to com.banking.controller.TransactionController#createTransaction(TransactionRequest)
2025-07-02 01:11:42 - Mapped to com.banking.controller.TransactionController#createTransaction(TransactionRequest)
2025-07-02 01:11:42 - Read "application/json;charset=UTF-8" to [com.banking.dto.TransactionRequest@563f6196]
2025-07-02 01:11:42 - Read "application/json;charset=UTF-8" to [com.banking.dto.TransactionRequest@559a04a9]
2025-07-02 01:11:42 - Read "application/json;charset=UTF-8" to [com.banking.dto.TransactionRequest@32dce4e]
2025-07-02 01:11:42 - Mapped to com.banking.controller.TransactionController#createTransaction(TransactionRequest)
2025-07-02 01:11:42 - Read "application/json;charset=UTF-8" to [com.banking.dto.TransactionRequest@102405a9]
2025-07-02 01:11:42 - Read "application/json;charset=UTF-8" to [com.banking.dto.TransactionRequest@1975e5cf]
2025-07-02 01:11:42 - Read "application/json;charset=UTF-8" to [com.banking.dto.TransactionRequest@41374ce2]
2025-07-02 01:11:42 - Read "application/json;charset=UTF-8" to [com.banking.dto.TransactionRequest@515aa2fe]
2025-07-02 01:11:42 - Mapped to com.banking.controller.TransactionController#createTransaction(TransactionRequest)
2025-07-02 01:11:42 - Mapped to com.banking.controller.TransactionController#createTransaction(TransactionRequest)
2025-07-02 01:11:42 - Mapped to com.banking.controller.TransactionController#createTransaction(TransactionRequest)
2025-07-02 01:11:42 - Read "application/json;charset=UTF-8" to [com.banking.dto.TransactionRequest@1fd0eafb]
2025-07-02 01:11:42 - Mapped to com.banking.controller.TransactionController#createTransaction(TransactionRequest)
2025-07-02 01:11:42 - Read "application/json;charset=UTF-8" to [com.banking.dto.TransactionRequest@121922fc]
2025-07-02 01:11:42 - Read "application/json;charset=UTF-8" to [com.banking.dto.TransactionRequest@6d4221bc]
2025-07-02 01:11:42 - Read "application/json;charset=UTF-8" to [com.banking.dto.TransactionRequest@3fb714b0]
2025-07-02 01:11:42 - Read "application/json;charset=UTF-8" to [com.banking.dto.TransactionRequest@2db28ea8]
2025-07-02 01:11:42 - Read "application/json;charset=UTF-8" to [com.banking.dto.TransactionRequest@215ccc82]
2025-07-02 01:11:42 - Read "application/json;charset=UTF-8" to [com.banking.dto.TransactionRequest@6046e23e]
2025-07-02 01:11:42 - Mapped to com.banking.controller.TransactionController#createTransaction(TransactionRequest)
2025-07-02 01:11:42 - Using 'application/json', given [*/*] and supported [application/json, application/*+json]
2025-07-02 01:11:42 - Using 'application/json', given [*/*] and supported [application/json, application/*+json]
2025-07-02 01:11:42 - Using 'application/json', given [*/*] and supported [application/json, application/*+json]
2025-07-02 01:11:42 - Using 'application/json', given [*/*] and supported [application/json, application/*+json]
2025-07-02 01:11:42 - Using 'application/json', given [*/*] and supported [application/json, application/*+json]
2025-07-02 01:11:42 - Using 'application/json', given [*/*] and supported [application/json, application/*+json]
2025-07-02 01:11:42 - Writing [{data=com.banking.dto.TransactionResponse@300167d6, success=true, message=交易创建成功}]
2025-07-02 01:11:42 - Writing [{data=com.banking.dto.TransactionResponse@564bab24, success=true, message=交易创建成功}]
2025-07-02 01:11:42 - Writing [{data=com.banking.dto.TransactionResponse@2dddb6c7, success=true, message=交易创建成功}]
2025-07-02 01:11:42 - Mapped to com.banking.controller.TransactionController#createTransaction(TransactionRequest)
2025-07-02 01:11:42 - Writing [{data=com.banking.dto.TransactionResponse@c696b09, success=true, message=交易创建成功}]
2025-07-02 01:11:42 - Writing [{data=com.banking.dto.TransactionResponse@77db12e3, success=true, message=交易创建成功}]
2025-07-02 01:11:42 - Mapped to com.banking.controller.TransactionController#createTransaction(TransactionRequest)
2025-07-02 01:11:42 - Read "application/json;charset=UTF-8" to [com.banking.dto.TransactionRequest@7176d182]
2025-07-02 01:11:42 - Writing [{data=com.banking.dto.TransactionResponse@23a6aba6, success=true, message=交易创建成功}]
2025-07-02 01:11:42 - Using 'application/json', given [*/*] and supported [application/json, application/*+json]
2025-07-02 01:11:42 - Mapped to com.banking.controller.TransactionController#createTransaction(TransactionRequest)
2025-07-02 01:11:42 - Writing [{data=com.banking.dto.TransactionResponse@1fb702d3, success=true, message=交易创建成功}]
2025-07-02 01:11:42 - Using 'application/json', given [*/*] and supported [application/json, application/*+json]
2025-07-02 01:11:42 - Using 'application/json', given [*/*] and supported [application/json, application/*+json]
2025-07-02 01:11:42 - Writing [{data=com.banking.dto.TransactionResponse@60cec71a, success=true, message=交易创建成功}]
2025-07-02 01:11:42 - Writing [{data=com.banking.dto.TransactionResponse@4879a5d7, success=true, message=交易创建成功}]
2025-07-02 01:11:42 - Read "application/json;charset=UTF-8" to [com.banking.dto.TransactionRequest@54097bd8]
2025-07-02 01:11:42 - Using 'application/json', given [*/*] and supported [application/json, application/*+json]
2025-07-02 01:11:42 - Writing [{data=com.banking.dto.TransactionResponse@75332ea2, success=true, message=交易创建成功}]
2025-07-02 01:11:42 - Mapped to com.banking.controller.TransactionController#createTransaction(TransactionRequest)
2025-07-02 01:11:42 - Mapped to com.banking.controller.TransactionController#createTransaction(TransactionRequest)
2025-07-02 01:11:42 - Mapped to com.banking.controller.TransactionController#createTransaction(TransactionRequest)
2025-07-02 01:11:42 - Read "application/json;charset=UTF-8" to [com.banking.dto.TransactionRequest@7bad7751]
2025-07-02 01:11:42 - Mapped to com.banking.controller.TransactionController#createTransaction(TransactionRequest)
2025-07-02 01:11:42 - Mapped to com.banking.controller.TransactionController#createTransaction(TransactionRequest)
2025-07-02 01:11:42 - Mapped to com.banking.controller.TransactionController#createTransaction(TransactionRequest)
2025-07-02 01:11:42 - Mapped to com.banking.controller.TransactionController#createTransaction(TransactionRequest)
2025-07-02 01:11:42 - Read "application/json;charset=UTF-8" to [com.banking.dto.TransactionRequest@17bb202e]
2025-07-02 01:11:42 - Mapped to com.banking.controller.TransactionController#createTransaction(TransactionRequest)
2025-07-02 01:11:42 - Read "application/json;charset=UTF-8" to [com.banking.dto.TransactionRequest@482f34a0]
2025-07-02 01:11:42 - Read "application/json;charset=UTF-8" to [com.banking.dto.TransactionRequest@227404a5]
2025-07-02 01:11:42 - Read "application/json;charset=UTF-8" to [com.banking.dto.TransactionRequest@7e1ffb9d]
2025-07-02 01:11:42 - Read "application/json;charset=UTF-8" to [com.banking.dto.TransactionRequest@7c3ba48f]
2025-07-02 01:11:42 - Mapped to com.banking.controller.TransactionController#createTransaction(TransactionRequest)
2025-07-02 01:11:42 - Read "application/json;charset=UTF-8" to [com.banking.dto.TransactionRequest@75cca67c]
2025-07-02 01:11:42 - Mapped to com.banking.controller.TransactionController#createTransaction(TransactionRequest)
2025-07-02 01:11:42 - Read "application/json;charset=UTF-8" to [com.banking.dto.TransactionRequest@37452bbe]
2025-07-02 01:11:42 - Mapped to com.banking.controller.TransactionController#createTransaction(TransactionRequest)
2025-07-02 01:11:42 - Read "application/json;charset=UTF-8" to [com.banking.dto.TransactionRequest@4539b536]
2025-07-02 01:11:42 - Read "application/json;charset=UTF-8" to [com.banking.dto.TransactionRequest@2cb32663]
2025-07-02 01:11:42 - Read "application/json;charset=UTF-8" to [com.banking.dto.TransactionRequest@365a2106]
2025-07-02 01:11:42 - Read "application/json;charset=UTF-8" to [com.banking.dto.TransactionRequest@37351cd0]
2025-07-02 01:11:42 - Read "application/json;charset=UTF-8" to [com.banking.dto.TransactionRequest@23a237fd]
2025-07-02 01:11:42 - Mapped to com.banking.controller.TransactionController#createTransaction(TransactionRequest)
2025-07-02 01:11:42 - Using 'application/json', given [*/*] and supported [application/json, application/*+json]
2025-07-02 01:11:42 - Using 'application/json', given [*/*] and supported [application/json, application/*+json]
2025-07-02 01:11:42 - Using 'application/json', given [*/*] and supported [application/json, application/*+json]
2025-07-02 01:11:42 - Writing [{data=com.banking.dto.TransactionResponse@6f5d54f3, success=true, message=交易创建成功}]
2025-07-02 01:11:42 - Writing [{data=com.banking.dto.TransactionResponse@f36edd2, success=true, message=交易创建成功}]
2025-07-02 01:11:42 - Using 'application/json', given [*/*] and supported [application/json, application/*+json]
2025-07-02 01:11:42 - Writing [{data=com.banking.dto.TransactionResponse@454b78ea, success=true, message=交易创建成功}]
2025-07-02 01:11:42 - Writing [{data=com.banking.dto.TransactionResponse@46858be1, success=true, message=交易创建成功}]
2025-07-02 01:11:42 - Read "application/json;charset=UTF-8" to [com.banking.dto.TransactionRequest@3ba3ec7c]
2025-07-02 01:11:42 - Using 'application/json', given [*/*] and supported [application/json, application/*+json]
2025-07-02 01:11:42 - Using 'application/json', given [*/*] and supported [application/json, application/*+json]
2025-07-02 01:11:42 - Writing [{data=com.banking.dto.TransactionResponse@db4eea4, success=true, message=交易创建成功}]
2025-07-02 01:11:42 - Writing [{data=com.banking.dto.TransactionResponse@3260e4bd, success=true, message=交易创建成功}]
2025-07-02 01:11:42 - Using 'application/json', given [*/*] and supported [application/json, application/*+json]
2025-07-02 01:11:42 - Writing [{data=com.banking.dto.TransactionResponse@663cf710, success=true, message=交易创建成功}]
2025-07-02 01:11:42 - Using 'application/json', given [*/*] and supported [application/json, application/*+json]
2025-07-02 01:11:42 - Writing [{data=com.banking.dto.TransactionResponse@24418569, success=true, message=交易创建成功}]
2025-07-02 01:11:42 - Mapped to com.banking.controller.TransactionController#createTransaction(TransactionRequest)
2025-07-02 01:11:42 - Mapped to com.banking.controller.TransactionController#createTransaction(TransactionRequest)
2025-07-02 01:11:42 - Using 'application/json', given [*/*] and supported [application/json, application/*+json]
2025-07-02 01:11:42 - Read "application/json;charset=UTF-8" to [com.banking.dto.TransactionRequest@3ab91cf4]
2025-07-02 01:11:42 - Mapped to com.banking.controller.TransactionController#createTransaction(TransactionRequest)
2025-07-02 01:11:42 - Mapped to com.banking.controller.TransactionController#createTransaction(TransactionRequest)
2025-07-02 01:11:42 - Read "application/json;charset=UTF-8" to [com.banking.dto.TransactionRequest@9249777]
2025-07-02 01:11:42 - Mapped to com.banking.controller.TransactionController#createTransaction(TransactionRequest)
2025-07-02 01:11:42 - Mapped to com.banking.controller.TransactionController#createTransaction(TransactionRequest)
2025-07-02 01:11:42 - Mapped to com.banking.controller.TransactionController#createTransaction(TransactionRequest)
2025-07-02 01:11:42 - Mapped to com.banking.controller.TransactionController#createTransaction(TransactionRequest)
2025-07-02 01:11:42 - Using 'application/json', given [*/*] and supported [application/json, application/*+json]
2025-07-02 01:11:42 - Mapped to com.banking.controller.TransactionController#createTransaction(TransactionRequest)
2025-07-02 01:11:42 - Writing [{data=com.banking.dto.TransactionResponse@7c2ea4e1, success=true, message=交易创建成功}]
2025-07-02 01:11:42 - Mapped to com.banking.controller.TransactionController#createTransaction(TransactionRequest)
2025-07-02 01:11:42 - Writing [{data=com.banking.dto.TransactionResponse@63745a04, success=true, message=交易创建成功}]
2025-07-02 01:11:42 - Using 'application/json', given [*/*] and supported [application/json, application/*+json]
2025-07-02 01:11:42 - Mapped to com.banking.controller.TransactionController#createTransaction(TransactionRequest)
2025-07-02 01:11:42 - Using 'application/json', given [*/*] and supported [application/json, application/*+json]
2025-07-02 01:11:42 - Mapped to com.banking.controller.TransactionController#createTransaction(TransactionRequest)
2025-07-02 01:11:42 - Writing [{data=com.banking.dto.TransactionResponse@486f9f0f, success=true, message=交易创建成功}]
2025-07-02 01:11:42 - Using 'application/json', given [*/*] and supported [application/json, application/*+json]
2025-07-02 01:11:42 - Using 'application/json', given [*/*] and supported [application/json, application/*+json]
2025-07-02 01:11:42 - Writing [{data=com.banking.dto.TransactionResponse@762c7260, success=true, message=交易创建成功}]
2025-07-02 01:11:42 - Writing [{data=com.banking.dto.TransactionResponse@2518dbe2, success=true, message=交易创建成功}]
2025-07-02 01:11:42 - Read "application/json;charset=UTF-8" to [com.banking.dto.TransactionRequest@75a278f8]
2025-07-02 01:11:42 - Read "application/json;charset=UTF-8" to [com.banking.dto.TransactionRequest@3ea123be]
2025-07-02 01:11:42 - Read "application/json;charset=UTF-8" to [com.banking.dto.TransactionRequest@47e0c4bf]
2025-07-02 01:11:42 - Read "application/json;charset=UTF-8" to [com.banking.dto.TransactionRequest@1b33072b]
2025-07-02 01:11:42 - Read "application/json;charset=UTF-8" to [com.banking.dto.TransactionRequest@19d42224]
2025-07-02 01:11:42 - Read "application/json;charset=UTF-8" to [com.banking.dto.TransactionRequest@2c289ad0]
2025-07-02 01:11:42 - Mapped to com.banking.controller.TransactionController#createTransaction(TransactionRequest)
2025-07-02 01:11:42 - Read "application/json;charset=UTF-8" to [com.banking.dto.TransactionRequest@9bbc2e5]
2025-07-02 01:11:42 - Read "application/json;charset=UTF-8" to [com.banking.dto.TransactionRequest@55d60f99]
2025-07-02 01:11:42 - Mapped to com.banking.controller.TransactionController#createTransaction(TransactionRequest)
2025-07-02 01:11:42 - Mapped to com.banking.controller.TransactionController#createTransaction(TransactionRequest)
2025-07-02 01:11:42 - Mapped to com.banking.controller.TransactionController#createTransaction(TransactionRequest)
2025-07-02 01:11:42 - Using 'application/json', given [*/*] and supported [application/json, application/*+json]
2025-07-02 01:11:42 - Mapped to com.banking.controller.TransactionController#createTransaction(TransactionRequest)
2025-07-02 01:11:42 - Writing [{data=com.banking.dto.TransactionResponse@220410c3, success=true, message=交易创建成功}]
2025-07-02 01:11:42 - Mapped to com.banking.controller.TransactionController#createTransaction(TransactionRequest)
2025-07-02 01:11:42 - Writing [{data=com.banking.dto.TransactionResponse@3a343e1d, success=true, message=交易创建成功}]
2025-07-02 01:11:42 - Read "application/json;charset=UTF-8" to [com.banking.dto.TransactionRequest@1aba328]
2025-07-02 01:11:42 - Using 'application/json', given [*/*] and supported [application/json, application/*+json]
2025-07-02 01:11:42 - Read "application/json;charset=UTF-8" to [com.banking.dto.TransactionRequest@76f0eb7]
2025-07-02 01:11:42 - Using 'application/json', given [*/*] and supported [application/json, application/*+json]
2025-07-02 01:11:42 - Read "application/json;charset=UTF-8" to [com.banking.dto.TransactionRequest@440ed557]
2025-07-02 01:11:42 - Read "application/json;charset=UTF-8" to [com.banking.dto.TransactionRequest@15f564e4]
2025-07-02 01:11:42 - Using 'application/json', given [*/*] and supported [application/json, application/*+json]
2025-07-02 01:11:42 - Writing [{data=com.banking.dto.TransactionResponse@562f1cd4, success=true, message=交易创建成功}]
2025-07-02 01:11:42 - Mapped to com.banking.controller.TransactionController#createTransaction(TransactionRequest)
2025-07-02 01:11:42 - Mapped to com.banking.controller.TransactionController#createTransaction(TransactionRequest)
2025-07-02 01:11:42 - Read "application/json;charset=UTF-8" to [com.banking.dto.TransactionRequest@42a87ef6]
2025-07-02 01:11:42 - Read "application/json;charset=UTF-8" to [com.banking.dto.TransactionRequest@43b50c73]
2025-07-02 01:11:42 - Writing [{data=com.banking.dto.TransactionResponse@62a08b71, success=true, message=交易创建成功}]
2025-07-02 01:11:42 - Read "application/json;charset=UTF-8" to [com.banking.dto.TransactionRequest@75f143f5]
2025-07-02 01:11:42 - Read "application/json;charset=UTF-8" to [com.banking.dto.TransactionRequest@f61edf1]
2025-07-02 01:11:42 - Writing [{data=com.banking.dto.TransactionResponse@271dec51, success=true, message=交易创建成功}]
2025-07-02 01:11:42 - Mapped to com.banking.controller.TransactionController#createTransaction(TransactionRequest)
2025-07-02 01:11:42 - Mapped to com.banking.controller.TransactionController#createTransaction(TransactionRequest)
2025-07-02 01:11:42 - Read "application/json;charset=UTF-8" to [com.banking.dto.TransactionRequest@23df94f1]
2025-07-02 01:11:42 - Read "application/json;charset=UTF-8" to [com.banking.dto.TransactionRequest@12a40009]
2025-07-02 01:11:42 - Mapped to com.banking.controller.TransactionController#createTransaction(TransactionRequest)
2025-07-02 01:11:42 - Mapped to com.banking.controller.TransactionController#createTransaction(TransactionRequest)
2025-07-02 01:11:42 - Mapped to com.banking.controller.TransactionController#createTransaction(TransactionRequest)
2025-07-02 01:11:42 - Read "application/json;charset=UTF-8" to [com.banking.dto.TransactionRequest@5c962a3]
2025-07-02 01:11:42 - Read "application/json;charset=UTF-8" to [com.banking.dto.TransactionRequest@3cf14c37]
2025-07-02 01:11:42 - Mapped to com.banking.controller.TransactionController#createTransaction(TransactionRequest)
2025-07-02 01:11:42 - Read "application/json;charset=UTF-8" to [com.banking.dto.TransactionRequest@542a1823]
2025-07-02 01:11:42 - Read "application/json;charset=UTF-8" to [com.banking.dto.TransactionRequest@5cf71e25]
2025-07-02 01:11:42 - Read "application/json;charset=UTF-8" to [com.banking.dto.TransactionRequest@405479c9]
2025-07-02 01:11:42 - Read "application/json;charset=UTF-8" to [com.banking.dto.TransactionRequest@56308c1d]
2025-07-02 01:11:42 - Using 'application/json', given [*/*] and supported [application/json, application/*+json]
2025-07-02 01:11:42 - Using 'application/json', given [*/*] and supported [application/json, application/*+json]
2025-07-02 01:11:42 - Using 'application/json', given [*/*] and supported [application/json, application/*+json]
2025-07-02 01:11:42 - Using 'application/json', given [*/*] and supported [application/json, application/*+json]
2025-07-02 01:11:42 - Writing [{data=com.banking.dto.TransactionResponse@61275099, success=true, message=交易创建成功}]
2025-07-02 01:11:42 - Writing [{data=com.banking.dto.TransactionResponse@df038a4, success=true, message=交易创建成功}]
2025-07-02 01:11:42 - Writing [{data=com.banking.dto.TransactionResponse@37a50f08, success=true, message=交易创建成功}]
2025-07-02 01:11:42 - Writing [{data=com.banking.dto.TransactionResponse@5cfa38b7, success=true, message=交易创建成功}]
2025-07-02 01:11:42 - Mapped to com.banking.controller.TransactionController#createTransaction(TransactionRequest)
2025-07-02 01:11:42 - Using 'application/json', given [*/*] and supported [application/json, application/*+json]
2025-07-02 01:11:42 - Mapped to com.banking.controller.TransactionController#createTransaction(TransactionRequest)
2025-07-02 01:11:42 - Writing [{data=com.banking.dto.TransactionResponse@3bdaaf59, success=true, message=交易创建成功}]
2025-07-02 01:11:42 - Mapped to com.banking.controller.TransactionController#createTransaction(TransactionRequest)
2025-07-02 01:11:42 - Mapped to com.banking.controller.TransactionController#createTransaction(TransactionRequest)
2025-07-02 01:11:42 - Read "application/json;charset=UTF-8" to [com.banking.dto.TransactionRequest@34f45a87]
2025-07-02 01:11:42 - Using 'application/json', given [*/*] and supported [application/json, application/*+json]
2025-07-02 01:11:42 - Writing [{data=com.banking.dto.TransactionResponse@3be5affe, success=true, message=交易创建成功}]
2025-07-02 01:11:42 - Mapped to com.banking.controller.TransactionController#createTransaction(TransactionRequest)
2025-07-02 01:11:42 - Read "application/json;charset=UTF-8" to [com.banking.dto.TransactionRequest@1be4e655]
2025-07-02 01:11:42 - Read "application/json;charset=UTF-8" to [com.banking.dto.TransactionRequest@6a60b6d6]
2025-07-02 01:11:42 - Read "application/json;charset=UTF-8" to [com.banking.dto.TransactionRequest@c830310]
2025-07-02 01:11:42 - Using 'application/json', given [*/*] and supported [application/json, application/*+json]
2025-07-02 01:11:42 - Using 'application/json', given [*/*] and supported [application/json, application/*+json]
2025-07-02 01:11:42 - Writing [{data=com.banking.dto.TransactionResponse@50a5e38c, success=true, message=交易创建成功}]
2025-07-02 01:11:42 - Read "application/json;charset=UTF-8" to [com.banking.dto.TransactionRequest@4f1ad88a]
2025-07-02 01:11:42 - Writing [{data=com.banking.dto.TransactionResponse@75c9f302, success=true, message=交易创建成功}]
2025-07-02 01:11:42 - Mapped to com.banking.controller.TransactionController#createTransaction(TransactionRequest)
2025-07-02 01:11:42 - Mapped to com.banking.controller.TransactionController#createTransaction(TransactionRequest)
2025-07-02 01:11:42 - Mapped to com.banking.controller.TransactionController#createTransaction(TransactionRequest)
2025-07-02 01:11:42 - Mapped to com.banking.controller.TransactionController#createTransaction(TransactionRequest)
2025-07-02 01:11:42 - Read "application/json;charset=UTF-8" to [com.banking.dto.TransactionRequest@521c9324]
2025-07-02 01:11:42 - Using 'application/json', given [*/*] and supported [application/json, application/*+json]
2025-07-02 01:11:42 - Read "application/json;charset=UTF-8" to [com.banking.dto.TransactionRequest@27d2f9b0]
2025-07-02 01:11:42 - Writing [{data=com.banking.dto.TransactionResponse@507a64c1, success=true, message=交易创建成功}]
2025-07-02 01:11:42 - Read "application/json;charset=UTF-8" to [com.banking.dto.TransactionRequest@556c8d96]
2025-07-02 01:11:42 - Using 'application/json', given [*/*] and supported [application/json, application/*+json]
2025-07-02 01:11:42 - Mapped to com.banking.controller.TransactionController#createTransaction(TransactionRequest)
2025-07-02 01:11:42 - Using 'application/json', given [*/*] and supported [application/json, application/*+json]
2025-07-02 01:11:42 - Using 'application/json', given [*/*] and supported [application/json, application/*+json]
2025-07-02 01:11:42 - Mapped to com.banking.controller.TransactionController#createTransaction(TransactionRequest)
2025-07-02 01:11:42 - Mapped to com.banking.controller.TransactionController#createTransaction(TransactionRequest)
2025-07-02 01:11:42 - Mapped to com.banking.controller.TransactionController#createTransaction(TransactionRequest)
2025-07-02 01:11:42 - Mapped to com.banking.controller.TransactionController#createTransaction(TransactionRequest)
2025-07-02 01:11:42 - Writing [{data=com.banking.dto.TransactionResponse@147503ea, success=true, message=交易创建成功}]
2025-07-02 01:11:42 - Read "application/json;charset=UTF-8" to [com.banking.dto.TransactionRequest@4a47b3c1]
2025-07-02 01:11:42 - Writing [{data=com.banking.dto.TransactionResponse@72901c33, success=true, message=交易创建成功}]
2025-07-02 01:11:42 - Using 'application/json', given [*/*] and supported [application/json, application/*+json]
2025-07-02 01:11:42 - Writing [{data=com.banking.dto.TransactionResponse@420a7dda, success=true, message=交易创建成功}]
2025-07-02 01:11:42 - Mapped to com.banking.controller.TransactionController#createTransaction(TransactionRequest)
2025-07-02 01:11:42 - Writing [{data=com.banking.dto.TransactionResponse@59f59aac, success=true, message=交易创建成功}]
2025-07-02 01:11:42 - Read "application/json;charset=UTF-8" to [com.banking.dto.TransactionRequest@4d6951c6]
2025-07-02 01:11:42 - Mapped to com.banking.controller.TransactionController#createTransaction(TransactionRequest)
2025-07-02 01:11:42 - Read "application/json;charset=UTF-8" to [com.banking.dto.TransactionRequest@491211d2]
2025-07-02 01:11:42 - Read "application/json;charset=UTF-8" to [com.banking.dto.TransactionRequest@76dca7f]
2025-07-02 01:11:42 - Mapped to com.banking.controller.TransactionController#createTransaction(TransactionRequest)
2025-07-02 01:11:42 - Read "application/json;charset=UTF-8" to [com.banking.dto.TransactionRequest@27ad39d8]
2025-07-02 01:11:42 - Read "application/json;charset=UTF-8" to [com.banking.dto.TransactionRequest@36c48939]
2025-07-02 01:11:42 - Read "application/json;charset=UTF-8" to [com.banking.dto.TransactionRequest@67f49481]
2025-07-02 01:11:42 - Read "application/json;charset=UTF-8" to [com.banking.dto.TransactionRequest@403acb46]
2025-07-02 01:11:42 - Read "application/json;charset=UTF-8" to [com.banking.dto.TransactionRequest@793d9e76]
2025-07-02 01:11:42 - Using 'application/json', given [*/*] and supported [application/json, application/*+json]
2025-07-02 01:11:42 - Using 'application/json', given [*/*] and supported [application/json, application/*+json]
2025-07-02 01:11:42 - Writing [{data=com.banking.dto.TransactionResponse@a2b9974, success=true, message=交易创建成功}]
2025-07-02 01:11:42 - Writing [{data=com.banking.dto.TransactionResponse@2cce9f8f, success=true, message=交易创建成功}]
2025-07-02 01:11:42 - Using 'application/json', given [*/*] and supported [application/json, application/*+json]
2025-07-02 01:11:42 - Mapped to com.banking.controller.TransactionController#createTransaction(TransactionRequest)
2025-07-02 01:11:42 - Writing [{data=com.banking.dto.TransactionResponse@47cd0c52, success=true, message=交易创建成功}]
2025-07-02 01:11:42 - Mapped to com.banking.controller.TransactionController#createTransaction(TransactionRequest)
2025-07-02 01:11:42 - Mapped to com.banking.controller.TransactionController#createTransaction(TransactionRequest)
2025-07-02 01:11:42 - Mapped to com.banking.controller.TransactionController#createTransaction(TransactionRequest)
2025-07-02 01:11:42 - Using 'application/json', given [*/*] and supported [application/json, application/*+json]
2025-07-02 01:11:42 - Read "application/json;charset=UTF-8" to [com.banking.dto.TransactionRequest@5a89141a]
2025-07-02 01:11:42 - Mapped to com.banking.controller.TransactionController#createTransaction(TransactionRequest)
2025-07-02 01:11:42 - Using 'application/json', given [*/*] and supported [application/json, application/*+json]
2025-07-02 01:11:42 - Writing [{data=com.banking.dto.TransactionResponse@46ab5c91, success=true, message=交易创建成功}]
2025-07-02 01:11:42 - Writing [{data=com.banking.dto.TransactionResponse@af4bddf, success=true, message=交易创建成功}]
2025-07-02 01:11:42 - Mapped to com.banking.controller.TransactionController#createTransaction(TransactionRequest)
2025-07-02 01:11:42 - Mapped to com.banking.controller.TransactionController#createTransaction(TransactionRequest)
2025-07-02 01:11:42 - Read "application/json;charset=UTF-8" to [com.banking.dto.TransactionRequest@6155b9d0]
2025-07-02 01:11:42 - Read "application/json;charset=UTF-8" to [com.banking.dto.TransactionRequest@7b63103]
2025-07-02 01:11:42 - Read "application/json;charset=UTF-8" to [com.banking.dto.TransactionRequest@7eb40082]
2025-07-02 01:11:42 - Using 'application/json', given [*/*] and supported [application/json, application/*+json]
2025-07-02 01:11:42 - Read "application/json;charset=UTF-8" to [com.banking.dto.TransactionRequest@44d4929]
2025-07-02 01:11:42 - Writing [{data=com.banking.dto.TransactionResponse@65277b20, success=true, message=交易创建成功}]
2025-07-02 01:11:42 - Mapped to com.banking.controller.TransactionController#createTransaction(TransactionRequest)
2025-07-02 01:11:42 - Read "application/json;charset=UTF-8" to [com.banking.dto.TransactionRequest@7e1d4804]
2025-07-02 01:11:42 - Read "application/json;charset=UTF-8" to [com.banking.dto.TransactionRequest@35e5cf3f]
2025-07-02 01:11:42 - Mapped to com.banking.controller.TransactionController#createTransaction(TransactionRequest)
2025-07-02 01:11:42 - Read "application/json;charset=UTF-8" to [com.banking.dto.TransactionRequest@4e343b9b]
2025-07-02 01:11:42 - Mapped to com.banking.controller.TransactionController#createTransaction(TransactionRequest)
2025-07-02 01:11:42 - Mapped to com.banking.controller.TransactionController#createTransaction(TransactionRequest)
2025-07-02 01:11:42 - Mapped to com.banking.controller.TransactionController#createTransaction(TransactionRequest)
2025-07-02 01:11:42 - Mapped to com.banking.controller.TransactionController#createTransaction(TransactionRequest)
2025-07-02 01:11:42 - Read "application/json;charset=UTF-8" to [com.banking.dto.TransactionRequest@388bd401]
2025-07-02 01:11:42 - Using 'application/json', given [*/*] and supported [application/json, application/*+json]
2025-07-02 01:11:42 - Using 'application/json', given [*/*] and supported [application/json, application/*+json]
2025-07-02 01:11:42 - Using 'application/json', given [*/*] and supported [application/json, application/*+json]
2025-07-02 01:11:42 - Read "application/json;charset=UTF-8" to [com.banking.dto.TransactionRequest@16c95522]
2025-07-02 01:11:42 - Writing [{data=com.banking.dto.TransactionResponse@12618027, success=true, message=交易创建成功}]
2025-07-02 01:11:42 - Using 'application/json', given [*/*] and supported [application/json, application/*+json]
2025-07-02 01:11:42 - Read "application/json;charset=UTF-8" to [com.banking.dto.TransactionRequest@48e17884]
2025-07-02 01:11:42 - Writing [{data=com.banking.dto.TransactionResponse@7a69a4ba, success=true, message=交易创建成功}]
2025-07-02 01:11:42 - Read "application/json;charset=UTF-8" to [com.banking.dto.TransactionRequest@7f693b32]
2025-07-02 01:11:42 - Writing [{data=com.banking.dto.TransactionResponse@52267d92, success=true, message=交易创建成功}]
2025-07-02 01:11:42 - Writing [{data=com.banking.dto.TransactionResponse@1f4965ec, success=true, message=交易创建成功}]
2025-07-02 01:11:42 - Read "application/json;charset=UTF-8" to [com.banking.dto.TransactionRequest@4cd97683]
2025-07-02 01:11:42 - Mapped to com.banking.controller.TransactionController#createTransaction(TransactionRequest)
2025-07-02 01:11:42 - Read "application/json;charset=UTF-8" to [com.banking.dto.TransactionRequest@d3ba27]
2025-07-02 01:11:42 - Using 'application/json', given [*/*] and supported [application/json, application/*+json]
2025-07-02 01:11:42 - Using 'application/json', given [*/*] and supported [application/json, application/*+json]
2025-07-02 01:11:42 - Using 'application/json', given [*/*] and supported [application/json, application/*+json]
2025-07-02 01:11:42 - Using 'application/json', given [*/*] and supported [application/json, application/*+json]
2025-07-02 01:11:42 - Writing [{data=com.banking.dto.TransactionResponse@8f6b858, success=true, message=交易创建成功}]
2025-07-02 01:11:42 - Writing [{data=com.banking.dto.TransactionResponse@1480a2b3, success=true, message=交易创建成功}]
2025-07-02 01:11:42 - Using 'application/json', given [*/*] and supported [application/json, application/*+json]
2025-07-02 01:11:42 - Writing [{data=com.banking.dto.TransactionResponse@7d20e450, success=true, message=交易创建成功}]
2025-07-02 01:11:42 - Writing [{data=com.banking.dto.TransactionResponse@25b6735, success=true, message=交易创建成功}]
2025-07-02 01:11:42 - Writing [{data=com.banking.dto.TransactionResponse@73ea38d2, success=true, message=交易创建成功}]
2025-07-02 01:11:42 - Using 'application/json', given [*/*] and supported [application/json, application/*+json]
2025-07-02 01:11:42 - Mapped to com.banking.controller.TransactionController#createTransaction(TransactionRequest)
2025-07-02 01:11:42 - Writing [{data=com.banking.dto.TransactionResponse@5b6174c7, success=true, message=交易创建成功}]
2025-07-02 01:11:42 - Mapped to com.banking.controller.TransactionController#createTransaction(TransactionRequest)
2025-07-02 01:11:42 - Mapped to com.banking.controller.TransactionController#createTransaction(TransactionRequest)
2025-07-02 01:11:42 - Mapped to com.banking.controller.TransactionController#createTransaction(TransactionRequest)
2025-07-02 01:11:42 - Mapped to com.banking.controller.TransactionController#createTransaction(TransactionRequest)
2025-07-02 01:11:42 - Using 'application/json', given [*/*] and supported [application/json, application/*+json]
2025-07-02 01:11:42 - Using 'application/json', given [*/*] and supported [application/json, application/*+json]
2025-07-02 01:11:42 - Writing [{data=com.banking.dto.TransactionResponse@221a3657, success=true, message=交易创建成功}]
2025-07-02 01:11:42 - Using 'application/json', given [*/*] and supported [application/json, application/*+json]
2025-07-02 01:11:42 - Writing [{data=com.banking.dto.TransactionResponse@63a9b249, success=true, message=交易创建成功}]
2025-07-02 01:11:42 - Read "application/json;charset=UTF-8" to [com.banking.dto.TransactionRequest@2ac87586]
2025-07-02 01:11:42 - Read "application/json;charset=UTF-8" to [com.banking.dto.TransactionRequest@6e67f230]
2025-07-02 01:11:42 - Read "application/json;charset=UTF-8" to [com.banking.dto.TransactionRequest@2a9cb3ee]
2025-07-02 01:11:42 - Writing [{data=com.banking.dto.TransactionResponse@1579d346, success=true, message=交易创建成功}]
2025-07-02 01:11:42 - Read "application/json;charset=UTF-8" to [com.banking.dto.TransactionRequest@34da097d]
2025-07-02 01:11:42 - Mapped to com.banking.controller.TransactionController#createTransaction(TransactionRequest)
2025-07-02 01:11:42 - Mapped to com.banking.controller.TransactionController#createTransaction(TransactionRequest)
2025-07-02 01:11:42 - Mapped to com.banking.controller.TransactionController#createTransaction(TransactionRequest)
2025-07-02 01:11:42 - Using 'application/json', given [*/*] and supported [application/json, application/*+json]
2025-07-02 01:11:42 - Mapped to com.banking.controller.TransactionController#createTransaction(TransactionRequest)
2025-07-02 01:11:42 - Mapped to com.banking.controller.TransactionController#createTransaction(TransactionRequest)
2025-07-02 01:11:42 - Writing [{data=com.banking.dto.TransactionResponse@2a6eab37, success=true, message=交易创建成功}]
2025-07-02 01:11:42 - Mapped to com.banking.controller.TransactionController#createTransaction(TransactionRequest)
2025-07-02 01:11:42 - Mapped to com.banking.controller.TransactionController#createTransaction(TransactionRequest)
2025-07-02 01:11:42 - Mapped to com.banking.controller.TransactionController#createTransaction(TransactionRequest)
2025-07-02 01:11:42 - Mapped to com.banking.controller.TransactionController#createTransaction(TransactionRequest)
2025-07-02 01:11:42 - Mapped to com.banking.controller.TransactionController#createTransaction(TransactionRequest)
2025-07-02 01:11:42 - Read "application/json;charset=UTF-8" to [com.banking.dto.TransactionRequest@51446c00]
2025-07-02 01:11:42 - Read "application/json;charset=UTF-8" to [com.banking.dto.TransactionRequest@4b4e9db1]
2025-07-02 01:11:42 - Read "application/json;charset=UTF-8" to [com.banking.dto.TransactionRequest@58d91eb7]
2025-07-02 01:11:42 - Read "application/json;charset=UTF-8" to [com.banking.dto.TransactionRequest@6b5c3128]
2025-07-02 01:11:42 - Read "application/json;charset=UTF-8" to [com.banking.dto.TransactionRequest@2a2e9d67]
2025-07-02 01:11:42 - Read "application/json;charset=UTF-8" to [com.banking.dto.TransactionRequest@7fd57e54]
2025-07-02 01:11:42 - Read "application/json;charset=UTF-8" to [com.banking.dto.TransactionRequest@5cf7b9c]
2025-07-02 01:11:42 - Read "application/json;charset=UTF-8" to [com.banking.dto.TransactionRequest@5ebcaed6]
2025-07-02 01:11:42 - Read "application/json;charset=UTF-8" to [com.banking.dto.TransactionRequest@246ba930]
2025-07-02 01:11:42 - Using 'application/json', given [*/*] and supported [application/json, application/*+json]
2025-07-02 01:11:42 - Using 'application/json', given [*/*] and supported [application/json, application/*+json]
2025-07-02 01:11:42 - Writing [{data=com.banking.dto.TransactionResponse@1d63b51c, success=true, message=交易创建成功}]
2025-07-02 01:11:42 - Writing [{data=com.banking.dto.TransactionResponse@57af3c3a, success=true, message=交易创建成功}]
2025-07-02 01:11:42 - Using 'application/json', given [*/*] and supported [application/json, application/*+json]
2025-07-02 01:11:42 - Mapped to com.banking.controller.TransactionController#createTransaction(TransactionRequest)
2025-07-02 01:11:42 - Mapped to com.banking.controller.TransactionController#createTransaction(TransactionRequest)
2025-07-02 01:11:42 - Writing [{data=com.banking.dto.TransactionResponse@6ef54f0a, success=true, message=交易创建成功}]
2025-07-02 01:11:42 - Mapped to com.banking.controller.TransactionController#createTransaction(TransactionRequest)
2025-07-02 01:11:42 - Read "application/json;charset=UTF-8" to [com.banking.dto.TransactionRequest@7b131316]
2025-07-02 01:11:42 - Using 'application/json', given [*/*] and supported [application/json, application/*+json]
2025-07-02 01:11:42 - Writing [{data=com.banking.dto.TransactionResponse@311ffc6e, success=true, message=交易创建成功}]
2025-07-02 01:11:42 - Using 'application/json', given [*/*] and supported [application/json, application/*+json]
2025-07-02 01:11:42 - Read "application/json;charset=UTF-8" to [com.banking.dto.TransactionRequest@73d138d8]
2025-07-02 01:11:42 - Writing [{data=com.banking.dto.TransactionResponse@141c8e9f, success=true, message=交易创建成功}]
2025-07-02 01:11:42 - Read "application/json;charset=UTF-8" to [com.banking.dto.TransactionRequest@27d27f6a]
2025-07-02 01:11:42 - Using 'application/json', given [*/*] and supported [application/json, application/*+json]
2025-07-02 01:11:42 - Using 'application/json', given [*/*] and supported [application/json, application/*+json]
2025-07-02 01:11:42 - Writing [{data=com.banking.dto.TransactionResponse@6e56172d, success=true, message=交易创建成功}]
2025-07-02 01:11:42 - Writing [{data=com.banking.dto.TransactionResponse@3233d535, success=true, message=交易创建成功}]
2025-07-02 01:11:42 - Read "application/json;charset=UTF-8" to [com.banking.dto.TransactionRequest@4a34ce26]
2025-07-02 01:11:42 - Mapped to com.banking.controller.TransactionController#createTransaction(TransactionRequest)
2025-07-02 01:11:42 - Using 'application/json', given [*/*] and supported [application/json, application/*+json]
2025-07-02 01:11:42 - Read "application/json;charset=UTF-8" to [com.banking.dto.TransactionRequest@426442ca]
2025-07-02 01:11:42 - Writing [{data=com.banking.dto.TransactionResponse@4362efdd, success=true, message=交易创建成功}]
2025-07-02 01:11:42 - Read "application/json;charset=UTF-8" to [com.banking.dto.TransactionRequest@7facc951]
2025-07-02 01:11:42 - Using 'application/json', given [*/*] and supported [application/json, application/*+json]
2025-07-02 01:11:42 - Using 'application/json', given [*/*] and supported [application/json, application/*+json]
2025-07-02 01:11:42 - Writing [{data=com.banking.dto.TransactionResponse@58129c5e, success=true, message=交易创建成功}]
2025-07-02 01:11:42 - Writing [{data=com.banking.dto.TransactionResponse@71fdda38, success=true, message=交易创建成功}]
2025-07-02 01:11:42 - Using 'application/json', given [*/*] and supported [application/json, application/*+json]
2025-07-02 01:11:42 - Writing [{data=com.banking.dto.TransactionResponse@1cfcd65e, success=true, message=交易创建成功}]
2025-07-02 01:11:42 - Mapped to com.banking.controller.TransactionController#createTransaction(TransactionRequest)
2025-07-02 01:11:42 - Mapped to com.banking.controller.TransactionController#createTransaction(TransactionRequest)
2025-07-02 01:11:42 - Mapped to com.banking.controller.TransactionController#createTransaction(TransactionRequest)
2025-07-02 01:11:42 - Using 'application/json', given [*/*] and supported [application/json, application/*+json]
2025-07-02 01:11:42 - Mapped to com.banking.controller.TransactionController#createTransaction(TransactionRequest)
2025-07-02 01:11:42 - Mapped to com.banking.controller.TransactionController#createTransaction(TransactionRequest)
2025-07-02 01:11:42 - Writing [{data=com.banking.dto.TransactionResponse@78f9b7ab, success=true, message=交易创建成功}]
2025-07-02 01:11:42 - Using 'application/json', given [*/*] and supported [application/json, application/*+json]
2025-07-02 01:11:42 - Writing [{data=com.banking.dto.TransactionResponse@438c9a57, success=true, message=交易创建成功}]
2025-07-02 01:11:42 - Using 'application/json', given [*/*] and supported [application/json, application/*+json]
2025-07-02 01:11:42 - Writing [{data=com.banking.dto.TransactionResponse@3a8b81a8, success=true, message=交易创建成功}]
2025-07-02 01:11:42 - Read "application/json;charset=UTF-8" to [com.banking.dto.TransactionRequest@6defb1bf]
2025-07-02 01:11:42 - Read "application/json;charset=UTF-8" to [com.banking.dto.TransactionRequest@3a8cc5f4]
2025-07-02 01:11:42 - Read "application/json;charset=UTF-8" to [com.banking.dto.TransactionRequest@35c03c04]
2025-07-02 01:11:42 - Read "application/json;charset=UTF-8" to [com.banking.dto.TransactionRequest@553dc4cd]
2025-07-02 01:11:42 - Read "application/json;charset=UTF-8" to [com.banking.dto.TransactionRequest@53bebca5]
2025-07-02 01:11:42 - Using 'application/json', given [*/*] and supported [application/json, application/*+json]
2025-07-02 01:11:42 - Writing [{data=com.banking.dto.TransactionResponse@6c0e147b, success=true, message=交易创建成功}]
2025-07-02 01:11:42 - Using 'application/json', given [*/*] and supported [application/json, application/*+json]
2025-07-02 01:11:42 - Using 'application/json', given [*/*] and supported [application/json, application/*+json]
2025-07-02 01:11:42 - Writing [{data=com.banking.dto.TransactionResponse@3e278598, success=true, message=交易创建成功}]
2025-07-02 01:11:42 - Mapped to com.banking.controller.TransactionController#createTransaction(TransactionRequest)
2025-07-02 01:11:42 - Mapped to com.banking.controller.TransactionController#createTransaction(TransactionRequest)
2025-07-02 01:11:42 - Mapped to com.banking.controller.TransactionController#createTransaction(TransactionRequest)
2025-07-02 01:11:42 - Mapped to com.banking.controller.TransactionController#createTransaction(TransactionRequest)
2025-07-02 01:11:42 - Writing [{data=com.banking.dto.TransactionResponse@1165b94a, success=true, message=交易创建成功}]
2025-07-02 01:11:42 - Mapped to com.banking.controller.TransactionController#createTransaction(TransactionRequest)
2025-07-02 01:11:42 - Mapped to com.banking.controller.TransactionController#createTransaction(TransactionRequest)
2025-07-02 01:11:42 - Mapped to com.banking.controller.TransactionController#createTransaction(TransactionRequest)
2025-07-02 01:11:42 - Using 'application/json', given [*/*] and supported [application/json, application/*+json]
2025-07-02 01:11:42 - Writing [{data=com.banking.dto.TransactionResponse@7c5dd0f4, success=true, message=交易创建成功}]
2025-07-02 01:11:42 - Mapped to com.banking.controller.TransactionController#createTransaction(TransactionRequest)
2025-07-02 01:11:42 - Read "application/json;charset=UTF-8" to [com.banking.dto.TransactionRequest@1f8ea4ee]
2025-07-02 01:11:42 - Read "application/json;charset=UTF-8" to [com.banking.dto.TransactionRequest@51b6945d]
2025-07-02 01:11:42 - Read "application/json;charset=UTF-8" to [com.banking.dto.TransactionRequest@43a117b8]
2025-07-02 01:11:42 - Read "application/json;charset=UTF-8" to [com.banking.dto.TransactionRequest@2a262279]
2025-07-02 01:11:42 - Read "application/json;charset=UTF-8" to [com.banking.dto.TransactionRequest@5ef1bc3b]
2025-07-02 01:11:42 - Read "application/json;charset=UTF-8" to [com.banking.dto.TransactionRequest@f54b8ac]
2025-07-02 01:11:42 - Read "application/json;charset=UTF-8" to [com.banking.dto.TransactionRequest@6998dec9]
2025-07-02 01:11:42 - Read "application/json;charset=UTF-8" to [com.banking.dto.TransactionRequest@42a9801b]
2025-07-02 01:11:42 - Mapped to com.banking.controller.TransactionController#createTransaction(TransactionRequest)
2025-07-02 01:11:42 - Read "application/json;charset=UTF-8" to [com.banking.dto.TransactionRequest@7155171e]
2025-07-02 01:11:42 - Mapped to com.banking.controller.TransactionController#createTransaction(TransactionRequest)
2025-07-02 01:11:42 - Mapped to com.banking.controller.TransactionController#createTransaction(TransactionRequest)
2025-07-02 01:11:42 - Mapped to com.banking.controller.TransactionController#createTransaction(TransactionRequest)
2025-07-02 01:11:42 - Using 'application/json', given [*/*] and supported [application/json, application/*+json]
2025-07-02 01:11:42 - Using 'application/json', given [*/*] and supported [application/json, application/*+json]
2025-07-02 01:11:42 - Writing [{data=com.banking.dto.TransactionResponse@2ed4a915, success=true, message=交易创建成功}]
2025-07-02 01:11:42 - Writing [{data=com.banking.dto.TransactionResponse@5ef2ba0c, success=true, message=交易创建成功}]
2025-07-02 01:11:42 - Using 'application/json', given [*/*] and supported [application/json, application/*+json]
2025-07-02 01:11:42 - Using 'application/json', given [*/*] and supported [application/json, application/*+json]
2025-07-02 01:11:42 - Using 'application/json', given [*/*] and supported [application/json, application/*+json]
2025-07-02 01:11:42 - Using 'application/json', given [*/*] and supported [application/json, application/*+json]
2025-07-02 01:11:42 - Writing [{data=com.banking.dto.TransactionResponse@25e12c0, success=true, message=交易创建成功}]
2025-07-02 01:11:42 - Read "application/json;charset=UTF-8" to [com.banking.dto.TransactionRequest@4b8d2d08]
2025-07-02 01:11:42 - Using 'application/json', given [*/*] and supported [application/json, application/*+json]
2025-07-02 01:11:42 - Writing [{data=com.banking.dto.TransactionResponse@3b8cd5ec, success=true, message=交易创建成功}]
2025-07-02 01:11:42 - Writing [{data=com.banking.dto.TransactionResponse@3fe60744, success=true, message=交易创建成功}]
2025-07-02 01:11:42 - Writing [{data=com.banking.dto.TransactionResponse@4cdb690f, success=true, message=交易创建成功}]
2025-07-02 01:11:42 - Using 'application/json', given [*/*] and supported [application/json, application/*+json]
2025-07-02 01:11:42 - Writing [{data=com.banking.dto.TransactionResponse@593cb9b7, success=true, message=交易创建成功}]
2025-07-02 01:11:42 - Using 'application/json', given [*/*] and supported [application/json, application/*+json]
2025-07-02 01:11:42 - Using 'application/json', given [*/*] and supported [application/json, application/*+json]
2025-07-02 01:11:42 - Writing [{data=com.banking.dto.TransactionResponse@36fe203, success=true, message=交易创建成功}]
2025-07-02 01:11:42 - Writing [{data=com.banking.dto.TransactionResponse@3745e41d, success=true, message=交易创建成功}]
2025-07-02 01:11:42 - Mapped to com.banking.controller.TransactionController#createTransaction(TransactionRequest)
2025-07-02 01:11:42 - Read "application/json;charset=UTF-8" to [com.banking.dto.TransactionRequest@a48ff43]
2025-07-02 01:11:42 - Read "application/json;charset=UTF-8" to [com.banking.dto.TransactionRequest@5b433555]
2025-07-02 01:11:42 - Writing [{data=com.banking.dto.TransactionResponse@188ee7bd, success=true, message=交易创建成功}]
2025-07-02 01:11:42 - Read "application/json;charset=UTF-8" to [com.banking.dto.TransactionRequest@42e5c72a]
2025-07-02 01:11:42 - Mapped to com.banking.controller.TransactionController#createTransaction(TransactionRequest)
2025-07-02 01:11:42 - Mapped to com.banking.controller.TransactionController#createTransaction(TransactionRequest)
2025-07-02 01:11:42 - Mapped to com.banking.controller.TransactionController#createTransaction(TransactionRequest)
2025-07-02 01:11:42 - Mapped to com.banking.controller.TransactionController#createTransaction(TransactionRequest)
2025-07-02 01:11:42 - Mapped to com.banking.controller.TransactionController#createTransaction(TransactionRequest)
2025-07-02 01:11:42 - Mapped to com.banking.controller.TransactionController#createTransaction(TransactionRequest)
2025-07-02 01:11:42 - Mapped to com.banking.controller.TransactionController#createTransaction(TransactionRequest)
2025-07-02 01:11:42 - Mapped to com.banking.controller.TransactionController#createTransaction(TransactionRequest)
2025-07-02 01:11:42 - Mapped to com.banking.controller.TransactionController#createTransaction(TransactionRequest)
2025-07-02 01:11:42 - Mapped to com.banking.controller.TransactionController#createTransaction(TransactionRequest)
2025-07-02 01:11:42 - Read "application/json;charset=UTF-8" to [com.banking.dto.TransactionRequest@6065d8c0]
2025-07-02 01:11:42 - Read "application/json;charset=UTF-8" to [com.banking.dto.TransactionRequest@cfb056d]
2025-07-02 01:11:42 - Read "application/json;charset=UTF-8" to [com.banking.dto.TransactionRequest@6fe3c88]
2025-07-02 01:11:42 - Read "application/json;charset=UTF-8" to [com.banking.dto.TransactionRequest@4d9e98d8]
2025-07-02 01:11:42 - Read "application/json;charset=UTF-8" to [com.banking.dto.TransactionRequest@1a3e1dd3]
2025-07-02 01:11:42 - Read "application/json;charset=UTF-8" to [com.banking.dto.TransactionRequest@534023c6]
2025-07-02 01:11:42 - Using 'application/json', given [*/*] and supported [application/json, application/*+json]
2025-07-02 01:11:42 - Using 'application/json', given [*/*] and supported [application/json, application/*+json]
2025-07-02 01:11:42 - Writing [{data=com.banking.dto.TransactionResponse@2b5d3075, success=true, message=交易创建成功}]
2025-07-02 01:11:42 - Writing [{data=com.banking.dto.TransactionResponse@3a0ea6a6, success=true, message=交易创建成功}]
2025-07-02 01:11:42 - Using 'application/json', given [*/*] and supported [application/json, application/*+json]
2025-07-02 01:11:42 - Using 'application/json', given [*/*] and supported [application/json, application/*+json]
2025-07-02 01:11:42 - Read "application/json;charset=UTF-8" to [com.banking.dto.TransactionRequest@ff11931]
2025-07-02 01:11:42 - Read "application/json;charset=UTF-8" to [com.banking.dto.TransactionRequest@2c78be8c]
2025-07-02 01:11:42 - Read "application/json;charset=UTF-8" to [com.banking.dto.TransactionRequest@2779398d]
2025-07-02 01:11:42 - Writing [{data=com.banking.dto.TransactionResponse@15b7bc9c, success=true, message=交易创建成功}]
2025-07-02 01:11:42 - Read "application/json;charset=UTF-8" to [com.banking.dto.TransactionRequest@1a6ac1ff]
2025-07-02 01:11:42 - Using 'application/json', given [*/*] and supported [application/json, application/*+json]
2025-07-02 01:11:42 - Using 'application/json', given [*/*] and supported [application/json, application/*+json]
2025-07-02 01:11:42 - Writing [{data=com.banking.dto.TransactionResponse@6bd96c5c, success=true, message=交易创建成功}]
2025-07-02 01:11:42 - Writing [{data=com.banking.dto.TransactionResponse@32d2878, success=true, message=交易创建成功}]
2025-07-02 01:11:42 - Using 'application/json', given [*/*] and supported [application/json, application/*+json]
2025-07-02 01:11:42 - Writing [{data=com.banking.dto.TransactionResponse@26f1e06d, success=true, message=交易创建成功}]
2025-07-02 01:11:42 - Writing [{data=com.banking.dto.TransactionResponse@61988bbe, success=true, message=交易创建成功}]
2025-07-02 01:11:42 - Using 'application/json', given [*/*] and supported [application/json, application/*+json]
2025-07-02 01:11:42 - Writing [{data=com.banking.dto.TransactionResponse@585f718b, success=true, message=交易创建成功}]
2025-07-02 01:11:42 - Using 'application/json', given [*/*] and supported [application/json, application/*+json]
2025-07-02 01:11:42 - Using 'application/json', given [*/*] and supported [application/json, application/*+json]
2025-07-02 01:11:42 - Writing [{data=com.banking.dto.TransactionResponse@66fb575e, success=true, message=交易创建成功}]
2025-07-02 01:11:42 - Writing [{data=com.banking.dto.TransactionResponse@2173a7b5, success=true, message=交易创建成功}]
2025-07-02 01:11:42 - Mapped to com.banking.controller.TransactionController#createTransaction(TransactionRequest)
2025-07-02 01:11:42 - Mapped to com.banking.controller.TransactionController#createTransaction(TransactionRequest)
2025-07-02 01:11:42 - Mapped to com.banking.controller.TransactionController#createTransaction(TransactionRequest)
2025-07-02 01:11:42 - Mapped to com.banking.controller.TransactionController#createTransaction(TransactionRequest)
2025-07-02 01:11:42 - Read "application/json;charset=UTF-8" to [com.banking.dto.TransactionRequest@62bcab88]
2025-07-02 01:11:42 - Using 'application/json', given [*/*] and supported [application/json, application/*+json]
2025-07-02 01:11:42 - Using 'application/json', given [*/*] and supported [application/json, application/*+json]
2025-07-02 01:11:42 - Using 'application/json', given [*/*] and supported [application/json, application/*+json]
2025-07-02 01:11:42 - Read "application/json;charset=UTF-8" to [com.banking.dto.TransactionRequest@1a48f84c]
2025-07-02 01:11:42 - Writing [{data=com.banking.dto.TransactionResponse@538a76b, success=true, message=交易创建成功}]
2025-07-02 01:11:42 - Using 'application/json', given [*/*] and supported [application/json, application/*+json]
2025-07-02 01:11:42 - Writing [{data=com.banking.dto.TransactionResponse@73568fbd, success=true, message=交易创建成功}]
2025-07-02 01:11:42 - Mapped to com.banking.controller.TransactionController#createTransaction(TransactionRequest)
2025-07-02 01:11:42 - Read "application/json;charset=UTF-8" to [com.banking.dto.TransactionRequest@209862e2]
2025-07-02 01:11:42 - Mapped to com.banking.controller.TransactionController#createTransaction(TransactionRequest)
2025-07-02 01:11:42 - Mapped to com.banking.controller.TransactionController#createTransaction(TransactionRequest)
2025-07-02 01:11:42 - Read "application/json;charset=UTF-8" to [com.banking.dto.TransactionRequest@22332107]
2025-07-02 01:11:42 - Using 'application/json', given [*/*] and supported [application/json, application/*+json]
2025-07-02 01:11:42 - Writing [{data=com.banking.dto.TransactionResponse@6fab0ad8, success=true, message=交易创建成功}]
2025-07-02 01:11:42 - Writing [{data=com.banking.dto.TransactionResponse@3bdb5ebc, success=true, message=交易创建成功}]
2025-07-02 01:11:42 - Writing [{data=com.banking.dto.TransactionResponse@1bb30b12, success=true, message=交易创建成功}]
2025-07-02 01:11:42 - Using 'application/json', given [*/*] and supported [application/json, application/*+json]
2025-07-02 01:11:42 - Writing [{data=com.banking.dto.TransactionResponse@39698735, success=true, message=交易创建成功}]
2025-07-02 01:11:42 - Read "application/json;charset=UTF-8" to [com.banking.dto.TransactionRequest@6b4683d8]
2025-07-02 01:11:42 - Mapped to com.banking.controller.TransactionController#createTransaction(TransactionRequest)
2025-07-02 01:11:42 - Using 'application/json', given [*/*] and supported [application/json, application/*+json]
2025-07-02 01:11:42 - Mapped to com.banking.controller.TransactionController#createTransaction(TransactionRequest)
2025-07-02 01:11:42 - Writing [{data=com.banking.dto.TransactionResponse@77ca2c35, success=true, message=交易创建成功}]
2025-07-02 01:11:42 - Mapped to com.banking.controller.TransactionController#createTransaction(TransactionRequest)
2025-07-02 01:11:42 - Using 'application/json', given [*/*] and supported [application/json, application/*+json]
2025-07-02 01:11:42 - Read "application/json;charset=UTF-8" to [com.banking.dto.TransactionRequest@64a6e7b0]
2025-07-02 01:11:42 - Read "application/json;charset=UTF-8" to [com.banking.dto.TransactionRequest@31281c9c]
2025-07-02 01:11:42 - Writing [{data=com.banking.dto.TransactionResponse@26fde079, success=true, message=交易创建成功}]
2025-07-02 01:11:42 - Read "application/json;charset=UTF-8" to [com.banking.dto.TransactionRequest@1e8f794b]
2025-07-02 01:11:42 - Read "application/json;charset=UTF-8" to [com.banking.dto.TransactionRequest@6860746a]
2025-07-02 01:11:42 - Read "application/json;charset=UTF-8" to [com.banking.dto.TransactionRequest@427fc9ed]
2025-07-02 01:11:42 - Using 'application/json', given [*/*] and supported [application/json, application/*+json]
2025-07-02 01:11:42 - Writing [{data=com.banking.dto.TransactionResponse@42b2cab, success=true, message=交易创建成功}]
2025-07-02 01:11:42 - Using 'application/json', given [*/*] and supported [application/json, application/*+json]
2025-07-02 01:11:42 - Writing [{data=com.banking.dto.TransactionResponse@ac3e910, success=true, message=交易创建成功}]
2025-07-02 01:11:42 - Mapped to com.banking.controller.TransactionController#createTransaction(TransactionRequest)
2025-07-02 01:11:42 - Mapped to com.banking.controller.TransactionController#createTransaction(TransactionRequest)
2025-07-02 01:11:42 - Mapped to com.banking.controller.TransactionController#createTransaction(TransactionRequest)
2025-07-02 01:11:42 - Mapped to com.banking.controller.TransactionController#createTransaction(TransactionRequest)
2025-07-02 01:11:42 - Mapped to com.banking.controller.TransactionController#createTransaction(TransactionRequest)
2025-07-02 01:11:42 - Mapped to com.banking.controller.TransactionController#createTransaction(TransactionRequest)
2025-07-02 01:11:42 - Read "application/json;charset=UTF-8" to [com.banking.dto.TransactionRequest@6839fe1]
2025-07-02 01:11:42 - Read "application/json;charset=UTF-8" to [com.banking.dto.TransactionRequest@66e9e701]
2025-07-02 01:11:42 - Read "application/json;charset=UTF-8" to [com.banking.dto.TransactionRequest@434f5111]
2025-07-02 01:11:42 - Read "application/json;charset=UTF-8" to [com.banking.dto.TransactionRequest@254b7320]
2025-07-02 01:11:42 - Read "application/json;charset=UTF-8" to [com.banking.dto.TransactionRequest@3029df60]
2025-07-02 01:11:42 - Read "application/json;charset=UTF-8" to [com.banking.dto.TransactionRequest@64ebab33]
2025-07-02 01:11:42 - Using 'application/json', given [*/*] and supported [application/json, application/*+json]
2025-07-02 01:11:42 - Using 'application/json', given [*/*] and supported [application/json, application/*+json]
2025-07-02 01:11:42 - Using 'application/json', given [*/*] and supported [application/json, application/*+json]
2025-07-02 01:11:42 - Writing [{data=com.banking.dto.TransactionResponse@11d19508, success=true, message=交易创建成功}]
2025-07-02 01:11:42 - Writing [{data=com.banking.dto.TransactionResponse@17e1a85e, success=true, message=交易创建成功}]
2025-07-02 01:11:42 - Writing [{data=com.banking.dto.TransactionResponse@6b791c4, success=true, message=交易创建成功}]
2025-07-02 01:11:42 - Using 'application/json', given [*/*] and supported [application/json, application/*+json]
2025-07-02 01:11:42 - Writing [{data=com.banking.dto.TransactionResponse@fc9ff28, success=true, message=交易创建成功}]
2025-07-02 01:11:42 - Using 'application/json', given [*/*] and supported [application/json, application/*+json]
2025-07-02 01:11:42 - Using 'application/json', given [*/*] and supported [application/json, application/*+json]
2025-07-02 01:11:42 - Writing [{data=com.banking.dto.TransactionResponse@7f7e2e5b, success=true, message=交易创建成功}]
2025-07-02 01:11:42 - Writing [{data=com.banking.dto.TransactionResponse@21a15ec8, success=true, message=交易创建成功}]
2025-07-02 01:11:42 - Mapped to com.banking.controller.TransactionController#createTransaction(TransactionRequest)
2025-07-02 01:11:42 - Mapped to com.banking.controller.TransactionController#createTransaction(TransactionRequest)
2025-07-02 01:11:42 - Mapped to com.banking.controller.TransactionController#createTransaction(TransactionRequest)
2025-07-02 01:11:42 - Mapped to com.banking.controller.TransactionController#createTransaction(TransactionRequest)
2025-07-02 01:11:42 - Using 'application/json', given [*/*] and supported [application/json, application/*+json]
2025-07-02 01:11:42 - Read "application/json;charset=UTF-8" to [com.banking.dto.TransactionRequest@f2b3d3c]
2025-07-02 01:11:42 - Writing [{data=com.banking.dto.TransactionResponse@2c1f7f29, success=true, message=交易创建成功}]
2025-07-02 01:11:42 - Read "application/json;charset=UTF-8" to [com.banking.dto.TransactionRequest@4f0eff22]
2025-07-02 01:11:42 - Read "application/json;charset=UTF-8" to [com.banking.dto.TransactionRequest@12e2f4e0]
2025-07-02 01:11:42 - Read "application/json;charset=UTF-8" to [com.banking.dto.TransactionRequest@53f8d403]
2025-07-02 01:11:42 - Using 'application/json', given [*/*] and supported [application/json, application/*+json]
2025-07-02 01:11:42 - Using 'application/json', given [*/*] and supported [application/json, application/*+json]
2025-07-02 01:11:42 - Writing [{data=com.banking.dto.TransactionResponse@640ced89, success=true, message=交易创建成功}]
2025-07-02 01:11:42 - Writing [{data=com.banking.dto.TransactionResponse@77fc3dae, success=true, message=交易创建成功}]
2025-07-02 01:11:42 - Using 'application/json', given [*/*] and supported [application/json, application/*+json]
2025-07-02 01:11:42 - Writing [{data=com.banking.dto.TransactionResponse@770ebf5e, success=true, message=交易创建成功}]
2025-07-02 01:11:42 - Mapped to com.banking.controller.TransactionController#createTransaction(TransactionRequest)
2025-07-02 01:11:42 - Mapped to com.banking.controller.TransactionController#createTransaction(TransactionRequest)
2025-07-02 01:11:42 - Mapped to com.banking.controller.TransactionController#createTransaction(TransactionRequest)
2025-07-02 01:11:42 - Mapped to com.banking.controller.TransactionController#createTransaction(TransactionRequest)
2025-07-02 01:11:42 - Mapped to com.banking.controller.TransactionController#createTransaction(TransactionRequest)
2025-07-02 01:11:42 - Mapped to com.banking.controller.TransactionController#createTransaction(TransactionRequest)
2025-07-02 01:11:42 - Using 'application/json', given [*/*] and supported [application/json, application/*+json]
2025-07-02 01:11:42 - Using 'application/json', given [*/*] and supported [application/json, application/*+json]
2025-07-02 01:11:42 - Read "application/json;charset=UTF-8" to [com.banking.dto.TransactionRequest@63a4ed53]
2025-07-02 01:11:42 - Read "application/json;charset=UTF-8" to [com.banking.dto.TransactionRequest@736c62fa]
2025-07-02 01:11:42 - Writing [{data=com.banking.dto.TransactionResponse@35ff8ba5, success=true, message=交易创建成功}]
2025-07-02 01:11:42 - Using 'application/json', given [*/*] and supported [application/json, application/*+json]
2025-07-02 01:11:42 - Read "application/json;charset=UTF-8" to [com.banking.dto.TransactionRequest@77b0ca4a]
2025-07-02 01:11:42 - Using 'application/json', given [*/*] and supported [application/json, application/*+json]
2025-07-02 01:11:42 - Read "application/json;charset=UTF-8" to [com.banking.dto.TransactionRequest@174bbdbc]
2025-07-02 01:11:42 - Writing [{data=com.banking.dto.TransactionResponse@4f5f31a2, success=true, message=交易创建成功}]
2025-07-02 01:11:42 - Writing [{data=com.banking.dto.TransactionResponse@2e3a52c5, success=true, message=交易创建成功}]
2025-07-02 01:11:42 - Read "application/json;charset=UTF-8" to [com.banking.dto.TransactionRequest@2f781624]
2025-07-02 01:11:42 - Read "application/json;charset=UTF-8" to [com.banking.dto.TransactionRequest@7078d628]
2025-07-02 01:11:42 - Using 'application/json', given [*/*] and supported [application/json, application/*+json]
2025-07-02 01:11:42 - Using 'application/json', given [*/*] and supported [application/json, application/*+json]
2025-07-02 01:11:42 - Writing [{data=com.banking.dto.TransactionResponse@3b3c9532, success=true, message=交易创建成功}]
2025-07-02 01:11:42 - Writing [{data=com.banking.dto.TransactionResponse@439c4055, success=true, message=交易创建成功}]
2025-07-02 01:11:42 - Writing [{data=com.banking.dto.TransactionResponse@2f75f041, success=true, message=交易创建成功}]
2025-07-02 01:11:42 - Mapped to com.banking.controller.TransactionController#createTransaction(TransactionRequest)
2025-07-02 01:11:42 - Using 'application/json', given [*/*] and supported [application/json, application/*+json]
2025-07-02 01:11:42 - Read "application/json;charset=UTF-8" to [com.banking.dto.TransactionRequest@373a7d7f]
2025-07-02 01:11:42 - Writing [{data=com.banking.dto.TransactionResponse@5cf23f6b, success=true, message=交易创建成功}]
2025-07-02 01:11:42 - Mapped to com.banking.controller.TransactionController#createTransaction(TransactionRequest)
2025-07-02 01:11:42 - Mapped to com.banking.controller.TransactionController#createTransaction(TransactionRequest)
2025-07-02 01:11:42 - Mapped to com.banking.controller.TransactionController#createTransaction(TransactionRequest)
2025-07-02 01:11:42 - Read "application/json;charset=UTF-8" to [com.banking.dto.TransactionRequest@4057a17b]
2025-07-02 01:11:42 - Read "application/json;charset=UTF-8" to [com.banking.dto.TransactionRequest@70306035]
2025-07-02 01:11:42 - Read "application/json;charset=UTF-8" to [com.banking.dto.TransactionRequest@7740f9e7]
2025-07-02 01:11:42 - Mapped to com.banking.controller.TransactionController#createTransaction(TransactionRequest)
2025-07-02 01:11:42 - Using 'application/json', given [*/*] and supported [application/json, application/*+json]
2025-07-02 01:11:42 - Mapped to com.banking.controller.TransactionController#createTransaction(TransactionRequest)
2025-07-02 01:11:42 - Mapped to com.banking.controller.TransactionController#createTransaction(TransactionRequest)
2025-07-02 01:11:42 - Using 'application/json', given [*/*] and supported [application/json, application/*+json]
2025-07-02 01:11:42 - Mapped to com.banking.controller.TransactionController#createTransaction(TransactionRequest)
2025-07-02 01:11:42 - Writing [{data=com.banking.dto.TransactionResponse@451fcc8c, success=true, message=交易创建成功}]
2025-07-02 01:11:42 - Writing [{data=com.banking.dto.TransactionResponse@2bfba613, success=true, message=交易创建成功}]
2025-07-02 01:11:42 - Mapped to com.banking.controller.TransactionController#createTransaction(TransactionRequest)
2025-07-02 01:11:42 - Mapped to com.banking.controller.TransactionController#createTransaction(TransactionRequest)
2025-07-02 01:11:42 - Using 'application/json', given [*/*] and supported [application/json, application/*+json]
2025-07-02 01:11:42 - Writing [{data=com.banking.dto.TransactionResponse@644daab8, success=true, message=交易创建成功}]
2025-07-02 01:11:42 - Read "application/json;charset=UTF-8" to [com.banking.dto.TransactionRequest@40c8846d]
2025-07-02 01:11:42 - Read "application/json;charset=UTF-8" to [com.banking.dto.TransactionRequest@79dacfca]
2025-07-02 01:11:42 - Read "application/json;charset=UTF-8" to [com.banking.dto.TransactionRequest@63b0e795]
2025-07-02 01:11:42 - Read "application/json;charset=UTF-8" to [com.banking.dto.TransactionRequest@431b39b7]
2025-07-02 01:11:42 - Using 'application/json', given [*/*] and supported [application/json, application/*+json]
2025-07-02 01:11:42 - Read "application/json;charset=UTF-8" to [com.banking.dto.TransactionRequest@47058248]
2025-07-02 01:11:42 - Writing [{data=com.banking.dto.TransactionResponse@60b93e92, success=true, message=交易创建成功}]
2025-07-02 01:11:42 - Using 'application/json', given [*/*] and supported [application/json, application/*+json]
2025-07-02 01:11:42 - Mapped to com.banking.controller.TransactionController#createTransaction(TransactionRequest)
2025-07-02 01:11:42 - Writing [{data=com.banking.dto.TransactionResponse@3f7bda33, success=true, message=交易创建成功}]
2025-07-02 01:11:42 - Using 'application/json', given [*/*] and supported [application/json, application/*+json]
2025-07-02 01:11:42 - Read "application/json;charset=UTF-8" to [com.banking.dto.TransactionRequest@6f1bd959]
2025-07-02 01:11:42 - Writing [{data=com.banking.dto.TransactionResponse@2d5f9554, success=true, message=交易创建成功}]
2025-07-02 01:11:42 - Read "application/json;charset=UTF-8" to [com.banking.dto.TransactionRequest@7592ba9e]
2025-07-02 01:11:42 - Using 'application/json', given [*/*] and supported [application/json, application/*+json]
2025-07-02 01:11:42 - Using 'application/json', given [*/*] and supported [application/json, application/*+json]
2025-07-02 01:11:42 - Writing [{data=com.banking.dto.TransactionResponse@5ba3469f, success=true, message=交易创建成功}]
2025-07-02 01:11:42 - Writing [{data=com.banking.dto.TransactionResponse@63d44711, success=true, message=交易创建成功}]
2025-07-02 01:11:42 - Using 'application/json', given [*/*] and supported [application/json, application/*+json]
2025-07-02 01:11:42 - Writing [{data=com.banking.dto.TransactionResponse@404ef895, success=true, message=交易创建成功}]
2025-07-02 01:11:42 - Using 'application/json', given [*/*] and supported [application/json, application/*+json]
2025-07-02 01:11:42 - Writing [{data=com.banking.dto.TransactionResponse@3f07d923, success=true, message=交易创建成功}]
2025-07-02 01:11:42 - Mapped to com.banking.controller.TransactionController#createTransaction(TransactionRequest)
2025-07-02 01:11:42 - Mapped to com.banking.controller.TransactionController#createTransaction(TransactionRequest)
2025-07-02 01:11:42 - Mapped to com.banking.controller.TransactionController#createTransaction(TransactionRequest)
2025-07-02 01:11:42 - Using 'application/json', given [*/*] and supported [application/json, application/*+json]
2025-07-02 01:11:42 - Using 'application/json', given [*/*] and supported [application/json, application/*+json]
2025-07-02 01:11:42 - Read "application/json;charset=UTF-8" to [com.banking.dto.TransactionRequest@6566a3b3]
2025-07-02 01:11:42 - Writing [{data=com.banking.dto.TransactionResponse@12913321, success=true, message=交易创建成功}]
2025-07-02 01:11:42 - Writing [{data=com.banking.dto.TransactionResponse@3185379b, success=true, message=交易创建成功}]
2025-07-02 01:11:42 - Read "application/json;charset=UTF-8" to [com.banking.dto.TransactionRequest@2b193d30]
2025-07-02 01:11:42 - Using 'application/json', given [*/*] and supported [application/json, application/*+json]
2025-07-02 01:11:42 - Read "application/json;charset=UTF-8" to [com.banking.dto.TransactionRequest@1648fc9d]
2025-07-02 01:11:42 - Using 'application/json', given [*/*] and supported [application/json, application/*+json]
2025-07-02 01:11:42 - Writing [{data=com.banking.dto.TransactionResponse@7e340c75, success=true, message=交易创建成功}]
2025-07-02 01:11:42 - Writing [{data=com.banking.dto.TransactionResponse@52655a06, success=true, message=交易创建成功}]
2025-07-02 01:11:42 - Mapped to com.banking.controller.TransactionController#createTransaction(TransactionRequest)
2025-07-02 01:11:42 - Mapped to com.banking.controller.TransactionController#createTransaction(TransactionRequest)
2025-07-02 01:11:42 - Using 'application/json', given [*/*] and supported [application/json, application/*+json]
2025-07-02 01:11:42 - Mapped to com.banking.controller.TransactionController#createTransaction(TransactionRequest)
2025-07-02 01:11:42 - Writing [{data=com.banking.dto.TransactionResponse@b50833f, success=true, message=交易创建成功}]
2025-07-02 01:11:42 - Mapped to com.banking.controller.TransactionController#createTransaction(TransactionRequest)
2025-07-02 01:11:42 - Mapped to com.banking.controller.TransactionController#createTransaction(TransactionRequest)
2025-07-02 01:11:42 - Mapped to com.banking.controller.TransactionController#createTransaction(TransactionRequest)
2025-07-02 01:11:42 - Read "application/json;charset=UTF-8" to [com.banking.dto.TransactionRequest@483ceb8a]
2025-07-02 01:11:42 - Read "application/json;charset=UTF-8" to [com.banking.dto.TransactionRequest@3febf7a0]
2025-07-02 01:11:42 - Read "application/json;charset=UTF-8" to [com.banking.dto.TransactionRequest@4b23cad]
2025-07-02 01:11:42 - Mapped to com.banking.controller.TransactionController#createTransaction(TransactionRequest)
2025-07-02 01:11:42 - Read "application/json;charset=UTF-8" to [com.banking.dto.TransactionRequest@2ae87cd3]
2025-07-02 01:11:42 - Read "application/json;charset=UTF-8" to [com.banking.dto.TransactionRequest@8ff059]
2025-07-02 01:11:42 - Using 'application/json', given [*/*] and supported [application/json, application/*+json]
2025-07-02 01:11:42 - Read "application/json;charset=UTF-8" to [com.banking.dto.TransactionRequest@55257c0]
2025-07-02 01:11:42 - Writing [{data=com.banking.dto.TransactionResponse@7d4c67c4, success=true, message=交易创建成功}]
2025-07-02 01:11:42 - Read "application/json;charset=UTF-8" to [com.banking.dto.TransactionRequest@242afca2]
2025-07-02 01:11:42 - Mapped to com.banking.controller.TransactionController#createTransaction(TransactionRequest)
2025-07-02 01:11:42 - Mapped to com.banking.controller.TransactionController#createTransaction(TransactionRequest)
2025-07-02 01:11:42 - Using 'application/json', given [*/*] and supported [application/json, application/*+json]
2025-07-02 01:11:42 - Read "application/json;charset=UTF-8" to [com.banking.dto.TransactionRequest@10815c99]
2025-07-02 01:11:42 - Writing [{data=com.banking.dto.TransactionResponse@6f2cebf1, success=true, message=交易创建成功}]
2025-07-02 01:11:42 - Using 'application/json', given [*/*] and supported [application/json, application/*+json]
2025-07-02 01:11:42 - Writing [{data=com.banking.dto.TransactionResponse@7570d3c0, success=true, message=交易创建成功}]
2025-07-02 01:11:42 - Read "application/json;charset=UTF-8" to [com.banking.dto.TransactionRequest@66685053]
2025-07-02 01:11:42 - Using 'application/json', given [*/*] and supported [application/json, application/*+json]
2025-07-02 01:11:42 - Using 'application/json', given [*/*] and supported [application/json, application/*+json]
2025-07-02 01:11:42 - Writing [{data=com.banking.dto.TransactionResponse@2e2328e8, success=true, message=交易创建成功}]
2025-07-02 01:11:42 - Writing [{data=com.banking.dto.TransactionResponse@39edb05a, success=true, message=交易创建成功}]
2025-07-02 01:11:42 - Using 'application/json', given [*/*] and supported [application/json, application/*+json]
2025-07-02 01:11:42 - Writing [{data=com.banking.dto.TransactionResponse@304127c6, success=true, message=交易创建成功}]
2025-07-02 01:11:42 - Using 'application/json', given [*/*] and supported [application/json, application/*+json]
2025-07-02 01:11:42 - Using 'application/json', given [*/*] and supported [application/json, application/*+json]
2025-07-02 01:11:42 - Writing [{data=com.banking.dto.TransactionResponse@6781205d, success=true, message=交易创建成功}]
2025-07-02 01:11:42 - Writing [{data=com.banking.dto.TransactionResponse@62b533f3, success=true, message=交易创建成功}]
2025-07-02 01:11:42 - Mapped to com.banking.controller.TransactionController#createTransaction(TransactionRequest)
2025-07-02 01:11:42 - Mapped to com.banking.controller.TransactionController#createTransaction(TransactionRequest)
2025-07-02 01:11:42 - Using 'application/json', given [*/*] and supported [application/json, application/*+json]
2025-07-02 01:11:42 - Mapped to com.banking.controller.TransactionController#createTransaction(TransactionRequest)
2025-07-02 01:11:42 - Writing [{data=com.banking.dto.TransactionResponse@2991260d, success=true, message=交易创建成功}]
2025-07-02 01:11:42 - Using 'application/json', given [*/*] and supported [application/json, application/*+json]
2025-07-02 01:11:42 - Writing [{data=com.banking.dto.TransactionResponse@31247d6d, success=true, message=交易创建成功}]
2025-07-02 01:11:42 - Mapped to com.banking.controller.TransactionController#createTransaction(TransactionRequest)
2025-07-02 01:11:42 - Read "application/json;charset=UTF-8" to [com.banking.dto.TransactionRequest@66962818]
2025-07-02 01:11:42 - Read "application/json;charset=UTF-8" to [com.banking.dto.TransactionRequest@49a90e8f]
2025-07-02 01:11:42 - Read "application/json;charset=UTF-8" to [com.banking.dto.TransactionRequest@4d68451c]
2025-07-02 01:11:42 - Read "application/json;charset=UTF-8" to [com.banking.dto.TransactionRequest@267165bc]
2025-07-02 01:11:42 - Mapped to com.banking.controller.TransactionController#createTransaction(TransactionRequest)
2025-07-02 01:11:42 - Mapped to com.banking.controller.TransactionController#createTransaction(TransactionRequest)
2025-07-02 01:11:42 - Mapped to com.banking.controller.TransactionController#createTransaction(TransactionRequest)
2025-07-02 01:11:42 - Mapped to com.banking.controller.TransactionController#createTransaction(TransactionRequest)
2025-07-02 01:11:42 - Mapped to com.banking.controller.TransactionController#createTransaction(TransactionRequest)
2025-07-02 01:11:42 - Mapped to com.banking.controller.TransactionController#createTransaction(TransactionRequest)
2025-07-02 01:11:42 - Read "application/json;charset=UTF-8" to [com.banking.dto.TransactionRequest@327cbd00]
2025-07-02 01:11:42 - Read "application/json;charset=UTF-8" to [com.banking.dto.TransactionRequest@400c511]
2025-07-02 01:11:42 - Read "application/json;charset=UTF-8" to [com.banking.dto.TransactionRequest@3c5e194]
2025-07-02 01:11:42 - Read "application/json;charset=UTF-8" to [com.banking.dto.TransactionRequest@1e76ae48]
2025-07-02 01:11:42 - Read "application/json;charset=UTF-8" to [com.banking.dto.TransactionRequest@6e127628]
2025-07-02 01:11:42 - Read "application/json;charset=UTF-8" to [com.banking.dto.TransactionRequest@74188583]
2025-07-02 01:11:42 - Using 'application/json', given [*/*] and supported [application/json, application/*+json]
2025-07-02 01:11:42 - Using 'application/json', given [*/*] and supported [application/json, application/*+json]
2025-07-02 01:11:42 - Mapped to com.banking.controller.TransactionController#createTransaction(TransactionRequest)
2025-07-02 01:11:42 - Mapped to com.banking.controller.TransactionController#createTransaction(TransactionRequest)
2025-07-02 01:11:42 - Writing [{data=com.banking.dto.TransactionResponse@2fd37fed, success=true, message=交易创建成功}]
2025-07-02 01:11:42 - Writing [{data=com.banking.dto.TransactionResponse@3a1e9f0b, success=true, message=交易创建成功}]
2025-07-02 01:11:42 - Mapped to com.banking.controller.TransactionController#createTransaction(TransactionRequest)
2025-07-02 01:11:42 - Using 'application/json', given [*/*] and supported [application/json, application/*+json]
2025-07-02 01:11:42 - Using 'application/json', given [*/*] and supported [application/json, application/*+json]
2025-07-02 01:11:42 - Using 'application/json', given [*/*] and supported [application/json, application/*+json]
2025-07-02 01:11:42 - Writing [{data=com.banking.dto.TransactionResponse@3f698cd7, success=true, message=交易创建成功}]
2025-07-02 01:11:42 - Writing [{data=com.banking.dto.TransactionResponse@1c0a18, success=true, message=交易创建成功}]
2025-07-02 01:11:42 - Writing [{data=com.banking.dto.TransactionResponse@453e7814, success=true, message=交易创建成功}]
2025-07-02 01:11:42 - Using 'application/json', given [*/*] and supported [application/json, application/*+json]
2025-07-02 01:11:42 - Using 'application/json', given [*/*] and supported [application/json, application/*+json]
2025-07-02 01:11:42 - Read "application/json;charset=UTF-8" to [com.banking.dto.TransactionRequest@1716e54e]
2025-07-02 01:11:42 - Read "application/json;charset=UTF-8" to [com.banking.dto.TransactionRequest@4a908904]
2025-07-02 01:11:42 - Writing [{data=com.banking.dto.TransactionResponse@1c18ec64, success=true, message=交易创建成功}]
2025-07-02 01:11:42 - Read "application/json;charset=UTF-8" to [com.banking.dto.TransactionRequest@67ac6a34]
2025-07-02 01:11:42 - Using 'application/json', given [*/*] and supported [application/json, application/*+json]
2025-07-02 01:11:42 - Writing [{data=com.banking.dto.TransactionResponse@58456ace, success=true, message=交易创建成功}]
2025-07-02 01:11:42 - Writing [{data=com.banking.dto.TransactionResponse@b280d2b, success=true, message=交易创建成功}]
2025-07-02 01:11:42 - Using 'application/json', given [*/*] and supported [application/json, application/*+json]
2025-07-02 01:11:42 - Writing [{data=com.banking.dto.TransactionResponse@7250ac81, success=true, message=交易创建成功}]
2025-07-02 01:11:42 - Using 'application/json', given [*/*] and supported [application/json, application/*+json]
2025-07-02 01:11:42 - Writing [{data=com.banking.dto.TransactionResponse@3a108c3a, success=true, message=交易创建成功}]
2025-07-02 01:11:42 - Using 'application/json', given [*/*] and supported [application/json, application/*+json]
2025-07-02 01:11:42 - Using 'application/json', given [*/*] and supported [application/json, application/*+json]
2025-07-02 01:11:42 - Using 'application/json', given [*/*] and supported [application/json, application/*+json]
2025-07-02 01:11:42 - Writing [{data=com.banking.dto.TransactionResponse@7f00ae7d, success=true, message=交易创建成功}]
2025-07-02 01:11:42 - Writing [{data=com.banking.dto.TransactionResponse@222391b8, success=true, message=交易创建成功}]
2025-07-02 01:11:42 - Using 'application/json', given [*/*] and supported [application/json, application/*+json]
2025-07-02 01:11:42 - Writing [{data=com.banking.dto.TransactionResponse@26c6469a, success=true, message=交易创建成功}]
2025-07-02 01:11:42 - Writing [{data=com.banking.dto.TransactionResponse@15bff9a, success=true, message=交易创建成功}]
2025-07-02 01:11:42 - Using 'application/json', given [*/*] and supported [application/json, application/*+json]
2025-07-02 01:11:42 - Writing [{data=com.banking.dto.TransactionResponse@63d01787, success=true, message=交易创建成功}]
2025-07-02 01:11:42 - Mapped to com.banking.controller.TransactionController#createTransaction(TransactionRequest)
2025-07-02 01:11:42 - Mapped to com.banking.controller.TransactionController#createTransaction(TransactionRequest)
2025-07-02 01:11:42 - Mapped to com.banking.controller.TransactionController#createTransaction(TransactionRequest)
2025-07-02 01:11:42 - Mapped to com.banking.controller.TransactionController#createTransaction(TransactionRequest)
2025-07-02 01:11:42 - Using 'application/json', given [*/*] and supported [application/json, application/*+json]
2025-07-02 01:11:42 - Writing [{data=com.banking.dto.TransactionResponse@5e2c6071, success=true, message=交易创建成功}]
2025-07-02 01:11:42 - Using 'application/json', given [*/*] and supported [application/json, application/*+json]
2025-07-02 01:11:42 - Writing [{data=com.banking.dto.TransactionResponse@5bf70608, success=true, message=交易创建成功}]
2025-07-02 01:11:42 - Mapped to com.banking.controller.TransactionController#createTransaction(TransactionRequest)
2025-07-02 01:11:42 - Mapped to com.banking.controller.TransactionController#createTransaction(TransactionRequest)
2025-07-02 01:11:42 - Using 'application/json', given [*/*] and supported [application/json, application/*+json]
2025-07-02 01:11:42 - Read "application/json;charset=UTF-8" to [com.banking.dto.TransactionRequest@6c4ff999]
2025-07-02 01:11:42 - Mapped to com.banking.controller.TransactionController#createTransaction(TransactionRequest)
2025-07-02 01:11:42 - Mapped to com.banking.controller.TransactionController#createTransaction(TransactionRequest)
2025-07-02 01:11:42 - Mapped to com.banking.controller.TransactionController#createTransaction(TransactionRequest)
2025-07-02 01:11:42 - Read "application/json;charset=UTF-8" to [com.banking.dto.TransactionRequest@4e00fab3]
2025-07-02 01:11:42 - Read "application/json;charset=UTF-8" to [com.banking.dto.TransactionRequest@28ef07f]
2025-07-02 01:11:42 - Using 'application/json', given [*/*] and supported [application/json, application/*+json]
2025-07-02 01:11:42 - Read "application/json;charset=UTF-8" to [com.banking.dto.TransactionRequest@7b7106]
2025-07-02 01:11:42 - Read "application/json;charset=UTF-8" to [com.banking.dto.TransactionRequest@6d05e44c]
2025-07-02 01:11:42 - Read "application/json;charset=UTF-8" to [com.banking.dto.TransactionRequest@5e4fd8da]
2025-07-02 01:11:42 - Read "application/json;charset=UTF-8" to [com.banking.dto.TransactionRequest@7d135311]
2025-07-02 01:11:42 - Writing [{data=com.banking.dto.TransactionResponse@3e22ad6b, success=true, message=交易创建成功}]
2025-07-02 01:11:42 - Read "application/json;charset=UTF-8" to [com.banking.dto.TransactionRequest@74e300ca]
2025-07-02 01:11:42 - Read "application/json;charset=UTF-8" to [com.banking.dto.TransactionRequest@1500d4f9]
2025-07-02 01:11:42 - Mapped to com.banking.controller.TransactionController#createTransaction(TransactionRequest)
2025-07-02 01:11:42 - Writing [{data=com.banking.dto.TransactionResponse@3ad58ae7, success=true, message=交易创建成功}]
2025-07-02 01:11:42 - Mapped to com.banking.controller.TransactionController#createTransaction(TransactionRequest)
2025-07-02 01:11:42 - Mapped to com.banking.controller.TransactionController#createTransaction(TransactionRequest)
2025-07-02 01:11:42 - Mapped to com.banking.controller.TransactionController#createTransaction(TransactionRequest)
2025-07-02 01:11:42 - Mapped to com.banking.controller.TransactionController#createTransaction(TransactionRequest)
2025-07-02 01:11:42 - Read "application/json;charset=UTF-8" to [com.banking.dto.TransactionRequest@7e6d088a]
2025-07-02 01:11:42 - Read "application/json;charset=UTF-8" to [com.banking.dto.TransactionRequest@1d0ff445]
2025-07-02 01:11:42 - Read "application/json;charset=UTF-8" to [com.banking.dto.TransactionRequest@4f7f6a7c]
2025-07-02 01:11:42 - Read "application/json;charset=UTF-8" to [com.banking.dto.TransactionRequest@1219a43c]
2025-07-02 01:11:42 - Read "application/json;charset=UTF-8" to [com.banking.dto.TransactionRequest@26d9694d]
2025-07-02 01:11:42 - Mapped to com.banking.controller.TransactionController#createTransaction(TransactionRequest)
2025-07-02 01:11:42 - Using 'application/json', given [*/*] and supported [application/json, application/*+json]
2025-07-02 01:11:42 - Mapped to com.banking.controller.TransactionController#createTransaction(TransactionRequest)
2025-07-02 01:11:42 - Writing [{data=com.banking.dto.TransactionResponse@3240cd4f, success=true, message=交易创建成功}]
2025-07-02 01:11:42 - Mapped to com.banking.controller.TransactionController#createTransaction(TransactionRequest)
2025-07-02 01:11:42 - Using 'application/json', given [*/*] and supported [application/json, application/*+json]
2025-07-02 01:11:42 - Read "application/json;charset=UTF-8" to [com.banking.dto.TransactionRequest@23f03f15]
2025-07-02 01:11:42 - Writing [{data=com.banking.dto.TransactionResponse@1f37b66a, success=true, message=交易创建成功}]
2025-07-02 01:11:42 - Read "application/json;charset=UTF-8" to [com.banking.dto.TransactionRequest@725bef00]
2025-07-02 01:11:42 - Using 'application/json', given [*/*] and supported [application/json, application/*+json]
2025-07-02 01:11:42 - Writing [{data=com.banking.dto.TransactionResponse@2df8b9fb, success=true, message=交易创建成功}]
2025-07-02 01:11:42 - Read "application/json;charset=UTF-8" to [com.banking.dto.TransactionRequest@4ef1b583]
2025-07-02 01:11:42 - Mapped to com.banking.controller.TransactionController#createTransaction(TransactionRequest)
2025-07-02 01:11:42 - Using 'application/json', given [*/*] and supported [application/json, application/*+json]
2025-07-02 01:11:42 - Mapped to com.banking.controller.TransactionController#createTransaction(TransactionRequest)
2025-07-02 01:11:42 - Writing [{data=com.banking.dto.TransactionResponse@5b4000d9, success=true, message=交易创建成功}]
2025-07-02 01:11:42 - Using 'application/json', given [*/*] and supported [application/json, application/*+json]
2025-07-02 01:11:42 - Using 'application/json', given [*/*] and supported [application/json, application/*+json]
2025-07-02 01:11:42 - Writing [{data=com.banking.dto.TransactionResponse@654b9034, success=true, message=交易创建成功}]
2025-07-02 01:11:42 - Using 'application/json', given [*/*] and supported [application/json, application/*+json]
2025-07-02 01:11:42 - Writing [{data=com.banking.dto.TransactionResponse@32fab677, success=true, message=交易创建成功}]
2025-07-02 01:11:42 - Writing [{data=com.banking.dto.TransactionResponse@524f9fb8, success=true, message=交易创建成功}]
2025-07-02 01:11:42 - Read "application/json;charset=UTF-8" to [com.banking.dto.TransactionRequest@388394c5]
2025-07-02 01:11:42 - Read "application/json;charset=UTF-8" to [com.banking.dto.TransactionRequest@38a15469]
2025-07-02 01:11:42 - Using 'application/json', given [*/*] and supported [application/json, application/*+json]
2025-07-02 01:11:42 - Writing [{data=com.banking.dto.TransactionResponse@70792ec5, success=true, message=交易创建成功}]
2025-07-02 01:11:42 - Using 'application/json', given [*/*] and supported [application/json, application/*+json]
2025-07-02 01:11:42 - Using 'application/json', given [*/*] and supported [application/json, application/*+json]
2025-07-02 01:11:42 - Writing [{data=com.banking.dto.TransactionResponse@7d6a9e52, success=true, message=交易创建成功}]
2025-07-02 01:11:42 - Writing [{data=com.banking.dto.TransactionResponse@1c44250d, success=true, message=交易创建成功}]
2025-07-02 01:11:42 - Mapped to com.banking.controller.TransactionController#createTransaction(TransactionRequest)
2025-07-02 01:11:42 - Mapped to com.banking.controller.TransactionController#createTransaction(TransactionRequest)
2025-07-02 01:11:42 - Mapped to com.banking.controller.TransactionController#createTransaction(TransactionRequest)
2025-07-02 01:11:42 - Mapped to com.banking.controller.TransactionController#createTransaction(TransactionRequest)
2025-07-02 01:11:42 - Mapped to com.banking.controller.TransactionController#createTransaction(TransactionRequest)
2025-07-02 01:11:42 - Using 'application/json', given [*/*] and supported [application/json, application/*+json]
2025-07-02 01:11:42 - Writing [{data=com.banking.dto.TransactionResponse@4bb35e00, success=true, message=交易创建成功}]
2025-07-02 01:11:42 - Mapped to com.banking.controller.TransactionController#createTransaction(TransactionRequest)
2025-07-02 01:11:42 - Read "application/json;charset=UTF-8" to [com.banking.dto.TransactionRequest@7809b79a]
2025-07-02 01:11:42 - Read "application/json;charset=UTF-8" to [com.banking.dto.TransactionRequest@219ea63b]
2025-07-02 01:11:42 - Read "application/json;charset=UTF-8" to [com.banking.dto.TransactionRequest@3d1477bb]
2025-07-02 01:11:42 - Read "application/json;charset=UTF-8" to [com.banking.dto.TransactionRequest@3c888b2f]
2025-07-02 01:11:42 - Read "application/json;charset=UTF-8" to [com.banking.dto.TransactionRequest@77a98f6a]
2025-07-02 01:11:42 - Read "application/json;charset=UTF-8" to [com.banking.dto.TransactionRequest@6152b986]
2025-07-02 01:11:42 - Using 'application/json', given [*/*] and supported [application/json, application/*+json]
2025-07-02 01:11:42 - Writing [{data=com.banking.dto.TransactionResponse@4d9a9c1f, success=true, message=交易创建成功}]
2025-07-02 01:11:42 - Mapped to com.banking.controller.TransactionController#createTransaction(TransactionRequest)
2025-07-02 01:11:42 - Mapped to com.banking.controller.TransactionController#createTransaction(TransactionRequest)
2025-07-02 01:11:42 - Using 'application/json', given [*/*] and supported [application/json, application/*+json]
2025-07-02 01:11:42 - Mapped to com.banking.controller.TransactionController#createTransaction(TransactionRequest)
2025-07-02 01:11:42 - Using 'application/json', given [*/*] and supported [application/json, application/*+json]
2025-07-02 01:11:42 - Writing [{data=com.banking.dto.TransactionResponse@22a888c9, success=true, message=交易创建成功}]
2025-07-02 01:11:42 - Writing [{data=com.banking.dto.TransactionResponse@4535d5b2, success=true, message=交易创建成功}]
2025-07-02 01:11:42 - Using 'application/json', given [*/*] and supported [application/json, application/*+json]
2025-07-02 01:11:42 - Writing [{data=com.banking.dto.TransactionResponse@6b9c5102, success=true, message=交易创建成功}]
2025-07-02 01:11:42 - Using 'application/json', given [*/*] and supported [application/json, application/*+json]
2025-07-02 01:11:42 - Writing [{data=com.banking.dto.TransactionResponse@6ea1a9e1, success=true, message=交易创建成功}]
2025-07-02 01:11:42 - Using 'application/json', given [*/*] and supported [application/json, application/*+json]
2025-07-02 01:11:42 - Read "application/json;charset=UTF-8" to [com.banking.dto.TransactionRequest@403332fb]
2025-07-02 01:11:42 - Writing [{data=com.banking.dto.TransactionResponse@19b374da, success=true, message=交易创建成功}]
2025-07-02 01:11:42 - Read "application/json;charset=UTF-8" to [com.banking.dto.TransactionRequest@4ba91a9b]
2025-07-02 01:11:42 - Using 'application/json', given [*/*] and supported [application/json, application/*+json]
2025-07-02 01:11:42 - Read "application/json;charset=UTF-8" to [com.banking.dto.TransactionRequest@320381f1]
2025-07-02 01:11:42 - Writing [{data=com.banking.dto.TransactionResponse@2380a45c, success=true, message=交易创建成功}]
2025-07-02 01:11:42 - Using 'application/json', given [*/*] and supported [application/json, application/*+json]
2025-07-02 01:11:42 - Writing [{data=com.banking.dto.TransactionResponse@30fe409c, success=true, message=交易创建成功}]
2025-07-02 01:11:42 - Mapped to com.banking.controller.TransactionController#createTransaction(TransactionRequest)
2025-07-02 01:11:42 - Using 'application/json', given [*/*] and supported [application/json, application/*+json]
2025-07-02 01:11:42 - Using 'application/json', given [*/*] and supported [application/json, application/*+json]
2025-07-02 01:11:42 - Writing [{data=com.banking.dto.TransactionResponse@33e12c76, success=true, message=交易创建成功}]
2025-07-02 01:11:42 - Writing [{data=com.banking.dto.TransactionResponse@663a459a, success=true, message=交易创建成功}]
2025-07-02 01:11:42 - Mapped to com.banking.controller.TransactionController#createTransaction(TransactionRequest)
2025-07-02 01:11:42 - Read "application/json;charset=UTF-8" to [com.banking.dto.TransactionRequest@2f75fdef]
2025-07-02 01:11:42 - Mapped to com.banking.controller.TransactionController#createTransaction(TransactionRequest)
2025-07-02 01:11:42 - Mapped to com.banking.controller.TransactionController#createTransaction(TransactionRequest)
2025-07-02 01:11:42 - Mapped to com.banking.controller.TransactionController#createTransaction(TransactionRequest)
2025-07-02 01:11:42 - Using 'application/json', given [*/*] and supported [application/json, application/*+json]
2025-07-02 01:11:42 - Writing [{data=com.banking.dto.TransactionResponse@1570fb9d, success=true, message=交易创建成功}]
2025-07-02 01:11:42 - Mapped to com.banking.controller.TransactionController#createTransaction(TransactionRequest)
2025-07-02 01:11:42 - Read "application/json;charset=UTF-8" to [com.banking.dto.TransactionRequest@2bc3d4ce]
2025-07-02 01:11:42 - Mapped to com.banking.controller.TransactionController#createTransaction(TransactionRequest)
2025-07-02 01:11:42 - Read "application/json;charset=UTF-8" to [com.banking.dto.TransactionRequest@6cc180f2]
2025-07-02 01:11:42 - Mapped to com.banking.controller.TransactionController#createTransaction(TransactionRequest)
2025-07-02 01:11:42 - Mapped to com.banking.controller.TransactionController#createTransaction(TransactionRequest)
2025-07-02 01:11:42 - Read "application/json;charset=UTF-8" to [com.banking.dto.TransactionRequest@4f34cc50]
2025-07-02 01:11:42 - Read "application/json;charset=UTF-8" to [com.banking.dto.TransactionRequest@1e03e0d3]
2025-07-02 01:11:42 - Read "application/json;charset=UTF-8" to [com.banking.dto.TransactionRequest@34498439]
2025-07-02 01:11:42 - Mapped to com.banking.controller.TransactionController#createTransaction(TransactionRequest)
2025-07-02 01:11:42 - Using 'application/json', given [*/*] and supported [application/json, application/*+json]
2025-07-02 01:11:42 - Read "application/json;charset=UTF-8" to [com.banking.dto.TransactionRequest@621c73c6]
2025-07-02 01:11:42 - Writing [{data=com.banking.dto.TransactionResponse@a7b6734, success=true, message=交易创建成功}]
2025-07-02 01:11:42 - Read "application/json;charset=UTF-8" to [com.banking.dto.TransactionRequest@50ad8ed3]
2025-07-02 01:11:42 - Read "application/json;charset=UTF-8" to [com.banking.dto.TransactionRequest@4bd7b227]
2025-07-02 01:11:42 - Read "application/json;charset=UTF-8" to [com.banking.dto.TransactionRequest@6508115a]
2025-07-02 01:11:42 - Mapped to com.banking.controller.TransactionController#createTransaction(TransactionRequest)
2025-07-02 01:11:42 - Using 'application/json', given [*/*] and supported [application/json, application/*+json]
2025-07-02 01:11:42 - Using 'application/json', given [*/*] and supported [application/json, application/*+json]
2025-07-02 01:11:42 - Writing [{data=com.banking.dto.TransactionResponse@760e9ba3, success=true, message=交易创建成功}]
2025-07-02 01:11:42 - Using 'application/json', given [*/*] and supported [application/json, application/*+json]
2025-07-02 01:11:42 - Writing [{data=com.banking.dto.TransactionResponse@1cd0c520, success=true, message=交易创建成功}]
2025-07-02 01:11:42 - Using 'application/json', given [*/*] and supported [application/json, application/*+json]
2025-07-02 01:11:42 - Using 'application/json', given [*/*] and supported [application/json, application/*+json]
2025-07-02 01:11:42 - Read "application/json;charset=UTF-8" to [com.banking.dto.TransactionRequest@37f82a6a]
2025-07-02 01:11:42 - Using 'application/json', given [*/*] and supported [application/json, application/*+json]
2025-07-02 01:11:42 - Writing [{data=com.banking.dto.TransactionResponse@5eb46c78, success=true, message=交易创建成功}]
2025-07-02 01:11:42 - Writing [{data=com.banking.dto.TransactionResponse@6e6171f4, success=true, message=交易创建成功}]
2025-07-02 01:11:42 - Writing [{data=com.banking.dto.TransactionResponse@302c367, success=true, message=交易创建成功}]
2025-07-02 01:11:42 - Using 'application/json', given [*/*] and supported [application/json, application/*+json]
2025-07-02 01:11:42 - Writing [{data=com.banking.dto.TransactionResponse@54239adb, success=true, message=交易创建成功}]
2025-07-02 01:11:42 - Writing [{data=com.banking.dto.TransactionResponse@22c48a25, success=true, message=交易创建成功}]
2025-07-02 01:11:42 - Using 'application/json', given [*/*] and supported [application/json, application/*+json]
2025-07-02 01:11:42 - Mapped to com.banking.controller.TransactionController#createTransaction(TransactionRequest)
2025-07-02 01:11:42 - Writing [{data=com.banking.dto.TransactionResponse@2e97a6a4, success=true, message=交易创建成功}]
2025-07-02 01:11:42 - Mapped to com.banking.controller.TransactionController#createTransaction(TransactionRequest)
2025-07-02 01:11:42 - Using 'application/json', given [*/*] and supported [application/json, application/*+json]
2025-07-02 01:11:42 - Writing [{data=com.banking.dto.TransactionResponse@61ca6d7d, success=true, message=交易创建成功}]
2025-07-02 01:11:42 - Mapped to com.banking.controller.TransactionController#createTransaction(TransactionRequest)
2025-07-02 01:11:42 - Read "application/json;charset=UTF-8" to [com.banking.dto.TransactionRequest@58c4f88c]
2025-07-02 01:11:42 - Read "application/json;charset=UTF-8" to [com.banking.dto.TransactionRequest@299562b]
2025-07-02 01:11:42 - Read "application/json;charset=UTF-8" to [com.banking.dto.TransactionRequest@4d310c56]
2025-07-02 01:11:42 - Using 'application/json', given [*/*] and supported [application/json, application/*+json]
2025-07-02 01:11:42 - Writing [{data=com.banking.dto.TransactionResponse@59f0afd1, success=true, message=交易创建成功}]
2025-07-02 01:11:42 - Mapped to com.banking.controller.TransactionController#createTransaction(TransactionRequest)
2025-07-02 01:11:42 - Mapped to com.banking.controller.TransactionController#createTransaction(TransactionRequest)
2025-07-02 01:11:42 - Mapped to com.banking.controller.TransactionController#createTransaction(TransactionRequest)
2025-07-02 01:11:42 - Mapped to com.banking.controller.TransactionController#createTransaction(TransactionRequest)
2025-07-02 01:11:42 - Mapped to com.banking.controller.TransactionController#createTransaction(TransactionRequest)
2025-07-02 01:11:42 - Mapped to com.banking.controller.TransactionController#createTransaction(TransactionRequest)
2025-07-02 01:11:42 - Mapped to com.banking.controller.TransactionController#createTransaction(TransactionRequest)
2025-07-02 01:11:42 - Read "application/json;charset=UTF-8" to [com.banking.dto.TransactionRequest@6797fdbe]
2025-07-02 01:11:42 - Read "application/json;charset=UTF-8" to [com.banking.dto.TransactionRequest@1ece331]
2025-07-02 01:11:42 - Mapped to com.banking.controller.TransactionController#createTransaction(TransactionRequest)
2025-07-02 01:11:42 - Read "application/json;charset=UTF-8" to [com.banking.dto.TransactionRequest@34f16647]
2025-07-02 01:11:42 - Read "application/json;charset=UTF-8" to [com.banking.dto.TransactionRequest@23ca7963]
2025-07-02 01:11:42 - Using 'application/json', given [*/*] and supported [application/json, application/*+json]
2025-07-02 01:11:42 - Read "application/json;charset=UTF-8" to [com.banking.dto.TransactionRequest@6153ddbf]
2025-07-02 01:11:42 - Writing [{data=com.banking.dto.TransactionResponse@6893c47b, success=true, message=交易创建成功}]
2025-07-02 01:11:42 - Read "application/json;charset=UTF-8" to [com.banking.dto.TransactionRequest@6cc8a1b7]
2025-07-02 01:11:42 - Read "application/json;charset=UTF-8" to [com.banking.dto.TransactionRequest@500816fb]
2025-07-02 01:11:42 - Using 'application/json', given [*/*] and supported [application/json, application/*+json]
2025-07-02 01:11:42 - Using 'application/json', given [*/*] and supported [application/json, application/*+json]
2025-07-02 01:11:42 - Using 'application/json', given [*/*] and supported [application/json, application/*+json]
2025-07-02 01:11:42 - Read "application/json;charset=UTF-8" to [com.banking.dto.TransactionRequest@7104be1e]
2025-07-02 01:11:42 - Writing [{data=com.banking.dto.TransactionResponse@793144ea, success=true, message=交易创建成功}]
2025-07-02 01:11:42 - Writing [{data=com.banking.dto.TransactionResponse@1ff3dbc4, success=true, message=交易创建成功}]
2025-07-02 01:11:42 - Writing [{data=com.banking.dto.TransactionResponse@5f0670f4, success=true, message=交易创建成功}]
2025-07-02 01:11:42 - Mapped to com.banking.controller.TransactionController#createTransaction(TransactionRequest)
2025-07-02 01:11:42 - Mapped to com.banking.controller.TransactionController#createTransaction(TransactionRequest)
2025-07-02 01:11:42 - Using 'application/json', given [*/*] and supported [application/json, application/*+json]
2025-07-02 01:11:42 - Using 'application/json', given [*/*] and supported [application/json, application/*+json]
2025-07-02 01:11:42 - Writing [{data=com.banking.dto.TransactionResponse@27625a6a, success=true, message=交易创建成功}]
2025-07-02 01:11:42 - Using 'application/json', given [*/*] and supported [application/json, application/*+json]
2025-07-02 01:11:42 - Writing [{data=com.banking.dto.TransactionResponse@6212df23, success=true, message=交易创建成功}]
2025-07-02 01:11:42 - Writing [{data=com.banking.dto.TransactionResponse@7b3d4e8a, success=true, message=交易创建成功}]
2025-07-02 01:11:42 - Using 'application/json', given [*/*] and supported [application/json, application/*+json]
2025-07-02 01:11:42 - Writing [{data=com.banking.dto.TransactionResponse@2dad98f6, success=true, message=交易创建成功}]
2025-07-02 01:11:42 - Read "application/json;charset=UTF-8" to [com.banking.dto.TransactionRequest@63dab872]
2025-07-02 01:11:42 - Using 'application/json', given [*/*] and supported [application/json, application/*+json]
2025-07-02 01:11:42 - Writing [{data=com.banking.dto.TransactionResponse@1f1ed8d7, success=true, message=交易创建成功}]
2025-07-02 01:11:42 - Read "application/json;charset=UTF-8" to [com.banking.dto.TransactionRequest@33d153da]
2025-07-02 01:11:42 - Mapped to com.banking.controller.TransactionController#createTransaction(TransactionRequest)
2025-07-02 01:11:42 - Mapped to com.banking.controller.TransactionController#createTransaction(TransactionRequest)
2025-07-02 01:11:42 - Mapped to com.banking.controller.TransactionController#createTransaction(TransactionRequest)
2025-07-02 01:11:42 - Mapped to com.banking.controller.TransactionController#createTransaction(TransactionRequest)
2025-07-02 01:11:42 - Read "application/json;charset=UTF-8" to [com.banking.dto.TransactionRequest@edbe88b]
2025-07-02 01:11:42 - Read "application/json;charset=UTF-8" to [com.banking.dto.TransactionRequest@7e4c2155]
2025-07-02 01:11:42 - Read "application/json;charset=UTF-8" to [com.banking.dto.TransactionRequest@439d7f8b]
2025-07-02 01:11:42 - Read "application/json;charset=UTF-8" to [com.banking.dto.TransactionRequest@75a1e590]
2025-07-02 01:11:42 - Using 'application/json', given [*/*] and supported [application/json, application/*+json]
2025-07-02 01:11:42 - Writing [{data=com.banking.dto.TransactionResponse@68721c1e, success=true, message=交易创建成功}]
2025-07-02 01:11:42 - Mapped to com.banking.controller.TransactionController#createTransaction(TransactionRequest)
2025-07-02 01:11:42 - Mapped to com.banking.controller.TransactionController#createTransaction(TransactionRequest)
2025-07-02 01:11:42 - Mapped to com.banking.controller.TransactionController#createTransaction(TransactionRequest)
2025-07-02 01:11:42 - Mapped to com.banking.controller.TransactionController#createTransaction(TransactionRequest)
2025-07-02 01:11:42 - Using 'application/json', given [*/*] and supported [application/json, application/*+json]
2025-07-02 01:11:42 - Using 'application/json', given [*/*] and supported [application/json, application/*+json]
2025-07-02 01:11:42 - Writing [{data=com.banking.dto.TransactionResponse@1d4e4852, success=true, message=交易创建成功}]
2025-07-02 01:11:42 - Using 'application/json', given [*/*] and supported [application/json, application/*+json]
2025-07-02 01:11:42 - Writing [{data=com.banking.dto.TransactionResponse@48a84ac, success=true, message=交易创建成功}]
2025-07-02 01:11:42 - Writing [{data=com.banking.dto.TransactionResponse@798740b3, success=true, message=交易创建成功}]
2025-07-02 01:11:42 - Using 'application/json', given [*/*] and supported [application/json, application/*+json]
2025-07-02 01:11:42 - Read "application/json;charset=UTF-8" to [com.banking.dto.TransactionRequest@68aa8c75]
2025-07-02 01:11:42 - Writing [{data=com.banking.dto.TransactionResponse@3d71e0e, success=true, message=交易创建成功}]
2025-07-02 01:11:42 - Mapped to com.banking.controller.TransactionController#createTransaction(TransactionRequest)
2025-07-02 01:11:42 - Using 'application/json', given [*/*] and supported [application/json, application/*+json]
2025-07-02 01:11:42 - Read "application/json;charset=UTF-8" to [com.banking.dto.TransactionRequest@6166cdd0]
2025-07-02 01:11:42 - Writing [{data=com.banking.dto.TransactionResponse@759ca21d, success=true, message=交易创建成功}]
2025-07-02 01:11:42 - Read "application/json;charset=UTF-8" to [com.banking.dto.TransactionRequest@228bed04]
2025-07-02 01:11:42 - Read "application/json;charset=UTF-8" to [com.banking.dto.TransactionRequest@6cacaee]
2025-07-02 01:11:42 - Read "application/json;charset=UTF-8" to [com.banking.dto.TransactionRequest@6f878364]
2025-07-02 01:11:42 - Using 'application/json', given [*/*] and supported [application/json, application/*+json]
2025-07-02 01:11:42 - Using 'application/json', given [*/*] and supported [application/json, application/*+json]
2025-07-02 01:11:42 - Writing [{data=com.banking.dto.TransactionResponse@246cdb38, success=true, message=交易创建成功}]
2025-07-02 01:11:42 - Writing [{data=com.banking.dto.TransactionResponse@3e2672b4, success=true, message=交易创建成功}]
2025-07-02 01:11:42 - Using 'application/json', given [*/*] and supported [application/json, application/*+json]
2025-07-02 01:11:42 - Writing [{data=com.banking.dto.TransactionResponse@34901088, success=true, message=交易创建成功}]
2025-07-02 01:11:42 - Using 'application/json', given [*/*] and supported [application/json, application/*+json]
2025-07-02 01:11:42 - Writing [{data=com.banking.dto.TransactionResponse@6af776d, success=true, message=交易创建成功}]
2025-07-02 01:11:42 - Mapped to com.banking.controller.TransactionController#createTransaction(TransactionRequest)
2025-07-02 01:11:42 - Mapped to com.banking.controller.TransactionController#createTransaction(TransactionRequest)
2025-07-02 01:11:42 - Mapped to com.banking.controller.TransactionController#createTransaction(TransactionRequest)
2025-07-02 01:11:42 - Using 'application/json', given [*/*] and supported [application/json, application/*+json]
2025-07-02 01:11:42 - Using 'application/json', given [*/*] and supported [application/json, application/*+json]
2025-07-02 01:11:42 - Mapped to com.banking.controller.TransactionController#createTransaction(TransactionRequest)
2025-07-02 01:11:42 - Writing [{data=com.banking.dto.TransactionResponse@665a4602, success=true, message=交易创建成功}]
2025-07-02 01:11:42 - Writing [{data=com.banking.dto.TransactionResponse@1d5bc92b, success=true, message=交易创建成功}]
2025-07-02 01:11:42 - Read "application/json;charset=UTF-8" to [com.banking.dto.TransactionRequest@73630f76]
2025-07-02 01:11:42 - Mapped to com.banking.controller.TransactionController#createTransaction(TransactionRequest)
2025-07-02 01:11:42 - Mapped to com.banking.controller.TransactionController#createTransaction(TransactionRequest)
2025-07-02 01:11:42 - Read "application/json;charset=UTF-8" to [com.banking.dto.TransactionRequest@3297229a]
2025-07-02 01:11:42 - Using 'application/json', given [*/*] and supported [application/json, application/*+json]
2025-07-02 01:11:42 - Read "application/json;charset=UTF-8" to [com.banking.dto.TransactionRequest@1059284c]
2025-07-02 01:11:42 - Writing [{data=com.banking.dto.TransactionResponse@14ca7e91, success=true, message=交易创建成功}]
2025-07-02 01:11:42 - Read "application/json;charset=UTF-8" to [com.banking.dto.TransactionRequest@5b4186ce]
2025-07-02 01:11:42 - Read "application/json;charset=UTF-8" to [com.banking.dto.TransactionRequest@32009644]
2025-07-02 01:11:42 - Using 'application/json', given [*/*] and supported [application/json, application/*+json]
2025-07-02 01:11:42 - Read "application/json;charset=UTF-8" to [com.banking.dto.TransactionRequest@5041f422]
2025-07-02 01:11:42 - Writing [{data=com.banking.dto.TransactionResponse@307e0be6, success=true, message=交易创建成功}]
2025-07-02 01:11:42 - Mapped to com.banking.controller.TransactionController#createTransaction(TransactionRequest)
2025-07-02 01:11:42 - Mapped to com.banking.controller.TransactionController#createTransaction(TransactionRequest)
2025-07-02 01:11:42 - Using 'application/json', given [*/*] and supported [application/json, application/*+json]
2025-07-02 01:11:42 - Mapped to com.banking.controller.TransactionController#createTransaction(TransactionRequest)
2025-07-02 01:11:42 - Writing [{data=com.banking.dto.TransactionResponse@25abab24, success=true, message=交易创建成功}]
2025-07-02 01:11:42 - Mapped to com.banking.controller.TransactionController#createTransaction(TransactionRequest)
2025-07-02 01:11:42 - Using 'application/json', given [*/*] and supported [application/json, application/*+json]
2025-07-02 01:11:42 - Read "application/json;charset=UTF-8" to [com.banking.dto.TransactionRequest@2df57606]
2025-07-02 01:11:42 - Read "application/json;charset=UTF-8" to [com.banking.dto.TransactionRequest@45f8e8d1]
2025-07-02 01:11:42 - Writing [{data=com.banking.dto.TransactionResponse@54d119dd, success=true, message=交易创建成功}]
2025-07-02 01:11:42 - Using 'application/json', given [*/*] and supported [application/json, application/*+json]
2025-07-02 01:11:42 - Mapped to com.banking.controller.TransactionController#createTransaction(TransactionRequest)
2025-07-02 01:11:42 - Writing [{data=com.banking.dto.TransactionResponse@6432430e, success=true, message=交易创建成功}]
2025-07-02 01:11:42 - Read "application/json;charset=UTF-8" to [com.banking.dto.TransactionRequest@abd6a22]
2025-07-02 01:11:42 - Mapped to com.banking.controller.TransactionController#createTransaction(TransactionRequest)
2025-07-02 01:11:42 - Read "application/json;charset=UTF-8" to [com.banking.dto.TransactionRequest@ddb364f]
2025-07-02 01:11:42 - Mapped to com.banking.controller.TransactionController#createTransaction(TransactionRequest)
2025-07-02 01:11:42 - Using 'application/json', given [*/*] and supported [application/json, application/*+json]
2025-07-02 01:11:42 - Writing [{data=com.banking.dto.TransactionResponse@55583eb5, success=true, message=交易创建成功}]
2025-07-02 01:11:42 - Using 'application/json', given [*/*] and supported [application/json, application/*+json]
2025-07-02 01:11:42 - Read "application/json;charset=UTF-8" to [com.banking.dto.TransactionRequest@10e811b6]
2025-07-02 01:11:42 - Read "application/json;charset=UTF-8" to [com.banking.dto.TransactionRequest@2b847de8]
2025-07-02 01:11:42 - Using 'application/json', given [*/*] and supported [application/json, application/*+json]
2025-07-02 01:11:42 - Writing [{data=com.banking.dto.TransactionResponse@1f7a6f61, success=true, message=交易创建成功}]
2025-07-02 01:11:42 - Read "application/json;charset=UTF-8" to [com.banking.dto.TransactionRequest@1a659af7]
2025-07-02 01:11:42 - Writing [{data=com.banking.dto.TransactionResponse@155dfe37, success=true, message=交易创建成功}]
2025-07-02 01:11:42 - Using 'application/json', given [*/*] and supported [application/json, application/*+json]
2025-07-02 01:11:42 - Using 'application/json', given [*/*] and supported [application/json, application/*+json]
2025-07-02 01:11:42 - Using 'application/json', given [*/*] and supported [application/json, application/*+json]
2025-07-02 01:11:42 - Writing [{data=com.banking.dto.TransactionResponse@5d974b7, success=true, message=交易创建成功}]
2025-07-02 01:11:42 - Writing [{data=com.banking.dto.TransactionResponse@12a69930, success=true, message=交易创建成功}]
2025-07-02 01:11:42 - Mapped to com.banking.controller.TransactionController#createTransaction(TransactionRequest)
2025-07-02 01:11:42 - Using 'application/json', given [*/*] and supported [application/json, application/*+json]
2025-07-02 01:11:42 - Writing [{data=com.banking.dto.TransactionResponse@7f13522c, success=true, message=交易创建成功}]
2025-07-02 01:11:42 - Writing [{data=com.banking.dto.TransactionResponse@2c952346, success=true, message=交易创建成功}]
2025-07-02 01:11:42 - Mapped to com.banking.controller.TransactionController#createTransaction(TransactionRequest)
2025-07-02 01:11:42 - Using 'application/json', given [*/*] and supported [application/json, application/*+json]
2025-07-02 01:11:42 - Mapped to com.banking.controller.TransactionController#createTransaction(TransactionRequest)
2025-07-02 01:11:42 - Writing [{data=com.banking.dto.TransactionResponse@33ab41a2, success=true, message=交易创建成功}]
2025-07-02 01:11:42 - Using 'application/json', given [*/*] and supported [application/json, application/*+json]
2025-07-02 01:11:42 - Mapped to com.banking.controller.TransactionController#createTransaction(TransactionRequest)
2025-07-02 01:11:42 - Read "application/json;charset=UTF-8" to [com.banking.dto.TransactionRequest@1e3dc217]
2025-07-02 01:11:42 - Writing [{data=com.banking.dto.TransactionResponse@4e1e222b, success=true, message=交易创建成功}]
2025-07-02 01:11:42 - Using 'application/json', given [*/*] and supported [application/json, application/*+json]
2025-07-02 01:11:42 - Writing [{data=com.banking.dto.TransactionResponse@4017eca1, success=true, message=交易创建成功}]
2025-07-02 01:11:42 - Read "application/json;charset=UTF-8" to [com.banking.dto.TransactionRequest@3d0870f4]
2025-07-02 01:11:42 - Read "application/json;charset=UTF-8" to [com.banking.dto.TransactionRequest@45f8fd98]
2025-07-02 01:11:42 - Mapped to com.banking.controller.TransactionController#createTransaction(TransactionRequest)
2025-07-02 01:11:42 - Mapped to com.banking.controller.TransactionController#createTransaction(TransactionRequest)
2025-07-02 01:11:42 - Read "application/json;charset=UTF-8" to [com.banking.dto.TransactionRequest@3481d0f]
2025-07-02 01:11:42 - Mapped to com.banking.controller.TransactionController#createTransaction(TransactionRequest)
2025-07-02 01:11:42 - Mapped to com.banking.controller.TransactionController#createTransaction(TransactionRequest)
2025-07-02 01:11:42 - Mapped to com.banking.controller.TransactionController#createTransaction(TransactionRequest)
2025-07-02 01:11:42 - Mapped to com.banking.controller.TransactionController#createTransaction(TransactionRequest)
2025-07-02 01:11:42 - Mapped to com.banking.controller.TransactionController#createTransaction(TransactionRequest)
2025-07-02 01:11:42 - Read "application/json;charset=UTF-8" to [com.banking.dto.TransactionRequest@13f33dd5]
2025-07-02 01:11:42 - Read "application/json;charset=UTF-8" to [com.banking.dto.TransactionRequest@9f8189c]
2025-07-02 01:11:42 - Read "application/json;charset=UTF-8" to [com.banking.dto.TransactionRequest@69a81caf]
2025-07-02 01:11:42 - Mapped to com.banking.controller.TransactionController#createTransaction(TransactionRequest)
2025-07-02 01:11:42 - Read "application/json;charset=UTF-8" to [com.banking.dto.TransactionRequest@5dd86d01]
2025-07-02 01:11:42 - Read "application/json;charset=UTF-8" to [com.banking.dto.TransactionRequest@775c9d9f]
2025-07-02 01:11:42 - Read "application/json;charset=UTF-8" to [com.banking.dto.TransactionRequest@44460a4b]
2025-07-02 01:11:42 - Read "application/json;charset=UTF-8" to [com.banking.dto.TransactionRequest@7ea3e02d]
2025-07-02 01:11:42 - Mapped to com.banking.controller.TransactionController#createTransaction(TransactionRequest)
2025-07-02 01:11:42 - Mapped to com.banking.controller.TransactionController#createTransaction(TransactionRequest)
2025-07-02 01:11:42 - Read "application/json;charset=UTF-8" to [com.banking.dto.TransactionRequest@528108f3]
2025-07-02 01:11:42 - Read "application/json;charset=UTF-8" to [com.banking.dto.TransactionRequest@71a26055]
2025-07-02 01:11:42 - Read "application/json;charset=UTF-8" to [com.banking.dto.TransactionRequest@f7f7ab4]
2025-07-02 01:11:42 - Using 'application/json', given [*/*] and supported [application/json, application/*+json]
2025-07-02 01:11:42 - Writing [{data=com.banking.dto.TransactionResponse@5dd8dfd2, success=true, message=交易创建成功}]
2025-07-02 01:11:42 - Using 'application/json', given [*/*] and supported [application/json, application/*+json]
2025-07-02 01:11:42 - Writing [{data=com.banking.dto.TransactionResponse@1ccc09a, success=true, message=交易创建成功}]
2025-07-02 01:11:42 - Using 'application/json', given [*/*] and supported [application/json, application/*+json]
2025-07-02 01:11:42 - Writing [{data=com.banking.dto.TransactionResponse@6ecda67a, success=true, message=交易创建成功}]
2025-07-02 01:11:42 - Using 'application/json', given [*/*] and supported [application/json, application/*+json]
2025-07-02 01:11:42 - Writing [{data=com.banking.dto.TransactionResponse@45b03138, success=true, message=交易创建成功}]
2025-07-02 01:11:42 - Using 'application/json', given [*/*] and supported [application/json, application/*+json]
2025-07-02 01:11:42 - Writing [{data=com.banking.dto.TransactionResponse@113a98f9, success=true, message=交易创建成功}]
2025-07-02 01:11:42 - Using 'application/json', given [*/*] and supported [application/json, application/*+json]
2025-07-02 01:11:42 - Using 'application/json', given [*/*] and supported [application/json, application/*+json]
2025-07-02 01:11:42 - Writing [{data=com.banking.dto.TransactionResponse@86f9663, success=true, message=交易创建成功}]
2025-07-02 01:11:42 - Using 'application/json', given [*/*] and supported [application/json, application/*+json]
2025-07-02 01:11:42 - Using 'application/json', given [*/*] and supported [application/json, application/*+json]
2025-07-02 01:11:42 - Writing [{data=com.banking.dto.TransactionResponse@292c2ae9, success=true, message=交易创建成功}]
2025-07-02 01:11:42 - Writing [{data=com.banking.dto.TransactionResponse@7ed856af, success=true, message=交易创建成功}]
2025-07-02 01:11:42 - Writing [{data=com.banking.dto.TransactionResponse@c1ed4b1, success=true, message=交易创建成功}]
2025-07-02 01:11:42 - Using 'application/json', given [*/*] and supported [application/json, application/*+json]
2025-07-02 01:11:42 - Writing [{data=com.banking.dto.TransactionResponse@317751ca, success=true, message=交易创建成功}]
2025-07-02 01:11:42 - Using 'application/json', given [*/*] and supported [application/json, application/*+json]
2025-07-02 01:11:42 - Writing [{data=com.banking.dto.TransactionResponse@cab852c, success=true, message=交易创建成功}]
2025-07-02 01:11:42 - Mapped to com.banking.controller.TransactionController#createTransaction(TransactionRequest)
2025-07-02 01:11:42 - Using 'application/json', given [*/*] and supported [application/json, application/*+json]
2025-07-02 01:11:42 - Mapped to com.banking.controller.TransactionController#createTransaction(TransactionRequest)
2025-07-02 01:11:42 - Mapped to com.banking.controller.TransactionController#createTransaction(TransactionRequest)
2025-07-02 01:11:42 - Mapped to com.banking.controller.TransactionController#createTransaction(TransactionRequest)
2025-07-02 01:11:42 - Mapped to com.banking.controller.TransactionController#createTransaction(TransactionRequest)
2025-07-02 01:11:42 - Writing [{data=com.banking.dto.TransactionResponse@c725427, success=true, message=交易创建成功}]
2025-07-02 01:11:42 - Read "application/json;charset=UTF-8" to [com.banking.dto.TransactionRequest@1b419576]
2025-07-02 01:11:42 - Read "application/json;charset=UTF-8" to [com.banking.dto.TransactionRequest@7009c4c6]
2025-07-02 01:11:42 - Read "application/json;charset=UTF-8" to [com.banking.dto.TransactionRequest@399cef76]
2025-07-02 01:11:42 - Read "application/json;charset=UTF-8" to [com.banking.dto.TransactionRequest@4d3504d8]
2025-07-02 01:11:42 - Mapped to com.banking.controller.TransactionController#createTransaction(TransactionRequest)
2025-07-02 01:11:42 - Using 'application/json', given [*/*] and supported [application/json, application/*+json]
2025-07-02 01:11:42 - Mapped to com.banking.controller.TransactionController#createTransaction(TransactionRequest)
2025-07-02 01:11:42 - Mapped to com.banking.controller.TransactionController#createTransaction(TransactionRequest)
2025-07-02 01:11:42 - Read "application/json;charset=UTF-8" to [com.banking.dto.TransactionRequest@56b5d3fc]
2025-07-02 01:11:42 - Writing [{data=com.banking.dto.TransactionResponse@78baec03, success=true, message=交易创建成功}]
2025-07-02 01:11:42 - Read "application/json;charset=UTF-8" to [com.banking.dto.TransactionRequest@5d344d9b]
2025-07-02 01:11:42 - Mapped to com.banking.controller.TransactionController#createTransaction(TransactionRequest)
2025-07-02 01:11:42 - Read "application/json;charset=UTF-8" to [com.banking.dto.TransactionRequest@5bc38578]
2025-07-02 01:11:42 - Mapped to com.banking.controller.TransactionController#createTransaction(TransactionRequest)
2025-07-02 01:11:42 - Mapped to com.banking.controller.TransactionController#createTransaction(TransactionRequest)
2025-07-02 01:11:42 - Mapped to com.banking.controller.TransactionController#createTransaction(TransactionRequest)
2025-07-02 01:11:42 - Read "application/json;charset=UTF-8" to [com.banking.dto.TransactionRequest@2ebeed3d]
2025-07-02 01:11:42 - Read "application/json;charset=UTF-8" to [com.banking.dto.TransactionRequest@63a36f74]
2025-07-02 01:11:42 - Read "application/json;charset=UTF-8" to [com.banking.dto.TransactionRequest@6cac7972]
2025-07-02 01:11:42 - Read "application/json;charset=UTF-8" to [com.banking.dto.TransactionRequest@2b857796]
2025-07-02 01:11:42 - Using 'application/json', given [*/*] and supported [application/json, application/*+json]
2025-07-02 01:11:42 - Using 'application/json', given [*/*] and supported [application/json, application/*+json]
2025-07-02 01:11:42 - Read "application/json;charset=UTF-8" to [com.banking.dto.TransactionRequest@7bf530a4]
2025-07-02 01:11:42 - Writing [{data=com.banking.dto.TransactionResponse@681d5821, success=true, message=交易创建成功}]
2025-07-02 01:11:42 - Writing [{data=com.banking.dto.TransactionResponse@3300755, success=true, message=交易创建成功}]
2025-07-02 01:11:42 - Using 'application/json', given [*/*] and supported [application/json, application/*+json]
2025-07-02 01:11:42 - Using 'application/json', given [*/*] and supported [application/json, application/*+json]
2025-07-02 01:11:42 - Using 'application/json', given [*/*] and supported [application/json, application/*+json]
2025-07-02 01:11:42 - Using 'application/json', given [*/*] and supported [application/json, application/*+json]
2025-07-02 01:11:42 - Writing [{data=com.banking.dto.TransactionResponse@59a9ac5b, success=true, message=交易创建成功}]
2025-07-02 01:11:42 - Writing [{data=com.banking.dto.TransactionResponse@712d0494, success=true, message=交易创建成功}]
2025-07-02 01:11:42 - Writing [{data=com.banking.dto.TransactionResponse@42138a25, success=true, message=交易创建成功}]
2025-07-02 01:11:42 - Writing [{data=com.banking.dto.TransactionResponse@1f1ba750, success=true, message=交易创建成功}]
2025-07-02 01:11:42 - Mapped to com.banking.controller.TransactionController#createTransaction(TransactionRequest)
2025-07-02 01:11:42 - Using 'application/json', given [*/*] and supported [application/json, application/*+json]
2025-07-02 01:11:42 - Using 'application/json', given [*/*] and supported [application/json, application/*+json]
2025-07-02 01:11:42 - Writing [{data=com.banking.dto.TransactionResponse@3ba52d05, success=true, message=交易创建成功}]
2025-07-02 01:11:42 - Writing [{data=com.banking.dto.TransactionResponse@c5d832a, success=true, message=交易创建成功}]
2025-07-02 01:11:42 - Read "application/json;charset=UTF-8" to [com.banking.dto.TransactionRequest@5d4984f7]
2025-07-02 01:11:42 - Using 'application/json', given [*/*] and supported [application/json, application/*+json]
2025-07-02 01:11:42 - Writing [{data=com.banking.dto.TransactionResponse@56862d9d, success=true, message=交易创建成功}]
2025-07-02 01:11:42 - Mapped to com.banking.controller.TransactionController#createTransaction(TransactionRequest)
2025-07-02 01:11:42 - Mapped to com.banking.controller.TransactionController#createTransaction(TransactionRequest)
2025-07-02 01:11:42 - Mapped to com.banking.controller.TransactionController#createTransaction(TransactionRequest)
2025-07-02 01:11:42 - Read "application/json;charset=UTF-8" to [com.banking.dto.TransactionRequest@2febc1d1]
2025-07-02 01:11:42 - Mapped to com.banking.controller.TransactionController#createTransaction(TransactionRequest)
2025-07-02 01:11:42 - Mapped to com.banking.controller.TransactionController#createTransaction(TransactionRequest)
2025-07-02 01:11:42 - Read "application/json;charset=UTF-8" to [com.banking.dto.TransactionRequest@2b2c8cc4]
2025-07-02 01:11:42 - Read "application/json;charset=UTF-8" to [com.banking.dto.TransactionRequest@7bb64802]
2025-07-02 01:11:42 - Read "application/json;charset=UTF-8" to [com.banking.dto.TransactionRequest@17e58a3f]
2025-07-02 01:11:42 - Mapped to com.banking.controller.TransactionController#createTransaction(TransactionRequest)
2025-07-02 01:11:42 - Mapped to com.banking.controller.TransactionController#createTransaction(TransactionRequest)
2025-07-02 01:11:42 - Mapped to com.banking.controller.TransactionController#createTransaction(TransactionRequest)
2025-07-02 01:11:42 - Read "application/json;charset=UTF-8" to [com.banking.dto.TransactionRequest@43672d]
2025-07-02 01:11:42 - Mapped to com.banking.controller.TransactionController#createTransaction(TransactionRequest)
2025-07-02 01:11:42 - Using 'application/json', given [*/*] and supported [application/json, application/*+json]
2025-07-02 01:11:42 - Writing [{data=com.banking.dto.TransactionResponse@765bf831, success=true, message=交易创建成功}]
2025-07-02 01:11:42 - Read "application/json;charset=UTF-8" to [com.banking.dto.TransactionRequest@c2fe088]
2025-07-02 01:11:42 - Read "application/json;charset=UTF-8" to [com.banking.dto.TransactionRequest@4f452199]
2025-07-02 01:11:42 - Using 'application/json', given [*/*] and supported [application/json, application/*+json]
2025-07-02 01:11:42 - Read "application/json;charset=UTF-8" to [com.banking.dto.TransactionRequest@e914cb9]
2025-07-02 01:11:42 - Writing [{data=com.banking.dto.TransactionResponse@1d8c1ea, success=true, message=交易创建成功}]
2025-07-02 01:11:42 - Using 'application/json', given [*/*] and supported [application/json, application/*+json]
2025-07-02 01:11:42 - Writing [{data=com.banking.dto.TransactionResponse@5cce51ee, success=true, message=交易创建成功}]
2025-07-02 01:11:42 - Using 'application/json', given [*/*] and supported [application/json, application/*+json]
2025-07-02 01:11:42 - Writing [{data=com.banking.dto.TransactionResponse@301bbd1a, success=true, message=交易创建成功}]
2025-07-02 01:11:42 - Read "application/json;charset=UTF-8" to [com.banking.dto.TransactionRequest@6a695bb5]
2025-07-02 01:11:42 - Using 'application/json', given [*/*] and supported [application/json, application/*+json]
2025-07-02 01:11:42 - Using 'application/json', given [*/*] and supported [application/json, application/*+json]
2025-07-02 01:11:42 - Writing [{data=com.banking.dto.TransactionResponse@13d6327f, success=true, message=交易创建成功}]
2025-07-02 01:11:42 - Writing [{data=com.banking.dto.TransactionResponse@21c742a9, success=true, message=交易创建成功}]
2025-07-02 01:11:42 - Using 'application/json', given [*/*] and supported [application/json, application/*+json]
2025-07-02 01:11:42 - Writing [{data=com.banking.dto.TransactionResponse@10467bb8, success=true, message=交易创建成功}]
2025-07-02 01:11:42 - Using 'application/json', given [*/*] and supported [application/json, application/*+json]
2025-07-02 01:11:42 - Using 'application/json', given [*/*] and supported [application/json, application/*+json]
2025-07-02 01:11:42 - Writing [{data=com.banking.dto.TransactionResponse@4676d47f, success=true, message=交易创建成功}]
2025-07-02 01:11:42 - Writing [{data=com.banking.dto.TransactionResponse@582afaf8, success=true, message=交易创建成功}]
2025-07-02 01:11:42 - Using 'application/json', given [*/*] and supported [application/json, application/*+json]
2025-07-02 01:11:42 - Writing [{data=com.banking.dto.TransactionResponse@5101169, success=true, message=交易创建成功}]
2025-07-02 01:11:42 - Using 'application/json', given [*/*] and supported [application/json, application/*+json]
2025-07-02 01:11:42 - Writing [{data=com.banking.dto.TransactionResponse@30083421, success=true, message=交易创建成功}]
2025-07-02 01:11:42 - Mapped to com.banking.controller.TransactionController#createTransaction(TransactionRequest)
2025-07-02 01:11:42 - Mapped to com.banking.controller.TransactionController#createTransaction(TransactionRequest)
2025-07-02 01:11:42 - Mapped to com.banking.controller.TransactionController#createTransaction(TransactionRequest)
2025-07-02 01:11:42 - Mapped to com.banking.controller.TransactionController#createTransaction(TransactionRequest)
2025-07-02 01:11:42 - Read "application/json;charset=UTF-8" to [com.banking.dto.TransactionRequest@2fed34db]
2025-07-02 01:11:42 - Read "application/json;charset=UTF-8" to [com.banking.dto.TransactionRequest@252b11ff]
2025-07-02 01:11:42 - Read "application/json;charset=UTF-8" to [com.banking.dto.TransactionRequest@1649c29a]
2025-07-02 01:11:42 - Read "application/json;charset=UTF-8" to [com.banking.dto.TransactionRequest@1d0868f3]
2025-07-02 01:11:42 - Mapped to com.banking.controller.TransactionController#createTransaction(TransactionRequest)
2025-07-02 01:11:42 - Mapped to com.banking.controller.TransactionController#createTransaction(TransactionRequest)
2025-07-02 01:11:42 - Mapped to com.banking.controller.TransactionController#createTransaction(TransactionRequest)
2025-07-02 01:11:42 - Using 'application/json', given [*/*] and supported [application/json, application/*+json]
2025-07-02 01:11:42 - Writing [{data=com.banking.dto.TransactionResponse@18b2f643, success=true, message=交易创建成功}]
2025-07-02 01:11:42 - Read "application/json;charset=UTF-8" to [com.banking.dto.TransactionRequest@45dafe50]
2025-07-02 01:11:42 - Read "application/json;charset=UTF-8" to [com.banking.dto.TransactionRequest@625fb82c]
2025-07-02 01:11:42 - Read "application/json;charset=UTF-8" to [com.banking.dto.TransactionRequest@2df4618a]
2025-07-02 01:11:42 - Using 'application/json', given [*/*] and supported [application/json, application/*+json]
2025-07-02 01:11:42 - Writing [{data=com.banking.dto.TransactionResponse@219058ac, success=true, message=交易创建成功}]
2025-07-02 01:11:42 - Using 'application/json', given [*/*] and supported [application/json, application/*+json]
2025-07-02 01:11:42 - Writing [{data=com.banking.dto.TransactionResponse@31bee1b2, success=true, message=交易创建成功}]
2025-07-02 01:11:42 - Using 'application/json', given [*/*] and supported [application/json, application/*+json]
2025-07-02 01:11:42 - Using 'application/json', given [*/*] and supported [application/json, application/*+json]
2025-07-02 01:11:42 - Mapped to com.banking.controller.TransactionController#createTransaction(TransactionRequest)
2025-07-02 01:11:42 - Mapped to com.banking.controller.TransactionController#createTransaction(TransactionRequest)
2025-07-02 01:11:42 - Mapped to com.banking.controller.TransactionController#createTransaction(TransactionRequest)
2025-07-02 01:11:42 - Writing [{data=com.banking.dto.TransactionResponse@69462aa4, success=true, message=交易创建成功}]
2025-07-02 01:11:42 - Mapped to com.banking.controller.TransactionController#createTransaction(TransactionRequest)
2025-07-02 01:11:42 - Writing [{data=com.banking.dto.TransactionResponse@7a6c86fd, success=true, message=交易创建成功}]
2025-07-02 01:11:42 - Read "application/json;charset=UTF-8" to [com.banking.dto.TransactionRequest@1fa9161e]
2025-07-02 01:11:42 - Using 'application/json', given [*/*] and supported [application/json, application/*+json]
2025-07-02 01:11:42 - Using 'application/json', given [*/*] and supported [application/json, application/*+json]
2025-07-02 01:11:42 - Writing [{data=com.banking.dto.TransactionResponse@2c219db1, success=true, message=交易创建成功}]
2025-07-02 01:11:42 - Using 'application/json', given [*/*] and supported [application/json, application/*+json]
2025-07-02 01:11:42 - Read "application/json;charset=UTF-8" to [com.banking.dto.TransactionRequest@52706e77]
2025-07-02 01:11:42 - Writing [{data=com.banking.dto.TransactionResponse@65282b3d, success=true, message=交易创建成功}]
2025-07-02 01:11:42 - Using 'application/json', given [*/*] and supported [application/json, application/*+json]
2025-07-02 01:11:42 - Mapped to com.banking.controller.TransactionController#createTransaction(TransactionRequest)
2025-07-02 01:11:42 - Read "application/json;charset=UTF-8" to [com.banking.dto.TransactionRequest@495855d6]
2025-07-02 01:11:42 - Writing [{data=com.banking.dto.TransactionResponse@3aae6a22, success=true, message=交易创建成功}]
2025-07-02 01:11:42 - Using 'application/json', given [*/*] and supported [application/json, application/*+json]
2025-07-02 01:11:42 - Read "application/json;charset=UTF-8" to [com.banking.dto.TransactionRequest@6c95a545]
2025-07-02 01:11:42 - Writing [{data=com.banking.dto.TransactionResponse@3492b7bf, success=true, message=交易创建成功}]
2025-07-02 01:11:42 - Using 'application/json', given [*/*] and supported [application/json, application/*+json]
2025-07-02 01:11:42 - Writing [{data=com.banking.dto.TransactionResponse@2bf6e9ef, success=true, message=交易创建成功}]
2025-07-02 01:11:42 - Read "application/json;charset=UTF-8" to [com.banking.dto.TransactionRequest@6f7301a]
2025-07-02 01:11:42 - Using 'application/json', given [*/*] and supported [application/json, application/*+json]
2025-07-02 01:11:42 - Writing [{data=com.banking.dto.TransactionResponse@6018ab83, success=true, message=交易创建成功}]
2025-07-02 01:11:42 - Writing [{data=com.banking.dto.TransactionResponse@4686eb44, success=true, message=交易创建成功}]
2025-07-02 01:11:42 - Mapped to com.banking.controller.TransactionController#createTransaction(TransactionRequest)
2025-07-02 01:11:42 - Mapped to com.banking.controller.TransactionController#createTransaction(TransactionRequest)
2025-07-02 01:11:42 - Mapped to com.banking.controller.TransactionController#createTransaction(TransactionRequest)
2025-07-02 01:11:42 - Mapped to com.banking.controller.TransactionController#createTransaction(TransactionRequest)
2025-07-02 01:11:42 - Read "application/json;charset=UTF-8" to [com.banking.dto.TransactionRequest@4e896400]
2025-07-02 01:11:42 - Read "application/json;charset=UTF-8" to [com.banking.dto.TransactionRequest@4a055f7e]
2025-07-02 01:11:42 - Read "application/json;charset=UTF-8" to [com.banking.dto.TransactionRequest@48d09f23]
2025-07-02 01:11:42 - Read "application/json;charset=UTF-8" to [com.banking.dto.TransactionRequest@791f7b8c]
2025-07-02 01:11:42 - Mapped to com.banking.controller.TransactionController#createTransaction(TransactionRequest)
2025-07-02 01:11:42 - Mapped to com.banking.controller.TransactionController#createTransaction(TransactionRequest)
2025-07-02 01:11:42 - Mapped to com.banking.controller.TransactionController#createTransaction(TransactionRequest)
2025-07-02 01:11:42 - Mapped to com.banking.controller.TransactionController#createTransaction(TransactionRequest)
2025-07-02 01:11:42 - Read "application/json;charset=UTF-8" to [com.banking.dto.TransactionRequest@3c3f689e]
2025-07-02 01:11:42 - Read "application/json;charset=UTF-8" to [com.banking.dto.TransactionRequest@2da4dd44]
2025-07-02 01:11:42 - Read "application/json;charset=UTF-8" to [com.banking.dto.TransactionRequest@7d95049c]
2025-07-02 01:11:42 - Read "application/json;charset=UTF-8" to [com.banking.dto.TransactionRequest@36d12ad1]
2025-07-02 01:11:42 - Mapped to com.banking.controller.TransactionController#createTransaction(TransactionRequest)
2025-07-02 01:11:42 - Mapped to com.banking.controller.TransactionController#createTransaction(TransactionRequest)
2025-07-02 01:11:42 - Mapped to com.banking.controller.TransactionController#createTransaction(TransactionRequest)
2025-07-02 01:11:42 - Using 'application/json', given [*/*] and supported [application/json, application/*+json]
2025-07-02 01:11:42 - Writing [{data=com.banking.dto.TransactionResponse@54f571f6, success=true, message=交易创建成功}]
2025-07-02 01:11:42 - Using 'application/json', given [*/*] and supported [application/json, application/*+json]
2025-07-02 01:11:42 - Read "application/json;charset=UTF-8" to [com.banking.dto.TransactionRequest@462b5898]
2025-07-02 01:11:42 - Writing [{data=com.banking.dto.TransactionResponse@4b0566ec, success=true, message=交易创建成功}]
2025-07-02 01:11:42 - Using 'application/json', given [*/*] and supported [application/json, application/*+json]
2025-07-02 01:11:42 - Using 'application/json', given [*/*] and supported [application/json, application/*+json]
2025-07-02 01:11:42 - Read "application/json;charset=UTF-8" to [com.banking.dto.TransactionRequest@68299ed1]
2025-07-02 01:11:42 - Writing [{data=com.banking.dto.TransactionResponse@7896cf66, success=true, message=交易创建成功}]
2025-07-02 01:11:42 - Read "application/json;charset=UTF-8" to [com.banking.dto.TransactionRequest@c58b69e]
2025-07-02 01:11:42 - Using 'application/json', given [*/*] and supported [application/json, application/*+json]
2025-07-02 01:11:42 - Writing [{data=com.banking.dto.TransactionResponse@19ecef8f, success=true, message=交易创建成功}]
2025-07-02 01:11:42 - Using 'application/json', given [*/*] and supported [application/json, application/*+json]
2025-07-02 01:11:42 - Writing [{data=com.banking.dto.TransactionResponse@445c2a4f, success=true, message=交易创建成功}]
2025-07-02 01:11:42 - Using 'application/json', given [*/*] and supported [application/json, application/*+json]
2025-07-02 01:11:42 - Using 'application/json', given [*/*] and supported [application/json, application/*+json]
2025-07-02 01:11:42 - Using 'application/json', given [*/*] and supported [application/json, application/*+json]
2025-07-02 01:11:42 - Writing [{data=com.banking.dto.TransactionResponse@43a3b60, success=true, message=交易创建成功}]
2025-07-02 01:11:42 - Writing [{data=com.banking.dto.TransactionResponse@1e4df830, success=true, message=交易创建成功}]
2025-07-02 01:11:42 - Writing [{data=com.banking.dto.TransactionResponse@51c5836c, success=true, message=交易创建成功}]
2025-07-02 01:11:42 - Using 'application/json', given [*/*] and supported [application/json, application/*+json]
2025-07-02 01:11:42 - Writing [{data=com.banking.dto.TransactionResponse@3389942b, success=true, message=交易创建成功}]
2025-07-02 01:11:42 - Writing [{data=com.banking.dto.TransactionResponse@5047d4e7, success=true, message=交易创建成功}]
2025-07-02 01:11:42 - Using 'application/json', given [*/*] and supported [application/json, application/*+json]
2025-07-02 01:11:42 - Writing [{data=com.banking.dto.TransactionResponse@2e2a213e, success=true, message=交易创建成功}]
2025-07-02 01:11:42 - Mapped to com.banking.controller.TransactionController#createTransaction(TransactionRequest)
2025-07-02 01:11:42 - Mapped to com.banking.controller.TransactionController#createTransaction(TransactionRequest)
2025-07-02 01:11:42 - Mapped to com.banking.controller.TransactionController#createTransaction(TransactionRequest)
2025-07-02 01:11:42 - Mapped to com.banking.controller.TransactionController#createTransaction(TransactionRequest)
2025-07-02 01:11:42 - Mapped to com.banking.controller.TransactionController#createTransaction(TransactionRequest)
2025-07-02 01:11:42 - Mapped to com.banking.controller.TransactionController#createTransaction(TransactionRequest)
2025-07-02 01:11:42 - Read "application/json;charset=UTF-8" to [com.banking.dto.TransactionRequest@acd7f4]
2025-07-02 01:11:42 - Read "application/json;charset=UTF-8" to [com.banking.dto.TransactionRequest@8485c86]
2025-07-02 01:11:42 - Read "application/json;charset=UTF-8" to [com.banking.dto.TransactionRequest@236c46d1]
2025-07-02 01:11:42 - Mapped to com.banking.controller.TransactionController#createTransaction(TransactionRequest)
2025-07-02 01:11:42 - Read "application/json;charset=UTF-8" to [com.banking.dto.TransactionRequest@71852724]
2025-07-02 01:11:42 - Read "application/json;charset=UTF-8" to [com.banking.dto.TransactionRequest@3f8456fc]
2025-07-02 01:11:42 - Read "application/json;charset=UTF-8" to [com.banking.dto.TransactionRequest@45f369a6]
2025-07-02 01:11:42 - Mapped to com.banking.controller.TransactionController#createTransaction(TransactionRequest)
2025-07-02 01:11:42 - Read "application/json;charset=UTF-8" to [com.banking.dto.TransactionRequest@2284a493]
2025-07-02 01:11:42 - Read "application/json;charset=UTF-8" to [com.banking.dto.TransactionRequest@7c940840]
2025-07-02 01:11:42 - Mapped to com.banking.controller.TransactionController#createTransaction(TransactionRequest)
2025-07-02 01:11:42 - Mapped to com.banking.controller.TransactionController#createTransaction(TransactionRequest)
2025-07-02 01:11:42 - Mapped to com.banking.controller.TransactionController#createTransaction(TransactionRequest)
2025-07-02 01:11:42 - Read "application/json;charset=UTF-8" to [com.banking.dto.TransactionRequest@4d337b84]
2025-07-02 01:11:42 - Using 'application/json', given [*/*] and supported [application/json, application/*+json]
2025-07-02 01:11:42 - Using 'application/json', given [*/*] and supported [application/json, application/*+json]
2025-07-02 01:11:42 - Using 'application/json', given [*/*] and supported [application/json, application/*+json]
2025-07-02 01:11:42 - Writing [{data=com.banking.dto.TransactionResponse@7d918f69, success=true, message=交易创建成功}]
2025-07-02 01:11:42 - Writing [{data=com.banking.dto.TransactionResponse@77a128bc, success=true, message=交易创建成功}]
2025-07-02 01:11:42 - Writing [{data=com.banking.dto.TransactionResponse@40b5bc0e, success=true, message=交易创建成功}]
2025-07-02 01:11:42 - Using 'application/json', given [*/*] and supported [application/json, application/*+json]
2025-07-02 01:11:42 - Using 'application/json', given [*/*] and supported [application/json, application/*+json]
2025-07-02 01:11:42 - Read "application/json;charset=UTF-8" to [com.banking.dto.TransactionRequest@5be8cee9]
2025-07-02 01:11:42 - Using 'application/json', given [*/*] and supported [application/json, application/*+json]
2025-07-02 01:11:42 - Read "application/json;charset=UTF-8" to [com.banking.dto.TransactionRequest@6038e4c]
2025-07-02 01:11:42 - Writing [{data=com.banking.dto.TransactionResponse@7f3c1ca3, success=true, message=交易创建成功}]
2025-07-02 01:11:42 - Writing [{data=com.banking.dto.TransactionResponse@5d18283e, success=true, message=交易创建成功}]
2025-07-02 01:11:42 - Using 'application/json', given [*/*] and supported [application/json, application/*+json]
2025-07-02 01:11:42 - Writing [{data=com.banking.dto.TransactionResponse@548577, success=true, message=交易创建成功}]
2025-07-02 01:11:42 - Using 'application/json', given [*/*] and supported [application/json, application/*+json]
2025-07-02 01:11:42 - Writing [{data=com.banking.dto.TransactionResponse@250c835e, success=true, message=交易创建成功}]
2025-07-02 01:11:42 - Writing [{data=com.banking.dto.TransactionResponse@46a2e2ea, success=true, message=交易创建成功}]
2025-07-02 01:11:42 - Using 'application/json', given [*/*] and supported [application/json, application/*+json]
2025-07-02 01:11:42 - Using 'application/json', given [*/*] and supported [application/json, application/*+json]
2025-07-02 01:11:42 - Writing [{data=com.banking.dto.TransactionResponse@19954357, success=true, message=交易创建成功}]
2025-07-02 01:11:42 - Writing [{data=com.banking.dto.TransactionResponse@1e97573e, success=true, message=交易创建成功}]
2025-07-02 01:11:42 - Using 'application/json', given [*/*] and supported [application/json, application/*+json]
2025-07-02 01:11:42 - Using 'application/json', given [*/*] and supported [application/json, application/*+json]
2025-07-02 01:11:42 - Writing [{data=com.banking.dto.TransactionResponse@bc78681, success=true, message=交易创建成功}]
2025-07-02 01:11:42 - Mapped to com.banking.controller.TransactionController#createTransaction(TransactionRequest)
2025-07-02 01:11:42 - Using 'application/json', given [*/*] and supported [application/json, application/*+json]
2025-07-02 01:11:42 - Mapped to com.banking.controller.TransactionController#createTransaction(TransactionRequest)
2025-07-02 01:11:42 - Writing [{data=com.banking.dto.TransactionResponse@30310d8b, success=true, message=交易创建成功}]
2025-07-02 01:11:42 - Mapped to com.banking.controller.TransactionController#createTransaction(TransactionRequest)
2025-07-02 01:11:42 - Mapped to com.banking.controller.TransactionController#createTransaction(TransactionRequest)
2025-07-02 01:11:42 - Mapped to com.banking.controller.TransactionController#createTransaction(TransactionRequest)
2025-07-02 01:11:42 - Mapped to com.banking.controller.TransactionController#createTransaction(TransactionRequest)
2025-07-02 01:11:42 - Read "application/json;charset=UTF-8" to [com.banking.dto.TransactionRequest@25ebcc99]
2025-07-02 01:11:42 - Writing [{data=com.banking.dto.TransactionResponse@22a58f27, success=true, message=交易创建成功}]
2025-07-02 01:11:42 - Mapped to com.banking.controller.TransactionController#createTransaction(TransactionRequest)
2025-07-02 01:11:42 - Read "application/json;charset=UTF-8" to [com.banking.dto.TransactionRequest@1c0c1c82]
2025-07-02 01:11:42 - Read "application/json;charset=UTF-8" to [com.banking.dto.TransactionRequest@1b3fea20]
2025-07-02 01:11:42 - Mapped to com.banking.controller.TransactionController#createTransaction(TransactionRequest)
2025-07-02 01:11:42 - Read "application/json;charset=UTF-8" to [com.banking.dto.TransactionRequest@4cb43d31]
2025-07-02 01:11:42 - Using 'application/json', given [*/*] and supported [application/json, application/*+json]
2025-07-02 01:11:42 - Writing [{data=com.banking.dto.TransactionResponse@71ec5011, success=true, message=交易创建成功}]
2025-07-02 01:11:42 - Read "application/json;charset=UTF-8" to [com.banking.dto.TransactionRequest@395ee0f4]
2025-07-02 01:11:42 - Read "application/json;charset=UTF-8" to [com.banking.dto.TransactionRequest@fb85f6a]
2025-07-02 01:11:42 - Using 'application/json', given [*/*] and supported [application/json, application/*+json]
2025-07-02 01:11:42 - Read "application/json;charset=UTF-8" to [com.banking.dto.TransactionRequest@1e4931a5]
2025-07-02 01:11:42 - Read "application/json;charset=UTF-8" to [com.banking.dto.TransactionRequest@b89fa58]
2025-07-02 01:11:42 - Using 'application/json', given [*/*] and supported [application/json, application/*+json]
2025-07-02 01:11:42 - Writing [{data=com.banking.dto.TransactionResponse@6b4c5715, success=true, message=交易创建成功}]
2025-07-02 01:11:42 - Writing [{data=com.banking.dto.TransactionResponse@7c1f7ed3, success=true, message=交易创建成功}]
2025-07-02 01:11:42 - Mapped to com.banking.controller.TransactionController#createTransaction(TransactionRequest)
2025-07-02 01:11:42 - Mapped to com.banking.controller.TransactionController#createTransaction(TransactionRequest)
2025-07-02 01:11:42 - Mapped to com.banking.controller.TransactionController#createTransaction(TransactionRequest)
2025-07-02 01:11:42 - Mapped to com.banking.controller.TransactionController#createTransaction(TransactionRequest)
2025-07-02 01:11:42 - Using 'application/json', given [*/*] and supported [application/json, application/*+json]
2025-07-02 01:11:42 - Using 'application/json', given [*/*] and supported [application/json, application/*+json]
2025-07-02 01:11:42 - Writing [{data=com.banking.dto.TransactionResponse@3d228a29, success=true, message=交易创建成功}]
2025-07-02 01:11:42 - Read "application/json;charset=UTF-8" to [com.banking.dto.TransactionRequest@212ab5b3]
2025-07-02 01:11:42 - Writing [{data=com.banking.dto.TransactionResponse@224a7cd6, success=true, message=交易创建成功}]
2025-07-02 01:11:42 - Read "application/json;charset=UTF-8" to [com.banking.dto.TransactionRequest@9b0dd8e]
2025-07-02 01:11:42 - Read "application/json;charset=UTF-8" to [com.banking.dto.TransactionRequest@387b63cb]
2025-07-02 01:11:42 - Read "application/json;charset=UTF-8" to [com.banking.dto.TransactionRequest@3fe55a03]
2025-07-02 01:11:42 - Using 'application/json', given [*/*] and supported [application/json, application/*+json]
2025-07-02 01:11:42 - Using 'application/json', given [*/*] and supported [application/json, application/*+json]
2025-07-02 01:11:42 - Using 'application/json', given [*/*] and supported [application/json, application/*+json]
2025-07-02 01:11:42 - Using 'application/json', given [*/*] and supported [application/json, application/*+json]
2025-07-02 01:11:42 - Writing [{data=com.banking.dto.TransactionResponse@6244007b, success=true, message=交易创建成功}]
2025-07-02 01:11:42 - Writing [{data=com.banking.dto.TransactionResponse@e460cfb, success=true, message=交易创建成功}]
2025-07-02 01:11:42 - Using 'application/json', given [*/*] and supported [application/json, application/*+json]
2025-07-02 01:11:42 - Writing [{data=com.banking.dto.TransactionResponse@26cd32dd, success=true, message=交易创建成功}]
2025-07-02 01:11:42 - Using 'application/json', given [*/*] and supported [application/json, application/*+json]
2025-07-02 01:11:42 - Mapped to com.banking.controller.TransactionController#createTransaction(TransactionRequest)
2025-07-02 01:11:42 - Writing [{data=com.banking.dto.TransactionResponse@277d9019, success=true, message=交易创建成功}]
2025-07-02 01:11:42 - Writing [{data=com.banking.dto.TransactionResponse@2ebe8c9a, success=true, message=交易创建成功}]
2025-07-02 01:11:42 - Mapped to com.banking.controller.TransactionController#createTransaction(TransactionRequest)
2025-07-02 01:11:42 - Writing [{data=com.banking.dto.TransactionResponse@3e7d9c15, success=true, message=交易创建成功}]
2025-07-02 01:11:42 - Using 'application/json', given [*/*] and supported [application/json, application/*+json]
2025-07-02 01:11:42 - Mapped to com.banking.controller.TransactionController#createTransaction(TransactionRequest)
2025-07-02 01:11:42 - Using 'application/json', given [*/*] and supported [application/json, application/*+json]
2025-07-02 01:11:42 - Writing [{data=com.banking.dto.TransactionResponse@4db518dd, success=true, message=交易创建成功}]
2025-07-02 01:11:42 - Mapped to com.banking.controller.TransactionController#createTransaction(TransactionRequest)
2025-07-02 01:11:42 - Writing [{data=com.banking.dto.TransactionResponse@495b02cb, success=true, message=交易创建成功}]
2025-07-02 01:11:42 - Read "application/json;charset=UTF-8" to [com.banking.dto.TransactionRequest@31be2ce8]
2025-07-02 01:11:42 - Read "application/json;charset=UTF-8" to [com.banking.dto.TransactionRequest@15dd4501]
2025-07-02 01:11:42 - Read "application/json;charset=UTF-8" to [com.banking.dto.TransactionRequest@93ca80f]
2025-07-02 01:11:42 - Read "application/json;charset=UTF-8" to [com.banking.dto.TransactionRequest@42caa525]
2025-07-02 01:11:42 - Mapped to com.banking.controller.TransactionController#createTransaction(TransactionRequest)
2025-07-02 01:11:42 - Mapped to com.banking.controller.TransactionController#createTransaction(TransactionRequest)
2025-07-02 01:11:42 - Mapped to com.banking.controller.TransactionController#createTransaction(TransactionRequest)
2025-07-02 01:11:42 - Mapped to com.banking.controller.TransactionController#createTransaction(TransactionRequest)
2025-07-02 01:11:42 - Using 'application/json', given [*/*] and supported [application/json, application/*+json]
2025-07-02 01:11:42 - Using 'application/json', given [*/*] and supported [application/json, application/*+json]
2025-07-02 01:11:42 - Mapped to com.banking.controller.TransactionController#createTransaction(TransactionRequest)
2025-07-02 01:11:42 - Writing [{data=com.banking.dto.TransactionResponse@6134599d, success=true, message=交易创建成功}]
2025-07-02 01:11:42 - Read "application/json;charset=UTF-8" to [com.banking.dto.TransactionRequest@1daa8e4f]
2025-07-02 01:11:42 - Writing [{data=com.banking.dto.TransactionResponse@265fa252, success=true, message=交易创建成功}]
2025-07-02 01:11:42 - Mapped to com.banking.controller.TransactionController#createTransaction(TransactionRequest)
2025-07-02 01:11:42 - Read "application/json;charset=UTF-8" to [com.banking.dto.TransactionRequest@799009bc]
2025-07-02 01:11:42 - Read "application/json;charset=UTF-8" to [com.banking.dto.TransactionRequest@5f164e]
2025-07-02 01:11:42 - Read "application/json;charset=UTF-8" to [com.banking.dto.TransactionRequest@230a5d72]
2025-07-02 01:11:42 - Read "application/json;charset=UTF-8" to [com.banking.dto.TransactionRequest@579d4556]
2025-07-02 01:11:42 - Read "application/json;charset=UTF-8" to [com.banking.dto.TransactionRequest@a8d17c5]
2025-07-02 01:11:42 - Mapped to com.banking.controller.TransactionController#createTransaction(TransactionRequest)
2025-07-02 01:11:42 - Mapped to com.banking.controller.TransactionController#createTransaction(TransactionRequest)
2025-07-02 01:11:42 - Using 'application/json', given [*/*] and supported [application/json, application/*+json]
2025-07-02 01:11:42 - Writing [{data=com.banking.dto.TransactionResponse@2286ce43, success=true, message=交易创建成功}]
2025-07-02 01:11:42 - Mapped to com.banking.controller.TransactionController#createTransaction(TransactionRequest)
2025-07-02 01:11:42 - Using 'application/json', given [*/*] and supported [application/json, application/*+json]
2025-07-02 01:11:42 - Using 'application/json', given [*/*] and supported [application/json, application/*+json]
2025-07-02 01:11:42 - Using 'application/json', given [*/*] and supported [application/json, application/*+json]
2025-07-02 01:11:42 - Writing [{data=com.banking.dto.TransactionResponse@37f0f455, success=true, message=交易创建成功}]
2025-07-02 01:11:42 - Writing [{data=com.banking.dto.TransactionResponse@2c979b5f, success=true, message=交易创建成功}]
2025-07-02 01:11:42 - Mapped to com.banking.controller.TransactionController#createTransaction(TransactionRequest)
2025-07-02 01:11:42 - Writing [{data=com.banking.dto.TransactionResponse@cfbf7b3, success=true, message=交易创建成功}]
2025-07-02 01:11:42 - Using 'application/json', given [*/*] and supported [application/json, application/*+json]
2025-07-02 01:11:42 - Writing [{data=com.banking.dto.TransactionResponse@46a69cca, success=true, message=交易创建成功}]
2025-07-02 01:11:42 - Read "application/json;charset=UTF-8" to [com.banking.dto.TransactionRequest@3174731e]
2025-07-02 01:11:42 - Read "application/json;charset=UTF-8" to [com.banking.dto.TransactionRequest@7afb1f59]
2025-07-02 01:11:42 - Using 'application/json', given [*/*] and supported [application/json, application/*+json]
2025-07-02 01:11:42 - Read "application/json;charset=UTF-8" to [com.banking.dto.TransactionRequest@250dc07e]
2025-07-02 01:11:42 - Writing [{data=com.banking.dto.TransactionResponse@7c2a4bdf, success=true, message=交易创建成功}]
2025-07-02 01:11:42 - Mapped to com.banking.controller.TransactionController#createTransaction(TransactionRequest)
2025-07-02 01:11:42 - Read "application/json;charset=UTF-8" to [com.banking.dto.TransactionRequest@5982f066]
2025-07-02 01:11:42 - Read "application/json;charset=UTF-8" to [com.banking.dto.TransactionRequest@3f857269]
2025-07-02 01:11:42 - Mapped to com.banking.controller.TransactionController#createTransaction(TransactionRequest)
2025-07-02 01:11:42 - Using 'application/json', given [*/*] and supported [application/json, application/*+json]
2025-07-02 01:11:42 - Writing [{data=com.banking.dto.TransactionResponse@5051e157, success=true, message=交易创建成功}]
2025-07-02 01:11:42 - Using 'application/json', given [*/*] and supported [application/json, application/*+json]
2025-07-02 01:11:42 - Read "application/json;charset=UTF-8" to [com.banking.dto.TransactionRequest@43e22124]
2025-07-02 01:11:42 - Using 'application/json', given [*/*] and supported [application/json, application/*+json]
2025-07-02 01:11:42 - Using 'application/json', given [*/*] and supported [application/json, application/*+json]
2025-07-02 01:11:42 - Writing [{data=com.banking.dto.TransactionResponse@44848576, success=true, message=交易创建成功}]
2025-07-02 01:11:42 - Writing [{data=com.banking.dto.TransactionResponse@7fbfb6f, success=true, message=交易创建成功}]
2025-07-02 01:11:42 - Writing [{data=com.banking.dto.TransactionResponse@1160cb82, success=true, message=交易创建成功}]
2025-07-02 01:11:42 - Mapped to com.banking.controller.TransactionController#createTransaction(TransactionRequest)
2025-07-02 01:11:42 - Mapped to com.banking.controller.TransactionController#createTransaction(TransactionRequest)
2025-07-02 01:11:42 - Using 'application/json', given [*/*] and supported [application/json, application/*+json]
2025-07-02 01:11:42 - Mapped to com.banking.controller.TransactionController#createTransaction(TransactionRequest)
2025-07-02 01:11:42 - Writing [{data=com.banking.dto.TransactionResponse@3f440f3b, success=true, message=交易创建成功}]
2025-07-02 01:11:42 - Mapped to com.banking.controller.TransactionController#createTransaction(TransactionRequest)
2025-07-02 01:11:42 - Mapped to com.banking.controller.TransactionController#createTransaction(TransactionRequest)
2025-07-02 01:11:42 - Read "application/json;charset=UTF-8" to [com.banking.dto.TransactionRequest@2614aa48]
2025-07-02 01:11:42 - Read "application/json;charset=UTF-8" to [com.banking.dto.TransactionRequest@2082138d]
2025-07-02 01:11:42 - Read "application/json;charset=UTF-8" to [com.banking.dto.TransactionRequest@a0cf33b]
2025-07-02 01:11:42 - Mapped to com.banking.controller.TransactionController#createTransaction(TransactionRequest)
2025-07-02 01:11:42 - Read "application/json;charset=UTF-8" to [com.banking.dto.TransactionRequest@7c1b3c4a]
2025-07-02 01:11:42 - Using 'application/json', given [*/*] and supported [application/json, application/*+json]
2025-07-02 01:11:42 - Writing [{data=com.banking.dto.TransactionResponse@5027d9d8, success=true, message=交易创建成功}]
2025-07-02 01:11:42 - Read "application/json;charset=UTF-8" to [com.banking.dto.TransactionRequest@35a40604]
2025-07-02 01:11:42 - Mapped to com.banking.controller.TransactionController#createTransaction(TransactionRequest)
2025-07-02 01:11:42 - Mapped to com.banking.controller.TransactionController#createTransaction(TransactionRequest)
2025-07-02 01:11:42 - Mapped to com.banking.controller.TransactionController#createTransaction(TransactionRequest)
2025-07-02 01:11:42 - Mapped to com.banking.controller.TransactionController#createTransaction(TransactionRequest)
2025-07-02 01:11:42 - Read "application/json;charset=UTF-8" to [com.banking.dto.TransactionRequest@7108d37]
2025-07-02 01:11:42 - Using 'application/json', given [*/*] and supported [application/json, application/*+json]
2025-07-02 01:11:42 - Using 'application/json', given [*/*] and supported [application/json, application/*+json]
2025-07-02 01:11:42 - Using 'application/json', given [*/*] and supported [application/json, application/*+json]
2025-07-02 01:11:42 - Using 'application/json', given [*/*] and supported [application/json, application/*+json]
2025-07-02 01:11:42 - Writing [{data=com.banking.dto.TransactionResponse@64c35f40, success=true, message=交易创建成功}]
2025-07-02 01:11:42 - Writing [{data=com.banking.dto.TransactionResponse@64d871e9, success=true, message=交易创建成功}]
2025-07-02 01:11:42 - Writing [{data=com.banking.dto.TransactionResponse@7b8fa6aa, success=true, message=交易创建成功}]
2025-07-02 01:11:42 - Writing [{data=com.banking.dto.TransactionResponse@4ea8e088, success=true, message=交易创建成功}]
2025-07-02 01:11:42 - Mapped to com.banking.controller.TransactionController#createTransaction(TransactionRequest)
2025-07-02 01:11:42 - Read "application/json;charset=UTF-8" to [com.banking.dto.TransactionRequest@62bfce7b]
2025-07-02 01:11:42 - Read "application/json;charset=UTF-8" to [com.banking.dto.TransactionRequest@2a189567]
2025-07-02 01:11:42 - Read "application/json;charset=UTF-8" to [com.banking.dto.TransactionRequest@66e45b35]
2025-07-02 01:11:42 - Read "application/json;charset=UTF-8" to [com.banking.dto.TransactionRequest@48119e69]
2025-07-02 01:11:42 - Mapped to com.banking.controller.TransactionController#createTransaction(TransactionRequest)
2025-07-02 01:11:42 - Using 'application/json', given [*/*] and supported [application/json, application/*+json]
2025-07-02 01:11:42 - Writing [{data=com.banking.dto.TransactionResponse@1afaeb2f, success=true, message=交易创建成功}]
2025-07-02 01:11:42 - Using 'application/json', given [*/*] and supported [application/json, application/*+json]
2025-07-02 01:11:42 - Writing [{data=com.banking.dto.TransactionResponse@5763651d, success=true, message=交易创建成功}]
2025-07-02 01:11:42 - Read "application/json;charset=UTF-8" to [com.banking.dto.TransactionRequest@39189075]
2025-07-02 01:11:42 - Read "application/json;charset=UTF-8" to [com.banking.dto.TransactionRequest@5bc3d584]
2025-07-02 01:11:42 - Using 'application/json', given [*/*] and supported [application/json, application/*+json]
2025-07-02 01:11:42 - Writing [{data=com.banking.dto.TransactionResponse@f389dfe, success=true, message=交易创建成功}]
2025-07-02 01:11:42 - Using 'application/json', given [*/*] and supported [application/json, application/*+json]
2025-07-02 01:11:42 - Writing [{data=com.banking.dto.TransactionResponse@69b36971, success=true, message=交易创建成功}]
2025-07-02 01:11:42 - Using 'application/json', given [*/*] and supported [application/json, application/*+json]
2025-07-02 01:11:42 - Writing [{data=com.banking.dto.TransactionResponse@46121154, success=true, message=交易创建成功}]
2025-07-02 01:11:42 - Mapped to com.banking.controller.TransactionController#createTransaction(TransactionRequest)
2025-07-02 01:11:42 - Mapped to com.banking.controller.TransactionController#createTransaction(TransactionRequest)
2025-07-02 01:11:42 - Mapped to com.banking.controller.TransactionController#createTransaction(TransactionRequest)
2025-07-02 01:11:42 - Mapped to com.banking.controller.TransactionController#createTransaction(TransactionRequest)
2025-07-02 01:11:42 - Using 'application/json', given [*/*] and supported [application/json, application/*+json]
2025-07-02 01:11:42 - Read "application/json;charset=UTF-8" to [com.banking.dto.TransactionRequest@2acfb79c]
2025-07-02 01:11:42 - Read "application/json;charset=UTF-8" to [com.banking.dto.TransactionRequest@651b7fc9]
2025-07-02 01:11:42 - Read "application/json;charset=UTF-8" to [com.banking.dto.TransactionRequest@4d632112]
2025-07-02 01:11:42 - Writing [{data=com.banking.dto.TransactionResponse@28d8bc20, success=true, message=交易创建成功}]
2025-07-02 01:11:42 - Mapped to com.banking.controller.TransactionController#createTransaction(TransactionRequest)
2025-07-02 01:11:42 - Mapped to com.banking.controller.TransactionController#createTransaction(TransactionRequest)
2025-07-02 01:11:42 - Using 'application/json', given [*/*] and supported [application/json, application/*+json]
2025-07-02 01:11:42 - Using 'application/json', given [*/*] and supported [application/json, application/*+json]
2025-07-02 01:11:42 - Mapped to com.banking.controller.TransactionController#createTransaction(TransactionRequest)
2025-07-02 01:11:42 - Using 'application/json', given [*/*] and supported [application/json, application/*+json]
2025-07-02 01:11:42 - Using 'application/json', given [*/*] and supported [application/json, application/*+json]
2025-07-02 01:11:42 - Writing [{data=com.banking.dto.TransactionResponse@1b5af280, success=true, message=交易创建成功}]
2025-07-02 01:11:42 - Writing [{data=com.banking.dto.TransactionResponse@55a2a4, success=true, message=交易创建成功}]
2025-07-02 01:11:42 - Read "application/json;charset=UTF-8" to [com.banking.dto.TransactionRequest@328f2164]
2025-07-02 01:11:42 - Writing [{data=com.banking.dto.TransactionResponse@2976accc, success=true, message=交易创建成功}]
2025-07-02 01:11:42 - Writing [{data=com.banking.dto.TransactionResponse@5b7585fb, success=true, message=交易创建成功}]
2025-07-02 01:11:42 - Read "application/json;charset=UTF-8" to [com.banking.dto.TransactionRequest@241dc05e]
2025-07-02 01:11:42 - Mapped to com.banking.controller.TransactionController#createTransaction(TransactionRequest)
2025-07-02 01:11:42 - Read "application/json;charset=UTF-8" to [com.banking.dto.TransactionRequest@35702a70]
2025-07-02 01:11:42 - Read "application/json;charset=UTF-8" to [com.banking.dto.TransactionRequest@16fdef6b]
2025-07-02 01:11:42 - Mapped to com.banking.controller.TransactionController#createTransaction(TransactionRequest)
2025-07-02 01:11:42 - Read "application/json;charset=UTF-8" to [com.banking.dto.TransactionRequest@247c005]
2025-07-02 01:11:42 - Read "application/json;charset=UTF-8" to [com.banking.dto.TransactionRequest@12dd835]
2025-07-02 01:11:42 - Using 'application/json', given [*/*] and supported [application/json, application/*+json]
2025-07-02 01:11:42 - Using 'application/json', given [*/*] and supported [application/json, application/*+json]
2025-07-02 01:11:42 - Writing [{data=com.banking.dto.TransactionResponse@26b91b36, success=true, message=交易创建成功}]
2025-07-02 01:11:42 - Using 'application/json', given [*/*] and supported [application/json, application/*+json]
2025-07-02 01:11:42 - Writing [{data=com.banking.dto.TransactionResponse@1d6206f0, success=true, message=交易创建成功}]
2025-07-02 01:11:42 - Writing [{data=com.banking.dto.TransactionResponse@147e5e36, success=true, message=交易创建成功}]
2025-07-02 01:11:42 - Using 'application/json', given [*/*] and supported [application/json, application/*+json]
2025-07-02 01:11:42 - Writing [{data=com.banking.dto.TransactionResponse@587506c9, success=true, message=交易创建成功}]
2025-07-02 01:11:42 - Using 'application/json', given [*/*] and supported [application/json, application/*+json]
2025-07-02 01:11:42 - Using 'application/json', given [*/*] and supported [application/json, application/*+json]
2025-07-02 01:11:42 - Writing [{data=com.banking.dto.TransactionResponse@417a0765, success=true, message=交易创建成功}]
2025-07-02 01:11:42 - Writing [{data=com.banking.dto.TransactionResponse@51b29609, success=true, message=交易创建成功}]
2025-07-02 01:11:42 - Mapped to com.banking.controller.TransactionController#createTransaction(TransactionRequest)
2025-07-02 01:11:42 - Using 'application/json', given [*/*] and supported [application/json, application/*+json]
2025-07-02 01:11:42 - Using 'application/json', given [*/*] and supported [application/json, application/*+json]
2025-07-02 01:11:42 - Writing [{data=com.banking.dto.TransactionResponse@d184af0, success=true, message=交易创建成功}]
2025-07-02 01:11:42 - Writing [{data=com.banking.dto.TransactionResponse@6bb98113, success=true, message=交易创建成功}]
2025-07-02 01:11:42 - Read "application/json;charset=UTF-8" to [com.banking.dto.TransactionRequest@3be8fe88]
2025-07-02 01:11:42 - Mapped to com.banking.controller.TransactionController#createTransaction(TransactionRequest)
2025-07-02 01:11:42 - Mapped to com.banking.controller.TransactionController#createTransaction(TransactionRequest)
2025-07-02 01:11:42 - Mapped to com.banking.controller.TransactionController#createTransaction(TransactionRequest)
2025-07-02 01:11:42 - Mapped to com.banking.controller.TransactionController#createTransaction(TransactionRequest)
2025-07-02 01:11:42 - Mapped to com.banking.controller.TransactionController#createTransaction(TransactionRequest)
2025-07-02 01:11:42 - Read "application/json;charset=UTF-8" to [com.banking.dto.TransactionRequest@760ea266]
2025-07-02 01:11:42 - Read "application/json;charset=UTF-8" to [com.banking.dto.TransactionRequest@17cb7733]
2025-07-02 01:11:42 - Mapped to com.banking.controller.TransactionController#createTransaction(TransactionRequest)
2025-07-02 01:11:42 - Mapped to com.banking.controller.TransactionController#createTransaction(TransactionRequest)
2025-07-02 01:11:42 - Mapped to com.banking.controller.TransactionController#createTransaction(TransactionRequest)
2025-07-02 01:11:42 - Using 'application/json', given [*/*] and supported [application/json, application/*+json]
2025-07-02 01:11:42 - Read "application/json;charset=UTF-8" to [com.banking.dto.TransactionRequest@7aa99d4d]
2025-07-02 01:11:42 - Writing [{data=com.banking.dto.TransactionResponse@214618f3, success=true, message=交易创建成功}]
2025-07-02 01:11:42 - Read "application/json;charset=UTF-8" to [com.banking.dto.TransactionRequest@618f52a7]
2025-07-02 01:11:42 - Read "application/json;charset=UTF-8" to [com.banking.dto.TransactionRequest@3ea4cfe5]
2025-07-02 01:11:42 - Read "application/json;charset=UTF-8" to [com.banking.dto.TransactionRequest@5cfd39a6]
2025-07-02 01:11:42 - Read "application/json;charset=UTF-8" to [com.banking.dto.TransactionRequest@32a52d45]
2025-07-02 01:11:42 - Mapped to com.banking.controller.TransactionController#createTransaction(TransactionRequest)
2025-07-02 01:11:42 - Mapped to com.banking.controller.TransactionController#createTransaction(TransactionRequest)
2025-07-02 01:11:42 - Mapped to com.banking.controller.TransactionController#createTransaction(TransactionRequest)
2025-07-02 01:11:42 - Mapped to com.banking.controller.TransactionController#createTransaction(TransactionRequest)
2025-07-02 01:11:42 - Read "application/json;charset=UTF-8" to [com.banking.dto.TransactionRequest@10c75c2e]
2025-07-02 01:11:42 - Using 'application/json', given [*/*] and supported [application/json, application/*+json]
2025-07-02 01:11:42 - Writing [{data=com.banking.dto.TransactionResponse@38dc78ea, success=true, message=交易创建成功}]
2025-07-02 01:11:42 - Read "application/json;charset=UTF-8" to [com.banking.dto.TransactionRequest@5272898c]
2025-07-02 01:11:42 - Read "application/json;charset=UTF-8" to [com.banking.dto.TransactionRequest@7b40bb4b]
2025-07-02 01:11:42 - Read "application/json;charset=UTF-8" to [com.banking.dto.TransactionRequest@3440c56b]
2025-07-02 01:11:42 - Read "application/json;charset=UTF-8" to [com.banking.dto.TransactionRequest@7ecbd6ff]
2025-07-02 01:11:42 - Using 'application/json', given [*/*] and supported [application/json, application/*+json]
2025-07-02 01:11:42 - Using 'application/json', given [*/*] and supported [application/json, application/*+json]
2025-07-02 01:11:42 - Writing [{data=com.banking.dto.TransactionResponse@409d354f, success=true, message=交易创建成功}]
2025-07-02 01:11:42 - Writing [{data=com.banking.dto.TransactionResponse@25c0d691, success=true, message=交易创建成功}]
2025-07-02 01:11:42 - Using 'application/json', given [*/*] and supported [application/json, application/*+json]
2025-07-02 01:11:42 - Writing [{data=com.banking.dto.TransactionResponse@51c8f2a6, success=true, message=交易创建成功}]
2025-07-02 01:11:42 - Using 'application/json', given [*/*] and supported [application/json, application/*+json]
2025-07-02 01:11:42 - Writing [{data=com.banking.dto.TransactionResponse@245f14d2, success=true, message=交易创建成功}]
2025-07-02 01:11:42 - Using 'application/json', given [*/*] and supported [application/json, application/*+json]
2025-07-02 01:11:42 - Writing [{data=com.banking.dto.TransactionResponse@4913fbdd, success=true, message=交易创建成功}]
2025-07-02 01:11:42 - Using 'application/json', given [*/*] and supported [application/json, application/*+json]
2025-07-02 01:11:42 - Using 'application/json', given [*/*] and supported [application/json, application/*+json]
2025-07-02 01:11:42 - Writing [{data=com.banking.dto.TransactionResponse@781c4377, success=true, message=交易创建成功}]
2025-07-02 01:11:42 - Using 'application/json', given [*/*] and supported [application/json, application/*+json]
2025-07-02 01:11:42 - Writing [{data=com.banking.dto.TransactionResponse@58adee46, success=true, message=交易创建成功}]
2025-07-02 01:11:42 - Using 'application/json', given [*/*] and supported [application/json, application/*+json]
2025-07-02 01:11:42 - Writing [{data=com.banking.dto.TransactionResponse@2816357e, success=true, message=交易创建成功}]
2025-07-02 01:11:42 - Using 'application/json', given [*/*] and supported [application/json, application/*+json]
2025-07-02 01:11:42 - Writing [{data=com.banking.dto.TransactionResponse@73ee8d36, success=true, message=交易创建成功}]
2025-07-02 01:11:42 - Mapped to com.banking.controller.TransactionController#createTransaction(TransactionRequest)
2025-07-02 01:11:42 - Writing [{data=com.banking.dto.TransactionResponse@7f7bb4c, success=true, message=交易创建成功}]
2025-07-02 01:11:42 - Mapped to com.banking.controller.TransactionController#createTransaction(TransactionRequest)
2025-07-02 01:11:42 - Mapped to com.banking.controller.TransactionController#createTransaction(TransactionRequest)
2025-07-02 01:11:42 - Mapped to com.banking.controller.TransactionController#createTransaction(TransactionRequest)
2025-07-02 01:11:42 - Read "application/json;charset=UTF-8" to [com.banking.dto.TransactionRequest@5ef3a7e2]
2025-07-02 01:11:42 - Read "application/json;charset=UTF-8" to [com.banking.dto.TransactionRequest@15d758dd]
2025-07-02 01:11:42 - Read "application/json;charset=UTF-8" to [com.banking.dto.TransactionRequest@31b775e8]
2025-07-02 01:11:42 - Mapped to com.banking.controller.TransactionController#createTransaction(TransactionRequest)
2025-07-02 01:11:42 - Mapped to com.banking.controller.TransactionController#createTransaction(TransactionRequest)
2025-07-02 01:11:42 - Read "application/json;charset=UTF-8" to [com.banking.dto.TransactionRequest@2e97ed4d]
2025-07-02 01:11:42 - Mapped to com.banking.controller.TransactionController#createTransaction(TransactionRequest)
2025-07-02 01:11:42 - Mapped to com.banking.controller.TransactionController#createTransaction(TransactionRequest)
2025-07-02 01:11:42 - Mapped to com.banking.controller.TransactionController#createTransaction(TransactionRequest)
2025-07-02 01:11:42 - Read "application/json;charset=UTF-8" to [com.banking.dto.TransactionRequest@526c3ce6]
2025-07-02 01:11:42 - Mapped to com.banking.controller.TransactionController#createTransaction(TransactionRequest)
2025-07-02 01:11:42 - Read "application/json;charset=UTF-8" to [com.banking.dto.TransactionRequest@3d512b35]
2025-07-02 01:11:42 - Read "application/json;charset=UTF-8" to [com.banking.dto.TransactionRequest@37ffce5d]
2025-07-02 01:11:42 - Read "application/json;charset=UTF-8" to [com.banking.dto.TransactionRequest@3a0e157d]
2025-07-02 01:11:42 - Read "application/json;charset=UTF-8" to [com.banking.dto.TransactionRequest@3f6580f6]
2025-07-02 01:11:42 - Read "application/json;charset=UTF-8" to [com.banking.dto.TransactionRequest@ed8c60b]
2025-07-02 01:11:42 - Using 'application/json', given [*/*] and supported [application/json, application/*+json]
2025-07-02 01:11:42 - Using 'application/json', given [*/*] and supported [application/json, application/*+json]
2025-07-02 01:11:42 - Using 'application/json', given [*/*] and supported [application/json, application/*+json]
2025-07-02 01:11:42 - Using 'application/json', given [*/*] and supported [application/json, application/*+json]
2025-07-02 01:11:42 - Writing [{data=com.banking.dto.TransactionResponse@34bb1008, success=true, message=交易创建成功}]
2025-07-02 01:11:42 - Mapped to com.banking.controller.TransactionController#createTransaction(TransactionRequest)
2025-07-02 01:11:42 - Writing [{data=com.banking.dto.TransactionResponse@c46d26c, success=true, message=交易创建成功}]
2025-07-02 01:11:42 - Mapped to com.banking.controller.TransactionController#createTransaction(TransactionRequest)
2025-07-02 01:11:42 - Writing [{data=com.banking.dto.TransactionResponse@1ebb65e6, success=true, message=交易创建成功}]
2025-07-02 01:11:42 - Using 'application/json', given [*/*] and supported [application/json, application/*+json]
2025-07-02 01:11:42 - Using 'application/json', given [*/*] and supported [application/json, application/*+json]
2025-07-02 01:11:42 - Writing [{data=com.banking.dto.TransactionResponse@10f06244, success=true, message=交易创建成功}]
2025-07-02 01:11:42 - Writing [{data=com.banking.dto.TransactionResponse@72396236, success=true, message=交易创建成功}]
2025-07-02 01:11:42 - Writing [{data=com.banking.dto.TransactionResponse@6dfce95, success=true, message=交易创建成功}]
2025-07-02 01:11:42 - Read "application/json;charset=UTF-8" to [com.banking.dto.TransactionRequest@3f955e72]
2025-07-02 01:11:42 - Read "application/json;charset=UTF-8" to [com.banking.dto.TransactionRequest@158fd010]
2025-07-02 01:11:42 - Using 'application/json', given [*/*] and supported [application/json, application/*+json]
2025-07-02 01:11:42 - Writing [{data=com.banking.dto.TransactionResponse@10ef16f0, success=true, message=交易创建成功}]
2025-07-02 01:11:42 - Using 'application/json', given [*/*] and supported [application/json, application/*+json]
2025-07-02 01:11:42 - Writing [{data=com.banking.dto.TransactionResponse@71de6412, success=true, message=交易创建成功}]
2025-07-02 01:11:42 - Using 'application/json', given [*/*] and supported [application/json, application/*+json]
2025-07-02 01:11:42 - Writing [{data=com.banking.dto.TransactionResponse@622a1a22, success=true, message=交易创建成功}]
2025-07-02 01:11:42 - Using 'application/json', given [*/*] and supported [application/json, application/*+json]
2025-07-02 01:11:42 - Writing [{data=com.banking.dto.TransactionResponse@6a71c223, success=true, message=交易创建成功}]
2025-07-02 01:11:42 - Mapped to com.banking.controller.TransactionController#createTransaction(TransactionRequest)
2025-07-02 01:11:42 - Mapped to com.banking.controller.TransactionController#createTransaction(TransactionRequest)
2025-07-02 01:11:42 - Using 'application/json', given [*/*] and supported [application/json, application/*+json]
2025-07-02 01:11:42 - Using 'application/json', given [*/*] and supported [application/json, application/*+json]
2025-07-02 01:11:42 - Writing [{data=com.banking.dto.TransactionResponse@7c549d14, success=true, message=交易创建成功}]
2025-07-02 01:11:42 - Using 'application/json', given [*/*] and supported [application/json, application/*+json]
2025-07-02 01:11:42 - Writing [{data=com.banking.dto.TransactionResponse@5482d8e8, success=true, message=交易创建成功}]
2025-07-02 01:11:42 - Writing [{data=com.banking.dto.TransactionResponse@686b6a, success=true, message=交易创建成功}]
2025-07-02 01:11:42 - Read "application/json;charset=UTF-8" to [com.banking.dto.TransactionRequest@57bd49f9]
2025-07-02 01:11:42 - Mapped to com.banking.controller.TransactionController#createTransaction(TransactionRequest)
2025-07-02 01:11:42 - Read "application/json;charset=UTF-8" to [com.banking.dto.TransactionRequest@72312993]
2025-07-02 01:11:42 - Using 'application/json', given [*/*] and supported [application/json, application/*+json]
2025-07-02 01:11:42 - Mapped to com.banking.controller.TransactionController#createTransaction(TransactionRequest)
2025-07-02 01:11:42 - Writing [{data=com.banking.dto.TransactionResponse@3b5b7522, success=true, message=交易创建成功}]
2025-07-02 01:11:42 - Mapped to com.banking.controller.TransactionController#createTransaction(TransactionRequest)
2025-07-02 01:11:42 - Mapped to com.banking.controller.TransactionController#createTransaction(TransactionRequest)
2025-07-02 01:11:42 - Using 'application/json', given [*/*] and supported [application/json, application/*+json]
2025-07-02 01:11:42 - Mapped to com.banking.controller.TransactionController#createTransaction(TransactionRequest)
2025-07-02 01:11:42 - Read "application/json;charset=UTF-8" to [com.banking.dto.TransactionRequest@50b9c380]
2025-07-02 01:11:42 - Read "application/json;charset=UTF-8" to [com.banking.dto.TransactionRequest@f77eb6]
2025-07-02 01:11:42 - Mapped to com.banking.controller.TransactionController#createTransaction(TransactionRequest)
2025-07-02 01:11:42 - Using 'application/json', given [*/*] and supported [application/json, application/*+json]
2025-07-02 01:11:42 - Writing [{data=com.banking.dto.TransactionResponse@c6f5a3d, success=true, message=交易创建成功}]
2025-07-02 01:11:42 - Read "application/json;charset=UTF-8" to [com.banking.dto.TransactionRequest@2ce9a977]
2025-07-02 01:11:42 - Mapped to com.banking.controller.TransactionController#createTransaction(TransactionRequest)
2025-07-02 01:11:42 - Read "application/json;charset=UTF-8" to [com.banking.dto.TransactionRequest@78e14f57]
2025-07-02 01:11:42 - Read "application/json;charset=UTF-8" to [com.banking.dto.TransactionRequest@af76b36]
2025-07-02 01:11:42 - Read "application/json;charset=UTF-8" to [com.banking.dto.TransactionRequest@5475a06e]
2025-07-02 01:11:42 - Mapped to com.banking.controller.TransactionController#createTransaction(TransactionRequest)
2025-07-02 01:11:42 - Writing [{data=com.banking.dto.TransactionResponse@6a953ac3, success=true, message=交易创建成功}]
2025-07-02 01:11:42 - Read "application/json;charset=UTF-8" to [com.banking.dto.TransactionRequest@2e9967d9]
2025-07-02 01:11:42 - Read "application/json;charset=UTF-8" to [com.banking.dto.TransactionRequest@22125758]
2025-07-02 01:11:42 - Using 'application/json', given [*/*] and supported [application/json, application/*+json]
2025-07-02 01:11:42 - Using 'application/json', given [*/*] and supported [application/json, application/*+json]
2025-07-02 01:11:42 - Writing [{data=com.banking.dto.TransactionResponse@1a4d9add, success=true, message=交易创建成功}]
2025-07-02 01:11:42 - Writing [{data=com.banking.dto.TransactionResponse@26628d38, success=true, message=交易创建成功}]
2025-07-02 01:11:42 - Mapped to com.banking.controller.TransactionController#createTransaction(TransactionRequest)
2025-07-02 01:11:42 - Using 'application/json', given [*/*] and supported [application/json, application/*+json]
2025-07-02 01:11:42 - Mapped to com.banking.controller.TransactionController#createTransaction(TransactionRequest)
2025-07-02 01:11:42 - Mapped to com.banking.controller.TransactionController#createTransaction(TransactionRequest)
2025-07-02 01:11:42 - Mapped to com.banking.controller.TransactionController#createTransaction(TransactionRequest)
2025-07-02 01:11:42 - Mapped to com.banking.controller.TransactionController#createTransaction(TransactionRequest)
2025-07-02 01:11:42 - Using 'application/json', given [*/*] and supported [application/json, application/*+json]
2025-07-02 01:11:42 - Writing [{data=com.banking.dto.TransactionResponse@73b92e13, success=true, message=交易创建成功}]
2025-07-02 01:11:42 - Read "application/json;charset=UTF-8" to [com.banking.dto.TransactionRequest@357ae7a8]
2025-07-02 01:11:42 - Read "application/json;charset=UTF-8" to [com.banking.dto.TransactionRequest@4360f2ae]
2025-07-02 01:11:42 - Writing [{data=com.banking.dto.TransactionResponse@73e58874, success=true, message=交易创建成功}]
2025-07-02 01:11:42 - Read "application/json;charset=UTF-8" to [com.banking.dto.TransactionRequest@27600b2f]
2025-07-02 01:11:42 - Using 'application/json', given [*/*] and supported [application/json, application/*+json]
2025-07-02 01:11:42 - Using 'application/json', given [*/*] and supported [application/json, application/*+json]
2025-07-02 01:11:42 - Writing [{data=com.banking.dto.TransactionResponse@453741be, success=true, message=交易创建成功}]
2025-07-02 01:11:42 - Read "application/json;charset=UTF-8" to [com.banking.dto.TransactionRequest@55cf2e90]
2025-07-02 01:11:42 - Using 'application/json', given [*/*] and supported [application/json, application/*+json]
2025-07-02 01:11:42 - Writing [{data=com.banking.dto.TransactionResponse@5576cd3a, success=true, message=交易创建成功}]
2025-07-02 01:11:42 - Using 'application/json', given [*/*] and supported [application/json, application/*+json]
2025-07-02 01:11:42 - Read "application/json;charset=UTF-8" to [com.banking.dto.TransactionRequest@7a36490e]
2025-07-02 01:11:42 - Using 'application/json', given [*/*] and supported [application/json, application/*+json]
2025-07-02 01:11:42 - Writing [{data=com.banking.dto.TransactionResponse@5adf41aa, success=true, message=交易创建成功}]
2025-07-02 01:11:42 - Mapped to com.banking.controller.TransactionController#createTransaction(TransactionRequest)
2025-07-02 01:11:42 - Writing [{data=com.banking.dto.TransactionResponse@7d5e9fc9, success=true, message=交易创建成功}]
2025-07-02 01:11:42 - Writing [{data=com.banking.dto.TransactionResponse@1f834382, success=true, message=交易创建成功}]
2025-07-02 01:11:42 - Read "application/json;charset=UTF-8" to [com.banking.dto.TransactionRequest@1a452f7c]
2025-07-02 01:11:42 - Using 'application/json', given [*/*] and supported [application/json, application/*+json]
2025-07-02 01:11:42 - Writing [{data=com.banking.dto.TransactionResponse@74b7a741, success=true, message=交易创建成功}]
2025-07-02 01:11:42 - Mapped to com.banking.controller.TransactionController#createTransaction(TransactionRequest)
2025-07-02 01:11:42 - Mapped to com.banking.controller.TransactionController#createTransaction(TransactionRequest)
2025-07-02 01:11:42 - Mapped to com.banking.controller.TransactionController#createTransaction(TransactionRequest)
2025-07-02 01:11:42 - Using 'application/json', given [*/*] and supported [application/json, application/*+json]
2025-07-02 01:11:42 - Writing [{data=com.banking.dto.TransactionResponse@4d7808ff, success=true, message=交易创建成功}]
2025-07-02 01:11:42 - Read "application/json;charset=UTF-8" to [com.banking.dto.TransactionRequest@12c1d2b3]
2025-07-02 01:11:42 - Read "application/json;charset=UTF-8" to [com.banking.dto.TransactionRequest@2268df3]
2025-07-02 01:11:42 - Read "application/json;charset=UTF-8" to [com.banking.dto.TransactionRequest@7ee03f8a]
2025-07-02 01:11:42 - Using 'application/json', given [*/*] and supported [application/json, application/*+json]
2025-07-02 01:11:42 - Mapped to com.banking.controller.TransactionController#createTransaction(TransactionRequest)
2025-07-02 01:11:42 - Mapped to com.banking.controller.TransactionController#createTransaction(TransactionRequest)
2025-07-02 01:11:42 - Mapped to com.banking.controller.TransactionController#createTransaction(TransactionRequest)
2025-07-02 01:11:42 - Writing [{data=com.banking.dto.TransactionResponse@457278d8, success=true, message=交易创建成功}]
2025-07-02 01:11:42 - Mapped to com.banking.controller.TransactionController#createTransaction(TransactionRequest)
2025-07-02 01:11:42 - Mapped to com.banking.controller.TransactionController#createTransaction(TransactionRequest)
2025-07-02 01:11:42 - Mapped to com.banking.controller.TransactionController#createTransaction(TransactionRequest)
2025-07-02 01:11:42 - Using 'application/json', given [*/*] and supported [application/json, application/*+json]
2025-07-02 01:11:42 - Using 'application/json', given [*/*] and supported [application/json, application/*+json]
2025-07-02 01:11:42 - Writing [{data=com.banking.dto.TransactionResponse@39d15a38, success=true, message=交易创建成功}]
2025-07-02 01:11:42 - Writing [{data=com.banking.dto.TransactionResponse@18b421db, success=true, message=交易创建成功}]
2025-07-02 01:11:42 - Read "application/json;charset=UTF-8" to [com.banking.dto.TransactionRequest@746fba77]
2025-07-02 01:11:42 - Mapped to com.banking.controller.TransactionController#createTransaction(TransactionRequest)
2025-07-02 01:11:42 - Read "application/json;charset=UTF-8" to [com.banking.dto.TransactionRequest@9efd9d4]
2025-07-02 01:11:42 - Read "application/json;charset=UTF-8" to [com.banking.dto.TransactionRequest@4b7a9f1a]
2025-07-02 01:11:42 - Read "application/json;charset=UTF-8" to [com.banking.dto.TransactionRequest@727d220f]
2025-07-02 01:11:42 - Mapped to com.banking.controller.TransactionController#createTransaction(TransactionRequest)
2025-07-02 01:11:42 - Read "application/json;charset=UTF-8" to [com.banking.dto.TransactionRequest@67e4bbcc]
2025-07-02 01:11:42 - Read "application/json;charset=UTF-8" to [com.banking.dto.TransactionRequest@576f4084]
2025-07-02 01:11:42 - Read "application/json;charset=UTF-8" to [com.banking.dto.TransactionRequest@5ff2eb2b]
2025-07-02 01:11:42 - Using 'application/json', given [*/*] and supported [application/json, application/*+json]
2025-07-02 01:11:42 - Writing [{data=com.banking.dto.TransactionResponse@48464f7f, success=true, message=交易创建成功}]
2025-07-02 01:11:42 - Using 'application/json', given [*/*] and supported [application/json, application/*+json]
2025-07-02 01:11:42 - Writing [{data=com.banking.dto.TransactionResponse@39d6424d, success=true, message=交易创建成功}]
2025-07-02 01:11:42 - Read "application/json;charset=UTF-8" to [com.banking.dto.TransactionRequest@7716967d]
2025-07-02 01:11:42 - Using 'application/json', given [*/*] and supported [application/json, application/*+json]
2025-07-02 01:11:42 - Using 'application/json', given [*/*] and supported [application/json, application/*+json]
2025-07-02 01:11:42 - Mapped to com.banking.controller.TransactionController#createTransaction(TransactionRequest)
2025-07-02 01:11:42 - Writing [{data=com.banking.dto.TransactionResponse@1f9d024, success=true, message=交易创建成功}]
2025-07-02 01:11:42 - Writing [{data=com.banking.dto.TransactionResponse@202b8112, success=true, message=交易创建成功}]
2025-07-02 01:11:42 - Using 'application/json', given [*/*] and supported [application/json, application/*+json]
2025-07-02 01:11:42 - Writing [{data=com.banking.dto.TransactionResponse@3c2fc017, success=true, message=交易创建成功}]
2025-07-02 01:11:42 - Using 'application/json', given [*/*] and supported [application/json, application/*+json]
2025-07-02 01:11:42 - Writing [{data=com.banking.dto.TransactionResponse@139dc5ad, success=true, message=交易创建成功}]
2025-07-02 01:11:42 - Read "application/json;charset=UTF-8" to [com.banking.dto.TransactionRequest@5cded571]
2025-07-02 01:11:42 - Using 'application/json', given [*/*] and supported [application/json, application/*+json]
2025-07-02 01:11:42 - Using 'application/json', given [*/*] and supported [application/json, application/*+json]
2025-07-02 01:11:42 - Writing [{data=com.banking.dto.TransactionResponse@7522ef35, success=true, message=交易创建成功}]
2025-07-02 01:11:42 - Writing [{data=com.banking.dto.TransactionResponse@5f3245f3, success=true, message=交易创建成功}]
2025-07-02 01:11:42 - Using 'application/json', given [*/*] and supported [application/json, application/*+json]
2025-07-02 01:11:42 - Using 'application/json', given [*/*] and supported [application/json, application/*+json]
2025-07-02 01:11:42 - Mapped to com.banking.controller.TransactionController#createTransaction(TransactionRequest)
2025-07-02 01:11:42 - Writing [{data=com.banking.dto.TransactionResponse@2e1549e0, success=true, message=交易创建成功}]
2025-07-02 01:11:42 - Mapped to com.banking.controller.TransactionController#createTransaction(TransactionRequest)
2025-07-02 01:11:42 - Writing [{data=com.banking.dto.TransactionResponse@36797d1c, success=true, message=交易创建成功}]
2025-07-02 01:11:42 - Mapped to com.banking.controller.TransactionController#createTransaction(TransactionRequest)
2025-07-02 01:11:42 - Read "application/json;charset=UTF-8" to [com.banking.dto.TransactionRequest@29b20826]
2025-07-02 01:11:42 - Read "application/json;charset=UTF-8" to [com.banking.dto.TransactionRequest@613605a7]
2025-07-02 01:11:42 - Mapped to com.banking.controller.TransactionController#createTransaction(TransactionRequest)
2025-07-02 01:11:42 - Mapped to com.banking.controller.TransactionController#createTransaction(TransactionRequest)
2025-07-02 01:11:42 - Read "application/json;charset=UTF-8" to [com.banking.dto.TransactionRequest@778246c8]
2025-07-02 01:11:42 - Using 'application/json', given [*/*] and supported [application/json, application/*+json]
2025-07-02 01:11:42 - Using 'application/json', given [*/*] and supported [application/json, application/*+json]
2025-07-02 01:11:42 - Writing [{data=com.banking.dto.TransactionResponse@598ab4cd, success=true, message=交易创建成功}]
2025-07-02 01:11:42 - Writing [{data=com.banking.dto.TransactionResponse@3efa64b5, success=true, message=交易创建成功}]
2025-07-02 01:11:42 - Mapped to com.banking.controller.TransactionController#createTransaction(TransactionRequest)
2025-07-02 01:11:42 - Read "application/json;charset=UTF-8" to [com.banking.dto.TransactionRequest@4ae5dc27]
2025-07-02 01:11:42 - Mapped to com.banking.controller.TransactionController#createTransaction(TransactionRequest)
2025-07-02 01:11:42 - Read "application/json;charset=UTF-8" to [com.banking.dto.TransactionRequest@277bde88]
2025-07-02 01:11:42 - Mapped to com.banking.controller.TransactionController#createTransaction(TransactionRequest)
2025-07-02 01:11:42 - Mapped to com.banking.controller.TransactionController#createTransaction(TransactionRequest)
2025-07-02 01:11:42 - Read "application/json;charset=UTF-8" to [com.banking.dto.TransactionRequest@47566725]
2025-07-02 01:11:42 - Read "application/json;charset=UTF-8" to [com.banking.dto.TransactionRequest@a6ac456]
2025-07-02 01:11:42 - Read "application/json;charset=UTF-8" to [com.banking.dto.TransactionRequest@41f18f24]
2025-07-02 01:11:42 - Read "application/json;charset=UTF-8" to [com.banking.dto.TransactionRequest@529b0d4]
2025-07-02 01:11:42 - Mapped to com.banking.controller.TransactionController#createTransaction(TransactionRequest)
2025-07-02 01:11:42 - Using 'application/json', given [*/*] and supported [application/json, application/*+json]
2025-07-02 01:11:42 - Using 'application/json', given [*/*] and supported [application/json, application/*+json]
2025-07-02 01:11:42 - Writing [{data=com.banking.dto.TransactionResponse@70fd961f, success=true, message=交易创建成功}]
2025-07-02 01:11:42 - Using 'application/json', given [*/*] and supported [application/json, application/*+json]
2025-07-02 01:11:42 - Writing [{data=com.banking.dto.TransactionResponse@25ac29a1, success=true, message=交易创建成功}]
2025-07-02 01:11:42 - Mapped to com.banking.controller.TransactionController#createTransaction(TransactionRequest)
2025-07-02 01:11:42 - Writing [{data=com.banking.dto.TransactionResponse@2605747e, success=true, message=交易创建成功}]
2025-07-02 01:11:42 - Mapped to com.banking.controller.TransactionController#createTransaction(TransactionRequest)
2025-07-02 01:11:42 - Using 'application/json', given [*/*] and supported [application/json, application/*+json]
2025-07-02 01:11:42 - Read "application/json;charset=UTF-8" to [com.banking.dto.TransactionRequest@57fbbb79]
2025-07-02 01:11:42 - Writing [{data=com.banking.dto.TransactionResponse@2b601f9b, success=true, message=交易创建成功}]
2025-07-02 01:11:42 - Using 'application/json', given [*/*] and supported [application/json, application/*+json]
2025-07-02 01:11:42 - Read "application/json;charset=UTF-8" to [com.banking.dto.TransactionRequest@33315821]
2025-07-02 01:11:42 - Writing [{data=com.banking.dto.TransactionResponse@1489041f, success=true, message=交易创建成功}]
2025-07-02 01:11:42 - Using 'application/json', given [*/*] and supported [application/json, application/*+json]
2025-07-02 01:11:42 - Writing [{data=com.banking.dto.TransactionResponse@2a3b996a, success=true, message=交易创建成功}]
2025-07-02 01:11:42 - Using 'application/json', given [*/*] and supported [application/json, application/*+json]
2025-07-02 01:11:42 - Using 'application/json', given [*/*] and supported [application/json, application/*+json]
2025-07-02 01:11:42 - Writing [{data=com.banking.dto.TransactionResponse@98dbd09, success=true, message=交易创建成功}]
2025-07-02 01:11:42 - Writing [{data=com.banking.dto.TransactionResponse@392e7960, success=true, message=交易创建成功}]
2025-07-02 01:11:42 - Read "application/json;charset=UTF-8" to [com.banking.dto.TransactionRequest@3b70975]
2025-07-02 01:11:42 - Using 'application/json', given [*/*] and supported [application/json, application/*+json]
2025-07-02 01:11:42 - Writing [{data=com.banking.dto.TransactionResponse@7de9e324, success=true, message=交易创建成功}]
2025-07-02 01:11:42 - Using 'application/json', given [*/*] and supported [application/json, application/*+json]
2025-07-02 01:11:42 - Writing [{data=com.banking.dto.TransactionResponse@4e9261cf, success=true, message=交易创建成功}]
2025-07-02 01:11:42 - Mapped to com.banking.controller.TransactionController#createTransaction(TransactionRequest)
2025-07-02 01:11:42 - Mapped to com.banking.controller.TransactionController#createTransaction(TransactionRequest)
2025-07-02 01:11:42 - Mapped to com.banking.controller.TransactionController#createTransaction(TransactionRequest)
2025-07-02 01:11:42 - Mapped to com.banking.controller.TransactionController#createTransaction(TransactionRequest)
2025-07-02 01:11:42 - Mapped to com.banking.controller.TransactionController#createTransaction(TransactionRequest)
2025-07-02 01:11:42 - Read "application/json;charset=UTF-8" to [com.banking.dto.TransactionRequest@62a2bc66]
2025-07-02 01:11:42 - Read "application/json;charset=UTF-8" to [com.banking.dto.TransactionRequest@8643546]
2025-07-02 01:11:42 - Mapped to com.banking.controller.TransactionController#createTransaction(TransactionRequest)
2025-07-02 01:11:42 - Read "application/json;charset=UTF-8" to [com.banking.dto.TransactionRequest@1546d370]
2025-07-02 01:11:42 - Mapped to com.banking.controller.TransactionController#createTransaction(TransactionRequest)
2025-07-02 01:11:42 - Read "application/json;charset=UTF-8" to [com.banking.dto.TransactionRequest@798a0a6f]
2025-07-02 01:11:42 - Read "application/json;charset=UTF-8" to [com.banking.dto.TransactionRequest@1b00e007]
2025-07-02 01:11:42 - Read "application/json;charset=UTF-8" to [com.banking.dto.TransactionRequest@44fbc3c]
2025-07-02 01:11:42 - Using 'application/json', given [*/*] and supported [application/json, application/*+json]
2025-07-02 01:11:42 - Mapped to com.banking.controller.TransactionController#createTransaction(TransactionRequest)
2025-07-02 01:11:42 - Read "application/json;charset=UTF-8" to [com.banking.dto.TransactionRequest@6bb0fbba]
2025-07-02 01:11:42 - Using 'application/json', given [*/*] and supported [application/json, application/*+json]
2025-07-02 01:11:42 - Writing [{data=com.banking.dto.TransactionResponse@3f03ca42, success=true, message=交易创建成功}]
2025-07-02 01:11:42 - Using 'application/json', given [*/*] and supported [application/json, application/*+json]
2025-07-02 01:11:42 - Using 'application/json', given [*/*] and supported [application/json, application/*+json]
2025-07-02 01:11:42 - Mapped to com.banking.controller.TransactionController#createTransaction(TransactionRequest)
2025-07-02 01:11:42 - Writing [{data=com.banking.dto.TransactionResponse@65e11f8c, success=true, message=交易创建成功}]
2025-07-02 01:11:42 - Writing [{data=com.banking.dto.TransactionResponse@5cb512e5, success=true, message=交易创建成功}]
2025-07-02 01:11:42 - Mapped to com.banking.controller.TransactionController#createTransaction(TransactionRequest)
2025-07-02 01:11:42 - Writing [{data=com.banking.dto.TransactionResponse@22f32dce, success=true, message=交易创建成功}]
2025-07-02 01:11:42 - Read "application/json;charset=UTF-8" to [com.banking.dto.TransactionRequest@6e5e16f2]
2025-07-02 01:11:42 - Read "application/json;charset=UTF-8" to [com.banking.dto.TransactionRequest@46609ccf]
2025-07-02 01:11:42 - Read "application/json;charset=UTF-8" to [com.banking.dto.TransactionRequest@4b4063b0]
2025-07-02 01:11:42 - Using 'application/json', given [*/*] and supported [application/json, application/*+json]
2025-07-02 01:11:42 - Using 'application/json', given [*/*] and supported [application/json, application/*+json]
2025-07-02 01:11:42 - Mapped to com.banking.controller.TransactionController#createTransaction(TransactionRequest)
2025-07-02 01:11:42 - Writing [{data=com.banking.dto.TransactionResponse@535ee93f, success=true, message=交易创建成功}]
2025-07-02 01:11:42 - Writing [{data=com.banking.dto.TransactionResponse@be31827, success=true, message=交易创建成功}]
2025-07-02 01:11:42 - Mapped to com.banking.controller.TransactionController#createTransaction(TransactionRequest)
2025-07-02 01:11:42 - Read "application/json;charset=UTF-8" to [com.banking.dto.TransactionRequest@19560d18]
2025-07-02 01:11:42 - Using 'application/json', given [*/*] and supported [application/json, application/*+json]
2025-07-02 01:11:42 - Using 'application/json', given [*/*] and supported [application/json, application/*+json]
2025-07-02 01:11:42 - Using 'application/json', given [*/*] and supported [application/json, application/*+json]
2025-07-02 01:11:42 - Writing [{data=com.banking.dto.TransactionResponse@5747624d, success=true, message=交易创建成功}]
2025-07-02 01:11:42 - Writing [{data=com.banking.dto.TransactionResponse@2dde7c0c, success=true, message=交易创建成功}]
2025-07-02 01:11:42 - Using 'application/json', given [*/*] and supported [application/json, application/*+json]
2025-07-02 01:11:42 - Mapped to com.banking.controller.TransactionController#createTransaction(TransactionRequest)
2025-07-02 01:11:42 - Mapped to com.banking.controller.TransactionController#createTransaction(TransactionRequest)
2025-07-02 01:11:42 - Writing [{data=com.banking.dto.TransactionResponse@689d4dd2, success=true, message=交易创建成功}]
2025-07-02 01:11:42 - Using 'application/json', given [*/*] and supported [application/json, application/*+json]
2025-07-02 01:11:42 - Writing [{data=com.banking.dto.TransactionResponse@48b69829, success=true, message=交易创建成功}]
2025-07-02 01:11:42 - Read "application/json;charset=UTF-8" to [com.banking.dto.TransactionRequest@5ef66429]
2025-07-02 01:11:42 - Using 'application/json', given [*/*] and supported [application/json, application/*+json]
2025-07-02 01:11:42 - Writing [{data=com.banking.dto.TransactionResponse@12e2256a, success=true, message=交易创建成功}]
2025-07-02 01:11:42 - Mapped to com.banking.controller.TransactionController#createTransaction(TransactionRequest)
2025-07-02 01:11:42 - Read "application/json;charset=UTF-8" to [com.banking.dto.TransactionRequest@3c017ab0]
2025-07-02 01:11:42 - Read "application/json;charset=UTF-8" to [com.banking.dto.TransactionRequest@c819bf0]
2025-07-02 01:11:42 - Mapped to com.banking.controller.TransactionController#createTransaction(TransactionRequest)
2025-07-02 01:11:42 - Writing [{data=com.banking.dto.TransactionResponse@46f7996f, success=true, message=交易创建成功}]
2025-07-02 01:11:42 - Using 'application/json', given [*/*] and supported [application/json, application/*+json]
2025-07-02 01:11:42 - Read "application/json;charset=UTF-8" to [com.banking.dto.TransactionRequest@795d3d94]
2025-07-02 01:11:42 - Using 'application/json', given [*/*] and supported [application/json, application/*+json]
2025-07-02 01:11:42 - Writing [{data=com.banking.dto.TransactionResponse@30a37050, success=true, message=交易创建成功}]
2025-07-02 01:11:42 - Read "application/json;charset=UTF-8" to [com.banking.dto.TransactionRequest@4c8d926c]
2025-07-02 01:11:42 - Mapped to com.banking.controller.TransactionController#createTransaction(TransactionRequest)
2025-07-02 01:11:42 - Mapped to com.banking.controller.TransactionController#createTransaction(TransactionRequest)
2025-07-02 01:11:42 - Mapped to com.banking.controller.TransactionController#createTransaction(TransactionRequest)
2025-07-02 01:11:42 - Mapped to com.banking.controller.TransactionController#createTransaction(TransactionRequest)
2025-07-02 01:11:42 - Writing [{data=com.banking.dto.TransactionResponse@574e63b8, success=true, message=交易创建成功}]
2025-07-02 01:11:42 - Using 'application/json', given [*/*] and supported [application/json, application/*+json]
2025-07-02 01:11:42 - Writing [{data=com.banking.dto.TransactionResponse@140324b0, success=true, message=交易创建成功}]
2025-07-02 01:11:42 - Mapped to com.banking.controller.TransactionController#createTransaction(TransactionRequest)
2025-07-02 01:11:42 - Read "application/json;charset=UTF-8" to [com.banking.dto.TransactionRequest@14c25fb5]
2025-07-02 01:11:42 - Read "application/json;charset=UTF-8" to [com.banking.dto.TransactionRequest@1cb17277]
2025-07-02 01:11:42 - Read "application/json;charset=UTF-8" to [com.banking.dto.TransactionRequest@1b93e248]
2025-07-02 01:11:42 - Mapped to com.banking.controller.TransactionController#createTransaction(TransactionRequest)
2025-07-02 01:11:42 - Read "application/json;charset=UTF-8" to [com.banking.dto.TransactionRequest@56d25575]
2025-07-02 01:11:42 - Read "application/json;charset=UTF-8" to [com.banking.dto.TransactionRequest@2e017db7]
2025-07-02 01:11:42 - Read "application/json;charset=UTF-8" to [com.banking.dto.TransactionRequest@7f91c46d]
2025-07-02 01:11:42 - Mapped to com.banking.controller.TransactionController#createTransaction(TransactionRequest)
2025-07-02 01:11:42 - Mapped to com.banking.controller.TransactionController#createTransaction(TransactionRequest)
2025-07-02 01:11:42 - Mapped to com.banking.controller.TransactionController#createTransaction(TransactionRequest)
2025-07-02 01:11:42 - Read "application/json;charset=UTF-8" to [com.banking.dto.TransactionRequest@61607ebb]
2025-07-02 01:11:42 - Read "application/json;charset=UTF-8" to [com.banking.dto.TransactionRequest@554b2f1a]
2025-07-02 01:11:42 - Using 'application/json', given [*/*] and supported [application/json, application/*+json]
2025-07-02 01:11:42 - Read "application/json;charset=UTF-8" to [com.banking.dto.TransactionRequest@63d5a04a]
2025-07-02 01:11:42 - Writing [{data=com.banking.dto.TransactionResponse@2fc37e9f, success=true, message=交易创建成功}]
2025-07-02 01:11:42 - Using 'application/json', given [*/*] and supported [application/json, application/*+json]
2025-07-02 01:11:42 - Writing [{data=com.banking.dto.TransactionResponse@b16b0bc, success=true, message=交易创建成功}]
2025-07-02 01:11:42 - Using 'application/json', given [*/*] and supported [application/json, application/*+json]
2025-07-02 01:11:42 - Using 'application/json', given [*/*] and supported [application/json, application/*+json]
2025-07-02 01:11:42 - Using 'application/json', given [*/*] and supported [application/json, application/*+json]
2025-07-02 01:11:42 - Using 'application/json', given [*/*] and supported [application/json, application/*+json]
2025-07-02 01:11:42 - Writing [{data=com.banking.dto.TransactionResponse@32a9f081, success=true, message=交易创建成功}]
2025-07-02 01:11:42 - Using 'application/json', given [*/*] and supported [application/json, application/*+json]
2025-07-02 01:11:42 - Writing [{data=com.banking.dto.TransactionResponse@e2c7f85, success=true, message=交易创建成功}]
2025-07-02 01:11:42 - Using 'application/json', given [*/*] and supported [application/json, application/*+json]
2025-07-02 01:11:42 - Writing [{data=com.banking.dto.TransactionResponse@aa7b822, success=true, message=交易创建成功}]
2025-07-02 01:11:42 - Writing [{data=com.banking.dto.TransactionResponse@d2be3a5, success=true, message=交易创建成功}]
2025-07-02 01:11:42 - Mapped to com.banking.controller.TransactionController#createTransaction(TransactionRequest)
2025-07-02 01:11:42 - Writing [{data=com.banking.dto.TransactionResponse@1e916c0a, success=true, message=交易创建成功}]
2025-07-02 01:11:42 - Writing [{data=com.banking.dto.TransactionResponse@795a9764, success=true, message=交易创建成功}]
2025-07-02 01:11:42 - Read "application/json;charset=UTF-8" to [com.banking.dto.TransactionRequest@7b5acdbe]
2025-07-02 01:11:42 - Using 'application/json', given [*/*] and supported [application/json, application/*+json]
2025-07-02 01:11:42 - Using 'application/json', given [*/*] and supported [application/json, application/*+json]
2025-07-02 01:11:42 - Writing [{data=com.banking.dto.TransactionResponse@22397d6d, success=true, message=交易创建成功}]
2025-07-02 01:11:42 - Mapped to com.banking.controller.TransactionController#createTransaction(TransactionRequest)
2025-07-02 01:11:42 - Mapped to com.banking.controller.TransactionController#createTransaction(TransactionRequest)
2025-07-02 01:11:42 - Writing [{data=com.banking.dto.TransactionResponse@545069b3, success=true, message=交易创建成功}]
2025-07-02 01:11:42 - Mapped to com.banking.controller.TransactionController#createTransaction(TransactionRequest)
2025-07-02 01:11:42 - Mapped to com.banking.controller.TransactionController#createTransaction(TransactionRequest)
2025-07-02 01:11:42 - Mapped to com.banking.controller.TransactionController#createTransaction(TransactionRequest)
2025-07-02 01:11:42 - Using 'application/json', given [*/*] and supported [application/json, application/*+json]
2025-07-02 01:11:42 - Mapped to com.banking.controller.TransactionController#createTransaction(TransactionRequest)
2025-07-02 01:11:42 - Writing [{data=com.banking.dto.TransactionResponse@3657584, success=true, message=交易创建成功}]
2025-07-02 01:11:42 - Read "application/json;charset=UTF-8" to [com.banking.dto.TransactionRequest@5dc33902]
2025-07-02 01:11:42 - Read "application/json;charset=UTF-8" to [com.banking.dto.TransactionRequest@52bdf903]
2025-07-02 01:11:42 - Read "application/json;charset=UTF-8" to [com.banking.dto.TransactionRequest@61d8484]
2025-07-02 01:11:42 - Read "application/json;charset=UTF-8" to [com.banking.dto.TransactionRequest@2285996]
2025-07-02 01:11:42 - Read "application/json;charset=UTF-8" to [com.banking.dto.TransactionRequest@5faf0d6d]
2025-07-02 01:11:42 - Mapped to com.banking.controller.TransactionController#createTransaction(TransactionRequest)
2025-07-02 01:11:42 - Read "application/json;charset=UTF-8" to [com.banking.dto.TransactionRequest@33f93a69]
2025-07-02 01:11:42 - Mapped to com.banking.controller.TransactionController#createTransaction(TransactionRequest)
2025-07-02 01:11:42 - Mapped to com.banking.controller.TransactionController#createTransaction(TransactionRequest)
2025-07-02 01:11:42 - Mapped to com.banking.controller.TransactionController#createTransaction(TransactionRequest)
2025-07-02 01:11:42 - Read "application/json;charset=UTF-8" to [com.banking.dto.TransactionRequest@5f0bdddd]
2025-07-02 01:11:42 - Read "application/json;charset=UTF-8" to [com.banking.dto.TransactionRequest@1ad92560]
2025-07-02 01:11:42 - Read "application/json;charset=UTF-8" to [com.banking.dto.TransactionRequest@3c15aecb]
2025-07-02 01:11:42 - Read "application/json;charset=UTF-8" to [com.banking.dto.TransactionRequest@2ec4b70e]
2025-07-02 01:11:42 - Using 'application/json', given [*/*] and supported [application/json, application/*+json]
2025-07-02 01:11:42 - Using 'application/json', given [*/*] and supported [application/json, application/*+json]
2025-07-02 01:11:42 - Using 'application/json', given [*/*] and supported [application/json, application/*+json]
2025-07-02 01:11:42 - Using 'application/json', given [*/*] and supported [application/json, application/*+json]
2025-07-02 01:11:42 - Writing [{data=com.banking.dto.TransactionResponse@a9deb34, success=true, message=交易创建成功}]
2025-07-02 01:11:42 - Writing [{data=com.banking.dto.TransactionResponse@4d27b78, success=true, message=交易创建成功}]
2025-07-02 01:11:42 - Writing [{data=com.banking.dto.TransactionResponse@71c3a64a, success=true, message=交易创建成功}]
2025-07-02 01:11:42 - Using 'application/json', given [*/*] and supported [application/json, application/*+json]
2025-07-02 01:11:42 - Writing [{data=com.banking.dto.TransactionResponse@d9bfe90, success=true, message=交易创建成功}]
2025-07-02 01:11:42 - Mapped to com.banking.controller.TransactionController#createTransaction(TransactionRequest)
2025-07-02 01:11:42 - Using 'application/json', given [*/*] and supported [application/json, application/*+json]
2025-07-02 01:11:42 - Writing [{data=com.banking.dto.TransactionResponse@111f16e4, success=true, message=交易创建成功}]
2025-07-02 01:11:42 - Using 'application/json', given [*/*] and supported [application/json, application/*+json]
2025-07-02 01:11:42 - Writing [{data=com.banking.dto.TransactionResponse@1daf9b4b, success=true, message=交易创建成功}]
2025-07-02 01:11:42 - Using 'application/json', given [*/*] and supported [application/json, application/*+json]
2025-07-02 01:11:42 - Using 'application/json', given [*/*] and supported [application/json, application/*+json]
2025-07-02 01:11:42 - Writing [{data=com.banking.dto.TransactionResponse@64236696, success=true, message=交易创建成功}]
2025-07-02 01:11:42 - Writing [{data=com.banking.dto.TransactionResponse@1a9f2cd4, success=true, message=交易创建成功}]
2025-07-02 01:11:42 - Mapped to com.banking.controller.TransactionController#createTransaction(TransactionRequest)
2025-07-02 01:11:42 - Using 'application/json', given [*/*] and supported [application/json, application/*+json]
2025-07-02 01:11:42 - Writing [{data=com.banking.dto.TransactionResponse@7b3cde6, success=true, message=交易创建成功}]
2025-07-02 01:11:42 - Read "application/json;charset=UTF-8" to [com.banking.dto.TransactionRequest@21fafcb]
2025-07-02 01:11:42 - Writing [{data=com.banking.dto.TransactionResponse@3dd7014c, success=true, message=交易创建成功}]
2025-07-02 01:11:42 - Read "application/json;charset=UTF-8" to [com.banking.dto.TransactionRequest@5708b030]
2025-07-02 01:11:42 - Mapped to com.banking.controller.TransactionController#createTransaction(TransactionRequest)
2025-07-02 01:11:42 - Mapped to com.banking.controller.TransactionController#createTransaction(TransactionRequest)
2025-07-02 01:11:42 - Mapped to com.banking.controller.TransactionController#createTransaction(TransactionRequest)
2025-07-02 01:11:42 - Mapped to com.banking.controller.TransactionController#createTransaction(TransactionRequest)
2025-07-02 01:11:42 - Using 'application/json', given [*/*] and supported [application/json, application/*+json]
2025-07-02 01:11:42 - Writing [{data=com.banking.dto.TransactionResponse@7899cba6, success=true, message=交易创建成功}]
2025-07-02 01:11:42 - Mapped to com.banking.controller.TransactionController#createTransaction(TransactionRequest)
2025-07-02 01:11:42 - Read "application/json;charset=UTF-8" to [com.banking.dto.TransactionRequest@37eef960]
2025-07-02 01:11:42 - Read "application/json;charset=UTF-8" to [com.banking.dto.TransactionRequest@73b2f04c]
2025-07-02 01:11:42 - Read "application/json;charset=UTF-8" to [com.banking.dto.TransactionRequest@673dfea7]
2025-07-02 01:11:42 - Mapped to com.banking.controller.TransactionController#createTransaction(TransactionRequest)
2025-07-02 01:11:42 - Read "application/json;charset=UTF-8" to [com.banking.dto.TransactionRequest@40ff3aa6]
2025-07-02 01:11:42 - Read "application/json;charset=UTF-8" to [com.banking.dto.TransactionRequest@f9d19ee]
2025-07-02 01:11:42 - Mapped to com.banking.controller.TransactionController#createTransaction(TransactionRequest)
2025-07-02 01:11:42 - Mapped to com.banking.controller.TransactionController#createTransaction(TransactionRequest)
2025-07-02 01:11:42 - Read "application/json;charset=UTF-8" to [com.banking.dto.TransactionRequest@5dfcb132]
2025-07-02 01:11:42 - Read "application/json;charset=UTF-8" to [com.banking.dto.TransactionRequest@218d4b98]
2025-07-02 01:11:42 - Read "application/json;charset=UTF-8" to [com.banking.dto.TransactionRequest@8df4346]
2025-07-02 01:11:42 - Mapped to com.banking.controller.TransactionController#createTransaction(TransactionRequest)
2025-07-02 01:11:42 - Mapped to com.banking.controller.TransactionController#createTransaction(TransactionRequest)
2025-07-02 01:11:42 - Read "application/json;charset=UTF-8" to [com.banking.dto.TransactionRequest@788faf74]
2025-07-02 01:11:42 - Read "application/json;charset=UTF-8" to [com.banking.dto.TransactionRequest@2186ebbb]
2025-07-02 01:11:42 - Using 'application/json', given [*/*] and supported [application/json, application/*+json]
2025-07-02 01:11:42 - Using 'application/json', given [*/*] and supported [application/json, application/*+json]
2025-07-02 01:11:42 - Writing [{data=com.banking.dto.TransactionResponse@45716c34, success=true, message=交易创建成功}]
2025-07-02 01:11:42 - Writing [{data=com.banking.dto.TransactionResponse@56e22214, success=true, message=交易创建成功}]
2025-07-02 01:11:42 - Using 'application/json', given [*/*] and supported [application/json, application/*+json]
2025-07-02 01:11:42 - Using 'application/json', given [*/*] and supported [application/json, application/*+json]
2025-07-02 01:11:42 - Using 'application/json', given [*/*] and supported [application/json, application/*+json]
2025-07-02 01:11:42 - Using 'application/json', given [*/*] and supported [application/json, application/*+json]
2025-07-02 01:11:42 - Writing [{data=com.banking.dto.TransactionResponse@226dfb11, success=true, message=交易创建成功}]
2025-07-02 01:11:42 - Writing [{data=com.banking.dto.TransactionResponse@4e0e6d27, success=true, message=交易创建成功}]
2025-07-02 01:11:42 - Using 'application/json', given [*/*] and supported [application/json, application/*+json]
2025-07-02 01:11:42 - Writing [{data=com.banking.dto.TransactionResponse@22afba09, success=true, message=交易创建成功}]
2025-07-02 01:11:42 - Writing [{data=com.banking.dto.TransactionResponse@f3a1eba, success=true, message=交易创建成功}]
2025-07-02 01:11:42 - Writing [{data=com.banking.dto.TransactionResponse@35044502, success=true, message=交易创建成功}]
2025-07-02 01:11:42 - Mapped to com.banking.controller.TransactionController#createTransaction(TransactionRequest)
2025-07-02 01:11:42 - Using 'application/json', given [*/*] and supported [application/json, application/*+json]
2025-07-02 01:11:42 - Writing [{data=com.banking.dto.TransactionResponse@7b7bf2af, success=true, message=交易创建成功}]
2025-07-02 01:11:42 - Using 'application/json', given [*/*] and supported [application/json, application/*+json]
2025-07-02 01:11:42 - Writing [{data=com.banking.dto.TransactionResponse@681e55df, success=true, message=交易创建成功}]
2025-07-02 01:11:42 - Read "application/json;charset=UTF-8" to [com.banking.dto.TransactionRequest@4813beb7]
2025-07-02 01:11:42 - Using 'application/json', given [*/*] and supported [application/json, application/*+json]
2025-07-02 01:11:42 - Writing [{data=com.banking.dto.TransactionResponse@2fc1d22e, success=true, message=交易创建成功}]
2025-07-02 01:11:42 - Mapped to com.banking.controller.TransactionController#createTransaction(TransactionRequest)
2025-07-02 01:11:42 - Mapped to com.banking.controller.TransactionController#createTransaction(TransactionRequest)
2025-07-02 01:11:42 - Mapped to com.banking.controller.TransactionController#createTransaction(TransactionRequest)
2025-07-02 01:11:42 - Mapped to com.banking.controller.TransactionController#createTransaction(TransactionRequest)
2025-07-02 01:11:42 - Mapped to com.banking.controller.TransactionController#createTransaction(TransactionRequest)
2025-07-02 01:11:42 - Read "application/json;charset=UTF-8" to [com.banking.dto.TransactionRequest@45fd588e]
2025-07-02 01:11:42 - Mapped to com.banking.controller.TransactionController#createTransaction(TransactionRequest)
2025-07-02 01:11:42 - Mapped to com.banking.controller.TransactionController#createTransaction(TransactionRequest)
2025-07-02 01:11:42 - Read "application/json;charset=UTF-8" to [com.banking.dto.TransactionRequest@20e71989]
2025-07-02 01:11:42 - Read "application/json;charset=UTF-8" to [com.banking.dto.TransactionRequest@10877c2e]
2025-07-02 01:11:42 - Read "application/json;charset=UTF-8" to [com.banking.dto.TransactionRequest@3e50df0]
2025-07-02 01:11:42 - Using 'application/json', given [*/*] and supported [application/json, application/*+json]
2025-07-02 01:11:42 - Using 'application/json', given [*/*] and supported [application/json, application/*+json]
2025-07-02 01:11:42 - Read "application/json;charset=UTF-8" to [com.banking.dto.TransactionRequest@16210ab6]
2025-07-02 01:11:42 - Read "application/json;charset=UTF-8" to [com.banking.dto.TransactionRequest@7bce5a2f]
2025-07-02 01:11:42 - Writing [{data=com.banking.dto.TransactionResponse@2a6c1bbb, success=true, message=交易创建成功}]
2025-07-02 01:11:42 - Using 'application/json', given [*/*] and supported [application/json, application/*+json]
2025-07-02 01:11:42 - Writing [{data=com.banking.dto.TransactionResponse@5509b60d, success=true, message=交易创建成功}]
2025-07-02 01:11:42 - Using 'application/json', given [*/*] and supported [application/json, application/*+json]
2025-07-02 01:11:42 - Read "application/json;charset=UTF-8" to [com.banking.dto.TransactionRequest@139d6e2d]
2025-07-02 01:11:42 - Writing [{data=com.banking.dto.TransactionResponse@4e3bf0fd, success=true, message=交易创建成功}]
2025-07-02 01:11:42 - Writing [{data=com.banking.dto.TransactionResponse@605c0eca, success=true, message=交易创建成功}]
2025-07-02 01:11:42 - Using 'application/json', given [*/*] and supported [application/json, application/*+json]
2025-07-02 01:11:42 - Using 'application/json', given [*/*] and supported [application/json, application/*+json]
2025-07-02 01:11:42 - Writing [{data=com.banking.dto.TransactionResponse@6650b651, success=true, message=交易创建成功}]
2025-07-02 01:11:42 - Mapped to com.banking.controller.TransactionController#createTransaction(TransactionRequest)
2025-07-02 01:11:42 - Writing [{data=com.banking.dto.TransactionResponse@781fde5e, success=true, message=交易创建成功}]
2025-07-02 01:11:42 - Mapped to com.banking.controller.TransactionController#createTransaction(TransactionRequest)
2025-07-02 01:11:42 - Read "application/json;charset=UTF-8" to [com.banking.dto.TransactionRequest@26b918fc]
2025-07-02 01:11:42 - Mapped to com.banking.controller.TransactionController#createTransaction(TransactionRequest)
2025-07-02 01:11:42 - Read "application/json;charset=UTF-8" to [com.banking.dto.TransactionRequest@358882a2]
2025-07-02 01:11:42 - Using 'application/json', given [*/*] and supported [application/json, application/*+json]
2025-07-02 01:11:42 - Using 'application/json', given [*/*] and supported [application/json, application/*+json]
2025-07-02 01:11:42 - Writing [{data=com.banking.dto.TransactionResponse@f35d8ef, success=true, message=交易创建成功}]
2025-07-02 01:11:42 - Using 'application/json', given [*/*] and supported [application/json, application/*+json]
2025-07-02 01:11:42 - Using 'application/json', given [*/*] and supported [application/json, application/*+json]
2025-07-02 01:11:42 - Writing [{data=com.banking.dto.TransactionResponse@2900b3aa, success=true, message=交易创建成功}]
2025-07-02 01:11:42 - Writing [{data=com.banking.dto.TransactionResponse@10215141, success=true, message=交易创建成功}]
2025-07-02 01:11:42 - Writing [{data=com.banking.dto.TransactionResponse@280c07fe, success=true, message=交易创建成功}]
2025-07-02 01:11:42 - Read "application/json;charset=UTF-8" to [com.banking.dto.TransactionRequest@9cdf8a6]
2025-07-02 01:11:42 - Using 'application/json', given [*/*] and supported [application/json, application/*+json]
2025-07-02 01:11:42 - Using 'application/json', given [*/*] and supported [application/json, application/*+json]
2025-07-02 01:11:42 - Mapped to com.banking.controller.TransactionController#createTransaction(TransactionRequest)
2025-07-02 01:11:42 - Using 'application/json', given [*/*] and supported [application/json, application/*+json]
2025-07-02 01:11:42 - Using 'application/json', given [*/*] and supported [application/json, application/*+json]
2025-07-02 01:11:42 - Mapped to com.banking.controller.TransactionController#createTransaction(TransactionRequest)
2025-07-02 01:11:42 - Using 'application/json', given [*/*] and supported [application/json, application/*+json]
2025-07-02 01:11:42 - Using 'application/json', given [*/*] and supported [application/json, application/*+json]
2025-07-02 01:11:42 - Mapped to com.banking.controller.TransactionController#createTransaction(TransactionRequest)
2025-07-02 01:11:42 - Writing [{data=com.banking.dto.TransactionResponse@392f855a, success=true, message=交易创建成功}]
2025-07-02 01:11:42 - Writing [{data=com.banking.dto.TransactionResponse@7ffc15c8, success=true, message=交易创建成功}]
2025-07-02 01:11:42 - Writing [{data=com.banking.dto.TransactionResponse@739b6e29, success=true, message=交易创建成功}]
2025-07-02 01:11:42 - Mapped to com.banking.controller.TransactionController#createTransaction(TransactionRequest)
2025-07-02 01:11:42 - Writing [{data=com.banking.dto.TransactionResponse@1cb0432f, success=true, message=交易创建成功}]
2025-07-02 01:11:42 - Writing [{data=com.banking.dto.TransactionResponse@d5df48c, success=true, message=交易创建成功}]
2025-07-02 01:11:42 - Writing [{data=com.banking.dto.TransactionResponse@1a3deee7, success=true, message=交易创建成功}]
2025-07-02 01:11:42 - Read "application/json;charset=UTF-8" to [com.banking.dto.TransactionRequest@1049c110]
2025-07-02 01:11:42 - Read "application/json;charset=UTF-8" to [com.banking.dto.TransactionRequest@36891c67]
2025-07-02 01:11:42 - Read "application/json;charset=UTF-8" to [com.banking.dto.TransactionRequest@1af5a95b]
2025-07-02 01:11:42 - Using 'application/json', given [*/*] and supported [application/json, application/*+json]
2025-07-02 01:11:42 - Using 'application/json', given [*/*] and supported [application/json, application/*+json]
2025-07-02 01:11:42 - Using 'application/json', given [*/*] and supported [application/json, application/*+json]
2025-07-02 01:11:42 - Mapped to com.banking.controller.TransactionController#createTransaction(TransactionRequest)
2025-07-02 01:11:42 - Writing [{data=com.banking.dto.TransactionResponse@5af44a0f, success=true, message=交易创建成功}]
2025-07-02 01:11:42 - Writing [{data=com.banking.dto.TransactionResponse@7415b43a, success=true, message=交易创建成功}]
2025-07-02 01:11:42 - Mapped to com.banking.controller.TransactionController#createTransaction(TransactionRequest)
2025-07-02 01:11:42 - Mapped to com.banking.controller.TransactionController#createTransaction(TransactionRequest)
2025-07-02 01:11:42 - Mapped to com.banking.controller.TransactionController#createTransaction(TransactionRequest)
2025-07-02 01:11:42 - Read "application/json;charset=UTF-8" to [com.banking.dto.TransactionRequest@4c8e67b2]
2025-07-02 01:11:42 - Mapped to com.banking.controller.TransactionController#createTransaction(TransactionRequest)
2025-07-02 01:11:42 - Read "application/json;charset=UTF-8" to [com.banking.dto.TransactionRequest@254ae4c1]
2025-07-02 01:11:42 - Read "application/json;charset=UTF-8" to [com.banking.dto.TransactionRequest@319f5b00]
2025-07-02 01:11:42 - Read "application/json;charset=UTF-8" to [com.banking.dto.TransactionRequest@49611da4]
2025-07-02 01:11:42 - Read "application/json;charset=UTF-8" to [com.banking.dto.TransactionRequest@42b6fede]
2025-07-02 01:11:42 - Writing [{data=com.banking.dto.TransactionResponse@1e93d3ce, success=true, message=交易创建成功}]
2025-07-02 01:11:42 - Mapped to com.banking.controller.TransactionController#createTransaction(TransactionRequest)
2025-07-02 01:11:42 - Read "application/json;charset=UTF-8" to [com.banking.dto.TransactionRequest@11438799]
2025-07-02 01:11:42 - Mapped to com.banking.controller.TransactionController#createTransaction(TransactionRequest)
2025-07-02 01:11:42 - Mapped to com.banking.controller.TransactionController#createTransaction(TransactionRequest)
2025-07-02 01:11:42 - Read "application/json;charset=UTF-8" to [com.banking.dto.TransactionRequest@4be083f1]
2025-07-02 01:11:42 - Mapped to com.banking.controller.TransactionController#createTransaction(TransactionRequest)
2025-07-02 01:11:42 - Mapped to com.banking.controller.TransactionController#createTransaction(TransactionRequest)
2025-07-02 01:11:42 - Mapped to com.banking.controller.TransactionController#createTransaction(TransactionRequest)
2025-07-02 01:11:42 - Mapped to com.banking.controller.TransactionController#createTransaction(TransactionRequest)
2025-07-02 01:11:42 - Read "application/json;charset=UTF-8" to [com.banking.dto.TransactionRequest@53c6cdb3]
2025-07-02 01:11:42 - Read "application/json;charset=UTF-8" to [com.banking.dto.TransactionRequest@23632634]
2025-07-02 01:11:42 - Read "application/json;charset=UTF-8" to [com.banking.dto.TransactionRequest@4b754f54]
2025-07-02 01:11:42 - Read "application/json;charset=UTF-8" to [com.banking.dto.TransactionRequest@74796dd6]
2025-07-02 01:11:42 - Read "application/json;charset=UTF-8" to [com.banking.dto.TransactionRequest@ce07ca4]
2025-07-02 01:11:42 - Using 'application/json', given [*/*] and supported [application/json, application/*+json]
2025-07-02 01:11:42 - Using 'application/json', given [*/*] and supported [application/json, application/*+json]
2025-07-02 01:11:42 - Writing [{data=com.banking.dto.TransactionResponse@3e320545, success=true, message=交易创建成功}]
2025-07-02 01:11:42 - Writing [{data=com.banking.dto.TransactionResponse@20405ede, success=true, message=交易创建成功}]
2025-07-02 01:11:42 - Using 'application/json', given [*/*] and supported [application/json, application/*+json]
2025-07-02 01:11:42 - Writing [{data=com.banking.dto.TransactionResponse@174394db, success=true, message=交易创建成功}]
2025-07-02 01:11:42 - Mapped to com.banking.controller.TransactionController#createTransaction(TransactionRequest)
2025-07-02 01:11:42 - Mapped to com.banking.controller.TransactionController#createTransaction(TransactionRequest)
2025-07-02 01:11:42 - Read "application/json;charset=UTF-8" to [com.banking.dto.TransactionRequest@2b991ebf]
2025-07-02 01:11:42 - Mapped to com.banking.controller.TransactionController#createTransaction(TransactionRequest)
2025-07-02 01:11:42 - Using 'application/json', given [*/*] and supported [application/json, application/*+json]
2025-07-02 01:11:42 - Read "application/json;charset=UTF-8" to [com.banking.dto.TransactionRequest@2d4bdc72]
2025-07-02 01:11:42 - Using 'application/json', given [*/*] and supported [application/json, application/*+json]
2025-07-02 01:11:42 - Writing [{data=com.banking.dto.TransactionResponse@1fab7ba8, success=true, message=交易创建成功}]
2025-07-02 01:11:42 - Writing [{data=com.banking.dto.TransactionResponse@1e95893d, success=true, message=交易创建成功}]
2025-07-02 01:11:42 - Using 'application/json', given [*/*] and supported [application/json, application/*+json]
2025-07-02 01:11:42 - Read "application/json;charset=UTF-8" to [com.banking.dto.TransactionRequest@a09fb1d]
2025-07-02 01:11:42 - Writing [{data=com.banking.dto.TransactionResponse@3b436289, success=true, message=交易创建成功}]
2025-07-02 01:11:42 - Read "application/json;charset=UTF-8" to [com.banking.dto.TransactionRequest@27b4745b]
2025-07-02 01:11:42 - Using 'application/json', given [*/*] and supported [application/json, application/*+json]
2025-07-02 01:11:42 - Writing [{data=com.banking.dto.TransactionResponse@65e74b6a, success=true, message=交易创建成功}]
2025-07-02 01:11:42 - Using 'application/json', given [*/*] and supported [application/json, application/*+json]
2025-07-02 01:11:42 - Writing [{data=com.banking.dto.TransactionResponse@1b7c35cf, success=true, message=交易创建成功}]
2025-07-02 01:11:42 - Using 'application/json', given [*/*] and supported [application/json, application/*+json]
2025-07-02 01:11:42 - Mapped to com.banking.controller.TransactionController#createTransaction(TransactionRequest)
2025-07-02 01:11:42 - Mapped to com.banking.controller.TransactionController#createTransaction(TransactionRequest)
2025-07-02 01:11:42 - Writing [{data=com.banking.dto.TransactionResponse@2218d240, success=true, message=交易创建成功}]
2025-07-02 01:11:42 - Read "application/json;charset=UTF-8" to [com.banking.dto.TransactionRequest@51db827a]
2025-07-02 01:11:42 - Using 'application/json', given [*/*] and supported [application/json, application/*+json]
2025-07-02 01:11:42 - Read "application/json;charset=UTF-8" to [com.banking.dto.TransactionRequest@6124ce3a]
2025-07-02 01:11:42 - Using 'application/json', given [*/*] and supported [application/json, application/*+json]
2025-07-02 01:11:42 - Writing [{data=com.banking.dto.TransactionResponse@174f660f, success=true, message=交易创建成功}]
2025-07-02 01:11:42 - Writing [{data=com.banking.dto.TransactionResponse@1928890c, success=true, message=交易创建成功}]
2025-07-02 01:11:42 - Using 'application/json', given [*/*] and supported [application/json, application/*+json]
2025-07-02 01:11:42 - Mapped to com.banking.controller.TransactionController#createTransaction(TransactionRequest)
2025-07-02 01:11:42 - Writing [{data=com.banking.dto.TransactionResponse@7a19d635, success=true, message=交易创建成功}]
2025-07-02 01:11:42 - Using 'application/json', given [*/*] and supported [application/json, application/*+json]
2025-07-02 01:11:42 - Using 'application/json', given [*/*] and supported [application/json, application/*+json]
2025-07-02 01:11:42 - Writing [{data=com.banking.dto.TransactionResponse@5fd64d9a, success=true, message=交易创建成功}]
2025-07-02 01:11:42 - Writing [{data=com.banking.dto.TransactionResponse@7ef8a3a8, success=true, message=交易创建成功}]
2025-07-02 01:11:42 - Mapped to com.banking.controller.TransactionController#createTransaction(TransactionRequest)
2025-07-02 01:11:42 - Mapped to com.banking.controller.TransactionController#createTransaction(TransactionRequest)
2025-07-02 01:11:42 - Read "application/json;charset=UTF-8" to [com.banking.dto.TransactionRequest@495936da]
2025-07-02 01:11:42 - Using 'application/json', given [*/*] and supported [application/json, application/*+json]
2025-07-02 01:11:42 - Mapped to com.banking.controller.TransactionController#createTransaction(TransactionRequest)
2025-07-02 01:11:42 - Writing [{data=com.banking.dto.TransactionResponse@63be60e9, success=true, message=交易创建成功}]
2025-07-02 01:11:42 - Read "application/json;charset=UTF-8" to [com.banking.dto.TransactionRequest@76f3355]
2025-07-02 01:11:42 - Read "application/json;charset=UTF-8" to [com.banking.dto.TransactionRequest@12a358bc]
2025-07-02 01:11:42 - Mapped to com.banking.controller.TransactionController#createTransaction(TransactionRequest)
2025-07-02 01:11:42 - Read "application/json;charset=UTF-8" to [com.banking.dto.TransactionRequest@10fb784d]
2025-07-02 01:11:42 - Using 'application/json', given [*/*] and supported [application/json, application/*+json]
2025-07-02 01:11:42 - Writing [{data=com.banking.dto.TransactionResponse@2eefd908, success=true, message=交易创建成功}]
2025-07-02 01:11:42 - Mapped to com.banking.controller.TransactionController#createTransaction(TransactionRequest)
2025-07-02 01:11:42 - Read "application/json;charset=UTF-8" to [com.banking.dto.TransactionRequest@777a23cc]
2025-07-02 01:11:42 - Read "application/json;charset=UTF-8" to [com.banking.dto.TransactionRequest@4fc1ebd]
2025-07-02 01:11:42 - Mapped to com.banking.controller.TransactionController#createTransaction(TransactionRequest)
2025-07-02 01:11:42 - Mapped to com.banking.controller.TransactionController#createTransaction(TransactionRequest)
2025-07-02 01:11:42 - Mapped to com.banking.controller.TransactionController#createTransaction(TransactionRequest)
2025-07-02 01:11:42 - Mapped to com.banking.controller.TransactionController#createTransaction(TransactionRequest)
2025-07-02 01:11:42 - Mapped to com.banking.controller.TransactionController#createTransaction(TransactionRequest)
2025-07-02 01:11:42 - Read "application/json;charset=UTF-8" to [com.banking.dto.TransactionRequest@815571]
2025-07-02 01:11:42 - Read "application/json;charset=UTF-8" to [com.banking.dto.TransactionRequest@5e075bf1]
2025-07-02 01:11:42 - Read "application/json;charset=UTF-8" to [com.banking.dto.TransactionRequest@69ddb8f1]
2025-07-02 01:11:42 - Mapped to com.banking.controller.TransactionController#createTransaction(TransactionRequest)
2025-07-02 01:11:42 - Read "application/json;charset=UTF-8" to [com.banking.dto.TransactionRequest@5344a7a9]
2025-07-02 01:11:42 - Read "application/json;charset=UTF-8" to [com.banking.dto.TransactionRequest@8713c22]
2025-07-02 01:11:42 - Read "application/json;charset=UTF-8" to [com.banking.dto.TransactionRequest@45d87147]
2025-07-02 01:11:42 - Using 'application/json', given [*/*] and supported [application/json, application/*+json]
2025-07-02 01:11:42 - Writing [{data=com.banking.dto.TransactionResponse@6bf3b06, success=true, message=交易创建成功}]
2025-07-02 01:11:42 - Using 'application/json', given [*/*] and supported [application/json, application/*+json]
2025-07-02 01:11:42 - Using 'application/json', given [*/*] and supported [application/json, application/*+json]
2025-07-02 01:11:42 - Writing [{data=com.banking.dto.TransactionResponse@88e419c, success=true, message=交易创建成功}]
2025-07-02 01:11:42 - Writing [{data=com.banking.dto.TransactionResponse@53a79037, success=true, message=交易创建成功}]
2025-07-02 01:11:42 - Mapped to com.banking.controller.TransactionController#createTransaction(TransactionRequest)
2025-07-02 01:11:42 - Mapped to com.banking.controller.TransactionController#createTransaction(TransactionRequest)
2025-07-02 01:11:42 - Using 'application/json', given [*/*] and supported [application/json, application/*+json]
2025-07-02 01:11:42 - Using 'application/json', given [*/*] and supported [application/json, application/*+json]
2025-07-02 01:11:42 - Writing [{data=com.banking.dto.TransactionResponse@3f291e6d, success=true, message=交易创建成功}]
2025-07-02 01:11:42 - Using 'application/json', given [*/*] and supported [application/json, application/*+json]
2025-07-02 01:11:42 - Writing [{data=com.banking.dto.TransactionResponse@cc44f48, success=true, message=交易创建成功}]
2025-07-02 01:11:42 - Writing [{data=com.banking.dto.TransactionResponse@34d43c6, success=true, message=交易创建成功}]
2025-07-02 01:11:42 - Read "application/json;charset=UTF-8" to [com.banking.dto.TransactionRequest@4bd3f465]
2025-07-02 01:11:42 - Read "application/json;charset=UTF-8" to [com.banking.dto.TransactionRequest@7db5078b]
2025-07-02 01:11:42 - Using 'application/json', given [*/*] and supported [application/json, application/*+json]
2025-07-02 01:11:42 - Using 'application/json', given [*/*] and supported [application/json, application/*+json]
2025-07-02 01:11:42 - Writing [{data=com.banking.dto.TransactionResponse@67631690, success=true, message=交易创建成功}]
2025-07-02 01:11:42 - Using 'application/json', given [*/*] and supported [application/json, application/*+json]
2025-07-02 01:11:42 - Writing [{data=com.banking.dto.TransactionResponse@5e56d42b, success=true, message=交易创建成功}]
2025-07-02 01:11:42 - Writing [{data=com.banking.dto.TransactionResponse@416a19af, success=true, message=交易创建成功}]
2025-07-02 01:11:42 - Using 'application/json', given [*/*] and supported [application/json, application/*+json]
2025-07-02 01:11:42 - Writing [{data=com.banking.dto.TransactionResponse@e4f9a55, success=true, message=交易创建成功}]
2025-07-02 01:11:42 - Mapped to com.banking.controller.TransactionController#createTransaction(TransactionRequest)
2025-07-02 01:11:42 - Mapped to com.banking.controller.TransactionController#createTransaction(TransactionRequest)
2025-07-02 01:11:42 - Mapped to com.banking.controller.TransactionController#createTransaction(TransactionRequest)
2025-07-02 01:11:42 - Mapped to com.banking.controller.TransactionController#createTransaction(TransactionRequest)
2025-07-02 01:11:42 - Mapped to com.banking.controller.TransactionController#createTransaction(TransactionRequest)
2025-07-02 01:11:42 - Read "application/json;charset=UTF-8" to [com.banking.dto.TransactionRequest@35349843]
2025-07-02 01:11:42 - Read "application/json;charset=UTF-8" to [com.banking.dto.TransactionRequest@54b4d08a]
2025-07-02 01:11:42 - Read "application/json;charset=UTF-8" to [com.banking.dto.TransactionRequest@27687a1a]
2025-07-02 01:11:42 - Read "application/json;charset=UTF-8" to [com.banking.dto.TransactionRequest@2b6fe30e]
2025-07-02 01:11:42 - Using 'application/json', given [*/*] and supported [application/json, application/*+json]
2025-07-02 01:11:42 - Mapped to com.banking.controller.TransactionController#createTransaction(TransactionRequest)
2025-07-02 01:11:42 - Read "application/json;charset=UTF-8" to [com.banking.dto.TransactionRequest@54fb61c8]
2025-07-02 01:11:42 - Writing [{data=com.banking.dto.TransactionResponse@6b3f9278, success=true, message=交易创建成功}]
2025-07-02 01:11:42 - Using 'application/json', given [*/*] and supported [application/json, application/*+json]
2025-07-02 01:11:42 - Mapped to com.banking.controller.TransactionController#createTransaction(TransactionRequest)
2025-07-02 01:11:42 - Writing [{data=com.banking.dto.TransactionResponse@3d97836b, success=true, message=交易创建成功}]
2025-07-02 01:11:42 - Using 'application/json', given [*/*] and supported [application/json, application/*+json]
2025-07-02 01:11:42 - Mapped to com.banking.controller.TransactionController#createTransaction(TransactionRequest)
2025-07-02 01:11:42 - Writing [{data=com.banking.dto.TransactionResponse@30d9c9b0, success=true, message=交易创建成功}]
2025-07-02 01:11:42 - Mapped to com.banking.controller.TransactionController#createTransaction(TransactionRequest)
2025-07-02 01:11:42 - Using 'application/json', given [*/*] and supported [application/json, application/*+json]
2025-07-02 01:11:42 - Read "application/json;charset=UTF-8" to [com.banking.dto.TransactionRequest@1e5a7b6b]
2025-07-02 01:11:42 - Writing [{data=com.banking.dto.TransactionResponse@6787f5e2, success=true, message=交易创建成功}]
2025-07-02 01:11:42 - Read "application/json;charset=UTF-8" to [com.banking.dto.TransactionRequest@162fadee]
2025-07-02 01:11:42 - Read "application/json;charset=UTF-8" to [com.banking.dto.TransactionRequest@1acad84a]
2025-07-02 01:11:42 - Read "application/json;charset=UTF-8" to [com.banking.dto.TransactionRequest@69b34b61]
2025-07-02 01:11:42 - Using 'application/json', given [*/*] and supported [application/json, application/*+json]
2025-07-02 01:11:42 - Using 'application/json', given [*/*] and supported [application/json, application/*+json]
2025-07-02 01:11:42 - Writing [{data=com.banking.dto.TransactionResponse@22794b96, success=true, message=交易创建成功}]
2025-07-02 01:11:42 - Writing [{data=com.banking.dto.TransactionResponse@4ed636d7, success=true, message=交易创建成功}]
2025-07-02 01:11:42 - Using 'application/json', given [*/*] and supported [application/json, application/*+json]
2025-07-02 01:11:42 - Using 'application/json', given [*/*] and supported [application/json, application/*+json]
2025-07-02 01:11:42 - Using 'application/json', given [*/*] and supported [application/json, application/*+json]
2025-07-02 01:11:42 - Using 'application/json', given [*/*] and supported [application/json, application/*+json]
2025-07-02 01:11:42 - Writing [{data=com.banking.dto.TransactionResponse@52f2e412, success=true, message=交易创建成功}]
2025-07-02 01:11:42 - Writing [{data=com.banking.dto.TransactionResponse@50b578e6, success=true, message=交易创建成功}]
2025-07-02 01:11:42 - Writing [{data=com.banking.dto.TransactionResponse@44526873, success=true, message=交易创建成功}]
2025-07-02 01:11:42 - Writing [{data=com.banking.dto.TransactionResponse@7ff75075, success=true, message=交易创建成功}]
2025-07-02 01:11:42 - Mapped to com.banking.controller.TransactionController#createTransaction(TransactionRequest)
2025-07-02 01:11:42 - Mapped to com.banking.controller.TransactionController#createTransaction(TransactionRequest)
2025-07-02 01:11:42 - Mapped to com.banking.controller.TransactionController#createTransaction(TransactionRequest)
2025-07-02 01:11:42 - Read "application/json;charset=UTF-8" to [com.banking.dto.TransactionRequest@7987d7ad]
2025-07-02 01:11:42 - Mapped to com.banking.controller.TransactionController#createTransaction(TransactionRequest)
2025-07-02 01:11:42 - Using 'application/json', given [*/*] and supported [application/json, application/*+json]
2025-07-02 01:11:42 - Using 'application/json', given [*/*] and supported [application/json, application/*+json]
2025-07-02 01:11:42 - Using 'application/json', given [*/*] and supported [application/json, application/*+json]
2025-07-02 01:11:42 - Using 'application/json', given [*/*] and supported [application/json, application/*+json]
2025-07-02 01:11:42 - Read "application/json;charset=UTF-8" to [com.banking.dto.TransactionRequest@77a3c041]
2025-07-02 01:11:42 - Writing [{data=com.banking.dto.TransactionResponse@6f58c6f2, success=true, message=交易创建成功}]
2025-07-02 01:11:42 - Writing [{data=com.banking.dto.TransactionResponse@3f340611, success=true, message=交易创建成功}]
2025-07-02 01:11:42 - Mapped to com.banking.controller.TransactionController#createTransaction(TransactionRequest)
2025-07-02 01:11:42 - Writing [{data=com.banking.dto.TransactionResponse@6b1bb632, success=true, message=交易创建成功}]
2025-07-02 01:11:42 - Writing [{data=com.banking.dto.TransactionResponse@336d975b, success=true, message=交易创建成功}]
2025-07-02 01:11:42 - Read "application/json;charset=UTF-8" to [com.banking.dto.TransactionRequest@5bf1daae]
2025-07-02 01:11:42 - Read "application/json;charset=UTF-8" to [com.banking.dto.TransactionRequest@4c189b84]
2025-07-02 01:11:42 - Mapped to com.banking.controller.TransactionController#createTransaction(TransactionRequest)
2025-07-02 01:11:42 - Using 'application/json', given [*/*] and supported [application/json, application/*+json]
2025-07-02 01:11:42 - Writing [{data=com.banking.dto.TransactionResponse@71f3be65, success=true, message=交易创建成功}]
2025-07-02 01:11:42 - Using 'application/json', given [*/*] and supported [application/json, application/*+json]
2025-07-02 01:11:42 - Read "application/json;charset=UTF-8" to [com.banking.dto.TransactionRequest@2338059b]
2025-07-02 01:11:42 - Read "application/json;charset=UTF-8" to [com.banking.dto.TransactionRequest@6bd6b4c3]
2025-07-02 01:11:42 - Writing [{data=com.banking.dto.TransactionResponse@5a96cfa2, success=true, message=交易创建成功}]
2025-07-02 01:11:42 - Using 'application/json', given [*/*] and supported [application/json, application/*+json]
2025-07-02 01:11:42 - Writing [{data=com.banking.dto.TransactionResponse@56a1c6e3, success=true, message=交易创建成功}]
2025-07-02 01:11:42 - Mapped to com.banking.controller.TransactionController#createTransaction(TransactionRequest)
2025-07-02 01:11:42 - Using 'application/json', given [*/*] and supported [application/json, application/*+json]
2025-07-02 01:11:42 - Mapped to com.banking.controller.TransactionController#createTransaction(TransactionRequest)
2025-07-02 01:11:42 - Writing [{data=com.banking.dto.TransactionResponse@782ce56, success=true, message=交易创建成功}]
2025-07-02 01:11:42 - Mapped to com.banking.controller.TransactionController#createTransaction(TransactionRequest)
2025-07-02 01:11:42 - Using 'application/json', given [*/*] and supported [application/json, application/*+json]
2025-07-02 01:11:42 - Mapped to com.banking.controller.TransactionController#createTransaction(TransactionRequest)
2025-07-02 01:11:42 - Read "application/json;charset=UTF-8" to [com.banking.dto.TransactionRequest@f8999ea]
2025-07-02 01:11:42 - Mapped to com.banking.controller.TransactionController#createTransaction(TransactionRequest)
2025-07-02 01:11:42 - Writing [{data=com.banking.dto.TransactionResponse@2f2c1ebe, success=true, message=交易创建成功}]
2025-07-02 01:11:42 - Using 'application/json', given [*/*] and supported [application/json, application/*+json]
2025-07-02 01:11:42 - Writing [{data=com.banking.dto.TransactionResponse@c0abc96, success=true, message=交易创建成功}]
2025-07-02 01:11:42 - Read "application/json;charset=UTF-8" to [com.banking.dto.TransactionRequest@21b26ea6]
2025-07-02 01:11:42 - Mapped to com.banking.controller.TransactionController#createTransaction(TransactionRequest)
2025-07-02 01:11:42 - Read "application/json;charset=UTF-8" to [com.banking.dto.TransactionRequest@a9a64d3]
2025-07-02 01:11:42 - Mapped to com.banking.controller.TransactionController#createTransaction(TransactionRequest)
2025-07-02 01:11:42 - Read "application/json;charset=UTF-8" to [com.banking.dto.TransactionRequest@3266c5e1]
2025-07-02 01:11:42 - Read "application/json;charset=UTF-8" to [com.banking.dto.TransactionRequest@74940255]
2025-07-02 01:11:42 - Mapped to com.banking.controller.TransactionController#createTransaction(TransactionRequest)
2025-07-02 01:11:42 - Read "application/json;charset=UTF-8" to [com.banking.dto.TransactionRequest@59af797d]
2025-07-02 01:11:42 - Read "application/json;charset=UTF-8" to [com.banking.dto.TransactionRequest@5f8ddb4]
2025-07-02 01:11:42 - Read "application/json;charset=UTF-8" to [com.banking.dto.TransactionRequest@358fb068]
2025-07-02 01:11:42 - Mapped to com.banking.controller.TransactionController#createTransaction(TransactionRequest)
2025-07-02 01:11:42 - Mapped to com.banking.controller.TransactionController#createTransaction(TransactionRequest)
2025-07-02 01:11:42 - Mapped to com.banking.controller.TransactionController#createTransaction(TransactionRequest)
2025-07-02 01:11:42 - Using 'application/json', given [*/*] and supported [application/json, application/*+json]
2025-07-02 01:11:42 - Using 'application/json', given [*/*] and supported [application/json, application/*+json]
2025-07-02 01:11:42 - Using 'application/json', given [*/*] and supported [application/json, application/*+json]
2025-07-02 01:11:42 - Using 'application/json', given [*/*] and supported [application/json, application/*+json]
2025-07-02 01:11:42 - Using 'application/json', given [*/*] and supported [application/json, application/*+json]
2025-07-02 01:11:42 - Writing [{data=com.banking.dto.TransactionResponse@745e3891, success=true, message=交易创建成功}]
2025-07-02 01:11:42 - Writing [{data=com.banking.dto.TransactionResponse@1de607dd, success=true, message=交易创建成功}]
2025-07-02 01:11:42 - Writing [{data=com.banking.dto.TransactionResponse@eec9dee, success=true, message=交易创建成功}]
2025-07-02 01:11:42 - Writing [{data=com.banking.dto.TransactionResponse@3ba45983, success=true, message=交易创建成功}]
2025-07-02 01:11:42 - Read "application/json;charset=UTF-8" to [com.banking.dto.TransactionRequest@3d685394]
2025-07-02 01:11:42 - Read "application/json;charset=UTF-8" to [com.banking.dto.TransactionRequest@2eecf782]
2025-07-02 01:11:42 - Mapped to com.banking.controller.TransactionController#createTransaction(TransactionRequest)
2025-07-02 01:11:42 - Using 'application/json', given [*/*] and supported [application/json, application/*+json]
2025-07-02 01:11:42 - Writing [{data=com.banking.dto.TransactionResponse@6711264b, success=true, message=交易创建成功}]
2025-07-02 01:11:42 - Using 'application/json', given [*/*] and supported [application/json, application/*+json]
2025-07-02 01:11:42 - Writing [{data=com.banking.dto.TransactionResponse@c32ef4b, success=true, message=交易创建成功}]
2025-07-02 01:11:42 - Writing [{data=com.banking.dto.TransactionResponse@16ef897f, success=true, message=交易创建成功}]
2025-07-02 01:11:42 - Read "application/json;charset=UTF-8" to [com.banking.dto.TransactionRequest@9e182b2]
2025-07-02 01:11:42 - Read "application/json;charset=UTF-8" to [com.banking.dto.TransactionRequest@5eadc80e]
2025-07-02 01:11:42 - Using 'application/json', given [*/*] and supported [application/json, application/*+json]
2025-07-02 01:11:42 - Writing [{data=com.banking.dto.TransactionResponse@2d1813e7, success=true, message=交易创建成功}]
2025-07-02 01:11:42 - Using 'application/json', given [*/*] and supported [application/json, application/*+json]
2025-07-02 01:11:42 - Writing [{data=com.banking.dto.TransactionResponse@4962045a, success=true, message=交易创建成功}]
2025-07-02 01:11:42 - Using 'application/json', given [*/*] and supported [application/json, application/*+json]
2025-07-02 01:11:42 - Writing [{data=com.banking.dto.TransactionResponse@246685f5, success=true, message=交易创建成功}]
2025-07-02 01:11:42 - Mapped to com.banking.controller.TransactionController#createTransaction(TransactionRequest)
2025-07-02 01:11:42 - Mapped to com.banking.controller.TransactionController#createTransaction(TransactionRequest)
2025-07-02 01:11:42 - Mapped to com.banking.controller.TransactionController#createTransaction(TransactionRequest)
2025-07-02 01:11:42 - Mapped to com.banking.controller.TransactionController#createTransaction(TransactionRequest)
2025-07-02 01:11:42 - Mapped to com.banking.controller.TransactionController#createTransaction(TransactionRequest)
2025-07-02 01:11:42 - Read "application/json;charset=UTF-8" to [com.banking.dto.TransactionRequest@284ecdbd]
2025-07-02 01:11:42 - Read "application/json;charset=UTF-8" to [com.banking.dto.TransactionRequest@4d32750e]
2025-07-02 01:11:42 - Read "application/json;charset=UTF-8" to [com.banking.dto.TransactionRequest@6de92634]
2025-07-02 01:11:42 - Read "application/json;charset=UTF-8" to [com.banking.dto.TransactionRequest@592b357c]
2025-07-02 01:11:42 - Mapped to com.banking.controller.TransactionController#createTransaction(TransactionRequest)
2025-07-02 01:11:42 - Read "application/json;charset=UTF-8" to [com.banking.dto.TransactionRequest@ce31e53]
2025-07-02 01:11:42 - Using 'application/json', given [*/*] and supported [application/json, application/*+json]
2025-07-02 01:11:42 - Using 'application/json', given [*/*] and supported [application/json, application/*+json]
2025-07-02 01:11:42 - Writing [{data=com.banking.dto.TransactionResponse@ea961b9, success=true, message=交易创建成功}]
2025-07-02 01:11:42 - Mapped to com.banking.controller.TransactionController#createTransaction(TransactionRequest)
2025-07-02 01:11:42 - Read "application/json;charset=UTF-8" to [com.banking.dto.TransactionRequest@17c78798]
2025-07-02 01:11:42 - Writing [{data=com.banking.dto.TransactionResponse@27387658, success=true, message=交易创建成功}]
2025-07-02 01:11:42 - Using 'application/json', given [*/*] and supported [application/json, application/*+json]
2025-07-02 01:11:42 - Writing [{data=com.banking.dto.TransactionResponse@79b61c28, success=true, message=交易创建成功}]
2025-07-02 01:11:42 - Mapped to com.banking.controller.TransactionController#createTransaction(TransactionRequest)
2025-07-02 01:11:42 - Using 'application/json', given [*/*] and supported [application/json, application/*+json]
2025-07-02 01:11:42 - Using 'application/json', given [*/*] and supported [application/json, application/*+json]
2025-07-02 01:11:42 - Writing [{data=com.banking.dto.TransactionResponse@704238fd, success=true, message=交易创建成功}]
2025-07-02 01:11:42 - Using 'application/json', given [*/*] and supported [application/json, application/*+json]
2025-07-02 01:11:42 - Read "application/json;charset=UTF-8" to [com.banking.dto.TransactionRequest@7049da2f]
2025-07-02 01:11:42 - Writing [{data=com.banking.dto.TransactionResponse@2a191044, success=true, message=交易创建成功}]
2025-07-02 01:11:42 - Writing [{data=com.banking.dto.TransactionResponse@75d474cb, success=true, message=交易创建成功}]
2025-07-02 01:11:42 - Using 'application/json', given [*/*] and supported [application/json, application/*+json]
2025-07-02 01:11:42 - Using 'application/json', given [*/*] and supported [application/json, application/*+json]
2025-07-02 01:11:42 - Using 'application/json', given [*/*] and supported [application/json, application/*+json]
2025-07-02 01:11:42 - Mapped to com.banking.controller.TransactionController#createTransaction(TransactionRequest)
2025-07-02 01:11:42 - Writing [{data=com.banking.dto.TransactionResponse@34e35155, success=true, message=交易创建成功}]
2025-07-02 01:11:42 - Writing [{data=com.banking.dto.TransactionResponse@6e69d7f9, success=true, message=交易创建成功}]
2025-07-02 01:11:42 - Writing [{data=com.banking.dto.TransactionResponse@4a6ac0e2, success=true, message=交易创建成功}]
2025-07-02 01:11:42 - Read "application/json;charset=UTF-8" to [com.banking.dto.TransactionRequest@70de3e01]
2025-07-02 01:11:42 - Read "application/json;charset=UTF-8" to [com.banking.dto.TransactionRequest@5b25eac7]
2025-07-02 01:11:42 - Using 'application/json', given [*/*] and supported [application/json, application/*+json]
2025-07-02 01:11:42 - Writing [{data=com.banking.dto.TransactionResponse@2ded9cb5, success=true, message=交易创建成功}]
2025-07-02 01:11:42 - Mapped to com.banking.controller.TransactionController#createTransaction(TransactionRequest)
2025-07-02 01:11:42 - Mapped to com.banking.controller.TransactionController#createTransaction(TransactionRequest)
2025-07-02 01:11:42 - Mapped to com.banking.controller.TransactionController#createTransaction(TransactionRequest)
2025-07-02 01:11:42 - Mapped to com.banking.controller.TransactionController#createTransaction(TransactionRequest)
2025-07-02 01:11:42 - Mapped to com.banking.controller.TransactionController#createTransaction(TransactionRequest)
2025-07-02 01:11:42 - Mapped to com.banking.controller.TransactionController#createTransaction(TransactionRequest)
2025-07-02 01:11:42 - Read "application/json;charset=UTF-8" to [com.banking.dto.TransactionRequest@569df925]
2025-07-02 01:11:42 - Read "application/json;charset=UTF-8" to [com.banking.dto.TransactionRequest@26a87ee9]
2025-07-02 01:11:42 - Read "application/json;charset=UTF-8" to [com.banking.dto.TransactionRequest@6543a686]
2025-07-02 01:11:42 - Read "application/json;charset=UTF-8" to [com.banking.dto.TransactionRequest@78586129]
2025-07-02 01:11:42 - Read "application/json;charset=UTF-8" to [com.banking.dto.TransactionRequest@2ecfc920]
2025-07-02 01:11:42 - Read "application/json;charset=UTF-8" to [com.banking.dto.TransactionRequest@12c277be]
2025-07-02 01:11:42 - Using 'application/json', given [*/*] and supported [application/json, application/*+json]
2025-07-02 01:11:42 - Using 'application/json', given [*/*] and supported [application/json, application/*+json]
2025-07-02 01:11:42 - Writing [{data=com.banking.dto.TransactionResponse@6be232c7, success=true, message=交易创建成功}]
2025-07-02 01:11:42 - Using 'application/json', given [*/*] and supported [application/json, application/*+json]
2025-07-02 01:11:42 - Writing [{data=com.banking.dto.TransactionResponse@2bbc5dea, success=true, message=交易创建成功}]
2025-07-02 01:11:42 - Using 'application/json', given [*/*] and supported [application/json, application/*+json]
2025-07-02 01:11:42 - Using 'application/json', given [*/*] and supported [application/json, application/*+json]
2025-07-02 01:11:42 - Using 'application/json', given [*/*] and supported [application/json, application/*+json]
2025-07-02 01:11:42 - Mapped to com.banking.controller.TransactionController#createTransaction(TransactionRequest)
2025-07-02 01:11:42 - Using 'application/json', given [*/*] and supported [application/json, application/*+json]
2025-07-02 01:11:42 - Writing [{data=com.banking.dto.TransactionResponse@7a50856d, success=true, message=交易创建成功}]
2025-07-02 01:11:42 - Mapped to com.banking.controller.TransactionController#createTransaction(TransactionRequest)
2025-07-02 01:11:42 - Writing [{data=com.banking.dto.TransactionResponse@7e1e8d91, success=true, message=交易创建成功}]
2025-07-02 01:11:42 - Mapped to com.banking.controller.TransactionController#createTransaction(TransactionRequest)
2025-07-02 01:11:42 - Writing [{data=com.banking.dto.TransactionResponse@2fd2d91, success=true, message=交易创建成功}]
2025-07-02 01:11:42 - Using 'application/json', given [*/*] and supported [application/json, application/*+json]
2025-07-02 01:11:42 - Writing [{data=com.banking.dto.TransactionResponse@5c1ee478, success=true, message=交易创建成功}]
2025-07-02 01:11:42 - Mapped to com.banking.controller.TransactionController#createTransaction(TransactionRequest)
2025-07-02 01:11:42 - Read "application/json;charset=UTF-8" to [com.banking.dto.TransactionRequest@235d61]
2025-07-02 01:11:42 - Writing [{data=com.banking.dto.TransactionResponse@30bee888, success=true, message=交易创建成功}]
2025-07-02 01:11:42 - Read "application/json;charset=UTF-8" to [com.banking.dto.TransactionRequest@7c643314]
2025-07-02 01:11:42 - Using 'application/json', given [*/*] and supported [application/json, application/*+json]
2025-07-02 01:11:42 - Using 'application/json', given [*/*] and supported [application/json, application/*+json]
2025-07-02 01:11:42 - Writing [{data=com.banking.dto.TransactionResponse@5bdfade7, success=true, message=交易创建成功}]
2025-07-02 01:11:42 - Writing [{data=com.banking.dto.TransactionResponse@60227d1a, success=true, message=交易创建成功}]
2025-07-02 01:11:42 - Read "application/json;charset=UTF-8" to [com.banking.dto.TransactionRequest@6ba470e]
2025-07-02 01:11:42 - Read "application/json;charset=UTF-8" to [com.banking.dto.TransactionRequest@5cf07f55]
2025-07-02 01:11:42 - Writing [{data=com.banking.dto.TransactionResponse@52cd9ab6, success=true, message=交易创建成功}]
2025-07-02 01:11:42 - Mapped to com.banking.controller.TransactionController#createTransaction(TransactionRequest)
2025-07-02 01:11:42 - Mapped to com.banking.controller.TransactionController#createTransaction(TransactionRequest)
2025-07-02 01:11:42 - Mapped to com.banking.controller.TransactionController#createTransaction(TransactionRequest)
2025-07-02 01:11:42 - Mapped to com.banking.controller.TransactionController#createTransaction(TransactionRequest)
2025-07-02 01:11:42 - Mapped to com.banking.controller.TransactionController#createTransaction(TransactionRequest)
2025-07-02 01:11:42 - Read "application/json;charset=UTF-8" to [com.banking.dto.TransactionRequest@50ce7ec2]
2025-07-02 01:11:42 - Read "application/json;charset=UTF-8" to [com.banking.dto.TransactionRequest@32c6fc47]
2025-07-02 01:11:42 - Read "application/json;charset=UTF-8" to [com.banking.dto.TransactionRequest@371bf457]
2025-07-02 01:11:42 - Read "application/json;charset=UTF-8" to [com.banking.dto.TransactionRequest@574dacfc]
2025-07-02 01:11:42 - Read "application/json;charset=UTF-8" to [com.banking.dto.TransactionRequest@469d4e70]
2025-07-02 01:11:42 - Mapped to com.banking.controller.TransactionController#createTransaction(TransactionRequest)
2025-07-02 01:11:42 - Mapped to com.banking.controller.TransactionController#createTransaction(TransactionRequest)
2025-07-02 01:11:42 - Mapped to com.banking.controller.TransactionController#createTransaction(TransactionRequest)
2025-07-02 01:11:42 - Mapped to com.banking.controller.TransactionController#createTransaction(TransactionRequest)
2025-07-02 01:11:42 - Read "application/json;charset=UTF-8" to [com.banking.dto.TransactionRequest@65ade5c1]
2025-07-02 01:11:42 - Read "application/json;charset=UTF-8" to [com.banking.dto.TransactionRequest@e384048]
2025-07-02 01:11:42 - Read "application/json;charset=UTF-8" to [com.banking.dto.TransactionRequest@58fe1b80]
2025-07-02 01:11:42 - Using 'application/json', given [*/*] and supported [application/json, application/*+json]
2025-07-02 01:11:42 - Using 'application/json', given [*/*] and supported [application/json, application/*+json]
2025-07-02 01:11:42 - Writing [{data=com.banking.dto.TransactionResponse@7d46007b, success=true, message=交易创建成功}]
2025-07-02 01:11:42 - Writing [{data=com.banking.dto.TransactionResponse@3de8f29, success=true, message=交易创建成功}]
2025-07-02 01:11:42 - Using 'application/json', given [*/*] and supported [application/json, application/*+json]
2025-07-02 01:11:42 - Read "application/json;charset=UTF-8" to [com.banking.dto.TransactionRequest@43360f2a]
2025-07-02 01:11:42 - Writing [{data=com.banking.dto.TransactionResponse@6af19dd3, success=true, message=交易创建成功}]
2025-07-02 01:11:42 - Using 'application/json', given [*/*] and supported [application/json, application/*+json]
2025-07-02 01:11:42 - Writing [{data=com.banking.dto.TransactionResponse@4bafd879, success=true, message=交易创建成功}]
2025-07-02 01:11:42 - Using 'application/json', given [*/*] and supported [application/json, application/*+json]
2025-07-02 01:11:42 - Using 'application/json', given [*/*] and supported [application/json, application/*+json]
2025-07-02 01:11:42 - Using 'application/json', given [*/*] and supported [application/json, application/*+json]
2025-07-02 01:11:42 - Writing [{data=com.banking.dto.TransactionResponse@5389b173, success=true, message=交易创建成功}]
2025-07-02 01:11:42 - Writing [{data=com.banking.dto.TransactionResponse@6c305a00, success=true, message=交易创建成功}]
2025-07-02 01:11:42 - Writing [{data=com.banking.dto.TransactionResponse@5f1421ca, success=true, message=交易创建成功}]
2025-07-02 01:11:42 - Using 'application/json', given [*/*] and supported [application/json, application/*+json]
2025-07-02 01:11:42 - Writing [{data=com.banking.dto.TransactionResponse@88f0d10, success=true, message=交易创建成功}]
2025-07-02 01:11:42 - Using 'application/json', given [*/*] and supported [application/json, application/*+json]
2025-07-02 01:11:42 - Writing [{data=com.banking.dto.TransactionResponse@15e22e7a, success=true, message=交易创建成功}]
2025-07-02 01:11:42 - Using 'application/json', given [*/*] and supported [application/json, application/*+json]
2025-07-02 01:11:42 - Writing [{data=com.banking.dto.TransactionResponse@589f3d9c, success=true, message=交易创建成功}]
2025-07-02 01:11:42 - Mapped to com.banking.controller.TransactionController#createTransaction(TransactionRequest)
2025-07-02 01:11:42 - Mapped to com.banking.controller.TransactionController#createTransaction(TransactionRequest)
2025-07-02 01:11:42 - Mapped to com.banking.controller.TransactionController#createTransaction(TransactionRequest)
2025-07-02 01:11:42 - Mapped to com.banking.controller.TransactionController#createTransaction(TransactionRequest)
2025-07-02 01:11:42 - Mapped to com.banking.controller.TransactionController#createTransaction(TransactionRequest)
2025-07-02 01:11:42 - Mapped to com.banking.controller.TransactionController#createTransaction(TransactionRequest)
2025-07-02 01:11:42 - Mapped to com.banking.controller.TransactionController#createTransaction(TransactionRequest)
2025-07-02 01:11:42 - Read "application/json;charset=UTF-8" to [com.banking.dto.TransactionRequest@5de21e94]
2025-07-02 01:11:42 - Mapped to com.banking.controller.TransactionController#createTransaction(TransactionRequest)
2025-07-02 01:11:42 - Read "application/json;charset=UTF-8" to [com.banking.dto.TransactionRequest@5434fba2]
2025-07-02 01:11:42 - Read "application/json;charset=UTF-8" to [com.banking.dto.TransactionRequest@8bf1306]
2025-07-02 01:11:42 - Read "application/json;charset=UTF-8" to [com.banking.dto.TransactionRequest@49dda3e8]
2025-07-02 01:11:42 - Read "application/json;charset=UTF-8" to [com.banking.dto.TransactionRequest@6be68a01]
2025-07-02 01:11:42 - Mapped to com.banking.controller.TransactionController#createTransaction(TransactionRequest)
2025-07-02 01:11:42 - Read "application/json;charset=UTF-8" to [com.banking.dto.TransactionRequest@a5738ba]
2025-07-02 01:11:42 - Read "application/json;charset=UTF-8" to [com.banking.dto.TransactionRequest@41e389c6]
2025-07-02 01:11:42 - Read "application/json;charset=UTF-8" to [com.banking.dto.TransactionRequest@3b4dc0ca]
2025-07-02 01:11:42 - Mapped to com.banking.controller.TransactionController#createTransaction(TransactionRequest)
2025-07-02 01:11:42 - Read "application/json;charset=UTF-8" to [com.banking.dto.TransactionRequest@15edb438]
2025-07-02 01:11:42 - Using 'application/json', given [*/*] and supported [application/json, application/*+json]
2025-07-02 01:11:42 - Using 'application/json', given [*/*] and supported [application/json, application/*+json]
2025-07-02 01:11:42 - Using 'application/json', given [*/*] and supported [application/json, application/*+json]
2025-07-02 01:11:42 - Writing [{data=com.banking.dto.TransactionResponse@4e2682c, success=true, message=交易创建成功}]
2025-07-02 01:11:42 - Writing [{data=com.banking.dto.TransactionResponse@2187f2c9, success=true, message=交易创建成功}]
2025-07-02 01:11:42 - Writing [{data=com.banking.dto.TransactionResponse@eca35d1, success=true, message=交易创建成功}]
2025-07-02 01:11:42 - Using 'application/json', given [*/*] and supported [application/json, application/*+json]
2025-07-02 01:11:42 - Read "application/json;charset=UTF-8" to [com.banking.dto.TransactionRequest@631b1379]
2025-07-02 01:11:42 - Using 'application/json', given [*/*] and supported [application/json, application/*+json]
2025-07-02 01:11:42 - Using 'application/json', given [*/*] and supported [application/json, application/*+json]
2025-07-02 01:11:42 - Using 'application/json', given [*/*] and supported [application/json, application/*+json]
2025-07-02 01:11:42 - Writing [{data=com.banking.dto.TransactionResponse@2d8d3431, success=true, message=交易创建成功}]
2025-07-02 01:11:42 - Writing [{data=com.banking.dto.TransactionResponse@6193052d, success=true, message=交易创建成功}]
2025-07-02 01:11:42 - Writing [{data=com.banking.dto.TransactionResponse@115853bb, success=true, message=交易创建成功}]
2025-07-02 01:11:42 - Writing [{data=com.banking.dto.TransactionResponse@30b9a068, success=true, message=交易创建成功}]
2025-07-02 01:11:42 - Using 'application/json', given [*/*] and supported [application/json, application/*+json]
2025-07-02 01:11:42 - Writing [{data=com.banking.dto.TransactionResponse@83217f8, success=true, message=交易创建成功}]
2025-07-02 01:11:42 - Using 'application/json', given [*/*] and supported [application/json, application/*+json]
2025-07-02 01:11:42 - Writing [{data=com.banking.dto.TransactionResponse@1d5093e0, success=true, message=交易创建成功}]
2025-07-02 01:11:42 - Using 'application/json', given [*/*] and supported [application/json, application/*+json]
2025-07-02 01:11:42 - Writing [{data=com.banking.dto.TransactionResponse@707b28c2, success=true, message=交易创建成功}]
2025-07-02 01:11:42 - Mapped to com.banking.controller.TransactionController#createTransaction(TransactionRequest)
2025-07-02 01:11:42 - Mapped to com.banking.controller.TransactionController#createTransaction(TransactionRequest)
2025-07-02 01:11:42 - Mapped to com.banking.controller.TransactionController#createTransaction(TransactionRequest)
2025-07-02 01:11:42 - Mapped to com.banking.controller.TransactionController#createTransaction(TransactionRequest)
2025-07-02 01:11:42 - Mapped to com.banking.controller.TransactionController#createTransaction(TransactionRequest)
2025-07-02 01:11:42 - Mapped to com.banking.controller.TransactionController#createTransaction(TransactionRequest)
2025-07-02 01:11:42 - Mapped to com.banking.controller.TransactionController#createTransaction(TransactionRequest)
2025-07-02 01:11:42 - Mapped to com.banking.controller.TransactionController#createTransaction(TransactionRequest)
2025-07-02 01:11:42 - Read "application/json;charset=UTF-8" to [com.banking.dto.TransactionRequest@1c09032f]
2025-07-02 01:11:42 - Mapped to com.banking.controller.TransactionController#createTransaction(TransactionRequest)
2025-07-02 01:11:42 - Read "application/json;charset=UTF-8" to [com.banking.dto.TransactionRequest@419ba3ec]
2025-07-02 01:11:42 - Read "application/json;charset=UTF-8" to [com.banking.dto.TransactionRequest@c066302]
2025-07-02 01:11:42 - Read "application/json;charset=UTF-8" to [com.banking.dto.TransactionRequest@662f5167]
2025-07-02 01:11:42 - Read "application/json;charset=UTF-8" to [com.banking.dto.TransactionRequest@1ca9cd8b]
2025-07-02 01:11:42 - Read "application/json;charset=UTF-8" to [com.banking.dto.TransactionRequest@6c74f572]
2025-07-02 01:11:42 - Read "application/json;charset=UTF-8" to [com.banking.dto.TransactionRequest@5c657cdd]
2025-07-02 01:11:42 - Read "application/json;charset=UTF-8" to [com.banking.dto.TransactionRequest@49c24e42]
2025-07-02 01:11:42 - Read "application/json;charset=UTF-8" to [com.banking.dto.TransactionRequest@747192e6]
2025-07-02 01:11:42 - Mapped to com.banking.controller.TransactionController#createTransaction(TransactionRequest)
2025-07-02 01:11:42 - Using 'application/json', given [*/*] and supported [application/json, application/*+json]
2025-07-02 01:11:42 - Using 'application/json', given [*/*] and supported [application/json, application/*+json]
2025-07-02 01:11:42 - Using 'application/json', given [*/*] and supported [application/json, application/*+json]
2025-07-02 01:11:42 - Using 'application/json', given [*/*] and supported [application/json, application/*+json]
2025-07-02 01:11:42 - Using 'application/json', given [*/*] and supported [application/json, application/*+json]
2025-07-02 01:11:42 - Using 'application/json', given [*/*] and supported [application/json, application/*+json]
2025-07-02 01:11:42 - Writing [{data=com.banking.dto.TransactionResponse@78e8d02c, success=true, message=交易创建成功}]
2025-07-02 01:11:42 - Writing [{data=com.banking.dto.TransactionResponse@3ff1b68b, success=true, message=交易创建成功}]
2025-07-02 01:11:42 - Writing [{data=com.banking.dto.TransactionResponse@310d72d, success=true, message=交易创建成功}]
2025-07-02 01:11:42 - Writing [{data=com.banking.dto.TransactionResponse@d05eff, success=true, message=交易创建成功}]
2025-07-02 01:11:42 - Using 'application/json', given [*/*] and supported [application/json, application/*+json]
2025-07-02 01:11:42 - Writing [{data=com.banking.dto.TransactionResponse@cf68a04, success=true, message=交易创建成功}]
2025-07-02 01:11:42 - Writing [{data=com.banking.dto.TransactionResponse@718af146, success=true, message=交易创建成功}]
2025-07-02 01:11:42 - Read "application/json;charset=UTF-8" to [com.banking.dto.TransactionRequest@7e5893a4]
2025-07-02 01:11:42 - Using 'application/json', given [*/*] and supported [application/json, application/*+json]
2025-07-02 01:11:42 - Writing [{data=com.banking.dto.TransactionResponse@15a64c23, success=true, message=交易创建成功}]
2025-07-02 01:11:42 - Using 'application/json', given [*/*] and supported [application/json, application/*+json]
2025-07-02 01:11:42 - Writing [{data=com.banking.dto.TransactionResponse@16d0e902, success=true, message=交易创建成功}]
2025-07-02 01:11:42 - Using 'application/json', given [*/*] and supported [application/json, application/*+json]
2025-07-02 01:11:42 - Writing [{data=com.banking.dto.TransactionResponse@123c6728, success=true, message=交易创建成功}]
2025-07-02 01:11:42 - Writing [{data=com.banking.dto.TransactionResponse@5bd1b808, success=true, message=交易创建成功}]
2025-07-02 01:11:42 - Mapped to com.banking.controller.TransactionController#createTransaction(TransactionRequest)
2025-07-02 01:11:42 - Mapped to com.banking.controller.TransactionController#createTransaction(TransactionRequest)
2025-07-02 01:11:42 - Mapped to com.banking.controller.TransactionController#createTransaction(TransactionRequest)
2025-07-02 01:11:42 - Mapped to com.banking.controller.TransactionController#createTransaction(TransactionRequest)
2025-07-02 01:11:42 - Mapped to com.banking.controller.TransactionController#createTransaction(TransactionRequest)
2025-07-02 01:11:42 - Mapped to com.banking.controller.TransactionController#createTransaction(TransactionRequest)
2025-07-02 01:11:42 - Mapped to com.banking.controller.TransactionController#createTransaction(TransactionRequest)
2025-07-02 01:11:42 - Using 'application/json', given [*/*] and supported [application/json, application/*+json]
2025-07-02 01:11:42 - Read "application/json;charset=UTF-8" to [com.banking.dto.TransactionRequest@767f1a38]
2025-07-02 01:11:42 - Read "application/json;charset=UTF-8" to [com.banking.dto.TransactionRequest@4770c977]
2025-07-02 01:11:42 - Writing [{data=com.banking.dto.TransactionResponse@66ab5ecb, success=true, message=交易创建成功}]
2025-07-02 01:11:42 - Read "application/json;charset=UTF-8" to [com.banking.dto.TransactionRequest@7c038fcb]
2025-07-02 01:11:42 - Read "application/json;charset=UTF-8" to [com.banking.dto.TransactionRequest@452724d]
2025-07-02 01:11:42 - Read "application/json;charset=UTF-8" to [com.banking.dto.TransactionRequest@20b14c90]
2025-07-02 01:11:42 - Read "application/json;charset=UTF-8" to [com.banking.dto.TransactionRequest@5c290437]
2025-07-02 01:11:42 - Using 'application/json', given [*/*] and supported [application/json, application/*+json]
2025-07-02 01:11:42 - Using 'application/json', given [*/*] and supported [application/json, application/*+json]
2025-07-02 01:11:42 - Read "application/json;charset=UTF-8" to [com.banking.dto.TransactionRequest@49a0c64c]
2025-07-02 01:11:42 - Writing [{data=com.banking.dto.TransactionResponse@1ffbaeff, success=true, message=交易创建成功}]
2025-07-02 01:11:42 - Writing [{data=com.banking.dto.TransactionResponse@27f39c46, success=true, message=交易创建成功}]
2025-07-02 01:11:42 - Using 'application/json', given [*/*] and supported [application/json, application/*+json]
2025-07-02 01:11:42 - Using 'application/json', given [*/*] and supported [application/json, application/*+json]
2025-07-02 01:11:42 - Writing [{data=com.banking.dto.TransactionResponse@753f8c81, success=true, message=交易创建成功}]
2025-07-02 01:11:42 - Writing [{data=com.banking.dto.TransactionResponse@52274e0d, success=true, message=交易创建成功}]
2025-07-02 01:11:42 - Mapped to com.banking.controller.TransactionController#createTransaction(TransactionRequest)
2025-07-02 01:11:42 - Using 'application/json', given [*/*] and supported [application/json, application/*+json]
2025-07-02 01:11:42 - Mapped to com.banking.controller.TransactionController#createTransaction(TransactionRequest)
2025-07-02 01:11:42 - Writing [{data=com.banking.dto.TransactionResponse@46a3e8e0, success=true, message=交易创建成功}]
2025-07-02 01:11:42 - Using 'application/json', given [*/*] and supported [application/json, application/*+json]
2025-07-02 01:11:42 - Writing [{data=com.banking.dto.TransactionResponse@407616da, success=true, message=交易创建成功}]
2025-07-02 01:11:42 - Read "application/json;charset=UTF-8" to [com.banking.dto.TransactionRequest@59095c17]
2025-07-02 01:11:42 - Read "application/json;charset=UTF-8" to [com.banking.dto.TransactionRequest@116390d]
2025-07-02 01:11:42 - Using 'application/json', given [*/*] and supported [application/json, application/*+json]
2025-07-02 01:11:42 - Writing [{data=com.banking.dto.TransactionResponse@29042990, success=true, message=交易创建成功}]
2025-07-02 01:11:42 - Using 'application/json', given [*/*] and supported [application/json, application/*+json]
2025-07-02 01:11:42 - Using 'application/json', given [*/*] and supported [application/json, application/*+json]
2025-07-02 01:11:42 - Writing [{data=com.banking.dto.TransactionResponse@3bdc8f64, success=true, message=交易创建成功}]
2025-07-02 01:11:42 - Writing [{data=com.banking.dto.TransactionResponse@19c638a8, success=true, message=交易创建成功}]
2025-07-02 01:11:42 - Mapped to com.banking.controller.TransactionController#createTransaction(TransactionRequest)
2025-07-02 01:11:42 - Mapped to com.banking.controller.TransactionController#createTransaction(TransactionRequest)
2025-07-02 01:11:42 - Mapped to com.banking.controller.TransactionController#createTransaction(TransactionRequest)
2025-07-02 01:11:42 - Mapped to com.banking.controller.TransactionController#createTransaction(TransactionRequest)
2025-07-02 01:11:42 - Mapped to com.banking.controller.TransactionController#createTransaction(TransactionRequest)
2025-07-02 01:11:42 - Mapped to com.banking.controller.TransactionController#createTransaction(TransactionRequest)
2025-07-02 01:11:42 - Read "application/json;charset=UTF-8" to [com.banking.dto.TransactionRequest@56aea69c]
2025-07-02 01:11:42 - Read "application/json;charset=UTF-8" to [com.banking.dto.TransactionRequest@6f8c33d5]
2025-07-02 01:11:42 - Read "application/json;charset=UTF-8" to [com.banking.dto.TransactionRequest@938ac37]
2025-07-02 01:11:42 - Using 'application/json', given [*/*] and supported [application/json, application/*+json]
2025-07-02 01:11:42 - Read "application/json;charset=UTF-8" to [com.banking.dto.TransactionRequest@3ebebb38]
2025-07-02 01:11:42 - Writing [{data=com.banking.dto.TransactionResponse@5a71f79b, success=true, message=交易创建成功}]
2025-07-02 01:11:42 - Using 'application/json', given [*/*] and supported [application/json, application/*+json]
2025-07-02 01:11:42 - Read "application/json;charset=UTF-8" to [com.banking.dto.TransactionRequest@74c94241]
2025-07-02 01:11:42 - Writing [{data=com.banking.dto.TransactionResponse@fde7eea, success=true, message=交易创建成功}]
2025-07-02 01:11:42 - Read "application/json;charset=UTF-8" to [com.banking.dto.TransactionRequest@2cc930e9]
2025-07-02 01:11:42 - Using 'application/json', given [*/*] and supported [application/json, application/*+json]
2025-07-02 01:11:42 - Using 'application/json', given [*/*] and supported [application/json, application/*+json]
2025-07-02 01:11:42 - Writing [{data=com.banking.dto.TransactionResponse@4005cb81, success=true, message=交易创建成功}]
2025-07-02 01:11:42 - Mapped to com.banking.controller.TransactionController#createTransaction(TransactionRequest)
2025-07-02 01:11:42 - Using 'application/json', given [*/*] and supported [application/json, application/*+json]
2025-07-02 01:11:42 - Writing [{data=com.banking.dto.TransactionResponse@7c9149da, success=true, message=交易创建成功}]
2025-07-02 01:11:42 - Writing [{data=com.banking.dto.TransactionResponse@406c5df8, success=true, message=交易创建成功}]
2025-07-02 01:11:42 - Mapped to com.banking.controller.TransactionController#createTransaction(TransactionRequest)
2025-07-02 01:11:42 - Using 'application/json', given [*/*] and supported [application/json, application/*+json]
2025-07-02 01:11:42 - Using 'application/json', given [*/*] and supported [application/json, application/*+json]
2025-07-02 01:11:42 - Mapped to com.banking.controller.TransactionController#createTransaction(TransactionRequest)
2025-07-02 01:11:42 - Writing [{data=com.banking.dto.TransactionResponse@3f03d6fb, success=true, message=交易创建成功}]
2025-07-02 01:11:42 - Writing [{data=com.banking.dto.TransactionResponse@5886c150, success=true, message=交易创建成功}]
2025-07-02 01:11:42 - Read "application/json;charset=UTF-8" to [com.banking.dto.TransactionRequest@48fc44bf]
2025-07-02 01:11:42 - Read "application/json;charset=UTF-8" to [com.banking.dto.TransactionRequest@44306ed8]
2025-07-02 01:11:42 - Read "application/json;charset=UTF-8" to [com.banking.dto.TransactionRequest@6dbfeb37]
2025-07-02 01:11:42 - Using 'application/json', given [*/*] and supported [application/json, application/*+json]
2025-07-02 01:11:42 - Using 'application/json', given [*/*] and supported [application/json, application/*+json]
2025-07-02 01:11:42 - Using 'application/json', given [*/*] and supported [application/json, application/*+json]
2025-07-02 01:11:42 - Writing [{data=com.banking.dto.TransactionResponse@46a2109c, success=true, message=交易创建成功}]
2025-07-02 01:11:42 - Writing [{data=com.banking.dto.TransactionResponse@3110afab, success=true, message=交易创建成功}]
2025-07-02 01:11:42 - Using 'application/json', given [*/*] and supported [application/json, application/*+json]
2025-07-02 01:11:42 - Writing [{data=com.banking.dto.TransactionResponse@1ce2e338, success=true, message=交易创建成功}]
2025-07-02 01:11:42 - Writing [{data=com.banking.dto.TransactionResponse@7189e111, success=true, message=交易创建成功}]
2025-07-02 01:11:42 - Using 'application/json', given [*/*] and supported [application/json, application/*+json]
2025-07-02 01:11:42 - Using 'application/json', given [*/*] and supported [application/json, application/*+json]
2025-07-02 01:11:42 - Mapped to com.banking.controller.TransactionController#createTransaction(TransactionRequest)
2025-07-02 01:11:42 - Writing [{data=com.banking.dto.TransactionResponse@33d392d4, success=true, message=交易创建成功}]
2025-07-02 01:11:42 - Writing [{data=com.banking.dto.TransactionResponse@611d1041, success=true, message=交易创建成功}]
2025-07-02 01:11:42 - Using 'application/json', given [*/*] and supported [application/json, application/*+json]
2025-07-02 01:11:42 - Mapped to com.banking.controller.TransactionController#createTransaction(TransactionRequest)
2025-07-02 01:11:42 - Using 'application/json', given [*/*] and supported [application/json, application/*+json]
2025-07-02 01:11:42 - Writing [{data=com.banking.dto.TransactionResponse@2f7c4bc4, success=true, message=交易创建成功}]
2025-07-02 01:11:42 - Writing [{data=com.banking.dto.TransactionResponse@482005c8, success=true, message=交易创建成功}]
2025-07-02 01:11:42 - Read "application/json;charset=UTF-8" to [com.banking.dto.TransactionRequest@3b2cc789]
2025-07-02 01:11:42 - Read "application/json;charset=UTF-8" to [com.banking.dto.TransactionRequest@5a7f9acd]
2025-07-02 01:11:42 - Using 'application/json', given [*/*] and supported [application/json, application/*+json]
2025-07-02 01:11:42 - Mapped to com.banking.controller.TransactionController#createTransaction(TransactionRequest)
2025-07-02 01:11:42 - Writing [{data=com.banking.dto.TransactionResponse@2997e5c3, success=true, message=交易创建成功}]
2025-07-02 01:11:42 - Using 'application/json', given [*/*] and supported [application/json, application/*+json]
2025-07-02 01:11:42 - Mapped to com.banking.controller.TransactionController#createTransaction(TransactionRequest)
2025-07-02 01:11:42 - Writing [{data=com.banking.dto.TransactionResponse@4e3fa2d8, success=true, message=交易创建成功}]
2025-07-02 01:11:42 - Mapped to com.banking.controller.TransactionController#createTransaction(TransactionRequest)
2025-07-02 01:11:42 - Mapped to com.banking.controller.TransactionController#createTransaction(TransactionRequest)
2025-07-02 01:11:42 - Read "application/json;charset=UTF-8" to [com.banking.dto.TransactionRequest@6e1f3305]
2025-07-02 01:11:42 - Mapped to com.banking.controller.TransactionController#createTransaction(TransactionRequest)
2025-07-02 01:11:42 - Mapped to com.banking.controller.TransactionController#createTransaction(TransactionRequest)
2025-07-02 01:11:42 - Mapped to com.banking.controller.TransactionController#createTransaction(TransactionRequest)
2025-07-02 01:11:42 - Read "application/json;charset=UTF-8" to [com.banking.dto.TransactionRequest@535a7ebc]
2025-07-02 01:11:42 - Mapped to com.banking.controller.TransactionController#createTransaction(TransactionRequest)
2025-07-02 01:11:42 - Read "application/json;charset=UTF-8" to [com.banking.dto.TransactionRequest@200737cc]
2025-07-02 01:11:42 - Read "application/json;charset=UTF-8" to [com.banking.dto.TransactionRequest@4a6df7b]
2025-07-02 01:11:42 - Read "application/json;charset=UTF-8" to [com.banking.dto.TransactionRequest@1d127367]
2025-07-02 01:11:42 - Read "application/json;charset=UTF-8" to [com.banking.dto.TransactionRequest@4d99affd]
2025-07-02 01:11:42 - Mapped to com.banking.controller.TransactionController#createTransaction(TransactionRequest)
2025-07-02 01:11:42 - Mapped to com.banking.controller.TransactionController#createTransaction(TransactionRequest)
2025-07-02 01:11:42 - Read "application/json;charset=UTF-8" to [com.banking.dto.TransactionRequest@5d486aaa]
2025-07-02 01:11:42 - Read "application/json;charset=UTF-8" to [com.banking.dto.TransactionRequest@719986a3]
2025-07-02 01:11:42 - Mapped to com.banking.controller.TransactionController#createTransaction(TransactionRequest)
2025-07-02 01:11:42 - Read "application/json;charset=UTF-8" to [com.banking.dto.TransactionRequest@5bc5e299]
2025-07-02 01:11:42 - Using 'application/json', given [*/*] and supported [application/json, application/*+json]
2025-07-02 01:11:42 - Read "application/json;charset=UTF-8" to [com.banking.dto.TransactionRequest@454d2990]
2025-07-02 01:11:42 - Writing [{data=com.banking.dto.TransactionResponse@48b455c3, success=true, message=交易创建成功}]
2025-07-02 01:11:42 - Mapped to com.banking.controller.TransactionController#createTransaction(TransactionRequest)
2025-07-02 01:11:42 - Mapped to com.banking.controller.TransactionController#createTransaction(TransactionRequest)
2025-07-02 01:11:42 - Read "application/json;charset=UTF-8" to [com.banking.dto.TransactionRequest@e9321af]
2025-07-02 01:11:42 - Read "application/json;charset=UTF-8" to [com.banking.dto.TransactionRequest@6c9ea07a]
2025-07-02 01:11:42 - Read "application/json;charset=UTF-8" to [com.banking.dto.TransactionRequest@f93141d]
2025-07-02 01:11:42 - Using 'application/json', given [*/*] and supported [application/json, application/*+json]
2025-07-02 01:11:42 - Using 'application/json', given [*/*] and supported [application/json, application/*+json]
2025-07-02 01:11:42 - Writing [{data=com.banking.dto.TransactionResponse@e99ea60, success=true, message=交易创建成功}]
2025-07-02 01:11:42 - Writing [{data=com.banking.dto.TransactionResponse@148fbdfd, success=true, message=交易创建成功}]
2025-07-02 01:11:42 - Using 'application/json', given [*/*] and supported [application/json, application/*+json]
2025-07-02 01:11:42 - Writing [{data=com.banking.dto.TransactionResponse@45cc8aec, success=true, message=交易创建成功}]
2025-07-02 01:11:42 - Mapped to com.banking.controller.TransactionController#createTransaction(TransactionRequest)
2025-07-02 01:11:42 - Using 'application/json', given [*/*] and supported [application/json, application/*+json]
2025-07-02 01:11:42 - Writing [{data=com.banking.dto.TransactionResponse@2ed5aa6f, success=true, message=交易创建成功}]
2025-07-02 01:11:42 - Using 'application/json', given [*/*] and supported [application/json, application/*+json]
2025-07-02 01:11:42 - Writing [{data=com.banking.dto.TransactionResponse@5c10fd28, success=true, message=交易创建成功}]
2025-07-02 01:11:42 - Using 'application/json', given [*/*] and supported [application/json, application/*+json]
2025-07-02 01:11:42 - Writing [{data=com.banking.dto.TransactionResponse@612337d1, success=true, message=交易创建成功}]
2025-07-02 01:11:42 - Read "application/json;charset=UTF-8" to [com.banking.dto.TransactionRequest@2b3976de]
2025-07-02 01:11:42 - Using 'application/json', given [*/*] and supported [application/json, application/*+json]
2025-07-02 01:11:42 - Using 'application/json', given [*/*] and supported [application/json, application/*+json]
2025-07-02 01:11:42 - Writing [{data=com.banking.dto.TransactionResponse@583c9ec8, success=true, message=交易创建成功}]
2025-07-02 01:11:42 - Writing [{data=com.banking.dto.TransactionResponse@4efe18e5, success=true, message=交易创建成功}]
2025-07-02 01:11:42 - Using 'application/json', given [*/*] and supported [application/json, application/*+json]
2025-07-02 01:11:42 - Using 'application/json', given [*/*] and supported [application/json, application/*+json]
2025-07-02 01:11:42 - Writing [{data=com.banking.dto.TransactionResponse@11617c17, success=true, message=交易创建成功}]
2025-07-02 01:11:42 - Mapped to com.banking.controller.TransactionController#createTransaction(TransactionRequest)
2025-07-02 01:11:42 - Mapped to com.banking.controller.TransactionController#createTransaction(TransactionRequest)
2025-07-02 01:11:42 - Mapped to com.banking.controller.TransactionController#createTransaction(TransactionRequest)
2025-07-02 01:11:42 - Writing [{data=com.banking.dto.TransactionResponse@76768cda, success=true, message=交易创建成功}]
2025-07-02 01:11:42 - Mapped to com.banking.controller.TransactionController#createTransaction(TransactionRequest)
2025-07-02 01:11:42 - Read "application/json;charset=UTF-8" to [com.banking.dto.TransactionRequest@340e67e4]
2025-07-02 01:11:42 - Mapped to com.banking.controller.TransactionController#createTransaction(TransactionRequest)
2025-07-02 01:11:42 - Mapped to com.banking.controller.TransactionController#createTransaction(TransactionRequest)
2025-07-02 01:11:42 - Mapped to com.banking.controller.TransactionController#createTransaction(TransactionRequest)
2025-07-02 01:11:42 - Read "application/json;charset=UTF-8" to [com.banking.dto.TransactionRequest@21d4f179]
2025-07-02 01:11:42 - Read "application/json;charset=UTF-8" to [com.banking.dto.TransactionRequest@26a809bd]
2025-07-02 01:11:42 - Mapped to com.banking.controller.TransactionController#createTransaction(TransactionRequest)
2025-07-02 01:11:42 - Read "application/json;charset=UTF-8" to [com.banking.dto.TransactionRequest@720b4c8]
2025-07-02 01:11:42 - Mapped to com.banking.controller.TransactionController#createTransaction(TransactionRequest)
2025-07-02 01:11:42 - Read "application/json;charset=UTF-8" to [com.banking.dto.TransactionRequest@30061858]
2025-07-02 01:11:42 - Read "application/json;charset=UTF-8" to [com.banking.dto.TransactionRequest@7c7930f9]
2025-07-02 01:11:42 - Read "application/json;charset=UTF-8" to [com.banking.dto.TransactionRequest@1140fcb5]
2025-07-02 01:11:42 - Read "application/json;charset=UTF-8" to [com.banking.dto.TransactionRequest@4fc787b2]
2025-07-02 01:11:42 - Read "application/json;charset=UTF-8" to [com.banking.dto.TransactionRequest@70cfd0bb]
2025-07-02 01:11:42 - Mapped to com.banking.controller.TransactionController#createTransaction(TransactionRequest)
2025-07-02 01:11:42 - Using 'application/json', given [*/*] and supported [application/json, application/*+json]
2025-07-02 01:11:42 - Writing [{data=com.banking.dto.TransactionResponse@3b62b24a, success=true, message=交易创建成功}]
2025-07-02 01:11:42 - Using 'application/json', given [*/*] and supported [application/json, application/*+json]
2025-07-02 01:11:42 - Writing [{data=com.banking.dto.TransactionResponse@2a4c6d1b, success=true, message=交易创建成功}]
2025-07-02 01:11:42 - Using 'application/json', given [*/*] and supported [application/json, application/*+json]
2025-07-02 01:11:42 - Using 'application/json', given [*/*] and supported [application/json, application/*+json]
2025-07-02 01:11:42 - Using 'application/json', given [*/*] and supported [application/json, application/*+json]
2025-07-02 01:11:42 - Read "application/json;charset=UTF-8" to [com.banking.dto.TransactionRequest@a6fbda3]
2025-07-02 01:11:42 - Using 'application/json', given [*/*] and supported [application/json, application/*+json]
2025-07-02 01:11:42 - Writing [{data=com.banking.dto.TransactionResponse@4af3b8d8, success=true, message=交易创建成功}]
2025-07-02 01:11:42 - Using 'application/json', given [*/*] and supported [application/json, application/*+json]
2025-07-02 01:11:42 - Writing [{data=com.banking.dto.TransactionResponse@129b9e92, success=true, message=交易创建成功}]
2025-07-02 01:11:42 - Writing [{data=com.banking.dto.TransactionResponse@293206a8, success=true, message=交易创建成功}]
2025-07-02 01:11:42 - Using 'application/json', given [*/*] and supported [application/json, application/*+json]
2025-07-02 01:11:42 - Using 'application/json', given [*/*] and supported [application/json, application/*+json]
2025-07-02 01:11:42 - Using 'application/json', given [*/*] and supported [application/json, application/*+json]
2025-07-02 01:11:42 - Writing [{data=com.banking.dto.TransactionResponse@478bbfcb, success=true, message=交易创建成功}]
2025-07-02 01:11:42 - Writing [{data=com.banking.dto.TransactionResponse@ec11a69, success=true, message=交易创建成功}]
2025-07-02 01:11:42 - Writing [{data=com.banking.dto.TransactionResponse@36a085b6, success=true, message=交易创建成功}]
2025-07-02 01:11:42 - Writing [{data=com.banking.dto.TransactionResponse@552abd73, success=true, message=交易创建成功}]
2025-07-02 01:11:42 - Writing [{data=com.banking.dto.TransactionResponse@5863180a, success=true, message=交易创建成功}]
2025-07-02 01:11:42 - Mapped to com.banking.controller.TransactionController#createTransaction(TransactionRequest)
2025-07-02 01:11:42 - Using 'application/json', given [*/*] and supported [application/json, application/*+json]
2025-07-02 01:11:42 - Writing [{data=com.banking.dto.TransactionResponse@57174254, success=true, message=交易创建成功}]
2025-07-02 01:11:42 - Read "application/json;charset=UTF-8" to [com.banking.dto.TransactionRequest@6ee61acb]
2025-07-02 01:11:42 - Mapped to com.banking.controller.TransactionController#createTransaction(TransactionRequest)
2025-07-02 01:11:42 - Mapped to com.banking.controller.TransactionController#createTransaction(TransactionRequest)
2025-07-02 01:11:42 - Mapped to com.banking.controller.TransactionController#createTransaction(TransactionRequest)
2025-07-02 01:11:42 - Mapped to com.banking.controller.TransactionController#createTransaction(TransactionRequest)
2025-07-02 01:11:42 - Using 'application/json', given [*/*] and supported [application/json, application/*+json]
2025-07-02 01:11:42 - Using 'application/json', given [*/*] and supported [application/json, application/*+json]
2025-07-02 01:11:42 - Writing [{data=com.banking.dto.TransactionResponse@58777f24, success=true, message=交易创建成功}]
2025-07-02 01:11:42 - Read "application/json;charset=UTF-8" to [com.banking.dto.TransactionRequest@128537fd]
2025-07-02 01:11:42 - Mapped to com.banking.controller.TransactionController#createTransaction(TransactionRequest)
2025-07-02 01:11:42 - Using 'application/json', given [*/*] and supported [application/json, application/*+json]
2025-07-02 01:11:42 - Using 'application/json', given [*/*] and supported [application/json, application/*+json]
2025-07-02 01:11:42 - Writing [{data=com.banking.dto.TransactionResponse@679f4449, success=true, message=交易创建成功}]
2025-07-02 01:11:42 - Read "application/json;charset=UTF-8" to [com.banking.dto.TransactionRequest@727f1470]
2025-07-02 01:11:42 - Mapped to com.banking.controller.TransactionController#createTransaction(TransactionRequest)
2025-07-02 01:11:42 - Read "application/json;charset=UTF-8" to [com.banking.dto.TransactionRequest@2bfc878e]
2025-07-02 01:11:42 - Read "application/json;charset=UTF-8" to [com.banking.dto.TransactionRequest@127c29bd]
2025-07-02 01:11:42 - Using 'application/json', given [*/*] and supported [application/json, application/*+json]
2025-07-02 01:11:42 - Writing [{data=com.banking.dto.TransactionResponse@56815a6b, success=true, message=交易创建成功}]
2025-07-02 01:11:42 - Writing [{data=com.banking.dto.TransactionResponse@751c9d09, success=true, message=交易创建成功}]
2025-07-02 01:11:42 - Read "application/json;charset=UTF-8" to [com.banking.dto.TransactionRequest@182debb3]
2025-07-02 01:11:42 - Read "application/json;charset=UTF-8" to [com.banking.dto.TransactionRequest@4c0324aa]
2025-07-02 01:11:42 - Mapped to com.banking.controller.TransactionController#createTransaction(TransactionRequest)
2025-07-02 01:11:42 - Mapped to com.banking.controller.TransactionController#createTransaction(TransactionRequest)
2025-07-02 01:11:42 - Writing [{data=com.banking.dto.TransactionResponse@7cafa277, success=true, message=交易创建成功}]
2025-07-02 01:11:42 - Mapped to com.banking.controller.TransactionController#createTransaction(TransactionRequest)
2025-07-02 01:11:42 - Using 'application/json', given [*/*] and supported [application/json, application/*+json]
2025-07-02 01:11:42 - Mapped to com.banking.controller.TransactionController#createTransaction(TransactionRequest)
2025-07-02 01:11:42 - Read "application/json;charset=UTF-8" to [com.banking.dto.TransactionRequest@79593f32]
2025-07-02 01:11:42 - Read "application/json;charset=UTF-8" to [com.banking.dto.TransactionRequest@1dfafbc1]
2025-07-02 01:11:42 - Writing [{data=com.banking.dto.TransactionResponse@16da2652, success=true, message=交易创建成功}]
2025-07-02 01:11:42 - Using 'application/json', given [*/*] and supported [application/json, application/*+json]
2025-07-02 01:11:42 - Read "application/json;charset=UTF-8" to [com.banking.dto.TransactionRequest@6c292d25]
2025-07-02 01:11:42 - Writing [{data=com.banking.dto.TransactionResponse@360eb1d9, success=true, message=交易创建成功}]
2025-07-02 01:11:42 - Read "application/json;charset=UTF-8" to [com.banking.dto.TransactionRequest@117d23f9]
2025-07-02 01:11:42 - Mapped to com.banking.controller.TransactionController#createTransaction(TransactionRequest)
2025-07-02 01:11:42 - Mapped to com.banking.controller.TransactionController#createTransaction(TransactionRequest)
2025-07-02 01:11:42 - Mapped to com.banking.controller.TransactionController#createTransaction(TransactionRequest)
2025-07-02 01:11:42 - Using 'application/json', given [*/*] and supported [application/json, application/*+json]
2025-07-02 01:11:42 - Read "application/json;charset=UTF-8" to [com.banking.dto.TransactionRequest@330c25f3]
2025-07-02 01:11:42 - Read "application/json;charset=UTF-8" to [com.banking.dto.TransactionRequest@5f46c576]
2025-07-02 01:11:42 - Read "application/json;charset=UTF-8" to [com.banking.dto.TransactionRequest@1a79ed00]
2025-07-02 01:11:42 - Using 'application/json', given [*/*] and supported [application/json, application/*+json]
2025-07-02 01:11:42 - Writing [{data=com.banking.dto.TransactionResponse@7654c846, success=true, message=交易创建成功}]
2025-07-02 01:11:42 - Writing [{data=com.banking.dto.TransactionResponse@2bde119c, success=true, message=交易创建成功}]
2025-07-02 01:11:42 - Using 'application/json', given [*/*] and supported [application/json, application/*+json]
2025-07-02 01:11:42 - Using 'application/json', given [*/*] and supported [application/json, application/*+json]
2025-07-02 01:11:42 - Using 'application/json', given [*/*] and supported [application/json, application/*+json]
2025-07-02 01:11:42 - Writing [{data=com.banking.dto.TransactionResponse@37d8186e, success=true, message=交易创建成功}]
2025-07-02 01:11:42 - Writing [{data=com.banking.dto.TransactionResponse@a4652e1, success=true, message=交易创建成功}]
2025-07-02 01:11:42 - Using 'application/json', given [*/*] and supported [application/json, application/*+json]
2025-07-02 01:11:42 - Writing [{data=com.banking.dto.TransactionResponse@51ca0537, success=true, message=交易创建成功}]
2025-07-02 01:11:42 - Writing [{data=com.banking.dto.TransactionResponse@7b772d97, success=true, message=交易创建成功}]
2025-07-02 01:11:42 - Using 'application/json', given [*/*] and supported [application/json, application/*+json]
2025-07-02 01:11:42 - Writing [{data=com.banking.dto.TransactionResponse@289da109, success=true, message=交易创建成功}]
2025-07-02 01:11:42 - Using 'application/json', given [*/*] and supported [application/json, application/*+json]
2025-07-02 01:11:42 - Writing [{data=com.banking.dto.TransactionResponse@71588ce1, success=true, message=交易创建成功}]
2025-07-02 01:11:42 - Mapped to com.banking.controller.TransactionController#createTransaction(TransactionRequest)
2025-07-02 01:11:42 - Mapped to com.banking.controller.TransactionController#createTransaction(TransactionRequest)
2025-07-02 01:11:42 - Mapped to com.banking.controller.TransactionController#createTransaction(TransactionRequest)
2025-07-02 01:11:42 - Read "application/json;charset=UTF-8" to [com.banking.dto.TransactionRequest@6594e3df]
2025-07-02 01:11:42 - Using 'application/json', given [*/*] and supported [application/json, application/*+json]
2025-07-02 01:11:42 - Read "application/json;charset=UTF-8" to [com.banking.dto.TransactionRequest@602a3ea0]
2025-07-02 01:11:42 - Mapped to com.banking.controller.TransactionController#createTransaction(TransactionRequest)
2025-07-02 01:11:42 - Writing [{data=com.banking.dto.TransactionResponse@71ea4a3, success=true, message=交易创建成功}]
2025-07-02 01:11:42 - Read "application/json;charset=UTF-8" to [com.banking.dto.TransactionRequest@6718f0fc]
2025-07-02 01:11:42 - Mapped to com.banking.controller.TransactionController#createTransaction(TransactionRequest)
2025-07-02 01:11:42 - Read "application/json;charset=UTF-8" to [com.banking.dto.TransactionRequest@7813064e]
2025-07-02 01:11:42 - Read "application/json;charset=UTF-8" to [com.banking.dto.TransactionRequest@7d8efb87]
2025-07-02 01:11:42 - Mapped to com.banking.controller.TransactionController#createTransaction(TransactionRequest)
2025-07-02 01:11:42 - Mapped to com.banking.controller.TransactionController#createTransaction(TransactionRequest)
2025-07-02 01:11:42 - Mapped to com.banking.controller.TransactionController#createTransaction(TransactionRequest)
2025-07-02 01:11:42 - Mapped to com.banking.controller.TransactionController#createTransaction(TransactionRequest)
2025-07-02 01:11:42 - Mapped to com.banking.controller.TransactionController#createTransaction(TransactionRequest)
2025-07-02 01:11:42 - Read "application/json;charset=UTF-8" to [com.banking.dto.TransactionRequest@7a4b08bb]
2025-07-02 01:11:42 - Read "application/json;charset=UTF-8" to [com.banking.dto.TransactionRequest@77aada4d]
2025-07-02 01:11:42 - Mapped to com.banking.controller.TransactionController#createTransaction(TransactionRequest)
2025-07-02 01:11:42 - Read "application/json;charset=UTF-8" to [com.banking.dto.TransactionRequest@53e81518]
2025-07-02 01:11:42 - Read "application/json;charset=UTF-8" to [com.banking.dto.TransactionRequest@15ff6f59]
2025-07-02 01:11:42 - Using 'application/json', given [*/*] and supported [application/json, application/*+json]
2025-07-02 01:11:42 - Writing [{data=com.banking.dto.TransactionResponse@10635639, success=true, message=交易创建成功}]
2025-07-02 01:11:42 - Using 'application/json', given [*/*] and supported [application/json, application/*+json]
2025-07-02 01:11:42 - Using 'application/json', given [*/*] and supported [application/json, application/*+json]
2025-07-02 01:11:42 - Using 'application/json', given [*/*] and supported [application/json, application/*+json]
2025-07-02 01:11:42 - Using 'application/json', given [*/*] and supported [application/json, application/*+json]
2025-07-02 01:11:42 - Writing [{data=com.banking.dto.TransactionResponse@1061afb5, success=true, message=交易创建成功}]
2025-07-02 01:11:42 - Writing [{data=com.banking.dto.TransactionResponse@328509e6, success=true, message=交易创建成功}]
2025-07-02 01:11:42 - Writing [{data=com.banking.dto.TransactionResponse@5063848f, success=true, message=交易创建成功}]
2025-07-02 01:11:42 - Read "application/json;charset=UTF-8" to [com.banking.dto.TransactionRequest@685bb6e9]
2025-07-02 01:11:42 - Using 'application/json', given [*/*] and supported [application/json, application/*+json]
2025-07-02 01:11:42 - Read "application/json;charset=UTF-8" to [com.banking.dto.TransactionRequest@1988de71]
2025-07-02 01:11:42 - Writing [{data=com.banking.dto.TransactionResponse@46ca1624, success=true, message=交易创建成功}]
2025-07-02 01:11:42 - Using 'application/json', given [*/*] and supported [application/json, application/*+json]
2025-07-02 01:11:42 - Writing [{data=com.banking.dto.TransactionResponse@1120e7d0, success=true, message=交易创建成功}]
2025-07-02 01:11:42 - Writing [{data=com.banking.dto.TransactionResponse@14366448, success=true, message=交易创建成功}]
2025-07-02 01:11:42 - Using 'application/json', given [*/*] and supported [application/json, application/*+json]
2025-07-02 01:11:42 - Writing [{data=com.banking.dto.TransactionResponse@350ca5f3, success=true, message=交易创建成功}]
2025-07-02 01:11:42 - Using 'application/json', given [*/*] and supported [application/json, application/*+json]
2025-07-02 01:11:42 - Using 'application/json', given [*/*] and supported [application/json, application/*+json]
2025-07-02 01:11:42 - Writing [{data=com.banking.dto.TransactionResponse@782c18f2, success=true, message=交易创建成功}]
2025-07-02 01:11:42 - Writing [{data=com.banking.dto.TransactionResponse@746d21fb, success=true, message=交易创建成功}]
2025-07-02 01:11:42 - Mapped to com.banking.controller.TransactionController#createTransaction(TransactionRequest)
2025-07-02 01:11:42 - Mapped to com.banking.controller.TransactionController#createTransaction(TransactionRequest)
2025-07-02 01:11:42 - Mapped to com.banking.controller.TransactionController#createTransaction(TransactionRequest)
2025-07-02 01:11:42 - Mapped to com.banking.controller.TransactionController#createTransaction(TransactionRequest)
2025-07-02 01:11:42 - Using 'application/json', given [*/*] and supported [application/json, application/*+json]
2025-07-02 01:11:42 - Read "application/json;charset=UTF-8" to [com.banking.dto.TransactionRequest@27c82aee]
2025-07-02 01:11:42 - Writing [{data=com.banking.dto.TransactionResponse@7df1edc2, success=true, message=交易创建成功}]
2025-07-02 01:11:42 - Read "application/json;charset=UTF-8" to [com.banking.dto.TransactionRequest@1f851680]
2025-07-02 01:11:42 - Using 'application/json', given [*/*] and supported [application/json, application/*+json]
2025-07-02 01:11:42 - Using 'application/json', given [*/*] and supported [application/json, application/*+json]
2025-07-02 01:11:42 - Writing [{data=com.banking.dto.TransactionResponse@7c7ae074, success=true, message=交易创建成功}]
2025-07-02 01:11:42 - Writing [{data=com.banking.dto.TransactionResponse@7c65f8f8, success=true, message=交易创建成功}]
2025-07-02 01:11:42 - Using 'application/json', given [*/*] and supported [application/json, application/*+json]
2025-07-02 01:11:42 - Using 'application/json', given [*/*] and supported [application/json, application/*+json]
2025-07-02 01:11:42 - Read "application/json;charset=UTF-8" to [com.banking.dto.TransactionRequest@4ad389bb]
2025-07-02 01:11:42 - Read "application/json;charset=UTF-8" to [com.banking.dto.TransactionRequest@4ea91ff6]
2025-07-02 01:11:42 - Writing [{data=com.banking.dto.TransactionResponse@6b78202d, success=true, message=交易创建成功}]
2025-07-02 01:11:42 - Mapped to com.banking.controller.TransactionController#createTransaction(TransactionRequest)
2025-07-02 01:11:42 - Mapped to com.banking.controller.TransactionController#createTransaction(TransactionRequest)
2025-07-02 01:11:42 - Writing [{data=com.banking.dto.TransactionResponse@43e9db59, success=true, message=交易创建成功}]
2025-07-02 01:11:42 - Mapped to com.banking.controller.TransactionController#createTransaction(TransactionRequest)
2025-07-02 01:11:42 - Using 'application/json', given [*/*] and supported [application/json, application/*+json]
2025-07-02 01:11:42 - Writing [{data=com.banking.dto.TransactionResponse@1d89952, success=true, message=交易创建成功}]
2025-07-02 01:11:42 - Read "application/json;charset=UTF-8" to [com.banking.dto.TransactionRequest@5faab412]
2025-07-02 01:11:42 - Using 'application/json', given [*/*] and supported [application/json, application/*+json]
2025-07-02 01:11:42 - Mapped to com.banking.controller.TransactionController#createTransaction(TransactionRequest)
2025-07-02 01:11:42 - Using 'application/json', given [*/*] and supported [application/json, application/*+json]
2025-07-02 01:11:42 - Writing [{data=com.banking.dto.TransactionResponse@2d76bf5a, success=true, message=交易创建成功}]
2025-07-02 01:11:42 - Writing [{data=com.banking.dto.TransactionResponse@78179826, success=true, message=交易创建成功}]
2025-07-02 01:11:42 - Using 'application/json', given [*/*] and supported [application/json, application/*+json]
2025-07-02 01:11:42 - Writing [{data=com.banking.dto.TransactionResponse@20012d70, success=true, message=交易创建成功}]
2025-07-02 01:11:42 - Read "application/json;charset=UTF-8" to [com.banking.dto.TransactionRequest@274c32c7]
2025-07-02 01:11:42 - Read "application/json;charset=UTF-8" to [com.banking.dto.TransactionRequest@2f030a4a]
2025-07-02 01:11:42 - Mapped to com.banking.controller.TransactionController#createTransaction(TransactionRequest)
2025-07-02 01:11:42 - Mapped to com.banking.controller.TransactionController#createTransaction(TransactionRequest)
2025-07-02 01:11:42 - Read "application/json;charset=UTF-8" to [com.banking.dto.TransactionRequest@ee6db7a]
2025-07-02 01:11:42 - Mapped to com.banking.controller.TransactionController#createTransaction(TransactionRequest)
2025-07-02 01:11:42 - Using 'application/json', given [*/*] and supported [application/json, application/*+json]
2025-07-02 01:11:42 - Writing [{data=com.banking.dto.TransactionResponse@eef268f, success=true, message=交易创建成功}]
2025-07-02 01:11:42 - Read "application/json;charset=UTF-8" to [com.banking.dto.TransactionRequest@470158a6]
2025-07-02 01:11:42 - Read "application/json;charset=UTF-8" to [com.banking.dto.TransactionRequest@35da253f]
2025-07-02 01:11:42 - Read "application/json;charset=UTF-8" to [com.banking.dto.TransactionRequest@16f336fd]
2025-07-02 01:11:42 - Mapped to com.banking.controller.TransactionController#createTransaction(TransactionRequest)
2025-07-02 01:11:42 - Mapped to com.banking.controller.TransactionController#createTransaction(TransactionRequest)
2025-07-02 01:11:42 - Mapped to com.banking.controller.TransactionController#createTransaction(TransactionRequest)
2025-07-02 01:11:42 - Mapped to com.banking.controller.TransactionController#createTransaction(TransactionRequest)
2025-07-02 01:11:42 - Mapped to com.banking.controller.TransactionController#createTransaction(TransactionRequest)
2025-07-02 01:11:42 - Mapped to com.banking.controller.TransactionController#createTransaction(TransactionRequest)
2025-07-02 01:11:42 - Using 'application/json', given [*/*] and supported [application/json, application/*+json]
2025-07-02 01:11:42 - Using 'application/json', given [*/*] and supported [application/json, application/*+json]
2025-07-02 01:11:42 - Using 'application/json', given [*/*] and supported [application/json, application/*+json]
2025-07-02 01:11:42 - Read "application/json;charset=UTF-8" to [com.banking.dto.TransactionRequest@27e18c13]
2025-07-02 01:11:42 - Writing [{data=com.banking.dto.TransactionResponse@4a3da121, success=true, message=交易创建成功}]
2025-07-02 01:11:42 - Read "application/json;charset=UTF-8" to [com.banking.dto.TransactionRequest@a351e3b]
2025-07-02 01:11:42 - Read "application/json;charset=UTF-8" to [com.banking.dto.TransactionRequest@dd44aa8]
2025-07-02 01:11:42 - Read "application/json;charset=UTF-8" to [com.banking.dto.TransactionRequest@19a20c66]
2025-07-02 01:11:42 - Using 'application/json', given [*/*] and supported [application/json, application/*+json]
2025-07-02 01:11:42 - Using 'application/json', given [*/*] and supported [application/json, application/*+json]
2025-07-02 01:11:42 - Writing [{data=com.banking.dto.TransactionResponse@4dff0fea, success=true, message=交易创建成功}]
2025-07-02 01:11:42 - Writing [{data=com.banking.dto.TransactionResponse@555129ec, success=true, message=交易创建成功}]
2025-07-02 01:11:42 - Using 'application/json', given [*/*] and supported [application/json, application/*+json]
2025-07-02 01:11:42 - Writing [{data=com.banking.dto.TransactionResponse@54269af7, success=true, message=交易创建成功}]
2025-07-02 01:11:42 - Writing [{data=com.banking.dto.TransactionResponse@7d3e3fa2, success=true, message=交易创建成功}]
2025-07-02 01:11:42 - Using 'application/json', given [*/*] and supported [application/json, application/*+json]
2025-07-02 01:11:42 - Writing [{data=com.banking.dto.TransactionResponse@2156ca3e, success=true, message=交易创建成功}]
2025-07-02 01:11:42 - Read "application/json;charset=UTF-8" to [com.banking.dto.TransactionRequest@751c456d]
2025-07-02 01:11:42 - Writing [{data=com.banking.dto.TransactionResponse@54d285be, success=true, message=交易创建成功}]
2025-07-02 01:11:42 - Using 'application/json', given [*/*] and supported [application/json, application/*+json]
2025-07-02 01:11:42 - Mapped to com.banking.controller.TransactionController#createTransaction(TransactionRequest)
2025-07-02 01:11:42 - Writing [{data=com.banking.dto.TransactionResponse@28ac413c, success=true, message=交易创建成功}]
2025-07-02 01:11:42 - Using 'application/json', given [*/*] and supported [application/json, application/*+json]
2025-07-02 01:11:42 - Writing [{data=com.banking.dto.TransactionResponse@45a58fbc, success=true, message=交易创建成功}]
2025-07-02 01:11:42 - Read "application/json;charset=UTF-8" to [com.banking.dto.TransactionRequest@68ca4cfd]
2025-07-02 01:11:42 - Mapped to com.banking.controller.TransactionController#createTransaction(TransactionRequest)
2025-07-02 01:11:42 - Read "application/json;charset=UTF-8" to [com.banking.dto.TransactionRequest@1a2276ca]
2025-07-02 01:11:42 - Using 'application/json', given [*/*] and supported [application/json, application/*+json]
2025-07-02 01:11:42 - Read "application/json;charset=UTF-8" to [com.banking.dto.TransactionRequest@ce73759]
2025-07-02 01:11:42 - Writing [{data=com.banking.dto.TransactionResponse@2b59a35b, success=true, message=交易创建成功}]
2025-07-02 01:11:42 - Mapped to com.banking.controller.TransactionController#createTransaction(TransactionRequest)
2025-07-02 01:11:42 - Mapped to com.banking.controller.TransactionController#createTransaction(TransactionRequest)
2025-07-02 01:11:42 - Mapped to com.banking.controller.TransactionController#createTransaction(TransactionRequest)
2025-07-02 01:11:42 - Mapped to com.banking.controller.TransactionController#createTransaction(TransactionRequest)
2025-07-02 01:11:42 - Using 'application/json', given [*/*] and supported [application/json, application/*+json]
2025-07-02 01:11:42 - Writing [{data=com.banking.dto.TransactionResponse@5a954bca, success=true, message=交易创建成功}]
2025-07-02 01:11:42 - Mapped to com.banking.controller.TransactionController#createTransaction(TransactionRequest)
2025-07-02 01:11:42 - Mapped to com.banking.controller.TransactionController#createTransaction(TransactionRequest)
2025-07-02 01:11:42 - Read "application/json;charset=UTF-8" to [com.banking.dto.TransactionRequest@58396e7]
2025-07-02 01:11:42 - Read "application/json;charset=UTF-8" to [com.banking.dto.TransactionRequest@86edda5]
2025-07-02 01:11:42 - Read "application/json;charset=UTF-8" to [com.banking.dto.TransactionRequest@d99c9a3]
2025-07-02 01:11:42 - Read "application/json;charset=UTF-8" to [com.banking.dto.TransactionRequest@708aecf3]
2025-07-02 01:11:42 - Read "application/json;charset=UTF-8" to [com.banking.dto.TransactionRequest@73ab1ceb]
2025-07-02 01:11:42 - Using 'application/json', given [*/*] and supported [application/json, application/*+json]
2025-07-02 01:11:42 - Writing [{data=com.banking.dto.TransactionResponse@6e6f60fa, success=true, message=交易创建成功}]
2025-07-02 01:11:42 - Read "application/json;charset=UTF-8" to [com.banking.dto.TransactionRequest@39721f8f]
2025-07-02 01:11:42 - Using 'application/json', given [*/*] and supported [application/json, application/*+json]
2025-07-02 01:11:42 - Writing [{data=com.banking.dto.TransactionResponse@1fd52161, success=true, message=交易创建成功}]
2025-07-02 01:11:42 - Using 'application/json', given [*/*] and supported [application/json, application/*+json]
2025-07-02 01:11:42 - Writing [{data=com.banking.dto.TransactionResponse@298585ee, success=true, message=交易创建成功}]
2025-07-02 01:11:42 - Using 'application/json', given [*/*] and supported [application/json, application/*+json]
2025-07-02 01:11:42 - Writing [{data=com.banking.dto.TransactionResponse@31773b7f, success=true, message=交易创建成功}]
2025-07-02 01:11:42 - Using 'application/json', given [*/*] and supported [application/json, application/*+json]
2025-07-02 01:11:42 - Using 'application/json', given [*/*] and supported [application/json, application/*+json]
2025-07-02 01:11:42 - Using 'application/json', given [*/*] and supported [application/json, application/*+json]
2025-07-02 01:11:42 - Writing [{data=com.banking.dto.TransactionResponse@620886e2, success=true, message=交易创建成功}]
2025-07-02 01:11:42 - Writing [{data=com.banking.dto.TransactionResponse@48188e21, success=true, message=交易创建成功}]
2025-07-02 01:11:42 - Writing [{data=com.banking.dto.TransactionResponse@78dd7293, success=true, message=交易创建成功}]
2025-07-02 01:11:42 - Using 'application/json', given [*/*] and supported [application/json, application/*+json]
2025-07-02 01:11:42 - Mapped to com.banking.controller.TransactionController#createTransaction(TransactionRequest)
2025-07-02 01:11:42 - Writing [{data=com.banking.dto.TransactionResponse@64d17b1e, success=true, message=交易创建成功}]
2025-07-02 01:11:42 - Using 'application/json', given [*/*] and supported [application/json, application/*+json]
2025-07-02 01:11:42 - Using 'application/json', given [*/*] and supported [application/json, application/*+json]
2025-07-02 01:11:42 - Writing [{data=com.banking.dto.TransactionResponse@37fd1118, success=true, message=交易创建成功}]
2025-07-02 01:11:42 - Writing [{data=com.banking.dto.TransactionResponse@1d0b6435, success=true, message=交易创建成功}]
2025-07-02 01:11:42 - Read "application/json;charset=UTF-8" to [com.banking.dto.TransactionRequest@45c51dc6]
2025-07-02 01:11:42 - Mapped to com.banking.controller.TransactionController#createTransaction(TransactionRequest)
2025-07-02 01:11:42 - Mapped to com.banking.controller.TransactionController#createTransaction(TransactionRequest)
2025-07-02 01:11:42 - Mapped to com.banking.controller.TransactionController#createTransaction(TransactionRequest)
2025-07-02 01:11:42 - Using 'application/json', given [*/*] and supported [application/json, application/*+json]
2025-07-02 01:11:42 - Using 'application/json', given [*/*] and supported [application/json, application/*+json]
2025-07-02 01:11:42 - Using 'application/json', given [*/*] and supported [application/json, application/*+json]
2025-07-02 01:11:42 - Writing [{data=com.banking.dto.TransactionResponse@1aa7917e, success=true, message=交易创建成功}]
2025-07-02 01:11:42 - Writing [{data=com.banking.dto.TransactionResponse@613f0b64, success=true, message=交易创建成功}]
2025-07-02 01:11:42 - Writing [{data=com.banking.dto.TransactionResponse@900cae, success=true, message=交易创建成功}]
2025-07-02 01:11:42 - Read "application/json;charset=UTF-8" to [com.banking.dto.TransactionRequest@3754f989]
2025-07-02 01:11:42 - Read "application/json;charset=UTF-8" to [com.banking.dto.TransactionRequest@7434232c]
2025-07-02 01:11:42 - Read "application/json;charset=UTF-8" to [com.banking.dto.TransactionRequest@33fd6d57]
2025-07-02 01:11:42 - Mapped to com.banking.controller.TransactionController#createTransaction(TransactionRequest)
2025-07-02 01:11:42 - Mapped to com.banking.controller.TransactionController#createTransaction(TransactionRequest)
2025-07-02 01:11:42 - Mapped to com.banking.controller.TransactionController#createTransaction(TransactionRequest)
2025-07-02 01:11:42 - Using 'application/json', given [*/*] and supported [application/json, application/*+json]
2025-07-02 01:11:42 - Writing [{data=com.banking.dto.TransactionResponse@3721a7d0, success=true, message=交易创建成功}]
2025-07-02 01:11:42 - Mapped to com.banking.controller.TransactionController#createTransaction(TransactionRequest)
2025-07-02 01:11:42 - Mapped to com.banking.controller.TransactionController#createTransaction(TransactionRequest)
2025-07-02 01:11:42 - Read "application/json;charset=UTF-8" to [com.banking.dto.TransactionRequest@5470130]
2025-07-02 01:11:42 - Read "application/json;charset=UTF-8" to [com.banking.dto.TransactionRequest@61432e37]
2025-07-02 01:11:42 - Read "application/json;charset=UTF-8" to [com.banking.dto.TransactionRequest@56260c0e]
2025-07-02 01:11:42 - Using 'application/json', given [*/*] and supported [application/json, application/*+json]
2025-07-02 01:11:42 - Using 'application/json', given [*/*] and supported [application/json, application/*+json]
2025-07-02 01:11:42 - Writing [{data=com.banking.dto.TransactionResponse@39c2aa2e, success=true, message=交易创建成功}]
2025-07-02 01:11:42 - Read "application/json;charset=UTF-8" to [com.banking.dto.TransactionRequest@266f96e]
2025-07-02 01:11:42 - Using 'application/json', given [*/*] and supported [application/json, application/*+json]
2025-07-02 01:11:42 - Using 'application/json', given [*/*] and supported [application/json, application/*+json]
2025-07-02 01:11:42 - Writing [{data=com.banking.dto.TransactionResponse@40ad8241, success=true, message=交易创建成功}]
2025-07-02 01:11:42 - Writing [{data=com.banking.dto.TransactionResponse@230dff6d, success=true, message=交易创建成功}]
2025-07-02 01:11:42 - Writing [{data=com.banking.dto.TransactionResponse@16369eba, success=true, message=交易创建成功}]
2025-07-02 01:11:42 - Mapped to com.banking.controller.TransactionController#createTransaction(TransactionRequest)
2025-07-02 01:11:42 - Read "application/json;charset=UTF-8" to [com.banking.dto.TransactionRequest@281d6747]
2025-07-02 01:11:42 - Mapped to com.banking.controller.TransactionController#createTransaction(TransactionRequest)
2025-07-02 01:11:42 - Read "application/json;charset=UTF-8" to [com.banking.dto.TransactionRequest@60031af0]
2025-07-02 01:11:42 - Using 'application/json', given [*/*] and supported [application/json, application/*+json]
2025-07-02 01:11:42 - Read "application/json;charset=UTF-8" to [com.banking.dto.TransactionRequest@6ab8ced5]
2025-07-02 01:11:42 - Writing [{data=com.banking.dto.TransactionResponse@59ca6e02, success=true, message=交易创建成功}]
2025-07-02 01:11:42 - Using 'application/json', given [*/*] and supported [application/json, application/*+json]
2025-07-02 01:11:42 - Writing [{data=com.banking.dto.TransactionResponse@724a83ab, success=true, message=交易创建成功}]
2025-07-02 01:11:42 - Mapped to com.banking.controller.TransactionController#createTransaction(TransactionRequest)
2025-07-02 01:11:42 - Using 'application/json', given [*/*] and supported [application/json, application/*+json]
2025-07-02 01:11:42 - Using 'application/json', given [*/*] and supported [application/json, application/*+json]
2025-07-02 01:11:42 - Writing [{data=com.banking.dto.TransactionResponse@78b3498c, success=true, message=交易创建成功}]
2025-07-02 01:11:42 - Using 'application/json', given [*/*] and supported [application/json, application/*+json]
2025-07-02 01:11:42 - Writing [{data=com.banking.dto.TransactionResponse@4b16c131, success=true, message=交易创建成功}]
2025-07-02 01:11:42 - Writing [{data=com.banking.dto.TransactionResponse@87b5042, success=true, message=交易创建成功}]
2025-07-02 01:11:42 - Mapped to com.banking.controller.TransactionController#createTransaction(TransactionRequest)
2025-07-02 01:11:42 - Using 'application/json', given [*/*] and supported [application/json, application/*+json]
2025-07-02 01:11:42 - Mapped to com.banking.controller.TransactionController#createTransaction(TransactionRequest)
2025-07-02 01:11:42 - Mapped to com.banking.controller.TransactionController#createTransaction(TransactionRequest)
2025-07-02 01:11:42 - Read "application/json;charset=UTF-8" to [com.banking.dto.TransactionRequest@9c86f7e]
2025-07-02 01:11:42 - Mapped to com.banking.controller.TransactionController#createTransaction(TransactionRequest)
2025-07-02 01:11:42 - Writing [{data=com.banking.dto.TransactionResponse@69d85863, success=true, message=交易创建成功}]
2025-07-02 01:11:42 - Read "application/json;charset=UTF-8" to [com.banking.dto.TransactionRequest@307d458a]
2025-07-02 01:11:42 - Read "application/json;charset=UTF-8" to [com.banking.dto.TransactionRequest@77f5e934]
2025-07-02 01:11:42 - Read "application/json;charset=UTF-8" to [com.banking.dto.TransactionRequest@2a329b05]
2025-07-02 01:11:42 - Read "application/json;charset=UTF-8" to [com.banking.dto.TransactionRequest@436ce344]
2025-07-02 01:11:42 - Using 'application/json', given [*/*] and supported [application/json, application/*+json]
2025-07-02 01:11:42 - Writing [{data=com.banking.dto.TransactionResponse@62ae86c8, success=true, message=交易创建成功}]
2025-07-02 01:11:42 - Using 'application/json', given [*/*] and supported [application/json, application/*+json]
2025-07-02 01:11:42 - Writing [{data=com.banking.dto.TransactionResponse@b8583bf, success=true, message=交易创建成功}]
2025-07-02 01:11:42 - Using 'application/json', given [*/*] and supported [application/json, application/*+json]
2025-07-02 01:11:42 - Writing [{data=com.banking.dto.TransactionResponse@22170ca3, success=true, message=交易创建成功}]
2025-07-02 01:11:42 - Mapped to com.banking.controller.TransactionController#createTransaction(TransactionRequest)
2025-07-02 01:11:42 - Using 'application/json', given [*/*] and supported [application/json, application/*+json]
2025-07-02 01:11:42 - Writing [{data=com.banking.dto.TransactionResponse@68043c29, success=true, message=交易创建成功}]
2025-07-02 01:11:42 - Mapped to com.banking.controller.TransactionController#createTransaction(TransactionRequest)
2025-07-02 01:11:42 - Mapped to com.banking.controller.TransactionController#createTransaction(TransactionRequest)
2025-07-02 01:11:42 - Mapped to com.banking.controller.TransactionController#createTransaction(TransactionRequest)
2025-07-02 01:11:42 - Mapped to com.banking.controller.TransactionController#createTransaction(TransactionRequest)
2025-07-02 01:11:42 - Read "application/json;charset=UTF-8" to [com.banking.dto.TransactionRequest@cbb3f]
2025-07-02 01:11:42 - Read "application/json;charset=UTF-8" to [com.banking.dto.TransactionRequest@3a29652c]
2025-07-02 01:11:42 - Read "application/json;charset=UTF-8" to [com.banking.dto.TransactionRequest@262c070b]
2025-07-02 01:11:42 - Read "application/json;charset=UTF-8" to [com.banking.dto.TransactionRequest@77620874]
2025-07-02 01:11:42 - Read "application/json;charset=UTF-8" to [com.banking.dto.TransactionRequest@5beba704]
2025-07-02 01:11:42 - Mapped to com.banking.controller.TransactionController#createTransaction(TransactionRequest)
2025-07-02 01:11:42 - Using 'application/json', given [*/*] and supported [application/json, application/*+json]
2025-07-02 01:11:42 - Using 'application/json', given [*/*] and supported [application/json, application/*+json]
2025-07-02 01:11:42 - Writing [{data=com.banking.dto.TransactionResponse@32bee88f, success=true, message=交易创建成功}]
2025-07-02 01:11:42 - Read "application/json;charset=UTF-8" to [com.banking.dto.TransactionRequest@5636e67]
2025-07-02 01:11:42 - Writing [{data=com.banking.dto.TransactionResponse@1e4babff, success=true, message=交易创建成功}]
2025-07-02 01:11:42 - Mapped to com.banking.controller.TransactionController#createTransaction(TransactionRequest)
2025-07-02 01:11:42 - Using 'application/json', given [*/*] and supported [application/json, application/*+json]
2025-07-02 01:11:42 - Using 'application/json', given [*/*] and supported [application/json, application/*+json]
2025-07-02 01:11:42 - Mapped to com.banking.controller.TransactionController#createTransaction(TransactionRequest)
2025-07-02 01:11:42 - Using 'application/json', given [*/*] and supported [application/json, application/*+json]
2025-07-02 01:11:42 - Writing [{data=com.banking.dto.TransactionResponse@443bda3c, success=true, message=交易创建成功}]
2025-07-02 01:11:42 - Using 'application/json', given [*/*] and supported [application/json, application/*+json]
2025-07-02 01:11:42 - Writing [{data=com.banking.dto.TransactionResponse@79823cd0, success=true, message=交易创建成功}]
2025-07-02 01:11:42 - Using 'application/json', given [*/*] and supported [application/json, application/*+json]
2025-07-02 01:11:42 - Writing [{data=com.banking.dto.TransactionResponse@7148eaad, success=true, message=交易创建成功}]
2025-07-02 01:11:42 - Writing [{data=com.banking.dto.TransactionResponse@36130249, success=true, message=交易创建成功}]
2025-07-02 01:11:42 - Mapped to com.banking.controller.TransactionController#createTransaction(TransactionRequest)
2025-07-02 01:11:42 - Using 'application/json', given [*/*] and supported [application/json, application/*+json]
2025-07-02 01:11:42 - Read "application/json;charset=UTF-8" to [com.banking.dto.TransactionRequest@60a54054]
2025-07-02 01:11:42 - Writing [{data=com.banking.dto.TransactionResponse@472c5186, success=true, message=交易创建成功}]
2025-07-02 01:11:42 - Using 'application/json', given [*/*] and supported [application/json, application/*+json]
2025-07-02 01:11:42 - Writing [{data=com.banking.dto.TransactionResponse@627a6a04, success=true, message=交易创建成功}]
2025-07-02 01:11:42 - Read "application/json;charset=UTF-8" to [com.banking.dto.TransactionRequest@3029915e]
2025-07-02 01:11:42 - Writing [{data=com.banking.dto.TransactionResponse@5daf786d, success=true, message=交易创建成功}]
2025-07-02 01:11:42 - Read "application/json;charset=UTF-8" to [com.banking.dto.TransactionRequest@59d1523f]
2025-07-02 01:11:42 - Using 'application/json', given [*/*] and supported [application/json, application/*+json]
2025-07-02 01:11:42 - Writing [{data=com.banking.dto.TransactionResponse@71bfd722, success=true, message=交易创建成功}]
2025-07-02 01:11:42 - Mapped to com.banking.controller.TransactionController#createTransaction(TransactionRequest)
2025-07-02 01:11:42 - Read "application/json;charset=UTF-8" to [com.banking.dto.TransactionRequest@2f90d70]
2025-07-02 01:11:42 - Using 'application/json', given [*/*] and supported [application/json, application/*+json]
2025-07-02 01:11:42 - Using 'application/json', given [*/*] and supported [application/json, application/*+json]
2025-07-02 01:11:42 - Using 'application/json', given [*/*] and supported [application/json, application/*+json]
2025-07-02 01:11:42 - Writing [{data=com.banking.dto.TransactionResponse@743b72f3, success=true, message=交易创建成功}]
2025-07-02 01:11:42 - Writing [{data=com.banking.dto.TransactionResponse@77c414b, success=true, message=交易创建成功}]
2025-07-02 01:11:42 - Writing [{data=com.banking.dto.TransactionResponse@8cd7bd9, success=true, message=交易创建成功}]
2025-07-02 01:11:42 - Using 'application/json', given [*/*] and supported [application/json, application/*+json]
2025-07-02 01:11:42 - Mapped to com.banking.controller.TransactionController#createTransaction(TransactionRequest)
2025-07-02 01:11:42 - Mapped to com.banking.controller.TransactionController#createTransaction(TransactionRequest)
2025-07-02 01:11:42 - Using 'application/json', given [*/*] and supported [application/json, application/*+json]
2025-07-02 01:11:42 - Mapped to com.banking.controller.TransactionController#createTransaction(TransactionRequest)
2025-07-02 01:11:42 - Writing [{data=com.banking.dto.TransactionResponse@692ec190, success=true, message=交易创建成功}]
2025-07-02 01:11:42 - Writing [{data=com.banking.dto.TransactionResponse@1a6a14e7, success=true, message=交易创建成功}]
2025-07-02 01:11:42 - Using 'application/json', given [*/*] and supported [application/json, application/*+json]
2025-07-02 01:11:42 - Writing [{data=com.banking.dto.TransactionResponse@1410a6b9, success=true, message=交易创建成功}]
2025-07-02 01:11:42 - Using 'application/json', given [*/*] and supported [application/json, application/*+json]
2025-07-02 01:11:42 - Writing [{data=com.banking.dto.TransactionResponse@20f16a40, success=true, message=交易创建成功}]
2025-07-02 01:11:42 - Read "application/json;charset=UTF-8" to [com.banking.dto.TransactionRequest@53f819fe]
2025-07-02 01:11:42 - Mapped to com.banking.controller.TransactionController#createTransaction(TransactionRequest)
2025-07-02 01:11:42 - Using 'application/json', given [*/*] and supported [application/json, application/*+json]
2025-07-02 01:11:42 - Writing [{data=com.banking.dto.TransactionResponse@5740f235, success=true, message=交易创建成功}]
2025-07-02 01:11:42 - Mapped to com.banking.controller.TransactionController#createTransaction(TransactionRequest)
2025-07-02 01:11:42 - Mapped to com.banking.controller.TransactionController#createTransaction(TransactionRequest)
2025-07-02 01:11:42 - Using 'application/json', given [*/*] and supported [application/json, application/*+json]
2025-07-02 01:11:42 - Using 'application/json', given [*/*] and supported [application/json, application/*+json]
2025-07-02 01:11:42 - Writing [{data=com.banking.dto.TransactionResponse@361679c2, success=true, message=交易创建成功}]
2025-07-02 01:11:42 - Mapped to com.banking.controller.TransactionController#createTransaction(TransactionRequest)
2025-07-02 01:11:42 - Writing [{data=com.banking.dto.TransactionResponse@1a77c1bf, success=true, message=交易创建成功}]
2025-07-02 01:11:42 - Read "application/json;charset=UTF-8" to [com.banking.dto.TransactionRequest@3e1404ff]
2025-07-02 01:11:42 - Mapped to com.banking.controller.TransactionController#createTransaction(TransactionRequest)
2025-07-02 01:11:42 - Read "application/json;charset=UTF-8" to [com.banking.dto.TransactionRequest@2a0cba47]
2025-07-02 01:11:42 - Mapped to com.banking.controller.TransactionController#createTransaction(TransactionRequest)
2025-07-02 01:11:42 - Mapped to com.banking.controller.TransactionController#createTransaction(TransactionRequest)
2025-07-02 01:11:42 - Mapped to com.banking.controller.TransactionController#createTransaction(TransactionRequest)
2025-07-02 01:11:42 - Read "application/json;charset=UTF-8" to [com.banking.dto.TransactionRequest@12ad9c75]
2025-07-02 01:11:42 - Read "application/json;charset=UTF-8" to [com.banking.dto.TransactionRequest@34873b1d]
2025-07-02 01:11:42 - Read "application/json;charset=UTF-8" to [com.banking.dto.TransactionRequest@299a3bd0]
2025-07-02 01:11:42 - Read "application/json;charset=UTF-8" to [com.banking.dto.TransactionRequest@1f95e66b]
2025-07-02 01:11:42 - Read "application/json;charset=UTF-8" to [com.banking.dto.TransactionRequest@4cc5f9f7]
2025-07-02 01:11:42 - Read "application/json;charset=UTF-8" to [com.banking.dto.TransactionRequest@4d362c3]
2025-07-02 01:11:42 - Read "application/json;charset=UTF-8" to [com.banking.dto.TransactionRequest@4ab0a65d]
2025-07-02 01:11:42 - Read "application/json;charset=UTF-8" to [com.banking.dto.TransactionRequest@2aac685b]
2025-07-02 01:11:42 - Mapped to com.banking.controller.TransactionController#createTransaction(TransactionRequest)
2025-07-02 01:11:42 - Mapped to com.banking.controller.TransactionController#createTransaction(TransactionRequest)
2025-07-02 01:11:42 - Mapped to com.banking.controller.TransactionController#createTransaction(TransactionRequest)
2025-07-02 01:11:42 - Mapped to com.banking.controller.TransactionController#createTransaction(TransactionRequest)
2025-07-02 01:11:42 - Read "application/json;charset=UTF-8" to [com.banking.dto.TransactionRequest@15ef5315]
2025-07-02 01:11:42 - Mapped to com.banking.controller.TransactionController#createTransaction(TransactionRequest)
2025-07-02 01:11:42 - Using 'application/json', given [*/*] and supported [application/json, application/*+json]
2025-07-02 01:11:42 - Read "application/json;charset=UTF-8" to [com.banking.dto.TransactionRequest@26ce87e5]
2025-07-02 01:11:42 - Mapped to com.banking.controller.TransactionController#createTransaction(TransactionRequest)
2025-07-02 01:11:42 - Read "application/json;charset=UTF-8" to [com.banking.dto.TransactionRequest@346e335]
2025-07-02 01:11:42 - Using 'application/json', given [*/*] and supported [application/json, application/*+json]
2025-07-02 01:11:42 - Writing [{data=com.banking.dto.TransactionResponse@44f87ee2, success=true, message=交易创建成功}]
2025-07-02 01:11:42 - Using 'application/json', given [*/*] and supported [application/json, application/*+json]
2025-07-02 01:11:42 - Using 'application/json', given [*/*] and supported [application/json, application/*+json]
2025-07-02 01:11:42 - Writing [{data=com.banking.dto.TransactionResponse@40a51047, success=true, message=交易创建成功}]
2025-07-02 01:11:42 - Using 'application/json', given [*/*] and supported [application/json, application/*+json]
2025-07-02 01:11:42 - Writing [{data=com.banking.dto.TransactionResponse@1be6e2f4, success=true, message=交易创建成功}]
2025-07-02 01:11:42 - Using 'application/json', given [*/*] and supported [application/json, application/*+json]
2025-07-02 01:11:42 - Writing [{data=com.banking.dto.TransactionResponse@6d2df8c3, success=true, message=交易创建成功}]
2025-07-02 01:11:42 - Using 'application/json', given [*/*] and supported [application/json, application/*+json]
2025-07-02 01:11:42 - Writing [{data=com.banking.dto.TransactionResponse@674d4b90, success=true, message=交易创建成功}]
2025-07-02 01:11:42 - Writing [{data=com.banking.dto.TransactionResponse@59fea30a, success=true, message=交易创建成功}]
2025-07-02 01:11:42 - Using 'application/json', given [*/*] and supported [application/json, application/*+json]
2025-07-02 01:11:42 - Read "application/json;charset=UTF-8" to [com.banking.dto.TransactionRequest@20976207]
2025-07-02 01:11:42 - Writing [{data=com.banking.dto.TransactionResponse@22bab053, success=true, message=交易创建成功}]
2025-07-02 01:11:42 - Read "application/json;charset=UTF-8" to [com.banking.dto.TransactionRequest@2e262928]
2025-07-02 01:11:42 - Writing [{data=com.banking.dto.TransactionResponse@31bd78d4, success=true, message=交易创建成功}]
2025-07-02 01:11:42 - Using 'application/json', given [*/*] and supported [application/json, application/*+json]
2025-07-02 01:11:42 - Writing [{data=com.banking.dto.TransactionResponse@322bd6f8, success=true, message=交易创建成功}]
2025-07-02 01:11:42 - Read "application/json;charset=UTF-8" to [com.banking.dto.TransactionRequest@2050cc98]
2025-07-02 01:11:42 - Using 'application/json', given [*/*] and supported [application/json, application/*+json]
2025-07-02 01:11:42 - Writing [{data=com.banking.dto.TransactionResponse@352657b5, success=true, message=交易创建成功}]
2025-07-02 01:11:42 - Mapped to com.banking.controller.TransactionController#createTransaction(TransactionRequest)
2025-07-02 01:11:42 - Mapped to com.banking.controller.TransactionController#createTransaction(TransactionRequest)
2025-07-02 01:11:42 - Mapped to com.banking.controller.TransactionController#createTransaction(TransactionRequest)
2025-07-02 01:11:42 - Mapped to com.banking.controller.TransactionController#createTransaction(TransactionRequest)
2025-07-02 01:11:42 - Read "application/json;charset=UTF-8" to [com.banking.dto.TransactionRequest@198a930f]
2025-07-02 01:11:42 - Read "application/json;charset=UTF-8" to [com.banking.dto.TransactionRequest@371d8f87]
2025-07-02 01:11:42 - Using 'application/json', given [*/*] and supported [application/json, application/*+json]
2025-07-02 01:11:42 - Using 'application/json', given [*/*] and supported [application/json, application/*+json]
2025-07-02 01:11:42 - Using 'application/json', given [*/*] and supported [application/json, application/*+json]
2025-07-02 01:11:42 - Using 'application/json', given [*/*] and supported [application/json, application/*+json]
2025-07-02 01:11:42 - Writing [{data=com.banking.dto.TransactionResponse@79a26787, success=true, message=交易创建成功}]
2025-07-02 01:11:42 - Writing [{data=com.banking.dto.TransactionResponse@2d02f440, success=true, message=交易创建成功}]
2025-07-02 01:11:42 - Writing [{data=com.banking.dto.TransactionResponse@19ee5937, success=true, message=交易创建成功}]
2025-07-02 01:11:42 - Read "application/json;charset=UTF-8" to [com.banking.dto.TransactionRequest@2fb81f30]
2025-07-02 01:11:42 - Using 'application/json', given [*/*] and supported [application/json, application/*+json]
2025-07-02 01:11:42 - Using 'application/json', given [*/*] and supported [application/json, application/*+json]
2025-07-02 01:11:42 - Writing [{data=com.banking.dto.TransactionResponse@46d7afea, success=true, message=交易创建成功}]
2025-07-02 01:11:42 - Writing [{data=com.banking.dto.TransactionResponse@4ec37656, success=true, message=交易创建成功}]
2025-07-02 01:11:42 - Read "application/json;charset=UTF-8" to [com.banking.dto.TransactionRequest@214d77cf]
2025-07-02 01:11:42 - Using 'application/json', given [*/*] and supported [application/json, application/*+json]
2025-07-02 01:11:42 - Using 'application/json', given [*/*] and supported [application/json, application/*+json]
2025-07-02 01:11:42 - Writing [{data=com.banking.dto.TransactionResponse@7a31ab53, success=true, message=交易创建成功}]
2025-07-02 01:11:42 - Writing [{data=com.banking.dto.TransactionResponse@75911ab4, success=true, message=交易创建成功}]
2025-07-02 01:11:42 - Using 'application/json', given [*/*] and supported [application/json, application/*+json]
2025-07-02 01:11:42 - Writing [{data=com.banking.dto.TransactionResponse@35e12726, success=true, message=交易创建成功}]
2025-07-02 01:11:42 - Writing [{data=com.banking.dto.TransactionResponse@f600517, success=true, message=交易创建成功}]
2025-07-02 01:11:42 - Using 'application/json', given [*/*] and supported [application/json, application/*+json]
2025-07-02 01:11:42 - Writing [{data=com.banking.dto.TransactionResponse@414534f9, success=true, message=交易创建成功}]
2025-07-02 01:11:42 - Mapped to com.banking.controller.TransactionController#createTransaction(TransactionRequest)
2025-07-02 01:11:42 - Mapped to com.banking.controller.TransactionController#createTransaction(TransactionRequest)
2025-07-02 01:11:42 - Mapped to com.banking.controller.TransactionController#createTransaction(TransactionRequest)
2025-07-02 01:11:42 - Mapped to com.banking.controller.TransactionController#createTransaction(TransactionRequest)
2025-07-02 01:11:42 - Mapped to com.banking.controller.TransactionController#createTransaction(TransactionRequest)
2025-07-02 01:11:42 - Read "application/json;charset=UTF-8" to [com.banking.dto.TransactionRequest@2da3f426]
2025-07-02 01:11:42 - Read "application/json;charset=UTF-8" to [com.banking.dto.TransactionRequest@6aa078dc]
2025-07-02 01:11:42 - Using 'application/json', given [*/*] and supported [application/json, application/*+json]
2025-07-02 01:11:42 - Writing [{data=com.banking.dto.TransactionResponse@35e74450, success=true, message=交易创建成功}]
2025-07-02 01:11:42 - Read "application/json;charset=UTF-8" to [com.banking.dto.TransactionRequest@33201e2f]
2025-07-02 01:11:42 - Using 'application/json', given [*/*] and supported [application/json, application/*+json]
2025-07-02 01:11:42 - Using 'application/json', given [*/*] and supported [application/json, application/*+json]
2025-07-02 01:11:42 - Using 'application/json', given [*/*] and supported [application/json, application/*+json]
2025-07-02 01:11:42 - Writing [{data=com.banking.dto.TransactionResponse@7e42e102, success=true, message=交易创建成功}]
2025-07-02 01:11:42 - Writing [{data=com.banking.dto.TransactionResponse@13beb754, success=true, message=交易创建成功}]
2025-07-02 01:11:42 - Mapped to com.banking.controller.TransactionController#createTransaction(TransactionRequest)
2025-07-02 01:11:42 - Read "application/json;charset=UTF-8" to [com.banking.dto.TransactionRequest@58f8cc16]
2025-07-02 01:11:42 - Read "application/json;charset=UTF-8" to [com.banking.dto.TransactionRequest@5b757f08]
2025-07-02 01:11:42 - Mapped to com.banking.controller.TransactionController#createTransaction(TransactionRequest)
2025-07-02 01:11:42 - Using 'application/json', given [*/*] and supported [application/json, application/*+json]
2025-07-02 01:11:42 - Read "application/json;charset=UTF-8" to [com.banking.dto.TransactionRequest@59f16d5d]
2025-07-02 01:11:42 - Read "application/json;charset=UTF-8" to [com.banking.dto.TransactionRequest@77fd09da]
2025-07-02 01:11:42 - Writing [{data=com.banking.dto.TransactionResponse@606aa680, success=true, message=交易创建成功}]
2025-07-02 01:11:42 - Writing [{data=com.banking.dto.TransactionResponse@50cddfbb, success=true, message=交易创建成功}]
2025-07-02 01:11:42 - Using 'application/json', given [*/*] and supported [application/json, application/*+json]
2025-07-02 01:11:42 - Mapped to com.banking.controller.TransactionController#createTransaction(TransactionRequest)
2025-07-02 01:11:42 - Writing [{data=com.banking.dto.TransactionResponse@4ff5b134, success=true, message=交易创建成功}]
2025-07-02 01:11:42 - Using 'application/json', given [*/*] and supported [application/json, application/*+json]
2025-07-02 01:11:42 - Using 'application/json', given [*/*] and supported [application/json, application/*+json]
2025-07-02 01:11:42 - Writing [{data=com.banking.dto.TransactionResponse@61d3667d, success=true, message=交易创建成功}]
2025-07-02 01:11:42 - Writing [{data=com.banking.dto.TransactionResponse@143c3eda, success=true, message=交易创建成功}]
2025-07-02 01:11:42 - Mapped to com.banking.controller.TransactionController#createTransaction(TransactionRequest)
2025-07-02 01:11:42 - Using 'application/json', given [*/*] and supported [application/json, application/*+json]
2025-07-02 01:11:42 - Writing [{data=com.banking.dto.TransactionResponse@74440b9a, success=true, message=交易创建成功}]
2025-07-02 01:11:42 - Read "application/json;charset=UTF-8" to [com.banking.dto.TransactionRequest@138043b5]
2025-07-02 01:11:42 - Using 'application/json', given [*/*] and supported [application/json, application/*+json]
2025-07-02 01:11:42 - Writing [{data=com.banking.dto.TransactionResponse@64dc6dde, success=true, message=交易创建成功}]
2025-07-02 01:11:42 - Mapped to com.banking.controller.TransactionController#createTransaction(TransactionRequest)
2025-07-02 01:11:42 - Read "application/json;charset=UTF-8" to [com.banking.dto.TransactionRequest@65b62902]
2025-07-02 01:11:42 - Mapped to com.banking.controller.TransactionController#createTransaction(TransactionRequest)
2025-07-02 01:11:42 - Mapped to com.banking.controller.TransactionController#createTransaction(TransactionRequest)
2025-07-02 01:11:42 - Mapped to com.banking.controller.TransactionController#createTransaction(TransactionRequest)
2025-07-02 01:11:42 - Read "application/json;charset=UTF-8" to [com.banking.dto.TransactionRequest@5c5cf096]
2025-07-02 01:11:42 - Mapped to com.banking.controller.TransactionController#createTransaction(TransactionRequest)
2025-07-02 01:11:42 - Mapped to com.banking.controller.TransactionController#createTransaction(TransactionRequest)
2025-07-02 01:11:42 - Mapped to com.banking.controller.TransactionController#createTransaction(TransactionRequest)
2025-07-02 01:11:42 - Mapped to com.banking.controller.TransactionController#createTransaction(TransactionRequest)
2025-07-02 01:11:42 - Read "application/json;charset=UTF-8" to [com.banking.dto.TransactionRequest@34c17c29]
2025-07-02 01:11:42 - Read "application/json;charset=UTF-8" to [com.banking.dto.TransactionRequest@65f45d3]
2025-07-02 01:11:42 - Read "application/json;charset=UTF-8" to [com.banking.dto.TransactionRequest@51c84c2d]
2025-07-02 01:11:42 - Read "application/json;charset=UTF-8" to [com.banking.dto.TransactionRequest@5b522f5d]
2025-07-02 01:11:42 - Read "application/json;charset=UTF-8" to [com.banking.dto.TransactionRequest@327012f6]
2025-07-02 01:11:42 - Using 'application/json', given [*/*] and supported [application/json, application/*+json]
2025-07-02 01:11:42 - Writing [{data=com.banking.dto.TransactionResponse@7ec4f4c5, success=true, message=交易创建成功}]
2025-07-02 01:11:42 - Read "application/json;charset=UTF-8" to [com.banking.dto.TransactionRequest@6a80d711]
2025-07-02 01:11:42 - Read "application/json;charset=UTF-8" to [com.banking.dto.TransactionRequest@49521571]
2025-07-02 01:11:42 - Mapped to com.banking.controller.TransactionController#createTransaction(TransactionRequest)
2025-07-02 01:11:42 - Read "application/json;charset=UTF-8" to [com.banking.dto.TransactionRequest@46e9a239]
2025-07-02 01:11:42 - Using 'application/json', given [*/*] and supported [application/json, application/*+json]
2025-07-02 01:11:42 - Using 'application/json', given [*/*] and supported [application/json, application/*+json]
2025-07-02 01:11:42 - Mapped to com.banking.controller.TransactionController#createTransaction(TransactionRequest)
2025-07-02 01:11:42 - Writing [{data=com.banking.dto.TransactionResponse@602e218c, success=true, message=交易创建成功}]
2025-07-02 01:11:42 - Writing [{data=com.banking.dto.TransactionResponse@1c2e1ae, success=true, message=交易创建成功}]
2025-07-02 01:11:42 - Using 'application/json', given [*/*] and supported [application/json, application/*+json]
2025-07-02 01:11:42 - Using 'application/json', given [*/*] and supported [application/json, application/*+json]
2025-07-02 01:11:42 - Using 'application/json', given [*/*] and supported [application/json, application/*+json]
2025-07-02 01:11:42 - Using 'application/json', given [*/*] and supported [application/json, application/*+json]
2025-07-02 01:11:42 - Writing [{data=com.banking.dto.TransactionResponse@43a8dd23, success=true, message=交易创建成功}]
2025-07-02 01:11:42 - Writing [{data=com.banking.dto.TransactionResponse@73ac3fcd, success=true, message=交易创建成功}]
2025-07-02 01:11:42 - Using 'application/json', given [*/*] and supported [application/json, application/*+json]
2025-07-02 01:11:42 - Using 'application/json', given [*/*] and supported [application/json, application/*+json]
2025-07-02 01:11:42 - Writing [{data=com.banking.dto.TransactionResponse@6932115, success=true, message=交易创建成功}]
2025-07-02 01:11:42 - Writing [{data=com.banking.dto.TransactionResponse@60427689, success=true, message=交易创建成功}]
2025-07-02 01:11:42 - Writing [{data=com.banking.dto.TransactionResponse@73c634aa, success=true, message=交易创建成功}]
2025-07-02 01:11:42 - Writing [{data=com.banking.dto.TransactionResponse@365a5575, success=true, message=交易创建成功}]
2025-07-02 01:11:42 - Read "application/json;charset=UTF-8" to [com.banking.dto.TransactionRequest@42a8b238]
2025-07-02 01:11:42 - Using 'application/json', given [*/*] and supported [application/json, application/*+json]
2025-07-02 01:11:42 - Writing [{data=com.banking.dto.TransactionResponse@66e0d0ca, success=true, message=交易创建成功}]
2025-07-02 01:11:42 - Mapped to com.banking.controller.TransactionController#createTransaction(TransactionRequest)
2025-07-02 01:11:42 - Mapped to com.banking.controller.TransactionController#createTransaction(TransactionRequest)
2025-07-02 01:11:42 - Using 'application/json', given [*/*] and supported [application/json, application/*+json]
2025-07-02 01:11:42 - Using 'application/json', given [*/*] and supported [application/json, application/*+json]
2025-07-02 01:11:42 - Using 'application/json', given [*/*] and supported [application/json, application/*+json]
2025-07-02 01:11:42 - Writing [{data=com.banking.dto.TransactionResponse@7cf8cff3, success=true, message=交易创建成功}]
2025-07-02 01:11:42 - Writing [{data=com.banking.dto.TransactionResponse@7d3a9313, success=true, message=交易创建成功}]
2025-07-02 01:11:42 - Using 'application/json', given [*/*] and supported [application/json, application/*+json]
2025-07-02 01:11:42 - Writing [{data=com.banking.dto.TransactionResponse@3f8db0c6, success=true, message=交易创建成功}]
2025-07-02 01:11:42 - Writing [{data=com.banking.dto.TransactionResponse@20a62b2e, success=true, message=交易创建成功}]
2025-07-02 01:11:42 - Using 'application/json', given [*/*] and supported [application/json, application/*+json]
2025-07-02 01:11:42 - Read "application/json;charset=UTF-8" to [com.banking.dto.TransactionRequest@761d8c5d]
2025-07-02 01:11:42 - Using 'application/json', given [*/*] and supported [application/json, application/*+json]
2025-07-02 01:11:42 - Read "application/json;charset=UTF-8" to [com.banking.dto.TransactionRequest@a67485a]
2025-07-02 01:11:42 - Mapped to com.banking.controller.TransactionController#createTransaction(TransactionRequest)
2025-07-02 01:11:42 - Writing [{data=com.banking.dto.TransactionResponse@67b0c5bc, success=true, message=交易创建成功}]
2025-07-02 01:11:42 - Using 'application/json', given [*/*] and supported [application/json, application/*+json]
2025-07-02 01:11:42 - Writing [{data=com.banking.dto.TransactionResponse@666f7795, success=true, message=交易创建成功}]
2025-07-02 01:11:42 - Using 'application/json', given [*/*] and supported [application/json, application/*+json]
2025-07-02 01:11:42 - Writing [{data=com.banking.dto.TransactionResponse@3c2fedfa, success=true, message=交易创建成功}]
2025-07-02 01:11:42 - Mapped to com.banking.controller.TransactionController#createTransaction(TransactionRequest)
2025-07-02 01:11:42 - Read "application/json;charset=UTF-8" to [com.banking.dto.TransactionRequest@32c3a344]
2025-07-02 01:11:42 - Writing [{data=com.banking.dto.TransactionResponse@3ca8d908, success=true, message=交易创建成功}]
2025-07-02 01:11:42 - Using 'application/json', given [*/*] and supported [application/json, application/*+json]
2025-07-02 01:11:42 - Writing [{data=com.banking.dto.TransactionResponse@53e2eb14, success=true, message=交易创建成功}]
2025-07-02 01:11:42 - Read "application/json;charset=UTF-8" to [com.banking.dto.TransactionRequest@51e3d741]
2025-07-02 01:11:42 - Mapped to com.banking.controller.TransactionController#createTransaction(TransactionRequest)
2025-07-02 01:11:42 - Mapped to com.banking.controller.TransactionController#createTransaction(TransactionRequest)
2025-07-02 01:11:42 - Using 'application/json', given [*/*] and supported [application/json, application/*+json]
2025-07-02 01:11:42 - Mapped to com.banking.controller.TransactionController#createTransaction(TransactionRequest)
2025-07-02 01:11:42 - Mapped to com.banking.controller.TransactionController#createTransaction(TransactionRequest)
2025-07-02 01:11:42 - Mapped to com.banking.controller.TransactionController#createTransaction(TransactionRequest)
2025-07-02 01:11:42 - Mapped to com.banking.controller.TransactionController#createTransaction(TransactionRequest)
2025-07-02 01:11:42 - Writing [{data=com.banking.dto.TransactionResponse@613f0445, success=true, message=交易创建成功}]
2025-07-02 01:11:42 - Using 'application/json', given [*/*] and supported [application/json, application/*+json]
2025-07-02 01:11:42 - Using 'application/json', given [*/*] and supported [application/json, application/*+json]
2025-07-02 01:11:42 - Using 'application/json', given [*/*] and supported [application/json, application/*+json]
2025-07-02 01:11:42 - Writing [{data=com.banking.dto.TransactionResponse@357e81cd, success=true, message=交易创建成功}]
2025-07-02 01:11:42 - Writing [{data=com.banking.dto.TransactionResponse@7f3ea717, success=true, message=交易创建成功}]
2025-07-02 01:11:42 - Using 'application/json', given [*/*] and supported [application/json, application/*+json]
2025-07-02 01:11:42 - Using 'application/json', given [*/*] and supported [application/json, application/*+json]
2025-07-02 01:11:42 - Read "application/json;charset=UTF-8" to [com.banking.dto.TransactionRequest@353ceeb1]
2025-07-02 01:11:42 - Writing [{data=com.banking.dto.TransactionResponse@5e61f823, success=true, message=交易创建成功}]
2025-07-02 01:11:42 - Read "application/json;charset=UTF-8" to [com.banking.dto.TransactionRequest@28e4d36c]
2025-07-02 01:11:42 - Writing [{data=com.banking.dto.TransactionResponse@32776183, success=true, message=交易创建成功}]
2025-07-02 01:11:42 - Read "application/json;charset=UTF-8" to [com.banking.dto.TransactionRequest@548c20c7]
2025-07-02 01:11:42 - Read "application/json;charset=UTF-8" to [com.banking.dto.TransactionRequest@249fea44]
2025-07-02 01:11:42 - Using 'application/json', given [*/*] and supported [application/json, application/*+json]
2025-07-02 01:11:42 - Read "application/json;charset=UTF-8" to [com.banking.dto.TransactionRequest@391d245f]
2025-07-02 01:11:42 - Using 'application/json', given [*/*] and supported [application/json, application/*+json]
2025-07-02 01:11:42 - Writing [{data=com.banking.dto.TransactionResponse@64e818f0, success=true, message=交易创建成功}]
2025-07-02 01:11:42 - Read "application/json;charset=UTF-8" to [com.banking.dto.TransactionRequest@3093df1a]
2025-07-02 01:11:42 - Using 'application/json', given [*/*] and supported [application/json, application/*+json]
2025-07-02 01:11:42 - Writing [{data=com.banking.dto.TransactionResponse@1da54c07, success=true, message=交易创建成功}]
2025-07-02 01:11:42 - Writing [{data=com.banking.dto.TransactionResponse@6d925526, success=true, message=交易创建成功}]
2025-07-02 01:11:42 - Using 'application/json', given [*/*] and supported [application/json, application/*+json]
2025-07-02 01:11:42 - Writing [{data=com.banking.dto.TransactionResponse@7e1c051d, success=true, message=交易创建成功}]
2025-07-02 01:11:42 - Writing [{data=com.banking.dto.TransactionResponse@37ed4b54, success=true, message=交易创建成功}]
2025-07-02 01:11:42 - Mapped to com.banking.controller.TransactionController#createTransaction(TransactionRequest)
2025-07-02 01:11:42 - Mapped to com.banking.controller.TransactionController#createTransaction(TransactionRequest)
2025-07-02 01:11:42 - Read "application/json;charset=UTF-8" to [com.banking.dto.TransactionRequest@12af24b3]
2025-07-02 01:11:42 - Read "application/json;charset=UTF-8" to [com.banking.dto.TransactionRequest@3a9ed360]
2025-07-02 01:11:42 - Using 'application/json', given [*/*] and supported [application/json, application/*+json]
2025-07-02 01:11:42 - Using 'application/json', given [*/*] and supported [application/json, application/*+json]
2025-07-02 01:11:42 - Using 'application/json', given [*/*] and supported [application/json, application/*+json]
2025-07-02 01:11:42 - Using 'application/json', given [*/*] and supported [application/json, application/*+json]
2025-07-02 01:11:42 - Writing [{data=com.banking.dto.TransactionResponse@b34e2c5, success=true, message=交易创建成功}]
2025-07-02 01:11:42 - Using 'application/json', given [*/*] and supported [application/json, application/*+json]
2025-07-02 01:11:42 - Writing [{data=com.banking.dto.TransactionResponse@6b827821, success=true, message=交易创建成功}]
2025-07-02 01:11:42 - Writing [{data=com.banking.dto.TransactionResponse@17a50aa3, success=true, message=交易创建成功}]
2025-07-02 01:11:42 - Writing [{data=com.banking.dto.TransactionResponse@122aa877, success=true, message=交易创建成功}]
2025-07-02 01:11:42 - Writing [{data=com.banking.dto.TransactionResponse@5451f6c0, success=true, message=交易创建成功}]
2025-07-02 01:11:42 - Mapped to com.banking.controller.TransactionController#createTransaction(TransactionRequest)
2025-07-02 01:11:42 - Mapped to com.banking.controller.TransactionController#createTransaction(TransactionRequest)
2025-07-02 01:11:42 - Mapped to com.banking.controller.TransactionController#createTransaction(TransactionRequest)
2025-07-02 01:11:42 - Using 'application/json', given [*/*] and supported [application/json, application/*+json]
2025-07-02 01:11:42 - Writing [{data=com.banking.dto.TransactionResponse@54905f85, success=true, message=交易创建成功}]
2025-07-02 01:11:42 - Using 'application/json', given [*/*] and supported [application/json, application/*+json]
2025-07-02 01:11:42 - Using 'application/json', given [*/*] and supported [application/json, application/*+json]
2025-07-02 01:11:42 - Writing [{data=com.banking.dto.TransactionResponse@40e3bfe6, success=true, message=交易创建成功}]
2025-07-02 01:11:42 - Using 'application/json', given [*/*] and supported [application/json, application/*+json]
2025-07-02 01:11:42 - Using 'application/json', given [*/*] and supported [application/json, application/*+json]
2025-07-02 01:11:42 - Writing [{data=com.banking.dto.TransactionResponse@21605451, success=true, message=交易创建成功}]
2025-07-02 01:11:42 - Read "application/json;charset=UTF-8" to [com.banking.dto.TransactionRequest@807e841]
2025-07-02 01:11:42 - Read "application/json;charset=UTF-8" to [com.banking.dto.TransactionRequest@44b96f1f]
2025-07-02 01:11:42 - Writing [{data=com.banking.dto.TransactionResponse@75b4cad0, success=true, message=交易创建成功}]
2025-07-02 01:11:42 - Writing [{data=com.banking.dto.TransactionResponse@4e4ba9b8, success=true, message=交易创建成功}]
2025-07-02 01:11:42 - Mapped to com.banking.controller.TransactionController#createTransaction(TransactionRequest)
2025-07-02 01:11:42 - Read "application/json;charset=UTF-8" to [com.banking.dto.TransactionRequest@404108ca]
2025-07-02 01:11:42 - Mapped to com.banking.controller.TransactionController#createTransaction(TransactionRequest)
2025-07-02 01:11:42 - Mapped to com.banking.controller.TransactionController#createTransaction(TransactionRequest)
2025-07-02 01:11:42 - Read "application/json;charset=UTF-8" to [com.banking.dto.TransactionRequest@32b81425]
2025-07-02 01:11:42 - Read "application/json;charset=UTF-8" to [com.banking.dto.TransactionRequest@4af9b121]
2025-07-02 01:11:42 - Read "application/json;charset=UTF-8" to [com.banking.dto.TransactionRequest@7cf325de]
2025-07-02 01:11:42 - Mapped to com.banking.controller.TransactionController#createTransaction(TransactionRequest)
2025-07-02 01:11:42 - Using 'application/json', given [*/*] and supported [application/json, application/*+json]
2025-07-02 01:11:42 - Read "application/json;charset=UTF-8" to [com.banking.dto.TransactionRequest@56169424]
2025-07-02 01:11:42 - Using 'application/json', given [*/*] and supported [application/json, application/*+json]
2025-07-02 01:11:42 - Using 'application/json', given [*/*] and supported [application/json, application/*+json]
2025-07-02 01:11:42 - Using 'application/json', given [*/*] and supported [application/json, application/*+json]
2025-07-02 01:11:42 - Writing [{data=com.banking.dto.TransactionResponse@6e36fa8b, success=true, message=交易创建成功}]
2025-07-02 01:11:42 - Writing [{data=com.banking.dto.TransactionResponse@4cd014b8, success=true, message=交易创建成功}]
2025-07-02 01:11:42 - Using 'application/json', given [*/*] and supported [application/json, application/*+json]
2025-07-02 01:11:42 - Writing [{data=com.banking.dto.TransactionResponse@6dc5e396, success=true, message=交易创建成功}]
2025-07-02 01:11:42 - Writing [{data=com.banking.dto.TransactionResponse@2c181790, success=true, message=交易创建成功}]
2025-07-02 01:11:42 - Writing [{data=com.banking.dto.TransactionResponse@64910017, success=true, message=交易创建成功}]
2025-07-02 01:11:42 - Mapped to com.banking.controller.TransactionController#createTransaction(TransactionRequest)
2025-07-02 01:11:42 - Using 'application/json', given [*/*] and supported [application/json, application/*+json]
2025-07-02 01:11:42 - Writing [{data=com.banking.dto.TransactionResponse@4a0db5e0, success=true, message=交易创建成功}]
2025-07-02 01:11:42 - Using 'application/json', given [*/*] and supported [application/json, application/*+json]
2025-07-02 01:11:42 - Mapped to com.banking.controller.TransactionController#createTransaction(TransactionRequest)
2025-07-02 01:11:42 - Writing [{data=com.banking.dto.TransactionResponse@7c849f20, success=true, message=交易创建成功}]
2025-07-02 01:11:42 - Using 'application/json', given [*/*] and supported [application/json, application/*+json]
2025-07-02 01:11:42 - Writing [{data=com.banking.dto.TransactionResponse@447839b0, success=true, message=交易创建成功}]
2025-07-02 01:11:42 - Read "application/json;charset=UTF-8" to [com.banking.dto.TransactionRequest@84f069b]
2025-07-02 01:11:42 - Read "application/json;charset=UTF-8" to [com.banking.dto.TransactionRequest@5d1f686e]
2025-07-02 01:11:42 - Using 'application/json', given [*/*] and supported [application/json, application/*+json]
2025-07-02 01:11:42 - Writing [{data=com.banking.dto.TransactionResponse@527560e4, success=true, message=交易创建成功}]
2025-07-02 01:11:42 - Using 'application/json', given [*/*] and supported [application/json, application/*+json]
2025-07-02 01:11:42 - Writing [{data=com.banking.dto.TransactionResponse@40502f05, success=true, message=交易创建成功}]
2025-07-02 01:11:42 - Mapped to com.banking.controller.TransactionController#createTransaction(TransactionRequest)
2025-07-02 01:11:42 - Mapped to com.banking.controller.TransactionController#createTransaction(TransactionRequest)
2025-07-02 01:11:42 - Mapped to com.banking.controller.TransactionController#createTransaction(TransactionRequest)
2025-07-02 01:11:42 - Read "application/json;charset=UTF-8" to [com.banking.dto.TransactionRequest@3a205026]
2025-07-02 01:11:42 - Read "application/json;charset=UTF-8" to [com.banking.dto.TransactionRequest@7226872]
2025-07-02 01:11:42 - Read "application/json;charset=UTF-8" to [com.banking.dto.TransactionRequest@307f8a78]
2025-07-02 01:11:42 - Using 'application/json', given [*/*] and supported [application/json, application/*+json]
2025-07-02 01:11:42 - Using 'application/json', given [*/*] and supported [application/json, application/*+json]
2025-07-02 01:11:42 - Writing [{data=com.banking.dto.TransactionResponse@62d24f8e, success=true, message=交易创建成功}]
2025-07-02 01:11:42 - Writing [{data=com.banking.dto.TransactionResponse@15326a4, success=true, message=交易创建成功}]
2025-07-02 01:11:42 - Mapped to com.banking.controller.TransactionController#createTransaction(TransactionRequest)
2025-07-02 01:11:42 - Mapped to com.banking.controller.TransactionController#createTransaction(TransactionRequest)
2025-07-02 01:11:42 - Using 'application/json', given [*/*] and supported [application/json, application/*+json]
2025-07-02 01:11:42 - Mapped to com.banking.controller.TransactionController#createTransaction(TransactionRequest)
2025-07-02 01:11:42 - Writing [{data=com.banking.dto.TransactionResponse@6e597afd, success=true, message=交易创建成功}]
2025-07-02 01:11:42 - Using 'application/json', given [*/*] and supported [application/json, application/*+json]
2025-07-02 01:11:42 - Using 'application/json', given [*/*] and supported [application/json, application/*+json]
2025-07-02 01:11:42 - Writing [{data=com.banking.dto.TransactionResponse@7433b85e, success=true, message=交易创建成功}]
2025-07-02 01:11:42 - Writing [{data=com.banking.dto.TransactionResponse@41ff6738, success=true, message=交易创建成功}]
2025-07-02 01:11:42 - Mapped to com.banking.controller.TransactionController#createTransaction(TransactionRequest)
2025-07-02 01:11:42 - Read "application/json;charset=UTF-8" to [com.banking.dto.TransactionRequest@70ed4cf9]
2025-07-02 01:11:42 - Using 'application/json', given [*/*] and supported [application/json, application/*+json]
2025-07-02 01:11:42 - Writing [{data=com.banking.dto.TransactionResponse@162b1d43, success=true, message=交易创建成功}]
2025-07-02 01:11:42 - Using 'application/json', given [*/*] and supported [application/json, application/*+json]
2025-07-02 01:11:42 - Mapped to com.banking.controller.TransactionController#createTransaction(TransactionRequest)
2025-07-02 01:11:42 - Read "application/json;charset=UTF-8" to [com.banking.dto.TransactionRequest@4fc648e1]
2025-07-02 01:11:42 - Read "application/json;charset=UTF-8" to [com.banking.dto.TransactionRequest@36d987af]
2025-07-02 01:11:42 - Read "application/json;charset=UTF-8" to [com.banking.dto.TransactionRequest@72dcb692]
2025-07-02 01:11:42 - Writing [{data=com.banking.dto.TransactionResponse@1aadee3f, success=true, message=交易创建成功}]
2025-07-02 01:11:42 - Using 'application/json', given [*/*] and supported [application/json, application/*+json]
2025-07-02 01:11:42 - Writing [{data=com.banking.dto.TransactionResponse@42ea1f40, success=true, message=交易创建成功}]
2025-07-02 01:11:42 - Read "application/json;charset=UTF-8" to [com.banking.dto.TransactionRequest@1ae73122]
2025-07-02 01:11:42 - Mapped to com.banking.controller.TransactionController#createTransaction(TransactionRequest)
2025-07-02 01:11:42 - Mapped to com.banking.controller.TransactionController#createTransaction(TransactionRequest)
2025-07-02 01:11:42 - Mapped to com.banking.controller.TransactionController#createTransaction(TransactionRequest)
2025-07-02 01:11:42 - Using 'application/json', given [*/*] and supported [application/json, application/*+json]
2025-07-02 01:11:42 - Using 'application/json', given [*/*] and supported [application/json, application/*+json]
2025-07-02 01:11:42 - Read "application/json;charset=UTF-8" to [com.banking.dto.TransactionRequest@5809e4f2]
2025-07-02 01:11:42 - Using 'application/json', given [*/*] and supported [application/json, application/*+json]
2025-07-02 01:11:42 - Writing [{data=com.banking.dto.TransactionResponse@6c9fd335, success=true, message=交易创建成功}]
2025-07-02 01:11:42 - Writing [{data=com.banking.dto.TransactionResponse@6fc0e55f, success=true, message=交易创建成功}]
2025-07-02 01:11:42 - Using 'application/json', given [*/*] and supported [application/json, application/*+json]
2025-07-02 01:11:42 - Read "application/json;charset=UTF-8" to [com.banking.dto.TransactionRequest@2cb142a9]
2025-07-02 01:11:42 - Writing [{data=com.banking.dto.TransactionResponse@4b2ac6b3, success=true, message=交易创建成功}]
2025-07-02 01:11:42 - Read "application/json;charset=UTF-8" to [com.banking.dto.TransactionRequest@3d6fc1ac]
2025-07-02 01:11:42 - Writing [{data=com.banking.dto.TransactionResponse@24eac93, success=true, message=交易创建成功}]
2025-07-02 01:11:42 - Using 'application/json', given [*/*] and supported [application/json, application/*+json]
2025-07-02 01:11:42 - Writing [{data=com.banking.dto.TransactionResponse@4dfc3afb, success=true, message=交易创建成功}]
2025-07-02 01:11:42 - Mapped to com.banking.controller.TransactionController#createTransaction(TransactionRequest)
2025-07-02 01:11:42 - Using 'application/json', given [*/*] and supported [application/json, application/*+json]
2025-07-02 01:11:42 - Using 'application/json', given [*/*] and supported [application/json, application/*+json]
2025-07-02 01:11:42 - Mapped to com.banking.controller.TransactionController#createTransaction(TransactionRequest)
2025-07-02 01:11:42 - Writing [{data=com.banking.dto.TransactionResponse@318efc6, success=true, message=交易创建成功}]
2025-07-02 01:11:42 - Mapped to com.banking.controller.TransactionController#createTransaction(TransactionRequest)
2025-07-02 01:11:42 - Writing [{data=com.banking.dto.TransactionResponse@1bb9fee2, success=true, message=交易创建成功}]
2025-07-02 01:11:42 - Mapped to com.banking.controller.TransactionController#createTransaction(TransactionRequest)
2025-07-02 01:11:42 - Using 'application/json', given [*/*] and supported [application/json, application/*+json]
2025-07-02 01:11:42 - Read "application/json;charset=UTF-8" to [com.banking.dto.TransactionRequest@12918130]
2025-07-02 01:11:42 - Writing [{data=com.banking.dto.TransactionResponse@3c9e24ad, success=true, message=交易创建成功}]
2025-07-02 01:11:42 - Read "application/json;charset=UTF-8" to [com.banking.dto.TransactionRequest@65217149]
2025-07-02 01:11:42 - Read "application/json;charset=UTF-8" to [com.banking.dto.TransactionRequest@34becfc6]
2025-07-02 01:11:42 - Read "application/json;charset=UTF-8" to [com.banking.dto.TransactionRequest@7ef76811]
2025-07-02 01:11:42 - Mapped to com.banking.controller.TransactionController#createTransaction(TransactionRequest)
2025-07-02 01:11:42 - Mapped to com.banking.controller.TransactionController#createTransaction(TransactionRequest)
2025-07-02 01:11:42 - Mapped to com.banking.controller.TransactionController#createTransaction(TransactionRequest)
2025-07-02 01:11:42 - Mapped to com.banking.controller.TransactionController#createTransaction(TransactionRequest)
2025-07-02 01:11:42 - Mapped to com.banking.controller.TransactionController#createTransaction(TransactionRequest)
2025-07-02 01:11:42 - Mapped to com.banking.controller.TransactionController#createTransaction(TransactionRequest)
2025-07-02 01:11:42 - Using 'application/json', given [*/*] and supported [application/json, application/*+json]
2025-07-02 01:11:42 - Mapped to com.banking.controller.TransactionController#createTransaction(TransactionRequest)
2025-07-02 01:11:42 - Writing [{data=com.banking.dto.TransactionResponse@5db935e4, success=true, message=交易创建成功}]
2025-07-02 01:11:42 - Using 'application/json', given [*/*] and supported [application/json, application/*+json]
2025-07-02 01:11:42 - Using 'application/json', given [*/*] and supported [application/json, application/*+json]
2025-07-02 01:11:42 - Writing [{data=com.banking.dto.TransactionResponse@4a7689ba, success=true, message=交易创建成功}]
2025-07-02 01:11:42 - Read "application/json;charset=UTF-8" to [com.banking.dto.TransactionRequest@3cdc758a]
2025-07-02 01:11:42 - Read "application/json;charset=UTF-8" to [com.banking.dto.TransactionRequest@4d80c57e]
2025-07-02 01:11:42 - Read "application/json;charset=UTF-8" to [com.banking.dto.TransactionRequest@5b1cd7b2]
2025-07-02 01:11:42 - Using 'application/json', given [*/*] and supported [application/json, application/*+json]
2025-07-02 01:11:42 - Read "application/json;charset=UTF-8" to [com.banking.dto.TransactionRequest@586eca8c]
2025-07-02 01:11:42 - Writing [{data=com.banking.dto.TransactionResponse@22287ad, success=true, message=交易创建成功}]
2025-07-02 01:11:42 - Writing [{data=com.banking.dto.TransactionResponse@263de138, success=true, message=交易创建成功}]
2025-07-02 01:11:42 - Using 'application/json', given [*/*] and supported [application/json, application/*+json]
2025-07-02 01:11:42 - Using 'application/json', given [*/*] and supported [application/json, application/*+json]
2025-07-02 01:11:42 - Writing [{data=com.banking.dto.TransactionResponse@3702cbfb, success=true, message=交易创建成功}]
2025-07-02 01:11:42 - Read "application/json;charset=UTF-8" to [com.banking.dto.TransactionRequest@64591455]
2025-07-02 01:11:42 - Read "application/json;charset=UTF-8" to [com.banking.dto.TransactionRequest@7a0662aa]
2025-07-02 01:11:42 - Read "application/json;charset=UTF-8" to [com.banking.dto.TransactionRequest@4c4cbf1c]
2025-07-02 01:11:42 - Using 'application/json', given [*/*] and supported [application/json, application/*+json]
2025-07-02 01:11:42 - Using 'application/json', given [*/*] and supported [application/json, application/*+json]
2025-07-02 01:11:42 - Writing [{data=com.banking.dto.TransactionResponse@6b6cfcd, success=true, message=交易创建成功}]
2025-07-02 01:11:42 - Writing [{data=com.banking.dto.TransactionResponse@4d9bd9cb, success=true, message=交易创建成功}]
2025-07-02 01:11:42 - Using 'application/json', given [*/*] and supported [application/json, application/*+json]
2025-07-02 01:11:42 - Writing [{data=com.banking.dto.TransactionResponse@55208afe, success=true, message=交易创建成功}]
2025-07-02 01:11:42 - Writing [{data=com.banking.dto.TransactionResponse@7aab3835, success=true, message=交易创建成功}]
2025-07-02 01:11:42 - Using 'application/json', given [*/*] and supported [application/json, application/*+json]
2025-07-02 01:11:42 - Writing [{data=com.banking.dto.TransactionResponse@63e65f01, success=true, message=交易创建成功}]
2025-07-02 01:11:42 - Mapped to com.banking.controller.TransactionController#createTransaction(TransactionRequest)
2025-07-02 01:11:42 - Mapped to com.banking.controller.TransactionController#createTransaction(TransactionRequest)
2025-07-02 01:11:42 - Mapped to com.banking.controller.TransactionController#createTransaction(TransactionRequest)
2025-07-02 01:11:42 - Using 'application/json', given [*/*] and supported [application/json, application/*+json]
2025-07-02 01:11:42 - Mapped to com.banking.controller.TransactionController#createTransaction(TransactionRequest)
2025-07-02 01:11:42 - Mapped to com.banking.controller.TransactionController#createTransaction(TransactionRequest)
2025-07-02 01:11:42 - Writing [{data=com.banking.dto.TransactionResponse@4ea7e3bd, success=true, message=交易创建成功}]
2025-07-02 01:11:42 - Using 'application/json', given [*/*] and supported [application/json, application/*+json]
2025-07-02 01:11:42 - Using 'application/json', given [*/*] and supported [application/json, application/*+json]
2025-07-02 01:11:42 - Using 'application/json', given [*/*] and supported [application/json, application/*+json]
2025-07-02 01:11:42 - Read "application/json;charset=UTF-8" to [com.banking.dto.TransactionRequest@58932a6c]
2025-07-02 01:11:42 - Using 'application/json', given [*/*] and supported [application/json, application/*+json]
2025-07-02 01:11:42 - Writing [{data=com.banking.dto.TransactionResponse@434d70d, success=true, message=交易创建成功}]
2025-07-02 01:11:42 - Writing [{data=com.banking.dto.TransactionResponse@571aeb8f, success=true, message=交易创建成功}]
2025-07-02 01:11:42 - Using 'application/json', given [*/*] and supported [application/json, application/*+json]
2025-07-02 01:11:42 - Writing [{data=com.banking.dto.TransactionResponse@6c69b979, success=true, message=交易创建成功}]
2025-07-02 01:11:42 - Writing [{data=com.banking.dto.TransactionResponse@2f7a5ea7, success=true, message=交易创建成功}]
2025-07-02 01:11:42 - Using 'application/json', given [*/*] and supported [application/json, application/*+json]
2025-07-02 01:11:42 - Writing [{data=com.banking.dto.TransactionResponse@329f527d, success=true, message=交易创建成功}]
2025-07-02 01:11:42 - Using 'application/json', given [*/*] and supported [application/json, application/*+json]
2025-07-02 01:11:42 - Using 'application/json', given [*/*] and supported [application/json, application/*+json]
2025-07-02 01:11:42 - Using 'application/json', given [*/*] and supported [application/json, application/*+json]
2025-07-02 01:11:42 - Writing [{data=com.banking.dto.TransactionResponse@dfed9e8, success=true, message=交易创建成功}]
2025-07-02 01:11:42 - Writing [{data=com.banking.dto.TransactionResponse@2f4caa0a, success=true, message=交易创建成功}]
2025-07-02 01:11:42 - Read "application/json;charset=UTF-8" to [com.banking.dto.TransactionRequest@3871909b]
2025-07-02 01:11:42 - Read "application/json;charset=UTF-8" to [com.banking.dto.TransactionRequest@7eefd9b9]
2025-07-02 01:11:42 - Read "application/json;charset=UTF-8" to [com.banking.dto.TransactionRequest@26fac12a]
2025-07-02 01:11:42 - Read "application/json;charset=UTF-8" to [com.banking.dto.TransactionRequest@2b5ee11d]
2025-07-02 01:11:42 - Writing [{data=com.banking.dto.TransactionResponse@3317babc, success=true, message=交易创建成功}]
2025-07-02 01:11:42 - Writing [{data=com.banking.dto.TransactionResponse@7d85196a, success=true, message=交易创建成功}]
2025-07-02 01:11:42 - Mapped to com.banking.controller.TransactionController#createTransaction(TransactionRequest)
2025-07-02 01:11:42 - Mapped to com.banking.controller.TransactionController#createTransaction(TransactionRequest)
2025-07-02 01:11:42 - Mapped to com.banking.controller.TransactionController#createTransaction(TransactionRequest)
2025-07-02 01:11:42 - Mapped to com.banking.controller.TransactionController#createTransaction(TransactionRequest)
2025-07-02 01:11:42 - Mapped to com.banking.controller.TransactionController#createTransaction(TransactionRequest)
2025-07-02 01:11:42 - Read "application/json;charset=UTF-8" to [com.banking.dto.TransactionRequest@374010b5]
2025-07-02 01:11:42 - Read "application/json;charset=UTF-8" to [com.banking.dto.TransactionRequest@19e59c10]
2025-07-02 01:11:42 - Read "application/json;charset=UTF-8" to [com.banking.dto.TransactionRequest@743e033e]
2025-07-02 01:11:42 - Mapped to com.banking.controller.TransactionController#createTransaction(TransactionRequest)
2025-07-02 01:11:42 - Read "application/json;charset=UTF-8" to [com.banking.dto.TransactionRequest@5eee2ce4]
2025-07-02 01:11:42 - Read "application/json;charset=UTF-8" to [com.banking.dto.TransactionRequest@282434c7]
2025-07-02 01:11:42 - Using 'application/json', given [*/*] and supported [application/json, application/*+json]
2025-07-02 01:11:42 - Using 'application/json', given [*/*] and supported [application/json, application/*+json]
2025-07-02 01:11:42 - Using 'application/json', given [*/*] and supported [application/json, application/*+json]
2025-07-02 01:11:42 - Writing [{data=com.banking.dto.TransactionResponse@3910245a, success=true, message=交易创建成功}]
2025-07-02 01:11:42 - Using 'application/json', given [*/*] and supported [application/json, application/*+json]
2025-07-02 01:11:42 - Writing [{data=com.banking.dto.TransactionResponse@4ab51d90, success=true, message=交易创建成功}]
2025-07-02 01:11:42 - Using 'application/json', given [*/*] and supported [application/json, application/*+json]
2025-07-02 01:11:42 - Read "application/json;charset=UTF-8" to [com.banking.dto.TransactionRequest@2b3eb088]
2025-07-02 01:11:42 - Writing [{data=com.banking.dto.TransactionResponse@117b42bc, success=true, message=交易创建成功}]
2025-07-02 01:11:42 - Using 'application/json', given [*/*] and supported [application/json, application/*+json]
2025-07-02 01:11:42 - Writing [{data=com.banking.dto.TransactionResponse@3e2fdd31, success=true, message=交易创建成功}]
2025-07-02 01:11:42 - Using 'application/json', given [*/*] and supported [application/json, application/*+json]
2025-07-02 01:11:42 - Writing [{data=com.banking.dto.TransactionResponse@37ae3427, success=true, message=交易创建成功}]
2025-07-02 01:11:42 - Using 'application/json', given [*/*] and supported [application/json, application/*+json]
2025-07-02 01:11:42 - Writing [{data=com.banking.dto.TransactionResponse@312e43c, success=true, message=交易创建成功}]
2025-07-02 01:11:42 - Using 'application/json', given [*/*] and supported [application/json, application/*+json]
2025-07-02 01:11:42 - Writing [{data=com.banking.dto.TransactionResponse@6bee5f97, success=true, message=交易创建成功}]
2025-07-02 01:11:42 - Using 'application/json', given [*/*] and supported [application/json, application/*+json]
2025-07-02 01:11:42 - Writing [{data=com.banking.dto.TransactionResponse@7e2e7707, success=true, message=交易创建成功}]
2025-07-02 01:11:42 - Writing [{data=com.banking.dto.TransactionResponse@7ec45b79, success=true, message=交易创建成功}]
2025-07-02 01:11:42 - Writing [{data=com.banking.dto.TransactionResponse@7a595971, success=true, message=交易创建成功}]
2025-07-02 01:11:42 - Mapped to com.banking.controller.TransactionController#createTransaction(TransactionRequest)
2025-07-02 01:11:42 - Read "application/json;charset=UTF-8" to [com.banking.dto.TransactionRequest@2dab1ce]
2025-07-02 01:11:42 - Mapped to com.banking.controller.TransactionController#createTransaction(TransactionRequest)
2025-07-02 01:11:42 - Mapped to com.banking.controller.TransactionController#createTransaction(TransactionRequest)
2025-07-02 01:11:42 - Mapped to com.banking.controller.TransactionController#createTransaction(TransactionRequest)
2025-07-02 01:11:42 - Mapped to com.banking.controller.TransactionController#createTransaction(TransactionRequest)
2025-07-02 01:11:42 - Mapped to com.banking.controller.TransactionController#createTransaction(TransactionRequest)
2025-07-02 01:11:42 - Mapped to com.banking.controller.TransactionController#createTransaction(TransactionRequest)
2025-07-02 01:11:42 - Read "application/json;charset=UTF-8" to [com.banking.dto.TransactionRequest@2ae342f2]
2025-07-02 01:11:42 - Read "application/json;charset=UTF-8" to [com.banking.dto.TransactionRequest@5184658d]
2025-07-02 01:11:42 - Read "application/json;charset=UTF-8" to [com.banking.dto.TransactionRequest@35052bc0]
2025-07-02 01:11:42 - Read "application/json;charset=UTF-8" to [com.banking.dto.TransactionRequest@657aa7f3]
2025-07-02 01:11:42 - Read "application/json;charset=UTF-8" to [com.banking.dto.TransactionRequest@d708189]
2025-07-02 01:11:42 - Using 'application/json', given [*/*] and supported [application/json, application/*+json]
2025-07-02 01:11:42 - Using 'application/json', given [*/*] and supported [application/json, application/*+json]
2025-07-02 01:11:42 - Using 'application/json', given [*/*] and supported [application/json, application/*+json]
2025-07-02 01:11:42 - Writing [{data=com.banking.dto.TransactionResponse@65515efd, success=true, message=交易创建成功}]
2025-07-02 01:11:42 - Writing [{data=com.banking.dto.TransactionResponse@42fd1bb2, success=true, message=交易创建成功}]
2025-07-02 01:11:42 - Using 'application/json', given [*/*] and supported [application/json, application/*+json]
2025-07-02 01:11:42 - Writing [{data=com.banking.dto.TransactionResponse@22037ec3, success=true, message=交易创建成功}]
2025-07-02 01:11:42 - Using 'application/json', given [*/*] and supported [application/json, application/*+json]
2025-07-02 01:11:42 - Writing [{data=com.banking.dto.TransactionResponse@12e550f2, success=true, message=交易创建成功}]
2025-07-02 01:11:42 - Mapped to com.banking.controller.TransactionController#createTransaction(TransactionRequest)
2025-07-02 01:11:42 - Using 'application/json', given [*/*] and supported [application/json, application/*+json]
2025-07-02 01:11:42 - Read "application/json;charset=UTF-8" to [com.banking.dto.TransactionRequest@76f542bc]
2025-07-02 01:11:42 - Using 'application/json', given [*/*] and supported [application/json, application/*+json]
2025-07-02 01:11:42 - Using 'application/json', given [*/*] and supported [application/json, application/*+json]
2025-07-02 01:11:42 - Writing [{data=com.banking.dto.TransactionResponse@2c8d1dbb, success=true, message=交易创建成功}]
2025-07-02 01:11:42 - Using 'application/json', given [*/*] and supported [application/json, application/*+json]
2025-07-02 01:11:42 - Writing [{data=com.banking.dto.TransactionResponse@12ab7772, success=true, message=交易创建成功}]
2025-07-02 01:11:42 - Writing [{data=com.banking.dto.TransactionResponse@5ecf9bfd, success=true, message=交易创建成功}]
2025-07-02 01:11:42 - Writing [{data=com.banking.dto.TransactionResponse@349c5938, success=true, message=交易创建成功}]
2025-07-02 01:11:42 - Writing [{data=com.banking.dto.TransactionResponse@19c8e2fc, success=true, message=交易创建成功}]
2025-07-02 01:11:42 - Using 'application/json', given [*/*] and supported [application/json, application/*+json]
2025-07-02 01:11:42 - Read "application/json;charset=UTF-8" to [com.banking.dto.TransactionRequest@5f4fd25f]
2025-07-02 01:11:42 - Writing [{data=com.banking.dto.TransactionResponse@76147306, success=true, message=交易创建成功}]
2025-07-02 01:11:42 - Mapped to com.banking.controller.TransactionController#createTransaction(TransactionRequest)
2025-07-02 01:11:42 - Mapped to com.banking.controller.TransactionController#createTransaction(TransactionRequest)
2025-07-02 01:11:42 - Read "application/json;charset=UTF-8" to [com.banking.dto.TransactionRequest@2afbb714]
2025-07-02 01:11:42 - Mapped to com.banking.controller.TransactionController#createTransaction(TransactionRequest)
2025-07-02 01:11:42 - Mapped to com.banking.controller.TransactionController#createTransaction(TransactionRequest)
2025-07-02 01:11:42 - Mapped to com.banking.controller.TransactionController#createTransaction(TransactionRequest)
2025-07-02 01:11:42 - Read "application/json;charset=UTF-8" to [com.banking.dto.TransactionRequest@2fd9251e]
2025-07-02 01:11:42 - Mapped to com.banking.controller.TransactionController#createTransaction(TransactionRequest)
2025-07-02 01:11:42 - Using 'application/json', given [*/*] and supported [application/json, application/*+json]
2025-07-02 01:11:42 - Using 'application/json', given [*/*] and supported [application/json, application/*+json]
2025-07-02 01:11:42 - Mapped to com.banking.controller.TransactionController#createTransaction(TransactionRequest)
2025-07-02 01:11:42 - Mapped to com.banking.controller.TransactionController#createTransaction(TransactionRequest)
2025-07-02 01:11:42 - Using 'application/json', given [*/*] and supported [application/json, application/*+json]
2025-07-02 01:11:42 - Writing [{data=com.banking.dto.TransactionResponse@55758f5, success=true, message=交易创建成功}]
2025-07-02 01:11:42 - Using 'application/json', given [*/*] and supported [application/json, application/*+json]
2025-07-02 01:11:42 - Read "application/json;charset=UTF-8" to [com.banking.dto.TransactionRequest@2d7c7821]
2025-07-02 01:11:42 - Using 'application/json', given [*/*] and supported [application/json, application/*+json]
2025-07-02 01:11:42 - Writing [{data=com.banking.dto.TransactionResponse@3f6232c, success=true, message=交易创建成功}]
2025-07-02 01:11:42 - Writing [{data=com.banking.dto.TransactionResponse@4a2a36fc, success=true, message=交易创建成功}]
2025-07-02 01:11:42 - Writing [{data=com.banking.dto.TransactionResponse@3cd1200f, success=true, message=交易创建成功}]
2025-07-02 01:11:42 - Read "application/json;charset=UTF-8" to [com.banking.dto.TransactionRequest@1906b2a9]
2025-07-02 01:11:42 - Using 'application/json', given [*/*] and supported [application/json, application/*+json]
2025-07-02 01:11:42 - Writing [{data=com.banking.dto.TransactionResponse@aa73ff8, success=true, message=交易创建成功}]
2025-07-02 01:11:42 - Writing [{data=com.banking.dto.TransactionResponse@44df81f6, success=true, message=交易创建成功}]
2025-07-02 01:11:42 - Using 'application/json', given [*/*] and supported [application/json, application/*+json]
2025-07-02 01:11:42 - Writing [{data=com.banking.dto.TransactionResponse@28acb17a, success=true, message=交易创建成功}]
2025-07-02 01:11:42 - Using 'application/json', given [*/*] and supported [application/json, application/*+json]
2025-07-02 01:11:42 - Read "application/json;charset=UTF-8" to [com.banking.dto.TransactionRequest@740d6d62]
2025-07-02 01:11:42 - Writing [{data=com.banking.dto.TransactionResponse@744c8ef, success=true, message=交易创建成功}]
2025-07-02 01:11:42 - Read "application/json;charset=UTF-8" to [com.banking.dto.TransactionRequest@1b240b80]
2025-07-02 01:11:42 - Read "application/json;charset=UTF-8" to [com.banking.dto.TransactionRequest@340695b2]
2025-07-02 01:11:42 - Read "application/json;charset=UTF-8" to [com.banking.dto.TransactionRequest@166f8ce8]
2025-07-02 01:11:42 - Using 'application/json', given [*/*] and supported [application/json, application/*+json]
2025-07-02 01:11:42 - Writing [{data=com.banking.dto.TransactionResponse@231651ed, success=true, message=交易创建成功}]
2025-07-02 01:11:42 - Using 'application/json', given [*/*] and supported [application/json, application/*+json]
2025-07-02 01:11:42 - Writing [{data=com.banking.dto.TransactionResponse@56e6be6d, success=true, message=交易创建成功}]
2025-07-02 01:11:42 - Mapped to com.banking.controller.TransactionController#createTransaction(TransactionRequest)
2025-07-02 01:11:42 - Mapped to com.banking.controller.TransactionController#createTransaction(TransactionRequest)
2025-07-02 01:11:42 - Mapped to com.banking.controller.TransactionController#createTransaction(TransactionRequest)
2025-07-02 01:11:42 - Mapped to com.banking.controller.TransactionController#createTransaction(TransactionRequest)
2025-07-02 01:11:42 - Using 'application/json', given [*/*] and supported [application/json, application/*+json]
2025-07-02 01:11:42 - Using 'application/json', given [*/*] and supported [application/json, application/*+json]
2025-07-02 01:11:42 - Mapped to com.banking.controller.TransactionController#createTransaction(TransactionRequest)
2025-07-02 01:11:42 - Using 'application/json', given [*/*] and supported [application/json, application/*+json]
2025-07-02 01:11:42 - Using 'application/json', given [*/*] and supported [application/json, application/*+json]
2025-07-02 01:11:42 - Writing [{data=com.banking.dto.TransactionResponse@220f6380, success=true, message=交易创建成功}]
2025-07-02 01:11:42 - Writing [{data=com.banking.dto.TransactionResponse@834028b, success=true, message=交易创建成功}]
2025-07-02 01:11:42 - Read "application/json;charset=UTF-8" to [com.banking.dto.TransactionRequest@24442c2f]
2025-07-02 01:11:42 - Writing [{data=com.banking.dto.TransactionResponse@11b8fa20, success=true, message=交易创建成功}]
2025-07-02 01:11:42 - Writing [{data=com.banking.dto.TransactionResponse@bc451bd, success=true, message=交易创建成功}]
2025-07-02 01:11:42 - Using 'application/json', given [*/*] and supported [application/json, application/*+json]
2025-07-02 01:11:42 - Using 'application/json', given [*/*] and supported [application/json, application/*+json]
2025-07-02 01:11:42 - Using 'application/json', given [*/*] and supported [application/json, application/*+json]
2025-07-02 01:11:42 - Writing [{data=com.banking.dto.TransactionResponse@788b0473, success=true, message=交易创建成功}]
2025-07-02 01:11:42 - Using 'application/json', given [*/*] and supported [application/json, application/*+json]
2025-07-02 01:11:42 - Writing [{data=com.banking.dto.TransactionResponse@594e783a, success=true, message=交易创建成功}]
2025-07-02 01:11:42 - Read "application/json;charset=UTF-8" to [com.banking.dto.TransactionRequest@34788180]
2025-07-02 01:11:42 - Using 'application/json', given [*/*] and supported [application/json, application/*+json]
2025-07-02 01:11:42 - Read "application/json;charset=UTF-8" to [com.banking.dto.TransactionRequest@37c7bce2]
2025-07-02 01:11:42 - Writing [{data=com.banking.dto.TransactionResponse@367d2efe, success=true, message=交易创建成功}]
2025-07-02 01:11:42 - Mapped to com.banking.controller.TransactionController#createTransaction(TransactionRequest)
2025-07-02 01:11:42 - Read "application/json;charset=UTF-8" to [com.banking.dto.TransactionRequest@73cfc03c]
2025-07-02 01:11:42 - Mapped to com.banking.controller.TransactionController#createTransaction(TransactionRequest)
2025-07-02 01:11:42 - Read "application/json;charset=UTF-8" to [com.banking.dto.TransactionRequest@590e8114]
2025-07-02 01:11:42 - Using 'application/json', given [*/*] and supported [application/json, application/*+json]
2025-07-02 01:11:42 - Writing [{data=com.banking.dto.TransactionResponse@28479a96, success=true, message=交易创建成功}]
2025-07-02 01:11:42 - Writing [{data=com.banking.dto.TransactionResponse@114eb77c, success=true, message=交易创建成功}]
2025-07-02 01:11:42 - Read "application/json;charset=UTF-8" to [com.banking.dto.TransactionRequest@4ef7ef25]
2025-07-02 01:11:42 - Using 'application/json', given [*/*] and supported [application/json, application/*+json]
2025-07-02 01:11:42 - Using 'application/json', given [*/*] and supported [application/json, application/*+json]
2025-07-02 01:11:42 - Writing [{data=com.banking.dto.TransactionResponse@6834dfeb, success=true, message=交易创建成功}]
2025-07-02 01:11:42 - Writing [{data=com.banking.dto.TransactionResponse@632dd495, success=true, message=交易创建成功}]
2025-07-02 01:11:42 - Writing [{data=com.banking.dto.TransactionResponse@20cc3cab, success=true, message=交易创建成功}]
2025-07-02 01:11:42 - Mapped to com.banking.controller.TransactionController#createTransaction(TransactionRequest)
2025-07-02 01:11:42 - Mapped to com.banking.controller.TransactionController#createTransaction(TransactionRequest)
2025-07-02 01:11:42 - Using 'application/json', given [*/*] and supported [application/json, application/*+json]
2025-07-02 01:11:42 - Writing [{data=com.banking.dto.TransactionResponse@7fc3ba0f, success=true, message=交易创建成功}]
2025-07-02 01:11:42 - Mapped to com.banking.controller.TransactionController#createTransaction(TransactionRequest)
2025-07-02 01:11:42 - Read "application/json;charset=UTF-8" to [com.banking.dto.TransactionRequest@7b5a2386]
2025-07-02 01:11:42 - Read "application/json;charset=UTF-8" to [com.banking.dto.TransactionRequest@c655380]
2025-07-02 01:11:42 - Read "application/json;charset=UTF-8" to [com.banking.dto.TransactionRequest@6325d087]
2025-07-02 01:11:42 - Read "application/json;charset=UTF-8" to [com.banking.dto.TransactionRequest@35ce3c9]
2025-07-02 01:11:42 - Mapped to com.banking.controller.TransactionController#createTransaction(TransactionRequest)
2025-07-02 01:11:42 - Mapped to com.banking.controller.TransactionController#createTransaction(TransactionRequest)
2025-07-02 01:11:42 - Using 'application/json', given [*/*] and supported [application/json, application/*+json]
2025-07-02 01:11:42 - Using 'application/json', given [*/*] and supported [application/json, application/*+json]
2025-07-02 01:11:42 - Writing [{data=com.banking.dto.TransactionResponse@31879795, success=true, message=交易创建成功}]
2025-07-02 01:11:42 - Writing [{data=com.banking.dto.TransactionResponse@324fdc33, success=true, message=交易创建成功}]
2025-07-02 01:11:42 - Read "application/json;charset=UTF-8" to [com.banking.dto.TransactionRequest@5b742703]
2025-07-02 01:11:42 - Using 'application/json', given [*/*] and supported [application/json, application/*+json]
2025-07-02 01:11:42 - Read "application/json;charset=UTF-8" to [com.banking.dto.TransactionRequest@147b8e32]
2025-07-02 01:11:42 - Using 'application/json', given [*/*] and supported [application/json, application/*+json]
2025-07-02 01:11:42 - Using 'application/json', given [*/*] and supported [application/json, application/*+json]
2025-07-02 01:11:42 - Writing [{data=com.banking.dto.TransactionResponse@23194c10, success=true, message=交易创建成功}]
2025-07-02 01:11:42 - Writing [{data=com.banking.dto.TransactionResponse@1409663b, success=true, message=交易创建成功}]
2025-07-02 01:11:42 - Writing [{data=com.banking.dto.TransactionResponse@27bded3a, success=true, message=交易创建成功}]
2025-07-02 01:11:42 - Using 'application/json', given [*/*] and supported [application/json, application/*+json]
2025-07-02 01:11:42 - Using 'application/json', given [*/*] and supported [application/json, application/*+json]
2025-07-02 01:11:42 - Writing [{data=com.banking.dto.TransactionResponse@1fc543bc, success=true, message=交易创建成功}]
2025-07-02 01:11:42 - Mapped to com.banking.controller.TransactionController#createTransaction(TransactionRequest)
2025-07-02 01:11:42 - Writing [{data=com.banking.dto.TransactionResponse@7b64561b, success=true, message=交易创建成功}]
2025-07-02 01:11:42 - Read "application/json;charset=UTF-8" to [com.banking.dto.TransactionRequest@2d98b689]
2025-07-02 01:11:42 - Using 'application/json', given [*/*] and supported [application/json, application/*+json]
2025-07-02 01:11:42 - Writing [{data=com.banking.dto.TransactionResponse@26ce689a, success=true, message=交易创建成功}]
2025-07-02 01:11:42 - Using 'application/json', given [*/*] and supported [application/json, application/*+json]
2025-07-02 01:11:42 - Using 'application/json', given [*/*] and supported [application/json, application/*+json]
2025-07-02 01:11:42 - Writing [{data=com.banking.dto.TransactionResponse@585ee16c, success=true, message=交易创建成功}]
2025-07-02 01:11:42 - Writing [{data=com.banking.dto.TransactionResponse@2b99d19e, success=true, message=交易创建成功}]
2025-07-02 01:11:42 - Mapped to com.banking.controller.TransactionController#createTransaction(TransactionRequest)
2025-07-02 01:11:42 - Mapped to com.banking.controller.TransactionController#createTransaction(TransactionRequest)
2025-07-02 01:11:42 - Mapped to com.banking.controller.TransactionController#createTransaction(TransactionRequest)
2025-07-02 01:11:42 - Mapped to com.banking.controller.TransactionController#createTransaction(TransactionRequest)
2025-07-02 01:11:42 - Read "application/json;charset=UTF-8" to [com.banking.dto.TransactionRequest@8bd86fd]
2025-07-02 01:11:42 - Read "application/json;charset=UTF-8" to [com.banking.dto.TransactionRequest@24ff5700]
2025-07-02 01:11:42 - Read "application/json;charset=UTF-8" to [com.banking.dto.TransactionRequest@137cbe5]
2025-07-02 01:11:42 - Read "application/json;charset=UTF-8" to [com.banking.dto.TransactionRequest@6f7b3b2c]
2025-07-02 01:11:42 - Mapped to com.banking.controller.TransactionController#createTransaction(TransactionRequest)
2025-07-02 01:11:42 - Read "application/json;charset=UTF-8" to [com.banking.dto.TransactionRequest@21ea79bc]
2025-07-02 01:11:42 - Using 'application/json', given [*/*] and supported [application/json, application/*+json]
2025-07-02 01:11:42 - Writing [{data=com.banking.dto.TransactionResponse@4b923a42, success=true, message=交易创建成功}]
2025-07-02 01:11:42 - Using 'application/json', given [*/*] and supported [application/json, application/*+json]
2025-07-02 01:11:42 - Mapped to com.banking.controller.TransactionController#createTransaction(TransactionRequest)
2025-07-02 01:11:42 - Using 'application/json', given [*/*] and supported [application/json, application/*+json]
2025-07-02 01:11:42 - Mapped to com.banking.controller.TransactionController#createTransaction(TransactionRequest)
2025-07-02 01:11:42 - Writing [{data=com.banking.dto.TransactionResponse@3dd9b57, success=true, message=交易创建成功}]
2025-07-02 01:11:42 - Writing [{data=com.banking.dto.TransactionResponse@7e17ce5d, success=true, message=交易创建成功}]
2025-07-02 01:11:42 - Using 'application/json', given [*/*] and supported [application/json, application/*+json]
2025-07-02 01:11:42 - Writing [{data=com.banking.dto.TransactionResponse@3d197b86, success=true, message=交易创建成功}]
2025-07-02 01:11:42 - Using 'application/json', given [*/*] and supported [application/json, application/*+json]
2025-07-02 01:11:42 - Using 'application/json', given [*/*] and supported [application/json, application/*+json]
2025-07-02 01:11:42 - Writing [{data=com.banking.dto.TransactionResponse@602f76ed, success=true, message=交易创建成功}]
2025-07-02 01:11:42 - Using 'application/json', given [*/*] and supported [application/json, application/*+json]
2025-07-02 01:11:42 - Writing [{data=com.banking.dto.TransactionResponse@57990, success=true, message=交易创建成功}]
2025-07-02 01:11:42 - Read "application/json;charset=UTF-8" to [com.banking.dto.TransactionRequest@15440c0f]
2025-07-02 01:11:42 - Using 'application/json', given [*/*] and supported [application/json, application/*+json]
2025-07-02 01:11:42 - Read "application/json;charset=UTF-8" to [com.banking.dto.TransactionRequest@690966ce]
2025-07-02 01:11:42 - Writing [{data=com.banking.dto.TransactionResponse@5b37ab16, success=true, message=交易创建成功}]
2025-07-02 01:11:42 - Writing [{data=com.banking.dto.TransactionResponse@10199665, success=true, message=交易创建成功}]
2025-07-02 01:11:42 - Using 'application/json', given [*/*] and supported [application/json, application/*+json]
2025-07-02 01:11:42 - Writing [{data=com.banking.dto.TransactionResponse@3a0d8c1f, success=true, message=交易创建成功}]
2025-07-02 01:11:42 - Using 'application/json', given [*/*] and supported [application/json, application/*+json]
2025-07-02 01:11:42 - Writing [{data=com.banking.dto.TransactionResponse@17dc1ab9, success=true, message=交易创建成功}]
2025-07-02 01:11:42 - Mapped to com.banking.controller.TransactionController#createTransaction(TransactionRequest)
2025-07-02 01:11:42 - Using 'application/json', given [*/*] and supported [application/json, application/*+json]
2025-07-02 01:11:42 - Mapped to com.banking.controller.TransactionController#createTransaction(TransactionRequest)
2025-07-02 01:11:42 - Read "application/json;charset=UTF-8" to [com.banking.dto.TransactionRequest@7e392d4d]
2025-07-02 01:11:42 - Writing [{data=com.banking.dto.TransactionResponse@1b1bf9a7, success=true, message=交易创建成功}]
2025-07-02 01:11:42 - Using 'application/json', given [*/*] and supported [application/json, application/*+json]
2025-07-02 01:11:42 - Mapped to com.banking.controller.TransactionController#createTransaction(TransactionRequest)
2025-07-02 01:11:42 - Writing [{data=com.banking.dto.TransactionResponse@48325caf, success=true, message=交易创建成功}]
2025-07-02 01:11:42 - Using 'application/json', given [*/*] and supported [application/json, application/*+json]
2025-07-02 01:11:42 - Mapped to com.banking.controller.TransactionController#createTransaction(TransactionRequest)
2025-07-02 01:11:42 - Writing [{data=com.banking.dto.TransactionResponse@5c8568e1, success=true, message=交易创建成功}]
2025-07-02 01:11:42 - Using 'application/json', given [*/*] and supported [application/json, application/*+json]
2025-07-02 01:11:42 - Mapped to com.banking.controller.TransactionController#createTransaction(TransactionRequest)
2025-07-02 01:11:42 - Writing [{data=com.banking.dto.TransactionResponse@854f491, success=true, message=交易创建成功}]
2025-07-02 01:11:42 - Read "application/json;charset=UTF-8" to [com.banking.dto.TransactionRequest@38d58e81]
2025-07-02 01:11:42 - Read "application/json;charset=UTF-8" to [com.banking.dto.TransactionRequest@4867dc49]
2025-07-02 01:11:42 - Read "application/json;charset=UTF-8" to [com.banking.dto.TransactionRequest@60c82d54]
2025-07-02 01:11:42 - Read "application/json;charset=UTF-8" to [com.banking.dto.TransactionRequest@20e9da86]
2025-07-02 01:11:42 - Using 'application/json', given [*/*] and supported [application/json, application/*+json]
2025-07-02 01:11:42 - Writing [{data=com.banking.dto.TransactionResponse@5e9c8200, success=true, message=交易创建成功}]
2025-07-02 01:11:42 - Using 'application/json', given [*/*] and supported [application/json, application/*+json]
2025-07-02 01:11:42 - Using 'application/json', given [*/*] and supported [application/json, application/*+json]
2025-07-02 01:11:42 - Using 'application/json', given [*/*] and supported [application/json, application/*+json]
2025-07-02 01:11:42 - Using 'application/json', given [*/*] and supported [application/json, application/*+json]
2025-07-02 01:11:42 - Writing [{data=com.banking.dto.TransactionResponse@79420e3, success=true, message=交易创建成功}]
2025-07-02 01:11:42 - Writing [{data=com.banking.dto.TransactionResponse@70797bdb, success=true, message=交易创建成功}]
2025-07-02 01:11:42 - Writing [{data=com.banking.dto.TransactionResponse@7be97a97, success=true, message=交易创建成功}]
2025-07-02 01:11:42 - Writing [{data=com.banking.dto.TransactionResponse@6091d354, success=true, message=交易创建成功}]
2025-07-02 01:11:42 - Using 'application/json', given [*/*] and supported [application/json, application/*+json]
2025-07-02 01:11:42 - Mapped to com.banking.controller.TransactionController#createTransaction(TransactionRequest)
2025-07-02 01:11:42 - Using 'application/json', given [*/*] and supported [application/json, application/*+json]
2025-07-02 01:11:42 - Using 'application/json', given [*/*] and supported [application/json, application/*+json]
2025-07-02 01:11:42 - Writing [{data=com.banking.dto.TransactionResponse@6c3488f1, success=true, message=交易创建成功}]
2025-07-02 01:11:42 - Writing [{data=com.banking.dto.TransactionResponse@644b0cb, success=true, message=交易创建成功}]
2025-07-02 01:11:42 - Using 'application/json', given [*/*] and supported [application/json, application/*+json]
2025-07-02 01:11:42 - Using 'application/json', given [*/*] and supported [application/json, application/*+json]
2025-07-02 01:11:42 - Writing [{data=com.banking.dto.TransactionResponse@606e101f, success=true, message=交易创建成功}]
2025-07-02 01:11:42 - Writing [{data=com.banking.dto.TransactionResponse@6c0a6f, success=true, message=交易创建成功}]
2025-07-02 01:11:42 - Writing [{data=com.banking.dto.TransactionResponse@2f5810cc, success=true, message=交易创建成功}]
2025-07-02 01:11:42 - Read "application/json;charset=UTF-8" to [com.banking.dto.TransactionRequest@cafa461]
2025-07-02 01:11:42 - Using 'application/json', given [*/*] and supported [application/json, application/*+json]
2025-07-02 01:11:42 - Writing [{data=com.banking.dto.TransactionResponse@121abd00, success=true, message=交易创建成功}]
2025-07-02 01:11:42 - Mapped to com.banking.controller.TransactionController#createTransaction(TransactionRequest)
2025-07-02 01:11:42 - Mapped to com.banking.controller.TransactionController#createTransaction(TransactionRequest)
2025-07-02 01:11:42 - Read "application/json;charset=UTF-8" to [com.banking.dto.TransactionRequest@6cd3e7df]
2025-07-02 01:11:42 - Using 'application/json', given [*/*] and supported [application/json, application/*+json]
2025-07-02 01:11:42 - Using 'application/json', given [*/*] and supported [application/json, application/*+json]
2025-07-02 01:11:42 - Mapped to com.banking.controller.TransactionController#createTransaction(TransactionRequest)
2025-07-02 01:11:42 - Writing [{data=com.banking.dto.TransactionResponse@1442b1f5, success=true, message=交易创建成功}]
2025-07-02 01:11:42 - Writing [{data=com.banking.dto.TransactionResponse@56c24068, success=true, message=交易创建成功}]
2025-07-02 01:11:42 - Using 'application/json', given [*/*] and supported [application/json, application/*+json]
2025-07-02 01:11:42 - Mapped to com.banking.controller.TransactionController#createTransaction(TransactionRequest)
2025-07-02 01:11:42 - Writing [{data=com.banking.dto.TransactionResponse@aae8538, success=true, message=交易创建成功}]
2025-07-02 01:11:42 - Read "application/json;charset=UTF-8" to [com.banking.dto.TransactionRequest@218e3d5]
2025-07-02 01:11:42 - Using 'application/json', given [*/*] and supported [application/json, application/*+json]
2025-07-02 01:11:42 - Read "application/json;charset=UTF-8" to [com.banking.dto.TransactionRequest@7262e9f]
2025-07-02 01:11:42 - Read "application/json;charset=UTF-8" to [com.banking.dto.TransactionRequest@260501cb]
2025-07-02 01:11:42 - Writing [{data=com.banking.dto.TransactionResponse@61f2743b, success=true, message=交易创建成功}]
2025-07-02 01:11:42 - Mapped to com.banking.controller.TransactionController#createTransaction(TransactionRequest)
2025-07-02 01:11:42 - Mapped to com.banking.controller.TransactionController#createTransaction(TransactionRequest)
2025-07-02 01:11:42 - Using 'application/json', given [*/*] and supported [application/json, application/*+json]
2025-07-02 01:11:42 - Using 'application/json', given [*/*] and supported [application/json, application/*+json]
2025-07-02 01:11:42 - Using 'application/json', given [*/*] and supported [application/json, application/*+json]
2025-07-02 01:11:42 - Mapped to com.banking.controller.TransactionController#createTransaction(TransactionRequest)
2025-07-02 01:11:42 - Writing [{data=com.banking.dto.TransactionResponse@3309c59, success=true, message=交易创建成功}]
2025-07-02 01:11:42 - Writing [{data=com.banking.dto.TransactionResponse@296349eb, success=true, message=交易创建成功}]
2025-07-02 01:11:42 - Writing [{data=com.banking.dto.TransactionResponse@43b69217, success=true, message=交易创建成功}]
2025-07-02 01:11:42 - Using 'application/json', given [*/*] and supported [application/json, application/*+json]
2025-07-02 01:11:42 - Writing [{data=com.banking.dto.TransactionResponse@1271fefe, success=true, message=交易创建成功}]
2025-07-02 01:11:42 - Read "application/json;charset=UTF-8" to [com.banking.dto.TransactionRequest@5d427964]
2025-07-02 01:11:42 - Read "application/json;charset=UTF-8" to [com.banking.dto.TransactionRequest@3f580024]
2025-07-02 01:11:42 - Read "application/json;charset=UTF-8" to [com.banking.dto.TransactionRequest@2bdf968d]
2025-07-02 01:11:42 - Mapped to com.banking.controller.TransactionController#createTransaction(TransactionRequest)
2025-07-02 01:11:42 - Mapped to com.banking.controller.TransactionController#createTransaction(TransactionRequest)
2025-07-02 01:11:42 - Mapped to com.banking.controller.TransactionController#createTransaction(TransactionRequest)
2025-07-02 01:11:42 - Read "application/json;charset=UTF-8" to [com.banking.dto.TransactionRequest@79e0bf3c]
2025-07-02 01:11:42 - Read "application/json;charset=UTF-8" to [com.banking.dto.TransactionRequest@5b3ca8b4]
2025-07-02 01:11:42 - Read "application/json;charset=UTF-8" to [com.banking.dto.TransactionRequest@4035bbdc]
2025-07-02 01:11:42 - Using 'application/json', given [*/*] and supported [application/json, application/*+json]
2025-07-02 01:11:42 - Using 'application/json', given [*/*] and supported [application/json, application/*+json]
2025-07-02 01:11:42 - Using 'application/json', given [*/*] and supported [application/json, application/*+json]
2025-07-02 01:11:42 - Writing [{data=com.banking.dto.TransactionResponse@c483345, success=true, message=交易创建成功}]
2025-07-02 01:11:42 - Writing [{data=com.banking.dto.TransactionResponse@260c6c84, success=true, message=交易创建成功}]
2025-07-02 01:11:42 - Writing [{data=com.banking.dto.TransactionResponse@296e4ca0, success=true, message=交易创建成功}]
2025-07-02 01:11:42 - Using 'application/json', given [*/*] and supported [application/json, application/*+json]
2025-07-02 01:11:42 - Using 'application/json', given [*/*] and supported [application/json, application/*+json]
2025-07-02 01:11:42 - Using 'application/json', given [*/*] and supported [application/json, application/*+json]
2025-07-02 01:11:42 - Writing [{data=com.banking.dto.TransactionResponse@26e0ea4b, success=true, message=交易创建成功}]
2025-07-02 01:11:42 - Writing [{data=com.banking.dto.TransactionResponse@c3ddd31, success=true, message=交易创建成功}]
2025-07-02 01:11:42 - Writing [{data=com.banking.dto.TransactionResponse@46b18e5e, success=true, message=交易创建成功}]
2025-07-02 01:11:42 - Mapped to com.banking.controller.TransactionController#createTransaction(TransactionRequest)
2025-07-02 01:11:42 - Mapped to com.banking.controller.TransactionController#createTransaction(TransactionRequest)
2025-07-02 01:11:42 - Mapped to com.banking.controller.TransactionController#createTransaction(TransactionRequest)
2025-07-02 01:11:42 - Read "application/json;charset=UTF-8" to [com.banking.dto.TransactionRequest@4b4ba26]
2025-07-02 01:11:42 - Read "application/json;charset=UTF-8" to [com.banking.dto.TransactionRequest@55022449]
2025-07-02 01:11:42 - Read "application/json;charset=UTF-8" to [com.banking.dto.TransactionRequest@5f0266b0]
2025-07-02 01:11:42 - Using 'application/json', given [*/*] and supported [application/json, application/*+json]
2025-07-02 01:11:42 - Using 'application/json', given [*/*] and supported [application/json, application/*+json]
2025-07-02 01:11:42 - Using 'application/json', given [*/*] and supported [application/json, application/*+json]
2025-07-02 01:11:42 - Writing [{data=com.banking.dto.TransactionResponse@48f66428, success=true, message=交易创建成功}]
2025-07-02 01:11:42 - Writing [{data=com.banking.dto.TransactionResponse@544536b4, success=true, message=交易创建成功}]
2025-07-02 01:11:42 - Writing [{data=com.banking.dto.TransactionResponse@7cec2770, success=true, message=交易创建成功}]
2025-07-02 01:11:42 - Mapped to com.banking.controller.TransactionController#createTransaction(TransactionRequest)
2025-07-02 01:11:42 - Read "application/json;charset=UTF-8" to [com.banking.dto.TransactionRequest@5053cd20]
2025-07-02 01:11:42 - Using 'application/json', given [*/*] and supported [application/json, application/*+json]
2025-07-02 01:11:42 - Writing [{data=com.banking.dto.TransactionResponse@4380b624, success=true, message=交易创建成功}]
2025-07-02 01:11:42 - Mapped to com.banking.controller.TransactionController#getStatistics()
2025-07-02 01:11:42 - Using 'application/json', given [*/*] and supported [application/json, application/*+json]
2025-07-02 01:11:42 - Writing [{data={totalTransactions=1050, transactionTypes=[Lcom.banking.model.TransactionType;@2cb53aa5}, succ (truncated)...]
=== 股票交易性能测试结果 ===
总耗时: 797ms
平均每个交易耗时: 0ms
TPS (每秒交易数): 1254
并发性能: 100 用户同时操作
===============================
]]></system-out>
  </testcase>
  <testcase name="testMixedOperationsUnderLoad" classname="com.banking.StressTest" time="3.525">
    <system-out><![CDATA[开始新的压力测试...
2025-07-02 01:11:43 - Mapped to com.banking.controller.TransactionController#createTransaction(TransactionRequest)
2025-07-02 01:11:43 - Read "application/json;charset=UTF-8" to [com.banking.dto.TransactionRequest@3dbe58d9]
2025-07-02 01:11:43 - Using 'application/json', given [*/*] and supported [application/json, application/*+json]
2025-07-02 01:11:43 - Writing [{data=com.banking.dto.TransactionResponse@5e1bebf9, success=true, message=交易创建成功}]
2025-07-02 01:11:43 - Mapped to com.banking.controller.TransactionController#createTransaction(TransactionRequest)
2025-07-02 01:11:43 - Read "application/json;charset=UTF-8" to [com.banking.dto.TransactionRequest@28426e43]
2025-07-02 01:11:43 - Using 'application/json', given [*/*] and supported [application/json, application/*+json]
2025-07-02 01:11:43 - Writing [{data=com.banking.dto.TransactionResponse@3cecd5ef, success=true, message=交易创建成功}]
2025-07-02 01:11:43 - Mapped to com.banking.controller.TransactionController#createTransaction(TransactionRequest)
2025-07-02 01:11:43 - Read "application/json;charset=UTF-8" to [com.banking.dto.TransactionRequest@35d86695]
2025-07-02 01:11:43 - Using 'application/json', given [*/*] and supported [application/json, application/*+json]
2025-07-02 01:11:43 - Writing [{data=com.banking.dto.TransactionResponse@21769ad, success=true, message=交易创建成功}]
2025-07-02 01:11:43 - Mapped to com.banking.controller.TransactionController#createTransaction(TransactionRequest)
2025-07-02 01:11:43 - Read "application/json;charset=UTF-8" to [com.banking.dto.TransactionRequest@6403bd8c]
2025-07-02 01:11:43 - Using 'application/json', given [*/*] and supported [application/json, application/*+json]
2025-07-02 01:11:43 - Writing [{data=com.banking.dto.TransactionResponse@431d9bd0, success=true, message=交易创建成功}]
2025-07-02 01:11:43 - Mapped to com.banking.controller.TransactionController#createTransaction(TransactionRequest)
2025-07-02 01:11:43 - Read "application/json;charset=UTF-8" to [com.banking.dto.TransactionRequest@76506d5c]
2025-07-02 01:11:43 - Using 'application/json', given [*/*] and supported [application/json, application/*+json]
2025-07-02 01:11:43 - Writing [{data=com.banking.dto.TransactionResponse@77efaf86, success=true, message=交易创建成功}]
2025-07-02 01:11:43 - Mapped to com.banking.controller.TransactionController#createTransaction(TransactionRequest)
2025-07-02 01:11:43 - Read "application/json;charset=UTF-8" to [com.banking.dto.TransactionRequest@21521518]
2025-07-02 01:11:43 - Using 'application/json', given [*/*] and supported [application/json, application/*+json]
2025-07-02 01:11:43 - Writing [{data=com.banking.dto.TransactionResponse@7e7abc73, success=true, message=交易创建成功}]
2025-07-02 01:11:43 - Mapped to com.banking.controller.TransactionController#createTransaction(TransactionRequest)
2025-07-02 01:11:43 - Read "application/json;charset=UTF-8" to [com.banking.dto.TransactionRequest@4f3a622b]
2025-07-02 01:11:43 - Using 'application/json', given [*/*] and supported [application/json, application/*+json]
2025-07-02 01:11:43 - Writing [{data=com.banking.dto.TransactionResponse@2d1f1e5a, success=true, message=交易创建成功}]
2025-07-02 01:11:43 - Mapped to com.banking.controller.TransactionController#createTransaction(TransactionRequest)
2025-07-02 01:11:43 - Read "application/json;charset=UTF-8" to [com.banking.dto.TransactionRequest@28919d13]
2025-07-02 01:11:43 - Using 'application/json', given [*/*] and supported [application/json, application/*+json]
2025-07-02 01:11:43 - Writing [{data=com.banking.dto.TransactionResponse@1c3efcfd, success=true, message=交易创建成功}]
2025-07-02 01:11:43 - Mapped to com.banking.controller.TransactionController#createTransaction(TransactionRequest)
2025-07-02 01:11:43 - Read "application/json;charset=UTF-8" to [com.banking.dto.TransactionRequest@4b28a80]
2025-07-02 01:11:43 - Using 'application/json', given [*/*] and supported [application/json, application/*+json]
2025-07-02 01:11:43 - Writing [{data=com.banking.dto.TransactionResponse@3bcd15e2, success=true, message=交易创建成功}]
2025-07-02 01:11:43 - Mapped to com.banking.controller.TransactionController#createTransaction(TransactionRequest)
2025-07-02 01:11:43 - Read "application/json;charset=UTF-8" to [com.banking.dto.TransactionRequest@7bb3c0a3]
2025-07-02 01:11:43 - Using 'application/json', given [*/*] and supported [application/json, application/*+json]
2025-07-02 01:11:43 - Writing [{data=com.banking.dto.TransactionResponse@8c8bdc4, success=true, message=交易创建成功}]
2025-07-02 01:11:43 - Mapped to com.banking.controller.TransactionController#createTransaction(TransactionRequest)
2025-07-02 01:11:43 - Read "application/json;charset=UTF-8" to [com.banking.dto.TransactionRequest@561d0f60]
2025-07-02 01:11:43 - Using 'application/json', given [*/*] and supported [application/json, application/*+json]
2025-07-02 01:11:43 - Writing [{data=com.banking.dto.TransactionResponse@32cdb22f, success=true, message=交易创建成功}]
2025-07-02 01:11:43 - Mapped to com.banking.controller.TransactionController#createTransaction(TransactionRequest)
2025-07-02 01:11:43 - Read "application/json;charset=UTF-8" to [com.banking.dto.TransactionRequest@53d43bcd]
2025-07-02 01:11:43 - Using 'application/json', given [*/*] and supported [application/json, application/*+json]
2025-07-02 01:11:43 - Writing [{data=com.banking.dto.TransactionResponse@3e90bbfa, success=true, message=交易创建成功}]
2025-07-02 01:11:43 - Mapped to com.banking.controller.TransactionController#createTransaction(TransactionRequest)
2025-07-02 01:11:43 - Read "application/json;charset=UTF-8" to [com.banking.dto.TransactionRequest@6ac7dd2a]
2025-07-02 01:11:43 - Using 'application/json', given [*/*] and supported [application/json, application/*+json]
2025-07-02 01:11:43 - Writing [{data=com.banking.dto.TransactionResponse@64a7efee, success=true, message=交易创建成功}]
2025-07-02 01:11:43 - Mapped to com.banking.controller.TransactionController#createTransaction(TransactionRequest)
2025-07-02 01:11:43 - Read "application/json;charset=UTF-8" to [com.banking.dto.TransactionRequest@75d2124c]
2025-07-02 01:11:43 - Using 'application/json', given [*/*] and supported [application/json, application/*+json]
2025-07-02 01:11:43 - Writing [{data=com.banking.dto.TransactionResponse@3265fd80, success=true, message=交易创建成功}]
2025-07-02 01:11:43 - Mapped to com.banking.controller.TransactionController#createTransaction(TransactionRequest)
2025-07-02 01:11:43 - Read "application/json;charset=UTF-8" to [com.banking.dto.TransactionRequest@6b8d674c]
2025-07-02 01:11:43 - Using 'application/json', given [*/*] and supported [application/json, application/*+json]
2025-07-02 01:11:43 - Writing [{data=com.banking.dto.TransactionResponse@374ae143, success=true, message=交易创建成功}]
2025-07-02 01:11:43 - Mapped to com.banking.controller.TransactionController#createTransaction(TransactionRequest)
2025-07-02 01:11:43 - Read "application/json;charset=UTF-8" to [com.banking.dto.TransactionRequest@311b07f2]
2025-07-02 01:11:43 - Using 'application/json', given [*/*] and supported [application/json, application/*+json]
2025-07-02 01:11:43 - Writing [{data=com.banking.dto.TransactionResponse@67fe1a56, success=true, message=交易创建成功}]
2025-07-02 01:11:43 - Mapped to com.banking.controller.TransactionController#createTransaction(TransactionRequest)
2025-07-02 01:11:43 - Read "application/json;charset=UTF-8" to [com.banking.dto.TransactionRequest@143e5fb5]
2025-07-02 01:11:43 - Using 'application/json', given [*/*] and supported [application/json, application/*+json]
2025-07-02 01:11:43 - Writing [{data=com.banking.dto.TransactionResponse@7dab9354, success=true, message=交易创建成功}]
2025-07-02 01:11:43 - Mapped to com.banking.controller.TransactionController#createTransaction(TransactionRequest)
2025-07-02 01:11:43 - Read "application/json;charset=UTF-8" to [com.banking.dto.TransactionRequest@3e0849ba]
2025-07-02 01:11:43 - Using 'application/json', given [*/*] and supported [application/json, application/*+json]
2025-07-02 01:11:43 - Writing [{data=com.banking.dto.TransactionResponse@14ed8977, success=true, message=交易创建成功}]
2025-07-02 01:11:43 - Mapped to com.banking.controller.TransactionController#createTransaction(TransactionRequest)
2025-07-02 01:11:43 - Read "application/json;charset=UTF-8" to [com.banking.dto.TransactionRequest@3b02c24f]
2025-07-02 01:11:43 - Using 'application/json', given [*/*] and supported [application/json, application/*+json]
2025-07-02 01:11:43 - Writing [{data=com.banking.dto.TransactionResponse@6b26ed4, success=true, message=交易创建成功}]
2025-07-02 01:11:43 - Mapped to com.banking.controller.TransactionController#createTransaction(TransactionRequest)
2025-07-02 01:11:43 - Read "application/json;charset=UTF-8" to [com.banking.dto.TransactionRequest@3d62a55e]
2025-07-02 01:11:43 - Using 'application/json', given [*/*] and supported [application/json, application/*+json]
2025-07-02 01:11:43 - Writing [{data=com.banking.dto.TransactionResponse@a257aa0, success=true, message=交易创建成功}]
2025-07-02 01:11:43 - Mapped to com.banking.controller.TransactionController#createTransaction(TransactionRequest)
2025-07-02 01:11:43 - Mapped to com.banking.controller.TransactionController#getTransactions(int, int)
2025-07-02 01:11:43 - Mapped to com.banking.controller.TransactionController#createTransaction(TransactionRequest)
2025-07-02 01:11:43 - Mapped to com.banking.controller.TransactionController#getTransactions(int, int)
2025-07-02 01:11:43 - Mapped to com.banking.controller.TransactionController#createTransaction(TransactionRequest)
2025-07-02 01:11:43 - Mapped to com.banking.controller.TransactionController#getTransactions(int, int)
2025-07-02 01:11:43 - Mapped to com.banking.controller.TransactionController#createTransaction(TransactionRequest)
2025-07-02 01:11:43 - Read "application/json;charset=UTF-8" to [com.banking.dto.TransactionRequest@20ce37fc]
2025-07-02 01:11:43 - Read "application/json;charset=UTF-8" to [com.banking.dto.TransactionRequest@10885ff]
2025-07-02 01:11:43 - Mapped to com.banking.controller.TransactionController#createTransaction(TransactionRequest)
2025-07-02 01:11:43 - Mapped to com.banking.controller.TransactionController#getTransactions(int, int)
2025-07-02 01:11:43 - Mapped to com.banking.controller.TransactionController#createTransaction(TransactionRequest)
2025-07-02 01:11:43 - Mapped to com.banking.controller.TransactionController#getTransactions(int, int)
2025-07-02 01:11:43 - Read "application/json;charset=UTF-8" to [com.banking.dto.TransactionRequest@2a07caed]
2025-07-02 01:11:43 - Read "application/json;charset=UTF-8" to [com.banking.dto.TransactionRequest@28ebedec]
2025-07-02 01:11:43 - Mapped to com.banking.controller.TransactionController#createTransaction(TransactionRequest)
2025-07-02 01:11:43 - Read "application/json;charset=UTF-8" to [com.banking.dto.TransactionRequest@4ab48af4]
2025-07-02 01:11:43 - Read "application/json;charset=UTF-8" to [com.banking.dto.TransactionRequest@6e1f7e2f]
2025-07-02 01:11:43 - Mapped to com.banking.controller.TransactionController#getTransactions(int, int)
2025-07-02 01:11:43 - Read "application/json;charset=UTF-8" to [com.banking.dto.TransactionRequest@7e3e0451]
2025-07-02 01:11:43 - Mapped to com.banking.controller.TransactionController#getTransactions(int, int)
2025-07-02 01:11:43 - Mapped to com.banking.controller.TransactionController#getTransactions(int, int)
2025-07-02 01:11:43 - Mapped to com.banking.controller.TransactionController#createTransaction(TransactionRequest)
2025-07-02 01:11:43 - Mapped to com.banking.controller.TransactionController#createTransaction(TransactionRequest)
2025-07-02 01:11:43 - Mapped to com.banking.controller.TransactionController#getTransactions(int, int)
2025-07-02 01:11:43 - Mapped to com.banking.controller.TransactionController#createTransaction(TransactionRequest)
2025-07-02 01:11:43 - Using 'application/json', given [*/*] and supported [application/json, application/*+json]
2025-07-02 01:11:43 - Using 'application/json', given [*/*] and supported [application/json, application/*+json]
2025-07-02 01:11:43 - Writing [{data=com.banking.dto.TransactionResponse@2d90dbe9, success=true, message=交易创建成功}]
2025-07-02 01:11:43 - Using 'application/json', given [*/*] and supported [application/json, application/*+json]
2025-07-02 01:11:43 - Writing [{data=com.banking.dto.TransactionResponse@4ccb0909, success=true, message=交易创建成功}]
2025-07-02 01:11:43 - Writing [{data=com.banking.dto.TransactionResponse@5739906c, success=true, message=交易创建成功}]
2025-07-02 01:11:43 - Read "application/json;charset=UTF-8" to [com.banking.dto.TransactionRequest@153264fa]
2025-07-02 01:11:43 - Read "application/json;charset=UTF-8" to [com.banking.dto.TransactionRequest@72b703a7]
2025-07-02 01:11:43 - Read "application/json;charset=UTF-8" to [com.banking.dto.TransactionRequest@23154dbc]
2025-07-02 01:11:43 - Using 'application/json', given [*/*] and supported [application/json, application/*+json]
2025-07-02 01:11:43 - Writing [{data=com.banking.dto.TransactionResponse@62bdf9b0, success=true, message=交易创建成功}]
2025-07-02 01:11:43 - Mapped to com.banking.controller.TransactionController#getTransactions(int, int)
2025-07-02 01:11:43 - Mapped to com.banking.controller.TransactionController#getTransactions(int, int)
2025-07-02 01:11:43 - Using 'application/json', given [*/*] and supported [application/json, application/*+json]
2025-07-02 01:11:43 - Mapped to com.banking.controller.TransactionController#getTransactions(int, int)
2025-07-02 01:11:43 - Mapped to com.banking.controller.TransactionController#getTransactions(int, int)
2025-07-02 01:11:43 - Mapped to com.banking.controller.TransactionController#getTransactions(int, int)
2025-07-02 01:11:43 - Writing [{data=com.banking.dto.TransactionResponse@6837a9f9, success=true, message=交易创建成功}]
2025-07-02 01:11:43 - Mapped to com.banking.controller.TransactionController#getTransactions(int, int)
2025-07-02 01:11:43 - Mapped to com.banking.controller.TransactionController#getTransactions(int, int)
2025-07-02 01:11:43 - Using 'application/json', given [*/*] and supported [application/json, application/*+json]
2025-07-02 01:11:43 - Using 'application/json', given [*/*] and supported [application/json, application/*+json]
2025-07-02 01:11:43 - Writing [{data=com.banking.dto.TransactionResponse@39b7e868, success=true, message=交易创建成功}]
2025-07-02 01:11:43 - Mapped to com.banking.controller.TransactionController#createTransaction(TransactionRequest)
2025-07-02 01:11:43 - Using 'application/json', given [*/*] and supported [application/json, application/*+json]
2025-07-02 01:11:43 - Writing [{data=com.banking.dto.TransactionResponse@637f2a2b, success=true, message=交易创建成功}]
2025-07-02 01:11:43 - Mapped to com.banking.controller.TransactionController#createTransaction(TransactionRequest)
2025-07-02 01:11:43 - Mapped to com.banking.controller.TransactionController#getTransactions(int, int)
2025-07-02 01:11:43 - Mapped to com.banking.controller.TransactionController#getTransactions(int, int)
2025-07-02 01:11:43 - Read "application/json;charset=UTF-8" to [com.banking.dto.TransactionRequest@23055070]
2025-07-02 01:11:43 - Mapped to com.banking.controller.TransactionController#getTransactions(int, int)
2025-07-02 01:11:43 - Mapped to com.banking.controller.TransactionController#createTransaction(TransactionRequest)
2025-07-02 01:11:43 - Writing [{data=com.banking.dto.TransactionResponse@2b84a10a, success=true, message=交易创建成功}]
2025-07-02 01:11:43 - Mapped to com.banking.controller.TransactionController#createTransaction(TransactionRequest)
2025-07-02 01:11:43 - Mapped to com.banking.controller.TransactionController#getTransactions(int, int)
2025-07-02 01:11:43 - Read "application/json;charset=UTF-8" to [com.banking.dto.TransactionRequest@3182b058]
2025-07-02 01:11:43 - Read "application/json;charset=UTF-8" to [com.banking.dto.TransactionRequest@7935305b]
2025-07-02 01:11:43 - Read "application/json;charset=UTF-8" to [com.banking.dto.TransactionRequest@4459f36b]
2025-07-02 01:11:43 - Mapped to com.banking.controller.TransactionController#getTransactions(int, int)
2025-07-02 01:11:43 - Mapped to com.banking.controller.TransactionController#getTransactions(int, int)
2025-07-02 01:11:43 - Mapped to com.banking.controller.TransactionController#getTransactions(int, int)
2025-07-02 01:11:43 - Mapped to com.banking.controller.TransactionController#getTransactions(int, int)
2025-07-02 01:11:43 - Mapped to com.banking.controller.TransactionController#createTransaction(TransactionRequest)
2025-07-02 01:11:43 - Mapped to com.banking.controller.TransactionController#createTransaction(TransactionRequest)
2025-07-02 01:11:43 - Mapped to com.banking.controller.TransactionController#createTransaction(TransactionRequest)
2025-07-02 01:11:43 - Mapped to com.banking.controller.TransactionController#getTransactions(int, int)
2025-07-02 01:11:43 - Read "application/json;charset=UTF-8" to [com.banking.dto.TransactionRequest@4e4b7f13]
2025-07-02 01:11:43 - Read "application/json;charset=UTF-8" to [com.banking.dto.TransactionRequest@15544d3]
2025-07-02 01:11:43 - Read "application/json;charset=UTF-8" to [com.banking.dto.TransactionRequest@7e48a62e]
2025-07-02 01:11:43 - Using 'application/json', given [*/*] and supported [application/json, application/*+json]
2025-07-02 01:11:43 - Writing [{data=com.banking.dto.TransactionResponse@376ad39d, success=true, message=交易创建成功}]
2025-07-02 01:11:43 - Mapped to com.banking.controller.TransactionController#createTransaction(TransactionRequest)
2025-07-02 01:11:43 - Mapped to com.banking.controller.TransactionController#getTransactions(int, int)
2025-07-02 01:11:43 - Mapped to com.banking.controller.TransactionController#createTransaction(TransactionRequest)
2025-07-02 01:11:43 - Mapped to com.banking.controller.TransactionController#getTransactions(int, int)
2025-07-02 01:11:43 - Read "application/json;charset=UTF-8" to [com.banking.dto.TransactionRequest@4fb7f546]
2025-07-02 01:11:43 - Using 'application/json', given [*/*] and supported [application/json, application/*+json]
2025-07-02 01:11:43 - Writing [{data=com.banking.dto.TransactionResponse@483ea05d, success=true, message=交易创建成功}]
2025-07-02 01:11:43 - Mapped to com.banking.controller.TransactionController#getTransactions(int, int)
2025-07-02 01:11:43 - Mapped to com.banking.controller.TransactionController#getTransactions(int, int)
2025-07-02 01:11:43 - Mapped to com.banking.controller.TransactionController#createTransaction(TransactionRequest)
2025-07-02 01:11:43 - Read "application/json;charset=UTF-8" to [com.banking.dto.TransactionRequest@7fd210b7]
2025-07-02 01:11:43 - Mapped to com.banking.controller.TransactionController#createTransaction(TransactionRequest)
2025-07-02 01:11:43 - Mapped to com.banking.controller.TransactionController#getTransactions(int, int)
2025-07-02 01:11:43 - Read "application/json;charset=UTF-8" to [com.banking.dto.TransactionRequest@2e6f697a]
2025-07-02 01:11:43 - Read "application/json;charset=UTF-8" to [com.banking.dto.TransactionRequest@48aebce6]
2025-07-02 01:11:43 - Mapped to com.banking.controller.TransactionController#createTransaction(TransactionRequest)
2025-07-02 01:11:43 - Mapped to com.banking.controller.TransactionController#createTransaction(TransactionRequest)
2025-07-02 01:11:43 - Using 'application/json', given [*/*] and supported [application/json, application/*+json]
2025-07-02 01:11:43 - Writing [{data=com.banking.dto.TransactionResponse@2c89bb0d, success=true, message=交易创建成功}]
2025-07-02 01:11:43 - Read "application/json;charset=UTF-8" to [com.banking.dto.TransactionRequest@6f05b48b]
2025-07-02 01:11:43 - Read "application/json;charset=UTF-8" to [com.banking.dto.TransactionRequest@6cb19b64]
2025-07-02 01:11:43 - Mapped to com.banking.controller.TransactionController#getTransactions(int, int)
2025-07-02 01:11:43 - Mapped to com.banking.controller.TransactionController#getTransactions(int, int)
2025-07-02 01:11:43 - Mapped to com.banking.controller.TransactionController#getTransactions(int, int)
2025-07-02 01:11:43 - Mapped to com.banking.controller.TransactionController#createTransaction(TransactionRequest)
2025-07-02 01:11:43 - Mapped to com.banking.controller.TransactionController#getTransactions(int, int)
2025-07-02 01:11:43 - Mapped to com.banking.controller.TransactionController#getTransactions(int, int)
2025-07-02 01:11:43 - Read "application/json;charset=UTF-8" to [com.banking.dto.TransactionRequest@230a1179]
2025-07-02 01:11:43 - Mapped to com.banking.controller.TransactionController#getTransactions(int, int)
2025-07-02 01:11:43 - Mapped to com.banking.controller.TransactionController#createTransaction(TransactionRequest)
2025-07-02 01:11:43 - Read "application/json;charset=UTF-8" to [com.banking.dto.TransactionRequest@6df7bded]
2025-07-02 01:11:43 - Mapped to com.banking.controller.TransactionController#getTransactions(int, int)
2025-07-02 01:11:43 - Mapped to com.banking.controller.TransactionController#getTransactions(int, int)
2025-07-02 01:11:43 - Mapped to com.banking.controller.TransactionController#createTransaction(TransactionRequest)
2025-07-02 01:11:43 - Mapped to com.banking.controller.TransactionController#createTransaction(TransactionRequest)
2025-07-02 01:11:43 - Using 'application/json', given [*/*] and supported [application/json, application/*+json]
2025-07-02 01:11:43 - Mapped to com.banking.controller.TransactionController#createTransaction(TransactionRequest)
2025-07-02 01:11:43 - Mapped to com.banking.controller.TransactionController#createTransaction(TransactionRequest)
2025-07-02 01:11:43 - Writing [{pagination={totalPages=108, size=10, total=1078, page=0}, data=[com.banking.dto.TransactionResponse (truncated)...]
2025-07-02 01:11:43 - Read "application/json;charset=UTF-8" to [com.banking.dto.TransactionRequest@623d20c1]
2025-07-02 01:11:43 - Using 'application/json', given [*/*] and supported [application/json, application/*+json]
2025-07-02 01:11:43 - Writing [{pagination={totalPages=107, size=10, total=1070, page=0}, data=[com.banking.dto.TransactionResponse (truncated)...]
2025-07-02 01:11:43 - Read "application/json;charset=UTF-8" to [com.banking.dto.TransactionRequest@1e2c5e17]
2025-07-02 01:11:43 - Mapped to com.banking.controller.TransactionController#createTransaction(TransactionRequest)
2025-07-02 01:11:43 - Mapped to com.banking.controller.TransactionController#getTransactions(int, int)
2025-07-02 01:11:43 - Mapped to com.banking.controller.TransactionController#getTransactions(int, int)
2025-07-02 01:11:43 - Read "application/json;charset=UTF-8" to [com.banking.dto.TransactionRequest@d8aa186]
2025-07-02 01:11:43 - Read "application/json;charset=UTF-8" to [com.banking.dto.TransactionRequest@6712e140]
2025-07-02 01:11:43 - Read "application/json;charset=UTF-8" to [com.banking.dto.TransactionRequest@93bd412]
2025-07-02 01:11:43 - Mapped to com.banking.controller.TransactionController#getStatistics()
2025-07-02 01:11:43 - Mapped to com.banking.controller.TransactionController#getStatistics()
2025-07-02 01:11:43 - Using 'application/json', given [*/*] and supported [application/json, application/*+json]
2025-07-02 01:11:43 - Writing [{pagination={totalPages=108, size=10, total=1078, page=0}, data=[com.banking.dto.TransactionResponse (truncated)...]
2025-07-02 01:11:43 - Using 'application/json', given [*/*] and supported [application/json, application/*+json]
2025-07-02 01:11:43 - Using 'application/json', given [*/*] and supported [application/json, application/*+json]
2025-07-02 01:11:43 - Writing [{pagination={totalPages=108, size=10, total=1078, page=0}, data=[com.banking.dto.TransactionResponse (truncated)...]
2025-07-02 01:11:43 - Writing [{pagination={totalPages=109, size=10, total=1081, page=0}, data=[com.banking.dto.TransactionResponse (truncated)...]
2025-07-02 01:11:43 - Mapped to com.banking.controller.TransactionController#getTransactions(int, int)
2025-07-02 01:11:43 - Mapped to com.banking.controller.TransactionController#getStatistics()
2025-07-02 01:11:43 - Mapped to com.banking.controller.TransactionController#getStatistics()
2025-07-02 01:11:43 - Mapped to com.banking.controller.TransactionController#getTransactions(int, int)
2025-07-02 01:11:43 - Mapped to com.banking.controller.TransactionController#getStatistics()
2025-07-02 01:11:43 - Mapped to com.banking.controller.TransactionController#createTransaction(TransactionRequest)
2025-07-02 01:11:43 - Using 'application/json', given [*/*] and supported [application/json, application/*+json]
2025-07-02 01:11:43 - Using 'application/json', given [*/*] and supported [application/json, application/*+json]
2025-07-02 01:11:43 - Writing [{data=com.banking.dto.TransactionResponse@71df2817, success=true, message=交易创建成功}]
2025-07-02 01:11:43 - Read "application/json;charset=UTF-8" to [com.banking.dto.TransactionRequest@426fff19]
2025-07-02 01:11:43 - Mapped to com.banking.controller.TransactionController#createTransaction(TransactionRequest)
2025-07-02 01:11:43 - Mapped to com.banking.controller.TransactionController#getTransactions(int, int)
2025-07-02 01:11:43 - Mapped to com.banking.controller.TransactionController#getTransactions(int, int)
2025-07-02 01:11:43 - Mapped to com.banking.controller.TransactionController#getTransactions(int, int)
2025-07-02 01:11:43 - Read "application/json;charset=UTF-8" to [com.banking.dto.TransactionRequest@7ec77d31]
2025-07-02 01:11:43 - Writing [{pagination={totalPages=107, size=10, total=1070, page=0}, data=[com.banking.dto.TransactionResponse (truncated)...]
2025-07-02 01:11:43 - Mapped to com.banking.controller.TransactionController#getTransactions(int, int)
2025-07-02 01:11:43 - Mapped to com.banking.controller.TransactionController#getStatistics()
2025-07-02 01:11:43 - Mapped to com.banking.controller.TransactionController#createTransaction(TransactionRequest)
2025-07-02 01:11:43 - Read "application/json;charset=UTF-8" to [com.banking.dto.TransactionRequest@4f388cba]
2025-07-02 01:11:43 - Using 'application/json', given [*/*] and supported [application/json, application/*+json]
2025-07-02 01:11:43 - Mapped to com.banking.controller.TransactionController#createTransaction(TransactionRequest)
2025-07-02 01:11:43 - Writing [{data=com.banking.dto.TransactionResponse@3959e608, success=true, message=交易创建成功}]
2025-07-02 01:11:43 - Using 'application/json', given [*/*] and supported [application/json, application/*+json]
2025-07-02 01:11:43 - Writing [{pagination={totalPages=107, size=10, total=1070, page=0}, data=[com.banking.dto.TransactionResponse (truncated)...]
2025-07-02 01:11:43 - Mapped to com.banking.controller.TransactionController#getTransactions(int, int)
2025-07-02 01:11:43 - Using 'application/json', given [*/*] and supported [application/json, application/*+json]
2025-07-02 01:11:43 - Writing [{pagination={totalPages=108, size=10, total=1075, page=0}, data=[com.banking.dto.TransactionResponse (truncated)...]
2025-07-02 01:11:43 - Mapped to com.banking.controller.TransactionController#getStatistics()
2025-07-02 01:11:43 - Mapped to com.banking.controller.TransactionController#createTransaction(TransactionRequest)
2025-07-02 01:11:43 - Mapped to com.banking.controller.TransactionController#getTransactions(int, int)
2025-07-02 01:11:43 - Mapped to com.banking.controller.TransactionController#getTransactions(int, int)
2025-07-02 01:11:43 - Using 'application/json', given [*/*] and supported [application/json, application/*+json]
2025-07-02 01:11:43 - Writing [{pagination={totalPages=109, size=10, total=1081, page=0}, data=[com.banking.dto.TransactionResponse (truncated)...]
2025-07-02 01:11:43 - Read "application/json;charset=UTF-8" to [com.banking.dto.TransactionRequest@20ef11b5]
2025-07-02 01:11:43 - Mapped to com.banking.controller.TransactionController#createTransaction(TransactionRequest)
2025-07-02 01:11:43 - Mapped to com.banking.controller.TransactionController#getTransactions(int, int)
2025-07-02 01:11:43 - Using 'application/json', given [*/*] and supported [application/json, application/*+json]
2025-07-02 01:11:43 - Writing [{pagination={totalPages=107, size=10, total=1070, page=0}, data=[com.banking.dto.TransactionResponse (truncated)...]
2025-07-02 01:11:43 - Using 'application/json', given [*/*] and supported [application/json, application/*+json]
2025-07-02 01:11:43 - Mapped to com.banking.controller.TransactionController#getStatistics()
2025-07-02 01:11:43 - Mapped to com.banking.controller.TransactionController#createTransaction(TransactionRequest)
2025-07-02 01:11:43 - Writing [{pagination={totalPages=107, size=10, total=1070, page=0}, data=[com.banking.dto.TransactionResponse (truncated)...]
2025-07-02 01:11:43 - Read "application/json;charset=UTF-8" to [com.banking.dto.TransactionRequest@7e5889cc]
2025-07-02 01:11:43 - Read "application/json;charset=UTF-8" to [com.banking.dto.TransactionRequest@79f39cc2]
2025-07-02 01:11:43 - Read "application/json;charset=UTF-8" to [com.banking.dto.TransactionRequest@482d37d9]
2025-07-02 01:11:43 - Mapped to com.banking.controller.TransactionController#getStatistics()
2025-07-02 01:11:43 - Mapped to com.banking.controller.TransactionController#getTransactions(int, int)
2025-07-02 01:11:43 - Mapped to com.banking.controller.TransactionController#getStatistics()
2025-07-02 01:11:43 - Using 'application/json', given [*/*] and supported [application/json, application/*+json]
2025-07-02 01:11:43 - Using 'application/json', given [*/*] and supported [application/json, application/*+json]
2025-07-02 01:11:43 - Writing [{data={totalTransactions=1083, transactionTypes=[Lcom.banking.model.TransactionType;@6fd212ec}, succ (truncated)...]
2025-07-02 01:11:43 - Mapped to com.banking.controller.TransactionController#createTransaction(TransactionRequest)
2025-07-02 01:11:43 - Writing [{data=com.banking.dto.TransactionResponse@6b0623c8, success=true, message=交易创建成功}]
2025-07-02 01:11:43 - Using 'application/json', given [*/*] and supported [application/json, application/*+json]
2025-07-02 01:11:43 - Using 'application/json', given [*/*] and supported [application/json, application/*+json]
2025-07-02 01:11:43 - Mapped to com.banking.controller.TransactionController#getTransactions(int, int)
2025-07-02 01:11:43 - Writing [{pagination={totalPages=109, size=10, total=1081, page=0}, data=[com.banking.dto.TransactionResponse (truncated)...]
2025-07-02 01:11:43 - Writing [{data=com.banking.dto.TransactionResponse@f2946e, success=true, message=交易创建成功}]
2025-07-02 01:11:43 - Mapped to com.banking.controller.TransactionController#getTransactionsByType(TransactionType)
2025-07-02 01:11:43 - Read "application/json;charset=UTF-8" to [com.banking.dto.TransactionRequest@6ef1ecbd]
2025-07-02 01:11:43 - Mapped to com.banking.controller.TransactionController#getTransactions(int, int)
2025-07-02 01:11:43 - Mapped to com.banking.controller.TransactionController#getStatistics()
2025-07-02 01:11:43 - Using 'application/json', given [*/*] and supported [application/json, application/*+json]
2025-07-02 01:11:43 - Writing [{data=com.banking.dto.TransactionResponse@7a4cd06d, success=true, message=交易创建成功}]
2025-07-02 01:11:43 - Using 'application/json', given [*/*] and supported [application/json, application/*+json]
2025-07-02 01:11:43 - Writing [{pagination={totalPages=109, size=10, total=1081, page=0}, data=[com.banking.dto.TransactionResponse (truncated)...]
2025-07-02 01:11:43 - Using 'application/json', given [*/*] and supported [application/json, application/*+json]
2025-07-02 01:11:43 - Writing [{data={totalTransactions=1086, transactionTypes=[Lcom.banking.model.TransactionType;@4383460d}, succ (truncated)...]
2025-07-02 01:11:43 - Mapped to com.banking.controller.TransactionController#getTransactions(int, int)
2025-07-02 01:11:43 - Mapped to com.banking.controller.TransactionController#getStatistics()
2025-07-02 01:11:43 - Mapped to com.banking.controller.TransactionController#getTransactionsByType(TransactionType)
2025-07-02 01:11:43 - Mapped to com.banking.controller.TransactionController#getStatistics()
2025-07-02 01:11:43 - Using 'application/json', given [*/*] and supported [application/json, application/*+json]
2025-07-02 01:11:43 - Using 'application/json', given [*/*] and supported [application/json, application/*+json]
2025-07-02 01:11:43 - Writing [{pagination={totalPages=109, size=10, total=1083, page=0}, data=[com.banking.dto.TransactionResponse (truncated)...]
2025-07-02 01:11:43 - Writing [{pagination={totalPages=109, size=10, total=1082, page=0}, data=[com.banking.dto.TransactionResponse (truncated)...]
2025-07-02 01:11:43 - Using 'application/json', given [*/*] and supported [application/json, application/*+json]
2025-07-02 01:11:43 - Writing [{data={totalTransactions=1086, transactionTypes=[Lcom.banking.model.TransactionType;@4d61f56a}, succ (truncated)...]
2025-07-02 01:11:43 - Using 'application/json', given [*/*] and supported [application/json, application/*+json]
2025-07-02 01:11:43 - Writing [{data=com.banking.dto.TransactionResponse@67525da, success=true, message=交易创建成功}]
2025-07-02 01:11:43 - Mapped to com.banking.controller.TransactionController#getStatistics()
2025-07-02 01:11:43 - Mapped to com.banking.controller.TransactionController#getTransactions(int, int)
2025-07-02 01:11:43 - Mapped to com.banking.controller.TransactionController#getStatistics()
2025-07-02 01:11:43 - Mapped to com.banking.controller.TransactionController#getTransactions(int, int)
2025-07-02 01:11:43 - Using 'application/json', given [*/*] and supported [application/json, application/*+json]
2025-07-02 01:11:43 - Writing [{data=com.banking.dto.TransactionResponse@565921b3, success=true, message=交易创建成功}]
2025-07-02 01:11:43 - Mapped to com.banking.controller.TransactionController#getTransactions(int, int)
2025-07-02 01:11:43 - Mapped to com.banking.controller.TransactionController#getTransactionsByType(TransactionType)
2025-07-02 01:11:43 - Using 'application/json', given [*/*] and supported [application/json, application/*+json]
2025-07-02 01:11:43 - Writing [{pagination={totalPages=109, size=10, total=1085, page=0}, data=[com.banking.dto.TransactionResponse (truncated)...]
2025-07-02 01:11:43 - Mapped to com.banking.controller.TransactionController#createTransaction(TransactionRequest)
2025-07-02 01:11:43 - Mapped to com.banking.controller.TransactionController#createTransaction(TransactionRequest)
2025-07-02 01:11:43 - Read "application/json;charset=UTF-8" to [com.banking.dto.TransactionRequest@1d7d6a03]
2025-07-02 01:11:43 - Using 'application/json', given [*/*] and supported [application/json, application/*+json]
2025-07-02 01:11:43 - Mapped to com.banking.controller.TransactionController#getStatistics()
2025-07-02 01:11:43 - Writing [{pagination={totalPages=109, size=10, total=1082, page=0}, data=[com.banking.dto.TransactionResponse (truncated)...]
2025-07-02 01:11:43 - Mapped to com.banking.controller.TransactionController#getTransactions(int, int)
2025-07-02 01:11:43 - Mapped to com.banking.controller.TransactionController#getTransactions(int, int)
2025-07-02 01:11:43 - Read "application/json;charset=UTF-8" to [com.banking.dto.TransactionRequest@79a41baa]
2025-07-02 01:11:43 - Mapped to com.banking.controller.TransactionController#createTransaction(TransactionRequest)
2025-07-02 01:11:43 - Using 'application/json', given [*/*] and supported [application/json, application/*+json]
2025-07-02 01:11:43 - Writing [{pagination={totalPages=109, size=10, total=1083, page=0}, data=[com.banking.dto.TransactionResponse (truncated)...]
2025-07-02 01:11:43 - Read "application/json;charset=UTF-8" to [com.banking.dto.TransactionRequest@55f3d2dd]
2025-07-02 01:11:43 - Mapped to com.banking.controller.TransactionController#getStatistics()
2025-07-02 01:11:43 - Using 'application/json', given [*/*] and supported [application/json, application/*+json]
2025-07-02 01:11:43 - Mapped to com.banking.controller.TransactionController#getStatistics()
2025-07-02 01:11:43 - Using 'application/json', given [*/*] and supported [application/json, application/*+json]
2025-07-02 01:11:43 - Writing [{data=com.banking.dto.TransactionResponse@3b95cf3, success=true, message=交易创建成功}]
2025-07-02 01:11:43 - Mapped to com.banking.controller.TransactionController#createTransaction(TransactionRequest)
2025-07-02 01:11:43 - Writing [{pagination={totalPages=109, size=10, total=1086, page=0}, data=[com.banking.dto.TransactionResponse (truncated)...]
2025-07-02 01:11:43 - Mapped to com.banking.controller.TransactionController#getTransactions(int, int)
2025-07-02 01:11:43 - Using 'application/json', given [*/*] and supported [application/json, application/*+json]
2025-07-02 01:11:43 - Writing [{data=com.banking.dto.TransactionResponse@684d9b29, success=true, message=交易创建成功}]
2025-07-02 01:11:43 - Mapped to com.banking.controller.TransactionController#getTransactions(int, int)
2025-07-02 01:11:43 - Read "application/json;charset=UTF-8" to [com.banking.dto.TransactionRequest@52f91279]
2025-07-02 01:11:43 - Mapped to com.banking.controller.TransactionController#getTransactions(int, int)
2025-07-02 01:11:43 - Using 'application/json', given [*/*] and supported [application/json, application/*+json]
2025-07-02 01:11:43 - Using 'application/json', given [*/*] and supported [application/json, application/*+json]
2025-07-02 01:11:43 - Writing [{pagination={totalPages=109, size=10, total=1087, page=0}, data=[com.banking.dto.TransactionResponse (truncated)...]
2025-07-02 01:11:43 - Writing [{pagination={totalPages=109, size=10, total=1086, page=0}, data=[com.banking.dto.TransactionResponse (truncated)...]
2025-07-02 01:11:43 - Using 'application/json', given [*/*] and supported [application/json, application/*+json]
2025-07-02 01:11:43 - Mapped to com.banking.controller.TransactionController#createTransaction(TransactionRequest)
2025-07-02 01:11:43 - Mapped to com.banking.controller.TransactionController#getStatistics()
2025-07-02 01:11:43 - Writing [{pagination={totalPages=109, size=10, total=1087, page=0}, data=[com.banking.dto.TransactionResponse (truncated)...]
2025-07-02 01:11:43 - Mapped to com.banking.controller.TransactionController#getTransactions(int, int)
2025-07-02 01:11:43 - Using 'application/json', given [*/*] and supported [application/json, application/*+json]
2025-07-02 01:11:43 - Mapped to com.banking.controller.TransactionController#getStatistics()
2025-07-02 01:11:43 - Writing [{pagination={totalPages=109, size=10, total=1088, page=0}, data=[com.banking.dto.TransactionResponse (truncated)...]
2025-07-02 01:11:43 - Read "application/json;charset=UTF-8" to [com.banking.dto.TransactionRequest@20c91102]
2025-07-02 01:11:43 - Using 'application/json', given [*/*] and supported [application/json, application/*+json]
2025-07-02 01:11:43 - Writing [{data=com.banking.dto.TransactionResponse@3e355dd1, success=true, message=交易创建成功}]
2025-07-02 01:11:43 - Mapped to com.banking.controller.TransactionController#getStatistics()
2025-07-02 01:11:43 - Using 'application/json', given [*/*] and supported [application/json, application/*+json]
2025-07-02 01:11:43 - Writing [{data=com.banking.dto.TransactionResponse@1f687909, success=true, message=交易创建成功}]
2025-07-02 01:11:43 - Mapped to com.banking.controller.TransactionController#getStatistics()
2025-07-02 01:11:43 - Mapped to com.banking.controller.TransactionController#getTransactions(int, int)
2025-07-02 01:11:43 - Using 'application/json', given [*/*] and supported [application/json, application/*+json]
2025-07-02 01:11:43 - Writing [{data={totalTransactions=1092, transactionTypes=[Lcom.banking.model.TransactionType;@33f5e171}, succ (truncated)...]
2025-07-02 01:11:43 - Mapped to com.banking.controller.TransactionController#getTransactions(int, int)
2025-07-02 01:11:43 - Using 'application/json', given [*/*] and supported [application/json, application/*+json]
2025-07-02 01:11:43 - Writing [{pagination={totalPages=109, size=10, total=1087, page=0}, data=[com.banking.dto.TransactionResponse (truncated)...]
2025-07-02 01:11:43 - Using 'application/json', given [*/*] and supported [application/json, application/*+json]
2025-07-02 01:11:43 - Writing [{pagination={totalPages=109, size=10, total=1088, page=0}, data=[com.banking.dto.TransactionResponse (truncated)...]
2025-07-02 01:11:43 - Mapped to com.banking.controller.TransactionController#getTransactionsByType(TransactionType)
2025-07-02 01:11:43 - Mapped to com.banking.controller.TransactionController#getStatistics()
2025-07-02 01:11:43 - Mapped to com.banking.controller.TransactionController#getStatistics()
2025-07-02 01:11:43 - Mapped to com.banking.controller.TransactionController#getStatistics()
2025-07-02 01:11:43 - Mapped to com.banking.controller.TransactionController#getTransactions(int, int)
2025-07-02 01:11:43 - Using 'application/json', given [*/*] and supported [application/json, application/*+json]
2025-07-02 01:11:43 - Mapped to com.banking.controller.TransactionController#getTransactions(int, int)
2025-07-02 01:11:43 - Writing [{pagination={totalPages=109, size=10, total=1090, page=0}, data=[com.banking.dto.TransactionResponse (truncated)...]
2025-07-02 01:11:43 - Mapped to com.banking.controller.TransactionController#getStatistics()
2025-07-02 01:11:43 - Mapped to com.banking.controller.TransactionController#createTransaction(TransactionRequest)
2025-07-02 01:11:43 - Mapped to com.banking.controller.TransactionController#createTransaction(TransactionRequest)
2025-07-02 01:11:43 - Using 'application/json', given [*/*] and supported [application/json, application/*+json]
2025-07-02 01:11:43 - Writing [{data=com.banking.dto.TransactionResponse@2e6c4401, success=true, message=交易创建成功}]
2025-07-02 01:11:43 - Read "application/json;charset=UTF-8" to [com.banking.dto.TransactionRequest@67d962a5]
2025-07-02 01:11:43 - Mapped to com.banking.controller.TransactionController#getTransactions(int, int)
2025-07-02 01:11:43 - Read "application/json;charset=UTF-8" to [com.banking.dto.TransactionRequest@39a9c007]
2025-07-02 01:11:43 - Using 'application/json', given [*/*] and supported [application/json, application/*+json]
2025-07-02 01:11:43 - Writing [{data=com.banking.dto.TransactionResponse@586a5c70, success=true, message=交易创建成功}]
2025-07-02 01:11:43 - Using 'application/json', given [*/*] and supported [application/json, application/*+json]
2025-07-02 01:11:43 - Writing [{pagination={totalPages=109, size=10, total=1090, page=0}, data=[com.banking.dto.TransactionResponse (truncated)...]
2025-07-02 01:11:43 - Mapped to com.banking.controller.TransactionController#getTransactions(int, int)
2025-07-02 01:11:43 - Using 'application/json', given [*/*] and supported [application/json, application/*+json]
2025-07-02 01:11:43 - Writing [{pagination={totalPages=110, size=10, total=1092, page=0}, data=[com.banking.dto.TransactionResponse (truncated)...]
2025-07-02 01:11:43 - Mapped to com.banking.controller.TransactionController#getStatistics()
2025-07-02 01:11:43 - Mapped to com.banking.controller.TransactionController#createTransaction(TransactionRequest)
2025-07-02 01:11:43 - Using 'application/json', given [*/*] and supported [application/json, application/*+json]
2025-07-02 01:11:43 - Writing [{pagination={totalPages=110, size=10, total=1091, page=0}, data=[com.banking.dto.TransactionResponse (truncated)...]
2025-07-02 01:11:43 - Read "application/json;charset=UTF-8" to [com.banking.dto.TransactionRequest@59b5d7bd]
2025-07-02 01:11:43 - Mapped to com.banking.controller.TransactionController#getStatistics()
2025-07-02 01:11:43 - Mapped to com.banking.controller.TransactionController#getStatistics()
2025-07-02 01:11:43 - Using 'application/json', given [*/*] and supported [application/json, application/*+json]
2025-07-02 01:11:43 - Writing [{pagination={totalPages=110, size=10, total=1092, page=0}, data=[com.banking.dto.TransactionResponse (truncated)...]
2025-07-02 01:11:43 - Using 'application/json', given [*/*] and supported [application/json, application/*+json]
2025-07-02 01:11:43 - Writing [{data=com.banking.dto.TransactionResponse@7ade0aa0, success=true, message=交易创建成功}]
2025-07-02 01:11:43 - Using 'application/json', given [*/*] and supported [application/json, application/*+json]
2025-07-02 01:11:43 - Using 'application/json', given [*/*] and supported [application/json, application/*+json]
2025-07-02 01:11:43 - Writing [{data=com.banking.dto.TransactionResponse@3d19f2d7, success=true, message=交易创建成功}]
2025-07-02 01:11:43 - Writing [{pagination={totalPages=110, size=10, total=1092, page=0}, data=[com.banking.dto.TransactionResponse (truncated)...]
2025-07-02 01:11:43 - Mapped to com.banking.controller.TransactionController#getStatistics()
2025-07-02 01:11:43 - Mapped to com.banking.controller.TransactionController#getStatistics()
2025-07-02 01:11:43 - Using 'application/json', given [*/*] and supported [application/json, application/*+json]
2025-07-02 01:11:43 - Mapped to com.banking.controller.TransactionController#getTransactions(int, int)
2025-07-02 01:11:43 - Writing [{data={totalTransactions=1096, transactionTypes=[Lcom.banking.model.TransactionType;@38bbcd0b}, succ (truncated)...]
2025-07-02 01:11:43 - Using 'application/json', given [*/*] and supported [application/json, application/*+json]
2025-07-02 01:11:43 - Writing [{pagination={totalPages=110, size=10, total=1092, page=0}, data=[com.banking.dto.TransactionResponse (truncated)...]
2025-07-02 01:11:43 - Using 'application/json', given [*/*] and supported [application/json, application/*+json]
2025-07-02 01:11:43 - Mapped to com.banking.controller.TransactionController#getTransactionsByType(TransactionType)
2025-07-02 01:11:43 - Mapped to com.banking.controller.TransactionController#createTransaction(TransactionRequest)
2025-07-02 01:11:43 - Mapped to com.banking.controller.TransactionController#getTransactions(int, int)
2025-07-02 01:11:43 - Read "application/json;charset=UTF-8" to [com.banking.dto.TransactionRequest@2c08e503]
2025-07-02 01:11:43 - Writing [{data={totalTransactions=1096, transactionTypes=[Lcom.banking.model.TransactionType;@4810c132}, succ (truncated)...]
2025-07-02 01:11:43 - Using 'application/json', given [*/*] and supported [application/json, application/*+json]
2025-07-02 01:11:43 - Mapped to com.banking.controller.TransactionController#getTransactions(int, int)
2025-07-02 01:11:43 - Mapped to com.banking.controller.TransactionController#getStatistics()
2025-07-02 01:11:43 - Using 'application/json', given [*/*] and supported [application/json, application/*+json]
2025-07-02 01:11:43 - Writing [{data={totalTransactions=1097, transactionTypes=[Lcom.banking.model.TransactionType;@43868a4d}, succ (truncated)...]
2025-07-02 01:11:43 - Using 'application/json', given [*/*] and supported [application/json, application/*+json]
2025-07-02 01:11:43 - Writing [{pagination={totalPages=110, size=10, total=1094, page=0}, data=[com.banking.dto.TransactionResponse (truncated)...]
2025-07-02 01:11:43 - Writing [{pagination={totalPages=110, size=10, total=1092, page=0}, data=[com.banking.dto.TransactionResponse (truncated)...]
2025-07-02 01:11:43 - Using 'application/json', given [*/*] and supported [application/json, application/*+json]
2025-07-02 01:11:43 - Writing [{data=com.banking.dto.TransactionResponse@46877f3d, success=true, message=交易创建成功}]
2025-07-02 01:11:43 - Mapped to com.banking.controller.TransactionController#getTransactions(int, int)
2025-07-02 01:11:43 - Mapped to com.banking.controller.TransactionController#getStatistics()
2025-07-02 01:11:43 - Mapped to com.banking.controller.TransactionController#getTransactionsByType(TransactionType)
2025-07-02 01:11:43 - Using 'application/json', given [*/*] and supported [application/json, application/*+json]
2025-07-02 01:11:43 - Writing [{pagination={totalPages=110, size=10, total=1094, page=0}, data=[com.banking.dto.TransactionResponse (truncated)...]
2025-07-02 01:11:43 - Mapped to com.banking.controller.TransactionController#getTransactions(int, int)
2025-07-02 01:11:43 - Mapped to com.banking.controller.TransactionController#createTransaction(TransactionRequest)
2025-07-02 01:11:43 - Using 'application/json', given [*/*] and supported [application/json, application/*+json]
2025-07-02 01:11:43 - Writing [{data=com.banking.dto.TransactionResponse@429ab90, success=true, message=交易创建成功}]
2025-07-02 01:11:43 - Using 'application/json', given [*/*] and supported [application/json, application/*+json]
2025-07-02 01:11:43 - Writing [{pagination={totalPages=110, size=10, total=1096, page=0}, data=[com.banking.dto.TransactionResponse (truncated)...]
2025-07-02 01:11:43 - Mapped to com.banking.controller.TransactionController#getTransactionsByType(TransactionType)
2025-07-02 01:11:43 - Using 'application/json', given [*/*] and supported [application/json, application/*+json]
2025-07-02 01:11:43 - Writing [{data={totalTransactions=1097, transactionTypes=[Lcom.banking.model.TransactionType;@477881d6}, succ (truncated)...]
2025-07-02 01:11:43 - Read "application/json;charset=UTF-8" to [com.banking.dto.TransactionRequest@2eec8f8c]
2025-07-02 01:11:43 - Mapped to com.banking.controller.TransactionController#createTransaction(TransactionRequest)
2025-07-02 01:11:43 - Mapped to com.banking.controller.TransactionController#getStatistics()
2025-07-02 01:11:43 - Mapped to com.banking.controller.TransactionController#getTransactions(int, int)
2025-07-02 01:11:43 - Mapped to com.banking.controller.TransactionController#getTransactionsByType(TransactionType)
2025-07-02 01:11:43 - Read "application/json;charset=UTF-8" to [com.banking.dto.TransactionRequest@53fabd6d]
2025-07-02 01:11:43 - Mapped to com.banking.controller.TransactionController#getStatistics()
2025-07-02 01:11:43 - Mapped to com.banking.controller.TransactionController#getTransactions(int, int)
2025-07-02 01:11:43 - Using 'application/json', given [*/*] and supported [application/json, application/*+json]
2025-07-02 01:11:43 - Writing [{data={totalTransactions=1098, transactionTypes=[Lcom.banking.model.TransactionType;@6bb95643}, succ (truncated)...]
2025-07-02 01:11:43 - Mapped to com.banking.controller.TransactionController#createTransaction(TransactionRequest)
2025-07-02 01:11:43 - Mapped to com.banking.controller.TransactionController#getTransactionsByType(TransactionType)
2025-07-02 01:11:43 - Using 'application/json', given [*/*] and supported [application/json, application/*+json]
2025-07-02 01:11:43 - Writing [{pagination={totalPages=110, size=10, total=1093, page=0}, data=[com.banking.dto.TransactionResponse (truncated)...]
2025-07-02 01:11:43 - Read "application/json;charset=UTF-8" to [com.banking.dto.TransactionRequest@7997b988]
2025-07-02 01:11:43 - Mapped to com.banking.controller.TransactionController#getTransactions(int, int)
2025-07-02 01:11:43 - Mapped to com.banking.controller.TransactionController#getStatistics()
2025-07-02 01:11:43 - Mapped to com.banking.controller.TransactionController#getStatistics()
2025-07-02 01:11:43 - Mapped to com.banking.controller.TransactionController#getTransactions(int, int)
2025-07-02 01:11:43 - Using 'application/json', given [*/*] and supported [application/json, application/*+json]
2025-07-02 01:11:43 - Writing [{data=com.banking.dto.TransactionResponse@77659c19, success=true, message=交易创建成功}]
2025-07-02 01:11:43 - Using 'application/json', given [*/*] and supported [application/json, application/*+json]
2025-07-02 01:11:43 - Using 'application/json', given [*/*] and supported [application/json, application/*+json]
2025-07-02 01:11:43 - Writing [{data=com.banking.dto.TransactionResponse@2e5b2b5b, success=true, message=交易创建成功}]
2025-07-02 01:11:43 - Using 'application/json', given [*/*] and supported [application/json, application/*+json]
2025-07-02 01:11:43 - Writing [{data={totalTransactions=1099, transactionTypes=[Lcom.banking.model.TransactionType;@5429181b}, succ (truncated)...]
2025-07-02 01:11:43 - Using 'application/json', given [*/*] and supported [application/json, application/*+json]
2025-07-02 01:11:43 - Writing [{data=com.banking.dto.TransactionResponse@28ff81c3, success=true, message=交易创建成功}]
2025-07-02 01:11:43 - Writing [{pagination={totalPages=110, size=10, total=1098, page=0}, data=[com.banking.dto.TransactionResponse (truncated)...]
2025-07-02 01:11:43 - Mapped to com.banking.controller.TransactionController#getTransactions(int, int)
2025-07-02 01:11:43 - Mapped to com.banking.controller.TransactionController#getTransactionsByType(TransactionType)
2025-07-02 01:11:43 - Mapped to com.banking.controller.TransactionController#getStatistics()
2025-07-02 01:11:43 - Mapped to com.banking.controller.TransactionController#getTransactions(int, int)
2025-07-02 01:11:43 - Mapped to com.banking.controller.TransactionController#getTransactions(int, int)
2025-07-02 01:11:43 - Using 'application/json', given [*/*] and supported [application/json, application/*+json]
2025-07-02 01:11:43 - Writing [{data={totalTransactions=1101, transactionTypes=[Lcom.banking.model.TransactionType;@7979b2e9}, succ (truncated)...]
2025-07-02 01:11:43 - Using 'application/json', given [*/*] and supported [application/json, application/*+json]
2025-07-02 01:11:43 - Writing [{data=com.banking.dto.TransactionResponse@57bd9475, success=true, message=交易创建成功}]
2025-07-02 01:11:43 - Mapped to com.banking.controller.TransactionController#getTransactionsByType(TransactionType)
2025-07-02 01:11:43 - Mapped to com.banking.controller.TransactionController#getTransactions(int, int)
2025-07-02 01:11:43 - Using 'application/json', given [*/*] and supported [application/json, application/*+json]
2025-07-02 01:11:43 - Writing [{pagination={totalPages=110, size=10, total=1098, page=0}, data=[com.banking.dto.TransactionResponse (truncated)...]
2025-07-02 01:11:43 - Mapped to com.banking.controller.TransactionController#getStatistics()
2025-07-02 01:11:43 - Using 'application/json', given [*/*] and supported [application/json, application/*+json]
2025-07-02 01:11:43 - Writing [{pagination={totalPages=110, size=10, total=1098, page=0}, data=[com.banking.dto.TransactionResponse (truncated)...]
2025-07-02 01:11:43 - Using 'application/json', given [*/*] and supported [application/json, application/*+json]
2025-07-02 01:11:43 - Writing [{data=com.banking.dto.TransactionResponse@3a81dd73, success=true, message=交易创建成功}]
2025-07-02 01:11:43 - Mapped to com.banking.controller.TransactionController#getStatistics()
2025-07-02 01:11:43 - Mapped to com.banking.controller.TransactionController#getTransactions(int, int)
2025-07-02 01:11:43 - Using 'application/json', given [*/*] and supported [application/json, application/*+json]
2025-07-02 01:11:43 - Writing [{pagination={totalPages=111, size=10, total=1101, page=0}, data=[com.banking.dto.TransactionResponse (truncated)...]
2025-07-02 01:11:43 - Using 'application/json', given [*/*] and supported [application/json, application/*+json]
2025-07-02 01:11:43 - Writing [{data=com.banking.dto.TransactionResponse@f50316b, success=true, message=交易创建成功}]
2025-07-02 01:11:43 - Using 'application/json', given [*/*] and supported [application/json, application/*+json]
2025-07-02 01:11:43 - Writing [{data=com.banking.dto.TransactionResponse@57a74eb3, success=true, message=交易创建成功}]
2025-07-02 01:11:43 - Mapped to com.banking.controller.TransactionController#getTransactions(int, int)
2025-07-02 01:11:43 - Mapped to com.banking.controller.TransactionController#getStatistics()
2025-07-02 01:11:43 - Mapped to com.banking.controller.TransactionController#getTransactions(int, int)
2025-07-02 01:11:43 - Using 'application/json', given [*/*] and supported [application/json, application/*+json]
2025-07-02 01:11:43 - Writing [{data={totalTransactions=1105, transactionTypes=[Lcom.banking.model.TransactionType;@26d78f49}, succ (truncated)...]
2025-07-02 01:11:43 - Using 'application/json', given [*/*] and supported [application/json, application/*+json]
2025-07-02 01:11:43 - Writing [{data=com.banking.dto.TransactionResponse@5c438194, success=true, message=交易创建成功}]
2025-07-02 01:11:43 - Using 'application/json', given [*/*] and supported [application/json, application/*+json]
2025-07-02 01:11:43 - Using 'application/json', given [*/*] and supported [application/json, application/*+json]
2025-07-02 01:11:43 - Mapped to com.banking.controller.TransactionController#getTransactionsByType(TransactionType)
2025-07-02 01:11:43 - Writing [{pagination={totalPages=111, size=10, total=1102, page=0}, data=[com.banking.dto.TransactionResponse (truncated)...]
2025-07-02 01:11:43 - Writing [{pagination={totalPages=111, size=10, total=1101, page=0}, data=[com.banking.dto.TransactionResponse (truncated)...]
2025-07-02 01:11:43 - Using 'application/json', given [*/*] and supported [application/json, application/*+json]
2025-07-02 01:11:43 - Writing [{data={totalTransactions=1106, transactionTypes=[Lcom.banking.model.TransactionType;@9ca78e3}, succe (truncated)...]
2025-07-02 01:11:43 - Using 'application/json', given [*/*] and supported [application/json, application/*+json]
2025-07-02 01:11:43 - Writing [{pagination={totalPages=111, size=10, total=1101, page=0}, data=[com.banking.dto.TransactionResponse (truncated)...]
2025-07-02 01:11:43 - Using 'application/json', given [*/*] and supported [application/json, application/*+json]
2025-07-02 01:11:43 - Writing [{pagination={totalPages=111, size=10, total=1102, page=0}, data=[com.banking.dto.TransactionResponse (truncated)...]
2025-07-02 01:11:43 - Mapped to com.banking.controller.TransactionController#getTransactions(int, int)
2025-07-02 01:11:43 - Mapped to com.banking.controller.TransactionController#getTransactionsByType(TransactionType)
2025-07-02 01:11:43 - Mapped to com.banking.controller.TransactionController#getStatistics()
2025-07-02 01:11:43 - Mapped to com.banking.controller.TransactionController#getStatistics()
2025-07-02 01:11:43 - Mapped to com.banking.controller.TransactionController#getStatistics()
2025-07-02 01:11:43 - Using 'application/json', given [*/*] and supported [application/json, application/*+json]
2025-07-02 01:11:43 - Writing [{data={totalTransactions=1106, transactionTypes=[Lcom.banking.model.TransactionType;@35c0f41e}, succ (truncated)...]
2025-07-02 01:11:43 - Mapped to com.banking.controller.TransactionController#getStatistics()
2025-07-02 01:11:43 - Mapped to com.banking.controller.TransactionController#getTransactionsByType(TransactionType)
2025-07-02 01:11:43 - Using 'application/json', given [*/*] and supported [application/json, application/*+json]
2025-07-02 01:11:43 - Writing [{data=com.banking.dto.TransactionResponse@1cd74d81, success=true, message=交易创建成功}]
2025-07-02 01:11:43 - Using 'application/json', given [*/*] and supported [application/json, application/*+json]
2025-07-02 01:11:43 - Mapped to com.banking.controller.TransactionController#getTransactions(int, int)
2025-07-02 01:11:43 - Using 'application/json', given [*/*] and supported [application/json, application/*+json]
2025-07-02 01:11:43 - Writing [{data=com.banking.dto.TransactionResponse@395e3944, success=true, message=交易创建成功}]
2025-07-02 01:11:43 - Writing [{pagination={totalPages=111, size=10, total=1105, page=0}, data=[com.banking.dto.TransactionResponse (truncated)...]
2025-07-02 01:11:43 - Mapped to com.banking.controller.TransactionController#getStatistics()
2025-07-02 01:11:43 - Mapped to com.banking.controller.TransactionController#getTransactions(int, int)
2025-07-02 01:11:43 - Using 'application/json', given [*/*] and supported [application/json, application/*+json]
2025-07-02 01:11:43 - Using 'application/json', given [*/*] and supported [application/json, application/*+json]
2025-07-02 01:11:43 - Writing [{data={totalTransactions=1108, transactionTypes=[Lcom.banking.model.TransactionType;@24a2c0e8}, succ (truncated)...]
2025-07-02 01:11:43 - Writing [{data={totalTransactions=1108, transactionTypes=[Lcom.banking.model.TransactionType;@6342db97}, succ (truncated)...]
2025-07-02 01:11:43 - Mapped to com.banking.controller.TransactionController#getTransactionsByType(TransactionType)
2025-07-02 01:11:43 - Mapped to com.banking.controller.TransactionController#getTransactionsByType(TransactionType)
2025-07-02 01:11:43 - Using 'application/json', given [*/*] and supported [application/json, application/*+json]
2025-07-02 01:11:43 - Writing [{data={totalTransactions=1108, transactionTypes=[Lcom.banking.model.TransactionType;@4e7f3bf2}, succ (truncated)...]
2025-07-02 01:11:43 - Mapped to com.banking.controller.TransactionController#getTransactionsByType(TransactionType)
2025-07-02 01:11:43 - Using 'application/json', given [*/*] and supported [application/json, application/*+json]
2025-07-02 01:11:43 - Writing [{pagination={totalPages=111, size=10, total=1106, page=0}, data=[com.banking.dto.TransactionResponse (truncated)...]
2025-07-02 01:11:43 - Mapped to com.banking.controller.TransactionController#getStatistics()
2025-07-02 01:11:43 - Using 'application/json', given [*/*] and supported [application/json, application/*+json]
2025-07-02 01:11:43 - Writing [{pagination={totalPages=111, size=10, total=1106, page=0}, data=[com.banking.dto.TransactionResponse (truncated)...]
2025-07-02 01:11:43 - Mapped to com.banking.controller.TransactionController#getStatistics()
2025-07-02 01:11:43 - Using 'application/json', given [*/*] and supported [application/json, application/*+json]
2025-07-02 01:11:43 - Writing [{pagination={totalPages=111, size=10, total=1106, page=0}, data=[com.banking.dto.TransactionResponse (truncated)...]
2025-07-02 01:11:43 - Using 'application/json', given [*/*] and supported [application/json, application/*+json]
2025-07-02 01:11:43 - Writing [{pagination={totalPages=111, size=10, total=1108, page=0}, data=[com.banking.dto.TransactionResponse (truncated)...]
2025-07-02 01:11:43 - Mapped to com.banking.controller.TransactionController#getStatistics()
2025-07-02 01:11:43 - Using 'application/json', given [*/*] and supported [application/json, application/*+json]
2025-07-02 01:11:43 - Writing [{pagination={totalPages=111, size=10, total=1106, page=0}, data=[com.banking.dto.TransactionResponse (truncated)...]
2025-07-02 01:11:43 - Using 'application/json', given [*/*] and supported [application/json, application/*+json]
2025-07-02 01:11:43 - Mapped to com.banking.controller.TransactionController#getStatistics()
2025-07-02 01:11:43 - Writing [{pagination={totalPages=111, size=10, total=1108, page=0}, data=[com.banking.dto.TransactionResponse (truncated)...]
2025-07-02 01:11:43 - Using 'application/json', given [*/*] and supported [application/json, application/*+json]
2025-07-02 01:11:43 - Writing [{data={totalTransactions=1108, transactionTypes=[Lcom.banking.model.TransactionType;@3bff9dd6}, succ (truncated)...]
2025-07-02 01:11:43 - Using 'application/json', given [*/*] and supported [application/json, application/*+json]
2025-07-02 01:11:43 - Mapped to com.banking.controller.TransactionController#getStatistics()
2025-07-02 01:11:43 - Using 'application/json', given [*/*] and supported [application/json, application/*+json]
2025-07-02 01:11:43 - Writing [{data={totalTransactions=1108, transactionTypes=[Lcom.banking.model.TransactionType;@781527b4}, succ (truncated)...]
2025-07-02 01:11:43 - Mapped to com.banking.controller.TransactionController#getStatistics()
2025-07-02 01:11:43 - Using 'application/json', given [*/*] and supported [application/json, application/*+json]
2025-07-02 01:11:43 - Writing [{pagination={totalPages=111, size=10, total=1108, page=0}, data=[com.banking.dto.TransactionResponse (truncated)...]
2025-07-02 01:11:43 - Using 'application/json', given [*/*] and supported [application/json, application/*+json]
2025-07-02 01:11:43 - Writing [{pagination={totalPages=111, size=10, total=1108, page=0}, data=[com.banking.dto.TransactionResponse (truncated)...]
2025-07-02 01:11:43 - Writing [{data=[com.banking.dto.TransactionResponse@4b0eaf77, com.banking.dto.TransactionResponse@730581ec, c (truncated)...]
2025-07-02 01:11:43 - Mapped to com.banking.controller.TransactionController#getStatistics()
2025-07-02 01:11:43 - Mapped to com.banking.controller.TransactionController#getStatistics()
2025-07-02 01:11:43 - Using 'application/json', given [*/*] and supported [application/json, application/*+json]
2025-07-02 01:11:43 - Mapped to com.banking.controller.TransactionController#getTransactionsByType(TransactionType)
2025-07-02 01:11:43 - Writing [{data=[com.banking.dto.TransactionResponse@1d86bfc0, com.banking.dto.TransactionResponse@4ce580d1, c (truncated)...]
2025-07-02 01:11:43 - Using 'application/json', given [*/*] and supported [application/json, application/*+json]
2025-07-02 01:11:43 - Writing [{data={totalTransactions=1108, transactionTypes=[Lcom.banking.model.TransactionType;@6a5d0980}, succ (truncated)...]
2025-07-02 01:11:43 - Using 'application/json', given [*/*] and supported [application/json, application/*+json]
2025-07-02 01:11:43 - Writing [{data={totalTransactions=1108, transactionTypes=[Lcom.banking.model.TransactionType;@5ad3e189}, succ (truncated)...]
2025-07-02 01:11:43 - Mapped to com.banking.controller.TransactionController#getTransactionsByType(TransactionType)
2025-07-02 01:11:43 - Using 'application/json', given [*/*] and supported [application/json, application/*+json]
2025-07-02 01:11:43 - Writing [{data=com.banking.dto.TransactionResponse@78f56be7, success=true, message=交易创建成功}]
2025-07-02 01:11:43 - Mapped to com.banking.controller.TransactionController#getTransactionsByType(TransactionType)
2025-07-02 01:11:43 - Mapped to com.banking.controller.TransactionController#getTransactionsByType(TransactionType)
2025-07-02 01:11:43 - Using 'application/json', given [*/*] and supported [application/json, application/*+json]
2025-07-02 01:11:43 - Writing [{data={totalTransactions=1109, transactionTypes=[Lcom.banking.model.TransactionType;@1fb21abb}, succ (truncated)...]
2025-07-02 01:11:43 - Mapped to com.banking.controller.TransactionController#getTransactions(int, int)
2025-07-02 01:11:43 - Using 'application/json', given [*/*] and supported [application/json, application/*+json]
2025-07-02 01:11:43 - Mapped to com.banking.controller.TransactionController#getTransactionsByType(TransactionType)
2025-07-02 01:11:43 - Writing [{data=[com.banking.dto.TransactionResponse@1114e514, com.banking.dto.TransactionResponse@680094aa, c (truncated)...]
2025-07-02 01:11:43 - Using 'application/json', given [*/*] and supported [application/json, application/*+json]
2025-07-02 01:11:43 - Using 'application/json', given [*/*] and supported [application/json, application/*+json]
2025-07-02 01:11:43 - Writing [{pagination={totalPages=111, size=10, total=1108, page=0}, data=[com.banking.dto.TransactionResponse (truncated)...]
2025-07-02 01:11:43 - Writing [{data={totalTransactions=1109, transactionTypes=[Lcom.banking.model.TransactionType;@425906b}, succe (truncated)...]
2025-07-02 01:11:43 - Using 'application/json', given [*/*] and supported [application/json, application/*+json]
2025-07-02 01:11:43 - Writing [{data=com.banking.dto.TransactionResponse@5bda3fa6, success=true, message=交易创建成功}]
2025-07-02 01:11:43 - Using 'application/json', given [*/*] and supported [application/json, application/*+json]
2025-07-02 01:11:43 - Writing [{data=com.banking.dto.TransactionResponse@33578a6b, success=true, message=交易创建成功}]
2025-07-02 01:11:43 - Using 'application/json', given [*/*] and supported [application/json, application/*+json]
2025-07-02 01:11:43 - Writing [{data=com.banking.dto.TransactionResponse@6609f115, success=true, message=交易创建成功}]
2025-07-02 01:11:43 - Mapped to com.banking.controller.TransactionController#getTransactions(int, int)
2025-07-02 01:11:43 - Using 'application/json', given [*/*] and supported [application/json, application/*+json]
2025-07-02 01:11:43 - Writing [{data={totalTransactions=1112, transactionTypes=[Lcom.banking.model.TransactionType;@6e5e5874}, succ (truncated)...]
2025-07-02 01:11:43 - Mapped to com.banking.controller.TransactionController#getTransactionsByType(TransactionType)
2025-07-02 01:11:43 - Mapped to com.banking.controller.TransactionController#getTransactions(int, int)
2025-07-02 01:11:43 - Mapped to com.banking.controller.TransactionController#getTransactionsByType(TransactionType)
2025-07-02 01:11:43 - Mapped to com.banking.controller.TransactionController#getStatistics()
2025-07-02 01:11:43 - Using 'application/json', given [*/*] and supported [application/json, application/*+json]
2025-07-02 01:11:43 - Writing [{data={totalTransactions=1112, transactionTypes=[Lcom.banking.model.TransactionType;@79e9970e}, succ (truncated)...]
2025-07-02 01:11:43 - Mapped to com.banking.controller.TransactionController#getTransactions(int, int)
2025-07-02 01:11:43 - Using 'application/json', given [*/*] and supported [application/json, application/*+json]
2025-07-02 01:11:43 - Writing [{data=com.banking.dto.TransactionResponse@5bb33e40, success=true, message=交易创建成功}]
2025-07-02 01:11:43 - Mapped to com.banking.controller.TransactionController#getTransactionsByType(TransactionType)
2025-07-02 01:11:43 - Mapped to com.banking.controller.TransactionController#getTransactions(int, int)
2025-07-02 01:11:43 - Using 'application/json', given [*/*] and supported [application/json, application/*+json]
2025-07-02 01:11:43 - Writing [{pagination={totalPages=111, size=10, total=1109, page=0}, data=[com.banking.dto.TransactionResponse (truncated)...]
2025-07-02 01:11:43 - Mapped to com.banking.controller.TransactionController#getStatistics()
2025-07-02 01:11:43 - Using 'application/json', given [*/*] and supported [application/json, application/*+json]
2025-07-02 01:11:43 - Writing [{data={totalTransactions=1113, transactionTypes=[Lcom.banking.model.TransactionType;@22ceee56}, succ (truncated)...]
2025-07-02 01:11:43 - Mapped to com.banking.controller.TransactionController#getTransactionsByType(TransactionType)
2025-07-02 01:11:43 - Using 'application/json', given [*/*] and supported [application/json, application/*+json]
2025-07-02 01:11:43 - Writing [{data={totalTransactions=1113, transactionTypes=[Lcom.banking.model.TransactionType;@59b832a8}, succ (truncated)...]
2025-07-02 01:11:43 - Using 'application/json', given [*/*] and supported [application/json, application/*+json]
2025-07-02 01:11:43 - Writing [{pagination={totalPages=112, size=10, total=1112, page=0}, data=[com.banking.dto.TransactionResponse (truncated)...]
2025-07-02 01:11:43 - Using 'application/json', given [*/*] and supported [application/json, application/*+json]
2025-07-02 01:11:43 - Writing [{data={totalTransactions=1113, transactionTypes=[Lcom.banking.model.TransactionType;@1a9269cb}, succ (truncated)...]
2025-07-02 01:11:43 - Mapped to com.banking.controller.TransactionController#getTransactionsByType(TransactionType)
2025-07-02 01:11:43 - Mapped to com.banking.controller.TransactionController#getStatistics()
2025-07-02 01:11:43 - Using 'application/json', given [*/*] and supported [application/json, application/*+json]
2025-07-02 01:11:43 - Using 'application/json', given [*/*] and supported [application/json, application/*+json]
2025-07-02 01:11:43 - Using 'application/json', given [*/*] and supported [application/json, application/*+json]
2025-07-02 01:11:43 - Writing [{pagination={totalPages=112, size=10, total=1113, page=0}, data=[com.banking.dto.TransactionResponse (truncated)...]
2025-07-02 01:11:43 - Mapped to com.banking.controller.TransactionController#getTransactionsByType(TransactionType)
2025-07-02 01:11:43 - Writing [{pagination={totalPages=112, size=10, total=1113, page=0}, data=[com.banking.dto.TransactionResponse (truncated)...]
2025-07-02 01:11:43 - Writing [{pagination={totalPages=112, size=10, total=1112, page=0}, data=[com.banking.dto.TransactionResponse (truncated)...]
2025-07-02 01:11:43 - Using 'application/json', given [*/*] and supported [application/json, application/*+json]
2025-07-02 01:11:43 - Writing [{pagination={totalPages=112, size=10, total=1113, page=0}, data=[com.banking.dto.TransactionResponse (truncated)...]
2025-07-02 01:11:43 - Mapped to com.banking.controller.TransactionController#getStatistics()
2025-07-02 01:11:43 - Using 'application/json', given [*/*] and supported [application/json, application/*+json]
2025-07-02 01:11:43 - Writing [{data={totalTransactions=1113, transactionTypes=[Lcom.banking.model.TransactionType;@73bf9b00}, succ (truncated)...]
2025-07-02 01:11:43 - Mapped to com.banking.controller.TransactionController#getStatistics()
2025-07-02 01:11:43 - Using 'application/json', given [*/*] and supported [application/json, application/*+json]
2025-07-02 01:11:43 - Writing [{data={totalTransactions=1113, transactionTypes=[Lcom.banking.model.TransactionType;@56f49a9}, succe (truncated)...]
2025-07-02 01:11:43 - Mapped to com.banking.controller.TransactionController#getStatistics()
2025-07-02 01:11:43 - Using 'application/json', given [*/*] and supported [application/json, application/*+json]
2025-07-02 01:11:43 - Writing [{data={totalTransactions=1113, transactionTypes=[Lcom.banking.model.TransactionType;@746b1d9b}, succ (truncated)...]
2025-07-02 01:11:43 - Mapped to com.banking.controller.TransactionController#getTransactionsByType(TransactionType)
2025-07-02 01:11:43 - Using 'application/json', given [*/*] and supported [application/json, application/*+json]
2025-07-02 01:11:43 - Writing [{data={totalTransactions=1113, transactionTypes=[Lcom.banking.model.TransactionType;@37085f8b}, succ (truncated)...]
2025-07-02 01:11:43 - Using 'application/json', given [*/*] and supported [application/json, application/*+json]
2025-07-02 01:11:43 - Writing [{data={totalTransactions=1113, transactionTypes=[Lcom.banking.model.TransactionType;@26c096a6}, succ (truncated)...]
2025-07-02 01:11:43 - Using 'application/json', given [*/*] and supported [application/json, application/*+json]
2025-07-02 01:11:43 - Using 'application/json', given [*/*] and supported [application/json, application/*+json]
2025-07-02 01:11:43 - Writing [{pagination={totalPages=112, size=10, total=1113, page=0}, data=[com.banking.dto.TransactionResponse (truncated)...]
2025-07-02 01:11:43 - Writing [{data=[com.banking.dto.TransactionResponse@2a1d220a, com.banking.dto.TransactionResponse@4a65c653, c (truncated)...]
2025-07-02 01:11:43 - Mapped to com.banking.controller.TransactionController#getTransactionsByType(TransactionType)
2025-07-02 01:11:43 - Using 'application/json', given [*/*] and supported [application/json, application/*+json]
2025-07-02 01:11:43 - Writing [{pagination={totalPages=112, size=10, total=1113, page=0}, data=[com.banking.dto.TransactionResponse (truncated)...]
2025-07-02 01:11:43 - Mapped to com.banking.controller.TransactionController#getStatistics()
2025-07-02 01:11:43 - Mapped to com.banking.controller.TransactionController#getTransactionsByType(TransactionType)
2025-07-02 01:11:43 - Mapped to com.banking.controller.TransactionController#getTransactionsByType(TransactionType)
2025-07-02 01:11:43 - Mapped to com.banking.controller.TransactionController#getTransactionsByType(TransactionType)
2025-07-02 01:11:43 - Using 'application/json', given [*/*] and supported [application/json, application/*+json]
2025-07-02 01:11:43 - Mapped to com.banking.controller.TransactionController#getStatistics()
2025-07-02 01:11:43 - Writing [{data={totalTransactions=1113, transactionTypes=[Lcom.banking.model.TransactionType;@18dde50}, succe (truncated)...]
2025-07-02 01:11:43 - Mapped to com.banking.controller.TransactionController#getStatistics()
2025-07-02 01:11:43 - Mapped to com.banking.controller.TransactionController#getTransactionsByType(TransactionType)
2025-07-02 01:11:43 - Using 'application/json', given [*/*] and supported [application/json, application/*+json]
2025-07-02 01:11:43 - Writing [{pagination={totalPages=112, size=10, total=1113, page=0}, data=[com.banking.dto.TransactionResponse (truncated)...]
2025-07-02 01:11:43 - Using 'application/json', given [*/*] and supported [application/json, application/*+json]
2025-07-02 01:11:43 - Using 'application/json', given [*/*] and supported [application/json, application/*+json]
2025-07-02 01:11:43 - Writing [{pagination={totalPages=112, size=10, total=1113, page=0}, data=[com.banking.dto.TransactionResponse (truncated)...]
2025-07-02 01:11:43 - Using 'application/json', given [*/*] and supported [application/json, application/*+json]
2025-07-02 01:11:43 - Writing [{data=com.banking.dto.TransactionResponse@4d24573d, success=true, message=交易创建成功}]
2025-07-02 01:11:43 - Writing [{data={totalTransactions=1113, transactionTypes=[Lcom.banking.model.TransactionType;@339bb8f6}, succ (truncated)...]
2025-07-02 01:11:43 - Mapped to com.banking.controller.TransactionController#getTransactions(int, int)
2025-07-02 01:11:43 - Mapped to com.banking.controller.TransactionController#getTransactionsByType(TransactionType)
2025-07-02 01:11:43 - Mapped to com.banking.controller.TransactionController#getStatistics()
2025-07-02 01:11:43 - Mapped to com.banking.controller.TransactionController#getStatistics()
2025-07-02 01:11:43 - Using 'application/json', given [*/*] and supported [application/json, application/*+json]
2025-07-02 01:11:43 - Writing [{data={totalTransactions=1114, transactionTypes=[Lcom.banking.model.TransactionType;@55f999d8}, succ (truncated)...]
2025-07-02 01:11:43 - Mapped to com.banking.controller.TransactionController#getTransactionsByType(TransactionType)
2025-07-02 01:11:43 - Using 'application/json', given [*/*] and supported [application/json, application/*+json]
2025-07-02 01:11:43 - Writing [{pagination={totalPages=112, size=10, total=1114, page=0}, data=[com.banking.dto.TransactionResponse (truncated)...]
2025-07-02 01:11:43 - Using 'application/json', given [*/*] and supported [application/json, application/*+json]
2025-07-02 01:11:43 - Writing [{pagination={totalPages=112, size=10, total=1113, page=0}, data=[com.banking.dto.TransactionResponse (truncated)...]
2025-07-02 01:11:43 - Using 'application/json', given [*/*] and supported [application/json, application/*+json]
2025-07-02 01:11:43 - Using 'application/json', given [*/*] and supported [application/json, application/*+json]
2025-07-02 01:11:43 - Writing [{pagination={totalPages=112, size=10, total=1114, page=0}, data=[com.banking.dto.TransactionResponse (truncated)...]
2025-07-02 01:11:43 - Writing [{pagination={totalPages=112, size=10, total=1114, page=0}, data=[com.banking.dto.TransactionResponse (truncated)...]
2025-07-02 01:11:43 - Mapped to com.banking.controller.TransactionController#getStatistics()
2025-07-02 01:11:43 - Using 'application/json', given [*/*] and supported [application/json, application/*+json]
2025-07-02 01:11:43 - Writing [{data={totalTransactions=1114, transactionTypes=[Lcom.banking.model.TransactionType;@40636835}, succ (truncated)...]
2025-07-02 01:11:43 - Using 'application/json', given [*/*] and supported [application/json, application/*+json]
2025-07-02 01:11:43 - Writing [{data={totalTransactions=1114, transactionTypes=[Lcom.banking.model.TransactionType;@36373166}, succ (truncated)...]
2025-07-02 01:11:43 - Using 'application/json', given [*/*] and supported [application/json, application/*+json]
2025-07-02 01:11:43 - Writing [{data={totalTransactions=1114, transactionTypes=[Lcom.banking.model.TransactionType;@385fd566}, succ (truncated)...]
2025-07-02 01:11:43 - Mapped to com.banking.controller.TransactionController#getStatistics()
2025-07-02 01:11:43 - Mapped to com.banking.controller.TransactionController#getTransactionsByType(TransactionType)
2025-07-02 01:11:43 - Mapped to com.banking.controller.TransactionController#getTransactionsByType(TransactionType)
2025-07-02 01:11:43 - Mapped to com.banking.controller.TransactionController#getTransactionsByType(TransactionType)
2025-07-02 01:11:43 - Using 'application/json', given [*/*] and supported [application/json, application/*+json]
2025-07-02 01:11:43 - Mapped to com.banking.controller.TransactionController#getStatistics()
2025-07-02 01:11:43 - Writing [{data={totalTransactions=1114, transactionTypes=[Lcom.banking.model.TransactionType;@1f77577}, succe (truncated)...]
2025-07-02 01:11:43 - Using 'application/json', given [*/*] and supported [application/json, application/*+json]
2025-07-02 01:11:43 - Writing [{data=com.banking.dto.TransactionResponse@6c16d424, success=true, message=交易创建成功}]
2025-07-02 01:11:43 - Mapped to com.banking.controller.TransactionController#getStatistics()
2025-07-02 01:11:43 - Mapped to com.banking.controller.TransactionController#getTransactions(int, int)
2025-07-02 01:11:43 - Using 'application/json', given [*/*] and supported [application/json, application/*+json]
2025-07-02 01:11:43 - Writing [{data={totalTransactions=1115, transactionTypes=[Lcom.banking.model.TransactionType;@25aa5867}, succ (truncated)...]
2025-07-02 01:11:43 - Mapped to com.banking.controller.TransactionController#getTransactionsByType(TransactionType)
2025-07-02 01:11:43 - Using 'application/json', given [*/*] and supported [application/json, application/*+json]
2025-07-02 01:11:43 - Writing [{data={totalTransactions=1115, transactionTypes=[Lcom.banking.model.TransactionType;@4c9a2613}, succ (truncated)...]
2025-07-02 01:11:43 - Mapped to com.banking.controller.TransactionController#getTransactionsByType(TransactionType)
2025-07-02 01:11:43 - Mapped to com.banking.controller.TransactionController#getTransactionsByType(TransactionType)
2025-07-02 01:11:43 - Using 'application/json', given [*/*] and supported [application/json, application/*+json]
2025-07-02 01:11:43 - Writing [{data=com.banking.dto.TransactionResponse@54105281, success=true, message=交易创建成功}]
2025-07-02 01:11:43 - Using 'application/json', given [*/*] and supported [application/json, application/*+json]
2025-07-02 01:11:43 - Writing [{pagination={totalPages=112, size=10, total=1115, page=0}, data=[com.banking.dto.TransactionResponse (truncated)...]
2025-07-02 01:11:43 - Mapped to com.banking.controller.TransactionController#getStatistics()
2025-07-02 01:11:43 - Mapped to com.banking.controller.TransactionController#getTransactions(int, int)
2025-07-02 01:11:43 - Using 'application/json', given [*/*] and supported [application/json, application/*+json]
2025-07-02 01:11:43 - Writing [{pagination={totalPages=112, size=10, total=1115, page=0}, data=[com.banking.dto.TransactionResponse (truncated)...]
2025-07-02 01:11:43 - Using 'application/json', given [*/*] and supported [application/json, application/*+json]
2025-07-02 01:11:43 - Writing [{pagination={totalPages=112, size=10, total=1116, page=0}, data=[com.banking.dto.TransactionResponse (truncated)...]
2025-07-02 01:11:43 - Mapped to com.banking.controller.TransactionController#getStatistics()
2025-07-02 01:11:43 - Mapped to com.banking.controller.TransactionController#getStatistics()
2025-07-02 01:11:43 - Using 'application/json', given [*/*] and supported [application/json, application/*+json]
2025-07-02 01:11:43 - Writing [{data={totalTransactions=1116, transactionTypes=[Lcom.banking.model.TransactionType;@22c67a8b}, succ (truncated)...]
2025-07-02 01:11:43 - Mapped to com.banking.controller.TransactionController#getTransactionsByType(TransactionType)
2025-07-02 01:11:43 - Using 'application/json', given [*/*] and supported [application/json, application/*+json]
2025-07-02 01:11:43 - Writing [{data={totalTransactions=1116, transactionTypes=[Lcom.banking.model.TransactionType;@cd29747}, succe (truncated)...]
2025-07-02 01:11:43 - Mapped to com.banking.controller.TransactionController#getTransactionsByType(TransactionType)
2025-07-02 01:11:43 - Using 'application/json', given [*/*] and supported [application/json, application/*+json]
2025-07-02 01:11:43 - Writing [{pagination={totalPages=112, size=10, total=1116, page=0}, data=[com.banking.dto.TransactionResponse (truncated)...]
2025-07-02 01:11:43 - Mapped to com.banking.controller.TransactionController#getSecurityStatistics(String, String)
2025-07-02 01:11:43 - Mapped to com.banking.controller.TransactionController#getStatistics()
2025-07-02 01:11:43 - Using 'application/json', given [*/*] and supported [application/json, application/*+json]
2025-07-02 01:11:43 - Writing [{pagination={totalPages=112, size=10, total=1116, page=0}, data=[com.banking.dto.TransactionResponse (truncated)...]
2025-07-02 01:11:43 - Using 'application/json', given [*/*] and supported [application/json, application/*+json]
2025-07-02 01:11:43 - Mapped to com.banking.controller.TransactionController#getSecurityStatistics(String, String)
2025-07-02 01:11:43 - Writing [{data=[com.banking.dto.TransactionResponse@21ff7d35, com.banking.dto.TransactionResponse@4b5b6dc8, c (truncated)...]
2025-07-02 01:11:43 - Using 'application/json', given [*/*] and supported [application/json, application/*+json]
2025-07-02 01:11:43 - Mapped to com.banking.controller.TransactionController#getStatistics()
2025-07-02 01:11:43 - Using 'application/json', given [*/*] and supported [application/json, application/*+json]
2025-07-02 01:11:43 - Writing [{data=[com.banking.dto.TransactionResponse@67e91203, com.banking.dto.TransactionResponse@5b4074f9, c (truncated)...]
2025-07-02 01:11:43 - Writing [{data={totalTransactions=1116, transactionTypes=[Lcom.banking.model.TransactionType;@4fa44851}, succ (truncated)...]
2025-07-02 01:11:43 - Using 'application/json', given [*/*] and supported [application/json, application/*+json]
2025-07-02 01:11:43 - Writing [{pagination={totalPages=112, size=10, total=1116, page=0}, data=[com.banking.dto.TransactionResponse (truncated)...]
2025-07-02 01:11:43 - Mapped to com.banking.controller.TransactionController#getTransactionsByType(TransactionType)
2025-07-02 01:11:43 - Using 'application/json', given [*/*] and supported [application/json, application/*+json]
2025-07-02 01:11:43 - Writing [{pagination={totalPages=112, size=10, total=1116, page=0}, data=[com.banking.dto.TransactionResponse (truncated)...]
2025-07-02 01:11:43 - Mapped to com.banking.controller.TransactionController#getStatistics()
2025-07-02 01:11:43 - Using 'application/json', given [*/*] and supported [application/json, application/*+json]
2025-07-02 01:11:43 - Mapped to com.banking.controller.TransactionController#getStatistics()
2025-07-02 01:11:43 - Writing [{data=[com.banking.dto.TransactionResponse@32ae9501, com.banking.dto.TransactionResponse@25f8d09c, c (truncated)...]
2025-07-02 01:11:43 - Using 'application/json', given [*/*] and supported [application/json, application/*+json]
2025-07-02 01:11:43 - Writing [{pagination={totalPages=112, size=10, total=1116, page=0}, data=[com.banking.dto.TransactionResponse (truncated)...]
2025-07-02 01:11:43 - Using 'application/json', given [*/*] and supported [application/json, application/*+json]
2025-07-02 01:11:43 - Writing [{pagination={totalPages=112, size=10, total=1116, page=0}, data=[com.banking.dto.TransactionResponse (truncated)...]
2025-07-02 01:11:43 - Mapped to com.banking.controller.TransactionController#getSecurityStatistics(String, String)
2025-07-02 01:11:43 - Mapped to com.banking.controller.TransactionController#getStatistics()
2025-07-02 01:11:43 - Mapped to com.banking.controller.TransactionController#getStatistics()
2025-07-02 01:11:43 - Using 'application/json', given [*/*] and supported [application/json, application/*+json]
2025-07-02 01:11:43 - Writing [{data={totalTransactions=1116, transactionTypes=[Lcom.banking.model.TransactionType;@3fd51733}, succ (truncated)...]
2025-07-02 01:11:43 - Mapped to com.banking.controller.TransactionController#getTransactionsByType(TransactionType)
2025-07-02 01:11:43 - Using 'application/json', given [*/*] and supported [application/json, application/*+json]
2025-07-02 01:11:43 - Writing [{pagination={totalPages=112, size=10, total=1116, page=0}, data=[com.banking.dto.TransactionResponse (truncated)...]
2025-07-02 01:11:43 - Mapped to com.banking.controller.TransactionController#getSecurityStatistics(String, String)
2025-07-02 01:11:43 - Using 'application/json', given [*/*] and supported [application/json, application/*+json]
2025-07-02 01:11:43 - Writing [{data={totalTransactions=1116, transactionTypes=[Lcom.banking.model.TransactionType;@46923631}, succ (truncated)...]
2025-07-02 01:11:43 - Mapped to com.banking.controller.TransactionController#getStatistics()
2025-07-02 01:11:43 - Mapped to com.banking.controller.TransactionController#getTransactionsByType(TransactionType)
2025-07-02 01:11:43 - Using 'application/json', given [*/*] and supported [application/json, application/*+json]
2025-07-02 01:11:43 - Writing [{data={totalTransactions=1116, transactionTypes=[Lcom.banking.model.TransactionType;@5e0f78e2}, succ (truncated)...]
2025-07-02 01:11:43 - Mapped to com.banking.controller.TransactionController#getTransactionsByType(TransactionType)
2025-07-02 01:11:43 - Using 'application/json', given [*/*] and supported [application/json, application/*+json]
2025-07-02 01:11:43 - Writing [{pagination={totalPages=112, size=10, total=1116, page=0}, data=[com.banking.dto.TransactionResponse (truncated)...]
2025-07-02 01:11:43 - Using 'application/json', given [*/*] and supported [application/json, application/*+json]
2025-07-02 01:11:43 - Writing [{pagination={totalPages=112, size=10, total=1116, page=0}, data=[com.banking.dto.TransactionResponse (truncated)...]
2025-07-02 01:11:43 - Using 'application/json', given [*/*] and supported [application/json, application/*+json]
2025-07-02 01:11:43 - Writing [{data=[com.banking.dto.TransactionResponse@6c041c8f, com.banking.dto.TransactionResponse@7f452c4d, c (truncated)...]
2025-07-02 01:11:43 - Mapped to com.banking.controller.TransactionController#getStatistics()
2025-07-02 01:11:43 - Mapped to com.banking.controller.TransactionController#getStatistics()
2025-07-02 01:11:43 - Using 'application/json', given [*/*] and supported [application/json, application/*+json]
2025-07-02 01:11:43 - Writing [{pagination={totalPages=112, size=10, total=1116, page=0}, data=[com.banking.dto.TransactionResponse (truncated)...]
2025-07-02 01:11:43 - Using 'application/json', given [*/*] and supported [application/json, application/*+json]
2025-07-02 01:11:43 - Mapped to com.banking.controller.TransactionController#getStatistics()
2025-07-02 01:11:43 - Writing [{data=[com.banking.dto.TransactionResponse@4af30608, com.banking.dto.TransactionResponse@291e7ee7, c (truncated)...]
2025-07-02 01:11:43 - Using 'application/json', given [*/*] and supported [application/json, application/*+json]
2025-07-02 01:11:43 - Writing [{pagination={totalPages=112, size=10, total=1116, page=0}, data=[com.banking.dto.TransactionResponse (truncated)...]
2025-07-02 01:11:43 - Using 'application/json', given [*/*] and supported [application/json, application/*+json]
2025-07-02 01:11:43 - Writing [{data=[com.banking.dto.TransactionResponse@22a1cc88, com.banking.dto.TransactionResponse@4fc0a825, c (truncated)...]
2025-07-02 01:11:43 - Mapped to com.banking.controller.TransactionController#getStatistics()
2025-07-02 01:11:43 - Using 'application/json', given [*/*] and supported [application/json, application/*+json]
2025-07-02 01:11:43 - Writing [{data={totalTransactions=1116, transactionTypes=[Lcom.banking.model.TransactionType;@66a445a3}, succ (truncated)...]
2025-07-02 01:11:43 - Mapped to com.banking.controller.TransactionController#getTransactionsByType(TransactionType)
2025-07-02 01:11:43 - Using 'application/json', given [*/*] and supported [application/json, application/*+json]
2025-07-02 01:11:43 - Writing [{data={totalTransactions=1116, transactionTypes=[Lcom.banking.model.TransactionType;@2b172594}, succ (truncated)...]
2025-07-02 01:11:43 - Mapped to com.banking.controller.TransactionController#getTransactionsByType(TransactionType)
2025-07-02 01:11:43 - Using 'application/json', given [*/*] and supported [application/json, application/*+json]
2025-07-02 01:11:43 - Writing [{data={totalTransactions=1116, transactionTypes=[Lcom.banking.model.TransactionType;@4ed4d2b3}, succ (truncated)...]
2025-07-02 01:11:43 - Mapped to com.banking.controller.TransactionController#getTransactionsByType(TransactionType)
2025-07-02 01:11:43 - Using 'application/json', given [*/*] and supported [application/json, application/*+json]
2025-07-02 01:11:43 - Writing [{data=[com.banking.dto.TransactionResponse@971686c, com.banking.dto.TransactionResponse@49e0c723, co (truncated)...]
2025-07-02 01:11:43 - Using 'application/json', given [*/*] and supported [application/json, application/*+json]
2025-07-02 01:11:43 - Writing [{data=[com.banking.dto.TransactionResponse@51f20563, com.banking.dto.TransactionResponse@460e79a2, c (truncated)...]
2025-07-02 01:11:43 - Using 'application/json', given [*/*] and supported [application/json, application/*+json]
2025-07-02 01:11:43 - Writing [{data=[com.banking.dto.TransactionResponse@3163e0d5, com.banking.dto.TransactionResponse@5503d150, c (truncated)...]
2025-07-02 01:11:43 - Using 'application/json', given [*/*] and supported [application/json, application/*+json]
2025-07-02 01:11:43 - Writing [{data=[com.banking.dto.TransactionResponse@24fe6080, com.banking.dto.TransactionResponse@47556915, c (truncated)...]
2025-07-02 01:11:43 - Mapped to com.banking.controller.TransactionController#getSecurityStatistics(String, String)
2025-07-02 01:11:43 - Mapped to com.banking.controller.TransactionController#getSecurityStatistics(String, String)
2025-07-02 01:11:43 - Using 'application/json', given [*/*] and supported [application/json, application/*+json]
2025-07-02 01:11:43 - Writing [{pagination={totalPages=112, size=10, total=1116, page=0}, data=[com.banking.dto.TransactionResponse (truncated)...]
2025-07-02 01:11:44 - Using 'application/json', given [*/*] and supported [application/json, application/*+json]
2025-07-02 01:11:44 - Writing [{data=[com.banking.dto.TransactionResponse@732f1b0d, com.banking.dto.TransactionResponse@526e2b13, c (truncated)...]
2025-07-02 01:11:44 - Mapped to com.banking.controller.TransactionController#getStatistics()
2025-07-02 01:11:44 - Using 'application/json', given [*/*] and supported [application/json, application/*+json]
2025-07-02 01:11:44 - Writing [{data={totalTransactions=1116, transactionTypes=[Lcom.banking.model.TransactionType;@79fea421}, succ (truncated)...]
2025-07-02 01:11:44 - Mapped to com.banking.controller.TransactionController#getTransactionsByType(TransactionType)
2025-07-02 01:11:44 - Using 'application/json', given [*/*] and supported [application/json, application/*+json]
2025-07-02 01:11:44 - Writing [{pagination={totalPages=112, size=10, total=1116, page=0}, data=[com.banking.dto.TransactionResponse (truncated)...]
2025-07-02 01:11:44 - Mapped to com.banking.controller.TransactionController#getStatistics()
2025-07-02 01:11:44 - Using 'application/json', given [*/*] and supported [application/json, application/*+json]
2025-07-02 01:11:44 - Writing [{data=[com.banking.dto.TransactionResponse@72b1ff97, com.banking.dto.TransactionResponse@2dfcb71a, c (truncated)...]
2025-07-02 01:11:44 - Mapped to com.banking.controller.TransactionController#getSecurityStatistics(String, String)
2025-07-02 01:11:44 - Mapped to com.banking.controller.TransactionController#getSecurityStatistics(String, String)
2025-07-02 01:11:44 - Using 'application/json', given [*/*] and supported [application/json, application/*+json]
2025-07-02 01:11:44 - Writing [{data={totalTransactions=1116, transactionTypes=[Lcom.banking.model.TransactionType;@136e1085}, succ (truncated)...]
2025-07-02 01:11:44 - Mapped to com.banking.controller.TransactionController#getSecurityStatistics(String, String)
2025-07-02 01:11:44 - Mapped to com.banking.controller.TransactionController#getTransactionsByType(TransactionType)
2025-07-02 01:11:44 - Using 'application/json', given [*/*] and supported [application/json, application/*+json]
2025-07-02 01:11:44 - Using 'application/json', given [*/*] and supported [application/json, application/*+json]
2025-07-02 01:11:44 - Writing [{data={totalTransactions=1116, transactionTypes=[Lcom.banking.model.TransactionType;@23217398}, succ (truncated)...]
2025-07-02 01:11:44 - Writing [{data=[com.banking.dto.TransactionResponse@2f5d1a96, com.banking.dto.TransactionResponse@37cbb1a7, c (truncated)...]
2025-07-02 01:11:44 - Mapped to com.banking.controller.TransactionController#getTransactionsByType(TransactionType)
2025-07-02 01:11:44 - Using 'application/json', given [*/*] and supported [application/json, application/*+json]
2025-07-02 01:11:44 - Writing [{data={totalTransactions=1116, transactionTypes=[Lcom.banking.model.TransactionType;@3585728}, succe (truncated)...]
2025-07-02 01:11:44 - Mapped to com.banking.controller.TransactionController#getTransactionsByType(TransactionType)
2025-07-02 01:11:44 - Using 'application/json', given [*/*] and supported [application/json, application/*+json]
2025-07-02 01:11:44 - Writing [{data=[com.banking.dto.TransactionResponse@670990e9, com.banking.dto.TransactionResponse@260e8e43, c (truncated)...]
2025-07-02 01:11:44 - Using 'application/json', given [*/*] and supported [application/json, application/*+json]
2025-07-02 01:11:44 - Writing [{pagination={totalPages=112, size=10, total=1116, page=0}, data=[com.banking.dto.TransactionResponse (truncated)...]
2025-07-02 01:11:44 - Mapped to com.banking.controller.TransactionController#getStatistics()
2025-07-02 01:11:44 - Using 'application/json', given [*/*] and supported [application/json, application/*+json]
2025-07-02 01:11:44 - Writing [{data={totalTransactions=1116, transactionTypes=[Lcom.banking.model.TransactionType;@1f501bca}, succ (truncated)...]
2025-07-02 01:11:44 - Mapped to com.banking.controller.TransactionController#getTransactionsByType(TransactionType)
2025-07-02 01:11:44 - Using 'application/json', given [*/*] and supported [application/json, application/*+json]
2025-07-02 01:11:44 - Writing [{data={totalTransactions=1116, transactionTypes=[Lcom.banking.model.TransactionType;@14fde316}, succ (truncated)...]
2025-07-02 01:11:44 - Mapped to com.banking.controller.TransactionController#getTransactionsByType(TransactionType)
2025-07-02 01:11:44 - Mapped to com.banking.controller.TransactionController#getSecurityStatistics(String, String)
2025-07-02 01:11:44 - Mapped to com.banking.controller.TransactionController#getSecurityStatistics(String, String)
2025-07-02 01:11:44 - Using 'application/json', given [*/*] and supported [application/json, application/*+json]
2025-07-02 01:11:44 - Writing [{data=com.banking.dto.TransactionResponse@d8e1d8e, success=true, message=交易创建成功}]
2025-07-02 01:11:44 - Mapped to com.banking.controller.TransactionController#getTransactions(int, int)
2025-07-02 01:11:44 - Mapped to com.banking.controller.TransactionController#getSecurityStatistics(String, String)
2025-07-02 01:11:44 - Using 'application/json', given [*/*] and supported [application/json, application/*+json]
2025-07-02 01:11:44 - Writing [{data=[com.banking.dto.TransactionResponse@631a1b22, com.banking.dto.TransactionResponse@106546d7, c (truncated)...]
2025-07-02 01:11:44 - Mapped to com.banking.controller.TransactionController#getSecurityStatistics(String, String)
2025-07-02 01:11:44 - Using 'application/json', given [*/*] and supported [application/json, application/*+json]
2025-07-02 01:11:44 - Writing [{pagination={totalPages=112, size=10, total=1117, page=0}, data=[com.banking.dto.TransactionResponse (truncated)...]
2025-07-02 01:11:44 - Using 'application/json', given [*/*] and supported [application/json, application/*+json]
2025-07-02 01:11:44 - Writing [{pagination={totalPages=112, size=10, total=1117, page=0}, data=[com.banking.dto.TransactionResponse (truncated)...]
2025-07-02 01:11:44 - Mapped to com.banking.controller.TransactionController#getStatistics()
2025-07-02 01:11:44 - Using 'application/json', given [*/*] and supported [application/json, application/*+json]
2025-07-02 01:11:44 - Mapped to com.banking.controller.TransactionController#getStatistics()
2025-07-02 01:11:44 - Writing [{data={totalTransactions=1117, transactionTypes=[Lcom.banking.model.TransactionType;@2b6413d9}, succ (truncated)...]
2025-07-02 01:11:44 - Mapped to com.banking.controller.TransactionController#getSecurityStatistics(String, String)
2025-07-02 01:11:44 - Using 'application/json', given [*/*] and supported [application/json, application/*+json]
2025-07-02 01:11:44 - Writing [{data=[com.banking.dto.TransactionResponse@4122a489, com.banking.dto.TransactionResponse@383c3212, c (truncated)...]
2025-07-02 01:11:44 - Mapped to com.banking.controller.TransactionController#getTransactionsByType(TransactionType)
2025-07-02 01:11:44 - Using 'application/json', given [*/*] and supported [application/json, application/*+json]
2025-07-02 01:11:44 - Writing [{pagination={totalPages=112, size=10, total=1117, page=0}, data=[com.banking.dto.TransactionResponse (truncated)...]
2025-07-02 01:11:44 - Using 'application/json', given [*/*] and supported [application/json, application/*+json]
2025-07-02 01:11:44 - Writing [{pagination={totalPages=112, size=10, total=1117, page=0}, data=[com.banking.dto.TransactionResponse (truncated)...]
2025-07-02 01:11:44 - Mapped to com.banking.controller.TransactionController#getStatistics()
2025-07-02 01:11:44 - Using 'application/json', given [*/*] and supported [application/json, application/*+json]
2025-07-02 01:11:44 - Writing [{data={totalTransactions=1117, transactionTypes=[Lcom.banking.model.TransactionType;@70dab797}, succ (truncated)...]
2025-07-02 01:11:44 - Mapped to com.banking.controller.TransactionController#getStatistics()
2025-07-02 01:11:44 - Mapped to com.banking.controller.TransactionController#getTransactionsByType(TransactionType)
2025-07-02 01:11:44 - Using 'application/json', given [*/*] and supported [application/json, application/*+json]
2025-07-02 01:11:44 - Writing [{data=com.banking.dto.TransactionResponse@43ab2658, success=true, message=交易创建成功}]
2025-07-02 01:11:44 - Mapped to com.banking.controller.TransactionController#getTransactions(int, int)
2025-07-02 01:11:44 - Using 'application/json', given [*/*] and supported [application/json, application/*+json]
2025-07-02 01:11:44 - Writing [{data=[com.banking.dto.TransactionResponse@6fa7411c, com.banking.dto.TransactionResponse@3cf4bf18, c (truncated)...]
2025-07-02 01:11:44 - Using 'application/json', given [*/*] and supported [application/json, application/*+json]
2025-07-02 01:11:44 - Writing [{data=[com.banking.dto.TransactionResponse@7cc1e672, com.banking.dto.TransactionResponse@5b6bb474, c (truncated)...]
2025-07-02 01:11:44 - Using 'application/json', given [*/*] and supported [application/json, application/*+json]
2025-07-02 01:11:44 - Using 'application/json', given [*/*] and supported [application/json, application/*+json]
2025-07-02 01:11:44 - Writing [{data=[com.banking.dto.TransactionResponse@3e572ba7, com.banking.dto.TransactionResponse@4ca3597e, c (truncated)...]
2025-07-02 01:11:44 - Writing [{data=[com.banking.dto.TransactionResponse@247ea4e, com.banking.dto.TransactionResponse@6887936, com (truncated)...]
2025-07-02 01:11:44 - Mapped to com.banking.controller.TransactionController#getSecurityStatistics(String, String)
2025-07-02 01:11:44 - Mapped to com.banking.controller.TransactionController#getSecurityStatistics(String, String)
2025-07-02 01:11:44 - Using 'application/json', given [*/*] and supported [application/json, application/*+json]
2025-07-02 01:11:44 - Writing [{pagination={totalPages=112, size=10, total=1118, page=0}, data=[com.banking.dto.TransactionResponse (truncated)...]
2025-07-02 01:11:44 - Mapped to com.banking.controller.TransactionController#getStatistics()
2025-07-02 01:11:44 - Using 'application/json', given [*/*] and supported [application/json, application/*+json]
2025-07-02 01:11:44 - Writing [{data={totalTransactions=1118, transactionTypes=[Lcom.banking.model.TransactionType;@13ea822a}, succ (truncated)...]
2025-07-02 01:11:44 - Using 'application/json', given [*/*] and supported [application/json, application/*+json]
2025-07-02 01:11:44 - Writing [{data=[com.banking.dto.TransactionResponse@43480e2b, com.banking.dto.TransactionResponse@77dc6304, c (truncated)...]
2025-07-02 01:11:44 - Mapped to com.banking.controller.TransactionController#getTransactionsByType(TransactionType)
2025-07-02 01:11:44 - Using 'application/json', given [*/*] and supported [application/json, application/*+json]
2025-07-02 01:11:44 - Writing [{data={totalTransactions=1118, transactionTypes=[Lcom.banking.model.TransactionType;@4b7cf7c7}, succ (truncated)...]
2025-07-02 01:11:44 - Mapped to com.banking.controller.TransactionController#getSecurityStatistics(String, String)
2025-07-02 01:11:44 - Mapped to com.banking.controller.TransactionController#getTransactionsByType(TransactionType)
2025-07-02 01:11:44 - Using 'application/json', given [*/*] and supported [application/json, application/*+json]
2025-07-02 01:11:44 - Writing [{data=[com.banking.dto.TransactionResponse@736b94c6, com.banking.dto.TransactionResponse@6482596b, c (truncated)...]
2025-07-02 01:11:44 - Using 'application/json', given [*/*] and supported [application/json, application/*+json]
2025-07-02 01:11:44 - Writing [{data=[com.banking.dto.TransactionResponse@5bd5dd3f, com.banking.dto.TransactionResponse@7e49e5df, c (truncated)...]
2025-07-02 01:11:44 - Mapped to com.banking.controller.TransactionController#getSecurityStatistics(String, String)
2025-07-02 01:11:44 - Using 'application/json', given [*/*] and supported [application/json, application/*+json]
2025-07-02 01:11:44 - Writing [{data=com.banking.dto.TransactionResponse@5d24ff13, success=true, message=交易创建成功}]
2025-07-02 01:11:44 - Mapped to com.banking.controller.TransactionController#getTransactions(int, int)
2025-07-02 01:11:44 - Using 'application/json', given [*/*] and supported [application/json, application/*+json]
2025-07-02 01:11:44 - Writing [{data={totalTransactions=1119, transactionTypes=[Lcom.banking.model.TransactionType;@52e71f6e}, succ (truncated)...]
2025-07-02 01:11:44 - Mapped to com.banking.controller.TransactionController#getTransactionsByType(TransactionType)
2025-07-02 01:11:44 - Using 'application/json', given [*/*] and supported [application/json, application/*+json]
2025-07-02 01:11:44 - Writing [{data={totalTransactions=1119, transactionTypes=[Lcom.banking.model.TransactionType;@abad267}, succe (truncated)...]
2025-07-02 01:11:44 - Mapped to com.banking.controller.TransactionController#getTransactionsByType(TransactionType)
2025-07-02 01:11:44 - Mapped to com.banking.controller.TransactionController#getSecurityStatistics(String, String)
2025-07-02 01:11:44 - Using 'application/json', given [*/*] and supported [application/json, application/*+json]
2025-07-02 01:11:44 - Writing [{data=[com.banking.dto.TransactionResponse@4ef4a03a, com.banking.dto.TransactionResponse@1b53d6ff, c (truncated)...]
2025-07-02 01:11:44 - Mapped to com.banking.controller.TransactionController#getSecurityStatistics(String, String)
2025-07-02 01:11:44 - Using 'application/json', given [*/*] and supported [application/json, application/*+json]
2025-07-02 01:11:44 - Using 'application/json', given [*/*] and supported [application/json, application/*+json]
2025-07-02 01:11:44 - Writing [{data={totalTransactions=1119, transactionTypes=[Lcom.banking.model.TransactionType;@674aa895}, succ (truncated)...]
2025-07-02 01:11:44 - Writing [{data=[com.banking.dto.TransactionResponse@267bb478, com.banking.dto.TransactionResponse@4321b60e, c (truncated)...]
2025-07-02 01:11:44 - Mapped to com.banking.controller.TransactionController#getSecurityStatistics(String, String)
2025-07-02 01:11:44 - Mapped to com.banking.controller.TransactionController#getTransactionsByType(TransactionType)
2025-07-02 01:11:44 - Using 'application/json', given [*/*] and supported [application/json, application/*+json]
2025-07-02 01:11:44 - Writing [{data=[com.banking.dto.TransactionResponse@72f32000, com.banking.dto.TransactionResponse@6571ac9d, c (truncated)...]
2025-07-02 01:11:44 - Using 'application/json', given [*/*] and supported [application/json, application/*+json]
2025-07-02 01:11:44 - Writing [{data=[com.banking.dto.TransactionResponse@312b3d88, com.banking.dto.TransactionResponse@60c08ed1, c (truncated)...]
2025-07-02 01:11:44 - Using 'application/json', given [*/*] and supported [application/json, application/*+json]
2025-07-02 01:11:44 - Writing [{data={totalTransactions=1119, transactionTypes=[Lcom.banking.model.TransactionType;@119e4fa0}, succ (truncated)...]
2025-07-02 01:11:44 - Mapped to com.banking.controller.TransactionController#getTransactionsByType(TransactionType)
2025-07-02 01:11:44 - Mapped to com.banking.controller.TransactionController#getSecurityStatistics(String, String)
2025-07-02 01:11:44 - Using 'application/json', given [*/*] and supported [application/json, application/*+json]
2025-07-02 01:11:44 - Writing [{data={totalTransactions=1119, transactionTypes=[Lcom.banking.model.TransactionType;@282a65e5}, succ (truncated)...]
2025-07-02 01:11:44 - Mapped to com.banking.controller.TransactionController#getTransactionsByType(TransactionType)
2025-07-02 01:11:44 - Mapped to com.banking.controller.TransactionController#getSecurityStatistics(String, String)
2025-07-02 01:11:44 - Mapped to com.banking.controller.TransactionController#getSecurityStatistics(String, String)
2025-07-02 01:11:44 - Using 'application/json', given [*/*] and supported [application/json, application/*+json]
2025-07-02 01:11:44 - Writing [{data=[com.banking.dto.TransactionResponse@3169663b, com.banking.dto.TransactionResponse@6160ca03, c (truncated)...]
2025-07-02 01:11:44 - Using 'application/json', given [*/*] and supported [application/json, application/*+json]
2025-07-02 01:11:44 - Writing [{data=[com.banking.dto.TransactionResponse@60fe3631, com.banking.dto.TransactionResponse@258a2b75, c (truncated)...]
2025-07-02 01:11:44 - Using 'application/json', given [*/*] and supported [application/json, application/*+json]
2025-07-02 01:11:44 - Writing [{data=[com.banking.dto.TransactionResponse@45f5edc2, com.banking.dto.TransactionResponse@25236c0b, c (truncated)...]
2025-07-02 01:11:44 - Mapped to com.banking.controller.TransactionController#getSecurityStatistics(String, String)
2025-07-02 01:11:44 - Using 'application/json', given [*/*] and supported [application/json, application/*+json]
2025-07-02 01:11:44 - Writing [{pagination={totalPages=112, size=10, total=1119, page=0}, data=[com.banking.dto.TransactionResponse (truncated)...]
2025-07-02 01:11:44 - Mapped to com.banking.controller.TransactionController#getStatistics()
2025-07-02 01:11:44 - Using 'application/json', given [*/*] and supported [application/json, application/*+json]
2025-07-02 01:11:44 - Writing [{data={totalTransactions=1119, transactionTypes=[Lcom.banking.model.TransactionType;@e2ea276}, succe (truncated)...]
2025-07-02 01:11:44 - Mapped to com.banking.controller.TransactionController#getTransactionsByType(TransactionType)
2025-07-02 01:11:44 - Using 'application/json', given [*/*] and supported [application/json, application/*+json]
2025-07-02 01:11:44 - Writing [{data={totalTransactions=1119, transactionTypes=[Lcom.banking.model.TransactionType;@2288e69b}, succ (truncated)...]
2025-07-02 01:11:44 - Mapped to com.banking.controller.TransactionController#getTransactionsByType(TransactionType)
2025-07-02 01:11:44 - Mapped to com.banking.controller.TransactionController#getSecurityStatistics(String, String)
2025-07-02 01:11:44 - Using 'application/json', given [*/*] and supported [application/json, application/*+json]
2025-07-02 01:11:44 - Writing [{data=[com.banking.dto.TransactionResponse@64aafc4f, com.banking.dto.TransactionResponse@70947a27, c (truncated)...]
2025-07-02 01:11:44 - Mapped to com.banking.controller.TransactionController#getSecurityStatistics(String, String)
2025-07-02 01:11:44 - Using 'application/json', given [*/*] and supported [application/json, application/*+json]
2025-07-02 01:11:44 - Writing [{pagination={totalPages=112, size=10, total=1119, page=0}, data=[com.banking.dto.TransactionResponse (truncated)...]
2025-07-02 01:11:44 - Using 'application/json', given [*/*] and supported [application/json, application/*+json]
2025-07-02 01:11:44 - Writing [{data=[com.banking.dto.TransactionResponse@252e41c2, com.banking.dto.TransactionResponse@4cf19c15, c (truncated)...]
2025-07-02 01:11:44 - Mapped to com.banking.controller.TransactionController#getStatistics()
2025-07-02 01:11:44 - Using 'application/json', given [*/*] and supported [application/json, application/*+json]
2025-07-02 01:11:44 - Writing [{pagination={totalPages=112, size=10, total=1119, page=0}, data=[com.banking.dto.TransactionResponse (truncated)...]
2025-07-02 01:11:44 - Mapped to com.banking.controller.TransactionController#getStatistics()
2025-07-02 01:11:44 - Using 'application/json', given [*/*] and supported [application/json, application/*+json]
2025-07-02 01:11:44 - Writing [{data=[com.banking.dto.TransactionResponse@41793979, com.banking.dto.TransactionResponse@63b55db5, c (truncated)...]
2025-07-02 01:11:44 - Mapped to com.banking.controller.TransactionController#getSecurityStatistics(String, String)
2025-07-02 01:11:44 - Using 'application/json', given [*/*] and supported [application/json, application/*+json]
2025-07-02 01:11:44 - Writing [{data=[com.banking.dto.TransactionResponse@c0505d3, com.banking.dto.TransactionResponse@41b79254, co (truncated)...]
2025-07-02 01:11:44 - Using 'application/json', given [*/*] and supported [application/json, application/*+json]
2025-07-02 01:11:44 - Writing [{data={totalTransactions=1119, transactionTypes=[Lcom.banking.model.TransactionType;@4c987515}, succ (truncated)...]
2025-07-02 01:11:44 - Mapped to com.banking.controller.TransactionController#getSecurityStatistics(String, String)
2025-07-02 01:11:44 - Mapped to com.banking.controller.TransactionController#getSecurityStatistics(String, String)
2025-07-02 01:11:44 - Mapped to com.banking.controller.TransactionController#getTransactionsByType(TransactionType)
2025-07-02 01:11:44 - Using 'application/json', given [*/*] and supported [application/json, application/*+json]
2025-07-02 01:11:44 - Writing [{data=com.banking.dto.TransactionResponse@46bee606, success=true, message=交易创建成功}]
2025-07-02 01:11:44 - Mapped to com.banking.controller.TransactionController#getTransactions(int, int)
2025-07-02 01:11:44 - Mapped to com.banking.controller.TransactionController#getSecurityStatistics(String, String)
2025-07-02 01:11:44 - Using 'application/json', given [*/*] and supported [application/json, application/*+json]
2025-07-02 01:11:44 - Writing [{pagination={totalPages=112, size=10, total=1119, page=0}, data=[com.banking.dto.TransactionResponse (truncated)...]
2025-07-02 01:11:44 - Mapped to com.banking.controller.TransactionController#getStatistics()
2025-07-02 01:11:44 - Using 'application/json', given [*/*] and supported [application/json, application/*+json]
2025-07-02 01:11:44 - Writing [{data=[com.banking.dto.TransactionResponse@63f64789, com.banking.dto.TransactionResponse@b9d3c90, co (truncated)...]
2025-07-02 01:11:44 - Using 'application/json', given [*/*] and supported [application/json, application/*+json]
2025-07-02 01:11:44 - Writing [{data=[com.banking.dto.TransactionResponse@d9050ba, com.banking.dto.TransactionResponse@6c34f346, co (truncated)...]
2025-07-02 01:11:44 - Using 'application/json', given [*/*] and supported [application/json, application/*+json]
2025-07-02 01:11:44 - Writing [{data=[com.banking.dto.TransactionResponse@739a94d6, com.banking.dto.TransactionResponse@31d6acc2, c (truncated)...]
2025-07-02 01:11:44 - Mapped to com.banking.controller.TransactionController#getSecurityStatistics(String, String)
2025-07-02 01:11:44 - Using 'application/json', given [*/*] and supported [application/json, application/*+json]
2025-07-02 01:11:44 - Mapped to com.banking.controller.TransactionController#getSecurityStatistics(String, String)
2025-07-02 01:11:44 - Writing [{data={totalTransactions=1120, transactionTypes=[Lcom.banking.model.TransactionType;@b5443f3}, succe (truncated)...]
2025-07-02 01:11:44 - Mapped to com.banking.controller.TransactionController#getTransactionsByType(TransactionType)
2025-07-02 01:11:44 - Using 'application/json', given [*/*] and supported [application/json, application/*+json]
2025-07-02 01:11:44 - Writing [{pagination={totalPages=112, size=10, total=1120, page=0}, data=[com.banking.dto.TransactionResponse (truncated)...]
2025-07-02 01:11:44 - Using 'application/json', given [*/*] and supported [application/json, application/*+json]
2025-07-02 01:11:44 - Writing [{data={totalTransactions=1120, transactionTypes=[Lcom.banking.model.TransactionType;@75cc55c0}, succ (truncated)...]
2025-07-02 01:11:44 - Mapped to com.banking.controller.TransactionController#getSecurityStatistics(String, String)
2025-07-02 01:11:44 - Mapped to com.banking.controller.TransactionController#getTransactionsByType(TransactionType)
2025-07-02 01:11:44 - Using 'application/json', given [*/*] and supported [application/json, application/*+json]
2025-07-02 01:11:44 - Writing [{data={totalTransactions=1120, transactionTypes=[Lcom.banking.model.TransactionType;@1ab137bb}, succ (truncated)...]
2025-07-02 01:11:44 - Mapped to com.banking.controller.TransactionController#getTransactionsByType(TransactionType)
2025-07-02 01:11:44 - Mapped to com.banking.controller.TransactionController#getStatistics()
2025-07-02 01:11:44 - Using 'application/json', given [*/*] and supported [application/json, application/*+json]
2025-07-02 01:11:44 - Writing [{data=[com.banking.dto.TransactionResponse@5bfa7a1e, com.banking.dto.TransactionResponse@eae82c0, co (truncated)...]
2025-07-02 01:11:44 - Using 'application/json', given [*/*] and supported [application/json, application/*+json]
2025-07-02 01:11:44 - Writing [{data=[com.banking.dto.TransactionResponse@25997898, com.banking.dto.TransactionResponse@3f137be3, c (truncated)...]
2025-07-02 01:11:44 - Using 'application/json', given [*/*] and supported [application/json, application/*+json]
2025-07-02 01:11:44 - Writing [{data=[com.banking.dto.TransactionResponse@c8767a6, com.banking.dto.TransactionResponse@2b17aaf3, co (truncated)...]
2025-07-02 01:11:44 - Using 'application/json', given [*/*] and supported [application/json, application/*+json]
2025-07-02 01:11:44 - Mapped to com.banking.controller.TransactionController#getSecurityStatistics(String, String)
2025-07-02 01:11:44 - Writing [{data={totalTransactions=1120, transactionTypes=[Lcom.banking.model.TransactionType;@2c964bc3}, succ (truncated)...]
2025-07-02 01:11:44 - Mapped to com.banking.controller.TransactionController#getTransactionsByType(TransactionType)
2025-07-02 01:11:44 - Using 'application/json', given [*/*] and supported [application/json, application/*+json]
2025-07-02 01:11:44 - Mapped to com.banking.controller.TransactionController#getSecurityStatistics(String, String)
2025-07-02 01:11:44 - Writing [{data={totalTransactions=1120, transactionTypes=[Lcom.banking.model.TransactionType;@55a5eca6}, succ (truncated)...]
2025-07-02 01:11:44 - Mapped to com.banking.controller.TransactionController#getTransactionsByType(TransactionType)
2025-07-02 01:11:44 - Using 'application/json', given [*/*] and supported [application/json, application/*+json]
2025-07-02 01:11:44 - Writing [{data={transDate=2025-07-02, securityCode=000001, buyStatistics={transactionCount=1, totalUnits=100, (truncated)...]
2025-07-02 01:11:44 - Mapped to com.banking.controller.TransactionController#getTransactionsByAccount(String)
2025-07-02 01:11:44 - Using 'application/json', given [*/*] and supported [application/json, application/*+json]
2025-07-02 01:11:44 - Writing [{data={totalTransactions=1120, transactionTypes=[Lcom.banking.model.TransactionType;@1587863d}, succ (truncated)...]
2025-07-02 01:11:44 - Mapped to com.banking.controller.TransactionController#getTransactionsByType(TransactionType)
2025-07-02 01:11:44 - Using 'application/json', given [*/*] and supported [application/json, application/*+json]
2025-07-02 01:11:44 - Writing [{data=[com.banking.dto.TransactionResponse@32420391, com.banking.dto.TransactionResponse@68627670, c (truncated)...]
2025-07-02 01:11:44 - Using 'application/json', given [*/*] and supported [application/json, application/*+json]
2025-07-02 01:11:44 - Writing [{data={transDate=2025-07-02, securityCode=000001, buyStatistics={transactionCount=1, totalUnits=100, (truncated)...]
2025-07-02 01:11:44 - Using 'application/json', given [*/*] and supported [application/json, application/*+json]
2025-07-02 01:11:44 - Using 'application/json', given [*/*] and supported [application/json, application/*+json]
2025-07-02 01:11:44 - Writing [{data={totalTransactions=1120, transactionTypes=[Lcom.banking.model.TransactionType;@202e9547}, succ (truncated)...]
2025-07-02 01:11:44 - Writing [{data={totalTransactions=1120, transactionTypes=[Lcom.banking.model.TransactionType;@39db89ac}, succ (truncated)...]
2025-07-02 01:11:44 - Mapped to com.banking.controller.TransactionController#getSecurityStatistics(String, String)
2025-07-02 01:11:44 - Mapped to com.banking.controller.TransactionController#getSecurityStatistics(String, String)
2025-07-02 01:11:44 - Mapped to com.banking.controller.TransactionController#getTransactionsByType(TransactionType)
2025-07-02 01:11:44 - Using 'application/json', given [*/*] and supported [application/json, application/*+json]
2025-07-02 01:11:44 - Using 'application/json', given [*/*] and supported [application/json, application/*+json]
2025-07-02 01:11:44 - Using 'application/json', given [*/*] and supported [application/json, application/*+json]
2025-07-02 01:11:44 - Writing [{data={transDate=2025-07-02, securityCode=000001, buyStatistics={transactionCount=1, totalUnits=100, (truncated)...]
2025-07-02 01:11:44 - Writing [{data={transDate=2025-07-02, securityCode=000001, buyStatistics={transactionCount=1, totalUnits=100, (truncated)...]
2025-07-02 01:11:44 - Writing [{data={totalTransactions=1120, transactionTypes=[Lcom.banking.model.TransactionType;@17dead67}, succ (truncated)...]
2025-07-02 01:11:44 - Mapped to com.banking.controller.TransactionController#getTransactionsByType(TransactionType)
2025-07-02 01:11:44 - Mapped to com.banking.controller.TransactionController#getTransactionsByType(TransactionType)
2025-07-02 01:11:44 - Mapped to com.banking.controller.TransactionController#getTransactionsByAccount(String)
2025-07-02 01:11:44 - Mapped to com.banking.controller.TransactionController#getTransactionsByAccount(String)
2025-07-02 01:11:44 - Mapped to com.banking.controller.TransactionController#getTransactionsByAccount(String)
2025-07-02 01:11:44 - Using 'application/json', given [*/*] and supported [application/json, application/*+json]
2025-07-02 01:11:44 - Writing [{data=[com.banking.dto.TransactionResponse@8598e57, com.banking.dto.TransactionResponse@1e365821, co (truncated)...]
2025-07-02 01:11:44 - Using 'application/json', given [*/*] and supported [application/json, application/*+json]
2025-07-02 01:11:44 - Writing [{data={totalTransactions=1120, transactionTypes=[Lcom.banking.model.TransactionType;@2394924b}, succ (truncated)...]
2025-07-02 01:11:44 - Mapped to com.banking.controller.TransactionController#getSecurityStatistics(String, String)
2025-07-02 01:11:44 - Using 'application/json', given [*/*] and supported [application/json, application/*+json]
2025-07-02 01:11:44 - Writing [{data={transDate=2025-07-02, securityCode=000001, buyStatistics={transactionCount=1, totalUnits=100, (truncated)...]
2025-07-02 01:11:44 - Using 'application/json', given [*/*] and supported [application/json, application/*+json]
2025-07-02 01:11:44 - Writing [{data={transDate=2025-07-02, securityCode=000001, buyStatistics={transactionCount=1, totalUnits=100, (truncated)...]
2025-07-02 01:11:44 - Mapped to com.banking.controller.TransactionController#getTransactionsByType(TransactionType)
2025-07-02 01:11:44 - Mapped to com.banking.controller.TransactionController#getTransactionsByAccount(String)
2025-07-02 01:11:44 - Mapped to com.banking.controller.TransactionController#getTransactionsByAccount(String)
2025-07-02 01:11:44 - Using 'application/json', given [*/*] and supported [application/json, application/*+json]
2025-07-02 01:11:44 - Writing [{data={transDate=2025-07-02, securityCode=000001, buyStatistics={transactionCount=1, totalUnits=100, (truncated)...]
2025-07-02 01:11:44 - Using 'application/json', given [*/*] and supported [application/json, application/*+json]
2025-07-02 01:11:44 - Writing [{data={totalTransactions=1120, transactionTypes=[Lcom.banking.model.TransactionType;@371a4a97}, succ (truncated)...]
2025-07-02 01:11:44 - Mapped to com.banking.controller.TransactionController#getTransactionsByAccount(String)
2025-07-02 01:11:44 - Mapped to com.banking.controller.TransactionController#getTransactionsByType(TransactionType)
2025-07-02 01:11:44 - Using 'application/json', given [*/*] and supported [application/json, application/*+json]
2025-07-02 01:11:44 - Writing [{data={totalTransactions=1120, transactionTypes=[Lcom.banking.model.TransactionType;@39b6a7d3}, succ (truncated)...]
2025-07-02 01:11:44 - Using 'application/json', given [*/*] and supported [application/json, application/*+json]
2025-07-02 01:11:44 - Mapped to com.banking.controller.TransactionController#getTransactionsByType(TransactionType)
2025-07-02 01:11:44 - Writing [{data={totalTransactions=1120, transactionTypes=[Lcom.banking.model.TransactionType;@254a01d4}, succ (truncated)...]
2025-07-02 01:11:44 - Using 'application/json', given [*/*] and supported [application/json, application/*+json]
2025-07-02 01:11:44 - Writing [{data={totalTransactions=1120, transactionTypes=[Lcom.banking.model.TransactionType;@6e670ac8}, succ (truncated)...]
2025-07-02 01:11:44 - Mapped to com.banking.controller.TransactionController#getTransactionsByType(TransactionType)
2025-07-02 01:11:44 - Mapped to com.banking.controller.TransactionController#getTransactionsByType(TransactionType)
2025-07-02 01:11:44 - Mapped to com.banking.controller.TransactionController#getSecurityStatistics(String, String)
2025-07-02 01:11:44 - Using 'application/json', given [*/*] and supported [application/json, application/*+json]
2025-07-02 01:11:44 - Writing [{data={transDate=2025-07-02, securityCode=000001, buyStatistics={transactionCount=1, totalUnits=100, (truncated)...]
2025-07-02 01:11:44 - Mapped to com.banking.controller.TransactionController#getTransactionsByAccount(String)
2025-07-02 01:11:44 - Mapped to com.banking.controller.TransactionController#getSecurityStatistics(String, String)
2025-07-02 01:11:44 - Using 'application/json', given [*/*] and supported [application/json, application/*+json]
2025-07-02 01:11:44 - Writing [{data={transDate=2025-07-02, securityCode=000001, buyStatistics={transactionCount=1, totalUnits=100, (truncated)...]
2025-07-02 01:11:44 - Mapped to com.banking.controller.TransactionController#getTransactionsByAccount(String)
2025-07-02 01:11:45 - Using 'application/json', given [*/*] and supported [application/json, application/*+json]
2025-07-02 01:11:45 - Writing [{data=[com.banking.dto.TransactionResponse@77813340, com.banking.dto.TransactionResponse@7862b325, c (truncated)...]
2025-07-02 01:11:45 - Using 'application/json', given [*/*] and supported [application/json, application/*+json]
2025-07-02 01:11:45 - Writing [{data=[com.banking.dto.TransactionResponse@51560d4b, com.banking.dto.TransactionResponse@62cc9ce3, c (truncated)...]
2025-07-02 01:11:45 - Using 'application/json', given [*/*] and supported [application/json, application/*+json]
2025-07-02 01:11:45 - Writing [{data=[com.banking.dto.TransactionResponse@399b7775, com.banking.dto.TransactionResponse@7ba59063, c (truncated)...]
2025-07-02 01:11:45 - Using 'application/json', given [*/*] and supported [application/json, application/*+json]
2025-07-02 01:11:45 - Writing [{data=[com.banking.dto.TransactionResponse@7e3a7d63, com.banking.dto.TransactionResponse@33b10799, c (truncated)...]
2025-07-02 01:11:45 - Using 'application/json', given [*/*] and supported [application/json, application/*+json]
2025-07-02 01:11:45 - Writing [{data=[com.banking.dto.TransactionResponse@2c3fb57d, com.banking.dto.TransactionResponse@614d5bdd, c (truncated)...]
2025-07-02 01:11:45 - Mapped to com.banking.controller.TransactionController#getSecurityStatistics(String, String)
2025-07-02 01:11:45 - Using 'application/json', given [*/*] and supported [application/json, application/*+json]
2025-07-02 01:11:45 - Writing [{data={transDate=2025-07-02, securityCode=000001, buyStatistics={transactionCount=1, totalUnits=100, (truncated)...]
2025-07-02 01:11:45 - Mapped to com.banking.controller.TransactionController#getTransactionsByAccount(String)
2025-07-02 01:11:45 - Mapped to com.banking.controller.TransactionController#getSecurityStatistics(String, String)
2025-07-02 01:11:45 - Using 'application/json', given [*/*] and supported [application/json, application/*+json]
2025-07-02 01:11:45 - Writing [{data={transDate=2025-07-02, securityCode=000001, buyStatistics={transactionCount=1, totalUnits=100, (truncated)...]
2025-07-02 01:11:45 - Using 'application/json', given [*/*] and supported [application/json, application/*+json]
2025-07-02 01:11:45 - Writing [{data={totalTransactions=1120, transactionTypes=[Lcom.banking.model.TransactionType;@7e29aad3}, succ (truncated)...]
2025-07-02 01:11:45 - Mapped to com.banking.controller.TransactionController#getSecurityStatistics(String, String)
2025-07-02 01:11:45 - Mapped to com.banking.controller.TransactionController#getTransactionsByAccount(String)
2025-07-02 01:11:45 - Mapped to com.banking.controller.TransactionController#getTransactionsByType(TransactionType)
2025-07-02 01:11:45 - Using 'application/json', given [*/*] and supported [application/json, application/*+json]
2025-07-02 01:11:45 - Writing [{data={transDate=2025-07-02, securityCode=000001, buyStatistics={transactionCount=1, totalUnits=100, (truncated)...]
2025-07-02 01:11:45 - Mapped to com.banking.controller.TransactionController#getTransactionsByAccount(String)
2025-07-02 01:11:45 - Using 'application/json', given [*/*] and supported [application/json, application/*+json]
2025-07-02 01:11:45 - Writing [{data=[com.banking.dto.TransactionResponse@7c031d2d, com.banking.dto.TransactionResponse@5ff8a6ff, c (truncated)...]
2025-07-02 01:11:45 - Using 'application/json', given [*/*] and supported [application/json, application/*+json]
2025-07-02 01:11:45 - Writing [{data={transDate=2025-07-02, securityCode=000001, buyStatistics={transactionCount=1, totalUnits=100, (truncated)...]
2025-07-02 01:11:45 - Mapped to com.banking.controller.TransactionController#getTransactionsByAccount(String)
2025-07-02 01:11:45 - Using 'application/json', given [*/*] and supported [application/json, application/*+json]
2025-07-02 01:11:45 - Writing [{data={totalTransactions=1120, transactionTypes=[Lcom.banking.model.TransactionType;@7441bf2d}, succ (truncated)...]
2025-07-02 01:11:45 - Mapped to com.banking.controller.TransactionController#getTransactionsByType(TransactionType)
2025-07-02 01:11:45 - Using 'application/json', given [*/*] and supported [application/json, application/*+json]
2025-07-02 01:11:45 - Writing [{data={transDate=2025-07-02, securityCode=000001, buyStatistics={transactionCount=1, totalUnits=100, (truncated)...]
2025-07-02 01:11:45 - Mapped to com.banking.controller.TransactionController#getTransactionsByAccount(String)
2025-07-02 01:11:45 - Using 'application/json', given [*/*] and supported [application/json, application/*+json]
2025-07-02 01:11:45 - Writing [{data={transDate=2025-07-02, securityCode=000001, buyStatistics={transactionCount=1, totalUnits=100, (truncated)...]
2025-07-02 01:11:45 - Mapped to com.banking.controller.TransactionController#getTransactionsByAccount(String)
2025-07-02 01:11:45 - Using 'application/json', given [*/*] and supported [application/json, application/*+json]
2025-07-02 01:11:45 - Writing [{data={transDate=2025-07-02, securityCode=000001, buyStatistics={transactionCount=1, totalUnits=100, (truncated)...]
2025-07-02 01:11:45 - Mapped to com.banking.controller.TransactionController#getTransactionsByAccount(String)
2025-07-02 01:11:45 - Using 'application/json', given [*/*] and supported [application/json, application/*+json]
2025-07-02 01:11:45 - Using 'application/json', given [*/*] and supported [application/json, application/*+json]
2025-07-02 01:11:45 - Writing [{data=[com.banking.dto.TransactionResponse@2df6e469, com.banking.dto.TransactionResponse@2fd5d181, c (truncated)...]
2025-07-02 01:11:45 - Writing [{data={transDate=2025-07-02, securityCode=000001, buyStatistics={transactionCount=1, totalUnits=100, (truncated)...]
2025-07-02 01:11:45 - Mapped to com.banking.controller.TransactionController#getTransactionsByAccount(String)
2025-07-02 01:11:45 - Using 'application/json', given [*/*] and supported [application/json, application/*+json]
2025-07-02 01:11:45 - Writing [{data=[com.banking.dto.TransactionResponse@5b790dbe, com.banking.dto.TransactionResponse@4c1c96b4, c (truncated)...]
2025-07-02 01:11:45 - Mapped to com.banking.controller.TransactionController#getSecurityStatistics(String, String)
2025-07-02 01:11:45 - Using 'application/json', given [*/*] and supported [application/json, application/*+json]
2025-07-02 01:11:45 - Writing [{data={transDate=2025-07-02, securityCode=000001, buyStatistics={transactionCount=1, totalUnits=100, (truncated)...]
2025-07-02 01:11:45 - Mapped to com.banking.controller.TransactionController#getTransactionsByAccount(String)
2025-07-02 01:11:45 - Using 'application/json', given [*/*] and supported [application/json, application/*+json]
2025-07-02 01:11:45 - Writing [{data=[com.banking.dto.TransactionResponse@635c48cd, com.banking.dto.TransactionResponse@73431984, c (truncated)...]
2025-07-02 01:11:45 - Using 'application/json', given [*/*] and supported [application/json, application/*+json]
2025-07-02 01:11:45 - Writing [{data={totalTransactions=1120, transactionTypes=[Lcom.banking.model.TransactionType;@9f28d33}, succe (truncated)...]
2025-07-02 01:11:45 - Mapped to com.banking.controller.TransactionController#getSecurityStatistics(String, String)
2025-07-02 01:11:45 - Mapped to com.banking.controller.TransactionController#getTransactionsByType(TransactionType)
2025-07-02 01:11:45 - Using 'application/json', given [*/*] and supported [application/json, application/*+json]
2025-07-02 01:11:45 - Writing [{data={transDate=2025-07-02, securityCode=000001, buyStatistics={transactionCount=1, totalUnits=100, (truncated)...]
2025-07-02 01:11:45 - Mapped to com.banking.controller.TransactionController#getTransactionsByAccount(String)
2025-07-02 01:11:45 - Mapped to com.banking.controller.TransactionController#getSecurityStatistics(String, String)
2025-07-02 01:11:45 - Mapped to com.banking.controller.TransactionController#getSecurityStatistics(String, String)
2025-07-02 01:11:45 - Using 'application/json', given [*/*] and supported [application/json, application/*+json]
2025-07-02 01:11:45 - Writing [{data={transDate=2025-07-02, securityCode=000001, buyStatistics={transactionCount=1, totalUnits=100, (truncated)...]
2025-07-02 01:11:45 - Mapped to com.banking.controller.TransactionController#getTransactionsByAccount(String)
2025-07-02 01:11:45 - Using 'application/json', given [*/*] and supported [application/json, application/*+json]
2025-07-02 01:11:45 - Writing [{data={transDate=2025-07-02, securityCode=000001, buyStatistics={transactionCount=1, totalUnits=100, (truncated)...]
2025-07-02 01:11:45 - Mapped to com.banking.controller.TransactionController#getTransactionsByAccount(String)
2025-07-02 01:11:45 - Using 'application/json', given [*/*] and supported [application/json, application/*+json]
2025-07-02 01:11:45 - Writing [{data=[com.banking.dto.TransactionResponse@1f0b8c68, com.banking.dto.TransactionResponse@5b554f2c, c (truncated)...]
2025-07-02 01:11:45 - Using 'application/json', given [*/*] and supported [application/json, application/*+json]
2025-07-02 01:11:45 - Writing [{data=[com.banking.dto.TransactionResponse@3e5d7c52, com.banking.dto.TransactionResponse@15dfa06c, c (truncated)...]
2025-07-02 01:11:45 - Using 'application/json', given [*/*] and supported [application/json, application/*+json]
2025-07-02 01:11:45 - Writing [{data={transDate=2025-07-02, securityCode=000001, buyStatistics={transactionCount=1, totalUnits=100, (truncated)...]
2025-07-02 01:11:45 - Mapped to com.banking.controller.TransactionController#getSecurityStatistics(String, String)
2025-07-02 01:11:45 - Using 'application/json', given [*/*] and supported [application/json, application/*+json]
2025-07-02 01:11:45 - Writing [{data={transDate=2025-07-02, securityCode=000001, buyStatistics={transactionCount=1, totalUnits=100, (truncated)...]
2025-07-02 01:11:45 - Mapped to com.banking.controller.TransactionController#getTransactionsByAccount(String)
2025-07-02 01:11:45 - Using 'application/json', given [*/*] and supported [application/json, application/*+json]
2025-07-02 01:11:45 - Writing [{pagination={totalPages=112, size=10, total=1120, page=0}, data=[com.banking.dto.TransactionResponse (truncated)...]
2025-07-02 01:11:45 - Mapped to com.banking.controller.TransactionController#getTransactionsByAccount(String)
2025-07-02 01:11:45 - Mapped to com.banking.controller.TransactionController#getStatistics()
2025-07-02 01:11:45 - Mapped to com.banking.controller.TransactionController#getSecurityStatistics(String, String)
2025-07-02 01:11:45 - Using 'application/json', given [*/*] and supported [application/json, application/*+json]
2025-07-02 01:11:45 - Writing [{data={transDate=2025-07-02, securityCode=000001, buyStatistics={transactionCount=1, totalUnits=100, (truncated)...]
2025-07-02 01:11:45 - Mapped to com.banking.controller.TransactionController#getTransactionsByAccount(String)
2025-07-02 01:11:45 - Using 'application/json', given [*/*] and supported [application/json, application/*+json]
2025-07-02 01:11:45 - Writing [{data={transDate=2025-07-02, securityCode=000001, buyStatistics={transactionCount=1, totalUnits=100, (truncated)...]
2025-07-02 01:11:45 - Mapped to com.banking.controller.TransactionController#getTransactionsByAccount(String)
2025-07-02 01:11:45 - Using 'application/json', given [*/*] and supported [application/json, application/*+json]
2025-07-02 01:11:45 - Writing [{data={totalTransactions=1120, transactionTypes=[Lcom.banking.model.TransactionType;@5fe9c00a}, succ (truncated)...]
2025-07-02 01:11:45 - Mapped to com.banking.controller.TransactionController#getTransactionsByType(TransactionType)
2025-07-02 01:11:45 - Using 'application/json', given [*/*] and supported [application/json, application/*+json]
2025-07-02 01:11:45 - Writing [{data={totalTransactions=1120, transactionTypes=[Lcom.banking.model.TransactionType;@488081b1}, succ (truncated)...]
2025-07-02 01:11:45 - Mapped to com.banking.controller.TransactionController#getTransactionsByType(TransactionType)
2025-07-02 01:11:45 - Using 'application/json', given [*/*] and supported [application/json, application/*+json]
2025-07-02 01:11:45 - Writing [{data={transDate=2025-07-02, securityCode=000001, buyStatistics={transactionCount=1, totalUnits=100, (truncated)...]
2025-07-02 01:11:45 - Mapped to com.banking.controller.TransactionController#getTransactionsByAccount(String)
2025-07-02 01:11:45 - Using 'application/json', given [*/*] and supported [application/json, application/*+json]
2025-07-02 01:11:45 - Writing [{data={totalTransactions=1120, transactionTypes=[Lcom.banking.model.TransactionType;@4d539fd9}, succ (truncated)...]
2025-07-02 01:11:45 - Mapped to com.banking.controller.TransactionController#getTransactionsByType(TransactionType)
2025-07-02 01:11:45 - Using 'application/json', given [*/*] and supported [application/json, application/*+json]
2025-07-02 01:11:45 - Mapped to com.banking.controller.TransactionController#getSecurityStatistics(String, String)
2025-07-02 01:11:45 - Writing [{data={totalTransactions=1120, transactionTypes=[Lcom.banking.model.TransactionType;@64df3046}, succ (truncated)...]
2025-07-02 01:11:45 - Using 'application/json', given [*/*] and supported [application/json, application/*+json]
2025-07-02 01:11:45 - Writing [{data={transDate=2025-07-02, securityCode=000001, buyStatistics={transactionCount=1, totalUnits=100, (truncated)...]
2025-07-02 01:11:45 - Mapped to com.banking.controller.TransactionController#getTransactionsByType(TransactionType)
2025-07-02 01:11:45 - Mapped to com.banking.controller.TransactionController#getTransactionsByAccount(String)
2025-07-02 01:11:45 - Mapped to com.banking.controller.TransactionController#getSecurityStatistics(String, String)
2025-07-02 01:11:45 - Using 'application/json', given [*/*] and supported [application/json, application/*+json]
2025-07-02 01:11:45 - Writing [{data={transDate=2025-07-02, securityCode=000001, buyStatistics={transactionCount=1, totalUnits=100, (truncated)...]
2025-07-02 01:11:45 - Using 'application/json', given [*/*] and supported [application/json, application/*+json]
2025-07-02 01:11:45 - Writing [{data={transDate=2025-07-02, securityCode=000001, buyStatistics={transactionCount=1, totalUnits=100, (truncated)...]
2025-07-02 01:11:45 - Mapped to com.banking.controller.TransactionController#getTransactionsByAccount(String)
2025-07-02 01:11:45 - Mapped to com.banking.controller.TransactionController#getTransactionsByAccount(String)
2025-07-02 01:11:45 - Using 'application/json', given [*/*] and supported [application/json, application/*+json]
2025-07-02 01:11:45 - Writing [{pagination={totalPages=112, size=10, total=1120, page=0}, data=[com.banking.dto.TransactionResponse (truncated)...]
2025-07-02 01:11:45 - Mapped to com.banking.controller.TransactionController#getStatistics()
2025-07-02 01:11:45 - Using 'application/json', given [*/*] and supported [application/json, application/*+json]
2025-07-02 01:11:45 - Writing [{data=[com.banking.dto.TransactionResponse@3368b013, com.banking.dto.TransactionResponse@4333b219, c (truncated)...]
2025-07-02 01:11:45 - Using 'application/json', given [*/*] and supported [application/json, application/*+json]
2025-07-02 01:11:45 - Writing [{data=[com.banking.dto.TransactionResponse@165f6973, com.banking.dto.TransactionResponse@67ad4391, c (truncated)...]
2025-07-02 01:11:45 - Using 'application/json', given [*/*] and supported [application/json, application/*+json]
2025-07-02 01:11:45 - Writing [{data={transDate=2025-07-02, securityCode=000001, buyStatistics={transactionCount=1, totalUnits=100, (truncated)...]
2025-07-02 01:11:45 - Mapped to com.banking.controller.TransactionController#getTransactionsByAccount(String)
2025-07-02 01:11:45 - Using 'application/json', given [*/*] and supported [application/json, application/*+json]
2025-07-02 01:11:45 - Writing [{data={totalTransactions=1120, transactionTypes=[Lcom.banking.model.TransactionType;@2c27a071}, succ (truncated)...]
2025-07-02 01:11:45 - Mapped to com.banking.controller.TransactionController#getTransactionsByType(TransactionType)
2025-07-02 01:11:45 - Using 'application/json', given [*/*] and supported [application/json, application/*+json]
2025-07-02 01:11:45 - Writing [{data={transDate=2025-07-02, securityCode=000001, buyStatistics={transactionCount=1, totalUnits=100, (truncated)...]
2025-07-02 01:11:45 - Using 'application/json', given [*/*] and supported [application/json, application/*+json]
2025-07-02 01:11:45 - Mapped to com.banking.controller.TransactionController#getTransactionsByAccount(String)
2025-07-02 01:11:45 - Writing [{data=[com.banking.dto.TransactionResponse@7748f40e, com.banking.dto.TransactionResponse@182c5d27, c (truncated)...]
2025-07-02 01:11:45 - Using 'application/json', given [*/*] and supported [application/json, application/*+json]
2025-07-02 01:11:45 - Writing [{data={transDate=2025-07-02, securityCode=000001, buyStatistics={transactionCount=1, totalUnits=100, (truncated)...]
2025-07-02 01:11:45 - Mapped to com.banking.controller.TransactionController#getTransactionsByAccount(String)
2025-07-02 01:11:45 - Using 'application/json', given [*/*] and supported [application/json, application/*+json]
2025-07-02 01:11:45 - Writing [{data=[com.banking.dto.TransactionResponse@392aa8c3, com.banking.dto.TransactionResponse@2258ae17, c (truncated)...]
2025-07-02 01:11:45 - Using 'application/json', given [*/*] and supported [application/json, application/*+json]
2025-07-02 01:11:45 - Writing [{data={transDate=2025-07-02, securityCode=000001, buyStatistics={transactionCount=1, totalUnits=100, (truncated)...]
2025-07-02 01:11:45 - Mapped to com.banking.controller.TransactionController#getTransactionsByAccount(String)
2025-07-02 01:11:45 - Using 'application/json', given [*/*] and supported [application/json, application/*+json]
2025-07-02 01:11:45 - Writing [{data={transDate=2025-07-02, securityCode=000001, buyStatistics={transactionCount=1, totalUnits=100, (truncated)...]
2025-07-02 01:11:45 - Mapped to com.banking.controller.TransactionController#getTransactionsByAccount(String)
2025-07-02 01:11:45 - Using 'application/json', given [*/*] and supported [application/json, application/*+json]
2025-07-02 01:11:45 - Writing [{pagination={totalPages=112, size=10, total=1120, page=0}, data=[com.banking.dto.TransactionResponse (truncated)...]
2025-07-02 01:11:45 - Mapped to com.banking.controller.TransactionController#getStatistics()
2025-07-02 01:11:45 - Mapped to com.banking.controller.TransactionController#getSecurityStatistics(String, String)
2025-07-02 01:11:45 - Using 'application/json', given [*/*] and supported [application/json, application/*+json]
2025-07-02 01:11:45 - Writing [{data=[com.banking.dto.TransactionResponse@26f997ee, com.banking.dto.TransactionResponse@18429833, c (truncated)...]
2025-07-02 01:11:45 - Using 'application/json', given [*/*] and supported [application/json, application/*+json]
2025-07-02 01:11:45 - Writing [{data={transDate=2025-07-02, securityCode=000001, buyStatistics={transactionCount=1, totalUnits=100, (truncated)...]
2025-07-02 01:11:45 - Mapped to com.banking.controller.TransactionController#getTransactionsByAccount(String)
2025-07-02 01:11:45 - Mapped to com.banking.controller.TransactionController#getSecurityStatistics(String, String)
2025-07-02 01:11:45 - Mapped to com.banking.controller.TransactionController#getSecurityStatistics(String, String)
2025-07-02 01:11:45 - Using 'application/json', given [*/*] and supported [application/json, application/*+json]
2025-07-02 01:11:45 - Using 'application/json', given [*/*] and supported [application/json, application/*+json]
2025-07-02 01:11:45 - Writing [{data={transDate=2025-07-02, securityCode=000001, buyStatistics={transactionCount=1, totalUnits=100, (truncated)...]
2025-07-02 01:11:45 - Writing [{data=[com.banking.dto.TransactionResponse@3a3a6d99, com.banking.dto.TransactionResponse@61e912ba, c (truncated)...]
2025-07-02 01:11:45 - Using 'application/json', given [*/*] and supported [application/json, application/*+json]
2025-07-02 01:11:45 - Writing [{data={transDate=2025-07-02, securityCode=000001, buyStatistics={transactionCount=1, totalUnits=100, (truncated)...]
2025-07-02 01:11:45 - Mapped to com.banking.controller.TransactionController#getTransactionsByAccount(String)
2025-07-02 01:11:45 - Mapped to com.banking.controller.TransactionController#getTransactionsByAccount(String)
2025-07-02 01:11:45 - Mapped to com.banking.controller.TransactionController#getSecurityStatistics(String, String)
2025-07-02 01:11:45 - Using 'application/json', given [*/*] and supported [application/json, application/*+json]
2025-07-02 01:11:45 - Using 'application/json', given [*/*] and supported [application/json, application/*+json]
2025-07-02 01:11:45 - Writing [{data={transDate=2025-07-02, securityCode=000001, buyStatistics={transactionCount=1, totalUnits=100, (truncated)...]
2025-07-02 01:11:45 - Writing [{data={transDate=2025-07-02, securityCode=000001, buyStatistics={transactionCount=1, totalUnits=100, (truncated)...]
2025-07-02 01:11:45 - Using 'application/json', given [*/*] and supported [application/json, application/*+json]
2025-07-02 01:11:45 - Writing [{data={transDate=2025-07-02, securityCode=000001, buyStatistics={transactionCount=1, totalUnits=100, (truncated)...]
2025-07-02 01:11:45 - Mapped to com.banking.controller.TransactionController#getTransactionsByAccount(String)
2025-07-02 01:11:45 - Mapped to com.banking.controller.TransactionController#getTransactionsByAccount(String)
2025-07-02 01:11:45 - Mapped to com.banking.controller.TransactionController#getTransactionsByAccount(String)
2025-07-02 01:11:45 - Using 'application/json', given [*/*] and supported [application/json, application/*+json]
2025-07-02 01:11:45 - Writing [{data={transDate=2025-07-02, securityCode=000001, buyStatistics={transactionCount=1, totalUnits=100, (truncated)...]
2025-07-02 01:11:45 - Mapped to com.banking.controller.TransactionController#getTransactionsByAccount(String)
2025-07-02 01:11:45 - Using 'application/json', given [*/*] and supported [application/json, application/*+json]
2025-07-02 01:11:45 - Writing [{data=[com.banking.dto.TransactionResponse@355e11cc, com.banking.dto.TransactionResponse@5d55eda4, c (truncated)...]
2025-07-02 01:11:45 - Using 'application/json', given [*/*] and supported [application/json, application/*+json]
2025-07-02 01:11:45 - Using 'application/json', given [*/*] and supported [application/json, application/*+json]
2025-07-02 01:11:45 - Writing [{data={transDate=2025-07-02, securityCode=000001, buyStatistics={transactionCount=1, totalUnits=100, (truncated)...]
2025-07-02 01:11:45 - Writing [{data=[com.banking.dto.TransactionResponse@67def858, com.banking.dto.TransactionResponse@5f3f2221, c (truncated)...]
2025-07-02 01:11:45 - Mapped to com.banking.controller.TransactionController#getTransactionsByAccount(String)
2025-07-02 01:11:45 - Using 'application/json', given [*/*] and supported [application/json, application/*+json]
2025-07-02 01:11:45 - Writing [{data={transDate=2025-07-02, securityCode=000001, buyStatistics={transactionCount=1, totalUnits=100, (truncated)...]
2025-07-02 01:11:45 - Mapped to com.banking.controller.TransactionController#getTransactionsByAccount(String)
2025-07-02 01:11:45 - Using 'application/json', given [*/*] and supported [application/json, application/*+json]
2025-07-02 01:11:45 - Writing [{data=[com.banking.dto.TransactionResponse@42594b00, com.banking.dto.TransactionResponse@3b475de7, c (truncated)...]
2025-07-02 01:11:45 - Mapped to com.banking.controller.TransactionController#getSecurityStatistics(String, String)
2025-07-02 01:11:45 - Using 'application/json', given [*/*] and supported [application/json, application/*+json]
2025-07-02 01:11:45 - Writing [{data={transDate=2025-07-02, securityCode=000001, buyStatistics={transactionCount=1, totalUnits=100, (truncated)...]
2025-07-02 01:11:45 - Mapped to com.banking.controller.TransactionController#getTransactionsByAccount(String)
2025-07-02 01:11:45 - Using 'application/json', given [*/*] and supported [application/json, application/*+json]
2025-07-02 01:11:45 - Writing [{data={transDate=2025-07-02, securityCode=000001, buyStatistics={transactionCount=1, totalUnits=100, (truncated)...]
2025-07-02 01:11:45 - Mapped to com.banking.controller.TransactionController#getTransactionsByAccount(String)
2025-07-02 01:11:45 - Using 'application/json', given [*/*] and supported [application/json, application/*+json]
2025-07-02 01:11:45 - Writing [{data={totalTransactions=1120, transactionTypes=[Lcom.banking.model.TransactionType;@5505de0b}, succ (truncated)...]
2025-07-02 01:11:45 - Mapped to com.banking.controller.TransactionController#getSecurityStatistics(String, String)
2025-07-02 01:11:45 - Using 'application/json', given [*/*] and supported [application/json, application/*+json]
2025-07-02 01:11:45 - Writing [{data={transDate=2025-07-02, securityCode=000001, buyStatistics={transactionCount=1, totalUnits=100, (truncated)...]
2025-07-02 01:11:45 - Mapped to com.banking.controller.TransactionController#getTransactionsByType(TransactionType)
2025-07-02 01:11:45 - Mapped to com.banking.controller.TransactionController#getTransactionsByAccount(String)
2025-07-02 01:11:45 - Using 'application/json', given [*/*] and supported [application/json, application/*+json]
2025-07-02 01:11:45 - Writing [{data=[com.banking.dto.TransactionResponse@530b6b4d, com.banking.dto.TransactionResponse@4352d8ab, c (truncated)...]
2025-07-02 01:11:45 - Using 'application/json', given [*/*] and supported [application/json, application/*+json]
2025-07-02 01:11:45 - Writing [{data={transDate=2025-07-02, securityCode=000001, buyStatistics={transactionCount=1, totalUnits=100, (truncated)...]
2025-07-02 01:11:45 - Mapped to com.banking.controller.TransactionController#getTransactionsByAccount(String)
2025-07-02 01:11:45 - Using 'application/json', given [*/*] and supported [application/json, application/*+json]
2025-07-02 01:11:45 - Writing [{data=[com.banking.dto.TransactionResponse@5b946de], success=true, message=获取账户交易成功}]
2025-07-02 01:11:45 - Using 'application/json', given [*/*] and supported [application/json, application/*+json]
2025-07-02 01:11:45 - Writing [{data={transDate=2025-07-02, securityCode=000001, buyStatistics={transactionCount=1, totalUnits=100, (truncated)...]
2025-07-02 01:11:45 - Mapped to com.banking.controller.TransactionController#getTransactionsByAccount(String)
2025-07-02 01:11:45 - Using 'application/json', given [*/*] and supported [application/json, application/*+json]
2025-07-02 01:11:45 - Writing [{data={transDate=2025-07-02, securityCode=000001, buyStatistics={transactionCount=1, totalUnits=100, (truncated)...]
2025-07-02 01:11:45 - Mapped to com.banking.controller.TransactionController#getTransactionsByAccount(String)
2025-07-02 01:11:45 - Using 'application/json', given [*/*] and supported [application/json, application/*+json]
2025-07-02 01:11:45 - Writing [{data={totalTransactions=1120, transactionTypes=[Lcom.banking.model.TransactionType;@4dfbe4aa}, succ (truncated)...]
2025-07-02 01:11:45 - Mapped to com.banking.controller.TransactionController#getTransactionsByType(TransactionType)
2025-07-02 01:11:45 - Using 'application/json', given [*/*] and supported [application/json, application/*+json]
2025-07-02 01:11:45 - Writing [{data={totalTransactions=1120, transactionTypes=[Lcom.banking.model.TransactionType;@7536505d}, succ (truncated)...]
2025-07-02 01:11:45 - Mapped to com.banking.controller.TransactionController#getTransactionsByType(TransactionType)
2025-07-02 01:11:45 - Using 'application/json', given [*/*] and supported [application/json, application/*+json]
2025-07-02 01:11:45 - Writing [{data={transDate=2025-07-02, securityCode=000001, buyStatistics={transactionCount=1, totalUnits=100, (truncated)...]
2025-07-02 01:11:45 - Mapped to com.banking.controller.TransactionController#getTransactionsByAccount(String)
2025-07-02 01:11:45 - Using 'application/json', given [*/*] and supported [application/json, application/*+json]
2025-07-02 01:11:45 - Writing [{data={transDate=2025-07-02, securityCode=000001, buyStatistics={transactionCount=1, totalUnits=100, (truncated)...]
2025-07-02 01:11:45 - Mapped to com.banking.controller.TransactionController#getTransactionsByAccount(String)
2025-07-02 01:11:45 - Mapped to com.banking.controller.TransactionController#getSecurityStatistics(String, String)
2025-07-02 01:11:45 - Using 'application/json', given [*/*] and supported [application/json, application/*+json]
2025-07-02 01:11:45 - Writing [{data={transDate=2025-07-02, securityCode=000001, buyStatistics={transactionCount=1, totalUnits=100, (truncated)...]
2025-07-02 01:11:45 - Mapped to com.banking.controller.TransactionController#getTransactionsByAccount(String)
2025-07-02 01:11:45 - Using 'application/json', given [*/*] and supported [application/json, application/*+json]
2025-07-02 01:11:45 - Writing [{data={transDate=2025-07-02, securityCode=000001, buyStatistics={transactionCount=1, totalUnits=100, (truncated)...]
2025-07-02 01:11:45 - Mapped to com.banking.controller.TransactionController#getTransactionsByAccount(String)
2025-07-02 01:11:45 - Using 'application/json', given [*/*] and supported [application/json, application/*+json]
2025-07-02 01:11:45 - Writing [{data=[com.banking.dto.TransactionResponse@2ddc8644, com.banking.dto.TransactionResponse@27ce797e, c (truncated)...]
2025-07-02 01:11:45 - Using 'application/json', given [*/*] and supported [application/json, application/*+json]
2025-07-02 01:11:45 - Writing [{pagination={totalPages=112, size=10, total=1120, page=0}, data=[com.banking.dto.TransactionResponse (truncated)...]
2025-07-02 01:11:45 - Mapped to com.banking.controller.TransactionController#getSecurityStatistics(String, String)
2025-07-02 01:11:45 - Using 'application/json', given [*/*] and supported [application/json, application/*+json]
2025-07-02 01:11:45 - Writing [{data={transDate=2025-07-02, securityCode=000001, buyStatistics={transactionCount=1, totalUnits=100, (truncated)...]
2025-07-02 01:11:45 - Mapped to com.banking.controller.TransactionController#getStatistics()
2025-07-02 01:11:45 - Mapped to com.banking.controller.TransactionController#getTransactionsByAccount(String)
2025-07-02 01:11:45 - Using 'application/json', given [*/*] and supported [application/json, application/*+json]
2025-07-02 01:11:45 - Writing [{data={totalTransactions=1120, transactionTypes=[Lcom.banking.model.TransactionType;@133d3876}, succ (truncated)...]
2025-07-02 01:11:45 - Mapped to com.banking.controller.TransactionController#getTransactionsByType(TransactionType)
2025-07-02 01:11:45 - Mapped to com.banking.controller.TransactionController#getSecurityStatistics(String, String)
2025-07-02 01:11:45 - Using 'application/json', given [*/*] and supported [application/json, application/*+json]
2025-07-02 01:11:45 - Writing [{data={transDate=2025-07-02, securityCode=000001, buyStatistics={transactionCount=1, totalUnits=100, (truncated)...]
2025-07-02 01:11:45 - Mapped to com.banking.controller.TransactionController#getTransactionsByAccount(String)
2025-07-02 01:11:45 - Mapped to com.banking.controller.TransactionController#getSecurityStatistics(String, String)
2025-07-02 01:11:45 - Using 'application/json', given [*/*] and supported [application/json, application/*+json]
2025-07-02 01:11:45 - Using 'application/json', given [*/*] and supported [application/json, application/*+json]
2025-07-02 01:11:45 - Writing [{data={transDate=2025-07-02, securityCode=000001, buyStatistics={transactionCount=1, totalUnits=100, (truncated)...]
2025-07-02 01:11:45 - Writing [{data={transDate=2025-07-02, securityCode=000001, buyStatistics={transactionCount=1, totalUnits=100, (truncated)...]
2025-07-02 01:11:45 - Mapped to com.banking.controller.TransactionController#getTransactionsByAccount(String)
2025-07-02 01:11:45 - Mapped to com.banking.controller.TransactionController#getTransactionsByAccount(String)
2025-07-02 01:11:45 - Using 'application/json', given [*/*] and supported [application/json, application/*+json]
2025-07-02 01:11:45 - Using 'application/json', given [*/*] and supported [application/json, application/*+json]
2025-07-02 01:11:45 - Writing [{data={transDate=2025-07-02, securityCode=000001, buyStatistics={transactionCount=1, totalUnits=100, (truncated)...]
2025-07-02 01:11:45 - Writing [{data=[com.banking.dto.TransactionResponse@430cbfb5, com.banking.dto.TransactionResponse@47a5c2dd, c (truncated)...]
2025-07-02 01:11:45 - Mapped to com.banking.controller.TransactionController#getTransactionsByAccount(String)
2025-07-02 01:11:45 - Using 'application/json', given [*/*] and supported [application/json, application/*+json]
2025-07-02 01:11:45 - Writing [{data={transDate=2025-07-02, securityCode=000001, buyStatistics={transactionCount=1, totalUnits=100, (truncated)...]
2025-07-02 01:11:45 - Using 'application/json', given [*/*] and supported [application/json, application/*+json]
2025-07-02 01:11:45 - Writing [{data={totalTransactions=1120, transactionTypes=[Lcom.banking.model.TransactionType;@7b695b27}, succ (truncated)...]
2025-07-02 01:11:45 - Mapped to com.banking.controller.TransactionController#getTransactionsByAccount(String)
2025-07-02 01:11:45 - Mapped to com.banking.controller.TransactionController#getSecurityStatistics(String, String)
2025-07-02 01:11:45 - Using 'application/json', given [*/*] and supported [application/json, application/*+json]
2025-07-02 01:11:45 - Writing [{data={transDate=2025-07-02, securityCode=000001, buyStatistics={transactionCount=1, totalUnits=100, (truncated)...]
2025-07-02 01:11:45 - Mapped to com.banking.controller.TransactionController#getTransactionsByType(TransactionType)
2025-07-02 01:11:45 - Mapped to com.banking.controller.TransactionController#getTransactionsByAccount(String)
2025-07-02 01:11:45 - Using 'application/json', given [*/*] and supported [application/json, application/*+json]
2025-07-02 01:11:45 - Writing [{data=[], success=true, message=获取账户交易成功}]
2025-07-02 01:11:45 - Using 'application/json', given [*/*] and supported [application/json, application/*+json]
2025-07-02 01:11:45 - Using 'application/json', given [*/*] and supported [application/json, application/*+json]
2025-07-02 01:11:45 - Writing [{data=[com.banking.dto.TransactionResponse@26b62cd7, com.banking.dto.TransactionResponse@15cb3f67, c (truncated)...]
2025-07-02 01:11:45 - Using 'application/json', given [*/*] and supported [application/json, application/*+json]
2025-07-02 01:11:45 - Writing [{data={transDate=2025-07-02, securityCode=000001, buyStatistics={transactionCount=1, totalUnits=100, (truncated)...]
2025-07-02 01:11:45 - Writing [{data=[com.banking.dto.TransactionResponse@84a00c, com.banking.dto.TransactionResponse@657fd954, com (truncated)...]
2025-07-02 01:11:45 - Mapped to com.banking.controller.TransactionController#getTransactionsByAccount(String)
2025-07-02 01:11:45 - Using 'application/json', given [*/*] and supported [application/json, application/*+json]
2025-07-02 01:11:45 - Writing [{data=[com.banking.dto.TransactionResponse@246d8fff, com.banking.dto.TransactionResponse@17061eed, c (truncated)...]
2025-07-02 01:11:45 - Using 'application/json', given [*/*] and supported [application/json, application/*+json]
2025-07-02 01:11:45 - Writing [{data=[com.banking.dto.TransactionResponse@3d9ede78, com.banking.dto.TransactionResponse@37ed31e0, c (truncated)...]
2025-07-02 01:11:45 - Mapped to com.banking.controller.TransactionController#getSecurityStatistics(String, String)
2025-07-02 01:11:45 - Using 'application/json', given [*/*] and supported [application/json, application/*+json]
2025-07-02 01:11:45 - Writing [{data={transDate=2025-07-02, securityCode=000001, buyStatistics={transactionCount=1, totalUnits=100, (truncated)...]
2025-07-02 01:11:45 - Mapped to com.banking.controller.TransactionController#getTransactionsByAccount(String)
2025-07-02 01:11:45 - Using 'application/json', given [*/*] and supported [application/json, application/*+json]
2025-07-02 01:11:45 - Writing [{data={transDate=2025-07-02, securityCode=000001, buyStatistics={transactionCount=1, totalUnits=100, (truncated)...]
2025-07-02 01:11:45 - Mapped to com.banking.controller.TransactionController#getTransactionsByAccount(String)
2025-07-02 01:11:45 - Mapped to com.banking.controller.TransactionController#getSecurityStatistics(String, String)
2025-07-02 01:11:45 - Using 'application/json', given [*/*] and supported [application/json, application/*+json]
2025-07-02 01:11:45 - Writing [{data=[], success=true, message=获取账户交易成功}]
2025-07-02 01:11:45 - Using 'application/json', given [*/*] and supported [application/json, application/*+json]
2025-07-02 01:11:45 - Writing [{data={transDate=2025-07-02, securityCode=000001, buyStatistics={transactionCount=1, totalUnits=100, (truncated)...]
2025-07-02 01:11:45 - Mapped to com.banking.controller.TransactionController#getTransactionsByAccount(String)
2025-07-02 01:11:45 - Using 'application/json', given [*/*] and supported [application/json, application/*+json]
2025-07-02 01:11:45 - Writing [{data=[com.banking.dto.TransactionResponse@39b60f55, com.banking.dto.TransactionResponse@662d0432, c (truncated)...]
2025-07-02 01:11:45 - Mapped to com.banking.controller.TransactionController#getSecurityStatistics(String, String)
2025-07-02 01:11:45 - Using 'application/json', given [*/*] and supported [application/json, application/*+json]
2025-07-02 01:11:45 - Writing [{data={transDate=2025-07-02, securityCode=000001, buyStatistics={transactionCount=1, totalUnits=100, (truncated)...]
2025-07-02 01:11:45 - Using 'application/json', given [*/*] and supported [application/json, application/*+json]
2025-07-02 01:11:45 - Writing [{data=[com.banking.dto.TransactionResponse@55c462dd, com.banking.dto.TransactionResponse@4fc51540, c (truncated)...]
2025-07-02 01:11:45 - Mapped to com.banking.controller.TransactionController#getTransactionsByAccount(String)
2025-07-02 01:11:45 - Using 'application/json', given [*/*] and supported [application/json, application/*+json]
2025-07-02 01:11:45 - Writing [{data=[com.banking.dto.TransactionResponse@3fdbf7fc, com.banking.dto.TransactionResponse@52fc6bfd, c (truncated)...]
2025-07-02 01:11:45 - Mapped to com.banking.controller.TransactionController#getSecurityStatistics(String, String)
2025-07-02 01:11:45 - Using 'application/json', given [*/*] and supported [application/json, application/*+json]
2025-07-02 01:11:45 - Writing [{data={transDate=2025-07-02, securityCode=000001, buyStatistics={transactionCount=1, totalUnits=100, (truncated)...]
2025-07-02 01:11:45 - Mapped to com.banking.controller.TransactionController#getTransactionsByAccount(String)
2025-07-02 01:11:45 - Using 'application/json', given [*/*] and supported [application/json, application/*+json]
2025-07-02 01:11:45 - Writing [{data=[com.banking.dto.TransactionResponse@3cd8f62c, com.banking.dto.TransactionResponse@454d21ad, c (truncated)...]
2025-07-02 01:11:45 - Using 'application/json', given [*/*] and supported [application/json, application/*+json]
2025-07-02 01:11:45 - Writing [{data=[com.banking.dto.TransactionResponse@1854da7c], success=true, message=获取账户交易成功}]
2025-07-02 01:11:45 - Mapped to com.banking.controller.TransactionController#getSecurityStatistics(String, String)
2025-07-02 01:11:45 - Using 'application/json', given [*/*] and supported [application/json, application/*+json]
2025-07-02 01:11:45 - Writing [{data=[], success=true, message=获取账户交易成功}]
2025-07-02 01:11:45 - Using 'application/json', given [*/*] and supported [application/json, application/*+json]
2025-07-02 01:11:45 - Writing [{data={transDate=2025-07-02, securityCode=000001, buyStatistics={transactionCount=1, totalUnits=100, (truncated)...]
2025-07-02 01:11:45 - Using 'application/json', given [*/*] and supported [application/json, application/*+json]
2025-07-02 01:11:45 - Writing [{data=[com.banking.dto.TransactionResponse@6bac2cd0], success=true, message=获取账户交易成功}]
2025-07-02 01:11:45 - Mapped to com.banking.controller.TransactionController#getTransactionsByAccount(String)
2025-07-02 01:11:45 - Using 'application/json', given [*/*] and supported [application/json, application/*+json]
2025-07-02 01:11:45 - Writing [{data=[com.banking.dto.TransactionResponse@13cd20c5, com.banking.dto.TransactionResponse@2a6f41de, c (truncated)...]
2025-07-02 01:11:45 - Using 'application/json', given [*/*] and supported [application/json, application/*+json]
2025-07-02 01:11:45 - Writing [{data=[], success=true, message=获取账户交易成功}]
2025-07-02 01:11:45 - Mapped to com.banking.controller.TransactionController#getSecurityStatistics(String, String)
2025-07-02 01:11:45 - Using 'application/json', given [*/*] and supported [application/json, application/*+json]
2025-07-02 01:11:45 - Writing [{data={transDate=2025-07-02, securityCode=000001, buyStatistics={transactionCount=1, totalUnits=100, (truncated)...]
2025-07-02 01:11:45 - Using 'application/json', given [*/*] and supported [application/json, application/*+json]
2025-07-02 01:11:45 - Writing [{data=[com.banking.dto.TransactionResponse@25183054], success=true, message=获取账户交易成功}]
2025-07-02 01:11:45 - Mapped to com.banking.controller.TransactionController#getTransactionsByAccount(String)
2025-07-02 01:11:45 - Using 'application/json', given [*/*] and supported [application/json, application/*+json]
2025-07-02 01:11:45 - Writing [{data=[], success=true, message=获取账户交易成功}]
2025-07-02 01:11:45 - Using 'application/json', given [*/*] and supported [application/json, application/*+json]
2025-07-02 01:11:45 - Writing [{data=[com.banking.dto.TransactionResponse@37ebb805, com.banking.dto.TransactionResponse@1e7d02, com (truncated)...]
2025-07-02 01:11:45 - Mapped to com.banking.controller.TransactionController#getSecurityStatistics(String, String)
2025-07-02 01:11:45 - Using 'application/json', given [*/*] and supported [application/json, application/*+json]
2025-07-02 01:11:45 - Writing [{data={transDate=2025-07-02, securityCode=000001, buyStatistics={transactionCount=1, totalUnits=100, (truncated)...]
2025-07-02 01:11:45 - Mapped to com.banking.controller.TransactionController#getTransactionsByAccount(String)
2025-07-02 01:11:45 - Using 'application/json', given [*/*] and supported [application/json, application/*+json]
2025-07-02 01:11:45 - Writing [{data=[com.banking.dto.TransactionResponse@23f7880e, com.banking.dto.TransactionResponse@37ef6497, c (truncated)...]
2025-07-02 01:11:45 - Mapped to com.banking.controller.TransactionController#getSecurityStatistics(String, String)
2025-07-02 01:11:45 - Using 'application/json', given [*/*] and supported [application/json, application/*+json]
2025-07-02 01:11:45 - Writing [{data={transDate=2025-07-02, securityCode=000001, buyStatistics={transactionCount=1, totalUnits=100, (truncated)...]
2025-07-02 01:11:45 - Mapped to com.banking.controller.TransactionController#getTransactionsByAccount(String)
2025-07-02 01:11:45 - Using 'application/json', given [*/*] and supported [application/json, application/*+json]
2025-07-02 01:11:45 - Writing [{data=[com.banking.dto.TransactionResponse@55384f49, com.banking.dto.TransactionResponse@77c48c3d, c (truncated)...]
2025-07-02 01:11:45 - Mapped to com.banking.controller.TransactionController#getSecurityStatistics(String, String)
2025-07-02 01:11:45 - Using 'application/json', given [*/*] and supported [application/json, application/*+json]
2025-07-02 01:11:45 - Writing [{data={transDate=2025-07-02, securityCode=000001, buyStatistics={transactionCount=1, totalUnits=100, (truncated)...]
2025-07-02 01:11:45 - Mapped to com.banking.controller.TransactionController#getTransactionsByAccount(String)
2025-07-02 01:11:45 - Using 'application/json', given [*/*] and supported [application/json, application/*+json]
2025-07-02 01:11:46 - Writing [{data=[com.banking.dto.TransactionResponse@5bb0283c, com.banking.dto.TransactionResponse@2d7bba4a, c (truncated)...]
2025-07-02 01:11:46 - Using 'application/json', given [*/*] and supported [application/json, application/*+json]
2025-07-02 01:11:46 - Writing [{data=[com.banking.dto.TransactionResponse@3ca8db0c], success=true, message=获取账户交易成功}]
2025-07-02 01:11:46 - Mapped to com.banking.controller.TransactionController#getSecurityStatistics(String, String)
2025-07-02 01:11:46 - Using 'application/json', given [*/*] and supported [application/json, application/*+json]
2025-07-02 01:11:46 - Writing [{data={transDate=2025-07-02, securityCode=000001, buyStatistics={transactionCount=1, totalUnits=100, (truncated)...]
2025-07-02 01:11:46 - Using 'application/json', given [*/*] and supported [application/json, application/*+json]
2025-07-02 01:11:46 - Writing [{data=[com.banking.dto.TransactionResponse@2c9f2933], success=true, message=获取账户交易成功}]
2025-07-02 01:11:46 - Mapped to com.banking.controller.TransactionController#getTransactionsByAccount(String)
2025-07-02 01:11:46 - Using 'application/json', given [*/*] and supported [application/json, application/*+json]
2025-07-02 01:11:46 - Writing [{data=[], success=true, message=获取账户交易成功}]
2025-07-02 01:11:46 - Using 'application/json', given [*/*] and supported [application/json, application/*+json]
2025-07-02 01:11:46 - Mapped to com.banking.controller.TransactionController#getSecurityStatistics(String, String)
2025-07-02 01:11:46 - Writing [{data=[com.banking.dto.TransactionResponse@5052ebd2, com.banking.dto.TransactionResponse@5c988808, c (truncated)...]
2025-07-02 01:11:46 - Using 'application/json', given [*/*] and supported [application/json, application/*+json]
2025-07-02 01:11:46 - Writing [{data=[com.banking.dto.TransactionResponse@37a3a3aa], success=true, message=获取账户交易成功}]
2025-07-02 01:11:46 - Using 'application/json', given [*/*] and supported [application/json, application/*+json]
2025-07-02 01:11:46 - Writing [{data={transDate=2025-07-02, securityCode=000001, buyStatistics={transactionCount=1, totalUnits=100, (truncated)...]
2025-07-02 01:11:46 - Mapped to com.banking.controller.TransactionController#getTransactionsByAccount(String)
2025-07-02 01:11:46 - Using 'application/json', given [*/*] and supported [application/json, application/*+json]
2025-07-02 01:11:46 - Writing [{data=[], success=true, message=获取账户交易成功}]
2025-07-02 01:11:46 - Using 'application/json', given [*/*] and supported [application/json, application/*+json]
2025-07-02 01:11:46 - Writing [{data=[], success=true, message=获取账户交易成功}]
2025-07-02 01:11:46 - Using 'application/json', given [*/*] and supported [application/json, application/*+json]
2025-07-02 01:11:46 - Writing [{data=[], success=true, message=获取账户交易成功}]
2025-07-02 01:11:46 - Using 'application/json', given [*/*] and supported [application/json, application/*+json]
2025-07-02 01:11:46 - Mapped to com.banking.controller.TransactionController#getSecurityStatistics(String, String)
2025-07-02 01:11:46 - Writing [{data=[com.banking.dto.TransactionResponse@6e5ab8ce], success=true, message=获取账户交易成功}]
2025-07-02 01:11:46 - Using 'application/json', given [*/*] and supported [application/json, application/*+json]
2025-07-02 01:11:46 - Writing [{data={transDate=2025-07-02, securityCode=000001, buyStatistics={transactionCount=1, totalUnits=100, (truncated)...]
2025-07-02 01:11:46 - Using 'application/json', given [*/*] and supported [application/json, application/*+json]
2025-07-02 01:11:46 - Writing [{data=[], success=true, message=获取账户交易成功}]
2025-07-02 01:11:46 - Mapped to com.banking.controller.TransactionController#getTransactionsByAccount(String)
2025-07-02 01:11:46 - Using 'application/json', given [*/*] and supported [application/json, application/*+json]
2025-07-02 01:11:46 - Writing [{data=[com.banking.dto.TransactionResponse@598b5c9f], success=true, message=获取账户交易成功}]
2025-07-02 01:11:46 - Using 'application/json', given [*/*] and supported [application/json, application/*+json]
2025-07-02 01:11:46 - Writing [{data=[com.banking.dto.TransactionResponse@4133e00d, com.banking.dto.TransactionResponse@25704ee4, c (truncated)...]
2025-07-02 01:11:46 - Using 'application/json', given [*/*] and supported [application/json, application/*+json]
2025-07-02 01:11:46 - Writing [{data=[], success=true, message=获取账户交易成功}]
2025-07-02 01:11:46 - Using 'application/json', given [*/*] and supported [application/json, application/*+json]
2025-07-02 01:11:46 - Writing [{data=[], success=true, message=获取账户交易成功}]
2025-07-02 01:11:46 - Using 'application/json', given [*/*] and supported [application/json, application/*+json]
2025-07-02 01:11:46 - Writing [{data=[], success=true, message=获取账户交易成功}]
2025-07-02 01:11:46 - Using 'application/json', given [*/*] and supported [application/json, application/*+json]
2025-07-02 01:11:46 - Writing [{data=[], success=true, message=获取账户交易成功}]
2025-07-02 01:11:46 - Using 'application/json', given [*/*] and supported [application/json, application/*+json]
2025-07-02 01:11:46 - Writing [{data=[], success=true, message=获取账户交易成功}]
2025-07-02 01:11:46 - Using 'application/json', given [*/*] and supported [application/json, application/*+json]
2025-07-02 01:11:46 - Writing [{data=[], success=true, message=获取账户交易成功}]
2025-07-02 01:11:46 - Using 'application/json', given [*/*] and supported [application/json, application/*+json]
2025-07-02 01:11:46 - Writing [{data={totalTransactions=1120, transactionTypes=[Lcom.banking.model.TransactionType;@62b603f3}, succ (truncated)...]
2025-07-02 01:11:46 - Mapped to com.banking.controller.TransactionController#getTransactionsByType(TransactionType)
2025-07-02 01:11:46 - Using 'application/json', given [*/*] and supported [application/json, application/*+json]
2025-07-02 01:11:46 - Writing [{data=[], success=true, message=获取账户交易成功}]
2025-07-02 01:11:46 - Using 'application/json', given [*/*] and supported [application/json, application/*+json]
2025-07-02 01:11:46 - Writing [{data=[], success=true, message=获取账户交易成功}]
2025-07-02 01:11:46 - Using 'application/json', given [*/*] and supported [application/json, application/*+json]
2025-07-02 01:11:46 - Writing [{data=[], success=true, message=获取账户交易成功}]
2025-07-02 01:11:46 - Using 'application/json', given [*/*] and supported [application/json, application/*+json]
2025-07-02 01:11:46 - Writing [{data=[com.banking.dto.TransactionResponse@6956594b, com.banking.dto.TransactionResponse@6a747ad, co (truncated)...]
2025-07-02 01:11:46 - Mapped to com.banking.controller.TransactionController#getSecurityStatistics(String, String)
2025-07-02 01:11:46 - Using 'application/json', given [*/*] and supported [application/json, application/*+json]
2025-07-02 01:11:46 - Writing [{data={transDate=2025-07-02, securityCode=000001, buyStatistics={transactionCount=1, totalUnits=100, (truncated)...]
2025-07-02 01:11:46 - Mapped to com.banking.controller.TransactionController#getTransactionsByAccount(String)
2025-07-02 01:11:46 - Using 'application/json', given [*/*] and supported [application/json, application/*+json]
2025-07-02 01:11:46 - Writing [{data=[com.banking.dto.TransactionResponse@79bfb08d, com.banking.dto.TransactionResponse@12381466, c (truncated)...]
2025-07-02 01:11:46 - Using 'application/json', given [*/*] and supported [application/json, application/*+json]
2025-07-02 01:11:46 - Writing [{data=[], success=true, message=获取账户交易成功}]
2025-07-02 01:11:46 - Mapped to com.banking.controller.TransactionController#getSecurityStatistics(String, String)
2025-07-02 01:11:46 - Using 'application/json', given [*/*] and supported [application/json, application/*+json]
2025-07-02 01:11:46 - Writing [{data={transDate=2025-07-02, securityCode=000001, buyStatistics={transactionCount=1, totalUnits=100, (truncated)...]
2025-07-02 01:11:46 - Mapped to com.banking.controller.TransactionController#getTransactionsByAccount(String)
2025-07-02 01:11:46 - Using 'application/json', given [*/*] and supported [application/json, application/*+json]
2025-07-02 01:11:46 - Writing [{data=[com.banking.dto.TransactionResponse@70312db4, com.banking.dto.TransactionResponse@6b4a1b56, c (truncated)...]
2025-07-02 01:11:46 - Using 'application/json', given [*/*] and supported [application/json, application/*+json]
2025-07-02 01:11:46 - Writing [{data=[com.banking.dto.TransactionResponse@2a66f6af, com.banking.dto.TransactionResponse@6a18c3e3, c (truncated)...]
2025-07-02 01:11:46 - Using 'application/json', given [*/*] and supported [application/json, application/*+json]
2025-07-02 01:11:46 - Mapped to com.banking.controller.TransactionController#getSecurityStatistics(String, String)
2025-07-02 01:11:46 - Using 'application/json', given [*/*] and supported [application/json, application/*+json]
2025-07-02 01:11:46 - Writing [{data={transDate=2025-07-02, securityCode=000001, buyStatistics={transactionCount=1, totalUnits=100, (truncated)...]
2025-07-02 01:11:46 - Mapped to com.banking.controller.TransactionController#getTransactionsByAccount(String)
2025-07-02 01:11:46 - Writing [{data=[com.banking.dto.TransactionResponse@4e0568ec], success=true, message=获取账户交易成功}]
2025-07-02 01:11:46 - Using 'application/json', given [*/*] and supported [application/json, application/*+json]
2025-07-02 01:11:46 - Writing [{data=[], success=true, message=获取账户交易成功}]
2025-07-02 01:11:46 - Using 'application/json', given [*/*] and supported [application/json, application/*+json]
2025-07-02 01:11:46 - Writing [{data={totalTransactions=1120, transactionTypes=[Lcom.banking.model.TransactionType;@5815db61}, succ (truncated)...]
2025-07-02 01:11:46 - Mapped to com.banking.controller.TransactionController#getTransactionsByType(TransactionType)
2025-07-02 01:11:46 - Using 'application/json', given [*/*] and supported [application/json, application/*+json]
2025-07-02 01:11:46 - Writing [{data=[com.banking.dto.TransactionResponse@7d90a74b], success=true, message=获取账户交易成功}]
2025-07-02 01:11:46 - Using 'application/json', given [*/*] and supported [application/json, application/*+json]
2025-07-02 01:11:46 - Writing [{data=[com.banking.dto.TransactionResponse@12ac78e5, com.banking.dto.TransactionResponse@4e25aabb, c (truncated)...]
2025-07-02 01:11:46 - Using 'application/json', given [*/*] and supported [application/json, application/*+json]
2025-07-02 01:11:46 - Writing [{data=[], success=true, message=获取账户交易成功}]
2025-07-02 01:11:46 - Mapped to com.banking.controller.TransactionController#getSecurityStatistics(String, String)
2025-07-02 01:11:46 - Using 'application/json', given [*/*] and supported [application/json, application/*+json]
2025-07-02 01:11:46 - Writing [{data=[], success=true, message=获取账户交易成功}]
2025-07-02 01:11:46 - Using 'application/json', given [*/*] and supported [application/json, application/*+json]
2025-07-02 01:11:46 - Writing [{data=[com.banking.dto.TransactionResponse@b66eff8], success=true, message=获取账户交易成功}]
2025-07-02 01:11:46 - Using 'application/json', given [*/*] and supported [application/json, application/*+json]
2025-07-02 01:11:46 - Writing [{data={transDate=2025-07-02, securityCode=000001, buyStatistics={transactionCount=1, totalUnits=100, (truncated)...]
2025-07-02 01:11:46 - Mapped to com.banking.controller.TransactionController#getTransactionsByAccount(String)
2025-07-02 01:11:46 - Using 'application/json', given [*/*] and supported [application/json, application/*+json]
2025-07-02 01:11:46 - Writing [{data=[com.banking.dto.TransactionResponse@7e60c0f6], success=true, message=获取账户交易成功}]
2025-07-02 01:11:46 - Using 'application/json', given [*/*] and supported [application/json, application/*+json]
2025-07-02 01:11:46 - Writing [{data=[], success=true, message=获取账户交易成功}]
2025-07-02 01:11:46 - Using 'application/json', given [*/*] and supported [application/json, application/*+json]
2025-07-02 01:11:46 - Writing [{data=[com.banking.dto.TransactionResponse@5922df88], success=true, message=获取账户交易成功}]
2025-07-02 01:11:46 - Using 'application/json', given [*/*] and supported [application/json, application/*+json]
2025-07-02 01:11:46 - Writing [{data=[com.banking.dto.TransactionResponse@7fb240ab], success=true, message=获取账户交易成功}]
2025-07-02 01:11:46 - Using 'application/json', given [*/*] and supported [application/json, application/*+json]
2025-07-02 01:11:46 - Writing [{data=[com.banking.dto.TransactionResponse@cdbab1e], success=true, message=获取账户交易成功}]
2025-07-02 01:11:46 - Using 'application/json', given [*/*] and supported [application/json, application/*+json]
2025-07-02 01:11:46 - Writing [{data=[com.banking.dto.TransactionResponse@39c6d07a], success=true, message=获取账户交易成功}]
2025-07-02 01:11:46 - Using 'application/json', given [*/*] and supported [application/json, application/*+json]
2025-07-02 01:11:46 - Writing [{data=[], success=true, message=获取账户交易成功}]
2025-07-02 01:11:46 - Using 'application/json', given [*/*] and supported [application/json, application/*+json]
2025-07-02 01:11:46 - Writing [{data=[com.banking.dto.TransactionResponse@4a43dc41], success=true, message=获取账户交易成功}]
2025-07-02 01:11:46 - Mapped to com.banking.controller.TransactionController#getSecurityStatistics(String, String)
2025-07-02 01:11:46 - Mapped to com.banking.controller.TransactionController#getSecurityStatistics(String, String)
2025-07-02 01:11:46 - Using 'application/json', given [*/*] and supported [application/json, application/*+json]
2025-07-02 01:11:46 - Using 'application/json', given [*/*] and supported [application/json, application/*+json]
2025-07-02 01:11:46 - Writing [{data=[com.banking.dto.TransactionResponse@12d2cd02], success=true, message=获取账户交易成功}]
2025-07-02 01:11:46 - Writing [{data={transDate=2025-07-02, securityCode=000001, buyStatistics={transactionCount=1, totalUnits=100, (truncated)...]
2025-07-02 01:11:46 - Using 'application/json', given [*/*] and supported [application/json, application/*+json]
2025-07-02 01:11:46 - Writing [{data={transDate=2025-07-02, securityCode=000001, buyStatistics={transactionCount=1, totalUnits=100, (truncated)...]
2025-07-02 01:11:46 - Mapped to com.banking.controller.TransactionController#getTransactionsByAccount(String)
2025-07-02 01:11:46 - Using 'application/json', given [*/*] and supported [application/json, application/*+json]
2025-07-02 01:11:46 - Writing [{data=[], success=true, message=获取账户交易成功}]
2025-07-02 01:11:46 - Mapped to com.banking.controller.TransactionController#getTransactionsByAccount(String)
2025-07-02 01:11:46 - Using 'application/json', given [*/*] and supported [application/json, application/*+json]
2025-07-02 01:11:46 - Writing [{data=[], success=true, message=获取账户交易成功}]
2025-07-02 01:11:46 - Using 'application/json', given [*/*] and supported [application/json, application/*+json]
2025-07-02 01:11:46 - Writing [{data={totalTransactions=1120, transactionTypes=[Lcom.banking.model.TransactionType;@6173cc2d}, succ (truncated)...]
2025-07-02 01:11:46 - Using 'application/json', given [*/*] and supported [application/json, application/*+json]
2025-07-02 01:11:46 - Mapped to com.banking.controller.TransactionController#getTransactionsByType(TransactionType)
2025-07-02 01:11:46 - Writing [{data=[com.banking.dto.TransactionResponse@23b24358], success=true, message=获取账户交易成功}]
2025-07-02 01:11:46 - Using 'application/json', given [*/*] and supported [application/json, application/*+json]
2025-07-02 01:11:46 - Writing [{data=[], success=true, message=获取账户交易成功}]
2025-07-02 01:11:46 - Mapped to com.banking.controller.TransactionController#getSecurityStatistics(String, String)
2025-07-02 01:11:46 - Using 'application/json', given [*/*] and supported [application/json, application/*+json]
2025-07-02 01:11:46 - Using 'application/json', given [*/*] and supported [application/json, application/*+json]
2025-07-02 01:11:46 - Writing [{data={transDate=2025-07-02, securityCode=000001, buyStatistics={transactionCount=1, totalUnits=100, (truncated)...]
2025-07-02 01:11:46 - Using 'application/json', given [*/*] and supported [application/json, application/*+json]
2025-07-02 01:11:46 - Writing [{data=[], success=true, message=获取账户交易成功}]
2025-07-02 01:11:46 - Writing [{data=[], success=true, message=获取账户交易成功}]
2025-07-02 01:11:46 - Using 'application/json', given [*/*] and supported [application/json, application/*+json]
2025-07-02 01:11:46 - Writing [{data=[com.banking.dto.TransactionResponse@3222aeca], success=true, message=获取账户交易成功}]
2025-07-02 01:11:46 - Mapped to com.banking.controller.TransactionController#getTransactionsByAccount(String)
2025-07-02 01:11:46 - Using 'application/json', given [*/*] and supported [application/json, application/*+json]
2025-07-02 01:11:46 - Writing [{data=[com.banking.dto.TransactionResponse@613154b, com.banking.dto.TransactionResponse@256dd28c, co (truncated)...]
2025-07-02 01:11:46 - Using 'application/json', given [*/*] and supported [application/json, application/*+json]
2025-07-02 01:11:46 - Writing [{data=[com.banking.dto.TransactionResponse@15145298], success=true, message=获取账户交易成功}]
2025-07-02 01:11:46 - Using 'application/json', given [*/*] and supported [application/json, application/*+json]
2025-07-02 01:11:46 - Using 'application/json', given [*/*] and supported [application/json, application/*+json]
2025-07-02 01:11:46 - Writing [{data=[], success=true, message=获取账户交易成功}]
2025-07-02 01:11:46 - Writing [{data=[com.banking.dto.TransactionResponse@62ef78c], success=true, message=获取账户交易成功}]
2025-07-02 01:11:46 - Using 'application/json', given [*/*] and supported [application/json, application/*+json]
2025-07-02 01:11:46 - Using 'application/json', given [*/*] and supported [application/json, application/*+json]
2025-07-02 01:11:46 - Writing [{data=[], success=true, message=获取账户交易成功}]
2025-07-02 01:11:46 - Writing [{data=[], success=true, message=获取账户交易成功}]
2025-07-02 01:11:46 - Using 'application/json', given [*/*] and supported [application/json, application/*+json]
2025-07-02 01:11:46 - Writing [{data=[], success=true, message=获取账户交易成功}]
2025-07-02 01:11:46 - Mapped to com.banking.controller.TransactionController#getSecurityStatistics(String, String)
2025-07-02 01:11:46 - Using 'application/json', given [*/*] and supported [application/json, application/*+json]
2025-07-02 01:11:46 - Writing [{data={transDate=2025-07-02, securityCode=000001, buyStatistics={transactionCount=1, totalUnits=100, (truncated)...]
2025-07-02 01:11:46 - Using 'application/json', given [*/*] and supported [application/json, application/*+json]
2025-07-02 01:11:46 - Writing [{data=[com.banking.dto.TransactionResponse@617d750a, com.banking.dto.TransactionResponse@1022f5d9, c (truncated)...]
2025-07-02 01:11:46 - Mapped to com.banking.controller.TransactionController#getTransactionsByAccount(String)
2025-07-02 01:11:46 - Using 'application/json', given [*/*] and supported [application/json, application/*+json]
2025-07-02 01:11:46 - Writing [{data=[com.banking.dto.TransactionResponse@7e3d622e, com.banking.dto.TransactionResponse@1f216382, c (truncated)...]
2025-07-02 01:11:46 - Using 'application/json', given [*/*] and supported [application/json, application/*+json]
2025-07-02 01:11:46 - Using 'application/json', given [*/*] and supported [application/json, application/*+json]
2025-07-02 01:11:46 - Writing [{data=[com.banking.dto.TransactionResponse@7caac1a, com.banking.dto.TransactionResponse@5137d86d, co (truncated)...]
2025-07-02 01:11:46 - Writing [{data=[com.banking.dto.TransactionResponse@17c31c1, com.banking.dto.TransactionResponse@7eb012e0, co (truncated)...]
2025-07-02 01:11:46 - Mapped to com.banking.controller.TransactionController#getSecurityStatistics(String, String)
2025-07-02 01:11:46 - Using 'application/json', given [*/*] and supported [application/json, application/*+json]
2025-07-02 01:11:46 - Writing [{data={transDate=2025-07-02, securityCode=000001, buyStatistics={transactionCount=1, totalUnits=100, (truncated)...]
2025-07-02 01:11:46 - Using 'application/json', given [*/*] and supported [application/json, application/*+json]
2025-07-02 01:11:46 - Writing [{data=[com.banking.dto.TransactionResponse@33812136], success=true, message=获取账户交易成功}]
2025-07-02 01:11:46 - Mapped to com.banking.controller.TransactionController#getSecurityStatistics(String, String)
2025-07-02 01:11:46 - Using 'application/json', given [*/*] and supported [application/json, application/*+json]
2025-07-02 01:11:46 - Writing [{data=[], success=true, message=获取账户交易成功}]
2025-07-02 01:11:46 - Using 'application/json', given [*/*] and supported [application/json, application/*+json]
2025-07-02 01:11:46 - Writing [{data=[com.banking.dto.TransactionResponse@1a3d5d1f], success=true, message=获取账户交易成功}]
2025-07-02 01:11:46 - Mapped to com.banking.controller.TransactionController#getTransactionsByAccount(String)
2025-07-02 01:11:46 - Using 'application/json', given [*/*] and supported [application/json, application/*+json]
2025-07-02 01:11:46 - Using 'application/json', given [*/*] and supported [application/json, application/*+json]
2025-07-02 01:11:46 - Writing [{data=[], success=true, message=获取账户交易成功}]
2025-07-02 01:11:46 - Writing [{data={transDate=2025-07-02, securityCode=000001, buyStatistics={transactionCount=1, totalUnits=100, (truncated)...]
2025-07-02 01:11:46 - Mapped to com.banking.controller.TransactionController#getTransactionsByAccount(String)
2025-07-02 01:11:46 - Using 'application/json', given [*/*] and supported [application/json, application/*+json]
2025-07-02 01:11:46 - Writing [{data={transDate=2025-07-02, securityCode=000001, buyStatistics={transactionCount=1, totalUnits=100, (truncated)...]
2025-07-02 01:11:46 - Using 'application/json', given [*/*] and supported [application/json, application/*+json]
2025-07-02 01:11:46 - Writing [{data=[], success=true, message=获取账户交易成功}]
2025-07-02 01:11:46 - Mapped to com.banking.controller.TransactionController#getTransactionsByAccount(String)
2025-07-02 01:11:46 - Using 'application/json', given [*/*] and supported [application/json, application/*+json]
2025-07-02 01:11:46 - Writing [{data=[com.banking.dto.TransactionResponse@4187b860], success=true, message=获取账户交易成功}]
2025-07-02 01:11:46 - Using 'application/json', given [*/*] and supported [application/json, application/*+json]
2025-07-02 01:11:46 - Writing [{data=[], success=true, message=获取账户交易成功}]
2025-07-02 01:11:46 - Using 'application/json', given [*/*] and supported [application/json, application/*+json]
2025-07-02 01:11:46 - Writing [{data=[com.banking.dto.TransactionResponse@54e23c6d], success=true, message=获取账户交易成功}]
2025-07-02 01:11:46 - Using 'application/json', given [*/*] and supported [application/json, application/*+json]
2025-07-02 01:11:46 - Writing [{data=[com.banking.dto.TransactionResponse@5d5bfec2], success=true, message=获取账户交易成功}]
2025-07-02 01:11:46 - Using 'application/json', given [*/*] and supported [application/json, application/*+json]
2025-07-02 01:11:46 - Writing [{data=[], success=true, message=获取账户交易成功}]
2025-07-02 01:11:46 - Mapped to com.banking.controller.TransactionController#getSecurityStatistics(String, String)
2025-07-02 01:11:46 - Using 'application/json', given [*/*] and supported [application/json, application/*+json]
2025-07-02 01:11:46 - Writing [{data={transDate=2025-07-02, securityCode=000001, buyStatistics={transactionCount=1, totalUnits=100, (truncated)...]
2025-07-02 01:11:46 - Using 'application/json', given [*/*] and supported [application/json, application/*+json]
2025-07-02 01:11:46 - Using 'application/json', given [*/*] and supported [application/json, application/*+json]
2025-07-02 01:11:46 - Writing [{data=[], success=true, message=获取账户交易成功}]
2025-07-02 01:11:46 - Writing [{data=[], success=true, message=获取账户交易成功}]
2025-07-02 01:11:46 - Mapped to com.banking.controller.TransactionController#getTransactionsByAccount(String)
2025-07-02 01:11:46 - Using 'application/json', given [*/*] and supported [application/json, application/*+json]
2025-07-02 01:11:46 - Using 'application/json', given [*/*] and supported [application/json, application/*+json]
2025-07-02 01:11:46 - Writing [{data=[com.banking.dto.TransactionResponse@4f13d2c8], success=true, message=获取账户交易成功}]
2025-07-02 01:11:46 - Writing [{data=[], success=true, message=获取账户交易成功}]
2025-07-02 01:11:46 - Using 'application/json', given [*/*] and supported [application/json, application/*+json]
2025-07-02 01:11:46 - Writing [{data=[], success=true, message=获取账户交易成功}]
2025-07-02 01:11:46 - Using 'application/json', given [*/*] and supported [application/json, application/*+json]
2025-07-02 01:11:46 - Writing [{data=[com.banking.dto.TransactionResponse@3e7b4471], success=true, message=获取账户交易成功}]
2025-07-02 01:11:46 - Using 'application/json', given [*/*] and supported [application/json, application/*+json]
2025-07-02 01:11:46 - Writing [{data=[com.banking.dto.TransactionResponse@1d2c0a2a], success=true, message=获取账户交易成功}]
2025-07-02 01:11:46 - Using 'application/json', given [*/*] and supported [application/json, application/*+json]
2025-07-02 01:11:46 - Writing [{data=[], success=true, message=获取账户交易成功}]
2025-07-02 01:11:46 - Using 'application/json', given [*/*] and supported [application/json, application/*+json]
2025-07-02 01:11:46 - Writing [{data=[com.banking.dto.TransactionResponse@d0e1b14], success=true, message=获取账户交易成功}]
2025-07-02 01:11:46 - Using 'application/json', given [*/*] and supported [application/json, application/*+json]
2025-07-02 01:11:46 - Writing [{data=[com.banking.dto.TransactionResponse@56728809, com.banking.dto.TransactionResponse@27507850, c (truncated)...]
2025-07-02 01:11:46 - Using 'application/json', given [*/*] and supported [application/json, application/*+json]
2025-07-02 01:11:46 - Writing [{data=[com.banking.dto.TransactionResponse@231dafd4, com.banking.dto.TransactionResponse@6fdbd150, c (truncated)...]
2025-07-02 01:11:46 - Using 'application/json', given [*/*] and supported [application/json, application/*+json]
2025-07-02 01:11:46 - Writing [{data=[com.banking.dto.TransactionResponse@640e0607], success=true, message=获取账户交易成功}]
2025-07-02 01:11:46 - Mapped to com.banking.controller.TransactionController#getSecurityStatistics(String, String)
2025-07-02 01:11:46 - Using 'application/json', given [*/*] and supported [application/json, application/*+json]
2025-07-02 01:11:46 - Writing [{data=[com.banking.dto.TransactionResponse@6af1426d], success=true, message=获取账户交易成功}]
2025-07-02 01:11:46 - Using 'application/json', given [*/*] and supported [application/json, application/*+json]
2025-07-02 01:11:46 - Writing [{data={transDate=2025-07-02, securityCode=000001, buyStatistics={transactionCount=1, totalUnits=100, (truncated)...]
2025-07-02 01:11:46 - Using 'application/json', given [*/*] and supported [application/json, application/*+json]
2025-07-02 01:11:46 - Writing [{data=[com.banking.dto.TransactionResponse@20ebc9af], success=true, message=获取账户交易成功}]
2025-07-02 01:11:46 - Mapped to com.banking.controller.TransactionController#getTransactionsByAccount(String)
2025-07-02 01:11:46 - Using 'application/json', given [*/*] and supported [application/json, application/*+json]
2025-07-02 01:11:46 - Writing [{data=[com.banking.dto.TransactionResponse@3495fad9, com.banking.dto.TransactionResponse@7f0bd03c, c (truncated)...]
2025-07-02 01:11:46 - Using 'application/json', given [*/*] and supported [application/json, application/*+json]
2025-07-02 01:11:46 - Mapped to com.banking.controller.TransactionController#getSecurityStatistics(String, String)
2025-07-02 01:11:46 - Writing [{data=[], success=true, message=获取账户交易成功}]
2025-07-02 01:11:46 - Using 'application/json', given [*/*] and supported [application/json, application/*+json]
2025-07-02 01:11:46 - Writing [{data={transDate=2025-07-02, securityCode=000001, buyStatistics={transactionCount=1, totalUnits=100, (truncated)...]
2025-07-02 01:11:46 - Using 'application/json', given [*/*] and supported [application/json, application/*+json]
2025-07-02 01:11:46 - Writing [{data=[com.banking.dto.TransactionResponse@580703d], success=true, message=获取账户交易成功}]
2025-07-02 01:11:46 - Mapped to com.banking.controller.TransactionController#getTransactionsByAccount(String)
2025-07-02 01:11:46 - Using 'application/json', given [*/*] and supported [application/json, application/*+json]
2025-07-02 01:11:46 - Writing [{data=[com.banking.dto.TransactionResponse@583dea2b, com.banking.dto.TransactionResponse@7fa4bc21, c (truncated)...]
2025-07-02 01:11:46 - Using 'application/json', given [*/*] and supported [application/json, application/*+json]
2025-07-02 01:11:46 - Writing [{data=[], success=true, message=获取账户交易成功}]
2025-07-02 01:11:46 - Mapped to com.banking.controller.TransactionController#getSecurityStatistics(String, String)
2025-07-02 01:11:46 - Using 'application/json', given [*/*] and supported [application/json, application/*+json]
2025-07-02 01:11:46 - Writing [{data={transDate=2025-07-02, securityCode=000001, buyStatistics={transactionCount=1, totalUnits=100, (truncated)...]
2025-07-02 01:11:46 - Using 'application/json', given [*/*] and supported [application/json, application/*+json]
2025-07-02 01:11:46 - Writing [{data={totalTransactions=1120, transactionTypes=[Lcom.banking.model.TransactionType;@1e94d605}, succ (truncated)...]
2025-07-02 01:11:46 - Mapped to com.banking.controller.TransactionController#getTransactionsByAccount(String)
2025-07-02 01:11:46 - Mapped to com.banking.controller.TransactionController#getTransactionsByType(TransactionType)
2025-07-02 01:11:46 - Using 'application/json', given [*/*] and supported [application/json, application/*+json]
2025-07-02 01:11:46 - Writing [{data=[com.banking.dto.TransactionResponse@64e31396], success=true, message=获取账户交易成功}]
2025-07-02 01:11:46 - Using 'application/json', given [*/*] and supported [application/json, application/*+json]
2025-07-02 01:11:46 - Writing [{data=[com.banking.dto.TransactionResponse@584a7126], success=true, message=获取账户交易成功}]
2025-07-02 01:11:46 - Using 'application/json', given [*/*] and supported [application/json, application/*+json]
2025-07-02 01:11:46 - Writing [{data=[com.banking.dto.TransactionResponse@f1ebf0b], success=true, message=获取账户交易成功}]
2025-07-02 01:11:46 - Using 'application/json', given [*/*] and supported [application/json, application/*+json]
2025-07-02 01:11:46 - Writing [{data=[com.banking.dto.TransactionResponse@41401363, com.banking.dto.TransactionResponse@360d527, co (truncated)...]
2025-07-02 01:11:46 - Using 'application/json', given [*/*] and supported [application/json, application/*+json]
2025-07-02 01:11:46 - Writing [{data=[com.banking.dto.TransactionResponse@172cd544], success=true, message=获取账户交易成功}]
2025-07-02 01:11:46 - Mapped to com.banking.controller.TransactionController#getSecurityStatistics(String, String)
2025-07-02 01:11:46 - Using 'application/json', given [*/*] and supported [application/json, application/*+json]
2025-07-02 01:11:46 - Writing [{data={transDate=2025-07-02, securityCode=000001, buyStatistics={transactionCount=1, totalUnits=100, (truncated)...]
2025-07-02 01:11:46 - Using 'application/json', given [*/*] and supported [application/json, application/*+json]
2025-07-02 01:11:46 - Writing [{data=[com.banking.dto.TransactionResponse@4402c402], success=true, message=获取账户交易成功}]
2025-07-02 01:11:46 - Mapped to com.banking.controller.TransactionController#getTransactionsByAccount(String)
2025-07-02 01:11:46 - Using 'application/json', given [*/*] and supported [application/json, application/*+json]
2025-07-02 01:11:46 - Writing [{data=[com.banking.dto.TransactionResponse@2467c325], success=true, message=获取账户交易成功}]
2025-07-02 01:11:46 - Using 'application/json', given [*/*] and supported [application/json, application/*+json]
2025-07-02 01:11:46 - Writing [{data=[com.banking.dto.TransactionResponse@34d27ce9, com.banking.dto.TransactionResponse@5ebab19a, c (truncated)...]
2025-07-02 01:11:46 - Using 'application/json', given [*/*] and supported [application/json, application/*+json]
2025-07-02 01:11:46 - Writing [{data=[com.banking.dto.TransactionResponse@3bb09e91], success=true, message=获取账户交易成功}]
2025-07-02 01:11:46 - Mapped to com.banking.controller.TransactionController#getSecurityStatistics(String, String)
2025-07-02 01:11:46 - Using 'application/json', given [*/*] and supported [application/json, application/*+json]
2025-07-02 01:11:46 - Writing [{data={transDate=2025-07-02, securityCode=000001, buyStatistics={transactionCount=1, totalUnits=100, (truncated)...]
2025-07-02 01:11:46 - Using 'application/json', given [*/*] and supported [application/json, application/*+json]
2025-07-02 01:11:46 - Writing [{data=[], success=true, message=获取账户交易成功}]
2025-07-02 01:11:46 - Mapped to com.banking.controller.TransactionController#getTransactionsByAccount(String)
2025-07-02 01:11:46 - Using 'application/json', given [*/*] and supported [application/json, application/*+json]
2025-07-02 01:11:46 - Writing [{data=[com.banking.dto.TransactionResponse@7ef475], success=true, message=获取账户交易成功}]
2025-07-02 01:11:46 - Mapped to com.banking.controller.TransactionController#getSecurityStatistics(String, String)
2025-07-02 01:11:46 - Mapped to com.banking.controller.TransactionController#getSecurityStatistics(String, String)
2025-07-02 01:11:46 - Using 'application/json', given [*/*] and supported [application/json, application/*+json]
2025-07-02 01:11:46 - Writing [{data={transDate=2025-07-02, securityCode=000001, buyStatistics={transactionCount=1, totalUnits=100, (truncated)...]
2025-07-02 01:11:46 - Using 'application/json', given [*/*] and supported [application/json, application/*+json]
2025-07-02 01:11:46 - Writing [{data={transDate=2025-07-02, securityCode=000001, buyStatistics={transactionCount=1, totalUnits=100, (truncated)...]
2025-07-02 01:11:46 - Mapped to com.banking.controller.TransactionController#getTransactionsByAccount(String)
2025-07-02 01:11:46 - Mapped to com.banking.controller.TransactionController#getTransactionsByAccount(String)
2025-07-02 01:11:46 - Mapped to com.banking.controller.TransactionController#getSecurityStatistics(String, String)
2025-07-02 01:11:46 - Using 'application/json', given [*/*] and supported [application/json, application/*+json]
2025-07-02 01:11:46 - Using 'application/json', given [*/*] and supported [application/json, application/*+json]
2025-07-02 01:11:46 - Using 'application/json', given [*/*] and supported [application/json, application/*+json]
2025-07-02 01:11:46 - Writing [{data=[], success=true, message=获取账户交易成功}]
2025-07-02 01:11:46 - Writing [{data=[], success=true, message=获取账户交易成功}]
2025-07-02 01:11:46 - Writing [{data={transDate=2025-07-02, securityCode=000001, buyStatistics={transactionCount=1, totalUnits=100, (truncated)...]
2025-07-02 01:11:46 - Mapped to com.banking.controller.TransactionController#getTransactionsByAccount(String)
2025-07-02 01:11:46 - Using 'application/json', given [*/*] and supported [application/json, application/*+json]
2025-07-02 01:11:46 - Writing [{data=[com.banking.dto.TransactionResponse@3c3fe440], success=true, message=获取账户交易成功}]
2025-07-02 01:11:46 - Mapped to com.banking.controller.TransactionController#getSecurityStatistics(String, String)
2025-07-02 01:11:46 - Using 'application/json', given [*/*] and supported [application/json, application/*+json]
2025-07-02 01:11:46 - Writing [{data={transDate=2025-07-02, securityCode=000001, buyStatistics={transactionCount=1, totalUnits=100, (truncated)...]
2025-07-02 01:11:46 - Mapped to com.banking.controller.TransactionController#getSecurityStatistics(String, String)
2025-07-02 01:11:46 - Mapped to com.banking.controller.TransactionController#getTransactionsByAccount(String)
2025-07-02 01:11:46 - Using 'application/json', given [*/*] and supported [application/json, application/*+json]
2025-07-02 01:11:46 - Writing [{data={transDate=2025-07-02, securityCode=000001, buyStatistics={transactionCount=1, totalUnits=100, (truncated)...]
2025-07-02 01:11:46 - Mapped to com.banking.controller.TransactionController#getTransactionsByAccount(String)
2025-07-02 01:11:46 - Using 'application/json', given [*/*] and supported [application/json, application/*+json]
2025-07-02 01:11:46 - Writing [{data=[], success=true, message=获取账户交易成功}]
2025-07-02 01:11:46 - Using 'application/json', given [*/*] and supported [application/json, application/*+json]
2025-07-02 01:11:46 - Writing [{data=[com.banking.dto.TransactionResponse@540faf4d], success=true, message=获取账户交易成功}]
2025-07-02 01:11:46 - Mapped to com.banking.controller.TransactionController#getSecurityStatistics(String, String)
2025-07-02 01:11:46 - Using 'application/json', given [*/*] and supported [application/json, application/*+json]
2025-07-02 01:11:46 - Writing [{data={transDate=2025-07-02, securityCode=000001, buyStatistics={transactionCount=1, totalUnits=100, (truncated)...]
2025-07-02 01:11:46 - Mapped to com.banking.controller.TransactionController#getTransactionsByAccount(String)
2025-07-02 01:11:46 - Mapped to com.banking.controller.TransactionController#getSecurityStatistics(String, String)
2025-07-02 01:11:46 - Mapped to com.banking.controller.TransactionController#getSecurityStatistics(String, String)
2025-07-02 01:11:46 - Using 'application/json', given [*/*] and supported [application/json, application/*+json]
2025-07-02 01:11:46 - Writing [{data=[com.banking.dto.TransactionResponse@4440f175], success=true, message=获取账户交易成功}]
2025-07-02 01:11:46 - Using 'application/json', given [*/*] and supported [application/json, application/*+json]
2025-07-02 01:11:46 - Using 'application/json', given [*/*] and supported [application/json, application/*+json]
2025-07-02 01:11:46 - Writing [{data={transDate=2025-07-02, securityCode=000001, buyStatistics={transactionCount=1, totalUnits=100, (truncated)...]
2025-07-02 01:11:46 - Writing [{data={transDate=2025-07-02, securityCode=000001, buyStatistics={transactionCount=1, totalUnits=100, (truncated)...]
2025-07-02 01:11:46 - Mapped to com.banking.controller.TransactionController#getTransactionsByAccount(String)
2025-07-02 01:11:46 - Mapped to com.banking.controller.TransactionController#getTransactionsByAccount(String)
2025-07-02 01:11:46 - Using 'application/json', given [*/*] and supported [application/json, application/*+json]
2025-07-02 01:11:46 - Using 'application/json', given [*/*] and supported [application/json, application/*+json]
2025-07-02 01:11:46 - Writing [{data=[com.banking.dto.TransactionResponse@5f71d5c9], success=true, message=获取账户交易成功}]
2025-07-02 01:11:46 - Writing [{data=[com.banking.dto.TransactionResponse@3a41d647], success=true, message=获取账户交易成功}]
2025-07-02 01:11:46 - Mapped to com.banking.controller.TransactionController#getSecurityStatistics(String, String)
2025-07-02 01:11:46 - Using 'application/json', given [*/*] and supported [application/json, application/*+json]
2025-07-02 01:11:46 - Writing [{data={transDate=2025-07-02, securityCode=000001, buyStatistics={transactionCount=1, totalUnits=100, (truncated)...]
2025-07-02 01:11:46 - Mapped to com.banking.controller.TransactionController#getTransactionsByAccount(String)
2025-07-02 01:11:46 - Using 'application/json', given [*/*] and supported [application/json, application/*+json]
2025-07-02 01:11:46 - Writing [{data=[com.banking.dto.TransactionResponse@8b296f6], success=true, message=获取账户交易成功}]
=== 混合操作测试结果 ===
并发用户数: 100
总耗时: 3301ms
========================
]]></system-out>
  </testcase>
</testsuite>